-16.000000000000 -16.966676038326 -17.55077895 -9.2233 -9.2233 -11.1558 22.7248 6.7247 5.0000 1.0000E8 -5.07073226 22.7248 6.7247 0.0000 0.0000 0.0000 0.0000 1.0000 0.0100 0.1080 0.0000 1.0000 -17.0124 1.000000000000E-16 1.0000E-7 0 0
-15.880000000000 -16.862727528318 -17.07733247 -9.2233 -9.2233 -11.0358 22.7248 6.8447 5.0000 1.0000E8 -5.07073226 22.7248 6.8447 0.0000 0.0000 0.0000 0.0000 1.0000 0.0100 0.1041 0.0000 1.0000 -16.9085 1.318256738556E-16 1.0000E-7 3 3
-15.760000000000 -16.742727528318 -16.95733247 -9.2233 -9.2233 -10.9158 22.7248 6.9647 5.0000 1.0000E8 -5.07073226 22.7248 6.9647 0.0000 0.0000 0.0000 0.0000 1.0000 0.0100 0.1041 0.0000 1.0000 -16.7885 1.737800828749E-16 1.0000E-7 3 6
-15.640000000000 -16.622727528318 -16.83733247 -9.2233 -9.2233 -10.7958 22.7248 7.0847 5.0000 1.0000E8 -5.07073226 22.7248 7.0847 0.0000 0.0000 0.0000 0.0000 1.0000 0.0100 0.1041 0.0000 1.0000 -16.6685 2.290867652768E-16 1.0000E-7 3 9
-15.520000000000 -16.502727528318 -16.71733247 -9.2233 -9.2233 -10.6758 22.7248 7.2047 5.0000 1.0000E8 -5.07073226 22.7248 7.2047 0.0000 0.0000 0.0000 0.0000 1.0000 0.0100 0.1041 0.0000 1.0000 -16.5485 3.019951720402E-16 1.0000E-7 3 12
-15.400000000000 -16.382727528318 -16.59733247 -9.2233 -9.2233 -10.5558 22.7248 7.3247 5.0000 1.0000E8 -5.07073226 22.7248 7.3247 0.0000 0.0000 0.0000 0.0000 1.0000 0.0100 0.1041 0.0000 1.0000 -16.4285 3.981071705535E-16 1.0000E-7 3 15
-15.280000000000 -16.262727528318 -16.47733247 -9.2233 -9.2233 -10.4358 22.7248 7.4447 5.0000 1.0000E8 -5.07073226 22.7248 7.4447 0.0000 0.0000 0.0000 0.0000 1.0000 0.0100 0.1041 0.0000 1.0000 -16.3085 5.248074602498E-16 1.0000E-7 3 18
-15.160000000000 -16.142727528318 -16.35733247 -9.2233 -9.2233 -10.3158 22.7248 7.5647 5.0000 1.0000E8 -5.07073226 22.7248 7.5647 0.0000 0.0000 0.0000 0.0000 1.0000 0.0100 0.1041 0.0000 1.0000 -16.1885 6.918309709189E-16 1.0000E-7 3 21
-15.040000000000 -16.022727528318 -16.23733247 -9.2233 -9.2233 -10.1958 22.7248 7.6847 5.0000 1.0000E8 -5.07073226 22.7248 7.6847 0.0000 0.0000 0.0000 0.0000 1.0000 0.0100 0.1041 0.0000 1.0000 -16.0685 9.120108393559E-16 1.0000E-7 3 24
-14.920000000000 -15.902727528318 -16.11733247 -9.2233 -9.2233 -10.0758 22.7248 7.8048 5.0000 1.0000E8 -5.07073226 22.7248 7.8048 0.0000 0.0000 0.0000 0.0000 1.0000 0.0100 0.1041 0.0000 1.0000 -15.9485 1.202264434617E-15 1.0000E-7 3 27
-14.800000000000 -15.782727528318 -15.99733247 -9.2233 -9.2233 -9.9558 22.7248 7.9248 5.0000 1.0000E8 -5.07073226 22.7248 7.9248 0.0000 0.0000 0.0000 0.0000 1.0000 0.0100 0.1041 0.0000 1.0000 -15.8285 1.584893192461E-15 1.0000E-7 3 30
-14.680000000000 -15.662727528318 -15.87733247 -9.2233 -9.2233 -9.8358 22.7248 8.0448 5.0000 1.0000E8 -5.07073226 22.7248 8.0448 0.0000 0.0000 0.0000 0.0000 1.0000 0.0100 0.1041 0.0000 1.0000 -15.7085 2.089296130854E-15 1.0000E-7 3 33
-14.560000000000 -15.542727528318 -15.75733247 -9.2233 -9.2233 -9.7158 22.7248 8.1648 5.0000 1.0000E8 -5.07073226 22.7248 8.1648 0.0000 0.0000 0.0000 0.0000 1.0000 0.0100 0.1041 0.0000 1.0000 -15.5885 2.754228703338E-15 1.0000E-7 3 36
-14.440000000000 -15.422727528318 -15.63733247 -9.2233 -9.2233 -9.5958 22.7248 8.2848 5.0000 1.0000E8 -5.07073226 22.7248 8.2848 0.0000 0.0000 0.0000 0.0000 1.0000 0.0100 0.1041 0.0000 1.0000 -15.4685 3.630780547701E-15 1.0000E-7 3 39
-14.320000000000 -15.302727528318 -15.51733247 -9.2233 -9.2233 -9.4758 22.7248 8.4048 5.0000 1.0000E8 -5.07073226 22.7248 8.4048 0.0000 0.0000 0.0000 0.0000 1.0000 0.0100 0.1041 0.0000 1.0000 -15.3485 4.786300923226E-15 1.0000E-7 3 42
-14.200000000000 -15.182727528318 -15.39733247 -9.2233 -9.2233 -9.3558 22.7248 8.5248 5.0000 1.0000E8 -5.07073226 22.7248 8.5248 0.0000 0.0000 0.0000 0.0000 1.0000 0.0100 0.1041 0.0000 1.0000 -15.2285 6.309573444802E-15 1.0000E-7 3 45
-14.080000000000 -15.062727528318 -15.27733247 -9.2233 -9.2233 -9.2358 22.7248 8.6448 5.0000 1.0000E8 -5.07073226 22.7248 8.6448 0.0000 0.0000 0.0000 0.0000 1.0000 0.0100 0.1041 0.0000 1.0000 -15.1085 8.317637711026E-15 1.0000E-7 3 48
-13.960000000000 -14.942727528318 -15.15733247 -9.2233 -9.2233 -9.1158 22.7248 8.7648 5.0000 1.0000E8 -5.07073226 22.7248 8.7648 0.0000 0.0000 0.0000 0.0000 1.0000 0.0100 0.1041 0.0000 1.0000 -14.9885 1.096478196143E-14 1.0000E-7 3 51
-13.840000000000 -14.822727528318 -15.03733247 -9.2233 -9.2233 -8.9958 22.7248 8.8848 5.0000 1.0000E8 -5.07073226 22.7248 8.8848 0.0000 0.0000 0.0000 0.0000 1.0000 0.0100 0.1041 0.0000 1.0000 -14.8685 1.445439770746E-14 1.0000E-7 3 54
-13.720000000000 -14.702727528318 -14.91733247 -9.2233 -9.2233 -8.8758 22.7248 9.0048 5.0000 1.0000E8 -5.07073226 22.7248 9.0048 0.0000 0.0000 0.0000 0.0000 1.0000 0.0100 0.1041 0.0000 1.0000 -14.7485 1.905460717963E-14 1.0000E-7 3 57
-13.600000000000 -14.582727528318 -14.79733247 -9.2233 -9.2233 -8.7558 22.7248 9.1248 5.0000 1.0000E8 -5.07073226 22.7248 9.1248 0.0000 0.0000 0.0000 0.0000 1.0000 0.0100 0.1041 0.0000 1.0000 -14.6285 2.511886431509E-14 1.0000E-7 3 60
-13.480000000000 -14.462727528318 -14.67733247 -9.2233 -9.2233 -8.6358 22.7248 9.2448 5.0000 1.0000E8 -5.07073226 22.7248 9.2448 0.0000 0.0000 0.0000 0.0000 1.0000 0.0100 0.1041 0.0000 1.0000 -14.5085 3.311311214826E-14 1.0000E-7 3 63
-13.360000000000 -14.342727528318 -14.55733247 -9.2233 -9.2233 -8.5158 22.7248 9.3648 5.0000 1.0000E8 -5.07073226 22.7248 9.3648 0.0000 0.0000 0.0000 0.0000 1.0000 0.0100 0.1041 0.0000 1.0000 -14.3885 4.365158322401E-14 1.0000E-7 3 66
-13.240000000000 -14.222727528318 -14.43733247 -9.2233 -9.2233 -8.3958 22.7248 9.4848 5.0000 1.0000E8 -5.07073226 22.7248 9.4848 0.0000 0.0000 0.0000 0.0000 1.0000 0.0100 0.1041 0.0000 1.0000 -14.2685 5.754399373371E-14 1.0000E-7 3 69
-13.120000000000 -14.102727528318 -14.31733247 -9.2233 -9.2233 -8.2758 22.7248 9.6048 5.0000 1.0000E8 -5.07073226 22.7248 9.6048 0.0000 0.0000 0.0000 0.0000 1.0000 0.0100 0.1041 0.0000 1.0000 -14.1485 7.585775750292E-14 1.0000E-7 3 72
-13.000000000000 -13.982727528318 -14.19733247 -9.2233 -9.2233 -8.1558 22.7248 9.7248 5.0000 1.0000E8 -5.07073226 22.7248 9.7248 0.0000 0.0000 0.0000 0.0000 1.0000 0.0100 0.1041 0.0000 1.0000 -14.0285 10.000000000000E-14 1.0000E-7 3 75
-12.880000000000 -13.862727528318 -14.07733247 -9.2233 -9.2233 -8.0358 22.7248 9.8448 5.0000 1.0000E8 -5.07073226 22.7248 9.8448 0.0000 0.0000 0.0000 0.0000 1.0000 0.0100 0.1041 0.0000 1.0000 -13.9085 1.318256738556E-13 1.0000E-7 3 78
-12.760000000000 -13.742727528318 -13.95733247 -9.2233 -9.2233 -7.9158 22.7248 9.9648 5.0000 1.0000E8 -5.07073226 22.7248 9.9648 0.0000 0.0000 0.0000 0.0000 1.0000 0.0100 0.1041 0.0000 1.0000 -13.7885 1.737800828749E-13 1.0000E-7 3 81
-12.640000000000 -13.622727528318 -13.83733247 -9.2233 -9.2233 -7.7958 22.7248 10.0848 5.0000 1.0000E8 -5.07073226 22.7248 10.0848 0.0000 0.0000 0.0000 0.0000 1.0000 0.0100 0.1041 0.0000 1.0000 -13.6685 2.290867652768E-13 1.0000E-7 3 84
-12.520000000000 -13.502727528318 -13.71733247 -9.2233 -9.2233 -7.6758 22.7248 10.2048 5.0000 1.0000E8 -5.07073226 22.7248 10.2048 0.0000 0.0000 0.0000 0.0000 1.0000 0.0100 0.1041 0.0000 1.0000 -13.5485 3.019951720402E-13 1.0000E-7 3 87
-12.400000000000 -13.382727528318 -13.59733247 -9.2233 -9.2233 -7.5558 22.7248 10.3248 5.0000 1.0000E8 -5.07073226 22.7248 10.3248 0.0000 0.0000 0.0000 0.0000 1.0000 0.0100 0.1041 0.0000 1.0000 -13.4285 3.981071705535E-13 1.0000E-7 3 90
-12.280000000000 -13.262727528318 -13.47733247 -9.2233 -9.2233 -7.4358 22.7247 10.4448 5.0000 1.0000E8 -5.07073226 22.7247 10.4448 0.0000 0.0000 0.0000 0.0000 1.0000 0.0100 0.1041 0.0000 1.0000 -13.3085 5.248074602497E-13 1.0000E-7 3 93
-12.160000000000 -13.142727528318 -13.35733247 -9.2233 -9.2233 -7.3158 22.7247 10.5648 5.0000 1.0000E8 -5.07073226 22.7247 10.5648 0.0000 0.0000 0.0000 0.0000 1.0000 0.0100 0.1041 0.0000 1.0000 -13.1885 6.918309709189E-13 1.0000E-7 3 96
-12.040000000000 -13.022727528318 -13.23733247 -9.2233 -9.2233 -7.1958 22.7247 10.6847 5.0000 1.0000E8 -5.07073226 22.7247 10.6847 0.0000 0.0000 0.0000 0.0000 1.0000 0.0100 0.1041 0.0000 1.0000 -13.0685 9.120108393559E-13 1.0000E-7 3 99
-11.920000000000 -12.902727528318 -13.11733247 -9.2233 -9.2233 -7.0758 22.7247 10.8047 5.0000 1.0000E8 -5.07073226 22.7247 10.8047 0.0000 0.0000 0.0000 0.0000 1.0000 0.0100 0.1041 0.0000 1.0000 -12.9485 1.202264434617E-12 1.0000E-7 3 102
-11.800000000000 -12.782727528318 -12.99733247 -9.2233 -9.2233 -6.9558 22.7247 10.9247 5.0000 1.0000E8 -5.07073226 22.7247 10.9247 0.0000 0.0000 0.0000 0.0000 1.0000 0.0100 0.1041 0.0000 1.0000 -12.8285 1.584893192461E-12 1.0000E-7 3 105
-11.680000000000 -12.662727528318 -12.87733247 -9.2233 -9.2233 -6.8358 22.7247 11.0447 5.0000 1.0000E8 -5.07073226 22.7247 11.0447 0.0000 0.0000 0.0000 0.0000 1.0000 0.0100 0.1041 0.0000 1.0000 -12.7085 2.089296130854E-12 1.0000E-7 3 108
-11.560000000000 -12.542727528318 -12.75733247 -9.2233 -9.2233 -6.7158 22.7247 11.1647 5.0000 1.0000E8 -5.07073226 22.7247 11.1647 0.0000 0.0000 0.0000 0.0000 1.0000 0.0100 0.1041 0.0000 1.0000 -12.5885 2.754228703338E-12 1.0000E-7 3 111
-11.440000000000 -12.422727528318 -12.63733247 -9.2233 -9.2233 -6.5958 22.7247 11.2847 5.0000 1.0000E8 -5.07073226 22.7247 11.2847 0.0000 0.0000 0.0000 0.0000 1.0000 0.0100 0.1041 0.0000 1.0000 -12.4685 3.630780547701E-12 1.0000E-7 3 114
-11.320000000000 -12.302727528318 -12.51733247 -9.2233 -9.2233 -6.4758 22.7247 11.4047 5.0000 1.0000E8 -5.07073226 22.7247 11.4047 0.0000 0.0000 0.0000 0.0000 1.0000 0.0100 0.1041 0.0000 1.0000 -12.3485 4.786300923226E-12 1.0000E-7 3 117
-11.200000000000 -12.182727528318 -12.39733247 -9.2233 -9.2233 -6.3558 22.7247 11.5247 5.0000 1.0000E8 -5.07073226 22.7247 11.5247 0.0000 0.0000 0.0000 0.0000 1.0000 0.0100 0.1041 0.0000 1.0000 -12.2285 6.309573444801E-12 1.0000E-7 3 120
-11.080000000000 -12.062727528318 -12.27733247 -9.2233 -9.2233 -6.2358 22.7247 11.6447 5.0000 1.0000E8 -5.07073226 22.7247 11.6447 0.0000 0.0000 0.0000 0.0000 1.0000 0.0100 0.1041 0.0000 1.0000 -12.1085 8.317637711026E-12 1.0000E-7 3 123
-10.960000000000 -11.942727528318 -12.15733247 -9.2233 -9.2233 -6.1158 22.7246 11.7647 5.0000 1.0000E8 -5.07073226 22.7246 11.7647 0.0000 0.0000 0.0000 0.0000 1.0000 0.0100 0.1041 0.0000 1.0000 -11.9885 1.096478196143E-11 1.0000E-7 3 126
-10.840000000000 -11.822727528318 -12.03733247 -9.2233 -9.2233 -5.9958 22.7246 11.8847 5.0000 1.0000E8 -5.07073226 22.7246 11.8847 0.0000 0.0000 0.0000 0.0000 1.0000 0.0100 0.1040 0.0000 1.0000 -11.8685 1.445439770746E-11 1.0000E-7 3 129
-10.720000000000 -11.702727528318 -11.91733247 -9.2233 -9.2233 -5.8758 22.7246 12.0047 5.0000 1.0000E8 -5.07073226 22.7246 12.0047 0.0000 0.0000 0.0000 0.0000 1.0000 0.0100 0.1040 0.0000 1.0000 -11.7485 1.905460717963E-11 1.0000E-7 3 132
-10.600000000000 -11.582727528318 -11.79733247 -9.2233 -9.2233 -5.7558 22.7245 12.1246 5.0000 1.0000E8 -5.07073226 22.7245 12.1246 0.0000 0.0000 0.0000 0.0000 1.0000 0.0100 0.1040 0.0000 1.0000 -11.6285 2.511886431509E-11 1.0000E-7 3 135
-10.480000000000 -11.462727528318 -11.67733247 -9.2233 -9.2233 -5.6358 22.7244 12.2446 5.0000 1.0000E8 -5.07073226 22.7244 12.2446 0.0000 0.0000 0.0000 0.0000 1.0000 0.0100 0.1040 0.0000 1.0000 -11.5085 3.311311214826E-11 1.0000E-7 3 138
-10.360000000000 -11.342727528318 -11.55733247 -9.2233 -9.2233 -5.5159 22.7243 12.3645 5.0000 1.0000E8 -5.07073226 22.7243 12.3645 0.0000 0.0000 0.0000 0.0000 1.0000 0.0100 0.1040 0.0000 1.0000 -11.3885 4.365158322401E-11 1.0000E-7 3 141
-10.240000000000 -11.222727528318 -11.43733247 -9.2233 -9.2233 -5.3959 22.7242 12.4845 5.0000 1.0000E8 -5.07073226 22.7242 12.4845 0.0000 0.0000 0.0000 0.0000 1.0000 0.0100 0.1040 0.0000 1.0000 -11.2685 5.754399373371E-11 1.0000E-7 3 144
-10.120000000000 -11.102727528318 -11.31733247 -9.2233 -9.2233 -5.2759 22.7240 12.6044 5.0000 1.0000E8 -5.07073226 22.7240 12.6044 0.0000 0.0000 0.0000 0.0000 1.0000 0.0100 0.1040 0.0000 1.0000 -11.1485 7.585775750291E-11 1.0000E-7 3 147
-10.000000000000 -10.982727528318 -11.19733247 -9.2233 -9.2233 -5.1560 22.7238 12.7243 5.0000 1.0000E8 -5.07073226 22.7238 12.7243 0.0000 0.0000 0.0000 0.0000 1.0000 0.0100 0.1040 0.0000 1.0000 -11.0285 9.999999999999E-11 1.0000E-7 3 150
-9.880000000000 -10.862727528318 -11.07733247 -9.2233 -9.2233 -5.0361 22.7235 12.8441 5.0000 1.0000E8 -5.07073226 22.7235 12.8441 0.0000 0.0000 0.0000 0.0000 1.0000 0.0100 0.1040 0.0000 1.0000 -10.9085 1.318256738556E-10 1.0000E-7 3 153
-9.760000000000 -10.742727528318 -10.95733247 -9.2233 -9.2233 -4.9162 22.7231 12.9639 5.0000 1.0000E8 -5.07073226 22.7231 12.9639 0.0000 0.0000 0.0000 0.0000 1.0000 0.0100 0.1040 0.0000 1.0000 -10.7885 1.737800828749E-10 1.0000E-7 3 156
-9.640000000000 -10.622727528318 -10.83733247 -9.2233 -9.2233 -4.7963 22.7225 13.0836 5.0000 1.0000E8 -5.07073226 22.7225 13.0836 0.0000 0.0000 0.0000 0.0000 1.0000 0.0100 0.1039 0.0000 1.0000 -10.6685 2.290867652768E-10 1.0000E-7 3 159
-9.520000000000 -10.502727528318 -10.71733247 -9.2233 -9.2233 -4.6764 22.7218 13.2033 5.0000 1.0000E8 -5.07073226 22.7218 13.2033 0.0000 0.0000 0.0000 0.0000 1.0000 0.0100 0.1039 0.0000 1.0000 -10.5485 3.019951720402E-10 1.0000E-7 3 162
-9.400000000000 -10.382727528318 -10.59733247 -9.2233 -9.2233 -4.5567 22.7209 13.3228 5.0000 1.0000E8 -5.07073226 22.7209 13.3228 0.0000 0.0000 0.0000 0.0000 1.0000 0.0100 0.1039 0.0000 1.0000 -10.4285 3.981071705535E-10 1.0000E-7 3 165
-9.280000000000 -10.262727528318 -10.47733247 -9.2233 -9.2233 -4.4369 22.7196 13.4421 5.0000 1.0000E8 -5.07073226 22.7196 13.4421 0.0000 0.0000 0.0000 0.0000 1.0000 0.0100 0.1038 0.0000 1.0000 -10.3085 5.248074602497E-10 1.0000E-7 3 168
-9.160000000000 -10.142727528318 -10.35733247 -9.2233 -9.2233 -4.3173 22.7180 13.5613 5.0000 1.0000E8 -5.07073226 22.7180 13.5613 0.0000 0.0000 0.0000 0.0000 1.0000 0.0100 0.1037 0.0000 1.0000 -10.1885 6.918309709189E-10 1.0000E-7 3 171
-9.040000000000 -10.022727528318 -10.23733247 -9.2233 -9.2233 -4.1978 22.7158 13.6802 5.0000 1.0000E8 -5.07073226 22.7158 13.6802 0.0000 0.0000 0.0000 0.0000 1.0000 0.0100 0.1036 0.0000 1.0000 -10.0685 9.120108393558E-10 1.0000E-7 3 174
-8.920000000000 -9.902727528318 -10.11733247 -9.2233 -9.2233 -4.0784 22.7129 13.7988 5.0000 1.0000E8 -5.07073226 22.7129 13.7988 0.0000 0.0000 0.0000 0.0000 1.0000 0.0100 0.1034 0.0000 1.0000 -9.9485 1.202264434617E-9 1.0000E-7 3 177
-8.800000000000 -9.782727528318 -9.99733247 -9.2233 -9.2233 -3.9593 22.7091 13.9169 5.0000 1.0000E8 -5.07073226 22.7091 13.9169 0.0000 0.0000 0.0000 0.0000 1.0000 0.0100 0.1033 0.0000 1.0000 -9.8285 1.584893192461E-9 1.0000E-7 3 180
-8.680000000000 -9.662727528318 -9.87733247 -9.2233 -9.2233 -3.8404 22.7041 14.0343 5.0000 1.0000E8 -5.07073226 22.7041 14.0343 0.0000 0.0000 0.0000 0.0000 1.0000 0.0100 0.1030 0.0000 1.0000 -9.7085 2.089296130854E-9 1.0000E-7 3 183
-8.560000000000 -9.542727528318 -9.75733247 -9.2233 -9.2233 -3.7218 22.6974 14.1510 5.0000 1.0000E8 -5.07073226 22.6974 14.1510 0.0000 0.0000 0.0000 0.0000 1.0000 0.0100 0.1027 0.0000 1.0000 -9.5885 2.754228703338E-9 1.0000E-7 3 186
-8.440000000000 -9.422727528318 -9.63733247 -9.2233 -9.2233 -3.6038 22.6884 14.2666 5.0000 1.0000E8 -5.07073226 22.6884 14.2666 0.0000 0.0000 0.0000 0.0000 1.0000 0.0100 0.1022 0.0000 1.0000 -9.4685 3.630780547701E-9 1.0000E-7 3 189
-8.320000000000 -9.302727528318 -9.51733247 -9.2233 -9.2233 -3.4863 22.6765 14.3807 5.0000 1.0000E8 -5.07073226 22.6765 14.3807 0.0000 0.0000 0.0000 0.0000 1.0000 0.0100 0.1016 0.0000 1.0000 -9.3485 4.786300923226E-9 1.0000E-7 3 192
-8.200000000000 -9.182727528318 -9.39733247 -9.2233 -9.2233 -3.3696 22.6605 14.4929 5.0000 1.0000E8 -5.07073226 22.6605 14.4929 0.0000 0.0000 0.0000 0.0000 1.0000 0.0100 0.1009 0.0000 1.0000 -9.2285 6.309573444801E-9 1.0000E-7 3 195
-8.080000000000 -9.062727528318 -9.27733247 -9.2233 -9.2233 -3.2540 22.6387 14.6026 5.0000 1.0000E8 -5.07073226 22.6387 14.6026 0.0000 0.0000 0.0000 0.0000 1.0000 0.0100 0.0999 0.0000 1.0000 -9.1085 8.317637711026E-9 1.0000E-7 3 198
-7.960000000000 -8.942727528318 -9.15733247 -9.2233 -9.2233 -3.1398 22.6090 14.7087 5.0000 1.0000E8 -5.07073226 22.6090 14.7087 0.0000 0.0000 0.0000 0.0000 1.0000 0.0100 0.0985 0.0000 1.0000 -8.9885 1.096478196143E-8 1.0000E-7 3 201
-7.840000000000 -8.822727528318 -9.03733247 -9.2233 -9.2233 -3.0274 22.5678 14.8102 5.0000 1.0000E8 -5.07073226 22.5678 14.8102 0.0000 0.0000 0.0000 0.0000 1.0000 0.0100 0.0968 0.0000 1.0000 -8.8685 1.445439770746E-8 1.0000E-7 3 204
-7.720000000000 -8.702727528318 -8.91733247 -9.2233 -9.2233 -2.9173 22.5092 14.9051 5.0000 1.0000E8 -5.07073226 22.5092 14.9051 0.0000 0.0000 0.5000 0.0000 1.0000 0.0100 0.0946 0.0000 1.0000 -8.7485 1.905460717963E-8 1.0000E-7 3 207
-7.600000000000 -8.582727528318 -8.79733247 -9.2233 -9.2233 -2.8103 22.4227 14.9910 5.0000 1.0000E8 -5.07073226 22.4227 14.9910 0.0000 0.0000 0.5000 0.0000 1.0000 0.0100 0.0916 0.0000 1.0000 -8.6285 2.511886431509E-8 1.0000E-7 3 210
-7.480000000000 -8.462727528318 -8.67733247 -9.2233 -9.2233 -2.7072 22.2854 15.0639 5.0000 1.0000E8 -5.07073226 22.2854 15.0639 0.0000 0.0000 0.0000 0.0000 1.0000 0.0100 0.0879 0.0000 1.0000 -8.5085 3.311311214826E-8 1.0000E-7 3 213
-7.360000000000 -8.342727528318 -8.55733247 -9.2233 -9.2233 -2.6093 22.0284 15.1172 5.0000 1.0000E8 -5.15090218 22.0284 15.1172 0.0000 0.0000 0.0000 0.0000 1.0000 0.0100 0.0830 0.0000 1.0000 -8.3885 4.365158322401E-8 1.0000E-7 3 216
-7.240000000000 -8.222727528318 -8.43733247 -9.2233 -9.2233 -2.5177 20.8126 15.1393 5.0000 1.0000E8 -5.24412921 20.8126 15.1393 0.0000 0.0000 0.0000 0.0000 1.0000 0.0100 0.0769 0.0000 1.0000 -8.2685 5.754399373371E-8 1.0000E-7 3 219
-7.120000000000 -8.102727528318 -8.31733247 -9.2233 -9.2233 -2.4343 22.0225 15.1043 5.0000 1.0000E8 -5.32970393 22.0225 15.1043 0.0000 0.0000 0.0000 0.0000 1.0000 0.0100 0.0022 0.0000 1.0000 -8.1485 7.585775750291E-8 1.0000E-7 3 222
-7.000000000000 -7.982727528318 -8.19733247 -9.2233 -9.2233 -2.3606 22.3482 14.9303 5.0000 1.0000E8 -5.40588263 22.3482 14.9303 0.0000 0.0000 0.0000 0.0000 1.0000 0.0100 0.0033 0.0000 1.0000 -8.0285 9.999999999999E-8 1.0000E-7 3 225
-6.880000000000 -7.862727528318 -8.07733247 -9.2233 -9.2233 -2.2985 22.5278 13.8575 5.0000 1.0000E8 -5.47089721 22.5278 13.8575 0.0000 0.0000 0.0000 0.0000 1.0000 0.0100 0.0049 0.0000 1.0000 -7.9085 1.318256738556E-7 1.0000E-7 3 228
-6.760000000000 -7.742727528318 -7.95733247 -9.2233 -9.2233 -2.2492 22.6393 15.2392 5.0000 1.0000E8 -5.52329226 22.6393 15.2392 0.0000 0.0000 0.0000 0.0000 1.0000 0.0100 0.0072 0.0000 1.0000 -7.7885 1.737800828749E-7 1.0000E-7 3 231
-6.640000000000 -7.622727528318 -7.83733247 -9.2233 -9.2233 -2.2131 22.7055 15.6424 5.0000 1.0000E8 -5.56247251 22.7055 15.6424 0.0000 0.0000 0.0000 0.0000 1.0000 0.0100 0.0102 0.0000 1.0000 -7.6685 2.290867652768E-7 1.0000E-7 3 234
-6.520000000000 -7.502727528318 -7.71733247 -9.2233 -9.2233 -2.1887 22.7367 15.9174 5.0000 1.0000E8 -5.58936546 22.7367 15.9174 0.0000 0.0000 0.0000 0.0000 1.0000 0.0100 0.0142 0.0000 1.0000 -7.5485 3.019951720402E-7 1.0000E-7 3 237
-6.400000000000 -7.382727528318 -7.59733247 -9.2233 -9.2233 -2.1728 22.7406 16.1322 5.0000 1.0000E8 -5.60682750 22.7406 16.1322 0.0000 0.0000 0.0000 0.0000 1.0000 0.0100 0.0192 0.0000 1.0000 -7.4285 3.981071705535E-7 1.0000E-7 3 240
-6.280000000000 -7.292704904559 -7.47733247 -9.2233 -9.2233 -2.1608 22.7241 16.3096 5.0000 1.0000E8 -5.61922576 22.7241 16.3096 0.0000 0.0000 0.0000 0.0000 1.0000 0.0100 0.0239 0.0000 1.0000 -7.3385 5.248074602497E-7 1.0000E-7 3 243
-6.160000000000 -7.253567545903 -8.09954344 -9.2233 -9.2233 -2.1485 22.6849 16.4607 5.0000 1.0000E8 -5.63368243 22.6849 16.4607 0.0000 0.0000 0.0000 0.0000 1.0000 0.0100 0.0258 0.0000 1.0000 -7.2993 6.918309709189E-7 1.0000E-7 4 247
-6.040000000000 -7.215585616325 -7.32302910 -9.2233 -9.2233 -2.1324 22.6454 16.5919 5.0000 1.0000E8 -5.64676593 22.6454 16.5919 0.0000 0.0000 0.0000 0.0000 1.0000 0.0100 0.0286 0.0000 1.0000 -7.2613 9.120108393558E-7 1.0000E-7 4 251
-5.920000000000 -7.150049590169 -7.53700909 -9.2233 -9.2233 -2.1102 22.5766 16.7067 5.0000 1.0000E8 -5.67022449 22.5766 16.7067 0.0000 0.0000 0.0000 0.0000 1.0000 0.0100 0.0328 0.0000 1.0000 -7.1958 1.202264434617E-6 1.0000E-7 5 256
-5.800000000000 -7.078823972787 -7.10145694 -9.2233 -9.2233 -2.0788 22.5005 16.8065 5.0000 1.0000E8 -5.69723195 22.5005 16.8065 0.0000 0.0000 0.0000 0.0000 1.0000 0.0100 0.0391 0.0000 1.0000 -7.1246 1.584893192461E-6 1.0000E-7 5 261
-5.680000000000 -6.957871679356 -7.54667657 -9.2233 -9.2233 -2.0340 22.3674 16.8907 5.0000 1.0000E8 -5.74609955 22.3674 16.8907 0.0000 0.0000 0.0000 0.0000 1.0000 0.0100 0.0492 0.0000 1.0000 -7.0036 2.089296130854E-6 1.0000E-7 6 267
-5.560000000000 -6.809460903216 -7.50468608 -9.2233 -9.2233 -1.9703 22.1942 16.9582 5.0000 1.0000E8 -5.80932295 22.1942 16.9582 0.0000 0.0000 0.0000 0.0000 1.0000 0.0100 0.0661 0.0000 1.0000 -6.8552 2.754228703338E-6 1.0000E-7 6 273
-5.440000000000 -6.636352579033 -6.81774802 -9.2233 -9.2233 -1.8816 21.9627 17.0067 5.0000 1.0000E8 -5.88544487 21.9627 17.0067 0.0000 0.0000 0.0000 0.0000 1.0000 0.0100 0.0947 0.0000 1.0000 -6.6781 3.630780547701E-6 1.0000E-7 5 278
-5.320000000000 -6.460047005672 -6.50874938 -9.2233 -9.2233 -1.7662 21.5399 17.0337 5.0000 1.0000E8 -5.98623471 21.5399 17.0337 0.0000 0.0000 0.0000 0.0000 1.0000 0.0100 0.1229 0.0000 1.0000 -6.4307 4.786300923226E-6 1.0000E-7 4 282
-5.200000000000 -6.277017043429 -6.62995878 -9.2233 -9.2233 -1.6339 20.9254 17.0381 5.0000 1.0000E8 -6.13046143 20.9254 17.0381 0.0000 0.0000 0.0000 0.0000 1.0000 0.0100 0.0932 0.0000 1.0000 -6.2164 6.309573444801E-6 1.0000E-7 4 286
-5.080000000000 -6.682169666140 -7.10593606 -9.2233 -9.2233 -1.5087 21.2965 17.0254 5.0000 1.0000E8 -6.27004001 21.2965 17.0254 0.0000 0.0000 0.0000 0.0000 1.0000 0.0100 0.0244 0.0000 1.0000 -6.0958 8.317637711026E-6 1.0000E-7 14 300
-4.960000000000 -7.087322288852 -7.45961123 -9.2233 -9.2233 -1.3997 21.2509 17.0029 5.0000 1.0000E8 -6.38196003 21.2509 17.0029 0.0000 0.0000 0.5000 0.0000 1.0000 0.0100 0.0060 0.0000 1.0009 -6.0033 1.096478196143E-5 1.0000E-7 14 314
-4.840000000000 -6.943385024835 -7.53971825 -9.2233 -9.2233 -1.3032 21.2905 16.9718 5.0000 1.0000E8 -6.47883584 21.2905 16.9718 0.0000 0.0000 0.5000 0.0000 1.0000 0.0100 0.0060 0.0000 1.0013 -5.9545 1.445439770746E-5 1.0000E-7 26 340
-4.720000000000 -7.204600383529 -7.25126101 -9.2233 -9.2233 -1.2160 21.2275 16.9308 5.0000 1.0000E8 -6.56584548 21.2275 16.9308 0.0000 0.0000 0.5000 0.0000 1.0000 0.0100 0.0022 0.0000 1.0016 -5.8758 1.905460717963E-5 1.0000E-7 40 380
-4.600000000000 -7.459150949889 -7.62103454 -9.2233 -9.2233 -1.1360 21.1515 16.8779 5.0000 1.0000E8 -6.64647700 21.1515 16.8779 0.0000 0.0000 0.5000 0.0000 1.0000 0.0100 8.6321E-4 0.0000 1.0019 -5.7944 2.511886431509E-5 1.0000E-7 63 443
-4.480000000000 -6.974916874942 -7.66463173 -9.2233 -9.2233 -1.0617 21.1147 16.8086 5.0000 1.0000E8 -6.72089491 21.1147 16.8086 0.0000 0.0000 0.5000 0.0000 1.0000 0.0100 0.0019 0.0000 1.0021 -5.7325 3.311311214826E-5 1.0000E-7 102 545
-4.360000000000 -7.065535800280 -7.41056759 -9.2233 -9.2233 -0.9919 21.0429 16.7144 5.0000 1.0000E8 -6.79061878 21.0429 16.7144 0.0000 0.0000 0.5000 0.0000 1.0000 0.0100 0.0011 0.0000 1.0022 -5.6554 4.365158322401E-5 1.0000E-7 158 703
-4.240000000000 -6.861615405250 -7.54428836 -9.2233 -9.2233 -0.9262 20.9655 16.5782 5.0000 1.0000E8 -6.85638101 20.9655 16.5782 0.3333 0.0000 0.5000 0.0000 1.0000 0.0100 0.0013 0.0000 1.0024 -5.5742 5.754399373371E-5 1.0000E-7 233 936
-4.120000000000 -7.029523671256 -7.78151453 -9.2233 -9.2233 -0.8647 20.8791 16.3545 5.0000 1.0000E8 -6.91799242 20.8791 16.3545 0.0000 0.0000 0.5000 0.0000 1.0000 0.0100 6.1013E-4 0.0000 1.0025 -5.4854 7.585775750291E-5 1.0000E-7 362 1298
-4.000000000000 -7.189871089145 -7.71118581 -9.2233 -9.2233 -0.8078 20.7786 15.8050 5.0000 1.0000E8 -6.97490109 20.7786 15.8050 0.0000 0.0000 0.5000 0.0000 1.0000 0.0100 2.9232E-4 0.0000 1.0026 -5.3831 9.999999999999E-5 1.0000E-7 545 1843
