-8.920000 -9.90273 -5.071 -7.034 -5.071 -7.034 -7.034 -7.034 
-8.800000 -9.78273 -5.071 -7.034 -5.071 -7.034 -7.034 -7.034 
-8.680000 -9.66273 -5.071 -7.034 -5.071 -7.034 -7.034 -7.034 
-8.560000 -9.54273 -5.071 -7.034 -5.071 -7.034 -7.034 -7.034 
-8.440000 -9.42273 -5.071 -7.034 -5.071 -7.034 -7.034 -7.034 
-8.320000 -9.30273 -5.071 -7.033 -5.071 -7.033 -7.033 -7.033 
-8.200000 -9.18273 -5.071 -7.033 -5.071 -7.033 -7.033 -7.033 
-8.080000 -9.06273 -5.071 -7.033 -5.071 -7.033 -7.033 -7.033 
-7.960000 -8.94273 -5.071 -7.032 -5.071 -7.032 -7.032 -7.032 
-7.840000 -8.82273 -5.071 -7.032 -5.071 -7.032 -7.032 -7.032 
-7.720000 -8.70273 -5.071 -7.031 -5.071 -7.031 -7.031 -7.031 
-7.600000 -8.58273 -5.071 -7.030 -5.071 -7.030 -7.030 -7.030 
-7.480000 -8.46273 -5.071 -7.028 -5.071 -7.028 -7.028 -7.028 
-7.360000 -8.34273 -5.071 -7.026 -5.151 -7.026 -7.026 -7.026 
-7.240000 -8.22273 -5.071 -7.024 -5.244 -7.024 -7.024 -7.024 
-7.120000 -8.10273 -5.071 -7.020 -5.330 -7.020 -7.020 -7.020 
-7.000000 -7.98273 -5.071 -7.016 -5.406 -7.016 -7.016 -7.016 
-6.880000 -7.86273 -5.071 -7.010 -5.471 -7.010 -7.010 -7.010 
-6.760000 -7.74273 -5.071 -7.002 -5.523 -7.002 -7.002 -7.002 
-6.640000 -7.62273 -5.071 -6.991 -5.562 -6.991 -6.991 -6.991 
-6.520000 -7.50273 -5.071 -6.978 -5.589 -6.978 -6.978 -6.978 
-6.400000 -7.38273 -5.071 -6.959 -5.607 -6.959 -6.959 -6.959 
-6.280000 -7.29270 -5.071 -6.935 -5.619 -6.935 -6.935 -6.935 
-6.160000 -7.25357 -5.071 -6.897 -5.634 -6.897 -6.897 -6.897 
-6.040000 -7.21559 -5.071 -6.860 -5.647 -6.860 -6.860 -6.860 
-5.920000 -7.15005 -5.071 -6.800 -5.670 -6.800 -6.800 -6.800 
-5.800000 -7.07882 -5.071 -6.736 -5.697 -6.736 -6.736 -6.736 
-5.680000 -6.95787 -5.071 -6.636 -5.746 -6.636 -6.636 -6.636 
-5.560000 -6.80946 -5.071 -6.531 -5.809 -6.531 -6.531 -6.531 
-5.440000 -6.63635 -5.071 -6.443 -5.885 -6.443 -6.443 -6.443 
-5.320000 -6.46005 -5.071 -6.384 -5.986 -6.384 -6.384 -6.384 
-5.200000 -6.27702 -5.071 -6.383 -6.130 -6.383 -6.383 -6.383 
-5.080000 -6.68217 -5.071 -6.433 -6.270 -6.433 -6.433 -6.433 
-4.960000 -7.08732 -5.071 -6.496 -6.382 -6.496 -6.496 -6.496 
-4.840000 -6.94339 -5.071 -6.564 -6.479 -6.564 -6.564 -6.564 
-4.720000 -7.20460 -5.071 -6.632 -6.566 -6.632 -6.632 -6.632 
-4.600000 -7.45915 -5.071 -6.700 -6.646 -6.700 -6.700 -6.700 
-4.480000 -6.97492 -5.071 -6.766 -6.721 -6.766 -6.766 -6.766 
-4.360000 -7.06554 -5.072 -6.830 -6.791 -6.830 -6.830 -6.830 
-4.240000 -6.86162 -5.072 -6.892 -6.856 -6.892 25.000 -6.892 
-4.120000 -7.02952 -5.072 -6.950 -6.918 -6.950 -6.950 -6.950 
-4.000000 -7.18987 -5.073 -7.005 -6.975 -7.005 -7.005 -7.005 
