-8.920000 -9.90273 1.4723E-5 0.0014 
-8.800000 -9.78273 1.9409E-5 0.0018 
-8.680000 -9.66273 2.5586E-5 0.0024 
-8.560000 -9.54273 3.3729E-5 0.0031 
-8.440000 -9.42273 4.4464E-5 0.0041 
-8.320000 -9.30273 5.8615E-5 0.0054 
-8.200000 -9.18273 7.7270E-5 0.0071 
-8.080000 -9.06273 1.0186E-4 0.0093 
-7.960000 -8.94273 1.3428E-4 0.0123 
-7.840000 -8.82273 1.7702E-4 0.0162 
-7.720000 -8.70273 2.3336E-4 0.0213 
-7.600000 -8.58273 3.0763E-4 0.0280 
-7.480000 -8.46273 4.0554E-4 0.0368 
-7.360000 -8.34273 5.3461E-4 0.0482 
-7.240000 -8.22273 7.0476E-4 0.0632 
-7.120000 -8.10273 9.2908E-4 0.0827 
-7.000000 -7.98273 0.0012 0.1079 
-6.880000 -7.86273 0.0016 0.1403 
-6.760000 -7.74273 0.0021 0.1816 
-6.640000 -7.62273 0.0028 0.2337 
-6.520000 -7.50273 0.0037 0.2984 
-6.400000 -7.38273 0.0049 0.3772 
-6.280000 -7.29270 0.0060 0.4391 
-6.160000 -7.25357 0.0066 0.4395 
-6.040000 -7.21559 0.0072 0.4414 
-5.920000 -7.15005 0.0083 0.4463 
-5.800000 -7.07882 0.0098 0.4541 
-5.680000 -6.95787 0.0130 0.4761 
-5.560000 -6.80946 0.0183 0.5272 
-5.440000 -6.63635 0.0272 0.6408 
-5.320000 -6.46005 0.0408 0.8399 
-5.200000 -6.27702 0.0622 1.2772 
-5.080000 -6.68217 0.0245 0.5640 
-4.960000 -7.08732 0.0096 0.2565 
-4.840000 -6.94339 0.0134 0.4178 
-4.720000 -7.20460 0.0074 0.2678 
-4.600000 -7.45915 0.0041 0.1743 
-4.480000 -6.97492 0.0125 0.6186 
-4.360000 -7.06554 0.0101 0.5815 
-4.240000 -6.86162 0.0162 1.0713 
-4.120000 -7.02952 0.0110 0.8328 
-4.000000 -7.18987 0.0076 0.6530 
