-16.000000000000 -17.09914 6.7247 22.7248 5.00000 8.0000 0.5000 1.0000 -5.3058E22 -5305311.1761 6.9853E-12 1.0000 0.0000 0.0000 6.9853E-12
-15.880000000000 -17.00181 6.8447 22.7248 5.00000 8.0000 0.5000 1.0000 -5.3058E22 -6993931.0674 9.2086E-12 1.0000 0.0000 0.0000 9.2086E-12
-15.760000000000 -16.89213 6.9647 22.7248 5.00000 8.0000 0.5000 1.0000 -5.3058E22 -9219965.6162 1.2139E-11 1.0000 0.0000 0.0000 1.2139E-11
-15.640000000000 -16.77453 7.0847 22.7248 5.00000 8.0000 0.5000 1.0000 -5.3058E22 -1.2154E7 1.6003E-11 1.0000 0.0000 0.0000 1.6003E-11
-15.520000000000 -16.65453 7.2047 22.7248 5.00000 8.0000 0.5000 1.0000 -5.3058E22 -1.6023E7 2.1097E-11 1.0000 0.0000 0.0000 2.1097E-11
-15.400000000000 -16.53453 7.3247 22.7248 5.00000 8.0000 0.5000 1.0000 -5.3058E22 -2.1122E7 2.7811E-11 1.0000 0.0000 0.0000 2.7811E-11
-15.280000000000 -16.41453 7.4447 22.7248 5.00000 8.0000 0.5000 1.0000 -5.3058E22 -2.7845E7 3.6662E-11 1.0000 0.0000 0.0000 3.6662E-11
-15.160000000000 -16.29453 7.5647 22.7248 5.00000 8.0000 0.5000 1.0000 -5.3058E22 -3.6707E7 4.8330E-11 1.0000 0.0000 0.0000 4.8330E-11
-15.040000000000 -16.17453 7.6847 22.7248 5.00000 8.0000 0.5000 1.0000 -5.3058E22 -4.8389E7 6.3712E-11 1.0000 0.0000 0.0000 6.3712E-11
-14.920000000000 -16.05453 7.8048 22.7248 5.00000 8.0000 0.5000 1.0000 -5.3058E22 -6.3790E7 8.3989E-11 1.0000 0.0000 0.0000 8.3989E-11
-14.800000000000 -15.93453 7.9248 22.7248 5.00000 8.0000 0.5000 1.0000 -5.3058E22 -8.4091E7 1.1072E-10 1.0000 0.0000 0.0000 1.1072E-10
-14.680000000000 -15.81453 8.0448 22.7248 5.00000 8.0000 0.5000 1.0000 -5.3058E22 -1.1085E8 1.4596E-10 1.0000 0.0000 0.0000 1.4596E-10
-14.560000000000 -15.69453 8.1648 22.7248 5.00000 8.0000 0.5000 1.0000 -5.3058E22 -1.4613E8 1.9241E-10 1.0000 0.0000 0.0000 1.9241E-10
-14.440000000000 -15.57453 8.2848 22.7248 5.00000 8.0000 0.5000 1.0000 -5.3058E22 -1.9264E8 2.5364E-10 1.0000 0.0000 0.0000 2.5364E-10
-14.320000000000 -15.45453 8.4048 22.7248 5.00000 8.0000 0.5000 1.0000 -5.3058E22 -2.5395E8 3.3437E-10 1.0000 0.0000 0.0000 3.3437E-10
-14.200000000000 -15.33453 8.5248 22.7248 5.00000 8.0000 0.5000 1.0000 -5.3058E22 -3.3478E8 4.4078E-10 1.0000 0.0000 0.0000 4.4078E-10
-14.080000000000 -15.21453 8.6448 22.7248 5.00000 8.0000 0.5000 1.0000 -5.3058E22 -4.4132E8 5.8107E-10 1.0000 0.0000 0.0000 5.8107E-10
-13.960000000000 -15.09453 8.7648 22.7248 5.00000 8.0000 0.5000 1.0000 -5.3058E22 -5.8177E8 7.6599E-10 1.0000 0.0000 0.0000 7.6599E-10
-13.840000000000 -14.97453 8.8848 22.7248 5.00000 8.0000 0.5000 1.0000 -5.3058E22 -7.6693E8 1.0098E-9 1.0000 0.0000 0.0000 1.0098E-9
-13.720000000000 -14.85453 9.0048 22.7248 5.00000 8.0000 0.5000 1.0000 -5.3058E22 -1.0110E9 1.3311E-9 1.0000 0.0000 0.0000 1.3311E-9
-13.600000000000 -14.73453 9.1248 22.7248 5.00000 8.0000 0.5000 1.0000 -5.3058E22 -1.3328E9 1.7548E-9 1.0000 0.0000 0.0000 1.7548E-9
-13.480000000000 -14.61453 9.2448 22.7248 5.00000 8.0000 0.5000 1.0000 -5.3058E22 -1.7569E9 2.3133E-9 1.0000 0.0000 0.0000 2.3133E-9
-13.360000000000 -14.49453 9.3648 22.7248 5.00000 8.0000 0.5000 1.0000 -5.3058E22 -2.3161E9 3.0495E-9 1.0000 0.0000 0.0000 3.0495E-9
-13.240000000000 -14.37453 9.4848 22.7248 5.00000 8.0000 0.5000 1.0000 -5.3058E22 -3.0532E9 4.0200E-9 1.0000 0.0000 0.0000 4.0200E-9
-13.120000000000 -14.25453 9.6048 22.7248 5.00000 8.0000 0.5000 1.0000 -5.3058E22 -4.0249E9 5.2994E-9 1.0000 0.0000 0.0000 5.2994E-9
-13.000000000000 -14.13453 9.7248 22.7248 5.00000 8.0000 0.5000 1.0000 -5.3058E22 -5.3058E9 6.9860E-9 1.0000 0.0000 0.0000 6.9860E-9
-12.880000000000 -14.01453 9.8448 22.7248 5.00000 8.0000 0.5000 1.0000 -5.3058E22 -6.9945E9 9.2093E-9 1.0000 0.0000 0.0000 9.2093E-9
-12.760000000000 -13.89453 9.9648 22.7248 5.00000 8.0000 0.5000 1.0000 -5.3058E22 -9.2205E9 1.2140E-8 1.0000 0.0000 0.0000 1.2140E-8
-12.640000000000 -13.77453 10.0848 22.7248 5.00000 8.0000 0.5000 1.0000 -5.3058E22 -1.2155E10 1.6004E-8 1.0000 0.0000 0.0000 1.6004E-8
-12.520000000000 -13.65453 10.2048 22.7248 5.00000 8.0000 0.5000 1.0000 -5.3058E22 -1.6023E10 2.1097E-8 1.0000 0.0000 0.0000 2.1097E-8
-12.400000000000 -13.53453 10.3248 22.7248 5.00000 8.0000 0.5000 1.0000 -5.3058E22 -2.1123E10 2.7812E-8 1.0000 0.0000 0.0000 2.7812E-8
-12.280000000000 -13.41453 10.4448 22.7247 5.00000 8.0000 0.5000 1.0000 -5.3058E22 -2.7845E10 3.6663E-8 1.0000 0.0000 0.0000 3.6663E-8
-12.160000000000 -13.29453 10.5648 22.7247 5.00000 8.0000 0.5000 1.0000 -5.3058E22 -3.6707E10 4.8331E-8 1.0000 0.0000 0.0000 4.8331E-8
-12.040000000000 -13.17453 10.6847 22.7247 5.00000 8.0000 0.5000 1.0000 -5.3057E22 -4.8389E10 6.3712E-8 1.0000 0.0000 0.0000 6.3712E-8
-11.920000000000 -13.05453 10.8047 22.7247 5.00000 8.0000 0.5000 1.0000 -5.3057E22 -6.3789E10 8.3989E-8 1.0000 0.0000 0.0000 8.3989E-8
-11.800000000000 -12.93453 10.9247 22.7247 5.00000 8.0000 0.5000 1.0000 -5.3057E22 -8.4090E10 1.1072E-7 1.0000 0.0000 0.0000 1.1072E-7
-11.680000000000 -12.81453 11.0447 22.7247 5.00000 8.0000 0.5000 1.0000 -5.3056E22 -1.1085E11 1.4596E-7 1.0000 0.0000 0.0000 1.4596E-7
-11.560000000000 -12.69453 11.1647 22.7247 5.00000 8.0000 0.5000 1.0000 -5.3055E22 -1.4613E11 1.9241E-7 1.0000 0.0000 0.0000 1.9241E-7
-11.440000000000 -12.57453 11.2847 22.7247 5.00000 8.0000 0.5000 1.0000 -5.3054E22 -1.9264E11 2.5364E-7 1.0000 0.0000 0.0000 2.5364E-7
-11.320000000000 -12.45453 11.4047 22.7247 5.00000 8.0000 0.5000 1.0000 -5.3053E22 -2.5394E11 3.3436E-7 1.0000 0.0000 0.0000 3.3436E-7
-11.200000000000 -12.33453 11.5247 22.7247 5.00000 8.0000 0.5000 1.0000 -5.3051E22 -3.3475E11 4.4077E-7 1.0000 0.0000 0.0000 4.4077E-7
-11.080000000000 -12.21453 11.6447 22.7247 5.00000 8.0000 0.5000 1.0000 -5.3048E22 -4.4128E11 5.8104E-7 1.0000 0.0000 0.0000 5.8104E-7
-10.960000000000 -12.09453 11.7647 22.7246 5.00000 8.0000 0.5000 1.0000 -5.3045E22 -5.8170E11 7.6595E-7 1.0000 0.0000 0.0000 7.6595E-7
-10.840000000000 -11.97453 11.8847 22.7246 5.00000 8.0000 0.5000 1.0000 -5.3041E22 -7.6680E11 1.0097E-6 1.0000 0.0000 0.0000 1.0097E-6
-10.720000000000 -11.85453 12.0047 22.7246 5.00000 8.0000 0.5000 1.0000 -5.3036E22 -1.0108E12 1.3310E-6 1.0000 0.0000 0.0000 1.3310E-6
-10.600000000000 -11.73453 12.1246 22.7245 5.00000 8.0000 0.5000 1.0000 -5.3028E22 -1.3324E12 1.7546E-6 1.0000 0.0000 0.0000 1.7546E-6
-10.480000000000 -11.61453 12.2446 22.7244 5.00000 8.0000 0.5000 1.0000 -5.3019E22 -1.7563E12 2.3129E-6 1.0000 0.0000 0.0000 2.3129E-6
-10.360000000000 -11.49453 12.3645 22.7243 5.00000 8.0000 0.5000 1.0000 -5.3006E22 -2.3149E12 3.0488E-6 1.0000 0.0000 0.0000 3.0488E-6
-10.240000000000 -11.37453 12.4845 22.7242 5.00000 8.0000 0.5000 1.0000 -5.2990E22 -3.0512E12 4.0188E-6 1.0000 0.0000 0.0000 4.0188E-6
-10.120000000000 -11.25453 12.6044 22.7240 5.00000 8.0000 0.5000 1.0000 -5.2968E22 -4.0214E12 5.2973E-6 1.0000 0.0000 0.0000 5.2973E-6
-10.000000000000 -11.13453 12.7243 22.7238 5.00000 8.0000 0.5000 1.0000 -5.2939E22 -5.2998E12 6.9824E-6 1.0000 0.0000 0.0000 6.9824E-6
-9.880000000000 -11.01453 12.8441 22.7235 5.00000 8.0000 0.5000 1.0000 -5.2901E22 -6.9839E12 9.2031E-6 1.0000 0.0000 0.0000 9.2031E-6
-9.760000000000 -10.89453 12.9639 22.7231 5.00000 8.0000 0.5000 1.0000 -5.2851E22 -9.2022E12 1.2129E-5 1.0000 0.0000 0.0000 1.2129E-5
-9.640000000000 -10.77453 13.0836 22.7225 5.00000 8.0000 0.5000 1.0000 -5.2786E22 -1.2123E13 1.5985E-5 1.0000 0.0000 0.0000 1.5985E-5
-9.520000000000 -10.65453 13.2033 22.7218 5.00000 8.0000 0.5000 1.0000 -5.2699E22 -1.5968E13 2.1065E-5 1.0000 0.0000 0.0000 2.1065E-5
-9.400000000000 -10.53453 13.3228 22.7209 5.00000 8.0000 0.5000 1.0000 -5.2585E22 -2.1027E13 2.7755E-5 1.0000 0.0000 0.0000 2.7755E-5
-9.280000000000 -10.41453 13.4421 22.7196 5.00000 8.0000 0.5000 1.0000 -5.2434E22 -2.7679E13 3.6565E-5 1.0000 0.0000 0.0000 3.6565E-5
-9.160000000000 -10.29453 13.5613 22.7180 5.00000 8.0000 0.5000 1.0000 -5.2236E22 -3.6418E13 4.8162E-5 1.0000 0.0000 0.0000 4.8162E-5
-9.040000000000 -10.17453 13.6802 22.7158 5.00000 8.0000 0.5000 1.0000 -5.1976E22 -4.7887E13 6.3418E-5 0.9999 0.0000 0.0000 6.3418E-5
-8.920000000000 -10.05453 13.7988 22.7129 5.00000 8.0000 0.5000 1.0000 -5.1633E22 -6.2917E13 8.3479E-5 0.9999 0.0000 0.0000 8.3479E-5
-8.800000000000 -9.93453 13.9169 22.7091 5.00000 8.0000 0.5000 1.0000 -5.1183E22 -8.2575E13 1.0983E-4 0.9999 0.0000 0.0000 1.0983E-4
-8.680000000000 -9.81453 14.0343 22.7041 5.00000 8.0000 0.5000 1.0000 -5.0592E22 -1.0822E14 1.4442E-4 0.9999 0.0000 0.0000 1.4442E-4
-8.560000000000 -9.69453 14.1510 22.6974 5.00000 8.0000 0.5000 1.0000 -4.9817E22 -1.4157E14 1.8974E-4 0.9998 0.0000 0.0000 1.8974E-4
-8.440000000000 -9.57453 14.2666 22.6884 5.00000 8.0000 0.5000 1.0000 -4.8803E22 -1.8474E14 2.4902E-4 0.9998 0.0000 0.0000 2.4902E-4
-8.320000000000 -9.45453 14.3807 22.6765 5.00000 8.0000 0.5000 1.0000 -4.7479E22 -2.4027E14 3.2636E-4 0.9997 0.0000 0.0000 3.2636E-4
-8.200000000000 -9.33453 14.4929 22.6605 5.00000 8.0000 0.5000 1.0000 -4.5757E22 -3.1111E14 4.2694E-4 0.9996 0.0000 0.0000 4.2694E-4
-8.080000000000 -9.21453 14.6026 22.6387 5.00000 8.0000 0.5000 1.0000 -4.3525E22 -4.0045E14 5.5715E-4 0.9994 0.0000 0.0000 5.5715E-4
-7.960000000000 -9.09453 14.7087 22.6090 5.00000 8.0000 0.5000 1.0000 -4.0647E22 -5.1135E14 7.2478E-4 0.9993 0.0000 0.0000 7.2478E-4
-7.840000000000 -8.97453 14.8102 22.5678 5.00000 8.0000 0.5000 1.0000 -3.6966E22 -6.4591E14 9.3893E-4 0.9991 0.0000 0.0000 9.3893E-4
-7.720000000000 -8.85453 14.9051 22.5092 5.00000 8.0000 0.5000 1.0000 -3.2301E22 -8.0378E14 0.0012 0.9988 0.0000 0.0000 0.0012
-7.600000000000 -8.73453 14.9910 22.4227 5.00000 8.0000 0.5000 1.0000 -2.6466E22 -9.7954E14 0.0015 0.9985 0.0000 0.0000 0.0015
-7.480000000000 -8.61453 15.0639 22.2854 5.00000 8.0000 0.5000 1.0000 -1.9292E22 -1.1584E15 0.0020 0.9980 0.0000 0.0000 0.0020
-7.360000000000 -8.49453 15.1172 22.0284 5.00000 8.0000 0.5000 1.0000 -1.0677E22 -1.3098E15 0.0025 0.9975 0.0000 0.0000 0.0025
-7.240000000000 -8.37453 15.1393 20.8126 5.00000 8.0000 0.5000 1.0000 -6.4950E20 -1.3781E15 0.0030 0.9970 0.0000 0.0000 0.0030
-7.120000000000 -8.25453 15.1043 22.0225 5.00000 8.0000 0.5000 1.0000 1.0533E22 -1.2716E15 0.0037 0.9963 0.0000 0.0000 0.0037
-7.000000000000 -8.13453 14.9303 22.3482 5.00000 8.0000 0.5000 1.0000 2.2297E22 -8.5176E14 0.0044 0.9956 0.0000 0.0000 0.0044
-6.880000000000 -8.01453 13.8575 22.5278 5.00000 8.0000 0.5000 1.0000 3.3711E22 7.2020E13 0.0050 0.9950 0.0000 0.0000 0.0050
-6.760000000000 -7.89453 15.2392 22.6393 5.00000 8.0000 0.5000 1.0000 4.3583E22 1.7346E15 0.0056 0.9944 0.0000 0.0000 0.0056
-6.640000000000 -7.77453 15.6424 22.7055 5.00000 8.0000 0.5000 1.0000 5.0755E22 4.3890E15 0.0061 0.9939 0.0000 0.0000 0.0061
-6.520000000000 -7.65453 15.9174 22.7367 5.00000 8.0000 0.5000 1.0000 5.4538E22 8.2684E15 0.0065 0.9935 0.0000 0.0000 0.0065
-6.400000000000 -7.53453 16.1322 22.7406 5.00000 8.0000 0.5000 1.0000 5.5030E22 1.3558E16 0.0067 0.9933 0.0000 0.0000 0.0067
-6.280000000000 -7.41453 16.3096 22.7241 5.00000 8.0000 0.5000 1.0000 5.2982E22 2.0397E16 0.0069 0.9931 0.0000 0.0000 0.0069
-6.160000000000 -7.29679 16.4607 22.6849 5.00000 8.0000 0.5000 1.0000 4.8403E22 2.8888E16 0.0071 0.9929 0.0000 0.0000 0.0071
-6.040000000000 -7.25184 16.5919 22.6454 5.00000 8.0000 0.5000 1.0000 4.4203E22 3.9079E16 0.0074 0.9926 0.0000 0.0000 0.0074
-5.920000000000 -7.19333 16.7067 22.5766 5.00000 8.0000 0.5000 1.0000 3.7718E22 5.0901E16 0.0078 0.9922 0.0000 0.0000 0.0078
-5.800000000000 -7.12853 16.8065 22.5005 5.00000 8.0000 0.5000 1.0000 3.1658E22 6.4041E16 0.0083 0.9917 0.0000 0.0000 0.0083
-5.680000000000 -7.02136 16.8907 22.3674 5.00000 8.0000 0.5000 1.0000 2.3304E22 7.7751E16 0.0092 0.9908 0.0000 0.0000 0.0092
-5.560000000000 -6.89712 16.9582 22.1942 5.00000 8.0000 0.5000 1.0000 1.5638E22 9.0827E16 0.0107 0.9893 0.0000 0.0000 0.0107
-5.440000000000 -6.76034 17.0067 21.9627 5.00000 8.0000 0.5000 1.0000 9.1765E21 1.0156E17 0.0131 0.9869 0.0000 0.0000 0.0131
-5.320000000000 -6.60510 17.0337 21.5399 5.00000 8.0000 0.5000 1.0000 3.4663E21 1.0808E17 0.0171 0.9829 0.0000 0.0000 0.0171
-5.200000000000 -6.42442 17.0381 20.9254 5.00000 8.0000 0.5000 1.0000 -8.4212E20 1.0917E17 0.0232 0.9768 0.0000 0.0000 0.0232
-5.080000000000 -6.81463 17.0254 21.2965 5.00000 8.0000 0.5000 1.0000 -1.9791E21 1.0602E17 0.0310 0.9690 0.0000 0.0000 0.0310
-4.960000000000 -7.21979 17.0029 21.2509 5.00000 8.0000 0.5000 1.0009 -1.7821E21 1.0068E17 0.0398 0.9610 0.0000 0.0000 0.0398
-4.840000000000 -7.07585 16.9718 21.2905 5.00000 8.0000 0.5000 1.0013 -1.9520E21 9.3705E16 0.0497 0.9515 0.0000 0.0000 0.0497
-4.720000000000 -7.33706 16.9308 21.2275 5.00000 8.0000 0.5000 1.0016 -1.6884E21 8.5269E16 0.0608 0.9408 0.0000 0.0000 0.0608
-4.600000000000 -7.17332 16.8779 21.1515 5.00000 8.0000 0.5000 1.0019 -1.4176E21 7.5483E16 0.0731 0.9288 0.0000 0.0000 0.0731
-4.480000000000 -7.10738 16.8086 21.1147 5.00000 8.0000 0.5000 1.0021 -1.3024E21 6.4355E16 0.0868 0.9153 0.0000 0.0000 0.0868
-4.360000000000 -7.19800 16.7144 21.0429 5.00000 8.0000 0.5000 1.0022 -1.1039E21 5.1811E16 0.1019 0.9004 0.0000 0.0000 0.1019
-4.240000000000 -6.99408 16.5782 20.9655 5.00000 8.0000 0.5000 1.0024 -9.2353E20 3.7865E16 0.1185 0.8839 0.0000 0.0000 0.1185
-4.120000000000 -7.16199 16.3545 20.8791 5.00000 8.0000 0.5000 1.0025 -7.5701E20 2.2620E16 0.1366 0.8659 0.0000 0.0000 0.1366
-4.000000000000 -7.32233 15.8050 20.7786 5.00000 8.0000 0.5000 1.0026 -6.0056E20 6.3831E15 0.1557 0.8469 0.0000 0.0000 0.1557
