#   Steps     t    equilRatio    isoY[0]     isoY[1]  isoY[2]    isoYeq[0]  isoYeq[1]    isoYeq[2]
gnu:  270 1.0709e-09 1.9272e-01 4.7204e-02 7.6034e-03 1.8624e-03 4.6144e-02 6.5699e-03 2.5469e-03
gnu:  271 1.1780e-09 1.8303e-01 4.7738e-02 8.0881e-03 2.1096e-03 4.6692e-02 7.0662e-03 2.7718e-03
gnu:  272 1.2958e-09 1.7448e-01 4.8271e-02 8.5756e-03 2.3725e-03 4.7246e-02 7.5738e-03 3.0062e-03
gnu:  273 1.4254e-09 1.6697e-01 4.8809e-02 9.0624e-03 2.6492e-03 4.7810e-02 8.0888e-03 3.2490e-03
gnu:  274 1.5679e-09 1.6039e-01 4.9348e-02 9.5453e-03 2.9369e-03 4.8382e-02 8.6072e-03 3.4985e-03
gnu:  275 1.7247e-09 1.5463e-01 4.9885e-02 1.0021e-02 3.2329e-03 4.8958e-02 9.1248e-03 3.7531e-03
gnu:  276 1.8972e-09 1.4961e-01 5.0423e-02 1.0486e-02 3.5340e-03 4.9536e-02 9.6369e-03 4.0105e-03
gnu:  277 2.0869e-09 1.4525e-01 5.0959e-02 1.0936e-02 3.8370e-03 5.0117e-02 1.0139e-02 4.2689e-03
gnu:  278 2.2956e-09 1.4146e-01 5.1493e-02 1.1370e-02 4.1387e-03 5.0698e-02 1.0627e-02 4.5262e-03
gnu:  279 2.5252e-09 1.3819e-01 5.2023e-02 1.1784e-02 4.4362e-03 5.1275e-02 1.1096e-02 4.7800e-03
gnu:  280 2.7777e-09 1.3535e-01 5.2547e-02 1.2175e-02 4.7266e-03 5.1848e-02 1.1544e-02 5.0286e-03
gnu:  281 3.0555e-09 1.3290e-01 5.3064e-02 1.2542e-02 5.0076e-03 5.2413e-02 1.1968e-02 5.2699e-03
gnu:  282 3.3610e-09 1.3079e-01 5.3573e-02 1.2884e-02 5.2772e-03 5.2969e-02 1.2365e-02 5.5025e-03
gnu:  283 3.6971e-09 1.2898e-01 5.4070e-02 1.3199e-02 5.5336e-03 5.3512e-02 1.2734e-02 5.7249e-03
gnu:  284 4.0668e-09 1.2741e-01 5.4554e-02 1.3489e-02 5.7754e-03 5.4041e-02 1.3075e-02 5.9360e-03
gnu:  285 4.4735e-09 1.2607e-01 5.5023e-02 1.3752e-02 6.0018e-03 5.4553e-02 1.3386e-02 6.1347e-03
gnu:  286 4.9209e-09 1.2506e-01 5.5455e-02 1.3969e-02 6.1942e-03 5.5020e-02 1.3643e-02 6.3061e-03
gnu:  287 5.4130e-09 1.2407e-01 5.5856e-02 1.4162e-02 6.3761e-03 5.5468e-02 1.3873e-02 6.4646e-03
gnu:  288 5.9543e-09 1.2318e-01 5.6229e-02 1.4336e-02 6.5439e-03 5.5882e-02 1.4084e-02 6.6120e-03
gnu:  289 6.5497e-09 1.2241e-01 5.6577e-02 1.4487e-02 6.6958e-03 5.6268e-02 1.4272e-02 6.7466e-03
gnu:  290 7.2047e-09 1.2175e-01 5.6901e-02 1.4617e-02 6.8312e-03 5.6628e-02 1.4436e-02 6.8677e-03
gnu:  291 7.9251e-09 1.2120e-01 5.7201e-02 1.4727e-02 6.9502e-03 5.6961e-02 1.4576e-02 6.9753e-03
gnu:  292 8.7176e-09 1.2073e-01 5.7475e-02 1.4817e-02 7.0535e-03 5.7267e-02 1.4694e-02 7.0695e-03
gnu:  292 8.7176e-09 1.2073e-01 5.7475e-02 1.4817e-02 7.0535e-03 5.7412e-02 1.4754e-02 7.1163e-03
gnu:  293 9.5894e-09 1.2397e-01 5.7125e-02 1.4880e-02 6.8568e-03 5.6793e-02 1.4651e-02 6.9904e-03
gnu:  293 9.5894e-09 1.2397e-01 5.7125e-02 1.4880e-02 6.8568e-03 5.6948e-02 1.4703e-02 7.0342e-03
gnu:  294 1.0548e-08 1.2827e-01 5.7515e-02 1.5106e-02 6.7734e-03 5.7040e-02 1.4734e-02 7.0606e-03
gnu:  294 1.0548e-08 1.2827e-01 5.7515e-02 1.5106e-02 6.7734e-03 5.7188e-02 1.4779e-02 7.1004e-03
gnu:  295 1.1603e-08 1.3225e-01 5.7846e-02 1.5311e-02 6.6970e-03 5.7255e-02 1.4810e-02 7.1235e-03
gnu:  295 1.1603e-08 1.3225e-01 5.7846e-02 1.5311e-02 6.6970e-03 5.7385e-02 1.4849e-02 7.1589e-03
gnu:  296 1.2763e-08 1.3590e-01 5.8130e-02 1.5486e-02 6.6240e-03 5.7432e-02 1.4872e-02 7.1757e-03
gnu:  296 1.2763e-08 1.3590e-01 5.8130e-02 1.5486e-02 6.6240e-03 5.7548e-02 1.4904e-02 7.2057e-03
gnu:  297 1.4040e-08 1.3922e-01 5.8380e-02 1.5631e-02 6.5548e-03 5.7588e-02 1.4919e-02 7.2180e-03
gnu:  297 1.4040e-08 1.3922e-01 5.8380e-02 1.5631e-02 6.5548e-03 5.7692e-02 1.4943e-02 7.2428e-03
gnu:  298 1.5444e-08 1.4224e-01 5.8607e-02 1.5751e-02 6.4896e-03 5.7729e-02 1.4952e-02 7.2515e-03
gnu:  298 1.5444e-08 1.4224e-01 5.8607e-02 1.5751e-02 6.4896e-03 5.7825e-02 1.4969e-02 7.2717e-03
gnu:  299 1.6988e-08 1.4497e-01 5.8814e-02 1.5847e-02 6.4288e-03 5.7861e-02 1.4971e-02 7.2776e-03
gnu:  299 1.6988e-08 1.4497e-01 5.8814e-02 1.5847e-02 6.4288e-03 5.7949e-02 1.4982e-02 7.2937e-03
gnu:  300 1.8687e-08 1.4743e-01 5.9010e-02 1.5922e-02 6.3726e-03 5.7988e-02 1.4979e-02 7.2975e-03
gnu:  300 1.8687e-08 1.4743e-01 5.9010e-02 1.5922e-02 6.3726e-03 5.8072e-02 1.4984e-02 7.3103e-03
gnu:  301 2.0556e-08 1.4965e-01 5.9199e-02 1.5979e-02 6.3209e-03 5.8116e-02 1.4977e-02 7.3126e-03
gnu:  301 2.0556e-08 1.4965e-01 5.9199e-02 1.5979e-02 6.3209e-03 5.8197e-02 1.4977e-02 7.3226e-03
gnu:  302 2.2611e-08 1.5164e-01 5.9387e-02 1.6019e-02 6.2739e-03 5.8248e-02 1.4967e-02 7.3240e-03
gnu:  302 2.2611e-08 1.5164e-01 5.9387e-02 1.6019e-02 6.2739e-03 5.8329e-02 1.4962e-02 7.3317e-03
gnu:  303 2.4872e-08 1.5343e-01 5.9579e-02 1.6047e-02 6.2313e-03 5.8388e-02 1.4948e-02 7.3326e-03
gnu:  303 2.4872e-08 1.5343e-01 5.9579e-02 1.6047e-02 6.2313e-03 5.8472e-02 1.4939e-02 7.3386e-03
gnu:  304 2.7360e-08 1.5425e-01 5.9816e-02 1.6060e-02 6.2279e-03 5.8566e-02 1.4932e-02 7.3467e-03
gnu:  304 2.7360e-08 1.5425e-01 5.9816e-02 1.6060e-02 6.2279e-03 5.8684e-02 1.4928e-02 7.3599e-03
gnu:  305 3.0096e-08 1.5496e-01 6.0089e-02 1.6057e-02 6.2263e-03 5.8805e-02 1.4914e-02 7.3682e-03
gnu:  305 3.0096e-08 1.5496e-01 6.0089e-02 1.6057e-02 6.2263e-03 5.8936e-02 1.4904e-02 7.3793e-03
gnu:  306 3.3105e-08 1.5571e-01 6.0379e-02 1.6056e-02 6.2259e-03 5.9071e-02 1.4892e-02 7.3903e-03
gnu:  306 3.3105e-08 1.5571e-01 6.0379e-02 1.6056e-02 6.2259e-03 5.9204e-02 1.4881e-02 7.4014e-03
gnu:  307 3.6416e-08 1.5649e-01 6.0678e-02 1.6056e-02 6.2255e-03 5.9343e-02 1.4868e-02 7.4126e-03
gnu:  307 3.6416e-08 1.5649e-01 6.0678e-02 1.6056e-02 6.2255e-03 5.9480e-02 1.4857e-02 7.4241e-03
gnu:  308 4.0057e-08 1.5720e-01 6.0954e-02 1.6048e-02 6.2224e-03 5.9597e-02 1.4840e-02 7.4302e-03
gnu:  308 4.0057e-08 1.5720e-01 6.0954e-02 1.6048e-02 6.2224e-03 5.9734e-02 1.4829e-02 7.4417e-03
gnu:  309 4.4063e-08 1.5793e-01 6.1232e-02 1.6041e-02 6.2194e-03 5.9855e-02 1.4812e-02 7.4480e-03
gnu:  309 4.4063e-08 1.5793e-01 6.1232e-02 1.6041e-02 6.2194e-03 5.9992e-02 1.4800e-02 7.4595e-03
gnu:  310 4.8469e-08 1.5863e-01 6.1503e-02 1.6033e-02 6.2164e-03 6.0109e-02 1.4784e-02 7.4656e-03
gnu:  310 4.8469e-08 1.5863e-01 6.1503e-02 1.6033e-02 6.2164e-03 6.0243e-02 1.4773e-02 7.4767e-03
gnu:  311 5.3316e-08 1.5930e-01 6.1761e-02 1.6024e-02 6.2127e-03 6.0350e-02 1.4755e-02 7.4811e-03
gnu:  311 5.3316e-08 1.5930e-01 6.1761e-02 1.6024e-02 6.2127e-03 6.0482e-02 1.4745e-02 7.4920e-03
gnu:  312 5.8648e-08 1.5995e-01 6.2014e-02 1.6015e-02 6.2090e-03 6.0586e-02 1.4727e-02 7.4962e-03
gnu:  312 5.8648e-08 1.5995e-01 6.2014e-02 1.6015e-02 6.2090e-03 6.0716e-02 1.4717e-02 7.5069e-03
gnu:  313 6.4513e-08 1.6059e-01 6.2259e-02 1.6005e-02 6.2051e-03 6.0816e-02 1.4700e-02 7.5104e-03
gnu:  313 6.4513e-08 1.6059e-01 6.2259e-02 1.6005e-02 6.2051e-03 6.0943e-02 1.4689e-02 7.5208e-03
gnu:  314 6.5597e-08 1.5929e-01 6.2446e-02 1.5819e-02 6.2011e-03 6.1080e-02 1.4588e-02 7.4859e-03
gnu:  314 6.5597e-08 1.5929e-01 6.2446e-02 1.5819e-02 6.2011e-03 6.1172e-02 1.4545e-02 7.4749e-03
gnu:  315 6.7765e-08 1.5942e-01 6.2796e-02 1.5780e-02 6.2158e-03 6.1429e-02 1.4524e-02 7.4953e-03
gnu:  315 6.7765e-08 1.5942e-01 6.2796e-02 1.5780e-02 6.2158e-03 6.1517e-02 1.4501e-02 7.4946e-03
gnu:  316 7.2102e-08 1.5984e-01 6.3172e-02 1.5743e-02 6.2218e-03 6.1730e-02 1.4479e-02 7.5089e-03
gnu:  316 7.2102e-08 1.5984e-01 6.3172e-02 1.5743e-02 6.2218e-03 6.1881e-02 1.4452e-02 7.5130e-03
gnu:  317 7.9313e-08 1.6045e-01 6.3691e-02 1.5676e-02 6.2226e-03 6.2139e-02 1.4409e-02 7.5220e-03
gnu:  317 7.9313e-08 1.6045e-01 6.3691e-02 1.5676e-02 6.2226e-03 6.2383e-02 1.4368e-02 7.5303e-03
gnu:  318 8.7244e-08 1.6113e-01 6.4235e-02 1.5607e-02 6.2217e-03 6.2643e-02 1.4323e-02 7.5379e-03
gnu:  318 8.7244e-08 1.6113e-01 6.4235e-02 1.5607e-02 6.2217e-03 6.2909e-02 1.4281e-02 7.5476e-03
gnu:  319 9.5968e-08 1.6187e-01 6.4811e-02 1.5534e-02 6.2196e-03 6.3180e-02 1.4232e-02 7.5541e-03
gnu:  319 9.5968e-08 1.6187e-01 6.4811e-02 1.5534e-02 6.2196e-03 6.3466e-02 1.4189e-02 7.5652e-03
