#       Steps    t      equilRatio   isoY[0]   isoY[1]    isoY[2]   isoYeq[0]
gnuu:    307 1.0764e-09 1.9274e-01 4.7401e-02 7.6629e-03 1.8845e-03 4.6170e-02
gnuu:    308 1.1551e-09 1.8533e-01 4.7802e-02 8.0232e-03 2.0694e-03 4.6599e-02
gnuu:    309 1.2361e-09 1.7884e-01 4.8188e-02 8.3711e-03 2.2555e-03 4.7013e-02
gnuu:    310 1.3196e-09 1.7314e-01 4.8559e-02 8.7068e-03 2.4419e-03 4.7416e-02
gnuu:    311 1.4056e-09 1.6811e-01 4.8917e-02 9.0304e-03 2.6277e-03 4.7806e-02
gnuu:    312 1.4125e-09 1.6773e-01 4.8944e-02 9.0550e-03 2.6423e-03 4.8185e-02
gnuu:    313 1.5037e-09 1.6319e-01 4.9297e-02 9.3744e-03 2.8318e-03 4.8214e-02
gnuu:    314 1.5977e-09 1.5915e-01 4.9633e-02 9.6810e-03 3.0191e-03 4.8591e-02
gnuu:    315 1.6945e-09 1.5558e-01 4.9965e-02 9.9749e-03 3.2035e-03 4.8951e-02
gnuu:    316 1.7941e-09 1.5238e-01 5.0286e-02 1.0257e-02 3.3846e-03 4.9308e-02
gnuu:    317 1.8968e-09 1.4952e-01 5.0598e-02 1.0526e-02 3.5620e-03 4.9655e-02
gnuu:    318 1.9953e-09 1.4712e-01 5.0879e-02 1.0767e-02 3.7235e-03 4.9993e-02
gnuu:    319 2.1042e-09 1.4479e-01 5.1175e-02 1.1015e-02 3.8931e-03 5.0299e-02
gnuu:    320 2.2164e-09 1.4269e-01 5.1462e-02 1.1252e-02 4.0583e-03 5.0620e-02
gnuu:    321 2.3319e-09 1.4078e-01 5.1742e-02 1.1478e-02 4.2187e-03 5.0932e-02
gnuu:    322 2.4509e-09 1.3906e-01 5.2015e-02 1.1694e-02 4.3743e-03 5.1237e-02
gnuu:    323 2.5735e-09 1.3749e-01 5.2281e-02 1.1900e-02 4.5251e-03 5.1534e-02
gnuu:    324 2.6998e-09 1.3606e-01 5.2541e-02 1.2096e-02 4.6710e-03 5.1824e-02
gnuu:    325 2.8184e-09 1.3486e-01 5.2772e-02 1.2266e-02 4.7997e-03 5.2107e-02
gnuu:    326 2.9523e-09 1.3366e-01 5.3019e-02 1.2445e-02 4.9367e-03 5.2358e-02
gnuu:    327 3.0903e-09 1.3255e-01 5.3260e-02 1.2615e-02 5.0687e-03 5.2627e-02
gnuu:    328 3.2324e-09 1.3154e-01 5.3496e-02 1.2776e-02 5.1960e-03 5.2889e-02
gnuu:    329 3.3788e-09 1.3061e-01 5.3726e-02 1.2930e-02 5.3186e-03 5.3145e-02
gnuu:    330 3.5295e-09 1.2976e-01 5.3950e-02 1.3075e-02 5.4365e-03 5.3394e-02
gnuu:    331 3.6848e-09 1.2897e-01 5.4168e-02 1.3214e-02 5.5499e-03 5.3636e-02
gnuu:    332 3.8448e-09 1.2824e-01 5.4381e-02 1.3345e-02 5.6588e-03 5.3872e-02
gnuu:    333 3.9811e-09 1.2768e-01 5.4552e-02 1.3447e-02 5.7453e-03 5.4102e-02
gnuu:    334 4.1508e-09 1.2705e-01 5.4754e-02 1.3567e-02 5.8469e-03 5.4286e-02
gnuu:    335 4.3255e-09 1.2646e-01 5.4951e-02 1.3680e-02 5.9441e-03 5.4504e-02
gnuu:    336 4.5055e-09 1.2592e-01 5.5144e-02 1.3786e-02 6.0372e-03 5.4716e-02
gnuu:    337 4.6910e-09 1.2543e-01 5.5331e-02 1.3887e-02 6.1263e-03 5.4922e-02
gnuu:    338 4.8819e-09 1.2496e-01 5.5512e-02 1.3983e-02 6.2114e-03 5.5122e-02
gnuu:    339 5.0786e-09 1.2453e-01 5.5688e-02 1.4072e-02 6.2927e-03 5.5316e-02
gnuu:    340 5.2813e-09 1.2414e-01 5.5858e-02 1.4157e-02 6.3703e-03 5.5504e-02
gnuu:    341 5.4899e-09 1.2377e-01 5.6023e-02 1.4237e-02 6.4442e-03 5.5686e-02
gnuu:    342 5.6234e-09 1.2356e-01 5.6122e-02 1.4283e-02 6.4879e-03 5.5862e-02
gnuu:    343 5.8448e-09 1.2322e-01 5.6277e-02 1.4356e-02 6.5570e-03 5.5967e-02
gnuu:    344 6.0728e-09 1.2291e-01 5.6429e-02 1.4424e-02 6.6223e-03 5.6132e-02
gnuu:    345 6.3077e-09 1.2263e-01 5.6577e-02 1.4488e-02 6.6842e-03 5.6294e-02
gnuu:    346 6.5497e-09 1.2237e-01 5.6719e-02 1.4548e-02 6.7429e-03 5.6450e-02
gnuu:    347 6.7988e-09 1.2213e-01 5.6856e-02 1.4603e-02 6.7984e-03 5.6601e-02
gnuu:    348 7.0555e-09 1.2190e-01 5.6987e-02 1.4655e-02 6.8508e-03 5.6745e-02
gnuu:    349 7.3199e-09 1.2169e-01 5.7113e-02 1.4703e-02 6.9003e-03 5.6884e-02
gnuu:    350 7.5921e-09 1.2150e-01 5.7233e-02 1.4748e-02 6.9468e-03 5.7016e-02
gnuu:    351 7.8726e-09 1.2387e-01 5.7439e-02 1.4879e-02 6.8998e-03 5.7143e-02
gnuu:    351 7.8726e-09 1.2387e-01 5.7439e-02 1.4879e-02 6.8998e-03 5.7265e-02
gnuu:    352 7.9433e-09 1.1736e-01 5.6265e-02 1.4464e-02 6.9344e-03 5.6295e-02
gnuu:    352 7.9433e-09 1.1736e-01 5.6265e-02 1.4464e-02 6.9344e-03 5.6326e-02
gnuu:    353 8.2408e-09 1.2112e-01 5.6533e-02 1.4643e-02 6.8347e-03 5.6320e-02
gnuu:    353 8.2408e-09 1.2112e-01 5.6533e-02 1.4643e-02 6.8347e-03 5.6458e-02
gnuu:    354 8.5473e-09 1.2101e-01 5.6633e-02 1.4675e-02 6.8683e-03 5.6435e-02
gnuu:    354 8.5473e-09 1.2101e-01 5.6633e-02 1.4675e-02 6.8683e-03 5.6562e-02
gnuu:    355 8.8629e-09 1.2096e-01 5.6740e-02 1.4708e-02 6.8993e-03 5.6548e-02
gnuu:    355 8.8629e-09 1.2096e-01 5.6740e-02 1.4708e-02 6.8993e-03 5.6670e-02
gnuu:    356 9.1881e-09 1.2088e-01 5.6835e-02 1.4735e-02 6.9283e-03 5.6653e-02
gnuu:    356 9.1881e-09 1.2088e-01 5.6835e-02 1.4735e-02 6.9283e-03 5.6768e-02
gnuu:    357 9.5230e-09 1.2080e-01 5.6924e-02 1.4760e-02 6.9549e-03 5.6751e-02
gnuu:    357 9.5230e-09 1.2080e-01 5.6924e-02 1.4760e-02 6.9549e-03 5.6860e-02
gnuu:    358 9.8679e-09 1.2073e-01 5.7009e-02 1.4781e-02 6.9795e-03 5.6844e-02
gnuu:    358 9.8679e-09 1.2073e-01 5.7009e-02 1.4781e-02 6.9795e-03 5.6947e-02
gnuu:    359 1.0223e-08 1.2066e-01 5.7088e-02 1.4800e-02 7.0022e-03 5.6931e-02
gnuu:    359 1.0223e-08 1.2066e-01 5.7088e-02 1.4800e-02 7.0022e-03 5.7029e-02
gnuu:    360 1.0589e-08 1.2059e-01 5.7164e-02 1.4816e-02 7.0231e-03 5.7014e-02
gnuu:    360 1.0589e-08 1.2059e-01 5.7164e-02 1.4816e-02 7.0231e-03 5.7106e-02
gnuu:    361 1.0966e-08 1.2053e-01 5.7235e-02 1.4830e-02 7.0422e-03 5.7092e-02
gnuu:    361 1.0966e-08 1.2053e-01 5.7235e-02 1.4830e-02 7.0422e-03 5.7180e-02
gnuu:    362 1.1220e-08 1.1996e-01 5.7255e-02 1.4817e-02 7.0721e-03 5.7166e-02
gnuu:    362 1.1220e-08 1.1996e-01 5.7255e-02 1.4817e-02 7.0721e-03 5.7221e-02
gnuu:    363 1.1620e-08 1.2044e-01 5.7344e-02 1.4849e-02 7.0696e-03 5.7213e-02
gnuu:    363 1.1620e-08 1.2044e-01 5.7344e-02 1.4849e-02 7.0696e-03 5.7291e-02
gnuu:    364 1.2032e-08 1.2038e-01 5.7409e-02 1.4857e-02 7.0855e-03 5.7282e-02
gnuu:    364 1.2032e-08 1.2038e-01 5.7409e-02 1.4857e-02 7.0855e-03 5.7360e-02
gnuu:    365 1.2456e-08 1.2031e-01 5.7468e-02 1.4863e-02 7.0994e-03 5.7348e-02
gnuu:    365 1.2456e-08 1.2031e-01 5.7468e-02 1.4863e-02 7.0994e-03 5.7420e-02
gnuu:    366 1.2893e-08 1.2025e-01 5.7523e-02 1.4867e-02 7.1117e-03 5.7409e-02
gnuu:    366 1.2893e-08 1.2025e-01 5.7523e-02 1.4867e-02 7.1117e-03 5.7478e-02
gnuu:    367 1.3343e-08 1.2020e-01 5.7576e-02 1.4870e-02 7.1229e-03 5.7467e-02
gnuu:    367 1.3343e-08 1.2020e-01 5.7576e-02 1.4870e-02 7.1229e-03 5.7532e-02
gnuu:    368 1.3807e-08 1.2016e-01 5.7614e-02 1.4875e-02 7.1321e-03 5.7516e-02
gnuu:    368 1.3807e-08 1.2016e-01 5.7614e-02 1.4875e-02 7.1321e-03 5.7572e-02
gnuu:    369 1.4284e-08 1.2011e-01 5.7651e-02 1.4877e-02 7.1408e-03 5.7557e-02
gnuu:    369 1.4284e-08 1.2011e-01 5.7651e-02 1.4877e-02 7.1408e-03 5.7611e-02
gnuu:    370 1.4776e-08 1.2006e-01 5.7686e-02 1.4878e-02 7.1486e-03 5.7597e-02
gnuu:    370 1.4776e-08 1.2006e-01 5.7686e-02 1.4878e-02 7.1486e-03 5.7648e-02
gnuu:    371 1.5282e-08 1.2001e-01 5.7720e-02 1.4877e-02 7.1553e-03 5.7635e-02
gnuu:    371 1.5282e-08 1.2001e-01 5.7720e-02 1.4877e-02 7.1553e-03 5.7684e-02
gnuu:    372 1.5804e-08 1.1997e-01 5.7754e-02 1.4875e-02 7.1613e-03 5.7672e-02
gnuu:    372 1.5804e-08 1.1997e-01 5.7754e-02 1.4875e-02 7.1613e-03 5.7719e-02
gnuu:    373 1.5849e-08 1.1908e-01 5.7713e-02 1.4840e-02 7.1923e-03 5.7707e-02
gnuu:    373 1.5849e-08 1.1908e-01 5.7713e-02 1.4840e-02 7.1923e-03 5.7711e-02
gnuu:    374 1.6402e-08 1.1996e-01 5.7788e-02 1.4874e-02 7.1653e-03 5.7711e-02
gnuu:    374 1.6402e-08 1.1996e-01 5.7788e-02 1.4874e-02 7.1653e-03 5.7754e-02
gnuu:    375 1.6973e-08 1.1990e-01 5.7831e-02 1.4868e-02 7.1713e-03 5.7750e-02
gnuu:    375 1.6973e-08 1.1990e-01 5.7831e-02 1.4868e-02 7.1713e-03 5.7798e-02
gnuu:    376 1.7560e-08 1.1985e-01 5.7864e-02 1.4862e-02 7.1752e-03 5.7790e-02
gnuu:    376 1.7560e-08 1.1985e-01 5.7864e-02 1.4862e-02 7.1752e-03 5.7834e-02
gnuu:    377 1.8165e-08 1.1982e-01 5.7896e-02 1.4855e-02 7.1782e-03 5.7825e-02
gnuu:    377 1.8165e-08 1.1982e-01 5.7896e-02 1.4855e-02 7.1782e-03 5.7866e-02
gnuu:    378 1.8788e-08 1.1978e-01 5.7927e-02 1.4848e-02 7.1808e-03 5.7858e-02
gnuu:    378 1.8788e-08 1.1978e-01 5.7927e-02 1.4848e-02 7.1808e-03 5.7899e-02
gnuu:    379 1.9429e-08 1.1974e-01 5.7958e-02 1.4840e-02 7.1829e-03 5.7891e-02
gnuu:    379 1.9429e-08 1.1974e-01 5.7958e-02 1.4840e-02 7.1829e-03 5.7932e-02
gnuu:    380 2.0090e-08 1.1971e-01 5.7991e-02 1.4831e-02 7.1845e-03 5.7925e-02
gnuu:    380 2.0090e-08 1.1971e-01 5.7991e-02 1.4831e-02 7.1845e-03 5.7965e-02
gnuu:    381 2.0771e-08 1.1968e-01 5.8023e-02 1.4821e-02 7.1857e-03 5.7959e-02
gnuu:    381 2.0771e-08 1.1968e-01 5.8023e-02 1.4821e-02 7.1857e-03 5.7999e-02
gnuu:    382 2.1472e-08 1.1965e-01 5.8057e-02 1.4810e-02 7.1866e-03 5.7994e-02
gnuu:    382 2.1472e-08 1.1965e-01 5.8057e-02 1.4810e-02 7.1866e-03 5.8034e-02
gnuu:    383 2.2194e-08 1.1962e-01 5.8092e-02 1.4799e-02 7.1872e-03 5.8029e-02
gnuu:    383 2.2194e-08 1.1962e-01 5.8092e-02 1.4799e-02 7.1872e-03 5.8070e-02
gnuu:    384 2.2387e-08 1.1917e-01 5.8081e-02 1.4779e-02 7.2032e-03 5.8066e-02
gnuu:    384 2.2387e-08 1.1917e-01 5.8081e-02 1.4779e-02 7.2032e-03 5.8076e-02
gnuu:    385 2.3153e-08 1.1960e-01 5.8143e-02 1.4784e-02 7.1869e-03 5.8078e-02
gnuu:    385 2.3153e-08 1.1960e-01 5.8143e-02 1.4784e-02 7.1869e-03 5.8122e-02
gnuu:    386 2.3943e-08 1.1958e-01 5.8190e-02 1.4768e-02 7.1864e-03 5.8123e-02
gnuu:    386 2.3943e-08 1.1958e-01 5.8190e-02 1.4768e-02 7.1864e-03 5.8170e-02
gnuu:    387 2.4755e-08 1.1956e-01 5.8236e-02 1.4751e-02 7.1854e-03 5.8170e-02
gnuu:    387 2.4755e-08 1.1956e-01 5.8236e-02 1.4751e-02 7.1854e-03 5.8216e-02
gnuu:    388 2.5593e-08 1.1956e-01 5.8300e-02 1.4733e-02 7.1845e-03 5.8200e-02
gnuu:    388 2.5593e-08 1.1956e-01 5.8300e-02 1.4733e-02 7.1845e-03 5.8281e-02
gnuu:    389 2.6455e-08 1.1954e-01 5.8363e-02 1.4712e-02 7.1826e-03 5.8260e-02
gnuu:    389 2.6455e-08 1.1954e-01 5.8363e-02 1.4712e-02 7.1826e-03 5.8344e-02
gnuu:    390 2.7343e-08 1.1953e-01 5.8427e-02 1.4690e-02 7.1805e-03 5.8321e-02
gnuu:    390 2.7343e-08 1.1953e-01 5.8427e-02 1.4690e-02 7.1805e-03 5.8408e-02
gnuu:    391 2.8258e-08 1.1952e-01 5.8492e-02 1.4667e-02 7.1782e-03 5.8383e-02
gnuu:    391 2.8258e-08 1.1952e-01 5.8492e-02 1.4667e-02 7.1782e-03 5.8474e-02
gnuu:    392 2.9200e-08 1.1955e-01 5.8545e-02 1.4648e-02 7.1738e-03 5.8430e-02
gnuu:    392 2.9200e-08 1.1955e-01 5.8545e-02 1.4648e-02 7.1738e-03 5.8526e-02
gnuu:    393 3.0171e-08 1.1956e-01 5.8601e-02 1.4630e-02 7.1703e-03 5.8481e-02
gnuu:    393 3.0171e-08 1.1956e-01 5.8601e-02 1.4630e-02 7.1703e-03 5.8581e-02
gnuu:    394 3.1171e-08 1.1957e-01 5.8658e-02 1.4610e-02 7.1672e-03 5.8534e-02
gnuu:    394 3.1171e-08 1.1957e-01 5.8658e-02 1.4610e-02 7.1672e-03 5.8638e-02
gnuu:    395 3.1623e-08 1.1945e-01 5.8653e-02 1.4591e-02 7.1644e-03 5.8590e-02
gnuu:    395 3.1623e-08 1.1945e-01 5.8653e-02 1.4591e-02 7.1644e-03 5.8637e-02
gnuu:    396 3.2683e-08 1.1952e-01 5.8743e-02 1.4579e-02 7.1656e-03 5.8616e-02
gnuu:    396 3.2683e-08 1.1952e-01 5.8743e-02 1.4579e-02 7.1656e-03 5.8725e-02
gnuu:    397 3.3776e-08 1.1956e-01 5.8811e-02 1.4560e-02 7.1623e-03 5.8678e-02
gnuu:    397 3.3776e-08 1.1956e-01 5.8811e-02 1.4560e-02 7.1623e-03 5.8792e-02
gnuu:    398 3.4901e-08 1.1958e-01 5.8881e-02 1.4540e-02 7.1595e-03 5.8743e-02
gnuu:    398 3.4901e-08 1.1958e-01 5.8881e-02 1.4540e-02 7.1595e-03 5.8861e-02
gnuu:    399 3.6060e-08 1.1960e-01 5.8954e-02 1.4520e-02 7.1572e-03 5.8811e-02
gnuu:    399 3.6060e-08 1.1960e-01 5.8954e-02 1.4520e-02 7.1572e-03 5.8932e-02
gnuu:    400 3.7254e-08 1.1962e-01 5.9029e-02 1.4500e-02 7.1553e-03 5.8882e-02
gnuu:    400 3.7254e-08 1.1962e-01 5.9029e-02 1.4500e-02 7.1553e-03 5.9007e-02
gnuu:    401 3.8483e-08 1.1963e-01 5.9108e-02 1.4479e-02 7.1537e-03 5.8956e-02
gnuu:    401 3.8483e-08 1.1963e-01 5.9108e-02 1.4479e-02 7.1537e-03 5.9086e-02
gnuu:    402 3.9749e-08 1.1965e-01 5.9190e-02 1.4458e-02 7.1523e-03 5.9034e-02
gnuu:    402 3.9749e-08 1.1965e-01 5.9190e-02 1.4458e-02 7.1523e-03 5.9167e-02
gnuu:    403 4.1054e-08 1.1966e-01 5.9275e-02 1.4436e-02 7.1512e-03 5.9115e-02
gnuu:    403 4.1054e-08 1.1966e-01 5.9275e-02 1.4436e-02 7.1512e-03 5.9252e-02
gnuu:    404 4.2397e-08 1.1967e-01 5.9363e-02 1.4414e-02 7.1502e-03 5.9198e-02
gnuu:    404 4.2397e-08 1.1967e-01 5.9363e-02 1.4414e-02 7.1502e-03 5.9340e-02
gnuu:    405 4.3781e-08 1.1969e-01 5.9454e-02 1.4392e-02 7.1493e-03 5.9285e-02
gnuu:    405 4.3781e-08 1.1969e-01 5.9454e-02 1.4392e-02 7.1493e-03 5.9430e-02
gnuu:    406 4.4668e-08 1.1958e-01 5.9488e-02 1.4369e-02 7.1485e-03 5.9375e-02
gnuu:    406 4.4668e-08 1.1958e-01 5.9488e-02 1.4369e-02 7.1485e-03 5.9467e-02
gnuu:    407 4.6136e-08 1.1966e-01 5.9607e-02 1.4353e-02 7.1499e-03 5.9432e-02
gnuu:    407 4.6136e-08 1.1966e-01 5.9607e-02 1.4353e-02 7.1499e-03 5.9584e-02
gnuu:    408 4.7649e-08 1.1970e-01 5.9708e-02 1.4331e-02 7.1486e-03 5.9527e-02
gnuu:    408 4.7649e-08 1.1970e-01 5.9708e-02 1.4331e-02 7.1486e-03 5.9684e-02
gnuu:    409 4.9206e-08 1.1972e-01 5.9811e-02 1.4307e-02 7.1476e-03 5.9625e-02
gnuu:    409 4.9206e-08 1.1972e-01 5.9811e-02 1.4307e-02 7.1476e-03 5.9786e-02
gnuu:    410 5.0810e-08 1.1975e-01 5.9917e-02 1.4283e-02 7.1467e-03 5.9725e-02
gnuu:    410 5.0810e-08 1.1975e-01 5.9917e-02 1.4283e-02 7.1467e-03 5.9890e-02
gnuu:    411 5.2463e-08 1.1977e-01 6.0025e-02 1.4258e-02 7.1461e-03 5.9828e-02
gnuu:    411 5.2463e-08 1.1977e-01 6.0025e-02 1.4258e-02 7.1461e-03 5.9997e-02
gnuu:    412 5.4165e-08 1.1978e-01 6.0135e-02 1.4233e-02 7.1455e-03 5.9934e-02
gnuu:    412 5.4165e-08 1.1978e-01 6.0135e-02 1.4233e-02 7.1455e-03 6.0107e-02
gnuu:    413 5.5918e-08 1.1980e-01 6.0249e-02 1.4208e-02 7.1449e-03 6.0042e-02
gnuu:    413 5.5918e-08 1.1980e-01 6.0249e-02 1.4208e-02 7.1449e-03 6.0220e-02
gnuu:    414 5.7723e-08 1.1982e-01 6.0365e-02 1.4181e-02 7.1444e-03 6.0154e-02
gnuu:    414 5.7723e-08 1.1982e-01 6.0365e-02 1.4181e-02 7.1444e-03 6.0336e-02
gnuu:    415 5.9583e-08 1.1984e-01 6.0484e-02 1.4154e-02 7.1440e-03 6.0268e-02
gnuu:    415 5.9583e-08 1.1984e-01 6.0484e-02 1.4154e-02 7.1440e-03 6.0455e-02
gnuu:    416 6.1498e-08 1.1989e-01 6.0625e-02 1.4130e-02 7.1449e-03 6.0395e-02
gnuu:    416 6.1498e-08 1.1989e-01 6.0625e-02 1.4130e-02 7.1449e-03 6.0593e-02
gnuu:    417 6.3096e-08 1.1989e-01 6.0726e-02 1.4104e-02 7.1437e-03 6.0530e-02
gnuu:    417 6.3096e-08 1.1989e-01 6.0726e-02 1.4104e-02 7.1437e-03 6.0694e-02
gnuu:    418 6.5128e-08 1.2001e-01 6.0883e-02 1.4081e-02 7.1432e-03 6.0640e-02
gnuu:    418 6.5128e-08 1.2001e-01 6.0883e-02 1.4081e-02 7.1432e-03 6.0847e-02
gnuu:    419 6.7221e-08 1.2008e-01 6.1032e-02 1.4052e-02 7.1425e-03 6.0782e-02
gnuu:    419 6.7221e-08 1.2008e-01 6.1032e-02 1.4052e-02 7.1425e-03 6.0993e-02
gnuu:    420 6.9377e-08 1.2013e-01 6.1181e-02 1.4023e-02 7.1418e-03 6.0925e-02
gnuu:    420 6.9377e-08 1.2013e-01 6.1181e-02 1.4023e-02 7.1418e-03 6.1141e-02
gnuu:    421 7.1598e-08 1.2017e-01 6.1333e-02 1.3991e-02 7.1412e-03 6.1070e-02
gnuu:    421 7.1598e-08 1.2017e-01 6.1333e-02 1.3991e-02 7.1412e-03 6.1291e-02
gnuu:    422 7.3885e-08 1.2021e-01 6.1489e-02 1.3960e-02 7.1407e-03 6.1219e-02
gnuu:    422 7.3885e-08 1.2021e-01 6.1489e-02 1.3960e-02 7.1407e-03 6.1445e-02
gnuu:    423 7.6241e-08 1.2024e-01 6.1647e-02 1.3927e-02 7.1402e-03 6.1371e-02
gnuu:    423 7.6241e-08 1.2024e-01 6.1647e-02 1.3927e-02 7.1402e-03 6.1603e-02
gnuu:    424 7.8667e-08 1.2028e-01 6.1809e-02 1.3893e-02 7.1397e-03 6.1526e-02
gnuu:    424 7.8667e-08 1.2028e-01 6.1809e-02 1.3893e-02 7.1397e-03 6.1763e-02
gnuu:    425 8.1167e-08 1.2031e-01 6.1974e-02 1.3859e-02 7.1392e-03 6.1685e-02
gnuu:    425 8.1167e-08 1.2031e-01 6.1974e-02 1.3859e-02 7.1392e-03 6.1927e-02
gnuu:    426 8.3741e-08 1.2034e-01 6.2142e-02 1.3824e-02 7.1386e-03 6.1846e-02
gnuu:    426 8.3741e-08 1.2034e-01 6.2142e-02 1.3824e-02 7.1386e-03 6.2094e-02
gnuu:    427 8.6392e-08 1.2037e-01 6.2313e-02 1.3788e-02 7.1379e-03 6.2011e-02
gnuu:    427 8.6392e-08 1.2037e-01 6.2313e-02 1.3788e-02 7.1379e-03 6.2264e-02
gnuu:    428 8.9123e-08 1.2040e-01 6.2487e-02 1.3752e-02 7.1372e-03 6.2179e-02
gnuu:    428 8.9123e-08 1.2040e-01 6.2487e-02 1.3752e-02 7.1372e-03 6.2437e-02
gnuu:    429 8.9125e-08 1.1988e-01 6.2381e-02 1.3714e-02 7.1364e-03 6.2350e-02
gnuu:    429 8.9125e-08 1.1988e-01 6.2381e-02 1.3714e-02 7.1364e-03 6.2350e-02
gnuu:    430 9.2022e-08 1.2023e-01 6.2646e-02 1.3701e-02 7.1387e-03 6.2339e-02
gnuu:    430 9.2022e-08 1.2023e-01 6.2646e-02 1.3701e-02 7.1387e-03 6.2602e-02
gnuu:    431 9.5007e-08 1.2032e-01 6.2838e-02 1.3666e-02 7.1368e-03 6.2518e-02
gnuu:    431 9.5007e-08 1.2032e-01 6.2838e-02 1.3666e-02 7.1368e-03 6.2790e-02
gnuu:    432 9.8081e-08 1.2040e-01 6.3032e-02 1.3629e-02 7.1354e-03 6.2702e-02
gnuu:    432 9.8081e-08 1.2040e-01 6.3032e-02 1.3629e-02 7.1354e-03 6.2982e-02
