GNU gdb (GDB) Fedora 8.3-7.fc30
Copyright (C) 2019 Free Software Foundation, Inc.
License GPLv3+: GNU GPL version 3 or later <http://gnu.org/licenses/gpl.html>
This is free software: you are free to change and redistribute it.
There is NO WARRANTY, to the extent permitted by law.
Type "show copying" and "show warranty" for details.
This GDB was configured as "x86_64-redhat-linux-gnu".
Type "show configuration" for configuration details.
For bug reporting instructions, please see:
<http://www.gnu.org/software/gdb/bugs/>.
Find the GDB manual and other documentation resources online at:
    <http://www.gnu.org/software/gdb/documentation/>.

For help, type "help".
Type "apropos word" to search for commands related to "word"...
Reading symbols from explicitMatrix...
(gdb) b 3470 if t>7.5e-9 && t<1e-8
Breakpoint 1 at 0x40d62d: file explicitMatrix.cpp, line 3474.
(gdb) commands
Type commands for breakpoint(s) 1, one per line.
End with a line saying just "end".
>silent
>printf"\n3470: Step=%d t=%7.4e logt=%7.5e dt=%7.5e logY0[6]=%7.5e logY[6]=%7.5e F+sum=%7.5e F-sum=%7.5e #equil=%d\n",totalTimeSteps,t,(double)log10(t),dt,(double)log10(Y0[6]),(double)log10(Y[6]),FplusSum[6],FminusSum[6],totalEquilRG
>end
(gdb) 
(gdb) b 3501 if t>7.5e-9 && t<1e-8
Breakpoint 2 at 0x40d717: file explicitMatrix.cpp, line 3501.
(gdb) commands
Type commands for breakpoint(s) 2, one per line.
End with a line saying just "end".
>silent
>printf"\n3501: Step=%d t=%7.4e logt=%7.5e dt=%7.5e logY0[6]=%7.5e logY[6]=%7.5e F+sum=%7.5e F-sum=%7.5e #equil=%d\n",totalTimeSteps,t,(double)log10(t),dt,(double)log10(Y0[6]),(double)log10(Y[6]),FplusSum[6],FminusSum[6],totalEquilRG
>end
(gdb) 
(gdb) b 3570 if t>7.5e-9 && t<1e-8
Breakpoint 3 at 0x40d8b6: file explicitMatrix.cpp, line 3570.
(gdb) commands
Type commands for breakpoint(s) 3, one per line.
End with a line saying just "end".
>silent
>printf"\n3570: Step=%d t=%7.4e logt=%7.5e dt=%7.5e logY0[6]=%7.5e logY[6]=%7.5e F+sum=%7.5e F-sum=%7.5e #equil=%d\n",totalTimeSteps,t,(double)log10(t),dt,(double)log10(Y0[6]),(double)log10(Y[6]),FplusSum[6],FminusSum[6],totalEquilRG
>end
(gdb) 
(gdb) b 4368 if t>7.5e-9 && t<1e-8
Breakpoint 4 at 0x40311c: file explicitMatrix.cpp, line 4368.
(gdb) commands
Type commands for breakpoint(s) 4, one per line.
End with a line saying just "end".
>silent
>printf"\n4368: Step=%d t=%7.4e logt=%7.5e dt=%7.5e logY0[6]=%7.5e logY[6]=%7.5e F+sum=%7.5e F-sum=%7.5e #equil=%d\n",totalTimeSteps,t,(double)log10(t),dt,(double)log10(Y0[6]),(double)log10(Y[6]),FplusSum[6],FminusSum[6],totalEquilRG
>end
(gdb) r
Starting program: /home/guidry/mwg/research/FERN_C++/Thermo-nuclear-network/explicitMatrix/explicitMatrix 
Missing separate debuginfos, use: dnf debuginfo-install glibc-2.29-28.fc30.x86_64

Wed Jun 15 16:49:44 2022


Integration using ASY+PE method
T9=7.000e+00 rho=1.000e+08 massTol=5.000e-03 sf=1.00e+25 equiTol=1.00e-02 equilTime=1.00e-12
maxit=20 downbumper= 0.700 EpsA=5.00e-03 EpsR=2.00e-04
Network: data/network_alpha.inp  Rates: data/rateLibrary_alpha.data
Integration steps=0  totalIterations=0  IntegrationSteps_plotted=0
Timer: 6.1830e+00 ms used

BEGIN TIME INTEGRATION:

1 it=0 t=1.48e-18 dt=1.48e-19 int=56 Asy=0/16 Eq=0/19 SX=1.0000 dE=1.65e+28 E=2.44e+10 E_R=0.00e+00 ch=1 ch2=1 fast:c12+c12-->he4+ne20 Q=+4.621 dev=+0.000e+00
2 it=0 t=2.17e-18 dt=2.17e-19 int=60 Asy=0/16 Eq=0/19 SX=1.0000 dE=1.65e+28 E=3.58e+10 E_R=4.44e-14 ch=1 ch2=1 fast:c12+c12-->he4+ne20 Q=+4.621 dev=+0.000e+00
3 it=0 t=2.89e-18 dt=2.89e-19 int=63 Asy=0/16 Eq=0/19 SX=1.0000 dE=1.65e+28 E=4.77e+10 E_R=4.44e-14 ch=1 ch2=1 fast:c12+c12-->he4+ne20 Q=+4.621 dev=+0.000e+00
4 it=0 t=4.24e-18 dt=4.24e-19 int=67 Asy=0/16 Eq=0/19 SX=1.0000 dE=1.65e+28 E=6.99e+10 E_R=0.00e+00 ch=1 ch2=1 fast:c12+c12-->he4+ne20 Q=+4.621 dev=+0.000e+00
5 it=0 t=5.64e-18 dt=5.64e-19 int=70 Asy=0/16 Eq=0/19 SX=1.0000 dE=1.65e+28 E=9.32e+10 E_R=0.00e+00 ch=1 ch2=1 fast:c12+c12-->he4+ne20 Q=+4.621 dev=+0.000e+00
6 it=0 t=8.26e-18 dt=8.26e-19 int=74 Asy=0/16 Eq=0/19 SX=1.0000 dE=1.65e+28 E=1.36e+11 E_R=4.44e-14 ch=1 ch2=1 fast:c12+c12-->he4+ne20 Q=+4.621 dev=+0.000e+00
7 it=0 t=1.21e-17 dt=1.21e-18 int=78 Asy=0/16 Eq=0/19 SX=1.0000 dE=1.65e+28 E=2.00e+11 E_R=4.44e-14 ch=1 ch2=1 fast:c12+c12-->he4+ne20 Q=+4.621 dev=+0.000e+00
8 it=0 t=1.61e-17 dt=1.61e-18 int=81 Asy=0/16 Eq=0/19 SX=1.0000 dE=1.65e+28 E=2.66e+11 E_R=0.00e+00 ch=1 ch2=1 fast:c12+c12-->he4+ne20 Q=+4.621 dev=+0.000e+00
9 it=0 t=2.36e-17 dt=2.36e-18 int=85 Asy=0/16 Eq=0/19 SX=1.0000 dE=1.65e+28 E=3.90e+11 E_R=0.00e+00 ch=1 ch2=1 fast:c12+c12-->he4+ne20 Q=+4.621 dev=+0.000e+00
10 it=0 t=3.45e-17 dt=3.45e-18 int=89 Asy=0/16 Eq=0/19 SX=1.0000 dE=1.65e+28 E=5.71e+11 E_R=4.44e-14 ch=1 ch2=1 fast:c12+c12-->he4+ne20 Q=+4.621 dev=+0.000e+00
11 it=0 t=4.59e-17 dt=4.59e-18 int=92 Asy=0/16 Eq=0/19 SX=1.0000 dE=1.65e+28 E=7.59e+11 E_R=4.44e-14 ch=1 ch2=1 fast:c12+c12-->he4+ne20 Q=+4.621 dev=+0.000e+00
12 it=0 t=6.72e-17 dt=6.72e-18 int=96 Asy=0/16 Eq=0/19 SX=1.0000 dE=1.65e+28 E=1.11e+12 E_R=4.44e-14 ch=1 ch2=1 fast:c12+c12-->he4+ne20 Q=+4.621 dev=+0.000e+00
13 it=0 t=8.95e-17 dt=8.95e-18 int=99 Asy=0/16 Eq=0/19 SX=1.0000 dE=1.65e+28 E=1.48e+12 E_R=0.00e+00 ch=1 ch2=1 fast:c12+c12-->he4+ne20 Q=+4.621 dev=+0.000e+00
14 it=0 t=1.31e-16 dt=1.31e-17 int=103 Asy=0/16 Eq=0/19 SX=1.0000 dE=1.65e+28 E=2.17e+12 E_R=0.00e+00 ch=1 ch2=1 fast:c12+c12-->he4+ne20 Q=+4.621 dev=+0.000e+00
15 it=0 t=1.92e-16 dt=1.92e-17 int=107 Asy=0/16 Eq=0/19 SX=1.0000 dE=1.65e+28 E=3.17e+12 E_R=4.44e-14 ch=1 ch2=1 fast:c12+c12-->he4+ne20 Q=+4.621 dev=+0.000e+00
16 it=0 t=2.55e-16 dt=2.55e-17 int=110 Asy=0/16 Eq=0/19 SX=1.0000 dE=1.65e+28 E=4.22e+12 E_R=0.00e+00 ch=1 ch2=1 fast:c12+c12-->he4+ne20 Q=+4.621 dev=+0.000e+00
17 it=0 t=3.74e-16 dt=3.74e-17 int=114 Asy=0/16 Eq=0/19 SX=1.0000 dE=1.65e+28 E=6.18e+12 E_R=0.00e+00 ch=1 ch2=1 fast:c12+c12-->he4+ne20 Q=+4.621 dev=+0.000e+00
18 it=0 t=5.47e-16 dt=5.47e-17 int=118 Asy=0/16 Eq=0/19 SX=1.0000 dE=1.65e+28 E=9.05e+12 E_R=4.44e-14 ch=1 ch2=1 fast:c12+c12-->he4+ne20 Q=+4.621 dev=+0.000e+00
19 it=0 t=7.28e-16 dt=7.28e-17 int=121 Asy=0/16 Eq=0/19 SX=1.0000 dE=1.65e+28 E=1.20e+13 E_R=4.44e-14 ch=1 ch2=1 fast:c12+c12-->he4+ne20 Q=+4.621 dev=+0.000e+00
20 it=0 t=1.07e-15 dt=1.07e-16 int=125 Asy=0/16 Eq=0/19 SX=1.0000 dE=1.65e+28 E=1.76e+13 E_R=0.00e+00 ch=1 ch2=1 fast:c12+c12-->he4+ne20 Q=+4.621 dev=+0.000e+00
21 it=0 t=1.42e-15 dt=1.42e-16 int=128 Asy=0/16 Eq=0/19 SX=1.0000 dE=1.65e+28 E=2.35e+13 E_R=4.44e-14 ch=1 ch2=1 fast:c12+c12-->he4+ne20 Q=+4.621 dev=+0.000e+00
22 it=0 t=2.08e-15 dt=2.08e-16 int=132 Asy=0/16 Eq=0/19 SX=1.0000 dE=1.65e+28 E=3.44e+13 E_R=4.44e-14 ch=1 ch2=1 fast:c12+c12-->he4+ne20 Q=+4.621 dev=+0.000e+00
23 it=0 t=3.04e-15 dt=3.04e-16 int=136 Asy=0/16 Eq=0/19 SX=1.0000 dE=1.65e+28 E=5.03e+13 E_R=0.00e+00 ch=1 ch2=1 fast:c12+c12-->he4+ne20 Q=+4.621 dev=+0.000e+00
24 it=0 t=4.05e-15 dt=4.05e-16 int=139 Asy=0/16 Eq=0/19 SX=1.0000 dE=1.65e+28 E=6.70e+13 E_R=4.44e-14 ch=1 ch2=1 fast:c12+c12-->he4+ne20 Q=+4.621 dev=+0.000e+00
25 it=0 t=5.93e-15 dt=5.93e-16 int=143 Asy=0/16 Eq=0/19 SX=1.0000 dE=1.65e+28 E=9.80e+13 E_R=0.00e+00 ch=1 ch2=1 fast:c12+c12-->he4+ne20 Q=+4.621 dev=+0.000e+00
26 it=0 t=8.68e-15 dt=8.68e-16 int=147 Asy=0/16 Eq=0/19 SX=1.0000 dE=1.65e+28 E=1.43e+14 E_R=0.00e+00 ch=1 ch2=1 fast:c12+c12-->he4+ne20 Q=+4.621 dev=+0.000e+00
27 it=0 t=1.16e-14 dt=1.16e-15 int=150 Asy=0/16 Eq=0/19 SX=1.0000 dE=1.65e+28 E=1.91e+14 E_R=0.00e+00 ch=1 ch2=1 fast:c12+c12-->he4+ne20 Q=+4.621 dev=+0.000e+00
28 it=0 t=1.69e-14 dt=1.69e-15 int=154 Asy=0/16 Eq=0/19 SX=1.0000 dE=1.65e+28 E=2.79e+14 E_R=4.44e-14 ch=1 ch2=1 fast:c12+c12-->he4+ne20 Q=+4.621 dev=+0.000e+00
29 it=0 t=2.25e-14 dt=2.25e-15 int=157 Asy=0/16 Eq=0/19 SX=1.0000 dE=1.64e+28 E=3.71e+14 E_R=4.44e-14 ch=1 ch2=1 fast:c12+c12-->he4+ne20 Q=+4.621 dev=+0.000e+00
30 it=0 t=3.30e-14 dt=3.30e-15 int=161 Asy=0/16 Eq=0/19 SX=1.0000 dE=1.64e+28 E=5.42e+14 E_R=4.44e-14 ch=1 ch2=1 fast:c12+c12-->he4+ne20 Q=+4.621 dev=+0.000e+00
31 it=0 t=4.83e-14 dt=4.83e-15 int=165 Asy=0/16 Eq=0/19 SX=1.0000 dE=1.63e+28 E=7.92e+14 E_R=4.44e-14 ch=1 ch2=1 fast:c12+c12-->he4+ne20 Q=+4.621 dev=+0.000e+00
32 it=0 t=6.42e-14 dt=6.42e-15 int=168 Asy=0/16 Eq=0/19 SX=1.0000 dE=1.62e+28 E=1.05e+15 E_R=4.44e-14 ch=1 ch2=1 fast:c12+c12-->he4+ne20 Q=+4.621 dev=+0.000e+00
33 it=0 t=9.40e-14 dt=9.40e-15 int=172 Asy=0/16 Eq=0/19 SX=1.0000 dE=1.60e+28 E=1.53e+15 E_R=4.44e-14 ch=1 ch2=1 fast:c12+c12-->he4+ne20 Q=+4.621 dev=+0.000e+00
34 it=0 t=1.38e-13 dt=1.38e-14 int=176 Asy=0/16 Eq=0/19 SX=1.0000 dE=1.58e+28 E=2.23e+15 E_R=0.00e+00 ch=1 ch2=1 fast:c12+c12-->he4+ne20 Q=+4.621 dev=+0.000e+00
35 it=0 t=1.83e-13 dt=1.83e-14 int=179 Asy=0/16 Eq=0/19 SX=1.0000 dE=1.56e+28 E=2.94e+15 E_R=4.44e-14 ch=1 ch2=1 fast:c12+c12-->he4+ne20 Q=+4.621 dev=+0.000e+00
36 it=0 t=2.68e-13 dt=2.68e-14 int=183 Asy=0/16 Eq=0/19 SX=1.0000 dE=1.52e+28 E=4.24e+15 E_R=4.44e-14 ch=1 ch2=1 fast:c12+c12-->he4+ne20 Q=+4.621 dev=+0.000e+00
37 it=0 t=3.57e-13 dt=3.57e-14 int=186 Asy=0/16 Eq=0/19 SX=1.0000 dE=1.48e+28 E=5.57e+15 E_R=0.00e+00 ch=1 ch2=1 fast:c12+c12-->he4+ne20 Q=+4.621 dev=+0.000e+00
38 it=0 t=5.23e-13 dt=5.23e-14 int=190 Asy=0/16 Eq=0/19 SX=1.0000 dE=1.40e+28 E=7.94e+15 E_R=0.00e+00 ch=1 ch2=1 fast:c12+c12-->he4+ne20 Q=+4.621 dev=+0.000e+00
39 it=0 t=7.65e-13 dt=7.65e-14 int=194 Asy=0/16 Eq=0/19 SX=1.0000 dE=1.30e+28 E=1.12e+16 E_R=4.44e-14 ch=1 ch2=1 fast:c12+c12-->he4+ne20 Q=+4.621 dev=+0.000e+00
40 it=0 t=1.02e-12 dt=1.02e-13 int=197 Asy=0/16 Eq=0/19 SX=1.0000 dE=1.21e+28 E=1.43e+16 E_R=4.44e-14 ch=1 ch2=1 fast:c12+c12-->he4+ne20 Q=+4.621 dev=+0.000e+00
41 it=0 t=1.49e-12 dt=1.49e-13 int=201 Asy=0/16 Eq=0/19 SX=1.0000 dE=1.06e+28 E=1.96e+16 E_R=4.44e-14 ch=1 ch2=1 fast:c12+c12-->he4+ne20 Q=+4.621 dev=+0.000e+00
42 it=0 t=2.18e-12 dt=2.18e-13 int=205 Asy=0/16 Eq=0/19 SX=1.0000 dE=8.83e+27 E=2.61e+16 E_R=0.00e+00 ch=1 ch2=1 fast:c12+c12-->he4+ne20 Q=+4.621 dev=+0.000e+00
43 it=0 t=2.91e-12 dt=2.91e-13 int=208 Asy=0/16 Eq=0/19 SX=1.0000 dE=7.39e+27 E=3.18e+16 E_R=0.00e+00 ch=1 ch2=1 fast:c12+c12-->he4+ne20 Q=+4.621 dev=+0.000e+00
44 it=0 t=4.26e-12 dt=4.26e-13 int=212 Asy=0/16 Eq=0/19 SX=1.0000 dE=5.44e+27 E=4.00e+16 E_R=4.44e-14 ch=1 ch2=1 fast:c12+c12-->he4+ne20 Q=+4.621 dev=+0.000e+00
45 it=0 t=5.66e-12 dt=5.66e-13 int=215 Asy=0/16 Eq=0/19 SX=1.0000 dE=4.06e+27 E=4.64e+16 E_R=0.00e+00 ch=1 ch2=1 fast:c12+c12-->he4+ne20 Q=+4.621 dev=+0.000e+00
46 it=0 t=8.29e-12 dt=8.29e-13 int=219 Asy=0/16 Eq=0/19 SX=1.0000 dE=2.48e+27 E=5.42e+16 E_R=4.44e-14 ch=1 ch2=1 fast:c12+c12-->he4+ne20 Q=+4.621 dev=+0.000e+00
47 it=0 t=1.21e-11 dt=1.21e-12 int=223 Asy=0/16 Eq=0/19 SX=1.0000 dE=1.28e+27 E=6.06e+16 E_R=4.44e-14 ch=1 ch2=1 fast:c12+c12-->he4+ne20 Q=+4.621 dev=+0.000e+00
48 it=0 t=1.62e-11 dt=1.62e-12 int=226 Asy=0/16 Eq=0/19 SX=1.0000 dE=6.35e+26 E=6.39e+16 E_R=4.44e-14 ch=1 ch2=1 fast:c12+c12-->he4+ne20 Q=+4.621 dev=+0.000e+00
49 it=0 t=2.37e-11 dt=2.37e-12 int=230 Asy=0/16 Eq=0/19 SX=1.0000 dE=9.23e+25 E=6.58e+16 E_R=0.00e+00 ch=1 ch2=1 fast:c12+c12-->he4+ne20 Q=+4.621 dev=+0.000e+00
50 it=0 t=3.46e-11 dt=3.46e-12 int=234 Asy=0/16 Eq=0/19 SX=1.0000 dE=-1.69e+26 E=6.48e+16 E_R=0.00e+00 ch=1 ch2=1 fast:ne20-->he4+o16 Q=-4.734 dev=+0.000e+00
51 it=0 t=4.61e-11 dt=4.61e-12 int=237 Asy=0/16 Eq=0/19 SX=1.0000 dE=-2.32e+26 E=6.23e+16 E_R=4.44e-14 ch=1 ch2=1 fast:ne20-->he4+o16 Q=-4.734 dev=+0.000e+00
52 it=0 t=6.75e-11 dt=6.75e-12 int=241 Asy=0/16 Eq=0/19 SX=1.0000 dE=-2.01e+26 E=5.76e+16 E_R=0.00e+00 ch=1 ch2=1 fast:ne20-->he4+o16 Q=-4.734 dev=+0.000e+00
53 it=0 t=8.99e-11 dt=8.99e-12 int=244 Asy=0/16 Eq=0/19 SX=1.0000 dE=-1.31e+26 E=5.41e+16 E_R=4.44e-14 ch=1 ch2=1 fast:ne20-->he4+o16 Q=-4.734 dev=+0.000e+00
54 it=0 t=1.32e-10 dt=1.32e-11 int=248 Asy=0/16 Eq=0/19 SX=1.0000 dE=-2.83e+25 E=5.15e+16 E_R=4.44e-14 ch=1 ch2=1 fast:ne20-->he4+o16 Q=-4.734 dev=+0.000e+00
55 it=0 t=1.93e-10 dt=1.93e-11 int=252 Asy=0/16 Eq=0/19 SX=1.0000 dE=4.60e+25 E=5.29e+16 E_R=4.44e-14 ch=1 ch2=1 fast:ne20-->he4+o16 Q=-4.734 dev=+0.000e+00
56 it=0 t=2.56e-10 dt=2.56e-11 int=255 Asy=0/16 Eq=0/19 SX=1.0000 dE=7.41e+25 E=5.72e+16 E_R=0.00e+00 ch=1 ch2=1 fast:ne20-->he4+o16 Q=-4.734 dev=+0.000e+00
57 it=0 t=3.75e-10 dt=3.75e-11 int=259 Asy=0/16 Eq=0/19 SX=1.0000 dE=8.61e+25 E=6.71e+16 E_R=0.00e+00 ch=1 ch2=1 fast:ne20-->he4+o16 Q=-4.734 dev=+0.000e+00
58 it=0 t=5.50e-10 dt=5.50e-11 int=263 Asy=0/16 Eq=0/19 SX=1.0000 dE=8.63e+25 E=8.22e+16 E_R=0.00e+00 ch=1 ch2=1 fast:ne20-->he4+o16 Q=-4.734 dev=+0.000e+00
59 it=0 t=7.31e-10 dt=7.31e-11 int=266 Asy=0/16 Eq=0/19 SX=1.0001 dE=8.32e+25 E=9.76e+16 E_R=1.63e-02 ch=1 ch2=1 fast:ne20-->he4+o16 Q=-4.734 dev=+0.000e+00
60 it=0 t=1.07e-09 dt=1.07e-10 int=270 Asy=0/16 Eq=0/19 SX=1.0004 dE=7.44e+25 E=1.24e+17 E_R=2.41e-02 ch=1 ch2=1 fast:ne20-->he4+o16 Q=-4.734 dev=+0.000e+00
61 it=0 t=1.43e-09 dt=1.43e-10 int=273 Asy=1/16 Eq=0/19 SX=1.0010 dE=6.39e+25 E=1.48e+17 E_R=1.69e-02 ch=1 ch2=1 fast:ne20-->he4+o16 Q=-4.734 dev=+0.000e+00
62 it=0 t=2.09e-09 dt=2.09e-10 int=277 Asy=2/16 Eq=0/19 SX=1.0032 dE=4.72e+25 E=1.83e+17 E_R=5.12e-02 ch=1 ch2=1 fast:ne20-->he4+o16 Q=-4.734 dev=+0.000e+00
63 it=0 t=3.06e-09 dt=3.06e-10 int=281 Asy=2/16 Eq=0/19 SX=1.0067 dE=3.08e+25 E=2.18e+17 E_R=6.55e-02 ch=1 ch2=1 fast:ne20-->he4+o16 Q=-4.734 dev=+0.000e+00
64 it=0 t=4.07e-09 dt=4.07e-10 int=284 Asy=2/16 Eq=0/19 SX=1.0101 dE=2.07e+25 E=2.42e+17 E_R=7.43e-02 ch=1 ch2=1 fast:ne20-->he4+o16 Q=-4.734 dev=+0.000e+00
65 it=0 t=5.95e-09 dt=5.95e-10 int=288 Asy=2/16 Eq=0/19 SX=1.0124 dE=1.15e+25 E=2.69e+17 E_R=2.36e-01 ch=0 ch2=1 fast:ne20-->he4+o16 Q=-4.734 dev=+0.000e+00
3570: Step=290 t=7.9251e-09 logt=-8.10099e+00 dt=7.92512e-10 logY0[6]=-2.16342e+00 logY[6]=-2.15800e+00 F+sum=1.71775e+07 F-sum=1.69384e+07 #equil=0
Missing separate debuginfos, use: dnf debuginfo-install libgcc-9.2.1-1.fc30.x86_64 libstdc++-9.2.1-1.fc30.x86_64
(gdb) c
Continuing.

4368: Step=291 t=7.9251e-09 logt=-8.10099e+00 dt=7.92512e-10 logY0[6]=-2.16342e+00 logY[6]=-2.15800e+00 F+sum=1.71775e+07 F-sum=1.69384e+07 #equil=0
(gdb) c
Continuing.

3470: Step=291 t=7.9251e-09 logt=-8.10099e+00 dt=7.92512e-10 logY0[6]=-2.15800e+00 logY[6]=-2.15800e+00 F+sum=1.72799e+07 F-sum=1.71545e+07 #equil=0
(gdb) c
Continuing.

3501: Step=291 t=7.9251e-09 logt=-8.10099e+00 dt=7.92512e-10 logY0[6]=-2.15800e+00 logY[6]=-2.15591e+00 F+sum=1.72799e+07 F-sum=1.71545e+07 #equil=0
(gdb) c
Continuing.

3570: Step=291 t=8.7176e-09 logt=-8.05960e+00 dt=8.71763e-10 logY0[6]=-2.15643e+00 logY[6]=-2.15159e+00 F+sum=1.74182e+07 F-sum=1.72209e+07 #equil=0
(gdb) c
Continuing.

4368: Step=292 t=8.7176e-09 logt=-8.05960e+00 dt=8.71763e-10 logY0[6]=-2.15809e+00 logY[6]=-2.15809e+00 F+sum=1.74182e+07 F-sum=1.72209e+07 #equil=1
(gdb) c
Continuing.

66 it=0 t=8.72e-09 dt=8.72e-10 int=292 Asy=3/16 Eq=1/19 SX=1.0000 dE=5.51e+24 E=2.89e+17 E_R=8.81e-02 ch=1 ch2=1 fast:ne20-->he4+o16 Q=-4.734 dev=+0.000e+00
3470: Step=292 t=8.7176e-09 logt=-8.05960e+00 dt=8.71763e-10 logY0[6]=-2.15809e+00 logY[6]=-2.15809e+00 F+sum=1.43627e+06 F-sum=1.55180e+06 #equil=1
(gdb) c
Continuing.

3501: Step=292 t=8.7176e-09 logt=-8.05960e+00 dt=8.71763e-10 logY0[6]=-2.15809e+00 logY[6]=-2.16443e+00 F+sum=1.43627e+06 F-sum=1.55180e+06 #equil=1
(gdb) c
Continuing.

3570: Step=292 t=9.5894e-09 logt=-8.01821e+00 dt=9.58939e-10 logY0[6]=-2.16125e+00 logY[6]=-2.16388e+00 F+sum=1.45234e+06 F-sum=1.54773e+06 #equil=1
(gdb) c
Continuing.

4368: Step=293 t=9.5894e-09 logt=-8.01821e+00 dt=9.58939e-10 logY0[6]=-2.16449e+00 logY[6]=-2.16449e+00 F+sum=1.45234e+06 F-sum=1.54773e+06 #equil=1
(gdb) c
Continuing.

3470: Step=293 t=9.5894e-09 logt=-8.01821e+00 dt=9.58939e-10 logY0[6]=-2.16449e+00 logY[6]=-2.16449e+00 F+sum=1.45982e+06 F-sum=1.54052e+06 #equil=1
(gdb) 