#   Steps    t        devious   maxRatio isEquil
gnu: 287 5.4130e-09 4.2306e-02 2.0897e+00 0
gnu: 288 5.9543e-09 3.4853e-02 1.7886e+00 0
gnu: 289 6.5497e-09 2.8388e-02 1.5080e+00 0
gnu: 290 7.2047e-09 2.2878e-02 1.2554e+00 0
gnu: 291 7.9251e-09 1.8224e-02 1.0314e+00 0
gnu: 292 8.7176e-09 1.4308e-02 8.3407e-01 0
gnu: 292 8.7176e-09 1.4308e-02 8.8257e-01 1
gnu: 293 9.5894e-09 4.1481e-02 1.9112e+00 1
gnu: 293 9.5894e-09 4.1481e-02 2.5218e+00 1
gnu: 294 1.0548e-08 7.7601e-02 4.0678e+00 1
gnu: 294 1.0548e-08 7.7601e-02 4.6055e+00 1
gnu: 295 1.1603e-08 1.1108e-01 5.9868e+00 1
gnu: 295 1.1603e-08 1.1108e-01 6.4515e+00 1
gnu: 296 1.2763e-08 1.4169e-01 7.6883e+00 1
gnu: 296 1.2763e-08 1.4169e-01 8.0723e+00 1
gnu: 297 1.4040e-08 1.6962e-01 9.1883e+00 1
gnu: 297 1.4040e-08 1.6962e-01 9.4994e+00 1
gnu: 298 1.5444e-08 1.9500e-01 1.0506e+01 1
gnu: 298 1.5444e-08 1.9500e-01 1.0755e+01 1
gnu: 299 1.6988e-08 2.1794e-01 1.1663e+01 1
gnu: 299 1.6988e-08 2.1794e-01 1.1858e+01 1
gnu: 300 1.8687e-08 2.3862e-01 1.2675e+01 1
gnu: 300 1.8687e-08 2.3862e-01 1.2827e+01 1
gnu: 301 2.0556e-08 2.5721e-01 1.3561e+01 1
gnu: 301 2.0556e-08 2.5721e-01 1.3679e+01 1
gnu: 302 2.2611e-08 2.7391e-01 1.4338e+01 1
gnu: 302 2.2611e-08 2.7391e-01 1.4428e+01 1
gnu: 303 2.4872e-08 2.8895e-01 1.5020e+01 1
gnu: 303 2.4872e-08 2.8895e-01 1.5089e+01 1
gnu: 304 2.7360e-08 2.9587e-01 1.5228e+01 1
gnu: 304 2.7360e-08 2.9587e-01 1.5380e+01 1
gnu: 305 3.0096e-08 3.0185e-01 1.5498e+01 1
gnu: 305 3.0096e-08 3.0185e-01 1.5625e+01 1
gnu: 306 3.3105e-08 3.0818e-01 1.5755e+01 1
gnu: 306 3.3105e-08 3.0818e-01 1.5882e+01 1
gnu: 307 3.6416e-08 3.1470e-01 1.6015e+01 1
gnu: 307 3.6416e-08 3.1470e-01 1.6144e+01 1
gnu: 308 4.0057e-08 3.2070e-01 1.6255e+01 1
gnu: 308 4.0057e-08 3.2070e-01 1.6384e+01 1
gnu: 309 4.4063e-08 3.2677e-01 1.6497e+01 1
gnu: 309 4.4063e-08 3.2677e-01 1.6625e+01 1
gnu: 310 4.8469e-08 3.3267e-01 1.6733e+01 1
gnu: 310 4.8469e-08 3.3267e-01 1.6857e+01 1
gnu: 311 5.3316e-08 3.3828e-01 1.6955e+01 1
gnu: 311 5.3316e-08 3.3828e-01 1.7076e+01 1
gnu: 312 5.8648e-08 3.4378e-01 1.7171e+01 1
gnu: 312 5.8648e-08 3.4378e-01 1.7289e+01 1
gnu: 313 6.4513e-08 3.4911e-01 1.7380e+01 1
gnu: 313 6.4513e-08 3.4911e-01 1.7494e+01 1
gnu: 314 6.5597e-08 3.3826e-01 1.7162e+01 1
gnu: 314 6.5597e-08 3.3826e-01 1.7040e+01 1
gnu: 315 6.7765e-08 3.3932e-01 1.7070e+01 1
gnu: 315 6.7765e-08 3.3932e-01 1.7062e+01 1
gnu: 316 7.2102e-08 3.4286e-01 1.7140e+01 1
gnu: 316 7.2102e-08 3.4286e-01 1.7186e+01 1
gnu: 317 7.9313e-08 3.4797e-01 1.7274e+01 1
gnu: 317 7.9313e-08 3.4797e-01 1.7366e+01 1
gnu: 318 8.7244e-08 3.5367e-01 1.7460e+01 1
gnu: 318 8.7244e-08 3.5367e-01 1.7567e+01 1
gnu: 319 9.5968e-08 3.5993e-01 1.7666e+01 1
gnu: 319 9.5968e-08 3.5993e-01 1.7786e+01 1
gnu: 320 1.0557e-07 3.6680e-01 1.7892e+01 1
gnu: 320 1.0557e-07 3.6680e-01 1.8026e+01 1
