#   Steps iter  t_saved    dt_saved      t        Y0[3]       Y[3]
gnu:  279    0 2.5252e-09 2.5252e-10 2.7777e-09 2.3944e-04 2.3080e-04
gnu:  280    0 2.7777e-09 2.7777e-10 3.0555e-09 2.2134e-04 2.1282e-04
gnu:  281    0 3.0555e-09 3.0555e-10 3.3610e-09 2.0344e-04 1.9511e-04
gnu:  282    0 3.3610e-09 3.3610e-10 3.6971e-09 1.8588e-04 1.7781e-04
gnu:  283    0 3.6971e-09 3.6971e-10 4.0668e-09 1.6879e-04 1.6103e-04
gnu:  284    0 4.0668e-09 4.0668e-10 4.4735e-09 1.5228e-04 1.4488e-04
gnu:  285    0 4.4735e-09 4.4735e-10 4.9209e-09 1.3646e-04 1.2948e-04
gnu:  286    0 4.9209e-09 4.9209e-10 5.4130e-09 1.2142e-04 1.1497e-04
gnu:  287    0 5.4130e-09 5.4130e-10 5.9543e-09 1.0731e-04 1.0131e-04
gnu:  288    0 5.9543e-09 5.9543e-10 6.5497e-09 9.4112e-05 8.8600e-05
gnu:  289    0 6.5497e-09 6.5497e-10 7.2047e-09 8.1905e-05 7.6897e-05
gnu:  290    0 7.2047e-09 7.2047e-10 7.9251e-09 7.0738e-05 6.6234e-05
gnu:  291    0 7.9251e-09 7.9251e-10 8.7176e-09 6.0626e-05 5.6617e-05
gnu:  292    0 7.9251e-09 7.9251e-10 8.7176e-09 6.0626e-05 5.5776e-05
gnu:  292    0 8.7176e-09 8.7176e-10 9.5894e-09 5.0303e-05 4.7062e-05
gnu:  293    0 8.7176e-09 8.7176e-10 9.5894e-09 5.0303e-05 4.6996e-05
gnu:  293    0 9.5894e-09 9.5894e-10 1.0548e-08 4.2712e-05 3.9743e-05
gnu:  294    0 9.5894e-09 9.5894e-10 1.0548e-08 4.2712e-05 3.9686e-05
gnu:  294    0 1.0548e-08 1.0548e-09 1.1603e-08 3.5905e-05 3.3326e-05
gnu:  295    0 1.0548e-08 1.0548e-09 1.1603e-08 3.5905e-05 3.3275e-05
gnu:  295    0 1.1603e-08 1.1603e-09 1.2763e-08 2.9984e-05 2.7770e-05
gnu:  296    0 1.1603e-08 1.1603e-09 1.2763e-08 2.9984e-05 2.7731e-05
gnu:  296    0 1.2763e-08 1.2763e-09 1.4040e-08 2.4907e-05 2.3034e-05
gnu:  297    0 1.2763e-08 1.2763e-09 1.4040e-08 2.4907e-05 2.3005e-05
gnu:  297    0 1.4040e-08 1.4040e-09 1.5444e-08 2.0617e-05 1.9052e-05
gnu:  298    0 1.4040e-08 1.4040e-09 1.5444e-08 2.0617e-05 1.9030e-05
gnu:  298    0 1.5444e-08 1.5444e-09 1.6988e-08 1.7039e-05 1.5748e-05
gnu:  299    0 1.5444e-08 1.5444e-09 1.6988e-08 1.7039e-05 1.5733e-05
gnu:  299    0 1.6988e-08 1.6988e-09 1.8687e-08 1.4095e-05 1.3044e-05
gnu:  300    0 1.6988e-08 1.6988e-09 1.8687e-08 1.4095e-05 1.3033e-05
gnu:  300    0 1.8687e-08 1.8687e-09 2.0556e-08 1.1705e-05 1.0860e-05
gnu:  301    0 1.8687e-08 1.8687e-09 2.0556e-08 1.1705e-05 1.0853e-05
gnu:  301    0 2.0556e-08 2.0556e-09 2.2611e-08 9.7896e-06 9.1204e-06
gnu:  302    0 2.0556e-08 2.0556e-09 2.2611e-08 9.7896e-06 9.1156e-06
gnu:  302    0 2.2611e-08 2.2611e-09 2.4872e-08 8.2760e-06 7.8978e-06
gnu:  303    0 2.2611e-08 2.2611e-09 2.4872e-08 8.2760e-06 7.8936e-06
gnu:  303    0 2.4872e-08 2.4872e-09 2.7360e-08 7.2441e-06 6.9229e-06
gnu:  304    0 2.4872e-08 2.4872e-09 2.7360e-08 7.2441e-06 6.9211e-06
gnu:  304    0 2.7360e-08 2.7360e-09 3.0096e-08 6.3931e-06 6.1702e-06
gnu:  305    0 2.7360e-08 2.7360e-09 3.0096e-08 6.3931e-06 6.1699e-06
gnu:  305    0 3.0096e-08 3.0096e-09 3.3105e-08 5.7442e-06 5.5446e-06
gnu:  306    0 3.0096e-08 3.0096e-09 3.3105e-08 5.7442e-06 5.5443e-06
gnu:  306    0 3.3105e-08 3.3105e-09 3.6416e-08 5.1799e-06 4.9998e-06
gnu:  307    0 3.3105e-08 3.3105e-09 3.6416e-08 5.1799e-06 4.9973e-06
gnu:  307    0 3.6416e-08 3.6416e-09 4.0057e-08 4.7069e-06 4.5186e-06
gnu:  308    0 3.6416e-08 3.6416e-09 4.0057e-08 4.7069e-06 4.5164e-06
gnu:  308    0 4.0057e-08 4.0057e-09 4.4063e-08 4.2536e-06 4.0813e-06
gnu:  309    0 4.0057e-08 4.0057e-09 4.4063e-08 4.2536e-06 4.0793e-06
gnu:  309    0 4.4063e-08 4.4063e-09 4.8469e-08 3.8299e-06 3.6734e-06
gnu:  310    0 4.4063e-08 4.4063e-09 4.8469e-08 3.8299e-06 3.6712e-06
gnu:  310    0 4.8469e-08 4.8469e-09 5.3316e-08 3.5135e-06 3.3557e-06
gnu:  311    0 4.8469e-08 4.8469e-09 5.3316e-08 3.5135e-06 3.3537e-06
gnu:  311    0 5.3316e-08 5.3316e-09 5.8648e-08 3.2054e-06 3.0577e-06
gnu:  312    0 5.3316e-08 5.3316e-09 5.8648e-08 3.2054e-06 3.0558e-06
gnu:  312    0 5.8648e-08 5.8648e-09 6.4513e-08 2.9174e-06 2.7801e-06
gnu:  313    0 5.8648e-08 5.8648e-09 6.4513e-08 2.9174e-06 2.7783e-06
gnu:  313    5 6.4513e-08 1.0843e-09 6.5597e-08 2.6593e-06 2.9629e-06
gnu:  314    5 6.4513e-08 1.0843e-09 6.5597e-08 2.6593e-06 2.9699e-06
gnu:  314    5 6.5597e-08 2.1685e-09 6.7765e-08 3.1071e-06 3.1839e-06
gnu:  315    5 6.5597e-08 2.1685e-09 6.7765e-08 3.1071e-06 3.1870e-06
gnu:  315    5 6.7765e-08 4.3371e-09 7.2102e-08 3.2312e-06 3.2683e-06
gnu:  316    5 6.7765e-08 4.3371e-09 7.2102e-08 3.2312e-06 3.2687e-06
gnu:  316    5 7.2102e-08 7.2102e-09 7.9313e-08 3.2977e-06 3.3292e-06
gnu:  317    5 7.2102e-08 7.2102e-09 7.9313e-08 3.2977e-06 3.3287e-06
gnu:  317    5 7.9313e-08 7.9313e-09 8.7244e-08 3.3490e-06 3.3662e-06
gnu:  318    5 7.9313e-08 7.9313e-09 8.7244e-08 3.3490e-06 3.3651e-06
gnu:  318    5 8.7244e-08 8.7244e-09 9.5968e-08 3.3754e-06 3.3833e-06
gnu:  319    5 8.7244e-08 8.7244e-09 9.5968e-08 3.3754e-06 3.3817e-06
gnu:  319    5 9.5968e-08 9.5968e-09 1.0557e-07 3.3834e-06 3.3841e-06
gnu:  320    5 9.5968e-08 9.5968e-09 1.0557e-07 3.3834e-06 3.3819e-06
