#   Steps iter  t_saved    dt_saved      t        Y0[0]       Y[0]
gnu:  279    0 2.5252e-09 2.5252e-10 2.7777e-09 5.2290e-02 5.2547e-02
gnu:  280    0 2.7777e-09 2.7777e-10 3.0555e-09 5.2811e-02 5.3064e-02
gnu:  281    0 3.0555e-09 3.0555e-10 3.3610e-09 5.3324e-02 5.3573e-02
gnu:  282    0 3.3610e-09 3.3610e-10 3.6971e-09 5.3827e-02 5.4070e-02
gnu:  283    0 3.6971e-09 3.6971e-10 4.0668e-09 5.4318e-02 5.4554e-02
gnu:  284    0 4.0668e-09 4.0668e-10 4.4735e-09 5.4794e-02 5.5023e-02
gnu:  285    0 4.4735e-09 4.4735e-10 4.9209e-09 5.5253e-02 5.5455e-02
gnu:  286    0 4.9209e-09 4.9209e-10 5.4130e-09 5.5673e-02 5.5856e-02
gnu:  287    0 5.4130e-09 5.4130e-10 5.9543e-09 5.6060e-02 5.6229e-02
gnu:  288    0 5.9543e-09 5.9543e-10 6.5497e-09 5.6421e-02 5.6577e-02
gnu:  289    0 6.5497e-09 6.5497e-10 7.2047e-09 5.6759e-02 5.6901e-02
gnu:  290    0 7.2047e-09 7.2047e-10 7.9251e-09 5.7072e-02 5.7201e-02
gnu:  291    0 7.9251e-09 7.9251e-10 8.7176e-09 5.7361e-02 5.7475e-02
gnu:  292    0 7.9251e-09 7.9251e-10 8.7176e-09 5.7475e-02 5.6621e-02
gnu:  292    0 8.7176e-09 8.7176e-10 9.5894e-09 5.6885e-02 5.7125e-02
gnu:  293    0 8.7176e-09 8.7176e-10 9.5894e-09 5.7125e-02 5.7044e-02
gnu:  293    0 9.5894e-09 9.5894e-10 1.0548e-08 5.7292e-02 5.7515e-02
gnu:  294    0 9.5894e-09 9.5894e-10 1.0548e-08 5.7515e-02 5.7432e-02
gnu:  294    0 1.0548e-08 1.0548e-09 1.1603e-08 5.7649e-02 5.7846e-02
gnu:  295    0 1.0548e-08 1.0548e-09 1.1603e-08 5.7846e-02 5.7759e-02
gnu:  295    0 1.1603e-08 1.1603e-09 1.2763e-08 5.7953e-02 5.8130e-02
gnu:  296    0 1.1603e-08 1.1603e-09 1.2763e-08 5.8130e-02 5.8047e-02
gnu:  296    0 1.2763e-08 1.2763e-09 1.4040e-08 5.8222e-02 5.8380e-02
gnu:  297    0 1.2763e-08 1.2763e-09 1.4040e-08 5.8380e-02 5.8306e-02
gnu:  297    0 1.4040e-08 1.4040e-09 1.5444e-08 5.8463e-02 5.8607e-02
gnu:  298    0 1.4040e-08 1.4040e-09 1.5444e-08 5.8607e-02 5.8541e-02
gnu:  298    0 1.5444e-08 1.5444e-09 1.6988e-08 5.8684e-02 5.8814e-02
gnu:  299    0 1.5444e-08 1.5444e-09 1.6988e-08 5.8814e-02 5.8758e-02
gnu:  299    0 1.6988e-08 1.6988e-09 1.8687e-08 5.8889e-02 5.9010e-02
gnu:  300    0 1.6988e-08 1.6988e-09 1.8687e-08 5.9010e-02 5.8962e-02
gnu:  300    0 1.8687e-08 1.8687e-09 2.0556e-08 5.9085e-02 5.9199e-02
gnu:  301    0 1.8687e-08 1.8687e-09 2.0556e-08 5.9199e-02 5.9160e-02
gnu:  301    0 2.0556e-08 2.0556e-09 2.2611e-08 5.9277e-02 5.9387e-02
gnu:  302    0 2.0556e-08 2.0556e-09 2.2611e-08 5.9387e-02 5.9356e-02
gnu:  302    0 2.2611e-08 2.2611e-09 2.4872e-08 5.9470e-02 5.9579e-02
gnu:  303    0 2.2611e-08 2.2611e-09 2.4872e-08 5.9579e-02 5.9547e-02
gnu:  303    0 2.4872e-08 2.4872e-09 2.7360e-08 5.9684e-02 5.9816e-02
gnu:  304    0 2.4872e-08 2.4872e-09 2.7360e-08 5.9816e-02 5.9800e-02
gnu:  304    0 2.7360e-08 2.7360e-09 3.0096e-08 5.9947e-02 6.0089e-02
gnu:  305    0 2.7360e-08 2.7360e-09 3.0096e-08 6.0089e-02 6.0086e-02
gnu:  305    0 3.0096e-08 3.0096e-09 3.3105e-08 6.0236e-02 6.0379e-02
gnu:  306    0 3.0096e-08 3.0096e-09 3.3105e-08 6.0379e-02 6.0375e-02
gnu:  306    0 3.3105e-08 3.3105e-09 3.6416e-08 6.0530e-02 6.0678e-02
gnu:  307    0 3.3105e-08 3.3105e-09 3.6416e-08 6.0678e-02 6.0648e-02
gnu:  307    0 3.6416e-08 3.6416e-09 4.0057e-08 6.0805e-02 6.0954e-02
gnu:  308    0 3.6416e-08 3.6416e-09 4.0057e-08 6.0954e-02 6.0924e-02
gnu:  308    0 4.0057e-08 4.0057e-09 4.4063e-08 6.1083e-02 6.1232e-02
gnu:  309    0 4.0057e-08 4.0057e-09 4.4063e-08 6.1232e-02 6.1203e-02
gnu:  309    0 4.4063e-08 4.4063e-09 4.8469e-08 6.1358e-02 6.1503e-02
gnu:  310    0 4.4063e-08 4.4063e-09 4.8469e-08 6.1503e-02 6.1467e-02
gnu:  310    0 4.8469e-08 4.8469e-09 5.3316e-08 6.1618e-02 6.1761e-02
gnu:  311    0 4.8469e-08 4.8469e-09 5.3316e-08 6.1761e-02 6.1724e-02
gnu:  311    0 5.3316e-08 5.3316e-09 5.8648e-08 6.1873e-02 6.2014e-02
gnu:  312    0 5.3316e-08 5.3316e-09 5.8648e-08 6.2014e-02 6.1975e-02
gnu:  312    0 5.8648e-08 5.8648e-09 6.4513e-08 6.2121e-02 6.2259e-02
gnu:  313    0 5.8648e-08 5.8648e-09 6.4513e-08 6.2259e-02 6.2219e-02
gnu:  313    5 6.4513e-08 1.0843e-09 6.5597e-08 6.2364e-02 6.2446e-02
gnu:  314    5 6.4513e-08 1.0843e-09 6.5597e-08 6.2446e-02 6.2594e-02
gnu:  314    5 6.5597e-08 2.1685e-09 6.7765e-08 6.2709e-02 6.2796e-02
gnu:  315    5 6.5597e-08 2.1685e-09 6.7765e-08 6.2796e-02 6.2856e-02
gnu:  315    5 6.7765e-08 4.3371e-09 7.2102e-08 6.3017e-02 6.3172e-02
gnu:  316    5 6.7765e-08 4.3371e-09 7.2102e-08 6.3172e-02 6.3181e-02
gnu:  316    5 7.2102e-08 7.2102e-09 7.9313e-08 6.3438e-02 6.3691e-02
gnu:  317    5 7.2102e-08 7.2102e-09 7.9313e-08 6.3691e-02 6.3682e-02
gnu:  317    5 7.9313e-08 7.9313e-09 8.7244e-08 6.3960e-02 6.4235e-02
gnu:  318    5 7.9313e-08 7.9313e-09 8.7244e-08 6.4235e-02 6.4213e-02
gnu:  318    5 8.7244e-08 8.7244e-09 9.5968e-08 6.4514e-02 6.4811e-02
gnu:  319    5 8.7244e-08 8.7244e-09 9.5968e-08 6.4811e-02 6.4780e-02
gnu:  319    5 9.5968e-08 9.5968e-09 1.0557e-07 6.5105e-02 6.5425e-02
gnu:  320    5 9.5968e-08 9.5968e-09 1.0557e-07 6.5425e-02 6.5384e-02
