#   Steps    t       check[0]   check[1]   check[2]   maxRatio  eqRatio[0] eqRatio[1] eqRatio[2]
gnu: 197 1.0188e-12 4.1129e-02 7.7230e-02 9.9917e-01 9.9917e+01 4.1129e+00 7.7230e+00 9.9917e+01
gnu: 198 1.1207e-12 4.0588e-02 7.9717e-02 9.9908e-01 9.9908e+01 4.0588e+00 7.9717e+00 9.9908e+01
gnu: 199 1.2328e-12 4.0013e-02 8.2372e-02 9.9898e-01 9.9898e+01 4.0013e+00 8.2372e+00 9.9898e+01
gnu: 200 1.3560e-12 3.9402e-02 8.5200e-02 9.9887e-01 9.9887e+01 3.9402e+00 8.5200e+00 9.9887e+01
gnu: 201 1.4916e-12 3.8756e-02 8.8205e-02 9.9876e-01 9.9876e+01 3.8756e+00 8.8205e+00 9.9876e+01
gnu: 202 1.6408e-12 3.8074e-02 9.1391e-02 9.9862e-01 9.9862e+01 3.8074e+00 9.1391e+00 9.9862e+01
gnu: 203 1.8049e-12 3.7356e-02 9.4758e-02 9.9848e-01 9.9848e+01 3.7356e+00 9.4758e+00 9.9848e+01
gnu: 204 1.9854e-12 3.6605e-02 9.8308e-02 9.9831e-01 9.9831e+01 3.6605e+00 9.8308e+00 9.9831e+01
gnu: 205 2.1839e-12 3.5821e-02 1.0204e-01 9.9813e-01 9.9813e+01 3.5821e+00 1.0204e+01 9.9813e+01
gnu: 206 2.4023e-12 3.5007e-02 1.0595e-01 9.9793e-01 9.9793e+01 3.5007e+00 1.0595e+01 9.9793e+01
gnu: 207 2.6425e-12 3.4164e-02 1.1004e-01 9.9771e-01 9.9771e+01 3.4164e+00 1.1004e+01 9.9771e+01
gnu: 208 2.9068e-12 3.3297e-02 1.1431e-01 9.9746e-01 9.9746e+01 3.3297e+00 1.1431e+01 9.9746e+01
gnu: 209 3.1975e-12 3.2409e-02 1.1874e-01 9.9718e-01 9.9718e+01 3.2409e+00 1.1874e+01 9.9718e+01
gnu: 210 3.5172e-12 3.1504e-02 1.2333e-01 9.9687e-01 9.9687e+01 3.1504e+00 1.2333e+01 9.9687e+01
gnu: 211 3.8689e-12 3.0587e-02 1.2807e-01 9.9653e-01 9.9653e+01 3.0587e+00 1.2807e+01 9.9653e+01
gnu: 212 4.2558e-12 2.9664e-02 1.3297e-01 9.9615e-01 9.9615e+01 2.9664e+00 1.3297e+01 9.9615e+01
gnu: 213 4.6814e-12 2.8740e-02 1.3800e-01 9.9572e-01 9.9572e+01 2.8740e+00 1.3800e+01 9.9572e+01
gnu: 214 5.1495e-12 2.7821e-02 1.4316e-01 9.9525e-01 9.9525e+01 2.7821e+00 1.4316e+01 9.9525e+01
gnu: 215 5.6645e-12 2.6914e-02 1.4844e-01 9.9472e-01 9.9472e+01 2.6914e+00 1.4844e+01 9.9472e+01
gnu: 216 6.2310e-12 2.6024e-02 1.5384e-01 9.9413e-01 9.9413e+01 2.6024e+00 1.5384e+01 9.9413e+01
gnu: 217 6.8540e-12 2.5159e-02 1.5934e-01 9.9348e-01 9.9348e+01 2.5159e+00 1.5934e+01 9.9348e+01
gnu: 218 7.5395e-12 2.4325e-02 1.6495e-01 9.9275e-01 9.9275e+01 2.4325e+00 1.6495e+01 9.9275e+01
gnu: 219 8.2934e-12 2.3526e-02 1.7067e-01 9.9195e-01 9.9195e+01 2.3526e+00 1.7067e+01 9.9195e+01
gnu: 220 9.1227e-12 2.2769e-02 1.7648e-01 9.9106e-01 9.9106e+01 2.2769e+00 1.7648e+01 9.9106e+01
gnu: 221 1.0035e-11 2.2057e-02 1.8240e-01 9.9007e-01 9.9007e+01 2.2057e+00 1.8240e+01 9.9007e+01
gnu: 222 1.1039e-11 2.1396e-02 1.8842e-01 9.8898e-01 9.8898e+01 2.1396e+00 1.8842e+01 9.8898e+01
gnu: 223 1.2142e-11 2.0788e-02 1.9455e-01 9.8778e-01 9.8778e+01 2.0788e+00 1.9455e+01 9.8778e+01
gnu: 224 1.3357e-11 2.0234e-02 2.0080e-01 9.8645e-01 9.8645e+01 2.0234e+00 2.0080e+01 9.8645e+01
gnu: 225 1.4692e-11 1.9736e-02 2.0716e-01 9.8498e-01 9.8498e+01 1.9736e+00 2.0716e+01 9.8498e+01
gnu: 226 1.6161e-11 1.9294e-02 2.1366e-01 9.8337e-01 9.8337e+01 1.9294e+00 2.1366e+01 9.8337e+01
gnu: 227 1.7778e-11 1.8905e-02 2.2029e-01 9.8161e-01 9.8161e+01 1.8905e+00 2.2029e+01 9.8161e+01
gnu: 228 1.9555e-11 1.8568e-02 2.2706e-01 9.7967e-01 9.7967e+01 1.8568e+00 2.2706e+01 9.7967e+01
gnu: 229 2.1511e-11 1.8278e-02 2.3397e-01 9.7754e-01 9.7754e+01 1.8278e+00 2.3397e+01 9.7754e+01
gnu: 230 2.3662e-11 1.8031e-02 2.4103e-01 9.7521e-01 9.7521e+01 1.8031e+00 2.4103e+01 9.7521e+01
gnu: 231 2.6028e-11 1.7820e-02 2.4823e-01 9.7267e-01 9.7267e+01 1.7820e+00 2.4823e+01 9.7267e+01
gnu: 232 2.8631e-11 1.7639e-02 2.5557e-01 9.6989e-01 9.6989e+01 1.7639e+00 2.5557e+01 9.6989e+01
gnu: 233 3.1494e-11 1.7480e-02 2.6302e-01 9.6686e-01 9.6686e+01 1.7480e+00 2.6302e+01 9.6686e+01
gnu: 234 3.4644e-11 1.7335e-02 2.7057e-01 9.6355e-01 9.6355e+01 1.7335e+00 2.7057e+01 9.6355e+01
gnu: 235 3.8108e-11 1.7196e-02 2.7817e-01 9.5994e-01 9.5994e+01 1.7196e+00 2.7817e+01 9.5994e+01
gnu: 236 4.1919e-11 1.7054e-02 2.8579e-01 9.5600e-01 9.5600e+01 1.7054e+00 2.8579e+01 9.5600e+01
gnu: 237 4.6111e-11 1.6903e-02 2.9337e-01 9.5169e-01 9.5169e+01 1.6903e+00 2.9337e+01 9.5169e+01
gnu: 238 5.0722e-11 1.6736e-02 3.0085e-01 9.4699e-01 9.4699e+01 1.6736e+00 3.0085e+01 9.4699e+01
gnu: 239 5.5794e-11 1.6547e-02 3.0814e-01 9.4183e-01 9.4183e+01 1.6547e+00 3.0814e+01 9.4183e+01
gnu: 240 6.1373e-11 1.6333e-02 3.1515e-01 9.3619e-01 9.3619e+01 1.6333e+00 3.1515e+01 9.3619e+01
gnu: 241 6.7511e-11 1.6092e-02 3.2180e-01 9.2999e-01 9.2999e+01 1.6092e+00 3.2180e+01 9.2999e+01
gnu: 242 7.4262e-11 1.5826e-02 3.2797e-01 9.2318e-01 9.2318e+01 1.5826e+00 3.2797e+01 9.2318e+01
gnu: 243 8.1688e-11 1.5539e-02 3.3354e-01 9.1569e-01 9.1569e+01 1.5539e+00 3.3354e+01 9.1569e+01
gnu: 244 8.9857e-11 1.5239e-02 3.3842e-01 9.0743e-01 9.0743e+01 1.5239e+00 3.3842e+01 9.0743e+01
gnu: 245 9.8842e-11 1.4934e-02 3.4248e-01 8.9833e-01 8.9833e+01 1.4934e+00 3.4248e+01 8.9833e+01
gnu: 246 1.0873e-10 1.4641e-02 3.4562e-01 8.8828e-01 8.8828e+01 1.4641e+00 3.4562e+01 8.8828e+01
gnu: 247 1.1960e-10 1.4374e-02 3.4777e-01 8.7719e-01 8.7719e+01 1.4374e+00 3.4777e+01 8.7719e+01
gnu: 248 1.3156e-10 1.4154e-02 3.4883e-01 8.6495e-01 8.6495e+01 1.4154e+00 3.4883e+01 8.6495e+01
gnu: 249 1.4471e-10 1.4000e-02 3.4875e-01 8.5146e-01 8.5146e+01 1.4000e+00 3.4875e+01 8.5146e+01
gnu: 250 1.5919e-10 1.3934e-02 3.4752e-01 8.3662e-01 8.3662e+01 1.3934e+00 3.4752e+01 8.3662e+01
gnu: 251 1.7510e-10 1.3974e-02 3.4512e-01 8.2033e-01 8.2033e+01 1.3974e+00 3.4512e+01 8.2033e+01
gnu: 252 1.9262e-10 1.4137e-02 3.4158e-01 8.0250e-01 8.0250e+01 1.4137e+00 3.4158e+01 8.0250e+01
gnu: 253 2.1188e-10 1.4435e-02 3.3693e-01 7.8306e-01 7.8306e+01 1.4435e+00 3.3693e+01 7.8306e+01
gnu: 254 2.3306e-10 1.4871e-02 3.3125e-01 7.6195e-01 7.6195e+01 1.4871e+00 3.3125e+01 7.6195e+01
gnu: 255 2.5637e-10 1.5441e-02 3.2461e-01 7.3915e-01 7.3915e+01 1.5441e+00 3.2461e+01 7.3915e+01
gnu: 256 2.8201e-10 1.6134e-02 3.1709e-01 7.1467e-01 7.1467e+01 1.6134e+00 3.1709e+01 7.1467e+01
gnu: 257 3.1021e-10 1.6929e-02 3.0878e-01 6.8853e-01 6.8853e+01 1.6929e+00 3.0878e+01 6.8853e+01
gnu: 258 3.4123e-10 1.7798e-02 2.9976e-01 6.6080e-01 6.6080e+01 1.7798e+00 2.9976e+01 6.6080e+01
gnu: 259 3.7535e-10 1.8709e-02 2.9009e-01 6.3158e-01 6.3158e+01 1.8709e+00 2.9009e+01 6.3158e+01
gnu: 260 4.1289e-10 1.9625e-02 2.7985e-01 6.0101e-01 6.0101e+01 1.9625e+00 2.7985e+01 6.0101e+01
gnu: 261 4.5418e-10 2.0512e-02 2.6907e-01 5.6924e-01 5.6924e+01 2.0512e+00 2.6907e+01 5.6924e+01
gnu: 262 4.9959e-10 2.1336e-02 2.5781e-01 5.3647e-01 5.3647e+01 2.1336e+00 2.5781e+01 5.3647e+01
gnu: 263 5.4955e-10 2.2067e-02 2.4612e-01 5.0292e-01 5.0292e+01 2.2067e+00 2.4612e+01 5.0292e+01
gnu: 264 6.0451e-10 2.2691e-02 2.3404e-01 4.6882e-01 4.6882e+01 2.2691e+00 2.3404e+01 4.6882e+01
gnu: 265 6.6496e-10 2.3167e-02 2.2164e-01 4.3445e-01 4.3445e+01 2.3167e+00 2.2164e+01 4.3445e+01
gnu: 266 7.3146e-10 2.3482e-02 2.0897e-01 4.0010e-01 4.0010e+01 2.3482e+00 2.0897e+01 4.0010e+01
gnu: 267 8.0460e-10 2.3625e-02 1.9611e-01 3.6605e-01 3.6605e+01 2.3625e+00 1.9611e+01 3.6605e+01
gnu: 268 8.8506e-10 2.3588e-02 1.8315e-01 3.3261e-01 3.3261e+01 2.3588e+00 1.8315e+01 3.3261e+01
gnu: 269 9.7357e-10 2.3370e-02 1.7018e-01 3.0009e-01 3.0009e+01 2.3370e+00 1.7018e+01 3.0009e+01
gnu: 270 1.0709e-09 2.2975e-02 1.5730e-01 2.6877e-01 2.6877e+01 2.2975e+00 1.5730e+01 2.6877e+01
gnu: 271 1.1780e-09 2.2412e-02 1.4463e-01 2.3892e-01 2.3892e+01 2.2412e+00 1.4463e+01 2.3892e+01
gnu: 272 1.2958e-09 2.1697e-02 1.3226e-01 2.1080e-01 2.1080e+01 2.1697e+00 1.3226e+01 2.1080e+01
gnu: 273 1.4254e-09 2.0898e-02 1.2036e-01 1.8462e-01 1.8462e+01 2.0898e+00 1.2036e+01 1.8462e+01
gnu: 274 1.5679e-09 1.9965e-02 1.0899e-01 1.6053e-01 1.6053e+01 1.9965e+00 1.0899e+01 1.6053e+01
gnu: 275 1.7247e-09 1.8943e-02 9.8218e-02 1.3858e-01 1.3858e+01 1.8943e+00 9.8218e+00 1.3858e+01
gnu: 276 1.8972e-09 1.7901e-02 8.8086e-02 1.1881e-01 1.1881e+01 1.7901e+00 8.8086e+00 1.1881e+01
gnu: 277 2.0869e-09 1.6801e-02 7.8663e-02 1.0118e-01 1.0118e+01 1.6801e+00 7.8663e+00 1.0118e+01
gnu: 278 2.2956e-09 1.5684e-02 6.9944e-02 8.5596e-02 8.5596e+00 1.5684e+00 6.9944e+00 8.5596e+00
gnu: 279 2.5252e-09 1.4572e-02 6.1928e-02 7.1937e-02 7.1937e+00 1.4572e+00 6.1928e+00 7.1937e+00
gnu: 280 2.7777e-09 1.3481e-02 5.4604e-02 6.0051e-02 6.0051e+00 1.3481e+00 5.4604e+00 6.0051e+00
gnu: 281 3.0555e-09 1.2421e-02 4.7950e-02 4.9779e-02 4.9779e+00 1.2421e+00 4.7950e+00 4.9779e+00
gnu: 282 3.3610e-09 1.1399e-02 4.1937e-02 4.0956e-02 4.1937e+00 1.1399e+00 4.1937e+00 4.0956e+00
gnu: 283 3.6971e-09 1.0423e-02 3.6526e-02 3.3425e-02 3.6526e+00 1.0423e+00 3.6526e+00 3.3425e+00
gnu: 284 4.0668e-09 9.4943e-03 3.1676e-02 2.7041e-02 3.1676e+00 9.4943e-01 3.1676e+00 2.7041e+00
gnu: 285 4.4735e-09 8.6158e-03 2.7345e-02 2.1671e-02 2.7345e+00 8.6158e-01 2.7345e+00 2.1671e+00
gnu: 286 4.9209e-09 7.9198e-03 2.3911e-02 1.7752e-02 2.3911e+00 7.9198e-01 2.3911e+00 1.7752e+00
gnu: 287 5.4130e-09 7.0008e-03 2.0897e-02 1.3683e-02 2.0897e+00 7.0008e-01 2.0897e+00 1.3683e+00
gnu: 288 5.9543e-09 6.2067e-03 1.7886e-02 1.0291e-02 1.7886e+00 6.2067e-01 1.7886e+00 1.0291e+00
gnu: 289 6.5497e-09 5.4870e-03 1.5080e-02 7.5241e-03 1.5080e+00 5.4870e-01 1.5080e+00 7.5241e-01
gnu: 290 7.2047e-09 4.8237e-03 1.2554e-02 5.3182e-03 1.2554e+00 4.8237e-01 1.2554e+00 5.3182e-01
gnu: 291 7.9251e-09 4.2080e-03 1.0314e-02 3.5930e-03 1.0314e+00 4.2080e-01 1.0314e+00 3.5930e-01
gnu: 292 8.7176e-09 3.6363e-03 8.3407e-03 2.2677e-03 8.3407e-01 3.6363e-01 8.3407e-01 2.2677e-01
