#          t    index   reaction    iso   flux       kfac        Y[7]      Y0[7]
gnu:   2.5157e-09 31 ar36-->he4+s32 36Ar 4.8930e+05 8.0233e+08 6.0984e-04 6.0293e-04
gnu:   2.5343e-09 31 ar36-->he4+s32 36Ar 4.9484e+05 8.0233e+08 6.1675e-04 6.1675e-04
gnu:   2.5604e-09 31 ar36-->he4+s32 36Ar 5.0258e+05 8.0233e+08 6.2640e-04 6.1675e-04
gnu:   2.5864e-09 31 ar36-->he4+s32 36Ar 5.1029e+05 8.0233e+08 6.3601e-04 6.3601e-04
gnu:   2.6119e-09 31 ar36-->he4+s32 36Ar 5.1783e+05 8.0233e+08 6.4541e-04 6.3601e-04
gnu:   2.6374e-09 31 ar36-->he4+s32 36Ar 5.2535e+05 8.0233e+08 6.5478e-04 6.5478e-04
gnu:   2.6624e-09 31 ar36-->he4+s32 36Ar 5.3269e+05 8.0233e+08 6.6393e-04 6.5478e-04
gnu:   2.6874e-09 31 ar36-->he4+s32 36Ar 5.4001e+05 8.0233e+08 6.7305e-04 6.7305e-04
gnu:   2.7119e-09 31 ar36-->he4+s32 36Ar 5.4716e+05 8.0233e+08 6.8196e-04 6.7305e-04
gnu:   2.7364e-09 31 ar36-->he4+s32 36Ar 5.5428e+05 8.0233e+08 6.9084e-04 6.9084e-04
gnu:   2.7605e-09 31 ar36-->he4+s32 36Ar 5.6123e+05 8.0233e+08 6.9950e-04 6.9084e-04
gnu:   2.7845e-09 31 ar36-->he4+s32 36Ar 5.6816e+05 8.0233e+08 7.0814e-04 7.0814e-04
gnu:   2.8080e-09 31 ar36-->he4+s32 36Ar 5.7493e+05 8.0233e+08 7.1657e-04 7.0814e-04
gnu:   2.8315e-09 31 ar36-->he4+s32 36Ar 5.8166e+05 8.0233e+08 7.2497e-04 7.2497e-04
gnu:   2.8546e-09 31 ar36-->he4+s32 36Ar 5.8824e+05 8.0233e+08 7.3317e-04 7.2497e-04
gnu:   2.8777e-09 31 ar36-->he4+s32 36Ar 5.9479e+05 8.0233e+08 7.4133e-04 7.4133e-04
gnu:   2.9003e-09 31 ar36-->he4+s32 36Ar 6.0119e+05 8.0233e+08 7.4930e-04 7.4133e-04
gnu:   2.9229e-09 31 ar36-->he4+s32 36Ar 6.0756e+05 8.0233e+08 7.5724e-04 7.5724e-04
gnu:   2.9450e-09 31 ar36-->he4+s32 36Ar 6.1378e+05 8.0233e+08 7.6499e-04 7.5724e-04
gnu:   2.9672e-09 31 ar36-->he4+s32 36Ar 6.1997e+05 8.0233e+08 7.7271e-04 7.7271e-04
gnu:   2.9889e-09 31 ar36-->he4+s32 36Ar 6.2601e+05 8.0233e+08 7.8024e-04 7.7271e-04
gnu:   3.0106e-09 31 ar36-->he4+s32 36Ar 6.3203e+05 8.0233e+08 7.8774e-04 7.8774e-04
gnu:   3.0318e-09 31 ar36-->he4+s32 36Ar 6.3790e+05 8.0233e+08 7.9506e-04 7.8774e-04
gnu:   3.0531e-09 31 ar36-->he4+s32 36Ar 6.4374e+05 8.0233e+08 8.0234e-04 8.0234e-04
gnu:   3.0740e-09 31 ar36-->he4+s32 36Ar 6.4945e+05 8.0233e+08 8.0945e-04 8.0234e-04
gnu:   3.0948e-09 31 ar36-->he4+s32 36Ar 6.5513e+05 8.0233e+08 8.1654e-04 8.1654e-04
gnu:   3.1152e-09 31 ar36-->he4+s32 36Ar 6.6068e+05 8.0233e+08 8.2345e-04 8.1654e-04
gnu:   3.1357e-09 31 ar36-->he4+s32 36Ar 6.6620e+05 8.0233e+08 8.3033e-04 8.3033e-04
gnu:   3.1557e-09 31 ar36-->he4+s32 36Ar 6.7158e+05 8.0233e+08 8.3704e-04 8.3033e-04
gnu:   3.1757e-09 31 ar36-->he4+s32 36Ar 6.7695e+05 8.0233e+08 8.4372e-04 8.4372e-04
gnu:   3.1953e-09 31 ar36-->he4+s32 36Ar 6.8218e+05 8.0233e+08 8.5025e-04 8.4372e-04
gnu:   3.2149e-09 31 ar36-->he4+s32 36Ar 6.8739e+05 8.0233e+08 8.5674e-04 8.5674e-04
gnu:   3.2342e-09 31 ar36-->he4+s32 36Ar 6.9247e+05 8.0233e+08 8.6308e-04 8.5674e-04
gnu:   3.2534e-09 31 ar36-->he4+s32 36Ar 6.9754e+05 8.0233e+08 8.6939e-04 8.6939e-04
gnu:   3.2722e-09 31 ar36-->he4+s32 36Ar 7.0248e+05 8.0233e+08 8.7555e-04 8.6939e-04
gnu:   3.2911e-09 31 ar36-->he4+s32 36Ar 7.0740e+05 8.0233e+08 8.8168e-04 8.8168e-04
gnu:   3.3095e-09 31 ar36-->he4+s32 36Ar 7.1220e+05 8.0233e+08 8.8766e-04 8.8168e-04
gnu:   3.3280e-09 31 ar36-->he4+s32 36Ar 7.1698e+05 8.0233e+08 8.9362e-04 8.9362e-04
gnu:   3.3539e-09 31 ar36-->he4+s32 36Ar 7.2364e+05 8.0233e+08 9.0192e-04 8.9362e-04
gnu:   3.3797e-09 31 ar36-->he4+s32 36Ar 7.3026e+05 8.0233e+08 9.1017e-04 9.1017e-04
gnu:   3.4051e-09 31 ar36-->he4+s32 36Ar 7.3671e+05 8.0233e+08 9.1821e-04 9.1017e-04
gnu:   3.4304e-09 31 ar36-->he4+s32 36Ar 7.4312e+05 8.0233e+08 9.2620e-04 9.2620e-04
gnu:   3.4552e-09 31 ar36-->he4+s32 36Ar 7.4936e+05 8.0233e+08 9.3398e-04 9.2620e-04
gnu:   3.4800e-09 31 ar36-->he4+s32 36Ar 7.5557e+05 8.0233e+08 9.4172e-04 9.4172e-04
gnu:   3.5044e-09 31 ar36-->he4+s32 36Ar 7.6161e+05 8.0233e+08 9.4925e-04 9.4172e-04
gnu:   3.5287e-09 31 ar36-->he4+s32 36Ar 7.6762e+05 8.0233e+08 9.5674e-04 9.5674e-04
gnu:   3.5526e-09 31 ar36-->he4+s32 36Ar 7.7347e+05 8.0233e+08 9.6403e-04 9.5674e-04
gnu:   3.5764e-09 31 ar36-->he4+s32 36Ar 7.7929e+05 8.0233e+08 9.7128e-04 9.7128e-04
gnu:   3.5998e-09 31 ar36-->he4+s32 36Ar 7.8495e+05 8.0233e+08 9.7834e-04 9.7128e-04
gnu:   3.6231e-09 31 ar36-->he4+s32 36Ar 7.9058e+05 8.0233e+08 9.8536e-04 9.8536e-04
gnu:   3.6460e-09 31 ar36-->he4+s32 36Ar 7.9607e+05 8.0233e+08 9.9219e-04 9.8536e-04
gnu:   3.6689e-09 31 ar36-->he4+s32 36Ar 8.0152e+05 8.0233e+08 9.9899e-04 9.9899e-04
gnu:   3.6914e-09 31 ar36-->he4+s32 36Ar 8.0683e+05 8.0233e+08 1.0056e-03 9.9899e-04
gnu:   3.7138e-09 31 ar36-->he4+s32 36Ar 8.1211e+05 8.0233e+08 1.0122e-03 1.0122e-03
gnu:   3.7358e-09 31 ar36-->he4+s32 36Ar 8.1725e+05 8.0233e+08 1.0186e-03 1.0122e-03
gnu:   3.7578e-09 31 ar36-->he4+s32 36Ar 8.2237e+05 8.0233e+08 1.0250e-03 1.0250e-03
gnu:   3.7794e-09 31 ar36-->he4+s32 36Ar 8.2735e+05 8.0233e+08 1.0312e-03 1.0250e-03
gnu:   3.8009e-09 31 ar36-->he4+s32 36Ar 8.3230e+05 8.0233e+08 1.0374e-03 1.0374e-03
gnu:   3.8220e-09 31 ar36-->he4+s32 36Ar 8.3713e+05 8.0233e+08 1.0434e-03 1.0374e-03
gnu:   3.8432e-09 31 ar36-->he4+s32 36Ar 8.4193e+05 8.0233e+08 1.0494e-03 1.0494e-03
gnu:   3.8639e-09 31 ar36-->he4+s32 36Ar 8.4660e+05 8.0233e+08 1.0552e-03 1.0494e-03
gnu:   3.8846e-09 31 ar36-->he4+s32 36Ar 8.5125e+05 8.0233e+08 1.0610e-03 1.0610e-03
gnu:   3.9049e-09 31 ar36-->he4+s32 36Ar 8.5578e+05 8.0233e+08 1.0666e-03 1.0610e-03
gnu:   3.9251e-09 31 ar36-->he4+s32 36Ar 8.6028e+05 8.0233e+08 1.0722e-03 1.0722e-03
gnu:   3.9450e-09 31 ar36-->he4+s32 36Ar 8.6467e+05 8.0233e+08 1.0777e-03 1.0722e-03
gnu:   3.9649e-09 31 ar36-->he4+s32 36Ar 8.6904e+05 8.0233e+08 1.0831e-03 1.0831e-03
gnu:   3.9844e-09 31 ar36-->he4+s32 36Ar 8.7329e+05 8.0233e+08 1.0884e-03 1.0831e-03
gnu:   4.0039e-09 31 ar36-->he4+s32 36Ar 8.7752e+05 8.0233e+08 1.0937e-03 1.0937e-03
gnu:   4.0230e-09 31 ar36-->he4+s32 36Ar 8.8164e+05 8.0233e+08 1.0989e-03 1.0937e-03
gnu:   4.0421e-09 31 ar36-->he4+s32 36Ar 8.8574e+05 8.0233e+08 1.1040e-03 1.1040e-03
gnu:   4.0608e-09 31 ar36-->he4+s32 36Ar 8.8974e+05 8.0233e+08 1.1089e-03 1.1040e-03
gnu:   4.0795e-09 31 ar36-->he4+s32 36Ar 8.9372e+05 8.0233e+08 1.1139e-03 1.1139e-03
gnu:   4.0978e-09 31 ar36-->he4+s32 36Ar 8.9759e+05 8.0233e+08 1.1187e-03 1.1139e-03
gnu:   4.1162e-09 31 ar36-->he4+s32 36Ar 9.0145e+05 8.0233e+08 1.1235e-03 1.1235e-03
gnu:   4.1418e-09 31 ar36-->he4+s32 36Ar 9.0682e+05 8.0233e+08 1.1302e-03 1.1235e-03
gnu:   4.1675e-09 31 ar36-->he4+s32 36Ar 9.1215e+05 8.0233e+08 1.1369e-03 1.1369e-03
gnu:   4.1927e-09 31 ar36-->he4+s32 36Ar 9.1733e+05 8.0233e+08 1.1433e-03 1.1369e-03
gnu:   4.2178e-09 31 ar36-->he4+s32 36Ar 9.2248e+05 8.0233e+08 1.1497e-03 1.1497e-03
gnu:   4.2425e-09 31 ar36-->he4+s32 36Ar 9.2748e+05 8.0233e+08 1.1560e-03 1.1497e-03
gnu:   4.2671e-09 31 ar36-->he4+s32 36Ar 9.3245e+05 8.0233e+08 1.1622e-03 1.1622e-03
gnu:   4.2913e-09 31 ar36-->he4+s32 36Ar 9.3729e+05 8.0233e+08 1.1682e-03 1.1622e-03
gnu:   4.3155e-09 31 ar36-->he4+s32 36Ar 9.4209e+05 8.0233e+08 1.1742e-03 1.1742e-03
gnu:   4.3391e-09 31 ar36-->he4+s32 36Ar 9.4676e+05 8.0233e+08 1.1800e-03 1.1742e-03
gnu:   4.3628e-09 31 ar36-->he4+s32 36Ar 9.5140e+05 8.0233e+08 1.1858e-03 1.1858e-03
gnu:   4.3860e-09 31 ar36-->he4+s32 36Ar 9.5592e+05 8.0233e+08 1.1914e-03 1.1858e-03
gnu:   4.4092e-09 31 ar36-->he4+s32 36Ar 9.6040e+05 8.0233e+08 1.1970e-03 1.1970e-03
gnu:   4.4320e-09 31 ar36-->he4+s32 36Ar 9.6477e+05 8.0233e+08 1.2025e-03 1.1970e-03
gnu:   4.4547e-09 31 ar36-->he4+s32 36Ar 9.6910e+05 8.0233e+08 1.2079e-03 1.2079e-03
gnu:   4.4770e-09 31 ar36-->he4+s32 36Ar 9.7332e+05 8.0233e+08 1.2131e-03 1.2079e-03
gnu:   4.4993e-09 31 ar36-->he4+s32 36Ar 9.7751e+05 8.0233e+08 1.2183e-03 1.2183e-03
gnu:   4.5211e-09 31 ar36-->he4+s32 36Ar 9.8159e+05 8.0233e+08 1.2234e-03 1.2183e-03
gnu:   4.5430e-09 31 ar36-->he4+s32 36Ar 9.8565e+05 8.0233e+08 1.2285e-03 1.2285e-03
gnu:   4.5644e-09 31 ar36-->he4+s32 36Ar 9.8959e+05 8.0233e+08 1.2334e-03 1.2285e-03
gnu:   4.5858e-09 31 ar36-->he4+s32 36Ar 9.9352e+05 8.0233e+08 1.2383e-03 1.2383e-03
gnu:   4.6068e-09 31 ar36-->he4+s32 36Ar 9.9733e+05 8.0233e+08 1.2430e-03 1.2383e-03
gnu:   4.6277e-09 31 ar36-->he4+s32 36Ar 1.0011e+06 8.0233e+08 1.2478e-03 1.2478e-03
gnu:   4.6483e-09 31 ar36-->he4+s32 36Ar 1.0048e+06 8.0233e+08 1.2524e-03 1.2478e-03
gnu:   4.6689e-09 31 ar36-->he4+s32 36Ar 1.0085e+06 8.0233e+08 1.2570e-03 1.2570e-03
gnu:   4.6890e-09 31 ar36-->he4+s32 36Ar 1.0121e+06 8.0233e+08 1.2614e-03 1.2570e-03
gnu:   4.7091e-09 31 ar36-->he4+s32 36Ar 1.0156e+06 8.0233e+08 1.2658e-03 1.2658e-03
gnu:   4.7289e-09 31 ar36-->he4+s32 36Ar 1.0191e+06 8.0233e+08 1.2702e-03 1.2658e-03
gnu:   4.7486e-09 31 ar36-->he4+s32 36Ar 1.0225e+06 8.0233e+08 1.2744e-03 1.2744e-03
gnu:   4.7680e-09 31 ar36-->he4+s32 36Ar 1.0259e+06 8.0233e+08 1.2786e-03 1.2744e-03
gnu:   4.7873e-09 31 ar36-->he4+s32 36Ar 1.0292e+06 8.0233e+08 1.2828e-03 1.2828e-03
gnu:   4.8063e-09 31 ar36-->he4+s32 36Ar 1.0325e+06 8.0233e+08 1.2868e-03 1.2828e-03
gnu:   4.8253e-09 31 ar36-->he4+s32 36Ar 1.0357e+06 8.0233e+08 1.2908e-03 1.2908e-03
gnu:   4.8438e-09 31 ar36-->he4+s32 36Ar 1.0388e+06 8.0233e+08 1.2948e-03 1.2908e-03
gnu:   4.8624e-09 31 ar36-->he4+s32 36Ar 1.0419e+06 8.0233e+08 1.2987e-03 1.2987e-03
gnu:   4.8884e-09 31 ar36-->he4+s32 36Ar 1.0463e+06 8.0233e+08 1.3041e-03 1.2987e-03
gnu:   4.9144e-09 31 ar36-->he4+s32 36Ar 1.0506e+06 8.0233e+08 1.3095e-03 1.3095e-03
gnu:   4.9399e-09 31 ar36-->he4+s32 36Ar 1.0548e+06 8.0233e+08 1.3147e-03 1.3095e-03
gnu:   4.9654e-09 31 ar36-->he4+s32 36Ar 1.0590e+06 8.0233e+08 1.3199e-03 1.3199e-03
gnu:   4.9904e-09 31 ar36-->he4+s32 36Ar 1.0630e+06 8.0233e+08 1.3249e-03 1.3199e-03
gnu:   5.0154e-09 31 ar36-->he4+s32 36Ar 1.0670e+06 8.0233e+08 1.3299e-03 1.3299e-03
gnu:   5.0399e-09 31 ar36-->he4+s32 36Ar 1.0710e+06 8.0233e+08 1.3348e-03 1.3299e-03
gnu:   5.0644e-09 31 ar36-->he4+s32 36Ar 1.0748e+06 8.0233e+08 1.3396e-03 1.3396e-03
gnu:   5.0884e-09 31 ar36-->he4+s32 36Ar 1.0786e+06 8.0233e+08 1.3443e-03 1.3396e-03
gnu:   5.1124e-09 31 ar36-->he4+s32 36Ar 1.0823e+06 8.0233e+08 1.3490e-03 1.3490e-03
gnu:   5.1359e-09 31 ar36-->he4+s32 36Ar 1.0860e+06 8.0233e+08 1.3535e-03 1.3490e-03
gnu:   5.1594e-09 31 ar36-->he4+s32 36Ar 1.0896e+06 8.0233e+08 1.3580e-03 1.3580e-03
gnu:   5.1824e-09 31 ar36-->he4+s32 36Ar 1.0931e+06 8.0233e+08 1.3624e-03 1.3580e-03
gnu:   5.2055e-09 31 ar36-->he4+s32 36Ar 1.0966e+06 8.0233e+08 1.3668e-03 1.3668e-03
gnu:   5.2281e-09 31 ar36-->he4+s32 36Ar 1.1000e+06 8.0233e+08 1.3710e-03 1.3668e-03
gnu:   5.2507e-09 31 ar36-->he4+s32 36Ar 1.1034e+06 8.0233e+08 1.3752e-03 1.3752e-03
gnu:   5.2728e-09 31 ar36-->he4+s32 36Ar 1.1067e+06 8.0233e+08 1.3793e-03 1.3752e-03
gnu:   5.2949e-09 31 ar36-->he4+s32 36Ar 1.1099e+06 8.0233e+08 1.3834e-03 1.3834e-03
gnu:   5.3166e-09 31 ar36-->he4+s32 36Ar 1.1131e+06 8.0233e+08 1.3873e-03 1.3834e-03
gnu:   5.3383e-09 31 ar36-->he4+s32 36Ar 1.1162e+06 8.0233e+08 1.3913e-03 1.3913e-03
gnu:   5.3596e-09 31 ar36-->he4+s32 36Ar 1.1193e+06 8.0233e+08 1.3951e-03 1.3913e-03
gnu:   5.3808e-09 31 ar36-->he4+s32 36Ar 1.1224e+06 8.0233e+08 1.3989e-03 1.3989e-03
gnu:   5.4016e-09 31 ar36-->he4+s32 36Ar 1.1253e+06 8.0233e+08 1.4026e-03 1.3989e-03
gnu:   5.4225e-09 31 ar36-->he4+s32 36Ar 1.1283e+06 8.0233e+08 1.4063e-03 1.4063e-03
gnu:   5.4429e-09 31 ar36-->he4+s32 36Ar 1.1311e+06 8.0233e+08 1.4098e-03 1.4063e-03
gnu:   5.4633e-09 31 ar36-->he4+s32 36Ar 1.1340e+06 8.0233e+08 1.4134e-03 1.4134e-03
gnu:   5.4833e-09 31 ar36-->he4+s32 36Ar 1.1368e+06 8.0233e+08 1.4168e-03 1.4134e-03
gnu:   5.5033e-09 31 ar36-->he4+s32 36Ar 1.1395e+06 8.0233e+08 1.4203e-03 1.4203e-03
gnu:   5.5229e-09 31 ar36-->he4+s32 36Ar 1.1422e+06 8.0233e+08 1.4236e-03 1.4203e-03
gnu:   5.5425e-09 31 ar36-->he4+s32 36Ar 1.1449e+06 8.0233e+08 1.4270e-03 1.4270e-03
gnu:   5.5617e-09 31 ar36-->he4+s32 36Ar 1.1475e+06 8.0233e+08 1.4302e-03 1.4270e-03
gnu:   5.5810e-09 31 ar36-->he4+s32 36Ar 1.1501e+06 8.0233e+08 1.4334e-03 1.4334e-03
gnu:   5.5998e-09 31 ar36-->he4+s32 36Ar 1.1526e+06 8.0233e+08 1.4366e-03 1.4334e-03
gnu:   5.6186e-09 31 ar36-->he4+s32 36Ar 1.1551e+06 8.0233e+08 1.4397e-03 1.4397e-03
gnu:   5.6371e-09 31 ar36-->he4+s32 36Ar 1.1576e+06 8.0233e+08 1.4427e-03 1.4397e-03
gnu:   5.6555e-09 31 ar36-->he4+s32 36Ar 1.1600e+06 8.0233e+08 1.4458e-03 1.4458e-03
gnu:   5.6813e-09 31 ar36-->he4+s32 36Ar 1.1634e+06 8.0233e+08 1.4500e-03 1.4458e-03
gnu:   5.7072e-09 31 ar36-->he4+s32 36Ar 1.1667e+06 8.0233e+08 1.4542e-03 1.4542e-03
gnu:   5.7325e-09 31 ar36-->he4+s32 36Ar 1.1700e+06 8.0233e+08 1.4582e-03 1.4542e-03
gnu:   5.7578e-09 31 ar36-->he4+s32 36Ar 1.1732e+06 8.0233e+08 1.4622e-03 1.4622e-03
gnu:   5.7826e-09 31 ar36-->he4+s32 36Ar 1.1763e+06 8.0233e+08 1.4662e-03 1.4622e-03
gnu:   5.8074e-09 31 ar36-->he4+s32 36Ar 1.1795e+06 8.0233e+08 1.4700e-03 1.4700e-03
gnu:   5.8318e-09 31 ar36-->he4+s32 36Ar 1.1825e+06 8.0233e+08 1.4738e-03 1.4700e-03
gnu:   5.8561e-09 31 ar36-->he4+s32 36Ar 1.1855e+06 8.0233e+08 1.4776e-03 1.4776e-03
gnu:   5.8799e-09 31 ar36-->he4+s32 36Ar 1.1884e+06 8.0233e+08 1.4812e-03 1.4776e-03
gnu:   5.9037e-09 31 ar36-->he4+s32 36Ar 1.1913e+06 8.0233e+08 1.4848e-03 1.4848e-03
gnu:   5.9271e-09 31 ar36-->he4+s32 36Ar 1.1942e+06 8.0233e+08 1.4884e-03 1.4848e-03
gnu:   5.9504e-09 31 ar36-->he4+s32 36Ar 1.1970e+06 8.0233e+08 1.4919e-03 1.4919e-03
gnu:   5.9733e-09 31 ar36-->he4+s32 36Ar 1.1997e+06 8.0233e+08 1.4953e-03 1.4919e-03
gnu:   5.9962e-09 31 ar36-->he4+s32 36Ar 1.2024e+06 8.0233e+08 1.4986e-03 1.4986e-03
gnu:   6.0186e-09 31 ar36-->he4+s32 36Ar 1.2050e+06 8.0233e+08 1.5019e-03 1.4986e-03
gnu:   6.0411e-09 31 ar36-->he4+s32 36Ar 1.2077e+06 8.0233e+08 1.5052e-03 1.5052e-03
gnu:   6.0630e-09 31 ar36-->he4+s32 36Ar 1.2102e+06 8.0233e+08 1.5084e-03 1.5052e-03
gnu:   6.0850e-09 31 ar36-->he4+s32 36Ar 1.2127e+06 8.0233e+08 1.5115e-03 1.5115e-03
gnu:   6.1065e-09 31 ar36-->he4+s32 36Ar 1.2152e+06 8.0233e+08 1.5146e-03 1.5115e-03
gnu:   6.1281e-09 31 ar36-->he4+s32 36Ar 1.2177e+06 8.0233e+08 1.5177e-03 1.5177e-03
gnu:   6.1492e-09 31 ar36-->he4+s32 36Ar 1.2200e+06 8.0233e+08 1.5206e-03 1.5177e-03
gnu:   6.1703e-09 31 ar36-->he4+s32 36Ar 1.2224e+06 8.0233e+08 1.5236e-03 1.5236e-03
gnu:   6.1910e-09 31 ar36-->he4+s32 36Ar 1.2247e+06 8.0233e+08 1.5264e-03 1.5236e-03
gnu:   6.2117e-09 31 ar36-->he4+s32 36Ar 1.2270e+06 8.0233e+08 1.5293e-03 1.5293e-03
gnu:   6.2319e-09 31 ar36-->he4+s32 36Ar 1.2292e+06 8.0233e+08 1.5321e-03 1.5293e-03
gnu:   6.2522e-09 31 ar36-->he4+s32 36Ar 1.2315e+06 8.0233e+08 1.5348e-03 1.5348e-03
gnu:   6.2721e-09 31 ar36-->he4+s32 36Ar 1.2336e+06 8.0233e+08 1.5375e-03 1.5348e-03
gnu:   6.2920e-09 31 ar36-->he4+s32 36Ar 1.2358e+06 8.0233e+08 1.5402e-03 1.5402e-03
gnu:   6.3114e-09 31 ar36-->he4+s32 36Ar 1.2378e+06 8.0233e+08 1.5428e-03 1.5402e-03
gnu:   6.3309e-09 31 ar36-->he4+s32 36Ar 1.2399e+06 8.0233e+08 1.5454e-03 1.5454e-03
gnu:   6.3500e-09 31 ar36-->he4+s32 36Ar 1.2419e+06 8.0233e+08 1.5479e-03 1.5454e-03
gnu:   6.3691e-09 31 ar36-->he4+s32 36Ar 1.2440e+06 8.0233e+08 1.5504e-03 1.5504e-03
gnu:   6.3878e-09 31 ar36-->he4+s32 36Ar 1.2459e+06 8.0233e+08 1.5529e-03 1.5504e-03
gnu:   6.4065e-09 31 ar36-->he4+s32 36Ar 1.2479e+06 8.0233e+08 1.5553e-03 1.5553e-03
gnu:   6.4248e-09 31 ar36-->he4+s32 36Ar 1.2498e+06 8.0233e+08 1.5577e-03 1.5553e-03
gnu:   6.4431e-09 31 ar36-->he4+s32 36Ar 1.2517e+06 8.0233e+08 1.5600e-03 1.5600e-03
gnu:   6.4688e-09 31 ar36-->he4+s32 36Ar 1.2543e+06 8.0233e+08 1.5633e-03 1.5600e-03
gnu:   6.4944e-09 31 ar36-->he4+s32 36Ar 1.2569e+06 8.0233e+08 1.5665e-03 1.5665e-03
gnu:   6.5196e-09 31 ar36-->he4+s32 36Ar 1.2594e+06 8.0233e+08 1.5697e-03 1.5665e-03
gnu:   6.5447e-09 31 ar36-->he4+s32 36Ar 1.2619e+06 8.0233e+08 1.5728e-03 1.5728e-03
gnu:   6.5693e-09 31 ar36-->he4+s32 36Ar 1.2644e+06 8.0233e+08 1.5759e-03 1.5728e-03
gnu:   6.5940e-09 31 ar36-->he4+s32 36Ar 1.2668e+06 8.0233e+08 1.5789e-03 1.5789e-03
gnu:   6.6181e-09 31 ar36-->he4+s32 36Ar 1.2692e+06 8.0233e+08 1.5819e-03 1.5789e-03
gnu:   6.6423e-09 31 ar36-->he4+s32 36Ar 1.2715e+06 8.0233e+08 1.5848e-03 1.5848e-03
gnu:   6.6659e-09 31 ar36-->he4+s32 36Ar 1.2738e+06 8.0233e+08 1.5876e-03 1.5848e-03
gnu:   6.6896e-09 31 ar36-->he4+s32 36Ar 1.2761e+06 8.0233e+08 1.5905e-03 1.5905e-03
gnu:   6.7128e-09 31 ar36-->he4+s32 36Ar 1.2783e+06 8.0233e+08 1.5932e-03 1.5905e-03
gnu:   6.7360e-09 31 ar36-->he4+s32 36Ar 1.2805e+06 8.0233e+08 1.5959e-03 1.5959e-03
gnu:   6.7587e-09 31 ar36-->he4+s32 36Ar 1.2826e+06 8.0233e+08 1.5986e-03 1.5959e-03
gnu:   6.7814e-09 31 ar36-->he4+s32 36Ar 1.2847e+06 8.0233e+08 1.6012e-03 1.6012e-03
gnu:   6.8037e-09 31 ar36-->he4+s32 36Ar 1.2868e+06 8.0233e+08 1.6038e-03 1.6012e-03
gnu:   6.8260e-09 31 ar36-->he4+s32 36Ar 1.2888e+06 8.0233e+08 1.6063e-03 1.6063e-03
gnu:   6.8478e-09 31 ar36-->he4+s32 36Ar 1.2908e+06 8.0233e+08 1.6088e-03 1.6063e-03
gnu:   6.8696e-09 31 ar36-->he4+s32 36Ar 1.2928e+06 8.0233e+08 1.6113e-03 1.6113e-03
gnu:   6.8910e-09 31 ar36-->he4+s32 36Ar 1.2947e+06 8.0233e+08 1.6137e-03 1.6113e-03
gnu:   6.9124e-09 31 ar36-->he4+s32 36Ar 1.2966e+06 8.0233e+08 1.6160e-03 1.6160e-03
gnu:   6.9334e-09 31 ar36-->he4+s32 36Ar 1.2985e+06 8.0233e+08 1.6184e-03 1.6160e-03
gnu:   6.9543e-09 31 ar36-->he4+s32 36Ar 1.3003e+06 8.0233e+08 1.6207e-03 1.6207e-03
gnu:   6.9749e-09 31 ar36-->he4+s32 36Ar 1.3021e+06 8.0233e+08 1.6229e-03 1.6207e-03
gnu:   6.9954e-09 31 ar36-->he4+s32 36Ar 1.3039e+06 8.0233e+08 1.6251e-03 1.6251e-03
gnu:   7.0155e-09 31 ar36-->he4+s32 36Ar 1.3056e+06 8.0233e+08 1.6273e-03 1.6251e-03
gnu:   7.0357e-09 31 ar36-->he4+s32 36Ar 1.3074e+06 8.0233e+08 1.6295e-03 1.6295e-03
gnu:   7.0554e-09 31 ar36-->he4+s32 36Ar 1.3091e+06 8.0233e+08 1.6316e-03 1.6295e-03
gnu:   7.0751e-09 31 ar36-->he4+s32 36Ar 1.3107e+06 8.0233e+08 1.6337e-03 1.6337e-03
gnu:   7.0945e-09 31 ar36-->he4+s32 36Ar 1.3124e+06 8.0233e+08 1.6357e-03 1.6337e-03
gnu:   7.1138e-09 31 ar36-->he4+s32 36Ar 1.3140e+06 8.0233e+08 1.6377e-03 1.6377e-03
gnu:   7.1327e-09 31 ar36-->he4+s32 36Ar 1.3156e+06 8.0233e+08 1.6397e-03 1.6377e-03
gnu:   7.1517e-09 31 ar36-->he4+s32 36Ar 1.3172e+06 8.0233e+08 1.6417e-03 1.6417e-03
gnu:   7.1703e-09 31 ar36-->he4+s32 36Ar 1.3187e+06 8.0233e+08 1.6436e-03 1.6417e-03
gnu:   7.1888e-09 31 ar36-->he4+s32 36Ar 1.3202e+06 8.0233e+08 1.6455e-03 1.6455e-03
gnu:   7.2070e-09 31 ar36-->he4+s32 36Ar 1.3217e+06 8.0233e+08 1.6473e-03 1.6455e-03
gnu:   7.2252e-09 31 ar36-->he4+s32 36Ar 1.3232e+06 8.0233e+08 1.6492e-03 1.6492e-03
gnu:   7.2507e-09 31 ar36-->he4+s32 36Ar 1.3253e+06 8.0233e+08 1.6518e-03 1.6492e-03
gnu:   7.2762e-09 31 ar36-->he4+s32 36Ar 1.3273e+06 8.0233e+08 1.6543e-03 1.6543e-03
gnu:   7.3011e-09 31 ar36-->he4+s32 36Ar 1.3293e+06 8.0233e+08 1.6568e-03 1.6543e-03
gnu:   7.3261e-09 31 ar36-->he4+s32 36Ar 1.3313e+06 8.0233e+08 1.6592e-03 1.6592e-03
gnu:   7.3506e-09 31 ar36-->he4+s32 36Ar 1.3332e+06 8.0233e+08 1.6616e-03 1.6592e-03
gnu:   7.3750e-09 31 ar36-->he4+s32 36Ar 1.3351e+06 8.0233e+08 1.6640e-03 1.6640e-03
gnu:   7.3990e-09 31 ar36-->he4+s32 36Ar 1.3369e+06 8.0233e+08 1.6663e-03 1.6640e-03
gnu:   7.4230e-09 31 ar36-->he4+s32 36Ar 1.3388e+06 8.0233e+08 1.6686e-03 1.6686e-03
gnu:   7.4465e-09 31 ar36-->he4+s32 36Ar 1.3406e+06 8.0233e+08 1.6708e-03 1.6686e-03
gnu:   7.4700e-09 31 ar36-->he4+s32 36Ar 1.3423e+06 8.0233e+08 1.6731e-03 1.6731e-03
gnu:   7.4930e-09 31 ar36-->he4+s32 36Ar 1.3441e+06 8.0233e+08 1.6752e-03 1.6731e-03
gnu:   7.5160e-09 31 ar36-->he4+s32 36Ar 1.3458e+06 8.0233e+08 1.6774e-03 1.6774e-03
gnu:   7.5386e-09 31 ar36-->he4+s32 36Ar 1.3475e+06 8.0233e+08 1.6794e-03 1.6774e-03
gnu:   7.5612e-09 31 ar36-->he4+s32 36Ar 1.3491e+06 8.0233e+08 1.6815e-03 1.6815e-03
gnu:   7.5833e-09 31 ar36-->he4+s32 36Ar 1.3508e+06 8.0233e+08 1.6835e-03 1.6815e-03
gnu:   7.6054e-09 31 ar36-->he4+s32 36Ar 1.3524e+06 8.0233e+08 1.6855e-03 1.6855e-03
gnu:   7.6271e-09 31 ar36-->he4+s32 36Ar 1.3539e+06 8.0233e+08 1.6875e-03 1.6855e-03
gnu:   7.6488e-09 31 ar36-->he4+s32 36Ar 1.3555e+06 8.0233e+08 1.6894e-03 1.6894e-03
gnu:   7.6700e-09 31 ar36-->he4+s32 36Ar 1.3570e+06 8.0233e+08 1.6913e-03 1.6894e-03
gnu:   7.6912e-09 31 ar36-->he4+s32 36Ar 1.3585e+06 8.0233e+08 1.6932e-03 1.6932e-03
gnu:   7.7121e-09 31 ar36-->he4+s32 36Ar 1.3600e+06 8.0233e+08 1.6950e-03 1.6932e-03
gnu:   7.7329e-09 31 ar36-->he4+s32 36Ar 1.3614e+06 8.0233e+08 1.6968e-03 1.6968e-03
gnu:   7.7533e-09 31 ar36-->he4+s32 36Ar 1.3628e+06 8.0233e+08 1.6986e-03 1.6968e-03
gnu:   7.7737e-09 31 ar36-->he4+s32 36Ar 1.3643e+06 8.0233e+08 1.7004e-03 1.7004e-03
gnu:   7.7937e-09 31 ar36-->he4+s32 36Ar 1.3656e+06 8.0233e+08 1.7021e-03 1.7004e-03
gnu:   7.8137e-09 31 ar36-->he4+s32 36Ar 1.3670e+06 8.0233e+08 1.7038e-03 1.7038e-03
gnu:   7.8332e-09 31 ar36-->he4+s32 36Ar 1.3683e+06 8.0233e+08 1.7054e-03 1.7038e-03
gnu:   7.8528e-09 31 ar36-->he4+s32 36Ar 1.3697e+06 8.0233e+08 1.7071e-03 1.7071e-03
gnu:   7.8720e-09 31 ar36-->he4+s32 36Ar 1.3709e+06 8.0233e+08 1.7087e-03 1.7071e-03
gnu:   7.8912e-09 31 ar36-->he4+s32 36Ar 1.3722e+06 8.0233e+08 1.7103e-03 1.7103e-03
gnu:   7.9101e-09 31 ar36-->he4+s32 36Ar 1.3735e+06 8.0233e+08 1.7119e-03 1.7103e-03
gnu:   7.9289e-09 31 ar36-->he4+s32 36Ar 1.3747e+06 8.0233e+08 1.7134e-03 1.7134e-03
gnu:   7.9473e-09 31 ar36-->he4+s32 36Ar 1.3759e+06 8.0233e+08 1.7149e-03 1.7134e-03
gnu:   7.9658e-09 31 ar36-->he4+s32 36Ar 1.3771e+06 8.0233e+08 1.7164e-03 1.7164e-03
gnu:   7.9916e-09 31 ar36-->he4+s32 36Ar 1.3788e+06 8.0233e+08 1.7185e-03 1.7164e-03
gnu:   8.0174e-09 31 ar36-->he4+s32 36Ar 1.3805e+06 8.0233e+08 1.7206e-03 1.7206e-03
gnu:   8.0427e-09 31 ar36-->he4+s32 36Ar 1.3821e+06 8.0233e+08 1.7226e-03 1.7206e-03
gnu:   8.0680e-09 31 ar36-->he4+s32 36Ar 1.3837e+06 8.0233e+08 1.7246e-03 1.7246e-03
gnu:   8.0928e-09 31 ar36-->he4+s32 36Ar 1.3853e+06 8.0233e+08 1.7266e-03 1.7246e-03
gnu:   8.1176e-09 31 ar36-->he4+s32 36Ar 1.3868e+06 8.0233e+08 1.7285e-03 1.7285e-03
gnu:   8.1419e-09 31 ar36-->he4+s32 36Ar 1.3884e+06 8.0233e+08 1.7304e-03 1.7285e-03
gnu:   8.1662e-09 31 ar36-->he4+s32 36Ar 1.3899e+06 8.0233e+08 1.7323e-03 1.7323e-03
gnu:   8.1900e-09 31 ar36-->he4+s32 36Ar 1.3913e+06 8.0233e+08 1.7341e-03 1.7323e-03
gnu:   8.2138e-09 31 ar36-->he4+s32 36Ar 1.3928e+06 8.0233e+08 1.7359e-03 1.7359e-03
gnu:   8.2371e-09 31 ar36-->he4+s32 36Ar 1.3942e+06 8.0233e+08 1.7377e-03 1.7359e-03
gnu:   8.2605e-09 31 ar36-->he4+s32 36Ar 1.3956e+06 8.0233e+08 1.7394e-03 1.7394e-03
gnu:   8.2833e-09 31 ar36-->he4+s32 36Ar 1.3970e+06 8.0233e+08 1.7411e-03 1.7394e-03
gnu:   8.3062e-09 31 ar36-->he4+s32 36Ar 1.3983e+06 8.0233e+08 1.7428e-03 1.7428e-03
gnu:   8.3286e-09 31 ar36-->he4+s32 36Ar 1.3996e+06 8.0233e+08 1.7445e-03 1.7428e-03
gnu:   8.3510e-09 31 ar36-->he4+s32 36Ar 1.4009e+06 8.0233e+08 1.7461e-03 1.7461e-03
gnu:   8.3730e-09 31 ar36-->he4+s32 36Ar 1.4022e+06 8.0233e+08 1.7477e-03 1.7461e-03
gnu:   8.3949e-09 31 ar36-->he4+s32 36Ar 1.4035e+06 8.0233e+08 1.7493e-03 1.7493e-03
gnu:   8.4165e-09 31 ar36-->he4+s32 36Ar 1.4047e+06 8.0233e+08 1.7508e-03 1.7493e-03
gnu:   8.4380e-09 31 ar36-->he4+s32 36Ar 1.4060e+06 8.0233e+08 1.7524e-03 1.7524e-03
gnu:   8.4591e-09 31 ar36-->he4+s32 36Ar 1.4072e+06 8.0233e+08 1.7539e-03 1.7524e-03
gnu:   8.4802e-09 31 ar36-->he4+s32 36Ar 1.4084e+06 8.0233e+08 1.7553e-03 1.7553e-03
gnu:   8.5008e-09 31 ar36-->he4+s32 36Ar 1.4095e+06 8.0233e+08 1.7568e-03 1.7553e-03
gnu:   8.5215e-09 31 ar36-->he4+s32 36Ar 1.4107e+06 8.0233e+08 1.7582e-03 1.7582e-03
gnu:   8.5418e-09 31 ar36-->he4+s32 36Ar 1.4118e+06 8.0233e+08 1.7596e-03 1.7582e-03
gnu:   8.5620e-09 31 ar36-->he4+s32 36Ar 1.4129e+06 8.0233e+08 1.7610e-03 1.7610e-03
gnu:   8.5819e-09 31 ar36-->he4+s32 36Ar 1.4140e+06 8.0233e+08 1.7624e-03 1.7610e-03
gnu:   8.6017e-09 31 ar36-->he4+s32 36Ar 1.4151e+06 8.0233e+08 1.7637e-03 1.7637e-03
gnu:   8.6212e-09 31 ar36-->he4+s32 36Ar 1.4162e+06 8.0233e+08 1.7650e-03 1.7637e-03
gnu:   8.6406e-09 31 ar36-->he4+s32 36Ar 1.4172e+06 8.0233e+08 1.7664e-03 1.7664e-03
gnu:   8.6597e-09 31 ar36-->he4+s32 36Ar 1.4182e+06 8.0233e+08 1.7676e-03 1.7664e-03
gnu:   8.6788e-09 31 ar36-->he4+s32 36Ar 1.4192e+06 8.0233e+08 1.7689e-03 1.7689e-03
gnu:   8.6975e-09 31 ar36-->he4+s32 36Ar 1.4202e+06 8.0233e+08 1.7701e-03 1.7689e-03
gnu:   8.7161e-09 31 ar36-->he4+s32 36Ar 1.4212e+06 8.0233e+08 1.7714e-03 1.7714e-03
gnu:   8.7345e-09 31 ar36-->he4+s32 36Ar 1.4222e+06 8.0233e+08 1.7726e-03 1.7714e-03
gnu:   8.7528e-09 31 ar36-->he4+s32 36Ar 1.4231e+06 8.0233e+08 1.7738e-03 1.7738e-03
gnu:   8.7784e-09 31 ar36-->he4+s32 36Ar 1.4245e+06 8.0233e+08 1.7754e-03 1.7738e-03
gnu:   8.8040e-09 31 ar36-->he4+s32 36Ar 1.4258e+06 8.0233e+08 1.7771e-03 1.7771e-03
gnu:   8.8292e-09 31 ar36-->he4+s32 36Ar 1.4271e+06 8.0233e+08 1.7787e-03 1.7771e-03
gnu:   8.8543e-09 31 ar36-->he4+s32 36Ar 1.4284e+06 8.0233e+08 1.7803e-03 1.7803e-03
gnu:   8.8789e-09 31 ar36-->he4+s32 36Ar 1.4296e+06 8.0233e+08 1.7818e-03 1.7803e-03
gnu:   8.9035e-09 31 ar36-->he4+s32 36Ar 1.4309e+06 8.0233e+08 1.7834e-03 1.7834e-03
gnu:   8.9277e-09 31 ar36-->he4+s32 36Ar 1.4321e+06 8.0233e+08 1.7849e-03 1.7834e-03
gnu:   8.9518e-09 31 ar36-->he4+s32 36Ar 1.4333e+06 8.0233e+08 1.7864e-03 1.7864e-03
gnu:   8.9754e-09 31 ar36-->he4+s32 36Ar 1.4344e+06 8.0233e+08 1.7878e-03 1.7864e-03
gnu:   8.9991e-09 31 ar36-->he4+s32 36Ar 1.4356e+06 8.0233e+08 1.7893e-03 1.7893e-03
gnu:   9.0223e-09 31 ar36-->he4+s32 36Ar 1.4367e+06 8.0233e+08 1.7907e-03 1.7893e-03
gnu:   9.0454e-09 31 ar36-->he4+s32 36Ar 1.4378e+06 8.0233e+08 1.7921e-03 1.7921e-03
gnu:   9.0681e-09 31 ar36-->he4+s32 36Ar 1.4389e+06 8.0233e+08 1.7934e-03 1.7921e-03
gnu:   9.0908e-09 31 ar36-->he4+s32 36Ar 1.4400e+06 8.0233e+08 1.7948e-03 1.7948e-03
gnu:   9.1131e-09 31 ar36-->he4+s32 36Ar 1.4411e+06 8.0233e+08 1.7961e-03 1.7948e-03
gnu:   9.1354e-09 31 ar36-->he4+s32 36Ar 1.4421e+06 8.0233e+08 1.7974e-03 1.7974e-03
gnu:   9.1572e-09 31 ar36-->he4+s32 36Ar 1.4431e+06 8.0233e+08 1.7987e-03 1.7974e-03
gnu:   9.1790e-09 31 ar36-->he4+s32 36Ar 1.4442e+06 8.0233e+08 1.8000e-03 1.8000e-03
gnu:   9.2003e-09 31 ar36-->he4+s32 36Ar 1.4451e+06 8.0233e+08 1.8012e-03 1.8000e-03
gnu:   9.2217e-09 31 ar36-->he4+s32 36Ar 1.4461e+06 8.0233e+08 1.8024e-03 1.8024e-03
gnu:   9.2427e-09 31 ar36-->he4+s32 36Ar 1.4471e+06 8.0233e+08 1.8036e-03 1.8024e-03
gnu:   9.2636e-09 31 ar36-->he4+s32 36Ar 1.4480e+06 8.0233e+08 1.8048e-03 1.8048e-03
gnu:   9.2841e-09 31 ar36-->he4+s32 36Ar 1.4490e+06 8.0233e+08 1.8060e-03 1.8048e-03
gnu:   9.3047e-09 31 ar36-->he4+s32 36Ar 1.4499e+06 8.0233e+08 1.8071e-03 1.8071e-03
gnu:   9.3248e-09 31 ar36-->he4+s32 36Ar 1.4508e+06 8.0233e+08 1.8082e-03 1.8071e-03
gnu:   9.3449e-09 31 ar36-->he4+s32 36Ar 1.4517e+06 8.0233e+08 1.8094e-03 1.8094e-03
gnu:   9.3646e-09 31 ar36-->he4+s32 36Ar 1.4526e+06 8.0233e+08 1.8104e-03 1.8094e-03
gnu:   9.3843e-09 31 ar36-->he4+s32 36Ar 1.4534e+06 8.0233e+08 1.8115e-03 1.8115e-03
gnu:   9.4037e-09 31 ar36-->he4+s32 36Ar 1.4543e+06 8.0233e+08 1.8126e-03 1.8115e-03
gnu:   9.4230e-09 31 ar36-->he4+s32 36Ar 1.4551e+06 8.0233e+08 1.8136e-03 1.8136e-03
gnu:   9.4419e-09 31 ar36-->he4+s32 36Ar 1.4560e+06 8.0233e+08 1.8147e-03 1.8136e-03
gnu:   9.4608e-09 31 ar36-->he4+s32 36Ar 1.4568e+06 8.0233e+08 1.8157e-03 1.8157e-03
gnu:   9.4794e-09 31 ar36-->he4+s32 36Ar 1.4576e+06 8.0233e+08 1.8167e-03 1.8157e-03
gnu:   9.4980e-09 31 ar36-->he4+s32 36Ar 1.4584e+06 8.0233e+08 1.8177e-03 1.8177e-03
gnu:   9.5161e-09 31 ar36-->he4+s32 36Ar 1.4591e+06 8.0233e+08 1.8186e-03 1.8177e-03
gnu:   9.5343e-09 31 ar36-->he4+s32 36Ar 1.4599e+06 8.0233e+08 1.8196e-03 1.8196e-03
gnu:   9.5598e-09 31 ar36-->he4+s32 36Ar 1.4610e+06 8.0233e+08 1.8209e-03 1.8196e-03
gnu:   9.5852e-09 31 ar36-->he4+s32 36Ar 1.4620e+06 8.0233e+08 1.8222e-03 1.8222e-03
gnu:   9.6102e-09 31 ar36-->he4+s32 36Ar 1.4631e+06 8.0233e+08 1.8235e-03 1.8222e-03
gnu:   9.6351e-09 31 ar36-->he4+s32 36Ar 1.4641e+06 8.0233e+08 1.8248e-03 1.8248e-03
gnu:   9.6596e-09 31 ar36-->he4+s32 36Ar 1.4651e+06 8.0233e+08 1.8261e-03 1.8248e-03
gnu:   9.6840e-09 31 ar36-->he4+s32 36Ar 1.4661e+06 8.0233e+08 1.8273e-03 1.8273e-03
gnu:   9.7080e-09 31 ar36-->he4+s32 36Ar 1.4671e+06 8.0233e+08 1.8285e-03 1.8273e-03
gnu:   9.7320e-09 31 ar36-->he4+s32 36Ar 1.4680e+06 8.0233e+08 1.8297e-03 1.8297e-03
gnu:   9.7554e-09 31 ar36-->he4+s32 36Ar 1.4690e+06 8.0233e+08 1.8309e-03 1.8297e-03
gnu:   9.7789e-09 31 ar36-->he4+s32 36Ar 1.4699e+06 8.0233e+08 1.8321e-03 1.8321e-03
gnu:   9.8019e-09 31 ar36-->he4+s32 36Ar 1.4708e+06 8.0233e+08 1.8332e-03 1.8321e-03
gnu:   9.8249e-09 31 ar36-->he4+s32 36Ar 1.4717e+06 8.0233e+08 1.8343e-03 1.8343e-03
gnu:   9.8475e-09 31 ar36-->he4+s32 36Ar 1.4726e+06 8.0233e+08 1.8354e-03 1.8343e-03
gnu:   9.8700e-09 31 ar36-->he4+s32 36Ar 1.4735e+06 8.0233e+08 1.8365e-03 1.8365e-03
gnu:   9.8921e-09 31 ar36-->he4+s32 36Ar 1.4743e+06 8.0233e+08 1.8376e-03 1.8365e-03
gnu:   9.9142e-09 31 ar36-->he4+s32 36Ar 1.4752e+06 8.0233e+08 1.8386e-03 1.8386e-03
gnu:   9.9359e-09 31 ar36-->he4+s32 36Ar 1.4760e+06 8.0233e+08 1.8396e-03 1.8386e-03
gnu:   9.9576e-09 31 ar36-->he4+s32 36Ar 1.4768e+06 8.0233e+08 1.8407e-03 1.8407e-03
gnu:   9.9788e-09 31 ar36-->he4+s32 36Ar 1.4776e+06 8.0233e+08 1.8417e-03 1.8407e-03
gnu:   1.0000e-08 31 ar36-->he4+s32 36Ar 1.4784e+06 8.0233e+08 1.8427e-03 1.8427e-03
gnu:   1.0021e-08 31 ar36-->he4+s32 36Ar 1.4792e+06 8.0233e+08 1.8436e-03 1.8427e-03
gnu:   1.0042e-08 31 ar36-->he4+s32 36Ar 1.4800e+06 8.0233e+08 1.8446e-03 1.8446e-03
gnu:   1.0062e-08 31 ar36-->he4+s32 36Ar 1.4807e+06 8.0233e+08 1.8455e-03 1.8446e-03
gnu:   1.0082e-08 31 ar36-->he4+s32 36Ar 1.4815e+06 8.0233e+08 1.8465e-03 1.8465e-03
gnu:   1.0102e-08 31 ar36-->he4+s32 36Ar 1.4822e+06 8.0233e+08 1.8474e-03 1.8465e-03
gnu:   1.0122e-08 31 ar36-->he4+s32 36Ar 1.4829e+06 8.0233e+08 1.8483e-03 1.8483e-03
gnu:   1.0142e-08 31 ar36-->he4+s32 36Ar 1.4836e+06 8.0233e+08 1.8491e-03 1.8483e-03
gnu:   1.0161e-08 31 ar36-->he4+s32 36Ar 1.4843e+06 8.0233e+08 1.8500e-03 1.8500e-03
gnu:   1.0181e-08 31 ar36-->he4+s32 36Ar 1.4850e+06 8.0233e+08 1.8509e-03 1.8500e-03
gnu:   1.0200e-08 31 ar36-->he4+s32 36Ar 1.4857e+06 8.0233e+08 1.8517e-03 1.8517e-03
gnu:   1.0219e-08 31 ar36-->he4+s32 36Ar 1.4864e+06 8.0233e+08 1.8526e-03 1.8517e-03
gnu:   1.0237e-08 31 ar36-->he4+s32 36Ar 1.4870e+06 8.0233e+08 1.8534e-03 1.8534e-03
gnu:   1.0256e-08 31 ar36-->he4+s32 36Ar 1.4877e+06 8.0233e+08 1.8542e-03 1.8534e-03
gnu:   1.0274e-08 31 ar36-->he4+s32 36Ar 1.4883e+06 8.0233e+08 1.8550e-03 1.8550e-03
gnu:   1.0300e-08 31 ar36-->he4+s32 36Ar 1.4892e+06 8.0233e+08 1.8561e-03 1.8550e-03
gnu:   1.0326e-08 31 ar36-->he4+s32 36Ar 1.4901e+06 8.0233e+08 1.8572e-03 1.8572e-03
gnu:   1.0351e-08 31 ar36-->he4+s32 36Ar 1.4910e+06 8.0233e+08 1.8583e-03 1.8572e-03
gnu:   1.0376e-08 31 ar36-->he4+s32 36Ar 1.4918e+06 8.0233e+08 1.8594e-03 1.8594e-03
gnu:   1.0401e-08 31 ar36-->he4+s32 36Ar 1.4927e+06 8.0233e+08 1.8604e-03 1.8594e-03
gnu:   1.0426e-08 31 ar36-->he4+s32 36Ar 1.4935e+06 8.0233e+08 1.8614e-03 1.8614e-03
gnu:   1.0450e-08 31 ar36-->he4+s32 36Ar 1.4943e+06 8.0233e+08 1.8625e-03 1.8614e-03
gnu:   1.0475e-08 31 ar36-->he4+s32 36Ar 1.4951e+06 8.0233e+08 1.8635e-03 1.8635e-03
gnu:   1.0498e-08 31 ar36-->he4+s32 36Ar 1.4959e+06 8.0233e+08 1.8644e-03 1.8635e-03
gnu:   1.0522e-08 31 ar36-->he4+s32 36Ar 1.4967e+06 8.0233e+08 1.8654e-03 1.8654e-03
gnu:   1.0545e-08 31 ar36-->he4+s32 36Ar 1.4974e+06 8.0233e+08 1.8664e-03 1.8654e-03
gnu:   1.0569e-08 31 ar36-->he4+s32 36Ar 1.4982e+06 8.0233e+08 1.8673e-03 1.8673e-03
gnu:   1.0592e-08 31 ar36-->he4+s32 36Ar 1.4989e+06 8.0233e+08 1.8682e-03 1.8673e-03
gnu:   1.0615e-08 31 ar36-->he4+s32 36Ar 1.4997e+06 8.0233e+08 1.8691e-03 1.8691e-03
gnu:   1.0637e-08 31 ar36-->he4+s32 36Ar 1.5004e+06 8.0233e+08 1.8700e-03 1.8691e-03
gnu:   1.0659e-08 31 ar36-->he4+s32 36Ar 1.5011e+06 8.0233e+08 1.8709e-03 1.8709e-03
gnu:   1.0681e-08 31 ar36-->he4+s32 36Ar 1.5018e+06 8.0233e+08 1.8718e-03 1.8709e-03
gnu:   1.0703e-08 31 ar36-->he4+s32 36Ar 1.5025e+06 8.0233e+08 1.8726e-03 1.8726e-03
gnu:   1.0725e-08 31 ar36-->he4+s32 36Ar 1.5031e+06 8.0233e+08 1.8735e-03 1.8726e-03
gnu:   1.0746e-08 31 ar36-->he4+s32 36Ar 1.5038e+06 8.0233e+08 1.8743e-03 1.8743e-03
gnu:   1.0767e-08 31 ar36-->he4+s32 36Ar 1.5045e+06 8.0233e+08 1.8751e-03 1.8743e-03
gnu:   1.0788e-08 31 ar36-->he4+s32 36Ar 1.5051e+06 8.0233e+08 1.8759e-03 1.8759e-03
gnu:   1.0809e-08 31 ar36-->he4+s32 36Ar 1.5057e+06 8.0233e+08 1.8767e-03 1.8759e-03
gnu:   1.0830e-08 31 ar36-->he4+s32 36Ar 1.5064e+06 8.0233e+08 1.8775e-03 1.8775e-03
gnu:   1.0850e-08 31 ar36-->he4+s32 36Ar 1.5070e+06 8.0233e+08 1.8782e-03 1.8775e-03
gnu:   1.0870e-08 31 ar36-->he4+s32 36Ar 1.5076e+06 8.0233e+08 1.8790e-03 1.8790e-03
gnu:   1.0890e-08 31 ar36-->he4+s32 36Ar 1.5082e+06 8.0233e+08 1.8797e-03 1.8790e-03
gnu:   1.0910e-08 31 ar36-->he4+s32 36Ar 1.5088e+06 8.0233e+08 1.8805e-03 1.8805e-03
gnu:   1.0929e-08 31 ar36-->he4+s32 36Ar 1.5093e+06 8.0233e+08 1.8812e-03 1.8805e-03
gnu:   1.0949e-08 31 ar36-->he4+s32 36Ar 1.5099e+06 8.0233e+08 1.8819e-03 1.8819e-03
gnu:   1.0968e-08 31 ar36-->he4+s32 36Ar 1.5105e+06 8.0233e+08 1.8826e-03 1.8819e-03
gnu:   1.0987e-08 31 ar36-->he4+s32 36Ar 1.5110e+06 8.0233e+08 1.8833e-03 1.8833e-03
gnu:   1.1006e-08 31 ar36-->he4+s32 36Ar 1.5116e+06 8.0233e+08 1.8840e-03 1.8833e-03
gnu:   1.1024e-08 31 ar36-->he4+s32 36Ar 1.5121e+06 8.0233e+08 1.8846e-03 1.8846e-03
gnu:   1.1042e-08 31 ar36-->he4+s32 36Ar 1.5126e+06 8.0233e+08 1.8853e-03 1.8846e-03
gnu:   1.1061e-08 31 ar36-->he4+s32 36Ar 1.5132e+06 8.0233e+08 1.8860e-03 1.8860e-03
gnu:   1.1086e-08 31 ar36-->he4+s32 36Ar 1.5139e+06 8.0233e+08 1.8869e-03 1.8860e-03
gnu:   1.1112e-08 31 ar36-->he4+s32 36Ar 1.5146e+06 8.0233e+08 1.8878e-03 1.8878e-03
gnu:   1.1137e-08 31 ar36-->he4+s32 36Ar 1.5153e+06 8.0233e+08 1.8886e-03 1.8878e-03
gnu:   1.1162e-08 31 ar36-->he4+s32 36Ar 1.5160e+06 8.0233e+08 1.8895e-03 1.8895e-03
gnu:   1.1187e-08 31 ar36-->he4+s32 36Ar 1.5167e+06 8.0233e+08 1.8904e-03 1.8895e-03
gnu:   1.1211e-08 31 ar36-->he4+s32 36Ar 1.5174e+06 8.0233e+08 1.8912e-03 1.8912e-03
gnu:   1.1236e-08 31 ar36-->he4+s32 36Ar 1.5181e+06 8.0233e+08 1.8921e-03 1.8912e-03
gnu:   1.1260e-08 31 ar36-->he4+s32 36Ar 1.5187e+06 8.0233e+08 1.8929e-03 1.8929e-03
gnu:   1.1283e-08 31 ar36-->he4+s32 36Ar 1.5194e+06 8.0233e+08 1.8937e-03 1.8929e-03
gnu:   1.1307e-08 31 ar36-->he4+s32 36Ar 1.5200e+06 8.0233e+08 1.8945e-03 1.8945e-03
gnu:   1.1330e-08 31 ar36-->he4+s32 36Ar 1.5206e+06 8.0233e+08 1.8952e-03 1.8945e-03
gnu:   1.1353e-08 31 ar36-->he4+s32 36Ar 1.5212e+06 8.0233e+08 1.8960e-03 1.8960e-03
gnu:   1.1376e-08 31 ar36-->he4+s32 36Ar 1.5218e+06 8.0233e+08 1.8968e-03 1.8960e-03
gnu:   1.1399e-08 31 ar36-->he4+s32 36Ar 1.5224e+06 8.0233e+08 1.8975e-03 1.8975e-03
gnu:   1.1421e-08 31 ar36-->he4+s32 36Ar 1.5230e+06 8.0233e+08 1.8982e-03 1.8975e-03
gnu:   1.1443e-08 31 ar36-->he4+s32 36Ar 1.5236e+06 8.0233e+08 1.8990e-03 1.8990e-03
gnu:   1.1465e-08 31 ar36-->he4+s32 36Ar 1.5242e+06 8.0233e+08 1.8997e-03 1.8990e-03
gnu:   1.1487e-08 31 ar36-->he4+s32 36Ar 1.5247e+06 8.0233e+08 1.9004e-03 1.9004e-03
gnu:   1.1508e-08 31 ar36-->he4+s32 36Ar 1.5253e+06 8.0233e+08 1.9011e-03 1.9004e-03
gnu:   1.1529e-08 31 ar36-->he4+s32 36Ar 1.5258e+06 8.0233e+08 1.9017e-03 1.9017e-03
gnu:   1.1550e-08 31 ar36-->he4+s32 36Ar 1.5264e+06 8.0233e+08 1.9024e-03 1.9017e-03
gnu:   1.1571e-08 31 ar36-->he4+s32 36Ar 1.5269e+06 8.0233e+08 1.9031e-03 1.9031e-03
gnu:   1.1592e-08 31 ar36-->he4+s32 36Ar 1.5274e+06 8.0233e+08 1.9037e-03 1.9031e-03
gnu:   1.1612e-08 31 ar36-->he4+s32 36Ar 1.5279e+06 8.0233e+08 1.9044e-03 1.9044e-03
gnu:   1.1632e-08 31 ar36-->he4+s32 36Ar 1.5284e+06 8.0233e+08 1.9050e-03 1.9044e-03
gnu:   1.1652e-08 31 ar36-->he4+s32 36Ar 1.5289e+06 8.0233e+08 1.9056e-03 1.9056e-03
gnu:   1.1672e-08 31 ar36-->he4+s32 36Ar 1.5294e+06 8.0233e+08 1.9062e-03 1.9056e-03
gnu:   1.1692e-08 31 ar36-->he4+s32 36Ar 1.5299e+06 8.0233e+08 1.9068e-03 1.9068e-03
gnu:   1.1711e-08 31 ar36-->he4+s32 36Ar 1.5304e+06 8.0233e+08 1.9074e-03 1.9068e-03
gnu:   1.1731e-08 31 ar36-->he4+s32 36Ar 1.5308e+06 8.0233e+08 1.9080e-03 1.9080e-03
gnu:   1.1749e-08 31 ar36-->he4+s32 36Ar 1.5313e+06 8.0233e+08 1.9086e-03 1.9080e-03
gnu:   1.1768e-08 31 ar36-->he4+s32 36Ar 1.5318e+06 8.0233e+08 1.9091e-03 1.9091e-03
gnu:   1.1787e-08 31 ar36-->he4+s32 36Ar 1.5322e+06 8.0233e+08 1.9097e-03 1.9091e-03
gnu:   1.1805e-08 31 ar36-->he4+s32 36Ar 1.5326e+06 8.0233e+08 1.9102e-03 1.9102e-03
gnu:   1.1824e-08 31 ar36-->he4+s32 36Ar 1.5331e+06 8.0233e+08 1.9108e-03 1.9102e-03
gnu:   1.1842e-08 31 ar36-->he4+s32 36Ar 1.5335e+06 8.0233e+08 1.9113e-03 1.9113e-03
gnu:   1.1867e-08 31 ar36-->he4+s32 36Ar 1.5341e+06 8.0233e+08 1.9121e-03 1.9113e-03
gnu:   1.1893e-08 31 ar36-->he4+s32 36Ar 1.5347e+06 8.0233e+08 1.9128e-03 1.9128e-03
gnu:   1.1918e-08 31 ar36-->he4+s32 36Ar 1.5353e+06 8.0233e+08 1.9135e-03 1.9128e-03
gnu:   1.1943e-08 31 ar36-->he4+s32 36Ar 1.5359e+06 8.0233e+08 1.9143e-03 1.9143e-03
gnu:   1.1967e-08 31 ar36-->he4+s32 36Ar 1.5364e+06 8.0233e+08 1.9150e-03 1.9143e-03
gnu:   1.1991e-08 31 ar36-->he4+s32 36Ar 1.5370e+06 8.0233e+08 1.9157e-03 1.9157e-03
gnu:   1.2015e-08 31 ar36-->he4+s32 36Ar 1.5375e+06 8.0233e+08 1.9163e-03 1.9157e-03
gnu:   1.2039e-08 31 ar36-->he4+s32 36Ar 1.5381e+06 8.0233e+08 1.9170e-03 1.9170e-03
gnu:   1.2063e-08 31 ar36-->he4+s32 36Ar 1.5386e+06 8.0233e+08 1.9177e-03 1.9170e-03
gnu:   1.2086e-08 31 ar36-->he4+s32 36Ar 1.5391e+06 8.0233e+08 1.9183e-03 1.9183e-03
gnu:   1.2109e-08 31 ar36-->he4+s32 36Ar 1.5397e+06 8.0233e+08 1.9190e-03 1.9183e-03
gnu:   1.2132e-08 31 ar36-->he4+s32 36Ar 1.5402e+06 8.0233e+08 1.9196e-03 1.9196e-03
gnu:   1.2155e-08 31 ar36-->he4+s32 36Ar 1.5407e+06 8.0233e+08 1.9202e-03 1.9196e-03
gnu:   1.2177e-08 31 ar36-->he4+s32 36Ar 1.5412e+06 8.0233e+08 1.9209e-03 1.9209e-03
gnu:   1.2199e-08 31 ar36-->he4+s32 36Ar 1.5416e+06 8.0233e+08 1.9215e-03 1.9209e-03
gnu:   1.2221e-08 31 ar36-->he4+s32 36Ar 1.5421e+06 8.0233e+08 1.9221e-03 1.9221e-03
gnu:   1.2243e-08 31 ar36-->he4+s32 36Ar 1.5426e+06 8.0233e+08 1.9226e-03 1.9221e-03
gnu:   1.2265e-08 31 ar36-->he4+s32 36Ar 1.5431e+06 8.0233e+08 1.9232e-03 1.9232e-03
gnu:   1.2286e-08 31 ar36-->he4+s32 36Ar 1.5435e+06 8.0233e+08 1.9238e-03 1.9232e-03
gnu:   1.2307e-08 31 ar36-->he4+s32 36Ar 1.5440e+06 8.0233e+08 1.9244e-03 1.9244e-03
gnu:   1.2328e-08 31 ar36-->he4+s32 36Ar 1.5444e+06 8.0233e+08 1.9249e-03 1.9244e-03
gnu:   1.2349e-08 31 ar36-->he4+s32 36Ar 1.5448e+06 8.0233e+08 1.9255e-03 1.9255e-03
gnu:   1.2369e-08 31 ar36-->he4+s32 36Ar 1.5453e+06 8.0233e+08 1.9260e-03 1.9255e-03
gnu:   1.2389e-08 31 ar36-->he4+s32 36Ar 1.5457e+06 8.0233e+08 1.9265e-03 1.9265e-03
gnu:   1.2409e-08 31 ar36-->he4+s32 36Ar 1.5461e+06 8.0233e+08 1.9270e-03 1.9265e-03
gnu:   1.2429e-08 31 ar36-->he4+s32 36Ar 1.5465e+06 8.0233e+08 1.9276e-03 1.9276e-03
gnu:   1.2449e-08 31 ar36-->he4+s32 36Ar 1.5469e+06 8.0233e+08 1.9281e-03 1.9276e-03
gnu:   1.2468e-08 31 ar36-->he4+s32 36Ar 1.5473e+06 8.0233e+08 1.9286e-03 1.9286e-03
gnu:   1.2488e-08 31 ar36-->he4+s32 36Ar 1.5477e+06 8.0233e+08 1.9290e-03 1.9286e-03
gnu:   1.2507e-08 31 ar36-->he4+s32 36Ar 1.5481e+06 8.0233e+08 1.9295e-03 1.9295e-03
gnu:   1.2526e-08 31 ar36-->he4+s32 36Ar 1.5485e+06 8.0233e+08 1.9300e-03 1.9295e-03
gnu:   1.2544e-08 31 ar36-->he4+s32 36Ar 1.5489e+06 8.0233e+08 1.9305e-03 1.9305e-03
gnu:   1.2563e-08 31 ar36-->he4+s32 36Ar 1.5493e+06 8.0233e+08 1.9309e-03 1.9305e-03
gnu:   1.2581e-08 31 ar36-->he4+s32 36Ar 1.5496e+06 8.0233e+08 1.9314e-03 1.9314e-03
gnu:   1.2607e-08 31 ar36-->he4+s32 36Ar 1.5501e+06 8.0233e+08 1.9320e-03 1.9314e-03
gnu:   1.2633e-08 31 ar36-->he4+s32 36Ar 1.5506e+06 8.0233e+08 1.9327e-03 1.9327e-03
gnu:   1.2658e-08 31 ar36-->he4+s32 36Ar 1.5511e+06 8.0233e+08 1.9333e-03 1.9327e-03
gnu:   1.2683e-08 31 ar36-->he4+s32 36Ar 1.5516e+06 8.0233e+08 1.9339e-03 1.9339e-03
gnu:   1.2708e-08 31 ar36-->he4+s32 36Ar 1.5521e+06 8.0233e+08 1.9345e-03 1.9339e-03
gnu:   1.2733e-08 31 ar36-->he4+s32 36Ar 1.5526e+06 8.0233e+08 1.9351e-03 1.9351e-03
gnu:   1.2757e-08 31 ar36-->he4+s32 36Ar 1.5531e+06 8.0233e+08 1.9357e-03 1.9351e-03
gnu:   1.2781e-08 31 ar36-->he4+s32 36Ar 1.5535e+06 8.0233e+08 1.9363e-03 1.9363e-03
gnu:   1.2805e-08 31 ar36-->he4+s32 36Ar 1.5540e+06 8.0233e+08 1.9368e-03 1.9363e-03
gnu:   1.2829e-08 31 ar36-->he4+s32 36Ar 1.5544e+06 8.0233e+08 1.9374e-03 1.9374e-03
gnu:   1.2852e-08 31 ar36-->he4+s32 36Ar 1.5549e+06 8.0233e+08 1.9380e-03 1.9374e-03
gnu:   1.2876e-08 31 ar36-->he4+s32 36Ar 1.5553e+06 8.0233e+08 1.9385e-03 1.9385e-03
gnu:   1.2898e-08 31 ar36-->he4+s32 36Ar 1.5557e+06 8.0233e+08 1.9390e-03 1.9385e-03
gnu:   1.2921e-08 31 ar36-->he4+s32 36Ar 1.5562e+06 8.0233e+08 1.9396e-03 1.9396e-03
gnu:   1.2944e-08 31 ar36-->he4+s32 36Ar 1.5566e+06 8.0233e+08 1.9401e-03 1.9396e-03
gnu:   1.2966e-08 31 ar36-->he4+s32 36Ar 1.5570e+06 8.0233e+08 1.9406e-03 1.9406e-03
gnu:   1.2988e-08 31 ar36-->he4+s32 36Ar 1.5574e+06 8.0233e+08 1.9411e-03 1.9406e-03
gnu:   1.3010e-08 31 ar36-->he4+s32 36Ar 1.5578e+06 8.0233e+08 1.9416e-03 1.9416e-03
gnu:   1.3031e-08 31 ar36-->he4+s32 36Ar 1.5582e+06 8.0233e+08 1.9421e-03 1.9416e-03
gnu:   1.3053e-08 31 ar36-->he4+s32 36Ar 1.5586e+06 8.0233e+08 1.9426e-03 1.9426e-03
gnu:   1.3074e-08 31 ar36-->he4+s32 36Ar 1.5589e+06 8.0233e+08 1.9430e-03 1.9426e-03
gnu:   1.3095e-08 31 ar36-->he4+s32 36Ar 1.5593e+06 8.0233e+08 1.9435e-03 1.9435e-03
gnu:   1.3116e-08 31 ar36-->he4+s32 36Ar 1.5597e+06 8.0233e+08 1.9440e-03 1.9435e-03
gnu:   1.3136e-08 31 ar36-->he4+s32 36Ar 1.5601e+06 8.0233e+08 1.9444e-03 1.9444e-03
gnu:   1.3156e-08 31 ar36-->he4+s32 36Ar 1.5604e+06 8.0233e+08 1.9449e-03 1.9444e-03
gnu:   1.3177e-08 31 ar36-->he4+s32 36Ar 1.5608e+06 8.0233e+08 1.9453e-03 1.9453e-03
gnu:   1.3196e-08 31 ar36-->he4+s32 36Ar 1.5611e+06 8.0233e+08 1.9457e-03 1.9453e-03
gnu:   1.3216e-08 31 ar36-->he4+s32 36Ar 1.5615e+06 8.0233e+08 1.9462e-03 1.9462e-03
gnu:   1.3236e-08 31 ar36-->he4+s32 36Ar 1.5618e+06 8.0233e+08 1.9466e-03 1.9462e-03
gnu:   1.3255e-08 31 ar36-->he4+s32 36Ar 1.5621e+06 8.0233e+08 1.9470e-03 1.9470e-03
gnu:   1.3274e-08 31 ar36-->he4+s32 36Ar 1.5625e+06 8.0233e+08 1.9474e-03 1.9470e-03
gnu:   1.3293e-08 31 ar36-->he4+s32 36Ar 1.5628e+06 8.0233e+08 1.9478e-03 1.9478e-03
gnu:   1.3312e-08 31 ar36-->he4+s32 36Ar 1.5631e+06 8.0233e+08 1.9482e-03 1.9478e-03
gnu:   1.3331e-08 31 ar36-->he4+s32 36Ar 1.5634e+06 8.0233e+08 1.9486e-03 1.9486e-03
gnu:   1.3349e-08 31 ar36-->he4+s32 36Ar 1.5637e+06 8.0233e+08 1.9490e-03 1.9486e-03
gnu:   1.3367e-08 31 ar36-->he4+s32 36Ar 1.5640e+06 8.0233e+08 1.9494e-03 1.9494e-03
gnu:   1.3393e-08 31 ar36-->he4+s32 36Ar 1.5645e+06 8.0233e+08 1.9499e-03 1.9494e-03
gnu:   1.3418e-08 31 ar36-->he4+s32 36Ar 1.5649e+06 8.0233e+08 1.9504e-03 1.9504e-03
gnu:   1.3443e-08 31 ar36-->he4+s32 36Ar 1.5653e+06 8.0233e+08 1.9510e-03 1.9504e-03
gnu:   1.3469e-08 31 ar36-->he4+s32 36Ar 1.5657e+06 8.0233e+08 1.9515e-03 1.9515e-03
gnu:   1.3493e-08 31 ar36-->he4+s32 36Ar 1.5661e+06 8.0233e+08 1.9520e-03 1.9515e-03
gnu:   1.3518e-08 31 ar36-->he4+s32 36Ar 1.5665e+06 8.0233e+08 1.9525e-03 1.9525e-03
gnu:   1.3542e-08 31 ar36-->he4+s32 36Ar 1.5669e+06 8.0233e+08 1.9530e-03 1.9525e-03
gnu:   1.3566e-08 31 ar36-->he4+s32 36Ar 1.5673e+06 8.0233e+08 1.9534e-03 1.9534e-03
gnu:   1.3589e-08 31 ar36-->he4+s32 36Ar 1.5677e+06 8.0233e+08 1.9539e-03 1.9534e-03
gnu:   1.3613e-08 31 ar36-->he4+s32 36Ar 1.5681e+06 8.0233e+08 1.9544e-03 1.9544e-03
gnu:   1.3636e-08 31 ar36-->he4+s32 36Ar 1.5684e+06 8.0233e+08 1.9548e-03 1.9544e-03
gnu:   1.3659e-08 31 ar36-->he4+s32 36Ar 1.5688e+06 8.0233e+08 1.9553e-03 1.9553e-03
gnu:   1.3682e-08 31 ar36-->he4+s32 36Ar 1.5692e+06 8.0233e+08 1.9557e-03 1.9553e-03
gnu:   1.3705e-08 31 ar36-->he4+s32 36Ar 1.5695e+06 8.0233e+08 1.9562e-03 1.9562e-03
gnu:   1.3727e-08 31 ar36-->he4+s32 36Ar 1.5699e+06 8.0233e+08 1.9566e-03 1.9562e-03
gnu:   1.3749e-08 31 ar36-->he4+s32 36Ar 1.5702e+06 8.0233e+08 1.9571e-03 1.9571e-03
gnu:   1.3771e-08 31 ar36-->he4+s32 36Ar 1.5705e+06 8.0233e+08 1.9575e-03 1.9571e-03
gnu:   1.3793e-08 31 ar36-->he4+s32 36Ar 1.5709e+06 8.0233e+08 1.9579e-03 1.9579e-03
gnu:   1.3814e-08 31 ar36-->he4+s32 36Ar 1.5712e+06 8.0233e+08 1.9583e-03 1.9579e-03
gnu:   1.3835e-08 31 ar36-->he4+s32 36Ar 1.5715e+06 8.0233e+08 1.9587e-03 1.9587e-03
gnu:   1.3856e-08 31 ar36-->he4+s32 36Ar 1.5718e+06 8.0233e+08 1.9591e-03 1.9587e-03
gnu:   1.3877e-08 31 ar36-->he4+s32 36Ar 1.5722e+06 8.0233e+08 1.9595e-03 1.9595e-03
gnu:   1.3898e-08 31 ar36-->he4+s32 36Ar 1.5725e+06 8.0233e+08 1.9599e-03 1.9595e-03
gnu:   1.3918e-08 31 ar36-->he4+s32 36Ar 1.5728e+06 8.0233e+08 1.9603e-03 1.9603e-03
gnu:   1.3938e-08 31 ar36-->he4+s32 36Ar 1.5731e+06 8.0233e+08 1.9606e-03 1.9603e-03
gnu:   1.3958e-08 31 ar36-->he4+s32 36Ar 1.5734e+06 8.0233e+08 1.9610e-03 1.9610e-03
gnu:   1.3978e-08 31 ar36-->he4+s32 36Ar 1.5737e+06 8.0233e+08 1.9614e-03 1.9610e-03
gnu:   1.3998e-08 31 ar36-->he4+s32 36Ar 1.5740e+06 8.0233e+08 1.9617e-03 1.9617e-03
gnu:   1.4017e-08 31 ar36-->he4+s32 36Ar 1.5742e+06 8.0233e+08 1.9621e-03 1.9617e-03
gnu:   1.4036e-08 31 ar36-->he4+s32 36Ar 1.5745e+06 8.0233e+08 1.9624e-03 1.9624e-03
gnu:   1.4055e-08 31 ar36-->he4+s32 36Ar 1.5748e+06 8.0233e+08 1.9628e-03 1.9624e-03
gnu:   1.4074e-08 31 ar36-->he4+s32 36Ar 1.5751e+06 8.0233e+08 1.9631e-03 1.9631e-03
gnu:   1.4093e-08 31 ar36-->he4+s32 36Ar 1.5753e+06 8.0233e+08 1.9634e-03 1.9631e-03
gnu:   1.4111e-08 31 ar36-->he4+s32 36Ar 1.5756e+06 8.0233e+08 1.9638e-03 1.9638e-03
gnu:   1.4129e-08 31 ar36-->he4+s32 36Ar 1.5759e+06 8.0233e+08 1.9641e-03 1.9638e-03
gnu:   1.4148e-08 31 ar36-->he4+s32 36Ar 1.5761e+06 8.0233e+08 1.9644e-03 1.9644e-03
gnu:   1.4173e-08 31 ar36-->he4+s32 36Ar 1.5765e+06 8.0233e+08 1.9649e-03 1.9644e-03
gnu:   1.4198e-08 31 ar36-->he4+s32 36Ar 1.5768e+06 8.0233e+08 1.9653e-03 1.9653e-03
gnu:   1.4223e-08 31 ar36-->he4+s32 36Ar 1.5772e+06 8.0233e+08 1.9658e-03 1.9653e-03
gnu:   1.4248e-08 31 ar36-->he4+s32 36Ar 1.5775e+06 8.0233e+08 1.9662e-03 1.9662e-03
gnu:   1.4273e-08 31 ar36-->he4+s32 36Ar 1.5779e+06 8.0233e+08 1.9666e-03 1.9662e-03
gnu:   1.4297e-08 31 ar36-->he4+s32 36Ar 1.5782e+06 8.0233e+08 1.9670e-03 1.9670e-03
gnu:   1.4321e-08 31 ar36-->he4+s32 36Ar 1.5785e+06 8.0233e+08 1.9675e-03 1.9670e-03
gnu:   1.4345e-08 31 ar36-->he4+s32 36Ar 1.5789e+06 8.0233e+08 1.9679e-03 1.9679e-03
gnu:   1.4368e-08 31 ar36-->he4+s32 36Ar 1.5792e+06 8.0233e+08 1.9683e-03 1.9679e-03
gnu:   1.4392e-08 31 ar36-->he4+s32 36Ar 1.5795e+06 8.0233e+08 1.9687e-03 1.9687e-03
gnu:   1.4415e-08 31 ar36-->he4+s32 36Ar 1.5798e+06 8.0233e+08 1.9690e-03 1.9687e-03
gnu:   1.4438e-08 31 ar36-->he4+s32 36Ar 1.5801e+06 8.0233e+08 1.9694e-03 1.9694e-03
gnu:   1.4460e-08 31 ar36-->he4+s32 36Ar 1.5804e+06 8.0233e+08 1.9698e-03 1.9694e-03
gnu:   1.4483e-08 31 ar36-->he4+s32 36Ar 1.5807e+06 8.0233e+08 1.9702e-03 1.9702e-03
gnu:   1.4505e-08 31 ar36-->he4+s32 36Ar 1.5810e+06 8.0233e+08 1.9705e-03 1.9702e-03
gnu:   1.4527e-08 31 ar36-->he4+s32 36Ar 1.5813e+06 8.0233e+08 1.9709e-03 1.9709e-03
gnu:   1.4549e-08 31 ar36-->he4+s32 36Ar 1.5816e+06 8.0233e+08 1.9713e-03 1.9709e-03
gnu:   1.4570e-08 31 ar36-->he4+s32 36Ar 1.5819e+06 8.0233e+08 1.9716e-03 1.9716e-03
gnu:   1.4591e-08 31 ar36-->he4+s32 36Ar 1.5822e+06 8.0233e+08 1.9720e-03 1.9716e-03
gnu:   1.4613e-08 31 ar36-->he4+s32 36Ar 1.5824e+06 8.0233e+08 1.9723e-03 1.9723e-03
gnu:   1.4633e-08 31 ar36-->he4+s32 36Ar 1.5827e+06 8.0233e+08 1.9726e-03 1.9723e-03
gnu:   1.4654e-08 31 ar36-->he4+s32 36Ar 1.5830e+06 8.0233e+08 1.9730e-03 1.9730e-03
gnu:   1.4674e-08 31 ar36-->he4+s32 36Ar 1.5832e+06 8.0233e+08 1.9733e-03 1.9730e-03
gnu:   1.4695e-08 31 ar36-->he4+s32 36Ar 1.5835e+06 8.0233e+08 1.9736e-03 1.9736e-03
gnu:   1.4715e-08 31 ar36-->he4+s32 36Ar 1.5838e+06 8.0233e+08 1.9739e-03 1.9736e-03
gnu:   1.4735e-08 31 ar36-->he4+s32 36Ar 1.5840e+06 8.0233e+08 1.9743e-03 1.9743e-03
gnu:   1.4754e-08 31 ar36-->he4+s32 36Ar 1.5843e+06 8.0233e+08 1.9746e-03 1.9743e-03
gnu:   1.4774e-08 31 ar36-->he4+s32 36Ar 1.5845e+06 8.0233e+08 1.9749e-03 1.9749e-03
gnu:   1.4793e-08 31 ar36-->he4+s32 36Ar 1.5847e+06 8.0233e+08 1.9752e-03 1.9749e-03
gnu:   1.4812e-08 31 ar36-->he4+s32 36Ar 1.5850e+06 8.0233e+08 1.9755e-03 1.9755e-03
gnu:   1.4831e-08 31 ar36-->he4+s32 36Ar 1.5852e+06 8.0233e+08 1.9758e-03 1.9755e-03
gnu:   1.4850e-08 31 ar36-->he4+s32 36Ar 1.5854e+06 8.0233e+08 1.9760e-03 1.9760e-03
gnu:   1.4868e-08 31 ar36-->he4+s32 36Ar 1.5857e+06 8.0233e+08 1.9763e-03 1.9760e-03
gnu:   1.4887e-08 31 ar36-->he4+s32 36Ar 1.5859e+06 8.0233e+08 1.9766e-03 1.9766e-03
gnu:   1.4912e-08 31 ar36-->he4+s32 36Ar 1.5862e+06 8.0233e+08 1.9770e-03 1.9766e-03
gnu:   1.4938e-08 31 ar36-->he4+s32 36Ar 1.5865e+06 8.0233e+08 1.9774e-03 1.9774e-03
gnu:   1.4963e-08 31 ar36-->he4+s32 36Ar 1.5868e+06 8.0233e+08 1.9778e-03 1.9774e-03
gnu:   1.4989e-08 31 ar36-->he4+s32 36Ar 1.5871e+06 8.0233e+08 1.9782e-03 1.9782e-03
gnu:   1.5013e-08 31 ar36-->he4+s32 36Ar 1.5874e+06 8.0233e+08 1.9785e-03 1.9782e-03
gnu:   1.5038e-08 31 ar36-->he4+s32 36Ar 1.5877e+06 8.0233e+08 1.9789e-03 1.9789e-03
gnu:   1.5062e-08 31 ar36-->he4+s32 36Ar 1.5880e+06 8.0233e+08 1.9793e-03 1.9789e-03
gnu:   1.5086e-08 31 ar36-->he4+s32 36Ar 1.5883e+06 8.0233e+08 1.9796e-03 1.9796e-03
gnu:   1.5110e-08 31 ar36-->he4+s32 36Ar 1.5886e+06 8.0233e+08 1.9800e-03 1.9796e-03
gnu:   1.5134e-08 31 ar36-->he4+s32 36Ar 1.5889e+06 8.0233e+08 1.9803e-03 1.9803e-03
gnu:   1.5157e-08 31 ar36-->he4+s32 36Ar 1.5891e+06 8.0233e+08 1.9806e-03 1.9803e-03
gnu:   1.5181e-08 31 ar36-->he4+s32 36Ar 1.5894e+06 8.0233e+08 1.9810e-03 1.9810e-03
gnu:   1.5203e-08 31 ar36-->he4+s32 36Ar 1.5897e+06 8.0233e+08 1.9813e-03 1.9810e-03
gnu:   1.5226e-08 31 ar36-->he4+s32 36Ar 1.5899e+06 8.0233e+08 1.9816e-03 1.9816e-03
gnu:   1.5249e-08 31 ar36-->he4+s32 36Ar 1.5902e+06 8.0233e+08 1.9820e-03 1.9816e-03
gnu:   1.5271e-08 31 ar36-->he4+s32 36Ar 1.5904e+06 8.0233e+08 1.9823e-03 1.9823e-03
gnu:   1.5293e-08 31 ar36-->he4+s32 36Ar 1.5907e+06 8.0233e+08 1.9826e-03 1.9823e-03
gnu:   1.5315e-08 31 ar36-->he4+s32 36Ar 1.5909e+06 8.0233e+08 1.9829e-03 1.9829e-03
gnu:   1.5336e-08 31 ar36-->he4+s32 36Ar 1.5912e+06 8.0233e+08 1.9832e-03 1.9829e-03
gnu:   1.5358e-08 31 ar36-->he4+s32 36Ar 1.5914e+06 8.0233e+08 1.9835e-03 1.9835e-03
gnu:   1.5379e-08 31 ar36-->he4+s32 36Ar 1.5917e+06 8.0233e+08 1.9838e-03 1.9835e-03
gnu:   1.5400e-08 31 ar36-->he4+s32 36Ar 1.5919e+06 8.0233e+08 1.9841e-03 1.9841e-03
gnu:   1.5420e-08 31 ar36-->he4+s32 36Ar 1.5921e+06 8.0233e+08 1.9844e-03 1.9841e-03
gnu:   1.5441e-08 31 ar36-->he4+s32 36Ar 1.5923e+06 8.0233e+08 1.9847e-03 1.9847e-03
gnu:   1.5461e-08 31 ar36-->he4+s32 36Ar 1.5926e+06 8.0233e+08 1.9849e-03 1.9847e-03
gnu:   1.5481e-08 31 ar36-->he4+s32 36Ar 1.5928e+06 8.0233e+08 1.9852e-03 1.9852e-03
gnu:   1.5501e-08 31 ar36-->he4+s32 36Ar 1.5930e+06 8.0233e+08 1.9855e-03 1.9852e-03
gnu:   1.5521e-08 31 ar36-->he4+s32 36Ar 1.5932e+06 8.0233e+08 1.9857e-03 1.9857e-03
gnu:   1.5541e-08 31 ar36-->he4+s32 36Ar 1.5934e+06 8.0233e+08 1.9860e-03 1.9857e-03
gnu:   1.5560e-08 31 ar36-->he4+s32 36Ar 1.5936e+06 8.0233e+08 1.9863e-03 1.9863e-03
gnu:   1.5579e-08 31 ar36-->he4+s32 36Ar 1.5938e+06 8.0233e+08 1.9865e-03 1.9863e-03
gnu:   1.5598e-08 31 ar36-->he4+s32 36Ar 1.5940e+06 8.0233e+08 1.9868e-03 1.9868e-03
gnu:   1.5617e-08 31 ar36-->he4+s32 36Ar 1.5942e+06 8.0233e+08 1.9870e-03 1.9868e-03
gnu:   1.5635e-08 31 ar36-->he4+s32 36Ar 1.5944e+06 8.0233e+08 1.9873e-03 1.9873e-03
gnu:   1.5654e-08 31 ar36-->he4+s32 36Ar 1.5946e+06 8.0233e+08 1.9875e-03 1.9873e-03
gnu:   1.5672e-08 31 ar36-->he4+s32 36Ar 1.5948e+06 8.0233e+08 1.9878e-03 1.9878e-03
gnu:   1.5697e-08 31 ar36-->he4+s32 36Ar 1.5951e+06 8.0233e+08 1.9881e-03 1.9878e-03
gnu:   1.5723e-08 31 ar36-->he4+s32 36Ar 1.5954e+06 8.0233e+08 1.9884e-03 1.9884e-03
gnu:   1.5748e-08 31 ar36-->he4+s32 36Ar 1.5956e+06 8.0233e+08 1.9887e-03 1.9884e-03
gnu:   1.5773e-08 31 ar36-->he4+s32 36Ar 1.5959e+06 8.0233e+08 1.9891e-03 1.9891e-03
gnu:   1.5798e-08 31 ar36-->he4+s32 36Ar 1.5961e+06 8.0233e+08 1.9894e-03 1.9891e-03
gnu:   1.5822e-08 31 ar36-->he4+s32 36Ar 1.5964e+06 8.0233e+08 1.9897e-03 1.9897e-03
gnu:   1.5846e-08 31 ar36-->he4+s32 36Ar 1.5966e+06 8.0233e+08 1.9900e-03 1.9897e-03
gnu:   1.5870e-08 31 ar36-->he4+s32 36Ar 1.5969e+06 8.0233e+08 1.9903e-03 1.9903e-03
gnu:   1.5894e-08 31 ar36-->he4+s32 36Ar 1.5971e+06 8.0233e+08 1.9906e-03 1.9903e-03
gnu:   1.5918e-08 31 ar36-->he4+s32 36Ar 1.5974e+06 8.0233e+08 1.9909e-03 1.9909e-03
gnu:   1.5941e-08 31 ar36-->he4+s32 36Ar 1.5976e+06 8.0233e+08 1.9912e-03 1.9909e-03
gnu:   1.5964e-08 31 ar36-->he4+s32 36Ar 1.5978e+06 8.0233e+08 1.9915e-03 1.9915e-03
gnu:   1.5987e-08 31 ar36-->he4+s32 36Ar 1.5981e+06 8.0233e+08 1.9918e-03 1.9915e-03
gnu:   1.6009e-08 31 ar36-->he4+s32 36Ar 1.5983e+06 8.0233e+08 1.9920e-03 1.9920e-03
gnu:   1.6031e-08 31 ar36-->he4+s32 36Ar 1.5985e+06 8.0233e+08 1.9923e-03 1.9920e-03
gnu:   1.6054e-08 31 ar36-->he4+s32 36Ar 1.5987e+06 8.0233e+08 1.9926e-03 1.9926e-03
gnu:   1.6075e-08 31 ar36-->he4+s32 36Ar 1.5989e+06 8.0233e+08 1.9929e-03 1.9926e-03
gnu:   1.6097e-08 31 ar36-->he4+s32 36Ar 1.5991e+06 8.0233e+08 1.9931e-03 1.9931e-03
gnu:   1.6118e-08 31 ar36-->he4+s32 36Ar 1.5994e+06 8.0233e+08 1.9934e-03 1.9931e-03
gnu:   1.6140e-08 31 ar36-->he4+s32 36Ar 1.5996e+06 8.0233e+08 1.9936e-03 1.9936e-03
gnu:   1.6161e-08 31 ar36-->he4+s32 36Ar 1.5998e+06 8.0233e+08 1.9939e-03 1.9936e-03
gnu:   1.6182e-08 31 ar36-->he4+s32 36Ar 1.6000e+06 8.0233e+08 1.9941e-03 1.9941e-03
gnu:   1.6202e-08 31 ar36-->he4+s32 36Ar 1.6002e+06 8.0233e+08 1.9944e-03 1.9941e-03
gnu:   1.6223e-08 31 ar36-->he4+s32 36Ar 1.6004e+06 8.0233e+08 1.9946e-03 1.9946e-03
gnu:   1.6243e-08 31 ar36-->he4+s32 36Ar 1.6005e+06 8.0233e+08 1.9949e-03 1.9946e-03
gnu:   1.6263e-08 31 ar36-->he4+s32 36Ar 1.6007e+06 8.0233e+08 1.9951e-03 1.9951e-03
gnu:   1.6282e-08 31 ar36-->he4+s32 36Ar 1.6009e+06 8.0233e+08 1.9953e-03 1.9951e-03
gnu:   1.6302e-08 31 ar36-->he4+s32 36Ar 1.6011e+06 8.0233e+08 1.9956e-03 1.9956e-03
gnu:   1.6321e-08 31 ar36-->he4+s32 36Ar 1.6013e+06 8.0233e+08 1.9958e-03 1.9956e-03
gnu:   1.6341e-08 31 ar36-->he4+s32 36Ar 1.6015e+06 8.0233e+08 1.9960e-03 1.9960e-03
gnu:   1.6359e-08 31 ar36-->he4+s32 36Ar 1.6016e+06 8.0233e+08 1.9962e-03 1.9960e-03
gnu:   1.6378e-08 31 ar36-->he4+s32 36Ar 1.6018e+06 8.0233e+08 1.9965e-03 1.9965e-03
gnu:   1.6397e-08 31 ar36-->he4+s32 36Ar 1.6020e+06 8.0233e+08 1.9967e-03 1.9965e-03
gnu:   1.6415e-08 31 ar36-->he4+s32 36Ar 1.6022e+06 8.0233e+08 1.9969e-03 1.9969e-03
gnu:   1.6434e-08 31 ar36-->he4+s32 36Ar 1.6023e+06 8.0233e+08 1.9971e-03 1.9969e-03
gnu:   1.6452e-08 31 ar36-->he4+s32 36Ar 1.6025e+06 8.0233e+08 1.9973e-03 1.9973e-03
gnu:   1.6477e-08 31 ar36-->he4+s32 36Ar 1.6027e+06 8.0233e+08 1.9976e-03 1.9973e-03
gnu:   1.6503e-08 31 ar36-->he4+s32 36Ar 1.6030e+06 8.0233e+08 1.9979e-03 1.9979e-03
gnu:   1.6527e-08 31 ar36-->he4+s32 36Ar 1.6032e+06 8.0233e+08 1.9982e-03 1.9979e-03
gnu:   1.6552e-08 31 ar36-->he4+s32 36Ar 1.6034e+06 8.0233e+08 1.9984e-03 1.9984e-03
gnu:   1.6577e-08 31 ar36-->he4+s32 36Ar 1.6036e+06 8.0233e+08 1.9987e-03 1.9984e-03
gnu:   1.6601e-08 31 ar36-->he4+s32 36Ar 1.6038e+06 8.0233e+08 1.9990e-03 1.9990e-03
gnu:   1.6625e-08 31 ar36-->he4+s32 36Ar 1.6041e+06 8.0233e+08 1.9992e-03 1.9990e-03
gnu:   1.6649e-08 31 ar36-->he4+s32 36Ar 1.6043e+06 8.0233e+08 1.9995e-03 1.9995e-03
gnu:   1.6672e-08 31 ar36-->he4+s32 36Ar 1.6045e+06 8.0233e+08 1.9998e-03 1.9995e-03
gnu:   1.6696e-08 31 ar36-->he4+s32 36Ar 1.6047e+06 8.0233e+08 2.0000e-03 2.0000e-03
gnu:   1.6719e-08 31 ar36-->he4+s32 36Ar 1.6049e+06 8.0233e+08 2.0003e-03 2.0000e-03
gnu:   1.6742e-08 31 ar36-->he4+s32 36Ar 1.6051e+06 8.0233e+08 2.0005e-03 2.0005e-03
gnu:   1.6764e-08 31 ar36-->he4+s32 36Ar 1.6053e+06 8.0233e+08 2.0008e-03 2.0005e-03
gnu:   1.6787e-08 31 ar36-->he4+s32 36Ar 1.6055e+06 8.0233e+08 2.0010e-03 2.0010e-03
gnu:   1.6809e-08 31 ar36-->he4+s32 36Ar 1.6057e+06 8.0233e+08 2.0012e-03 2.0010e-03
gnu:   1.6831e-08 31 ar36-->he4+s32 36Ar 1.6058e+06 8.0233e+08 2.0015e-03 2.0015e-03
gnu:   1.6852e-08 31 ar36-->he4+s32 36Ar 1.6060e+06 8.0233e+08 2.0017e-03 2.0015e-03
gnu:   1.6874e-08 31 ar36-->he4+s32 36Ar 1.6062e+06 8.0233e+08 2.0019e-03 2.0019e-03
gnu:   1.6895e-08 31 ar36-->he4+s32 36Ar 1.6064e+06 8.0233e+08 2.0022e-03 2.0019e-03
gnu:   1.6916e-08 31 ar36-->he4+s32 36Ar 1.6066e+06 8.0233e+08 2.0024e-03 2.0024e-03
gnu:   1.6937e-08 31 ar36-->he4+s32 36Ar 1.6067e+06 8.0233e+08 2.0026e-03 2.0024e-03
gnu:   1.6958e-08 31 ar36-->he4+s32 36Ar 1.6069e+06 8.0233e+08 2.0028e-03 2.0028e-03
gnu:   1.6978e-08 31 ar36-->he4+s32 36Ar 1.6071e+06 8.0233e+08 2.0030e-03 2.0028e-03
gnu:   1.6999e-08 31 ar36-->he4+s32 36Ar 1.6073e+06 8.0233e+08 2.0032e-03 2.0032e-03
gnu:   1.7019e-08 31 ar36-->he4+s32 36Ar 1.6074e+06 8.0233e+08 2.0034e-03 2.0032e-03
gnu:   1.7038e-08 31 ar36-->he4+s32 36Ar 1.6076e+06 8.0233e+08 2.0036e-03 2.0036e-03
gnu:   1.7058e-08 31 ar36-->he4+s32 36Ar 1.6077e+06 8.0233e+08 2.0038e-03 2.0036e-03
gnu:   1.7078e-08 31 ar36-->he4+s32 36Ar 1.6079e+06 8.0233e+08 2.0040e-03 2.0040e-03
gnu:   1.7097e-08 31 ar36-->he4+s32 36Ar 1.6081e+06 8.0233e+08 2.0042e-03 2.0040e-03
gnu:   1.7116e-08 31 ar36-->he4+s32 36Ar 1.6082e+06 8.0233e+08 2.0044e-03 2.0044e-03
gnu:   1.7135e-08 31 ar36-->he4+s32 36Ar 1.6084e+06 8.0233e+08 2.0046e-03 2.0044e-03
gnu:   1.7153e-08 31 ar36-->he4+s32 36Ar 1.6085e+06 8.0233e+08 2.0048e-03 2.0048e-03
gnu:   1.7172e-08 31 ar36-->he4+s32 36Ar 1.6087e+06 8.0233e+08 2.0050e-03 2.0048e-03
gnu:   1.7190e-08 31 ar36-->he4+s32 36Ar 1.6088e+06 8.0233e+08 2.0052e-03 2.0052e-03
gnu:   1.7216e-08 31 ar36-->he4+s32 36Ar 1.6090e+06 8.0233e+08 2.0054e-03 2.0052e-03
gnu:   1.7242e-08 31 ar36-->he4+s32 36Ar 1.6092e+06 8.0233e+08 2.0057e-03 2.0057e-03
gnu:   1.7267e-08 31 ar36-->he4+s32 36Ar 1.6094e+06 8.0233e+08 2.0060e-03 2.0057e-03
gnu:   1.7292e-08 31 ar36-->he4+s32 36Ar 1.6096e+06 8.0233e+08 2.0062e-03 2.0062e-03
gnu:   1.7317e-08 31 ar36-->he4+s32 36Ar 1.6098e+06 8.0233e+08 2.0064e-03 2.0062e-03
gnu:   1.7341e-08 31 ar36-->he4+s32 36Ar 1.6100e+06 8.0233e+08 2.0067e-03 2.0067e-03
gnu:   1.7366e-08 31 ar36-->he4+s32 36Ar 1.6102e+06 8.0233e+08 2.0069e-03 2.0067e-03
gnu:   1.7390e-08 31 ar36-->he4+s32 36Ar 1.6104e+06 8.0233e+08 2.0072e-03 2.0072e-03
gnu:   1.7414e-08 31 ar36-->he4+s32 36Ar 1.6106e+06 8.0233e+08 2.0074e-03 2.0072e-03
gnu:   1.7437e-08 31 ar36-->he4+s32 36Ar 1.6108e+06 8.0233e+08 2.0076e-03 2.0076e-03
gnu:   1.7461e-08 31 ar36-->he4+s32 36Ar 1.6109e+06 8.0233e+08 2.0078e-03 2.0076e-03
gnu:   1.7484e-08 31 ar36-->he4+s32 36Ar 1.6111e+06 8.0233e+08 2.0081e-03 2.0081e-03
gnu:   1.7530e-08 31 ar36-->he4+s32 36Ar 1.6115e+06 8.0233e+08 2.0085e-03 2.0081e-03
gnu:   1.7577e-08 31 ar36-->he4+s32 36Ar 1.6118e+06 8.0233e+08 2.0089e-03 2.0089e-03
gnu:   1.7642e-08 31 ar36-->he4+s32 36Ar 1.6123e+06 8.0233e+08 2.0096e-03 2.0089e-03
gnu:   1.7707e-08 31 ar36-->he4+s32 36Ar 1.6128e+06 8.0233e+08 2.0102e-03 2.0102e-03
gnu:   1.7729e-08 31 ar36-->he4+s32 36Ar 1.6130e+06 8.0233e+08 2.0104e-03 2.0102e-03
gnu:   1.7751e-08 31 ar36-->he4+s32 36Ar 1.6131e+06 8.0233e+08 2.0106e-03 2.0106e-03
gnu:   1.7773e-08 31 ar36-->he4+s32 36Ar 1.6133e+06 8.0233e+08 2.0108e-03 2.0106e-03
gnu:   1.7794e-08 31 ar36-->he4+s32 36Ar 1.6134e+06 8.0233e+08 2.0109e-03 2.0109e-03
gnu:   1.7815e-08 31 ar36-->he4+s32 36Ar 1.6136e+06 8.0233e+08 2.0111e-03 2.0109e-03
gnu:   1.7836e-08 31 ar36-->he4+s32 36Ar 1.6138e+06 8.0233e+08 2.0113e-03 2.0113e-03
gnu:   1.7878e-08 31 ar36-->he4+s32 36Ar 1.6141e+06 8.0233e+08 2.0117e-03 2.0113e-03
gnu:   1.7920e-08 31 ar36-->he4+s32 36Ar 1.6144e+06 8.0233e+08 2.0121e-03 2.0121e-03
gnu:   1.7979e-08 31 ar36-->he4+s32 36Ar 1.6148e+06 8.0233e+08 2.0126e-03 2.0121e-03
gnu:   1.8038e-08 31 ar36-->he4+s32 36Ar 1.6152e+06 8.0233e+08 2.0131e-03 2.0131e-03
gnu:   1.8058e-08 31 ar36-->he4+s32 36Ar 1.6153e+06 8.0233e+08 2.0133e-03 2.0131e-03
gnu:   1.8078e-08 31 ar36-->he4+s32 36Ar 1.6155e+06 8.0233e+08 2.0135e-03 2.0135e-03
gnu:   1.8097e-08 31 ar36-->he4+s32 36Ar 1.6156e+06 8.0233e+08 2.0136e-03 2.0135e-03
gnu:   1.8116e-08 31 ar36-->he4+s32 36Ar 1.6157e+06 8.0233e+08 2.0138e-03 2.0138e-03
gnu:   1.8135e-08 31 ar36-->he4+s32 36Ar 1.6159e+06 8.0233e+08 2.0140e-03 2.0138e-03
gnu:   1.8154e-08 31 ar36-->he4+s32 36Ar 1.6160e+06 8.0233e+08 2.0141e-03 2.0141e-03
gnu:   1.8173e-08 31 ar36-->he4+s32 36Ar 1.6161e+06 8.0233e+08 2.0143e-03 2.0141e-03
gnu:   1.8192e-08 31 ar36-->he4+s32 36Ar 1.6162e+06 8.0233e+08 2.0144e-03 2.0144e-03
gnu:   1.8210e-08 31 ar36-->he4+s32 36Ar 1.6164e+06 8.0233e+08 2.0146e-03 2.0144e-03
gnu:   1.8228e-08 31 ar36-->he4+s32 36Ar 1.6165e+06 8.0233e+08 2.0148e-03 2.0148e-03
gnu:   1.8254e-08 31 ar36-->he4+s32 36Ar 1.6167e+06 8.0233e+08 2.0150e-03 2.0148e-03
gnu:   1.8279e-08 31 ar36-->he4+s32 36Ar 1.6168e+06 8.0233e+08 2.0152e-03 2.0152e-03
gnu:   1.8330e-08 31 ar36-->he4+s32 36Ar 1.6172e+06 8.0233e+08 2.0156e-03 2.0152e-03
gnu:   1.8382e-08 31 ar36-->he4+s32 36Ar 1.6175e+06 8.0233e+08 2.0160e-03 2.0160e-03
gnu:   1.8406e-08 31 ar36-->he4+s32 36Ar 1.6177e+06 8.0233e+08 2.0162e-03 2.0160e-03
gnu:   1.8431e-08 31 ar36-->he4+s32 36Ar 1.6179e+06 8.0233e+08 2.0164e-03 2.0164e-03
gnu:   1.8455e-08 31 ar36-->he4+s32 36Ar 1.6180e+06 8.0233e+08 2.0166e-03 2.0164e-03
gnu:   1.8479e-08 31 ar36-->he4+s32 36Ar 1.6182e+06 8.0233e+08 2.0168e-03 2.0168e-03
gnu:   1.8527e-08 31 ar36-->he4+s32 36Ar 1.6185e+06 8.0233e+08 2.0172e-03 2.0168e-03
gnu:   1.8575e-08 31 ar36-->he4+s32 36Ar 1.6188e+06 8.0233e+08 2.0176e-03 2.0176e-03
gnu:   1.8598e-08 31 ar36-->he4+s32 36Ar 1.6189e+06 8.0233e+08 2.0178e-03 2.0176e-03
gnu:   1.8621e-08 31 ar36-->he4+s32 36Ar 1.6191e+06 8.0233e+08 2.0180e-03 2.0180e-03
gnu:   1.8644e-08 31 ar36-->he4+s32 36Ar 1.6192e+06 8.0233e+08 2.0182e-03 2.0180e-03
gnu:   1.8667e-08 31 ar36-->he4+s32 36Ar 1.6194e+06 8.0233e+08 2.0183e-03 2.0183e-03
gnu:   1.8689e-08 31 ar36-->he4+s32 36Ar 1.6195e+06 8.0233e+08 2.0185e-03 2.0183e-03
gnu:   1.8711e-08 31 ar36-->he4+s32 36Ar 1.6197e+06 8.0233e+08 2.0187e-03 2.0187e-03
gnu:   1.8755e-08 31 ar36-->he4+s32 36Ar 1.6199e+06 8.0233e+08 2.0190e-03 2.0187e-03
gnu:   1.8800e-08 31 ar36-->he4+s32 36Ar 1.6202e+06 8.0233e+08 2.0194e-03 2.0194e-03
gnu:   1.8821e-08 31 ar36-->he4+s32 36Ar 1.6203e+06 8.0233e+08 2.0195e-03 2.0194e-03
gnu:   1.8842e-08 31 ar36-->he4+s32 36Ar 1.6205e+06 8.0233e+08 2.0197e-03 2.0197e-03
gnu:   1.8863e-08 31 ar36-->he4+s32 36Ar 1.6206e+06 8.0233e+08 2.0199e-03 2.0197e-03
gnu:   1.8884e-08 31 ar36-->he4+s32 36Ar 1.6207e+06 8.0233e+08 2.0200e-03 2.0200e-03
gnu:   1.8905e-08 31 ar36-->he4+s32 36Ar 1.6209e+06 8.0233e+08 2.0202e-03 2.0200e-03
gnu:   1.8925e-08 31 ar36-->he4+s32 36Ar 1.6210e+06 8.0233e+08 2.0203e-03 2.0203e-03
gnu:   1.8966e-08 31 ar36-->he4+s32 36Ar 1.6212e+06 8.0233e+08 2.0207e-03 2.0203e-03
gnu:   1.9007e-08 31 ar36-->he4+s32 36Ar 1.6215e+06 8.0233e+08 2.0210e-03 2.0210e-03
gnu:   1.9027e-08 31 ar36-->he4+s32 36Ar 1.6216e+06 8.0233e+08 2.0211e-03 2.0210e-03
gnu:   1.9046e-08 31 ar36-->he4+s32 36Ar 1.6217e+06 8.0233e+08 2.0213e-03 2.0213e-03
gnu:   1.9066e-08 31 ar36-->he4+s32 36Ar 1.6218e+06 8.0233e+08 2.0214e-03 2.0213e-03
gnu:   1.9085e-08 31 ar36-->he4+s32 36Ar 1.6219e+06 8.0233e+08 2.0215e-03 2.0215e-03
gnu:   1.9104e-08 31 ar36-->he4+s32 36Ar 1.6221e+06 8.0233e+08 2.0217e-03 2.0215e-03
gnu:   1.9123e-08 31 ar36-->he4+s32 36Ar 1.6222e+06 8.0233e+08 2.0218e-03 2.0218e-03
gnu:   1.9141e-08 31 ar36-->he4+s32 36Ar 1.6223e+06 8.0233e+08 2.0220e-03 2.0218e-03
gnu:   1.9160e-08 31 ar36-->he4+s32 36Ar 1.6224e+06 8.0233e+08 2.0221e-03 2.0221e-03
gnu:   1.9178e-08 31 ar36-->he4+s32 36Ar 1.6225e+06 8.0233e+08 2.0222e-03 2.0221e-03
gnu:   1.9196e-08 31 ar36-->he4+s32 36Ar 1.6226e+06 8.0233e+08 2.0224e-03 2.0224e-03
gnu:   1.9221e-08 31 ar36-->he4+s32 36Ar 1.6228e+06 8.0233e+08 2.0226e-03 2.0224e-03
gnu:   1.9247e-08 31 ar36-->he4+s32 36Ar 1.6229e+06 8.0233e+08 2.0227e-03 2.0227e-03
gnu:   1.9271e-08 31 ar36-->he4+s32 36Ar 1.6230e+06 8.0233e+08 2.0229e-03 2.0227e-03
gnu:   1.9296e-08 31 ar36-->he4+s32 36Ar 1.6232e+06 8.0233e+08 2.0231e-03 2.0231e-03
gnu:   1.9321e-08 31 ar36-->he4+s32 36Ar 1.6233e+06 8.0233e+08 2.0233e-03 2.0231e-03
gnu:   1.9345e-08 31 ar36-->he4+s32 36Ar 1.6235e+06 8.0233e+08 2.0234e-03 2.0234e-03
gnu:   1.9369e-08 31 ar36-->he4+s32 36Ar 1.6236e+06 8.0233e+08 2.0236e-03 2.0234e-03
gnu:   1.9393e-08 31 ar36-->he4+s32 36Ar 1.6237e+06 8.0233e+08 2.0238e-03 2.0238e-03
gnu:   1.9416e-08 31 ar36-->he4+s32 36Ar 1.6239e+06 8.0233e+08 2.0240e-03 2.0238e-03
gnu:   1.9440e-08 31 ar36-->he4+s32 36Ar 1.6240e+06 8.0233e+08 2.0241e-03 2.0241e-03
gnu:   1.9463e-08 31 ar36-->he4+s32 36Ar 1.6241e+06 8.0233e+08 2.0243e-03 2.0241e-03
gnu:   1.9486e-08 31 ar36-->he4+s32 36Ar 1.6243e+06 8.0233e+08 2.0244e-03 2.0244e-03
gnu:   1.9508e-08 31 ar36-->he4+s32 36Ar 1.6244e+06 8.0233e+08 2.0246e-03 2.0244e-03
gnu:   1.9531e-08 31 ar36-->he4+s32 36Ar 1.6245e+06 8.0233e+08 2.0248e-03 2.0248e-03
gnu:   1.9553e-08 31 ar36-->he4+s32 36Ar 1.6246e+06 8.0233e+08 2.0249e-03 2.0248e-03
gnu:   1.9575e-08 31 ar36-->he4+s32 36Ar 1.6248e+06 8.0233e+08 2.0251e-03 2.0251e-03
gnu:   1.9596e-08 31 ar36-->he4+s32 36Ar 1.6249e+06 8.0233e+08 2.0252e-03 2.0251e-03
gnu:   1.9618e-08 31 ar36-->he4+s32 36Ar 1.6250e+06 8.0233e+08 2.0254e-03 2.0254e-03
gnu:   1.9639e-08 31 ar36-->he4+s32 36Ar 1.6251e+06 8.0233e+08 2.0255e-03 2.0254e-03
gnu:   1.9660e-08 31 ar36-->he4+s32 36Ar 1.6252e+06 8.0233e+08 2.0257e-03 2.0257e-03
gnu:   1.9681e-08 31 ar36-->he4+s32 36Ar 1.6254e+06 8.0233e+08 2.0258e-03 2.0257e-03
gnu:   1.9702e-08 31 ar36-->he4+s32 36Ar 1.6255e+06 8.0233e+08 2.0259e-03 2.0259e-03
gnu:   1.9722e-08 31 ar36-->he4+s32 36Ar 1.6256e+06 8.0233e+08 2.0261e-03 2.0259e-03
gnu:   1.9742e-08 31 ar36-->he4+s32 36Ar 1.6257e+06 8.0233e+08 2.0262e-03 2.0262e-03
gnu:   1.9762e-08 31 ar36-->he4+s32 36Ar 1.6258e+06 8.0233e+08 2.0263e-03 2.0262e-03
gnu:   1.9782e-08 31 ar36-->he4+s32 36Ar 1.6259e+06 8.0233e+08 2.0265e-03 2.0265e-03
gnu:   1.9802e-08 31 ar36-->he4+s32 36Ar 1.6260e+06 8.0233e+08 2.0266e-03 2.0265e-03
gnu:   1.9821e-08 31 ar36-->he4+s32 36Ar 1.6261e+06 8.0233e+08 2.0267e-03 2.0267e-03
gnu:   1.9840e-08 31 ar36-->he4+s32 36Ar 1.6262e+06 8.0233e+08 2.0269e-03 2.0267e-03
gnu:   1.9859e-08 31 ar36-->he4+s32 36Ar 1.6263e+06 8.0233e+08 2.0270e-03 2.0270e-03
gnu:   1.9878e-08 31 ar36-->he4+s32 36Ar 1.6264e+06 8.0233e+08 2.0271e-03 2.0270e-03
gnu:   1.9897e-08 31 ar36-->he4+s32 36Ar 1.6265e+06 8.0233e+08 2.0272e-03 2.0272e-03
gnu:   1.9915e-08 31 ar36-->he4+s32 36Ar 1.6266e+06 8.0233e+08 2.0274e-03 2.0272e-03
gnu:   1.9934e-08 31 ar36-->he4+s32 36Ar 1.6267e+06 8.0233e+08 2.0275e-03 2.0275e-03
gnu:   1.9959e-08 31 ar36-->he4+s32 36Ar 1.6269e+06 8.0233e+08 2.0277e-03 2.0275e-03
gnu:   1.9985e-08 31 ar36-->he4+s32 36Ar 1.6270e+06 8.0233e+08 2.0278e-03 2.0278e-03
gnu:   2.0010e-08 31 ar36-->he4+s32 36Ar 1.6271e+06 8.0233e+08 2.0280e-03 2.0278e-03
gnu:   2.0036e-08 31 ar36-->he4+s32 36Ar 1.6273e+06 8.0233e+08 2.0282e-03 2.0282e-03
gnu:   2.0060e-08 31 ar36-->he4+s32 36Ar 1.6274e+06 8.0233e+08 2.0283e-03 2.0282e-03
gnu:   2.0085e-08 31 ar36-->he4+s32 36Ar 1.6275e+06 8.0233e+08 2.0285e-03 2.0285e-03
gnu:   2.0109e-08 31 ar36-->he4+s32 36Ar 1.6276e+06 8.0233e+08 2.0286e-03 2.0285e-03
gnu:   2.0133e-08 31 ar36-->he4+s32 36Ar 1.6278e+06 8.0233e+08 2.0288e-03 2.0288e-03
gnu:   2.0157e-08 31 ar36-->he4+s32 36Ar 1.6279e+06 8.0233e+08 2.0289e-03 2.0288e-03
gnu:   2.0181e-08 31 ar36-->he4+s32 36Ar 1.6280e+06 8.0233e+08 2.0291e-03 2.0291e-03
gnu:   2.0204e-08 31 ar36-->he4+s32 36Ar 1.6281e+06 8.0233e+08 2.0292e-03 2.0291e-03
gnu:   2.0227e-08 31 ar36-->he4+s32 36Ar 1.6282e+06 8.0233e+08 2.0294e-03 2.0294e-03
gnu:   2.0250e-08 31 ar36-->he4+s32 36Ar 1.6284e+06 8.0233e+08 2.0295e-03 2.0294e-03
gnu:   2.0273e-08 31 ar36-->he4+s32 36Ar 1.6285e+06 8.0233e+08 2.0297e-03 2.0297e-03
gnu:   2.0295e-08 31 ar36-->he4+s32 36Ar 1.6286e+06 8.0233e+08 2.0298e-03 2.0297e-03
gnu:   2.0318e-08 31 ar36-->he4+s32 36Ar 1.6287e+06 8.0233e+08 2.0300e-03 2.0300e-03
gnu:   2.0339e-08 31 ar36-->he4+s32 36Ar 1.6288e+06 8.0233e+08 2.0301e-03 2.0300e-03
gnu:   2.0361e-08 31 ar36-->he4+s32 36Ar 1.6289e+06 8.0233e+08 2.0302e-03 2.0302e-03
gnu:   2.0383e-08 31 ar36-->he4+s32 36Ar 1.6290e+06 8.0233e+08 2.0304e-03 2.0302e-03
gnu:   2.0404e-08 31 ar36-->he4+s32 36Ar 1.6291e+06 8.0233e+08 2.0305e-03 2.0305e-03
gnu:   2.0425e-08 31 ar36-->he4+s32 36Ar 1.6292e+06 8.0233e+08 2.0306e-03 2.0305e-03
gnu:   2.0446e-08 31 ar36-->he4+s32 36Ar 1.6293e+06 8.0233e+08 2.0308e-03 2.0308e-03
gnu:   2.0467e-08 31 ar36-->he4+s32 36Ar 1.6294e+06 8.0233e+08 2.0309e-03 2.0308e-03
gnu:   2.0487e-08 31 ar36-->he4+s32 36Ar 1.6295e+06 8.0233e+08 2.0310e-03 2.0310e-03
gnu:   2.0508e-08 31 ar36-->he4+s32 36Ar 1.6296e+06 8.0233e+08 2.0311e-03 2.0310e-03
gnu:   2.0528e-08 31 ar36-->he4+s32 36Ar 1.6297e+06 8.0233e+08 2.0313e-03 2.0313e-03
gnu:   2.0548e-08 31 ar36-->he4+s32 36Ar 1.6298e+06 8.0233e+08 2.0314e-03 2.0313e-03
gnu:   2.0567e-08 31 ar36-->he4+s32 36Ar 1.6299e+06 8.0233e+08 2.0315e-03 2.0315e-03
gnu:   2.0587e-08 31 ar36-->he4+s32 36Ar 1.6300e+06 8.0233e+08 2.0316e-03 2.0315e-03
gnu:   2.0606e-08 31 ar36-->he4+s32 36Ar 1.6301e+06 8.0233e+08 2.0317e-03 2.0317e-03
gnu:   2.0625e-08 31 ar36-->he4+s32 36Ar 1.6302e+06 8.0233e+08 2.0318e-03 2.0317e-03
gnu:   2.0644e-08 31 ar36-->he4+s32 36Ar 1.6303e+06 8.0233e+08 2.0320e-03 2.0320e-03
gnu:   2.0663e-08 31 ar36-->he4+s32 36Ar 1.6304e+06 8.0233e+08 2.0321e-03 2.0320e-03
gnu:   2.0681e-08 31 ar36-->he4+s32 36Ar 1.6305e+06 8.0233e+08 2.0322e-03 2.0322e-03
gnu:   2.0700e-08 31 ar36-->he4+s32 36Ar 1.6306e+06 8.0233e+08 2.0323e-03 2.0322e-03
gnu:   2.0718e-08 31 ar36-->he4+s32 36Ar 1.6307e+06 8.0233e+08 2.0324e-03 2.0324e-03
gnu:   2.0743e-08 31 ar36-->he4+s32 36Ar 1.6308e+06 8.0233e+08 2.0326e-03 2.0324e-03
gnu:   2.0769e-08 31 ar36-->he4+s32 36Ar 1.6309e+06 8.0233e+08 2.0327e-03 2.0327e-03
gnu:   2.0794e-08 31 ar36-->he4+s32 36Ar 1.6310e+06 8.0233e+08 2.0329e-03 2.0327e-03
gnu:   2.0819e-08 31 ar36-->he4+s32 36Ar 1.6311e+06 8.0233e+08 2.0330e-03 2.0330e-03
gnu:   2.0844e-08 31 ar36-->he4+s32 36Ar 1.6313e+06 8.0233e+08 2.0331e-03 2.0330e-03
gnu:   2.0868e-08 31 ar36-->he4+s32 36Ar 1.6314e+06 8.0233e+08 2.0333e-03 2.0333e-03
gnu:   2.0892e-08 31 ar36-->he4+s32 36Ar 1.6315e+06 8.0233e+08 2.0334e-03 2.0333e-03
gnu:   2.0916e-08 31 ar36-->he4+s32 36Ar 1.6316e+06 8.0233e+08 2.0336e-03 2.0336e-03
gnu:   2.0940e-08 31 ar36-->he4+s32 36Ar 1.6317e+06 8.0233e+08 2.0337e-03 2.0336e-03
gnu:   2.0963e-08 31 ar36-->he4+s32 36Ar 1.6318e+06 8.0233e+08 2.0338e-03 2.0338e-03
gnu:   2.0986e-08 31 ar36-->he4+s32 36Ar 1.6319e+06 8.0233e+08 2.0340e-03 2.0338e-03
gnu:   2.1009e-08 31 ar36-->he4+s32 36Ar 1.6320e+06 8.0233e+08 2.0341e-03 2.0341e-03
gnu:   2.1032e-08 31 ar36-->he4+s32 36Ar 1.6321e+06 8.0233e+08 2.0342e-03 2.0341e-03
gnu:   2.1055e-08 31 ar36-->he4+s32 36Ar 1.6322e+06 8.0233e+08 2.0344e-03 2.0344e-03
gnu:   2.1077e-08 31 ar36-->he4+s32 36Ar 1.6323e+06 8.0233e+08 2.0345e-03 2.0344e-03
gnu:   2.1099e-08 31 ar36-->he4+s32 36Ar 1.6324e+06 8.0233e+08 2.0346e-03 2.0346e-03
gnu:   2.1121e-08 31 ar36-->he4+s32 36Ar 1.6325e+06 8.0233e+08 2.0347e-03 2.0346e-03
gnu:   2.1143e-08 31 ar36-->he4+s32 36Ar 1.6326e+06 8.0233e+08 2.0349e-03 2.0349e-03
gnu:   2.1164e-08 31 ar36-->he4+s32 36Ar 1.6327e+06 8.0233e+08 2.0350e-03 2.0349e-03
gnu:   2.1185e-08 31 ar36-->he4+s32 36Ar 1.6328e+06 8.0233e+08 2.0351e-03 2.0351e-03
gnu:   2.1206e-08 31 ar36-->he4+s32 36Ar 1.6329e+06 8.0233e+08 2.0352e-03 2.0351e-03
gnu:   2.1227e-08 31 ar36-->he4+s32 36Ar 1.6330e+06 8.0233e+08 2.0353e-03 2.0353e-03
gnu:   2.1247e-08 31 ar36-->he4+s32 36Ar 1.6331e+06 8.0233e+08 2.0355e-03 2.0353e-03
gnu:   2.1268e-08 31 ar36-->he4+s32 36Ar 1.6332e+06 8.0233e+08 2.0356e-03 2.0356e-03
gnu:   2.1288e-08 31 ar36-->he4+s32 36Ar 1.6333e+06 8.0233e+08 2.0357e-03 2.0356e-03
gnu:   2.1308e-08 31 ar36-->he4+s32 36Ar 1.6334e+06 8.0233e+08 2.0358e-03 2.0358e-03
gnu:   2.1328e-08 31 ar36-->he4+s32 36Ar 1.6335e+06 8.0233e+08 2.0359e-03 2.0358e-03
gnu:   2.1347e-08 31 ar36-->he4+s32 36Ar 1.6336e+06 8.0233e+08 2.0360e-03 2.0360e-03
gnu:   2.1366e-08 31 ar36-->he4+s32 36Ar 1.6336e+06 8.0233e+08 2.0361e-03 2.0360e-03
gnu:   2.1386e-08 31 ar36-->he4+s32 36Ar 1.6337e+06 8.0233e+08 2.0362e-03 2.0362e-03
gnu:   2.1405e-08 31 ar36-->he4+s32 36Ar 1.6338e+06 8.0233e+08 2.0363e-03 2.0362e-03
gnu:   2.1423e-08 31 ar36-->he4+s32 36Ar 1.6339e+06 8.0233e+08 2.0364e-03 2.0364e-03
gnu:   2.1442e-08 31 ar36-->he4+s32 36Ar 1.6340e+06 8.0233e+08 2.0365e-03 2.0364e-03
gnu:   2.1460e-08 31 ar36-->he4+s32 36Ar 1.6341e+06 8.0233e+08 2.0366e-03 2.0366e-03
gnu:   2.1479e-08 31 ar36-->he4+s32 36Ar 1.6341e+06 8.0233e+08 2.0367e-03 2.0366e-03
gnu:   2.1497e-08 31 ar36-->he4+s32 36Ar 1.6342e+06 8.0233e+08 2.0368e-03 2.0368e-03
gnu:   2.1522e-08 31 ar36-->he4+s32 36Ar 1.6343e+06 8.0233e+08 2.0370e-03 2.0368e-03
gnu:   2.1547e-08 31 ar36-->he4+s32 36Ar 1.6344e+06 8.0233e+08 2.0371e-03 2.0371e-03
gnu:   2.1572e-08 31 ar36-->he4+s32 36Ar 1.6345e+06 8.0233e+08 2.0372e-03 2.0371e-03
gnu:   2.1597e-08 31 ar36-->he4+s32 36Ar 1.6346e+06 8.0233e+08 2.0374e-03 2.0374e-03
gnu:   2.1621e-08 31 ar36-->he4+s32 36Ar 1.6347e+06 8.0233e+08 2.0375e-03 2.0374e-03
gnu:   2.1646e-08 31 ar36-->he4+s32 36Ar 1.6349e+06 8.0233e+08 2.0376e-03 2.0376e-03
gnu:   2.1670e-08 31 ar36-->he4+s32 36Ar 1.6350e+06 8.0233e+08 2.0378e-03 2.0376e-03
gnu:   2.1694e-08 31 ar36-->he4+s32 36Ar 1.6351e+06 8.0233e+08 2.0379e-03 2.0379e-03
gnu:   2.1717e-08 31 ar36-->he4+s32 36Ar 1.6352e+06 8.0233e+08 2.0380e-03 2.0379e-03
gnu:   2.1740e-08 31 ar36-->he4+s32 36Ar 1.6353e+06 8.0233e+08 2.0381e-03 2.0381e-03
gnu:   2.1763e-08 31 ar36-->he4+s32 36Ar 1.6354e+06 8.0233e+08 2.0383e-03 2.0381e-03
gnu:   2.1786e-08 31 ar36-->he4+s32 36Ar 1.6354e+06 8.0233e+08 2.0384e-03 2.0384e-03
gnu:   2.1809e-08 31 ar36-->he4+s32 36Ar 1.6355e+06 8.0233e+08 2.0385e-03 2.0384e-03
gnu:   2.1831e-08 31 ar36-->he4+s32 36Ar 1.6356e+06 8.0233e+08 2.0386e-03 2.0386e-03
gnu:   2.1853e-08 31 ar36-->he4+s32 36Ar 1.6357e+06 8.0233e+08 2.0387e-03 2.0386e-03
gnu:   2.1875e-08 31 ar36-->he4+s32 36Ar 1.6358e+06 8.0233e+08 2.0388e-03 2.0388e-03
gnu:   2.1897e-08 31 ar36-->he4+s32 36Ar 1.6359e+06 8.0233e+08 2.0390e-03 2.0388e-03
gnu:   2.1918e-08 31 ar36-->he4+s32 36Ar 1.6360e+06 8.0233e+08 2.0391e-03 2.0391e-03
gnu:   2.1939e-08 31 ar36-->he4+s32 36Ar 1.6361e+06 8.0233e+08 2.0392e-03 2.0391e-03
gnu:   2.1961e-08 31 ar36-->he4+s32 36Ar 1.6362e+06 8.0233e+08 2.0393e-03 2.0393e-03
gnu:   2.1981e-08 31 ar36-->he4+s32 36Ar 1.6363e+06 8.0233e+08 2.0394e-03 2.0393e-03
gnu:   2.2002e-08 31 ar36-->he4+s32 36Ar 1.6363e+06 8.0233e+08 2.0395e-03 2.0395e-03
gnu:   2.2022e-08 31 ar36-->he4+s32 36Ar 1.6364e+06 8.0233e+08 2.0396e-03 2.0395e-03
gnu:   2.2043e-08 31 ar36-->he4+s32 36Ar 1.6365e+06 8.0233e+08 2.0397e-03 2.0397e-03
gnu:   2.2063e-08 31 ar36-->he4+s32 36Ar 1.6366e+06 8.0233e+08 2.0398e-03 2.0397e-03
gnu:   2.2083e-08 31 ar36-->he4+s32 36Ar 1.6367e+06 8.0233e+08 2.0399e-03 2.0399e-03
gnu:   2.2102e-08 31 ar36-->he4+s32 36Ar 1.6368e+06 8.0233e+08 2.0400e-03 2.0399e-03
gnu:   2.2122e-08 31 ar36-->he4+s32 36Ar 1.6368e+06 8.0233e+08 2.0401e-03 2.0401e-03
gnu:   2.2141e-08 31 ar36-->he4+s32 36Ar 1.6369e+06 8.0233e+08 2.0402e-03 2.0401e-03
gnu:   2.2160e-08 31 ar36-->he4+s32 36Ar 1.6370e+06 8.0233e+08 2.0403e-03 2.0403e-03
gnu:   2.2179e-08 31 ar36-->he4+s32 36Ar 1.6371e+06 8.0233e+08 2.0404e-03 2.0403e-03
gnu:   2.2197e-08 31 ar36-->he4+s32 36Ar 1.6371e+06 8.0233e+08 2.0405e-03 2.0405e-03
gnu:   2.2216e-08 31 ar36-->he4+s32 36Ar 1.6372e+06 8.0233e+08 2.0406e-03 2.0405e-03
gnu:   2.2234e-08 31 ar36-->he4+s32 36Ar 1.6373e+06 8.0233e+08 2.0407e-03 2.0407e-03
gnu:   2.2260e-08 31 ar36-->he4+s32 36Ar 1.6374e+06 8.0233e+08 2.0408e-03 2.0407e-03
gnu:   2.2285e-08 31 ar36-->he4+s32 36Ar 1.6375e+06 8.0233e+08 2.0409e-03 2.0409e-03
gnu:   2.2311e-08 31 ar36-->he4+s32 36Ar 1.6376e+06 8.0233e+08 2.0410e-03 2.0409e-03
gnu:   2.2336e-08 31 ar36-->he4+s32 36Ar 1.6377e+06 8.0233e+08 2.0412e-03 2.0412e-03
gnu:   2.2360e-08 31 ar36-->he4+s32 36Ar 1.6378e+06 8.0233e+08 2.0413e-03 2.0412e-03
gnu:   2.2385e-08 31 ar36-->he4+s32 36Ar 1.6379e+06 8.0233e+08 2.0414e-03 2.0414e-03
gnu:   2.2409e-08 31 ar36-->he4+s32 36Ar 1.6380e+06 8.0233e+08 2.0415e-03 2.0414e-03
gnu:   2.2434e-08 31 ar36-->he4+s32 36Ar 1.6381e+06 8.0233e+08 2.0417e-03 2.0417e-03
gnu:   2.2457e-08 31 ar36-->he4+s32 36Ar 1.6382e+06 8.0233e+08 2.0418e-03 2.0417e-03
gnu:   2.2481e-08 31 ar36-->he4+s32 36Ar 1.6383e+06 8.0233e+08 2.0419e-03 2.0419e-03
gnu:   2.2504e-08 31 ar36-->he4+s32 36Ar 1.6384e+06 8.0233e+08 2.0420e-03 2.0419e-03
gnu:   2.2527e-08 31 ar36-->he4+s32 36Ar 1.6384e+06 8.0233e+08 2.0421e-03 2.0421e-03
gnu:   2.2550e-08 31 ar36-->he4+s32 36Ar 1.6385e+06 8.0233e+08 2.0422e-03 2.0421e-03
gnu:   2.2573e-08 31 ar36-->he4+s32 36Ar 1.6386e+06 8.0233e+08 2.0423e-03 2.0423e-03
gnu:   2.2595e-08 31 ar36-->he4+s32 36Ar 1.6387e+06 8.0233e+08 2.0424e-03 2.0423e-03
gnu:   2.2618e-08 31 ar36-->he4+s32 36Ar 1.6388e+06 8.0233e+08 2.0425e-03 2.0425e-03
gnu:   2.2639e-08 31 ar36-->he4+s32 36Ar 1.6389e+06 8.0233e+08 2.0426e-03 2.0425e-03
gnu:   2.2661e-08 31 ar36-->he4+s32 36Ar 1.6390e+06 8.0233e+08 2.0428e-03 2.0428e-03
gnu:   2.2683e-08 31 ar36-->he4+s32 36Ar 1.6390e+06 8.0233e+08 2.0429e-03 2.0428e-03
gnu:   2.2704e-08 31 ar36-->he4+s32 36Ar 1.6391e+06 8.0233e+08 2.0430e-03 2.0430e-03
gnu:   2.2725e-08 31 ar36-->he4+s32 36Ar 1.6392e+06 8.0233e+08 2.0431e-03 2.0430e-03
gnu:   2.2746e-08 31 ar36-->he4+s32 36Ar 1.6393e+06 8.0233e+08 2.0432e-03 2.0432e-03
gnu:   2.2767e-08 31 ar36-->he4+s32 36Ar 1.6394e+06 8.0233e+08 2.0433e-03 2.0432e-03
gnu:   2.2787e-08 31 ar36-->he4+s32 36Ar 1.6394e+06 8.0233e+08 2.0434e-03 2.0434e-03
gnu:   2.2808e-08 31 ar36-->he4+s32 36Ar 1.6395e+06 8.0233e+08 2.0434e-03 2.0434e-03
gnu:   2.2828e-08 31 ar36-->he4+s32 36Ar 1.6396e+06 8.0233e+08 2.0435e-03 2.0435e-03
gnu:   2.2847e-08 31 ar36-->he4+s32 36Ar 1.6397e+06 8.0233e+08 2.0436e-03 2.0435e-03
gnu:   2.2867e-08 31 ar36-->he4+s32 36Ar 1.6397e+06 8.0233e+08 2.0437e-03 2.0437e-03
gnu:   2.2887e-08 31 ar36-->he4+s32 36Ar 1.6398e+06 8.0233e+08 2.0438e-03 2.0437e-03
gnu:   2.2906e-08 31 ar36-->he4+s32 36Ar 1.6399e+06 8.0233e+08 2.0439e-03 2.0439e-03
gnu:   2.2925e-08 31 ar36-->he4+s32 36Ar 1.6400e+06 8.0233e+08 2.0440e-03 2.0439e-03
gnu:   2.2944e-08 31 ar36-->he4+s32 36Ar 1.6400e+06 8.0233e+08 2.0441e-03 2.0441e-03
gnu:   2.2963e-08 31 ar36-->he4+s32 36Ar 1.6401e+06 8.0233e+08 2.0442e-03 2.0441e-03
gnu:   2.2981e-08 31 ar36-->he4+s32 36Ar 1.6402e+06 8.0233e+08 2.0443e-03 2.0443e-03
gnu:   2.2999e-08 31 ar36-->he4+s32 36Ar 1.6402e+06 8.0233e+08 2.0443e-03 2.0443e-03
gnu:   2.3018e-08 31 ar36-->he4+s32 36Ar 1.6403e+06 8.0233e+08 2.0444e-03 2.0444e-03
gnu:   2.3043e-08 31 ar36-->he4+s32 36Ar 1.6404e+06 8.0233e+08 2.0445e-03 2.0444e-03
gnu:   2.3069e-08 31 ar36-->he4+s32 36Ar 1.6405e+06 8.0233e+08 2.0447e-03 2.0447e-03
gnu:   2.3094e-08 31 ar36-->he4+s32 36Ar 1.6406e+06 8.0233e+08 2.0448e-03 2.0447e-03
gnu:   2.3119e-08 31 ar36-->he4+s32 36Ar 1.6407e+06 8.0233e+08 2.0449e-03 2.0449e-03
gnu:   2.3143e-08 31 ar36-->he4+s32 36Ar 1.6408e+06 8.0233e+08 2.0450e-03 2.0449e-03
gnu:   2.3168e-08 31 ar36-->he4+s32 36Ar 1.6409e+06 8.0233e+08 2.0451e-03 2.0451e-03
gnu:   2.3192e-08 31 ar36-->he4+s32 36Ar 1.6409e+06 8.0233e+08 2.0452e-03 2.0451e-03
gnu:   2.3216e-08 31 ar36-->he4+s32 36Ar 1.6410e+06 8.0233e+08 2.0453e-03 2.0453e-03
gnu:   2.3239e-08 31 ar36-->he4+s32 36Ar 1.6411e+06 8.0233e+08 2.0454e-03 2.0453e-03
gnu:   2.3263e-08 31 ar36-->he4+s32 36Ar 1.6412e+06 8.0233e+08 2.0455e-03 2.0455e-03
gnu:   2.3286e-08 31 ar36-->he4+s32 36Ar 1.6413e+06 8.0233e+08 2.0456e-03 2.0455e-03
gnu:   2.3309e-08 31 ar36-->he4+s32 36Ar 1.6414e+06 8.0233e+08 2.0458e-03 2.0458e-03
gnu:   2.3332e-08 31 ar36-->he4+s32 36Ar 1.6414e+06 8.0233e+08 2.0459e-03 2.0458e-03
gnu:   2.3354e-08 31 ar36-->he4+s32 36Ar 1.6415e+06 8.0233e+08 2.0460e-03 2.0460e-03
gnu:   2.3376e-08 31 ar36-->he4+s32 36Ar 1.6416e+06 8.0233e+08 2.0461e-03 2.0460e-03
gnu:   2.3399e-08 31 ar36-->he4+s32 36Ar 1.6417e+06 8.0233e+08 2.0462e-03 2.0462e-03
gnu:   2.3420e-08 31 ar36-->he4+s32 36Ar 1.6418e+06 8.0233e+08 2.0462e-03 2.0462e-03
gnu:   2.3442e-08 31 ar36-->he4+s32 36Ar 1.6418e+06 8.0233e+08 2.0463e-03 2.0463e-03
gnu:   2.3463e-08 31 ar36-->he4+s32 36Ar 1.6419e+06 8.0233e+08 2.0464e-03 2.0463e-03
gnu:   2.3485e-08 31 ar36-->he4+s32 36Ar 1.6420e+06 8.0233e+08 2.0465e-03 2.0465e-03
gnu:   2.3505e-08 31 ar36-->he4+s32 36Ar 1.6421e+06 8.0233e+08 2.0466e-03 2.0465e-03
gnu:   2.3526e-08 31 ar36-->he4+s32 36Ar 1.6421e+06 8.0233e+08 2.0467e-03 2.0467e-03
gnu:   2.3547e-08 31 ar36-->he4+s32 36Ar 1.6422e+06 8.0233e+08 2.0468e-03 2.0467e-03
gnu:   2.3567e-08 31 ar36-->he4+s32 36Ar 1.6423e+06 8.0233e+08 2.0469e-03 2.0469e-03
gnu:   2.3587e-08 31 ar36-->he4+s32 36Ar 1.6424e+06 8.0233e+08 2.0470e-03 2.0469e-03
gnu:   2.3607e-08 31 ar36-->he4+s32 36Ar 1.6424e+06 8.0233e+08 2.0471e-03 2.0471e-03
gnu:   2.3627e-08 31 ar36-->he4+s32 36Ar 1.6425e+06 8.0233e+08 2.0472e-03 2.0471e-03
gnu:   2.3646e-08 31 ar36-->he4+s32 36Ar 1.6426e+06 8.0233e+08 2.0472e-03 2.0472e-03
gnu:   2.3666e-08 31 ar36-->he4+s32 36Ar 1.6426e+06 8.0233e+08 2.0473e-03 2.0472e-03
gnu:   2.3685e-08 31 ar36-->he4+s32 36Ar 1.6427e+06 8.0233e+08 2.0474e-03 2.0474e-03
gnu:   2.3704e-08 31 ar36-->he4+s32 36Ar 1.6428e+06 8.0233e+08 2.0475e-03 2.0474e-03
gnu:   2.3723e-08 31 ar36-->he4+s32 36Ar 1.6428e+06 8.0233e+08 2.0476e-03 2.0476e-03
gnu:   2.3741e-08 31 ar36-->he4+s32 36Ar 1.6429e+06 8.0233e+08 2.0476e-03 2.0476e-03
gnu:   2.3760e-08 31 ar36-->he4+s32 36Ar 1.6430e+06 8.0233e+08 2.0477e-03 2.0477e-03
gnu:   2.3778e-08 31 ar36-->he4+s32 36Ar 1.6430e+06 8.0233e+08 2.0478e-03 2.0477e-03
gnu:   2.3796e-08 31 ar36-->he4+s32 36Ar 1.6431e+06 8.0233e+08 2.0479e-03 2.0479e-03
gnu:   2.3821e-08 31 ar36-->he4+s32 36Ar 1.6432e+06 8.0233e+08 2.0480e-03 2.0479e-03
gnu:   2.3846e-08 31 ar36-->he4+s32 36Ar 1.6433e+06 8.0233e+08 2.0481e-03 2.0481e-03
gnu:   2.3871e-08 31 ar36-->he4+s32 36Ar 1.6433e+06 8.0233e+08 2.0482e-03 2.0481e-03
gnu:   2.3896e-08 31 ar36-->he4+s32 36Ar 1.6434e+06 8.0233e+08 2.0483e-03 2.0483e-03
gnu:   2.3921e-08 31 ar36-->he4+s32 36Ar 1.6435e+06 8.0233e+08 2.0484e-03 2.0483e-03
gnu:   2.3945e-08 31 ar36-->he4+s32 36Ar 1.6436e+06 8.0233e+08 2.0485e-03 2.0485e-03
gnu:   2.3969e-08 31 ar36-->he4+s32 36Ar 1.6437e+06 8.0233e+08 2.0486e-03 2.0485e-03
gnu:   2.3993e-08 31 ar36-->he4+s32 36Ar 1.6438e+06 8.0233e+08 2.0487e-03 2.0487e-03
gnu:   2.4016e-08 31 ar36-->he4+s32 36Ar 1.6438e+06 8.0233e+08 2.0488e-03 2.0487e-03
gnu:   2.4039e-08 31 ar36-->he4+s32 36Ar 1.6439e+06 8.0233e+08 2.0489e-03 2.0489e-03
gnu:   2.4062e-08 31 ar36-->he4+s32 36Ar 1.6440e+06 8.0233e+08 2.0490e-03 2.0489e-03
gnu:   2.4085e-08 31 ar36-->he4+s32 36Ar 1.6441e+06 8.0233e+08 2.0491e-03 2.0491e-03
gnu:   2.4108e-08 31 ar36-->he4+s32 36Ar 1.6441e+06 8.0233e+08 2.0492e-03 2.0491e-03
gnu:   2.4130e-08 31 ar36-->he4+s32 36Ar 1.6442e+06 8.0233e+08 2.0493e-03 2.0493e-03
gnu:   2.4152e-08 31 ar36-->he4+s32 36Ar 1.6443e+06 8.0233e+08 2.0494e-03 2.0493e-03
gnu:   2.4174e-08 31 ar36-->he4+s32 36Ar 1.6444e+06 8.0233e+08 2.0495e-03 2.0495e-03
gnu:   2.4196e-08 31 ar36-->he4+s32 36Ar 1.6444e+06 8.0233e+08 2.0496e-03 2.0495e-03
gnu:   2.4217e-08 31 ar36-->he4+s32 36Ar 1.6445e+06 8.0233e+08 2.0497e-03 2.0497e-03
gnu:   2.4238e-08 31 ar36-->he4+s32 36Ar 1.6446e+06 8.0233e+08 2.0497e-03 2.0497e-03
gnu:   2.4259e-08 31 ar36-->he4+s32 36Ar 1.6446e+06 8.0233e+08 2.0498e-03 2.0498e-03
gnu:   2.4280e-08 31 ar36-->he4+s32 36Ar 1.6447e+06 8.0233e+08 2.0499e-03 2.0498e-03
gnu:   2.4301e-08 31 ar36-->he4+s32 36Ar 1.6448e+06 8.0233e+08 2.0500e-03 2.0500e-03
gnu:   2.4321e-08 31 ar36-->he4+s32 36Ar 1.6448e+06 8.0233e+08 2.0501e-03 2.0500e-03
gnu:   2.4341e-08 31 ar36-->he4+s32 36Ar 1.6449e+06 8.0233e+08 2.0502e-03 2.0502e-03
gnu:   2.4361e-08 31 ar36-->he4+s32 36Ar 1.6450e+06 8.0233e+08 2.0503e-03 2.0502e-03
gnu:   2.4381e-08 31 ar36-->he4+s32 36Ar 1.6450e+06 8.0233e+08 2.0503e-03 2.0503e-03
gnu:   2.4401e-08 31 ar36-->he4+s32 36Ar 1.6451e+06 8.0233e+08 2.0504e-03 2.0503e-03
gnu:   2.4420e-08 31 ar36-->he4+s32 36Ar 1.6452e+06 8.0233e+08 2.0505e-03 2.0505e-03
gnu:   2.4439e-08 31 ar36-->he4+s32 36Ar 1.6452e+06 8.0233e+08 2.0506e-03 2.0505e-03
gnu:   2.4458e-08 31 ar36-->he4+s32 36Ar 1.6453e+06 8.0233e+08 2.0506e-03 2.0506e-03
gnu:   2.4477e-08 31 ar36-->he4+s32 36Ar 1.6454e+06 8.0233e+08 2.0507e-03 2.0506e-03
gnu:   2.4496e-08 31 ar36-->he4+s32 36Ar 1.6454e+06 8.0233e+08 2.0508e-03 2.0508e-03
gnu:   2.4514e-08 31 ar36-->he4+s32 36Ar 1.6455e+06 8.0233e+08 2.0509e-03 2.0508e-03
gnu:   2.4533e-08 31 ar36-->he4+s32 36Ar 1.6455e+06 8.0233e+08 2.0509e-03 2.0509e-03
gnu:   2.4558e-08 31 ar36-->he4+s32 36Ar 1.6456e+06 8.0233e+08 2.0510e-03 2.0509e-03
gnu:   2.4584e-08 31 ar36-->he4+s32 36Ar 1.6457e+06 8.0233e+08 2.0512e-03 2.0512e-03
gnu:   2.4609e-08 31 ar36-->he4+s32 36Ar 1.6458e+06 8.0233e+08 2.0513e-03 2.0512e-03
gnu:   2.4634e-08 31 ar36-->he4+s32 36Ar 1.6459e+06 8.0233e+08 2.0514e-03 2.0514e-03
gnu:   2.4659e-08 31 ar36-->he4+s32 36Ar 1.6459e+06 8.0233e+08 2.0515e-03 2.0514e-03
gnu:   2.4684e-08 31 ar36-->he4+s32 36Ar 1.6460e+06 8.0233e+08 2.0515e-03 2.0515e-03
gnu:   2.4708e-08 31 ar36-->he4+s32 36Ar 1.6461e+06 8.0233e+08 2.0516e-03 2.0515e-03
gnu:   2.4732e-08 31 ar36-->he4+s32 36Ar 1.6462e+06 8.0233e+08 2.0517e-03 2.0517e-03
gnu:   2.4756e-08 31 ar36-->he4+s32 36Ar 1.6462e+06 8.0233e+08 2.0518e-03 2.0517e-03
gnu:   2.4779e-08 31 ar36-->he4+s32 36Ar 1.6463e+06 8.0233e+08 2.0519e-03 2.0519e-03
gnu:   2.4803e-08 31 ar36-->he4+s32 36Ar 1.6464e+06 8.0233e+08 2.0520e-03 2.0519e-03
gnu:   2.4826e-08 31 ar36-->he4+s32 36Ar 1.6465e+06 8.0233e+08 2.0521e-03 2.0521e-03
gnu:   2.4849e-08 31 ar36-->he4+s32 36Ar 1.6465e+06 8.0233e+08 2.0522e-03 2.0521e-03
gnu:   2.4871e-08 31 ar36-->he4+s32 36Ar 1.6466e+06 8.0233e+08 2.0523e-03 2.0523e-03
gnu:   2.4894e-08 31 ar36-->he4+s32 36Ar 1.6467e+06 8.0233e+08 2.0524e-03 2.0523e-03
gnu:   2.4916e-08 31 ar36-->he4+s32 36Ar 1.6468e+06 8.0233e+08 2.0525e-03 2.0525e-03
gnu:   2.4938e-08 31 ar36-->he4+s32 36Ar 1.6468e+06 8.0233e+08 2.0525e-03 2.0525e-03
gnu:   2.4960e-08 31 ar36-->he4+s32 36Ar 1.6469e+06 8.0233e+08 2.0526e-03 2.0526e-03
gnu:   2.4981e-08 31 ar36-->he4+s32 36Ar 1.6470e+06 8.0233e+08 2.0527e-03 2.0526e-03
