#   Steps iter  t_saved    dt_saved      t        Y0[4]       Y[4]
gnu:  279    0 2.5252e-09 2.5252e-10 2.7777e-09 1.4308e-03 1.3577e-03
gnu:  280    0 2.7777e-09 2.7777e-10 3.0555e-09 1.2825e-03 1.2150e-03
gnu:  281    0 3.0555e-09 3.0555e-10 3.3610e-09 1.1458e-03 1.0842e-03
gnu:  282    0 3.3610e-09 3.3610e-10 3.6971e-09 1.0210e-03 9.6534e-04
gnu:  283    0 3.6971e-09 3.6971e-10 4.0668e-09 9.0813e-04 8.5811e-04
gnu:  284    0 4.0668e-09 4.0668e-10 4.4735e-09 8.0665e-04 7.6205e-04
gnu:  285    0 4.4735e-09 4.4735e-10 4.9209e-09 7.1604e-04 6.7655e-04
gnu:  286    0 4.9209e-09 4.9209e-10 5.4130e-09 6.4997e-04 6.0742e-04
gnu:  287    0 5.4130e-09 5.4130e-10 5.9543e-09 5.8243e-04 5.4156e-04
gnu:  288    0 5.9543e-09 5.9543e-10 6.5497e-09 5.1979e-04 4.8237e-04
gnu:  289    0 6.5497e-09 6.5497e-10 7.2047e-09 4.6415e-04 4.3065e-04
gnu:  290    0 7.2047e-09 7.2047e-10 7.9251e-09 4.1580e-04 3.8616e-04
gnu:  291    0 7.9251e-09 7.9251e-10 8.7176e-09 3.7433e-04 3.4830e-04
gnu:  292    0 7.9251e-09 7.9251e-10 8.7176e-09 3.7433e-04 3.4313e-04
gnu:  292    0 8.7176e-09 8.7176e-10 9.5894e-09 3.3531e-04 3.1465e-04
gnu:  293    0 8.7176e-09 8.7176e-10 9.5894e-09 3.3531e-04 3.1420e-04
gnu:  293    0 9.5894e-09 9.5894e-10 1.0548e-08 3.0816e-04 2.9971e-04
gnu:  294    0 9.5894e-09 9.5894e-10 1.0548e-08 3.0816e-04 2.9928e-04
gnu:  294    0 1.0548e-08 1.0548e-09 1.1603e-08 2.8984e-04 2.8073e-04
gnu:  295    0 1.0548e-08 1.0548e-09 1.1603e-08 2.8984e-04 2.8031e-04
gnu:  295    0 1.1603e-08 1.1603e-09 1.2763e-08 2.7159e-04 2.6365e-04
gnu:  296    0 1.1603e-08 1.1603e-09 1.2763e-08 2.7159e-04 2.6328e-04
gnu:  296    0 1.2763e-08 1.2763e-09 1.4040e-08 2.5603e-04 2.4947e-04
gnu:  297    0 1.2763e-08 1.2763e-09 1.4040e-08 2.5603e-04 2.4915e-04
gnu:  297    0 1.4040e-08 1.4040e-09 1.5444e-08 2.4330e-04 2.3797e-04
gnu:  298    0 1.4040e-08 1.4040e-09 1.5444e-08 2.4330e-04 2.3771e-04
gnu:  298    0 1.5444e-08 1.5444e-09 1.6988e-08 2.3305e-04 2.2876e-04
gnu:  299    0 1.5444e-08 1.5444e-09 1.6988e-08 2.3305e-04 2.2854e-04
gnu:  299    0 1.6988e-08 1.6988e-09 1.8687e-08 2.2485e-04 2.2141e-04
gnu:  300    0 1.6988e-08 1.6988e-09 1.8687e-08 2.2485e-04 2.2123e-04
gnu:  300    0 1.8687e-08 1.8687e-09 2.0556e-08 2.1833e-04 2.1557e-04
gnu:  301    0 1.8687e-08 1.8687e-09 2.0556e-08 2.1833e-04 2.1543e-04
gnu:  301    0 2.0556e-08 2.0556e-09 2.2611e-08 2.1313e-04 2.1091e-04
gnu:  302    0 2.0556e-08 2.0556e-09 2.2611e-08 2.1313e-04 2.1080e-04
gnu:  302    0 2.2611e-08 2.2611e-09 2.4872e-08 2.0897e-04 2.0723e-04
gnu:  303    0 2.2611e-08 2.2611e-09 2.4872e-08 2.0897e-04 2.0712e-04
gnu:  303    0 2.4872e-08 2.4872e-09 2.7360e-08 2.0585e-04 2.0441e-04
gnu:  304    0 2.4872e-08 2.4872e-09 2.7360e-08 2.0441e-04 2.0435e-04
gnu:  304    0 2.7360e-08 2.7360e-09 3.0096e-08 2.0626e-04 2.0469e-04
gnu:  305    0 2.7360e-08 2.7360e-09 3.0096e-08 2.0469e-04 2.0468e-04
gnu:  305    0 3.0096e-08 3.0096e-09 3.3105e-08 2.0134e-04 1.9601e-04
gnu:  306    0 3.0096e-08 3.0096e-09 3.3105e-08 1.9601e-04 1.9600e-04
gnu:  306    0 3.3105e-08 3.3105e-09 3.6416e-08 1.8962e-04 1.8223e-04
gnu:  307    0 3.3105e-08 3.3105e-09 3.6416e-08 1.8223e-04 1.8214e-04
gnu:  307    0 3.6416e-08 3.6416e-09 4.0057e-08 1.7433e-04 1.6630e-04
gnu:  308    0 3.6416e-08 3.6416e-09 4.0057e-08 1.6630e-04 1.6622e-04
gnu:  308    0 4.0057e-08 4.0057e-09 4.4063e-08 1.5791e-04 1.4977e-04
gnu:  309    0 4.0057e-08 4.0057e-09 4.4063e-08 1.4977e-04 1.4970e-04
gnu:  309    0 4.4063e-08 4.4063e-09 4.8469e-08 1.4153e-04 1.3363e-04
gnu:  310    0 4.4063e-08 4.4063e-09 4.8469e-08 1.3363e-04 1.3355e-04
gnu:  310    0 4.8469e-08 4.8469e-09 5.3316e-08 1.2597e-04 1.1937e-04
gnu:  311    0 4.8469e-08 4.8469e-09 5.3316e-08 1.1937e-04 1.1930e-04
gnu:  311    0 5.3316e-08 5.3316e-09 5.8648e-08 1.1273e-04 1.0696e-04
gnu:  312    0 5.3316e-08 5.3316e-09 5.8648e-08 1.0696e-04 1.0689e-04
gnu:  312    0 5.8648e-08 5.8648e-09 6.4513e-08 1.0108e-04 9.5943e-05
gnu:  313    0 5.8648e-08 5.8648e-09 6.4513e-08 1.0108e-04 9.5881e-05
gnu:  313    5 6.4513e-08 1.0843e-09 6.5597e-08 1.4785e-04 1.6908e-04
gnu:  314    5 6.4513e-08 1.0843e-09 6.5597e-08 1.4785e-04 1.6949e-04
gnu:  314    5 6.5597e-08 2.1685e-09 6.7765e-08 1.8060e-04 1.8314e-04
gnu:  315    5 6.5597e-08 2.1685e-09 6.7765e-08 1.8060e-04 1.8331e-04
gnu:  315    5 6.7765e-08 4.3371e-09 7.2102e-08 1.8368e-04 1.8317e-04
gnu:  316    5 6.7765e-08 4.3371e-09 7.2102e-08 1.8368e-04 1.8319e-04
gnu:  316    5 7.2102e-08 7.2102e-09 7.9313e-08 1.8254e-04 1.8155e-04
gnu:  317    5 7.2102e-08 7.2102e-09 7.9313e-08 1.8254e-04 1.8153e-04
gnu:  317    5 7.9313e-08 7.9313e-09 8.7244e-08 1.8058e-04 1.7953e-04
gnu:  318    5 7.9313e-08 7.9313e-09 8.7244e-08 1.8058e-04 1.7947e-04
gnu:  318    5 8.7244e-08 8.7244e-09 9.5968e-08 1.7848e-04 1.7737e-04
gnu:  319    5 8.7244e-08 8.7244e-09 9.5968e-08 1.7848e-04 1.7729e-04
gnu:  319    5 9.5968e-08 9.5968e-09 1.0557e-07 1.7627e-04 1.7509e-04
gnu:  320    5 9.5968e-08 9.5968e-09 1.0557e-07 1.7627e-04 1.7498e-04
