#          t    index   reaction    iso   flux       kfac        Y[7]      Y0[7]
gnu:   2.5252e-09 31 ar36-->he4+s32 36Ar 4.9609e+05 8.0233e+08 6.1831e-04 6.1831e-04
gnu:   2.6514e-09 31 ar36-->he4+s32 36Ar 5.3457e+05 8.0233e+08 6.6627e-04 6.1831e-04
gnu:   2.7777e-09 31 ar36-->he4+s32 36Ar 5.7249e+05 8.0233e+08 7.1354e-04 7.1354e-04
gnu:   2.9166e-09 31 ar36-->he4+s32 36Ar 6.1346e+05 8.0233e+08 7.6460e-04 7.1354e-04
gnu:   3.0555e-09 31 ar36-->he4+s32 36Ar 6.5348e+05 8.0233e+08 8.1448e-04 8.1448e-04
gnu:   3.2083e-09 31 ar36-->he4+s32 36Ar 6.9636e+05 8.0233e+08 8.6792e-04 8.1448e-04
gnu:   3.3610e-09 31 ar36-->he4+s32 36Ar 7.3786e+05 8.0233e+08 9.1965e-04 9.1965e-04
gnu:   3.5291e-09 31 ar36-->he4+s32 36Ar 7.8195e+05 8.0233e+08 9.7460e-04 9.1965e-04
gnu:   3.6971e-09 31 ar36-->he4+s32 36Ar 8.2425e+05 8.0233e+08 1.0273e-03 1.0273e-03
gnu:   3.8820e-09 31 ar36-->he4+s32 36Ar 8.6879e+05 8.0233e+08 1.0828e-03 1.0273e-03
gnu:   4.0668e-09 31 ar36-->he4+s32 36Ar 9.1113e+05 8.0233e+08 1.1356e-03 1.1356e-03
gnu:   4.2702e-09 31 ar36-->he4+s32 36Ar 9.5535e+05 8.0233e+08 1.1907e-03 1.1356e-03
gnu:   4.4735e-09 31 ar36-->he4+s32 36Ar 9.9700e+05 8.0233e+08 1.2426e-03 1.2426e-03
gnu:   4.6972e-09 31 ar36-->he4+s32 36Ar 1.0401e+06 8.0233e+08 1.2964e-03 1.2426e-03
gnu:   4.9209e-09 31 ar36-->he4+s32 36Ar 1.0789e+06 8.0233e+08 1.3447e-03 1.3447e-03
gnu:   5.0327e-09 31 ar36-->he4+s32 36Ar 1.0975e+06 8.0233e+08 1.3678e-03 1.3447e-03
gnu:   5.1446e-09 31 ar36-->he4+s32 36Ar 1.1155e+06 8.0233e+08 1.3903e-03 1.3903e-03
gnu:   5.3682e-09 31 ar36-->he4+s32 36Ar 1.1503e+06 8.0233e+08 1.4337e-03 1.3903e-03
gnu:   5.5919e-09 31 ar36-->he4+s32 36Ar 1.1816e+06 8.0233e+08 1.4727e-03 1.4727e-03
gnu:   5.7041e-09 31 ar36-->he4+s32 36Ar 1.1966e+06 8.0233e+08 1.4914e-03 1.4727e-03
gnu:   5.8164e-09 31 ar36-->he4+s32 36Ar 1.2112e+06 8.0233e+08 1.5096e-03 1.5096e-03
gnu:   6.0408e-09 31 ar36-->he4+s32 36Ar 1.2394e+06 8.0233e+08 1.5448e-03 1.5096e-03
gnu:   6.2653e-09 31 ar36-->he4+s32 36Ar 1.2648e+06 8.0233e+08 1.5764e-03 1.5764e-03
gnu:   6.4110e-09 31 ar36-->he4+s32 36Ar 1.2806e+06 8.0233e+08 1.5961e-03 1.5764e-03
gnu:   6.5567e-09 31 ar36-->he4+s32 36Ar 1.2957e+06 8.0233e+08 1.6150e-03 1.6150e-03
gnu:   6.8481e-09 31 ar36-->he4+s32 36Ar 1.3248e+06 8.0233e+08 1.6512e-03 1.6150e-03
gnu:   7.1395e-09 31 ar36-->he4+s32 36Ar 1.3500e+06 8.0233e+08 1.6826e-03 1.6826e-03
gnu:   7.3863e-09 31 ar36-->he4+s32 36Ar 1.3706e+06 8.0233e+08 1.7082e-03 1.6826e-03
gnu:   7.6332e-09 31 ar36-->he4+s32 36Ar 1.3889e+06 8.0233e+08 1.7311e-03 1.7311e-03
gnu:   8.0148e-09 31 ar36-->he4+s32 36Ar 1.4163e+06 8.0233e+08 1.7652e-03 1.7311e-03
gnu:   8.3965e-09 31 ar36-->he4+s32 36Ar 1.4389e+06 8.0233e+08 1.7934e-03 1.7934e-03
gnu:   8.7596e-09 31 ar36-->he4+s32 36Ar 1.4603e+06 8.0233e+08 1.8201e-03 1.7934e-03
gnu:   9.1226e-09 31 ar36-->he4+s32 36Ar 1.4781e+06 8.0233e+08 1.8423e-03 1.8423e-03
gnu:   9.5788e-09 31 ar36-->he4+s32 36Ar 1.5001e+06 8.0233e+08 1.8697e-03 1.8423e-03
gnu:   1.0035e-08 31 ar36-->he4+s32 36Ar 1.4971e+06 8.0233e+08 1.8660e-03 1.8660e-03
gnu:   1.0386e-08 31 ar36-->he4+s32 36Ar 1.5029e+06 8.0233e+08 1.8732e-03 1.8660e-03
gnu:   1.0737e-08 31 ar36-->he4+s32 36Ar 1.5056e+06 8.0233e+08 1.8765e-03 1.8765e-03
gnu:   1.1202e-08 31 ar36-->he4+s32 36Ar 1.5087e+06 8.0233e+08 1.8804e-03 1.8765e-03
gnu:   1.1667e-08 31 ar36-->he4+s32 36Ar 1.5093e+06 8.0233e+08 1.8811e-03 1.8811e-03
gnu:   1.2250e-08 31 ar36-->he4+s32 36Ar 1.5100e+06 8.0233e+08 1.8820e-03 1.8811e-03
gnu:   1.2834e-08 31 ar36-->he4+s32 36Ar 1.5091e+06 8.0233e+08 1.8808e-03 1.8808e-03
gnu:   1.3475e-08 31 ar36-->he4+s32 36Ar 1.5088e+06 8.0233e+08 1.8806e-03 1.8808e-03
gnu:   1.4117e-08 31 ar36-->he4+s32 36Ar 1.5069e+06 8.0233e+08 1.8782e-03 1.8782e-03
gnu:   1.4823e-08 31 ar36-->he4+s32 36Ar 1.5063e+06 8.0233e+08 1.8774e-03 1.8782e-03
gnu:   1.5529e-08 31 ar36-->he4+s32 36Ar 1.5040e+06 8.0233e+08 1.8745e-03 1.8745e-03
gnu:   1.6305e-08 31 ar36-->he4+s32 36Ar 1.5032e+06 8.0233e+08 1.8735e-03 1.8745e-03
gnu:   1.7082e-08 31 ar36-->he4+s32 36Ar 1.5008e+06 8.0233e+08 1.8706e-03 1.8706e-03
gnu:   1.7936e-08 31 ar36-->he4+s32 36Ar 1.5000e+06 8.0233e+08 1.8695e-03 1.8706e-03
gnu:   1.8790e-08 31 ar36-->he4+s32 36Ar 1.4978e+06 8.0233e+08 1.8668e-03 1.8668e-03
gnu:   1.9729e-08 31 ar36-->he4+s32 36Ar 1.4970e+06 8.0233e+08 1.8658e-03 1.8668e-03
