#          t    index   reaction    iso   flux       kfac        Y[6]      Y0[6]
gnu:   2.5157e-09 29 s32-->he4+si28 32S 9.8124e+06 2.2426e+09 4.3755e-03 4.3532e-03
gnu:   2.5343e-09 29 s32-->he4+si28 32S 9.8619e+06 2.2426e+09 4.3976e-03 4.3976e-03
gnu:   2.5604e-09 29 s32-->he4+si28 32S 9.9306e+06 2.2426e+09 4.4282e-03 4.3976e-03
gnu:   2.5864e-09 29 s32-->he4+si28 32S 9.9983e+06 2.2426e+09 4.4584e-03 4.4584e-03
gnu:   2.6119e-09 29 s32-->he4+si28 32S 1.0064e+07 2.2426e+09 4.4876e-03 4.4584e-03
gnu:   2.6374e-09 29 s32-->he4+si28 32S 1.0129e+07 2.2426e+09 4.5165e-03 4.5165e-03
gnu:   2.6624e-09 29 s32-->he4+si28 32S 1.0191e+07 2.2426e+09 4.5444e-03 4.5165e-03
gnu:   2.6874e-09 29 s32-->he4+si28 32S 1.0253e+07 2.2426e+09 4.5719e-03 4.5719e-03
gnu:   2.7119e-09 29 s32-->he4+si28 32S 1.0313e+07 2.2426e+09 4.5986e-03 4.5719e-03
gnu:   2.7364e-09 29 s32-->he4+si28 32S 1.0372e+07 2.2426e+09 4.6250e-03 4.6250e-03
gnu:   2.7605e-09 29 s32-->he4+si28 32S 1.0429e+07 2.2426e+09 4.6505e-03 4.6250e-03
gnu:   2.7845e-09 29 s32-->he4+si28 32S 1.0486e+07 2.2426e+09 4.6757e-03 4.6757e-03
gnu:   2.8080e-09 29 s32-->he4+si28 32S 1.0540e+07 2.2426e+09 4.7001e-03 4.6757e-03
gnu:   2.8315e-09 29 s32-->he4+si28 32S 1.0594e+07 2.2426e+09 4.7242e-03 4.7242e-03
gnu:   2.8546e-09 29 s32-->he4+si28 32S 1.0647e+07 2.2426e+09 4.7476e-03 4.7242e-03
gnu:   2.8777e-09 29 s32-->he4+si28 32S 1.0699e+07 2.2426e+09 4.7707e-03 4.7707e-03
gnu:   2.9003e-09 29 s32-->he4+si28 32S 1.0749e+07 2.2426e+09 4.7930e-03 4.7707e-03
gnu:   2.9229e-09 29 s32-->he4+si28 32S 1.0798e+07 2.2426e+09 4.8152e-03 4.8152e-03
gnu:   2.9450e-09 29 s32-->he4+si28 32S 1.0847e+07 2.2426e+09 4.8366e-03 4.8152e-03
gnu:   2.9672e-09 29 s32-->he4+si28 32S 1.0894e+07 2.2426e+09 4.8579e-03 4.8579e-03
gnu:   2.9889e-09 29 s32-->he4+si28 32S 1.0940e+07 2.2426e+09 4.8784e-03 4.8579e-03
gnu:   3.0106e-09 29 s32-->he4+si28 32S 1.0986e+07 2.2426e+09 4.8988e-03 4.8988e-03
gnu:   3.0318e-09 29 s32-->he4+si28 32S 1.1030e+07 2.2426e+09 4.9185e-03 4.8988e-03
gnu:   3.0531e-09 29 s32-->he4+si28 32S 1.1074e+07 2.2426e+09 4.9381e-03 4.9381e-03
gnu:   3.0740e-09 29 s32-->he4+si28 32S 1.1117e+07 2.2426e+09 4.9570e-03 4.9381e-03
gnu:   3.0948e-09 29 s32-->he4+si28 32S 1.1159e+07 2.2426e+09 4.9758e-03 4.9758e-03
gnu:   3.1152e-09 29 s32-->he4+si28 32S 1.1199e+07 2.2426e+09 4.9940e-03 4.9758e-03
gnu:   3.1357e-09 29 s32-->he4+si28 32S 1.1240e+07 2.2426e+09 5.0120e-03 5.0120e-03
gnu:   3.1557e-09 29 s32-->he4+si28 32S 1.1279e+07 2.2426e+09 5.0295e-03 5.0120e-03
gnu:   3.1757e-09 29 s32-->he4+si28 32S 1.1318e+07 2.2426e+09 5.0468e-03 5.0468e-03
gnu:   3.1953e-09 29 s32-->he4+si28 32S 1.1356e+07 2.2426e+09 5.0637e-03 5.0468e-03
gnu:   3.2149e-09 29 s32-->he4+si28 32S 1.1393e+07 2.2426e+09 5.0803e-03 5.0803e-03
gnu:   3.2342e-09 29 s32-->he4+si28 32S 1.1429e+07 2.2426e+09 5.0965e-03 5.0803e-03
gnu:   3.2534e-09 29 s32-->he4+si28 32S 1.1465e+07 2.2426e+09 5.1125e-03 5.1125e-03
gnu:   3.2722e-09 29 s32-->he4+si28 32S 1.1500e+07 2.2426e+09 5.1281e-03 5.1125e-03
gnu:   3.2911e-09 29 s32-->he4+si28 32S 1.1535e+07 2.2426e+09 5.1435e-03 5.1435e-03
gnu:   3.3095e-09 29 s32-->he4+si28 32S 1.1568e+07 2.2426e+09 5.1585e-03 5.1435e-03
gnu:   3.3280e-09 29 s32-->he4+si28 32S 1.1602e+07 2.2426e+09 5.1734e-03 5.1734e-03
gnu:   3.3539e-09 29 s32-->he4+si28 32S 1.1648e+07 2.2426e+09 5.1940e-03 5.1734e-03
gnu:   3.3797e-09 29 s32-->he4+si28 32S 1.1694e+07 2.2426e+09 5.2144e-03 5.2144e-03
gnu:   3.4051e-09 29 s32-->he4+si28 32S 1.1738e+07 2.2426e+09 5.2341e-03 5.2144e-03
gnu:   3.4304e-09 29 s32-->he4+si28 32S 1.1782e+07 2.2426e+09 5.2536e-03 5.2536e-03
gnu:   3.4552e-09 29 s32-->he4+si28 32S 1.1824e+07 2.2426e+09 5.2725e-03 5.2536e-03
gnu:   3.4800e-09 29 s32-->he4+si28 32S 1.1866e+07 2.2426e+09 5.2912e-03 5.2912e-03
gnu:   3.5044e-09 29 s32-->he4+si28 32S 1.1906e+07 2.2426e+09 5.3093e-03 5.2912e-03
gnu:   3.5287e-09 29 s32-->he4+si28 32S 1.1947e+07 2.2426e+09 5.3271e-03 5.3271e-03
gnu:   3.5526e-09 29 s32-->he4+si28 32S 1.1985e+07 2.2426e+09 5.3445e-03 5.3271e-03
gnu:   3.5764e-09 29 s32-->he4+si28 32S 1.2024e+07 2.2426e+09 5.3616e-03 5.3616e-03
gnu:   3.5998e-09 29 s32-->he4+si28 32S 1.2061e+07 2.2426e+09 5.3782e-03 5.3616e-03
gnu:   3.6231e-09 29 s32-->he4+si28 32S 1.2098e+07 2.2426e+09 5.3947e-03 5.3947e-03
gnu:   3.6460e-09 29 s32-->he4+si28 32S 1.2134e+07 2.2426e+09 5.4106e-03 5.3947e-03
gnu:   3.6689e-09 29 s32-->he4+si28 32S 1.2169e+07 2.2426e+09 5.4264e-03 5.4264e-03
gnu:   3.6914e-09 29 s32-->he4+si28 32S 1.2204e+07 2.2426e+09 5.4417e-03 5.4264e-03
gnu:   3.7138e-09 29 s32-->he4+si28 32S 1.2237e+07 2.2426e+09 5.4569e-03 5.4569e-03
gnu:   3.7358e-09 29 s32-->he4+si28 32S 1.2270e+07 2.2426e+09 5.4716e-03 5.4569e-03
gnu:   3.7578e-09 29 s32-->he4+si28 32S 1.2303e+07 2.2426e+09 5.4861e-03 5.4861e-03
gnu:   3.7794e-09 29 s32-->he4+si28 32S 1.2335e+07 2.2426e+09 5.5002e-03 5.4861e-03
gnu:   3.8009e-09 29 s32-->he4+si28 32S 1.2366e+07 2.2426e+09 5.5142e-03 5.5142e-03
gnu:   3.8220e-09 29 s32-->he4+si28 32S 1.2397e+07 2.2426e+09 5.5278e-03 5.5142e-03
gnu:   3.8432e-09 29 s32-->he4+si28 32S 1.2427e+07 2.2426e+09 5.5412e-03 5.5412e-03
gnu:   3.8639e-09 29 s32-->he4+si28 32S 1.2456e+07 2.2426e+09 5.5543e-03 5.5412e-03
gnu:   3.8846e-09 29 s32-->he4+si28 32S 1.2485e+07 2.2426e+09 5.5672e-03 5.5672e-03
gnu:   3.9049e-09 29 s32-->he4+si28 32S 1.2513e+07 2.2426e+09 5.5798e-03 5.5672e-03
gnu:   3.9251e-09 29 s32-->he4+si28 32S 1.2541e+07 2.2426e+09 5.5923e-03 5.5923e-03
gnu:   3.9450e-09 29 s32-->he4+si28 32S 1.2568e+07 2.2426e+09 5.6044e-03 5.5923e-03
gnu:   3.9649e-09 29 s32-->he4+si28 32S 1.2595e+07 2.2426e+09 5.6163e-03 5.6163e-03
gnu:   3.9844e-09 29 s32-->he4+si28 32S 1.2621e+07 2.2426e+09 5.6280e-03 5.6163e-03
gnu:   4.0039e-09 29 s32-->he4+si28 32S 1.2647e+07 2.2426e+09 5.6395e-03 5.6395e-03
gnu:   4.0230e-09 29 s32-->he4+si28 32S 1.2672e+07 2.2426e+09 5.6508e-03 5.6395e-03
gnu:   4.0421e-09 29 s32-->he4+si28 32S 1.2697e+07 2.2426e+09 5.6619e-03 5.6619e-03
gnu:   4.0608e-09 29 s32-->he4+si28 32S 1.2722e+07 2.2426e+09 5.6727e-03 5.6619e-03
gnu:   4.0795e-09 29 s32-->he4+si28 32S 1.2746e+07 2.2426e+09 5.6835e-03 5.6835e-03
gnu:   4.0978e-09 29 s32-->he4+si28 32S 1.2769e+07 2.2426e+09 5.6939e-03 5.6835e-03
gnu:   4.1162e-09 29 s32-->he4+si28 32S 1.2792e+07 2.2426e+09 5.7042e-03 5.7042e-03
gnu:   4.1418e-09 29 s32-->he4+si28 32S 1.2824e+07 2.2426e+09 5.7186e-03 5.7042e-03
gnu:   4.1675e-09 29 s32-->he4+si28 32S 1.2856e+07 2.2426e+09 5.7328e-03 5.7328e-03
gnu:   4.1927e-09 29 s32-->he4+si28 32S 1.2887e+07 2.2426e+09 5.7466e-03 5.7328e-03
gnu:   4.2178e-09 29 s32-->he4+si28 32S 1.2918e+07 2.2426e+09 5.7602e-03 5.7602e-03
gnu:   4.2425e-09 29 s32-->he4+si28 32S 1.2948e+07 2.2426e+09 5.7735e-03 5.7602e-03
gnu:   4.2671e-09 29 s32-->he4+si28 32S 1.2977e+07 2.2426e+09 5.7865e-03 5.7865e-03
gnu:   4.2913e-09 29 s32-->he4+si28 32S 1.3005e+07 2.2426e+09 5.7992e-03 5.7865e-03
gnu:   4.3155e-09 29 s32-->he4+si28 32S 1.3033e+07 2.2426e+09 5.8118e-03 5.8118e-03
gnu:   4.3391e-09 29 s32-->he4+si28 32S 1.3061e+07 2.2426e+09 5.8240e-03 5.8118e-03
gnu:   4.3628e-09 29 s32-->he4+si28 32S 1.3088e+07 2.2426e+09 5.8360e-03 5.8360e-03
gnu:   4.3860e-09 29 s32-->he4+si28 32S 1.3114e+07 2.2426e+09 5.8477e-03 5.8360e-03
gnu:   4.4092e-09 29 s32-->he4+si28 32S 1.3140e+07 2.2426e+09 5.8593e-03 5.8593e-03
gnu:   4.4320e-09 29 s32-->he4+si28 32S 1.3165e+07 2.2426e+09 5.8705e-03 5.8593e-03
gnu:   4.4547e-09 29 s32-->he4+si28 32S 1.3190e+07 2.2426e+09 5.8817e-03 5.8817e-03
gnu:   4.4770e-09 29 s32-->he4+si28 32S 1.3214e+07 2.2426e+09 5.8925e-03 5.8817e-03
gnu:   4.4993e-09 29 s32-->he4+si28 32S 1.3238e+07 2.2426e+09 5.9032e-03 5.9032e-03
gnu:   4.5211e-09 29 s32-->he4+si28 32S 1.3262e+07 2.2426e+09 5.9136e-03 5.9032e-03
gnu:   4.5430e-09 29 s32-->he4+si28 32S 1.3285e+07 2.2426e+09 5.9239e-03 5.9239e-03
gnu:   4.5644e-09 29 s32-->he4+si28 32S 1.3307e+07 2.2426e+09 5.9339e-03 5.9239e-03
gnu:   4.5858e-09 29 s32-->he4+si28 32S 1.3330e+07 2.2426e+09 5.9439e-03 5.9439e-03
gnu:   4.6068e-09 29 s32-->he4+si28 32S 1.3351e+07 2.2426e+09 5.9535e-03 5.9439e-03
gnu:   4.6277e-09 29 s32-->he4+si28 32S 1.3373e+07 2.2426e+09 5.9631e-03 5.9631e-03
gnu:   4.6483e-09 29 s32-->he4+si28 32S 1.3394e+07 2.2426e+09 5.9723e-03 5.9631e-03
gnu:   4.6689e-09 29 s32-->he4+si28 32S 1.3414e+07 2.2426e+09 5.9815e-03 5.9815e-03
gnu:   4.6890e-09 29 s32-->he4+si28 32S 1.3434e+07 2.2426e+09 5.9905e-03 5.9815e-03
gnu:   4.7091e-09 29 s32-->he4+si28 32S 1.3454e+07 2.2426e+09 5.9994e-03 5.9994e-03
gnu:   4.7289e-09 29 s32-->he4+si28 32S 1.3473e+07 2.2426e+09 6.0080e-03 5.9994e-03
gnu:   4.7486e-09 29 s32-->he4+si28 32S 1.3493e+07 2.2426e+09 6.0165e-03 6.0165e-03
gnu:   4.7680e-09 29 s32-->he4+si28 32S 1.3511e+07 2.2426e+09 6.0249e-03 6.0165e-03
gnu:   4.7873e-09 29 s32-->he4+si28 32S 1.3530e+07 2.2426e+09 6.0331e-03 6.0331e-03
gnu:   4.8063e-09 29 s32-->he4+si28 32S 1.3548e+07 2.2426e+09 6.0411e-03 6.0331e-03
gnu:   4.8253e-09 29 s32-->he4+si28 32S 1.3566e+07 2.2426e+09 6.0491e-03 6.0491e-03
gnu:   4.8438e-09 29 s32-->he4+si28 32S 1.3583e+07 2.2426e+09 6.0569e-03 6.0491e-03
gnu:   4.8624e-09 29 s32-->he4+si28 32S 1.3600e+07 2.2426e+09 6.0645e-03 6.0645e-03
gnu:   4.8884e-09 29 s32-->he4+si28 32S 1.3624e+07 2.2426e+09 6.0752e-03 6.0645e-03
gnu:   4.9144e-09 29 s32-->he4+si28 32S 1.3648e+07 2.2426e+09 6.0858e-03 6.0858e-03
gnu:   4.9399e-09 29 s32-->he4+si28 32S 1.3671e+07 2.2426e+09 6.0961e-03 6.0858e-03
gnu:   4.9654e-09 29 s32-->he4+si28 32S 1.3694e+07 2.2426e+09 6.1062e-03 6.1062e-03
gnu:   4.9904e-09 29 s32-->he4+si28 32S 1.3716e+07 2.2426e+09 6.1160e-03 6.1062e-03
gnu:   5.0154e-09 29 s32-->he4+si28 32S 1.3738e+07 2.2426e+09 6.1258e-03 6.1258e-03
gnu:   5.0399e-09 29 s32-->he4+si28 32S 1.3759e+07 2.2426e+09 6.1353e-03 6.1258e-03
gnu:   5.0644e-09 29 s32-->he4+si28 32S 1.3780e+07 2.2426e+09 6.1446e-03 6.1446e-03
gnu:   5.0884e-09 29 s32-->he4+si28 32S 1.3800e+07 2.2426e+09 6.1537e-03 6.1446e-03
gnu:   5.1124e-09 29 s32-->he4+si28 32S 1.3820e+07 2.2426e+09 6.1627e-03 6.1627e-03
gnu:   5.1359e-09 29 s32-->he4+si28 32S 1.3840e+07 2.2426e+09 6.1715e-03 6.1627e-03
gnu:   5.1594e-09 29 s32-->he4+si28 32S 1.3859e+07 2.2426e+09 6.1801e-03 6.1801e-03
gnu:   5.1824e-09 29 s32-->he4+si28 32S 1.3878e+07 2.2426e+09 6.1885e-03 6.1801e-03
gnu:   5.2055e-09 29 s32-->he4+si28 32S 1.3897e+07 2.2426e+09 6.1969e-03 6.1969e-03
gnu:   5.2281e-09 29 s32-->he4+si28 32S 1.3915e+07 2.2426e+09 6.2050e-03 6.1969e-03
gnu:   5.2507e-09 29 s32-->he4+si28 32S 1.3933e+07 2.2426e+09 6.2130e-03 6.2130e-03
gnu:   5.2728e-09 29 s32-->he4+si28 32S 1.3951e+07 2.2426e+09 6.2208e-03 6.2130e-03
gnu:   5.2949e-09 29 s32-->he4+si28 32S 1.3968e+07 2.2426e+09 6.2285e-03 6.2285e-03
gnu:   5.3166e-09 29 s32-->he4+si28 32S 1.3985e+07 2.2426e+09 6.2360e-03 6.2285e-03
gnu:   5.3383e-09 29 s32-->he4+si28 32S 1.4002e+07 2.2426e+09 6.2435e-03 6.2435e-03
gnu:   5.3596e-09 29 s32-->he4+si28 32S 1.4018e+07 2.2426e+09 6.2507e-03 6.2435e-03
gnu:   5.3808e-09 29 s32-->he4+si28 32S 1.4034e+07 2.2426e+09 6.2579e-03 6.2579e-03
gnu:   5.4016e-09 29 s32-->he4+si28 32S 1.4049e+07 2.2426e+09 6.2648e-03 6.2579e-03
gnu:   5.4225e-09 29 s32-->he4+si28 32S 1.4065e+07 2.2426e+09 6.2718e-03 6.2718e-03
gnu:   5.4429e-09 29 s32-->he4+si28 32S 1.4080e+07 2.2426e+09 6.2785e-03 6.2718e-03
gnu:   5.4633e-09 29 s32-->he4+si28 32S 1.4095e+07 2.2426e+09 6.2852e-03 6.2852e-03
gnu:   5.4833e-09 29 s32-->he4+si28 32S 1.4110e+07 2.2426e+09 6.2917e-03 6.2852e-03
gnu:   5.5033e-09 29 s32-->he4+si28 32S 1.4124e+07 2.2426e+09 6.2981e-03 6.2981e-03
gnu:   5.5229e-09 29 s32-->he4+si28 32S 1.4138e+07 2.2426e+09 6.3044e-03 6.2981e-03
gnu:   5.5425e-09 29 s32-->he4+si28 32S 1.4152e+07 2.2426e+09 6.3106e-03 6.3106e-03
gnu:   5.5617e-09 29 s32-->he4+si28 32S 1.4166e+07 2.2426e+09 6.3166e-03 6.3106e-03
gnu:   5.5810e-09 29 s32-->he4+si28 32S 1.4179e+07 2.2426e+09 6.3226e-03 6.3226e-03
gnu:   5.5998e-09 29 s32-->he4+si28 32S 1.4192e+07 2.2426e+09 6.3285e-03 6.3226e-03
gnu:   5.6186e-09 29 s32-->he4+si28 32S 1.4205e+07 2.2426e+09 6.3343e-03 6.3343e-03
gnu:   5.6371e-09 29 s32-->he4+si28 32S 1.4218e+07 2.2426e+09 6.3399e-03 6.3343e-03
gnu:   5.6555e-09 29 s32-->he4+si28 32S 1.4230e+07 2.2426e+09 6.3455e-03 6.3455e-03
gnu:   5.6813e-09 29 s32-->he4+si28 32S 1.4248e+07 2.2426e+09 6.3533e-03 6.3455e-03
gnu:   5.7072e-09 29 s32-->he4+si28 32S 1.4265e+07 2.2426e+09 6.3610e-03 6.3610e-03
gnu:   5.7325e-09 29 s32-->he4+si28 32S 1.4282e+07 2.2426e+09 6.3685e-03 6.3610e-03
gnu:   5.7578e-09 29 s32-->he4+si28 32S 1.4299e+07 2.2426e+09 6.3759e-03 6.3759e-03
gnu:   5.7826e-09 29 s32-->he4+si28 32S 1.4315e+07 2.2426e+09 6.3831e-03 6.3759e-03
gnu:   5.8074e-09 29 s32-->he4+si28 32S 1.4331e+07 2.2426e+09 6.3902e-03 6.3902e-03
gnu:   5.8318e-09 29 s32-->he4+si28 32S 1.4346e+07 2.2426e+09 6.3971e-03 6.3902e-03
gnu:   5.8561e-09 29 s32-->he4+si28 32S 1.4362e+07 2.2426e+09 6.4040e-03 6.4040e-03
gnu:   5.8799e-09 29 s32-->he4+si28 32S 1.4376e+07 2.2426e+09 6.4107e-03 6.4040e-03
gnu:   5.9037e-09 29 s32-->he4+si28 32S 1.4391e+07 2.2426e+09 6.4173e-03 6.4173e-03
gnu:   5.9271e-09 29 s32-->he4+si28 32S 1.4406e+07 2.2426e+09 6.4237e-03 6.4173e-03
gnu:   5.9504e-09 29 s32-->he4+si28 32S 1.4420e+07 2.2426e+09 6.4300e-03 6.4300e-03
gnu:   5.9733e-09 29 s32-->he4+si28 32S 1.4434e+07 2.2426e+09 6.4362e-03 6.4300e-03
gnu:   5.9962e-09 29 s32-->he4+si28 32S 1.4447e+07 2.2426e+09 6.4423e-03 6.4423e-03
gnu:   6.0186e-09 29 s32-->he4+si28 32S 1.4461e+07 2.2426e+09 6.4483e-03 6.4423e-03
gnu:   6.0411e-09 29 s32-->he4+si28 32S 1.4474e+07 2.2426e+09 6.4542e-03 6.4542e-03
gnu:   6.0630e-09 29 s32-->he4+si28 32S 1.4487e+07 2.2426e+09 6.4599e-03 6.4542e-03
gnu:   6.0850e-09 29 s32-->he4+si28 32S 1.4500e+07 2.2426e+09 6.4656e-03 6.4656e-03
gnu:   6.1065e-09 29 s32-->he4+si28 32S 1.4512e+07 2.2426e+09 6.4711e-03 6.4656e-03
gnu:   6.1281e-09 29 s32-->he4+si28 32S 1.4524e+07 2.2426e+09 6.4766e-03 6.4766e-03
gnu:   6.1492e-09 29 s32-->he4+si28 32S 1.4536e+07 2.2426e+09 6.4819e-03 6.4766e-03
gnu:   6.1703e-09 29 s32-->he4+si28 32S 1.4548e+07 2.2426e+09 6.4872e-03 6.4872e-03
gnu:   6.1910e-09 29 s32-->he4+si28 32S 1.4560e+07 2.2426e+09 6.4924e-03 6.4872e-03
gnu:   6.2117e-09 29 s32-->he4+si28 32S 1.4571e+07 2.2426e+09 6.4975e-03 6.4975e-03
gnu:   6.2319e-09 29 s32-->he4+si28 32S 1.4582e+07 2.2426e+09 6.5024e-03 6.4975e-03
gnu:   6.2522e-09 29 s32-->he4+si28 32S 1.4593e+07 2.2426e+09 6.5074e-03 6.5074e-03
gnu:   6.2721e-09 29 s32-->he4+si28 32S 1.4604e+07 2.2426e+09 6.5122e-03 6.5074e-03
gnu:   6.2920e-09 29 s32-->he4+si28 32S 1.4615e+07 2.2426e+09 6.5169e-03 6.5169e-03
gnu:   6.3114e-09 29 s32-->he4+si28 32S 1.4625e+07 2.2426e+09 6.5216e-03 6.5169e-03
gnu:   6.3309e-09 29 s32-->he4+si28 32S 1.4636e+07 2.2426e+09 6.5262e-03 6.5262e-03
gnu:   6.3500e-09 29 s32-->he4+si28 32S 1.4646e+07 2.2426e+09 6.5306e-03 6.5262e-03
gnu:   6.3691e-09 29 s32-->he4+si28 32S 1.4656e+07 2.2426e+09 6.5351e-03 6.5351e-03
gnu:   6.3878e-09 29 s32-->he4+si28 32S 1.4665e+07 2.2426e+09 6.5394e-03 6.5351e-03
gnu:   6.4065e-09 29 s32-->he4+si28 32S 1.4675e+07 2.2426e+09 6.5437e-03 6.5437e-03
gnu:   6.4248e-09 29 s32-->he4+si28 32S 1.4684e+07 2.2426e+09 6.5479e-03 6.5437e-03
gnu:   6.4431e-09 29 s32-->he4+si28 32S 1.4694e+07 2.2426e+09 6.5520e-03 6.5520e-03
gnu:   6.4688e-09 29 s32-->he4+si28 32S 1.4707e+07 2.2426e+09 6.5578e-03 6.5520e-03
gnu:   6.4944e-09 29 s32-->he4+si28 32S 1.4719e+07 2.2426e+09 6.5635e-03 6.5635e-03
gnu:   6.5196e-09 29 s32-->he4+si28 32S 1.4732e+07 2.2426e+09 6.5691e-03 6.5635e-03
gnu:   6.5447e-09 29 s32-->he4+si28 32S 1.4744e+07 2.2426e+09 6.5746e-03 6.5746e-03
gnu:   6.5693e-09 29 s32-->he4+si28 32S 1.4756e+07 2.2426e+09 6.5800e-03 6.5746e-03
gnu:   6.5940e-09 29 s32-->he4+si28 32S 1.4768e+07 2.2426e+09 6.5853e-03 6.5853e-03
gnu:   6.6181e-09 29 s32-->he4+si28 32S 1.4780e+07 2.2426e+09 6.5904e-03 6.5853e-03
gnu:   6.6423e-09 29 s32-->he4+si28 32S 1.4791e+07 2.2426e+09 6.5955e-03 6.5955e-03
gnu:   6.6659e-09 29 s32-->he4+si28 32S 1.4802e+07 2.2426e+09 6.6005e-03 6.5955e-03
gnu:   6.6896e-09 29 s32-->he4+si28 32S 1.4813e+07 2.2426e+09 6.6054e-03 6.6054e-03
gnu:   6.7128e-09 29 s32-->he4+si28 32S 1.4824e+07 2.2426e+09 6.6102e-03 6.6054e-03
gnu:   6.7360e-09 29 s32-->he4+si28 32S 1.4835e+07 2.2426e+09 6.6149e-03 6.6149e-03
gnu:   6.7587e-09 29 s32-->he4+si28 32S 1.4845e+07 2.2426e+09 6.6195e-03 6.6149e-03
gnu:   6.7814e-09 29 s32-->he4+si28 32S 1.4855e+07 2.2426e+09 6.6241e-03 6.6241e-03
gnu:   6.8037e-09 29 s32-->he4+si28 32S 1.4865e+07 2.2426e+09 6.6285e-03 6.6241e-03
gnu:   6.8260e-09 29 s32-->he4+si28 32S 1.4875e+07 2.2426e+09 6.6329e-03 6.6329e-03
gnu:   6.8478e-09 29 s32-->he4+si28 32S 1.4885e+07 2.2426e+09 6.6372e-03 6.6329e-03
gnu:   6.8696e-09 29 s32-->he4+si28 32S 1.4894e+07 2.2426e+09 6.6415e-03 6.6415e-03
gnu:   6.8910e-09 29 s32-->he4+si28 32S 1.4903e+07 2.2426e+09 6.6456e-03 6.6415e-03
gnu:   6.9124e-09 29 s32-->he4+si28 32S 1.4913e+07 2.2426e+09 6.6497e-03 6.6497e-03
gnu:   6.9334e-09 29 s32-->he4+si28 32S 1.4921e+07 2.2426e+09 6.6537e-03 6.6497e-03
gnu:   6.9543e-09 29 s32-->he4+si28 32S 1.4930e+07 2.2426e+09 6.6576e-03 6.6576e-03
gnu:   6.9749e-09 29 s32-->he4+si28 32S 1.4939e+07 2.2426e+09 6.6615e-03 6.6576e-03
gnu:   6.9954e-09 29 s32-->he4+si28 32S 1.4948e+07 2.2426e+09 6.6653e-03 6.6653e-03
gnu:   7.0155e-09 29 s32-->he4+si28 32S 1.4956e+07 2.2426e+09 6.6690e-03 6.6653e-03
gnu:   7.0357e-09 29 s32-->he4+si28 32S 1.4964e+07 2.2426e+09 6.6727e-03 6.6727e-03
gnu:   7.0554e-09 29 s32-->he4+si28 32S 1.4972e+07 2.2426e+09 6.6763e-03 6.6727e-03
gnu:   7.0751e-09 29 s32-->he4+si28 32S 1.4980e+07 2.2426e+09 6.6799e-03 6.6799e-03
gnu:   7.0945e-09 29 s32-->he4+si28 32S 1.4988e+07 2.2426e+09 6.6834e-03 6.6799e-03
gnu:   7.1138e-09 29 s32-->he4+si28 32S 1.4996e+07 2.2426e+09 6.6868e-03 6.6868e-03
gnu:   7.1327e-09 29 s32-->he4+si28 32S 1.5003e+07 2.2426e+09 6.6902e-03 6.6868e-03
gnu:   7.1517e-09 29 s32-->he4+si28 32S 1.5011e+07 2.2426e+09 6.6935e-03 6.6935e-03
gnu:   7.1703e-09 29 s32-->he4+si28 32S 1.5018e+07 2.2426e+09 6.6968e-03 6.6935e-03
gnu:   7.1888e-09 29 s32-->he4+si28 32S 1.5025e+07 2.2426e+09 6.7000e-03 6.7000e-03
gnu:   7.2070e-09 29 s32-->he4+si28 32S 1.5032e+07 2.2426e+09 6.7031e-03 6.7000e-03
gnu:   7.2252e-09 29 s32-->he4+si28 32S 1.5039e+07 2.2426e+09 6.7063e-03 6.7063e-03
gnu:   7.2507e-09 29 s32-->he4+si28 32S 1.5049e+07 2.2426e+09 6.7106e-03 6.7063e-03
gnu:   7.2762e-09 29 s32-->he4+si28 32S 1.5059e+07 2.2426e+09 6.7149e-03 6.7149e-03
gnu:   7.3011e-09 29 s32-->he4+si28 32S 1.5068e+07 2.2426e+09 6.7191e-03 6.7149e-03
gnu:   7.3261e-09 29 s32-->he4+si28 32S 1.5077e+07 2.2426e+09 6.7232e-03 6.7232e-03
gnu:   7.3506e-09 29 s32-->he4+si28 32S 1.5087e+07 2.2426e+09 6.7273e-03 6.7232e-03
gnu:   7.3750e-09 29 s32-->he4+si28 32S 1.5095e+07 2.2426e+09 6.7313e-03 6.7313e-03
gnu:   7.3990e-09 29 s32-->he4+si28 32S 1.5104e+07 2.2426e+09 6.7351e-03 6.7313e-03
gnu:   7.4230e-09 29 s32-->he4+si28 32S 1.5113e+07 2.2426e+09 6.7390e-03 6.7390e-03
gnu:   7.4465e-09 29 s32-->he4+si28 32S 1.5121e+07 2.2426e+09 6.7427e-03 6.7390e-03
gnu:   7.4700e-09 29 s32-->he4+si28 32S 1.5129e+07 2.2426e+09 6.7464e-03 6.7464e-03
gnu:   7.4930e-09 29 s32-->he4+si28 32S 1.5138e+07 2.2426e+09 6.7500e-03 6.7464e-03
gnu:   7.5160e-09 29 s32-->he4+si28 32S 1.5146e+07 2.2426e+09 6.7536e-03 6.7536e-03
gnu:   7.5386e-09 29 s32-->he4+si28 32S 1.5153e+07 2.2426e+09 6.7571e-03 6.7536e-03
gnu:   7.5612e-09 29 s32-->he4+si28 32S 1.5161e+07 2.2426e+09 6.7605e-03 6.7605e-03
gnu:   7.5833e-09 29 s32-->he4+si28 32S 1.5169e+07 2.2426e+09 6.7639e-03 6.7605e-03
gnu:   7.6054e-09 29 s32-->he4+si28 32S 1.5176e+07 2.2426e+09 6.7672e-03 6.7672e-03
gnu:   7.6271e-09 29 s32-->he4+si28 32S 1.5183e+07 2.2426e+09 6.7705e-03 6.7672e-03
gnu:   7.6488e-09 29 s32-->he4+si28 32S 1.5191e+07 2.2426e+09 6.7737e-03 6.7737e-03
gnu:   7.6700e-09 29 s32-->he4+si28 32S 1.5198e+07 2.2426e+09 6.7768e-03 6.7737e-03
gnu:   7.6912e-09 29 s32-->he4+si28 32S 1.5205e+07 2.2426e+09 6.7799e-03 6.7799e-03
gnu:   7.7121e-09 29 s32-->he4+si28 32S 1.5211e+07 2.2426e+09 6.7829e-03 6.7799e-03
gnu:   7.7329e-09 29 s32-->he4+si28 32S 1.5218e+07 2.2426e+09 6.7859e-03 6.7859e-03
gnu:   7.7533e-09 29 s32-->he4+si28 32S 1.5225e+07 2.2426e+09 6.7888e-03 6.7859e-03
gnu:   7.7737e-09 29 s32-->he4+si28 32S 1.5231e+07 2.2426e+09 6.7917e-03 6.7917e-03
gnu:   7.7937e-09 29 s32-->he4+si28 32S 1.5237e+07 2.2426e+09 6.7945e-03 6.7917e-03
gnu:   7.8137e-09 29 s32-->he4+si28 32S 1.5244e+07 2.2426e+09 6.7973e-03 6.7973e-03
gnu:   7.8332e-09 29 s32-->he4+si28 32S 1.5250e+07 2.2426e+09 6.8001e-03 6.7973e-03
gnu:   7.8528e-09 29 s32-->he4+si28 32S 1.5256e+07 2.2426e+09 6.8028e-03 6.8028e-03
gnu:   7.8720e-09 29 s32-->he4+si28 32S 1.5262e+07 2.2426e+09 6.8054e-03 6.8028e-03
gnu:   7.8912e-09 29 s32-->he4+si28 32S 1.5268e+07 2.2426e+09 6.8080e-03 6.8080e-03
gnu:   7.9101e-09 29 s32-->he4+si28 32S 1.5273e+07 2.2426e+09 6.8106e-03 6.8080e-03
gnu:   7.9289e-09 29 s32-->he4+si28 32S 1.5279e+07 2.2426e+09 6.8131e-03 6.8131e-03
gnu:   7.9473e-09 29 s32-->he4+si28 32S 1.5285e+07 2.2426e+09 6.8156e-03 6.8131e-03
gnu:   7.9658e-09 29 s32-->he4+si28 32S 1.5290e+07 2.2426e+09 6.8180e-03 6.8180e-03
gnu:   7.9916e-09 29 s32-->he4+si28 32S 1.5298e+07 2.2426e+09 6.8214e-03 6.8180e-03
gnu:   8.0174e-09 29 s32-->he4+si28 32S 1.5305e+07 2.2426e+09 6.8248e-03 6.8248e-03
gnu:   8.0427e-09 29 s32-->he4+si28 32S 1.5313e+07 2.2426e+09 6.8281e-03 6.8248e-03
gnu:   8.0680e-09 29 s32-->he4+si28 32S 1.5320e+07 2.2426e+09 6.8313e-03 6.8313e-03
gnu:   8.0928e-09 29 s32-->he4+si28 32S 1.5327e+07 2.2426e+09 6.8345e-03 6.8313e-03
gnu:   8.1176e-09 29 s32-->he4+si28 32S 1.5334e+07 2.2426e+09 6.8376e-03 6.8376e-03
gnu:   8.1419e-09 29 s32-->he4+si28 32S 1.5341e+07 2.2426e+09 6.8407e-03 6.8376e-03
gnu:   8.1662e-09 29 s32-->he4+si28 32S 1.5348e+07 2.2426e+09 6.8437e-03 6.8437e-03
gnu:   8.1900e-09 29 s32-->he4+si28 32S 1.5354e+07 2.2426e+09 6.8466e-03 6.8437e-03
gnu:   8.2138e-09 29 s32-->he4+si28 32S 1.5361e+07 2.2426e+09 6.8495e-03 6.8495e-03
gnu:   8.2371e-09 29 s32-->he4+si28 32S 1.5367e+07 2.2426e+09 6.8524e-03 6.8495e-03
gnu:   8.2605e-09 29 s32-->he4+si28 32S 1.5373e+07 2.2426e+09 6.8552e-03 6.8552e-03
gnu:   8.2833e-09 29 s32-->he4+si28 32S 1.5379e+07 2.2426e+09 6.8579e-03 6.8552e-03
gnu:   8.3062e-09 29 s32-->he4+si28 32S 1.5386e+07 2.2426e+09 6.8606e-03 6.8606e-03
gnu:   8.3286e-09 29 s32-->he4+si28 32S 1.5391e+07 2.2426e+09 6.8632e-03 6.8606e-03
gnu:   8.3510e-09 29 s32-->he4+si28 32S 1.5397e+07 2.2426e+09 6.8659e-03 6.8659e-03
gnu:   8.3730e-09 29 s32-->he4+si28 32S 1.5403e+07 2.2426e+09 6.8684e-03 6.8659e-03
gnu:   8.3949e-09 29 s32-->he4+si28 32S 1.5409e+07 2.2426e+09 6.8709e-03 6.8709e-03
gnu:   8.4165e-09 29 s32-->he4+si28 32S 1.5414e+07 2.2426e+09 6.8734e-03 6.8709e-03
gnu:   8.4380e-09 29 s32-->he4+si28 32S 1.5420e+07 2.2426e+09 6.8758e-03 6.8758e-03
gnu:   8.4591e-09 29 s32-->he4+si28 32S 1.5425e+07 2.2426e+09 6.8782e-03 6.8758e-03
gnu:   8.4802e-09 29 s32-->he4+si28 32S 1.5430e+07 2.2426e+09 6.8805e-03 6.8805e-03
gnu:   8.5008e-09 29 s32-->he4+si28 32S 1.5435e+07 2.2426e+09 6.8828e-03 6.8805e-03
gnu:   8.5215e-09 29 s32-->he4+si28 32S 1.5440e+07 2.2426e+09 6.8851e-03 6.8851e-03
gnu:   8.5418e-09 29 s32-->he4+si28 32S 1.5445e+07 2.2426e+09 6.8873e-03 6.8851e-03
gnu:   8.5620e-09 29 s32-->he4+si28 32S 1.5450e+07 2.2426e+09 6.8895e-03 6.8895e-03
gnu:   8.5819e-09 29 s32-->he4+si28 32S 1.5455e+07 2.2426e+09 6.8916e-03 6.8895e-03
gnu:   8.6017e-09 29 s32-->he4+si28 32S 1.5460e+07 2.2426e+09 6.8938e-03 6.8938e-03
gnu:   8.6212e-09 29 s32-->he4+si28 32S 1.5465e+07 2.2426e+09 6.8958e-03 6.8938e-03
gnu:   8.6406e-09 29 s32-->he4+si28 32S 1.5469e+07 2.2426e+09 6.8979e-03 6.8979e-03
gnu:   8.6597e-09 29 s32-->he4+si28 32S 1.5474e+07 2.2426e+09 6.8999e-03 6.8979e-03
gnu:   8.6788e-09 29 s32-->he4+si28 32S 1.5478e+07 2.2426e+09 6.9019e-03 6.9019e-03
gnu:   8.6975e-09 29 s32-->he4+si28 32S 1.5482e+07 2.2426e+09 6.9038e-03 6.9019e-03
gnu:   8.7161e-09 29 s32-->he4+si28 32S 1.5487e+07 2.2426e+09 6.9058e-03 6.9058e-03
gnu:   8.7345e-09 29 s32-->he4+si28 32S 1.5491e+07 2.2426e+09 6.9076e-03 6.9058e-03
gnu:   8.7528e-09 29 s32-->he4+si28 32S 1.5495e+07 2.2426e+09 6.9095e-03 6.9095e-03
gnu:   8.7784e-09 29 s32-->he4+si28 32S 1.5501e+07 2.2426e+09 6.9121e-03 6.9095e-03
gnu:   8.8040e-09 29 s32-->he4+si28 32S 1.5507e+07 2.2426e+09 6.9146e-03 6.9146e-03
gnu:   8.8292e-09 29 s32-->he4+si28 32S 1.5512e+07 2.2426e+09 6.9171e-03 6.9146e-03
gnu:   8.8543e-09 29 s32-->he4+si28 32S 1.5518e+07 2.2426e+09 6.9196e-03 6.9196e-03
gnu:   8.8789e-09 29 s32-->he4+si28 32S 1.5523e+07 2.2426e+09 6.9220e-03 6.9196e-03
gnu:   8.9035e-09 29 s32-->he4+si28 32S 1.5529e+07 2.2426e+09 6.9244e-03 6.9244e-03
gnu:   8.9277e-09 29 s32-->he4+si28 32S 1.5534e+07 2.2426e+09 6.9267e-03 6.9244e-03
gnu:   8.9518e-09 29 s32-->he4+si28 32S 1.5539e+07 2.2426e+09 6.9290e-03 6.9290e-03
gnu:   8.9754e-09 29 s32-->he4+si28 32S 1.5544e+07 2.2426e+09 6.9313e-03 6.9290e-03
gnu:   8.9991e-09 29 s32-->he4+si28 32S 1.5549e+07 2.2426e+09 6.9335e-03 6.9335e-03
gnu:   9.0223e-09 29 s32-->he4+si28 32S 1.5554e+07 2.2426e+09 6.9356e-03 6.9335e-03
gnu:   9.0454e-09 29 s32-->he4+si28 32S 1.5559e+07 2.2426e+09 6.9378e-03 6.9378e-03
gnu:   9.0681e-09 29 s32-->he4+si28 32S 1.5563e+07 2.2426e+09 6.9399e-03 6.9378e-03
gnu:   9.0908e-09 29 s32-->he4+si28 32S 1.5568e+07 2.2426e+09 6.9419e-03 6.9419e-03
gnu:   9.1131e-09 29 s32-->he4+si28 32S 1.5572e+07 2.2426e+09 6.9439e-03 6.9419e-03
gnu:   9.1354e-09 29 s32-->he4+si28 32S 1.5577e+07 2.2426e+09 6.9459e-03 6.9459e-03
gnu:   9.1572e-09 29 s32-->he4+si28 32S 1.5581e+07 2.2426e+09 6.9479e-03 6.9459e-03
gnu:   9.1790e-09 29 s32-->he4+si28 32S 1.5586e+07 2.2426e+09 6.9498e-03 6.9498e-03
gnu:   9.2003e-09 29 s32-->he4+si28 32S 1.5590e+07 2.2426e+09 6.9517e-03 6.9498e-03
gnu:   9.2217e-09 29 s32-->he4+si28 32S 1.5594e+07 2.2426e+09 6.9535e-03 6.9535e-03
gnu:   9.2427e-09 29 s32-->he4+si28 32S 1.5598e+07 2.2426e+09 6.9553e-03 6.9535e-03
gnu:   9.2636e-09 29 s32-->he4+si28 32S 1.5602e+07 2.2426e+09 6.9571e-03 6.9571e-03
gnu:   9.2841e-09 29 s32-->he4+si28 32S 1.5606e+07 2.2426e+09 6.9589e-03 6.9571e-03
gnu:   9.3047e-09 29 s32-->he4+si28 32S 1.5610e+07 2.2426e+09 6.9606e-03 6.9606e-03
gnu:   9.3248e-09 29 s32-->he4+si28 32S 1.5614e+07 2.2426e+09 6.9623e-03 6.9606e-03
gnu:   9.3449e-09 29 s32-->he4+si28 32S 1.5617e+07 2.2426e+09 6.9640e-03 6.9640e-03
gnu:   9.3646e-09 29 s32-->he4+si28 32S 1.5621e+07 2.2426e+09 6.9656e-03 6.9640e-03
gnu:   9.3843e-09 29 s32-->he4+si28 32S 1.5625e+07 2.2426e+09 6.9673e-03 6.9673e-03
gnu:   9.4037e-09 29 s32-->he4+si28 32S 1.5628e+07 2.2426e+09 6.9688e-03 6.9673e-03
gnu:   9.4230e-09 29 s32-->he4+si28 32S 1.5632e+07 2.2426e+09 6.9704e-03 6.9704e-03
gnu:   9.4419e-09 29 s32-->he4+si28 32S 1.5635e+07 2.2426e+09 6.9719e-03 6.9704e-03
gnu:   9.4608e-09 29 s32-->he4+si28 32S 1.5639e+07 2.2426e+09 6.9735e-03 6.9735e-03
gnu:   9.4794e-09 29 s32-->he4+si28 32S 1.5642e+07 2.2426e+09 6.9749e-03 6.9735e-03
gnu:   9.4980e-09 29 s32-->he4+si28 32S 1.5645e+07 2.2426e+09 6.9764e-03 6.9764e-03
gnu:   9.5161e-09 29 s32-->he4+si28 32S 1.5648e+07 2.2426e+09 6.9778e-03 6.9764e-03
gnu:   9.5343e-09 29 s32-->he4+si28 32S 1.5652e+07 2.2426e+09 6.9793e-03 6.9793e-03
gnu:   9.5598e-09 29 s32-->he4+si28 32S 1.5656e+07 2.2426e+09 6.9812e-03 6.9793e-03
gnu:   9.5852e-09 29 s32-->he4+si28 32S 1.5660e+07 2.2426e+09 6.9832e-03 6.9832e-03
gnu:   9.6102e-09 29 s32-->he4+si28 32S 1.5665e+07 2.2426e+09 6.9851e-03 6.9832e-03
gnu:   9.6351e-09 29 s32-->he4+si28 32S 1.5669e+07 2.2426e+09 6.9870e-03 6.9870e-03
gnu:   9.6596e-09 29 s32-->he4+si28 32S 1.5673e+07 2.2426e+09 6.9889e-03 6.9870e-03
gnu:   9.6840e-09 29 s32-->he4+si28 32S 1.5677e+07 2.2426e+09 6.9907e-03 6.9907e-03
gnu:   9.7080e-09 29 s32-->he4+si28 32S 1.5681e+07 2.2426e+09 6.9925e-03 6.9907e-03
gnu:   9.7320e-09 29 s32-->he4+si28 32S 1.5685e+07 2.2426e+09 6.9942e-03 6.9942e-03
gnu:   9.7554e-09 29 s32-->he4+si28 32S 1.5689e+07 2.2426e+09 6.9959e-03 6.9942e-03
gnu:   9.7789e-09 29 s32-->he4+si28 32S 1.5693e+07 2.2426e+09 6.9976e-03 6.9976e-03
gnu:   9.8019e-09 29 s32-->he4+si28 32S 1.5697e+07 2.2426e+09 6.9993e-03 6.9976e-03
gnu:   9.8249e-09 29 s32-->he4+si28 32S 1.5700e+07 2.2426e+09 7.0009e-03 7.0009e-03
gnu:   9.8475e-09 29 s32-->he4+si28 32S 1.5704e+07 2.2426e+09 7.0025e-03 7.0009e-03
gnu:   9.8700e-09 29 s32-->he4+si28 32S 1.5707e+07 2.2426e+09 7.0041e-03 7.0041e-03
gnu:   9.8921e-09 29 s32-->he4+si28 32S 1.5711e+07 2.2426e+09 7.0056e-03 7.0041e-03
gnu:   9.9142e-09 29 s32-->he4+si28 32S 1.5714e+07 2.2426e+09 7.0072e-03 7.0072e-03
gnu:   9.9359e-09 29 s32-->he4+si28 32S 1.5718e+07 2.2426e+09 7.0087e-03 7.0072e-03
gnu:   9.9576e-09 29 s32-->he4+si28 32S 1.5721e+07 2.2426e+09 7.0101e-03 7.0101e-03
gnu:   9.9788e-09 29 s32-->he4+si28 32S 1.5724e+07 2.2426e+09 7.0116e-03 7.0101e-03
gnu:   1.0000e-08 29 s32-->he4+si28 32S 1.5727e+07 2.2426e+09 7.0130e-03 7.0130e-03
gnu:   1.0021e-08 29 s32-->he4+si28 32S 1.5730e+07 2.2426e+09 7.0144e-03 7.0130e-03
gnu:   1.0042e-08 29 s32-->he4+si28 32S 1.5733e+07 2.2426e+09 7.0158e-03 7.0158e-03
gnu:   1.0062e-08 29 s32-->he4+si28 32S 1.5736e+07 2.2426e+09 7.0171e-03 7.0158e-03
gnu:   1.0082e-08 29 s32-->he4+si28 32S 1.5739e+07 2.2426e+09 7.0184e-03 7.0184e-03
gnu:   1.0102e-08 29 s32-->he4+si28 32S 1.5742e+07 2.2426e+09 7.0197e-03 7.0184e-03
gnu:   1.0122e-08 29 s32-->he4+si28 32S 1.5745e+07 2.2426e+09 7.0210e-03 7.0210e-03
gnu:   1.0142e-08 29 s32-->he4+si28 32S 1.5748e+07 2.2426e+09 7.0223e-03 7.0210e-03
gnu:   1.0161e-08 29 s32-->he4+si28 32S 1.5751e+07 2.2426e+09 7.0235e-03 7.0235e-03
gnu:   1.0181e-08 29 s32-->he4+si28 32S 1.5754e+07 2.2426e+09 7.0247e-03 7.0235e-03
gnu:   1.0200e-08 29 s32-->he4+si28 32S 1.5756e+07 2.2426e+09 7.0259e-03 7.0259e-03
gnu:   1.0219e-08 29 s32-->he4+si28 32S 1.5759e+07 2.2426e+09 7.0271e-03 7.0259e-03
gnu:   1.0237e-08 29 s32-->he4+si28 32S 1.5762e+07 2.2426e+09 7.0283e-03 7.0283e-03
gnu:   1.0256e-08 29 s32-->he4+si28 32S 1.5764e+07 2.2426e+09 7.0294e-03 7.0283e-03
gnu:   1.0274e-08 29 s32-->he4+si28 32S 1.5767e+07 2.2426e+09 7.0306e-03 7.0306e-03
gnu:   1.0300e-08 29 s32-->he4+si28 32S 1.5770e+07 2.2426e+09 7.0321e-03 7.0306e-03
gnu:   1.0326e-08 29 s32-->he4+si28 32S 1.5774e+07 2.2426e+09 7.0337e-03 7.0337e-03
gnu:   1.0351e-08 29 s32-->he4+si28 32S 1.5777e+07 2.2426e+09 7.0352e-03 7.0337e-03
gnu:   1.0376e-08 29 s32-->he4+si28 32S 1.5780e+07 2.2426e+09 7.0367e-03 7.0367e-03
gnu:   1.0401e-08 29 s32-->he4+si28 32S 1.5784e+07 2.2426e+09 7.0382e-03 7.0367e-03
gnu:   1.0426e-08 29 s32-->he4+si28 32S 1.5787e+07 2.2426e+09 7.0396e-03 7.0396e-03
gnu:   1.0450e-08 29 s32-->he4+si28 32S 1.5790e+07 2.2426e+09 7.0410e-03 7.0396e-03
gnu:   1.0475e-08 29 s32-->he4+si28 32S 1.5793e+07 2.2426e+09 7.0424e-03 7.0424e-03
gnu:   1.0498e-08 29 s32-->he4+si28 32S 1.5796e+07 2.2426e+09 7.0438e-03 7.0424e-03
gnu:   1.0522e-08 29 s32-->he4+si28 32S 1.5799e+07 2.2426e+09 7.0451e-03 7.0451e-03
gnu:   1.0545e-08 29 s32-->he4+si28 32S 1.5802e+07 2.2426e+09 7.0464e-03 7.0451e-03
gnu:   1.0569e-08 29 s32-->he4+si28 32S 1.5805e+07 2.2426e+09 7.0477e-03 7.0477e-03
gnu:   1.0592e-08 29 s32-->he4+si28 32S 1.5808e+07 2.2426e+09 7.0490e-03 7.0477e-03
gnu:   1.0615e-08 29 s32-->he4+si28 32S 1.5811e+07 2.2426e+09 7.0502e-03 7.0502e-03
gnu:   1.0637e-08 29 s32-->he4+si28 32S 1.5814e+07 2.2426e+09 7.0515e-03 7.0502e-03
gnu:   1.0659e-08 29 s32-->he4+si28 32S 1.5816e+07 2.2426e+09 7.0527e-03 7.0527e-03
gnu:   1.0681e-08 29 s32-->he4+si28 32S 1.5819e+07 2.2426e+09 7.0538e-03 7.0527e-03
gnu:   1.0703e-08 29 s32-->he4+si28 32S 1.5822e+07 2.2426e+09 7.0550e-03 7.0550e-03
gnu:   1.0725e-08 29 s32-->he4+si28 32S 1.5824e+07 2.2426e+09 7.0562e-03 7.0550e-03
gnu:   1.0746e-08 29 s32-->he4+si28 32S 1.5827e+07 2.2426e+09 7.0573e-03 7.0573e-03
gnu:   1.0767e-08 29 s32-->he4+si28 32S 1.5829e+07 2.2426e+09 7.0584e-03 7.0573e-03
gnu:   1.0788e-08 29 s32-->he4+si28 32S 1.5831e+07 2.2426e+09 7.0595e-03 7.0595e-03
gnu:   1.0809e-08 29 s32-->he4+si28 32S 1.5834e+07 2.2426e+09 7.0605e-03 7.0595e-03
gnu:   1.0830e-08 29 s32-->he4+si28 32S 1.5836e+07 2.2426e+09 7.0616e-03 7.0616e-03
gnu:   1.0850e-08 29 s32-->he4+si28 32S 1.5839e+07 2.2426e+09 7.0626e-03 7.0616e-03
gnu:   1.0870e-08 29 s32-->he4+si28 32S 1.5841e+07 2.2426e+09 7.0636e-03 7.0636e-03
gnu:   1.0890e-08 29 s32-->he4+si28 32S 1.5843e+07 2.2426e+09 7.0646e-03 7.0636e-03
gnu:   1.0910e-08 29 s32-->he4+si28 32S 1.5845e+07 2.2426e+09 7.0656e-03 7.0656e-03
gnu:   1.0929e-08 29 s32-->he4+si28 32S 1.5847e+07 2.2426e+09 7.0666e-03 7.0656e-03
gnu:   1.0949e-08 29 s32-->he4+si28 32S 1.5850e+07 2.2426e+09 7.0675e-03 7.0675e-03
gnu:   1.0968e-08 29 s32-->he4+si28 32S 1.5852e+07 2.2426e+09 7.0685e-03 7.0675e-03
gnu:   1.0987e-08 29 s32-->he4+si28 32S 1.5854e+07 2.2426e+09 7.0694e-03 7.0694e-03
gnu:   1.1006e-08 29 s32-->he4+si28 32S 1.5856e+07 2.2426e+09 7.0703e-03 7.0694e-03
gnu:   1.1024e-08 29 s32-->he4+si28 32S 1.5858e+07 2.2426e+09 7.0712e-03 7.0712e-03
gnu:   1.1042e-08 29 s32-->he4+si28 32S 1.5860e+07 2.2426e+09 7.0720e-03 7.0712e-03
gnu:   1.1061e-08 29 s32-->he4+si28 32S 1.5862e+07 2.2426e+09 7.0729e-03 7.0729e-03
gnu:   1.1086e-08 29 s32-->he4+si28 32S 1.5864e+07 2.2426e+09 7.0741e-03 7.0729e-03
gnu:   1.1112e-08 29 s32-->he4+si28 32S 1.5867e+07 2.2426e+09 7.0753e-03 7.0753e-03
gnu:   1.1137e-08 29 s32-->he4+si28 32S 1.5870e+07 2.2426e+09 7.0765e-03 7.0753e-03
gnu:   1.1162e-08 29 s32-->he4+si28 32S 1.5872e+07 2.2426e+09 7.0776e-03 7.0776e-03
gnu:   1.1187e-08 29 s32-->he4+si28 32S 1.5875e+07 2.2426e+09 7.0787e-03 7.0776e-03
gnu:   1.1211e-08 29 s32-->he4+si28 32S 1.5877e+07 2.2426e+09 7.0798e-03 7.0798e-03
gnu:   1.1236e-08 29 s32-->he4+si28 32S 1.5880e+07 2.2426e+09 7.0809e-03 7.0798e-03
gnu:   1.1260e-08 29 s32-->he4+si28 32S 1.5882e+07 2.2426e+09 7.0820e-03 7.0820e-03
gnu:   1.1283e-08 29 s32-->he4+si28 32S 1.5884e+07 2.2426e+09 7.0830e-03 7.0820e-03
gnu:   1.1307e-08 29 s32-->he4+si28 32S 1.5887e+07 2.2426e+09 7.0841e-03 7.0841e-03
gnu:   1.1330e-08 29 s32-->he4+si28 32S 1.5889e+07 2.2426e+09 7.0851e-03 7.0841e-03
gnu:   1.1353e-08 29 s32-->he4+si28 32S 1.5891e+07 2.2426e+09 7.0861e-03 7.0861e-03
gnu:   1.1376e-08 29 s32-->he4+si28 32S 1.5893e+07 2.2426e+09 7.0870e-03 7.0861e-03
gnu:   1.1399e-08 29 s32-->he4+si28 32S 1.5895e+07 2.2426e+09 7.0880e-03 7.0880e-03
gnu:   1.1421e-08 29 s32-->he4+si28 32S 1.5898e+07 2.2426e+09 7.0889e-03 7.0880e-03
gnu:   1.1443e-08 29 s32-->he4+si28 32S 1.5900e+07 2.2426e+09 7.0898e-03 7.0898e-03
gnu:   1.1465e-08 29 s32-->he4+si28 32S 1.5902e+07 2.2426e+09 7.0907e-03 7.0898e-03
gnu:   1.1487e-08 29 s32-->he4+si28 32S 1.5904e+07 2.2426e+09 7.0916e-03 7.0916e-03
gnu:   1.1508e-08 29 s32-->he4+si28 32S 1.5906e+07 2.2426e+09 7.0925e-03 7.0916e-03
gnu:   1.1529e-08 29 s32-->he4+si28 32S 1.5908e+07 2.2426e+09 7.0934e-03 7.0934e-03
gnu:   1.1550e-08 29 s32-->he4+si28 32S 1.5909e+07 2.2426e+09 7.0942e-03 7.0934e-03
gnu:   1.1571e-08 29 s32-->he4+si28 32S 1.5911e+07 2.2426e+09 7.0951e-03 7.0951e-03
gnu:   1.1592e-08 29 s32-->he4+si28 32S 1.5913e+07 2.2426e+09 7.0959e-03 7.0951e-03
gnu:   1.1612e-08 29 s32-->he4+si28 32S 1.5915e+07 2.2426e+09 7.0967e-03 7.0967e-03
gnu:   1.1632e-08 29 s32-->he4+si28 32S 1.5917e+07 2.2426e+09 7.0975e-03 7.0967e-03
gnu:   1.1652e-08 29 s32-->he4+si28 32S 1.5918e+07 2.2426e+09 7.0982e-03 7.0982e-03
gnu:   1.1672e-08 29 s32-->he4+si28 32S 1.5920e+07 2.2426e+09 7.0990e-03 7.0982e-03
gnu:   1.1692e-08 29 s32-->he4+si28 32S 1.5922e+07 2.2426e+09 7.0998e-03 7.0998e-03
gnu:   1.1711e-08 29 s32-->he4+si28 32S 1.5924e+07 2.2426e+09 7.1005e-03 7.0998e-03
gnu:   1.1731e-08 29 s32-->he4+si28 32S 1.5925e+07 2.2426e+09 7.1012e-03 7.1012e-03
gnu:   1.1749e-08 29 s32-->he4+si28 32S 1.5927e+07 2.2426e+09 7.1019e-03 7.1012e-03
gnu:   1.1768e-08 29 s32-->he4+si28 32S 1.5928e+07 2.2426e+09 7.1027e-03 7.1027e-03
gnu:   1.1787e-08 29 s32-->he4+si28 32S 1.5930e+07 2.2426e+09 7.1033e-03 7.1027e-03
gnu:   1.1805e-08 29 s32-->he4+si28 32S 1.5931e+07 2.2426e+09 7.1040e-03 7.1040e-03
gnu:   1.1824e-08 29 s32-->he4+si28 32S 1.5933e+07 2.2426e+09 7.1047e-03 7.1040e-03
gnu:   1.1842e-08 29 s32-->he4+si28 32S 1.5934e+07 2.2426e+09 7.1054e-03 7.1054e-03
gnu:   1.1867e-08 29 s32-->he4+si28 32S 1.5936e+07 2.2426e+09 7.1063e-03 7.1054e-03
gnu:   1.1893e-08 29 s32-->he4+si28 32S 1.5939e+07 2.2426e+09 7.1072e-03 7.1072e-03
gnu:   1.1918e-08 29 s32-->he4+si28 32S 1.5941e+07 2.2426e+09 7.1081e-03 7.1072e-03
gnu:   1.1943e-08 29 s32-->he4+si28 32S 1.5942e+07 2.2426e+09 7.1090e-03 7.1090e-03
gnu:   1.1967e-08 29 s32-->he4+si28 32S 1.5944e+07 2.2426e+09 7.1098e-03 7.1090e-03
gnu:   1.1991e-08 29 s32-->he4+si28 32S 1.5946e+07 2.2426e+09 7.1107e-03 7.1107e-03
gnu:   1.2015e-08 29 s32-->he4+si28 32S 1.5948e+07 2.2426e+09 7.1115e-03 7.1107e-03
gnu:   1.2039e-08 29 s32-->he4+si28 32S 1.5950e+07 2.2426e+09 7.1123e-03 7.1123e-03
gnu:   1.2063e-08 29 s32-->he4+si28 32S 1.5952e+07 2.2426e+09 7.1131e-03 7.1123e-03
gnu:   1.2086e-08 29 s32-->he4+si28 32S 1.5954e+07 2.2426e+09 7.1139e-03 7.1139e-03
gnu:   1.2109e-08 29 s32-->he4+si28 32S 1.5955e+07 2.2426e+09 7.1147e-03 7.1139e-03
gnu:   1.2132e-08 29 s32-->he4+si28 32S 1.5957e+07 2.2426e+09 7.1154e-03 7.1154e-03
gnu:   1.2155e-08 29 s32-->he4+si28 32S 1.5959e+07 2.2426e+09 7.1162e-03 7.1154e-03
gnu:   1.2177e-08 29 s32-->he4+si28 32S 1.5960e+07 2.2426e+09 7.1169e-03 7.1169e-03
gnu:   1.2199e-08 29 s32-->he4+si28 32S 1.5962e+07 2.2426e+09 7.1176e-03 7.1169e-03
gnu:   1.2221e-08 29 s32-->he4+si28 32S 1.5963e+07 2.2426e+09 7.1183e-03 7.1183e-03
gnu:   1.2243e-08 29 s32-->he4+si28 32S 1.5965e+07 2.2426e+09 7.1190e-03 7.1183e-03
gnu:   1.2265e-08 29 s32-->he4+si28 32S 1.5967e+07 2.2426e+09 7.1197e-03 7.1197e-03
gnu:   1.2286e-08 29 s32-->he4+si28 32S 1.5968e+07 2.2426e+09 7.1204e-03 7.1197e-03
gnu:   1.2307e-08 29 s32-->he4+si28 32S 1.5970e+07 2.2426e+09 7.1210e-03 7.1210e-03
gnu:   1.2328e-08 29 s32-->he4+si28 32S 1.5971e+07 2.2426e+09 7.1217e-03 7.1210e-03
gnu:   1.2349e-08 29 s32-->he4+si28 32S 1.5972e+07 2.2426e+09 7.1223e-03 7.1223e-03
gnu:   1.2369e-08 29 s32-->he4+si28 32S 1.5974e+07 2.2426e+09 7.1229e-03 7.1223e-03
gnu:   1.2389e-08 29 s32-->he4+si28 32S 1.5975e+07 2.2426e+09 7.1236e-03 7.1236e-03
gnu:   1.2409e-08 29 s32-->he4+si28 32S 1.5977e+07 2.2426e+09 7.1242e-03 7.1236e-03
gnu:   1.2429e-08 29 s32-->he4+si28 32S 1.5978e+07 2.2426e+09 7.1248e-03 7.1248e-03
gnu:   1.2449e-08 29 s32-->he4+si28 32S 1.5979e+07 2.2426e+09 7.1253e-03 7.1248e-03
gnu:   1.2468e-08 29 s32-->he4+si28 32S 1.5981e+07 2.2426e+09 7.1259e-03 7.1259e-03
gnu:   1.2488e-08 29 s32-->he4+si28 32S 1.5982e+07 2.2426e+09 7.1265e-03 7.1259e-03
gnu:   1.2507e-08 29 s32-->he4+si28 32S 1.5983e+07 2.2426e+09 7.1271e-03 7.1271e-03
gnu:   1.2526e-08 29 s32-->he4+si28 32S 1.5984e+07 2.2426e+09 7.1276e-03 7.1271e-03
gnu:   1.2544e-08 29 s32-->he4+si28 32S 1.5985e+07 2.2426e+09 7.1281e-03 7.1281e-03
gnu:   1.2563e-08 29 s32-->he4+si28 32S 1.5987e+07 2.2426e+09 7.1287e-03 7.1281e-03
gnu:   1.2581e-08 29 s32-->he4+si28 32S 1.5988e+07 2.2426e+09 7.1292e-03 7.1292e-03
gnu:   1.2607e-08 29 s32-->he4+si28 32S 1.5989e+07 2.2426e+09 7.1299e-03 7.1292e-03
gnu:   1.2633e-08 29 s32-->he4+si28 32S 1.5991e+07 2.2426e+09 7.1306e-03 7.1306e-03
gnu:   1.2658e-08 29 s32-->he4+si28 32S 1.5993e+07 2.2426e+09 7.1313e-03 7.1306e-03
gnu:   1.2683e-08 29 s32-->he4+si28 32S 1.5994e+07 2.2426e+09 7.1320e-03 7.1320e-03
gnu:   1.2708e-08 29 s32-->he4+si28 32S 1.5996e+07 2.2426e+09 7.1327e-03 7.1320e-03
gnu:   1.2733e-08 29 s32-->he4+si28 32S 1.5997e+07 2.2426e+09 7.1334e-03 7.1334e-03
gnu:   1.2757e-08 29 s32-->he4+si28 32S 1.5999e+07 2.2426e+09 7.1340e-03 7.1334e-03
gnu:   1.2781e-08 29 s32-->he4+si28 32S 1.6000e+07 2.2426e+09 7.1347e-03 7.1347e-03
gnu:   1.2805e-08 29 s32-->he4+si28 32S 1.6002e+07 2.2426e+09 7.1353e-03 7.1347e-03
gnu:   1.2829e-08 29 s32-->he4+si28 32S 1.6003e+07 2.2426e+09 7.1359e-03 7.1359e-03
gnu:   1.2852e-08 29 s32-->he4+si28 32S 1.6004e+07 2.2426e+09 7.1365e-03 7.1359e-03
gnu:   1.2876e-08 29 s32-->he4+si28 32S 1.6006e+07 2.2426e+09 7.1371e-03 7.1371e-03
gnu:   1.2898e-08 29 s32-->he4+si28 32S 1.6007e+07 2.2426e+09 7.1377e-03 7.1371e-03
gnu:   1.2921e-08 29 s32-->he4+si28 32S 1.6008e+07 2.2426e+09 7.1383e-03 7.1383e-03
gnu:   1.2944e-08 29 s32-->he4+si28 32S 1.6010e+07 2.2426e+09 7.1389e-03 7.1383e-03
gnu:   1.2966e-08 29 s32-->he4+si28 32S 1.6011e+07 2.2426e+09 7.1394e-03 7.1394e-03
gnu:   1.2988e-08 29 s32-->he4+si28 32S 1.6012e+07 2.2426e+09 7.1400e-03 7.1394e-03
gnu:   1.3010e-08 29 s32-->he4+si28 32S 1.6013e+07 2.2426e+09 7.1405e-03 7.1405e-03
gnu:   1.3031e-08 29 s32-->he4+si28 32S 1.6014e+07 2.2426e+09 7.1410e-03 7.1405e-03
gnu:   1.3053e-08 29 s32-->he4+si28 32S 1.6016e+07 2.2426e+09 7.1416e-03 7.1416e-03
gnu:   1.3074e-08 29 s32-->he4+si28 32S 1.6017e+07 2.2426e+09 7.1421e-03 7.1416e-03
gnu:   1.3095e-08 29 s32-->he4+si28 32S 1.6018e+07 2.2426e+09 7.1426e-03 7.1426e-03
gnu:   1.3116e-08 29 s32-->he4+si28 32S 1.6019e+07 2.2426e+09 7.1431e-03 7.1426e-03
gnu:   1.3136e-08 29 s32-->he4+si28 32S 1.6020e+07 2.2426e+09 7.1436e-03 7.1436e-03
gnu:   1.3156e-08 29 s32-->he4+si28 32S 1.6021e+07 2.2426e+09 7.1440e-03 7.1436e-03
gnu:   1.3177e-08 29 s32-->he4+si28 32S 1.6022e+07 2.2426e+09 7.1445e-03 7.1445e-03
gnu:   1.3196e-08 29 s32-->he4+si28 32S 1.6023e+07 2.2426e+09 7.1450e-03 7.1445e-03
gnu:   1.3216e-08 29 s32-->he4+si28 32S 1.6024e+07 2.2426e+09 7.1454e-03 7.1454e-03
gnu:   1.3236e-08 29 s32-->he4+si28 32S 1.6025e+07 2.2426e+09 7.1459e-03 7.1454e-03
gnu:   1.3255e-08 29 s32-->he4+si28 32S 1.6026e+07 2.2426e+09 7.1463e-03 7.1463e-03
gnu:   1.3274e-08 29 s32-->he4+si28 32S 1.6027e+07 2.2426e+09 7.1467e-03 7.1463e-03
gnu:   1.3293e-08 29 s32-->he4+si28 32S 1.6028e+07 2.2426e+09 7.1471e-03 7.1471e-03
gnu:   1.3312e-08 29 s32-->he4+si28 32S 1.6029e+07 2.2426e+09 7.1476e-03 7.1471e-03
gnu:   1.3331e-08 29 s32-->he4+si28 32S 1.6030e+07 2.2426e+09 7.1480e-03 7.1480e-03
gnu:   1.3349e-08 29 s32-->he4+si28 32S 1.6031e+07 2.2426e+09 7.1484e-03 7.1480e-03
gnu:   1.3367e-08 29 s32-->he4+si28 32S 1.6032e+07 2.2426e+09 7.1488e-03 7.1488e-03
gnu:   1.3393e-08 29 s32-->he4+si28 32S 1.6033e+07 2.2426e+09 7.1493e-03 7.1488e-03
gnu:   1.3418e-08 29 s32-->he4+si28 32S 1.6034e+07 2.2426e+09 7.1499e-03 7.1499e-03
gnu:   1.3443e-08 29 s32-->he4+si28 32S 1.6035e+07 2.2426e+09 7.1504e-03 7.1499e-03
gnu:   1.3469e-08 29 s32-->he4+si28 32S 1.6037e+07 2.2426e+09 7.1509e-03 7.1509e-03
gnu:   1.3493e-08 29 s32-->he4+si28 32S 1.6038e+07 2.2426e+09 7.1514e-03 7.1509e-03
gnu:   1.3518e-08 29 s32-->he4+si28 32S 1.6039e+07 2.2426e+09 7.1520e-03 7.1520e-03
gnu:   1.3542e-08 29 s32-->he4+si28 32S 1.6040e+07 2.2426e+09 7.1525e-03 7.1520e-03
gnu:   1.3566e-08 29 s32-->he4+si28 32S 1.6041e+07 2.2426e+09 7.1529e-03 7.1529e-03
gnu:   1.3589e-08 29 s32-->he4+si28 32S 1.6042e+07 2.2426e+09 7.1534e-03 7.1529e-03
gnu:   1.3613e-08 29 s32-->he4+si28 32S 1.6043e+07 2.2426e+09 7.1539e-03 7.1539e-03
gnu:   1.3636e-08 29 s32-->he4+si28 32S 1.6044e+07 2.2426e+09 7.1544e-03 7.1539e-03
gnu:   1.3659e-08 29 s32-->he4+si28 32S 1.6045e+07 2.2426e+09 7.1548e-03 7.1548e-03
gnu:   1.3682e-08 29 s32-->he4+si28 32S 1.6046e+07 2.2426e+09 7.1553e-03 7.1548e-03
gnu:   1.3705e-08 29 s32-->he4+si28 32S 1.6047e+07 2.2426e+09 7.1557e-03 7.1557e-03
gnu:   1.3727e-08 29 s32-->he4+si28 32S 1.6048e+07 2.2426e+09 7.1561e-03 7.1557e-03
gnu:   1.3749e-08 29 s32-->he4+si28 32S 1.6049e+07 2.2426e+09 7.1565e-03 7.1565e-03
gnu:   1.3771e-08 29 s32-->he4+si28 32S 1.6050e+07 2.2426e+09 7.1570e-03 7.1565e-03
gnu:   1.3793e-08 29 s32-->he4+si28 32S 1.6051e+07 2.2426e+09 7.1574e-03 7.1574e-03
gnu:   1.3814e-08 29 s32-->he4+si28 32S 1.6052e+07 2.2426e+09 7.1578e-03 7.1574e-03
gnu:   1.3835e-08 29 s32-->he4+si28 32S 1.6053e+07 2.2426e+09 7.1582e-03 7.1582e-03
gnu:   1.3856e-08 29 s32-->he4+si28 32S 1.6054e+07 2.2426e+09 7.1585e-03 7.1582e-03
gnu:   1.3877e-08 29 s32-->he4+si28 32S 1.6055e+07 2.2426e+09 7.1589e-03 7.1589e-03
gnu:   1.3898e-08 29 s32-->he4+si28 32S 1.6055e+07 2.2426e+09 7.1593e-03 7.1589e-03
gnu:   1.3918e-08 29 s32-->he4+si28 32S 1.6056e+07 2.2426e+09 7.1597e-03 7.1597e-03
gnu:   1.3938e-08 29 s32-->he4+si28 32S 1.6057e+07 2.2426e+09 7.1600e-03 7.1597e-03
gnu:   1.3958e-08 29 s32-->he4+si28 32S 1.6058e+07 2.2426e+09 7.1604e-03 7.1604e-03
gnu:   1.3978e-08 29 s32-->he4+si28 32S 1.6059e+07 2.2426e+09 7.1607e-03 7.1604e-03
gnu:   1.3998e-08 29 s32-->he4+si28 32S 1.6059e+07 2.2426e+09 7.1611e-03 7.1611e-03
gnu:   1.4017e-08 29 s32-->he4+si28 32S 1.6060e+07 2.2426e+09 7.1614e-03 7.1611e-03
gnu:   1.4036e-08 29 s32-->he4+si28 32S 1.6061e+07 2.2426e+09 7.1617e-03 7.1617e-03
gnu:   1.4055e-08 29 s32-->he4+si28 32S 1.6062e+07 2.2426e+09 7.1621e-03 7.1617e-03
gnu:   1.4074e-08 29 s32-->he4+si28 32S 1.6062e+07 2.2426e+09 7.1624e-03 7.1624e-03
gnu:   1.4093e-08 29 s32-->he4+si28 32S 1.6063e+07 2.2426e+09 7.1627e-03 7.1624e-03
gnu:   1.4111e-08 29 s32-->he4+si28 32S 1.6064e+07 2.2426e+09 7.1630e-03 7.1630e-03
gnu:   1.4129e-08 29 s32-->he4+si28 32S 1.6064e+07 2.2426e+09 7.1633e-03 7.1630e-03
gnu:   1.4148e-08 29 s32-->he4+si28 32S 1.6065e+07 2.2426e+09 7.1636e-03 7.1636e-03
gnu:   1.4173e-08 29 s32-->he4+si28 32S 1.6066e+07 2.2426e+09 7.1640e-03 7.1636e-03
gnu:   1.4198e-08 29 s32-->he4+si28 32S 1.6067e+07 2.2426e+09 7.1644e-03 7.1644e-03
gnu:   1.4223e-08 29 s32-->he4+si28 32S 1.6068e+07 2.2426e+09 7.1648e-03 7.1644e-03
gnu:   1.4248e-08 29 s32-->he4+si28 32S 1.6069e+07 2.2426e+09 7.1652e-03 7.1652e-03
gnu:   1.4273e-08 29 s32-->he4+si28 32S 1.6070e+07 2.2426e+09 7.1656e-03 7.1652e-03
gnu:   1.4297e-08 29 s32-->he4+si28 32S 1.6070e+07 2.2426e+09 7.1660e-03 7.1660e-03
gnu:   1.4321e-08 29 s32-->he4+si28 32S 1.6071e+07 2.2426e+09 7.1664e-03 7.1660e-03
gnu:   1.4345e-08 29 s32-->he4+si28 32S 1.6072e+07 2.2426e+09 7.1668e-03 7.1668e-03
gnu:   1.4368e-08 29 s32-->he4+si28 32S 1.6073e+07 2.2426e+09 7.1671e-03 7.1668e-03
gnu:   1.4392e-08 29 s32-->he4+si28 32S 1.6074e+07 2.2426e+09 7.1675e-03 7.1675e-03
gnu:   1.4415e-08 29 s32-->he4+si28 32S 1.6074e+07 2.2426e+09 7.1678e-03 7.1675e-03
gnu:   1.4438e-08 29 s32-->he4+si28 32S 1.6075e+07 2.2426e+09 7.1682e-03 7.1682e-03
gnu:   1.4460e-08 29 s32-->he4+si28 32S 1.6076e+07 2.2426e+09 7.1685e-03 7.1682e-03
gnu:   1.4483e-08 29 s32-->he4+si28 32S 1.6077e+07 2.2426e+09 7.1688e-03 7.1688e-03
gnu:   1.4505e-08 29 s32-->he4+si28 32S 1.6077e+07 2.2426e+09 7.1692e-03 7.1688e-03
gnu:   1.4527e-08 29 s32-->he4+si28 32S 1.6078e+07 2.2426e+09 7.1695e-03 7.1695e-03
gnu:   1.4549e-08 29 s32-->he4+si28 32S 1.6079e+07 2.2426e+09 7.1698e-03 7.1695e-03
gnu:   1.4570e-08 29 s32-->he4+si28 32S 1.6080e+07 2.2426e+09 7.1701e-03 7.1701e-03
gnu:   1.4591e-08 29 s32-->he4+si28 32S 1.6080e+07 2.2426e+09 7.1704e-03 7.1701e-03
gnu:   1.4613e-08 29 s32-->he4+si28 32S 1.6081e+07 2.2426e+09 7.1707e-03 7.1707e-03
gnu:   1.4633e-08 29 s32-->he4+si28 32S 1.6082e+07 2.2426e+09 7.1710e-03 7.1707e-03
gnu:   1.4654e-08 29 s32-->he4+si28 32S 1.6082e+07 2.2426e+09 7.1713e-03 7.1713e-03
gnu:   1.4674e-08 29 s32-->he4+si28 32S 1.6083e+07 2.2426e+09 7.1716e-03 7.1713e-03
gnu:   1.4695e-08 29 s32-->he4+si28 32S 1.6083e+07 2.2426e+09 7.1718e-03 7.1718e-03
gnu:   1.4715e-08 29 s32-->he4+si28 32S 1.6084e+07 2.2426e+09 7.1721e-03 7.1718e-03
gnu:   1.4735e-08 29 s32-->he4+si28 32S 1.6085e+07 2.2426e+09 7.1724e-03 7.1724e-03
gnu:   1.4754e-08 29 s32-->he4+si28 32S 1.6085e+07 2.2426e+09 7.1726e-03 7.1724e-03
gnu:   1.4774e-08 29 s32-->he4+si28 32S 1.6086e+07 2.2426e+09 7.1729e-03 7.1729e-03
gnu:   1.4793e-08 29 s32-->he4+si28 32S 1.6086e+07 2.2426e+09 7.1731e-03 7.1729e-03
gnu:   1.4812e-08 29 s32-->he4+si28 32S 1.6087e+07 2.2426e+09 7.1734e-03 7.1734e-03
gnu:   1.4831e-08 29 s32-->he4+si28 32S 1.6088e+07 2.2426e+09 7.1736e-03 7.1734e-03
gnu:   1.4850e-08 29 s32-->he4+si28 32S 1.6088e+07 2.2426e+09 7.1739e-03 7.1739e-03
gnu:   1.4868e-08 29 s32-->he4+si28 32S 1.6089e+07 2.2426e+09 7.1741e-03 7.1739e-03
gnu:   1.4887e-08 29 s32-->he4+si28 32S 1.6089e+07 2.2426e+09 7.1743e-03 7.1743e-03
gnu:   1.4912e-08 29 s32-->he4+si28 32S 1.6090e+07 2.2426e+09 7.1747e-03 7.1743e-03
gnu:   1.4938e-08 29 s32-->he4+si28 32S 1.6091e+07 2.2426e+09 7.1750e-03 7.1750e-03
gnu:   1.4963e-08 29 s32-->he4+si28 32S 1.6091e+07 2.2426e+09 7.1753e-03 7.1750e-03
gnu:   1.4989e-08 29 s32-->he4+si28 32S 1.6092e+07 2.2426e+09 7.1756e-03 7.1756e-03
gnu:   1.5013e-08 29 s32-->he4+si28 32S 1.6093e+07 2.2426e+09 7.1759e-03 7.1756e-03
gnu:   1.5038e-08 29 s32-->he4+si28 32S 1.6093e+07 2.2426e+09 7.1762e-03 7.1762e-03
gnu:   1.5062e-08 29 s32-->he4+si28 32S 1.6094e+07 2.2426e+09 7.1765e-03 7.1762e-03
gnu:   1.5086e-08 29 s32-->he4+si28 32S 1.6095e+07 2.2426e+09 7.1768e-03 7.1768e-03
gnu:   1.5110e-08 29 s32-->he4+si28 32S 1.6095e+07 2.2426e+09 7.1771e-03 7.1768e-03
gnu:   1.5134e-08 29 s32-->he4+si28 32S 1.6096e+07 2.2426e+09 7.1773e-03 7.1773e-03
gnu:   1.5157e-08 29 s32-->he4+si28 32S 1.6096e+07 2.2426e+09 7.1776e-03 7.1773e-03
gnu:   1.5181e-08 29 s32-->he4+si28 32S 1.6097e+07 2.2426e+09 7.1779e-03 7.1779e-03
gnu:   1.5203e-08 29 s32-->he4+si28 32S 1.6098e+07 2.2426e+09 7.1781e-03 7.1779e-03
gnu:   1.5226e-08 29 s32-->he4+si28 32S 1.6098e+07 2.2426e+09 7.1784e-03 7.1784e-03
gnu:   1.5249e-08 29 s32-->he4+si28 32S 1.6099e+07 2.2426e+09 7.1786e-03 7.1784e-03
gnu:   1.5271e-08 29 s32-->he4+si28 32S 1.6099e+07 2.2426e+09 7.1789e-03 7.1789e-03
gnu:   1.5293e-08 29 s32-->he4+si28 32S 1.6100e+07 2.2426e+09 7.1791e-03 7.1789e-03
gnu:   1.5315e-08 29 s32-->he4+si28 32S 1.6100e+07 2.2426e+09 7.1794e-03 7.1794e-03
gnu:   1.5336e-08 29 s32-->he4+si28 32S 1.6101e+07 2.2426e+09 7.1796e-03 7.1794e-03
gnu:   1.5358e-08 29 s32-->he4+si28 32S 1.6101e+07 2.2426e+09 7.1798e-03 7.1798e-03
gnu:   1.5379e-08 29 s32-->he4+si28 32S 1.6102e+07 2.2426e+09 7.1800e-03 7.1798e-03
gnu:   1.5400e-08 29 s32-->he4+si28 32S 1.6102e+07 2.2426e+09 7.1803e-03 7.1803e-03
gnu:   1.5420e-08 29 s32-->he4+si28 32S 1.6103e+07 2.2426e+09 7.1805e-03 7.1803e-03
gnu:   1.5441e-08 29 s32-->he4+si28 32S 1.6103e+07 2.2426e+09 7.1807e-03 7.1807e-03
gnu:   1.5461e-08 29 s32-->he4+si28 32S 1.6104e+07 2.2426e+09 7.1809e-03 7.1807e-03
gnu:   1.5481e-08 29 s32-->he4+si28 32S 1.6104e+07 2.2426e+09 7.1811e-03 7.1811e-03
gnu:   1.5501e-08 29 s32-->he4+si28 32S 1.6105e+07 2.2426e+09 7.1813e-03 7.1811e-03
gnu:   1.5521e-08 29 s32-->he4+si28 32S 1.6105e+07 2.2426e+09 7.1815e-03 7.1815e-03
gnu:   1.5541e-08 29 s32-->he4+si28 32S 1.6106e+07 2.2426e+09 7.1817e-03 7.1815e-03
gnu:   1.5560e-08 29 s32-->he4+si28 32S 1.6106e+07 2.2426e+09 7.1819e-03 7.1819e-03
gnu:   1.5579e-08 29 s32-->he4+si28 32S 1.6106e+07 2.2426e+09 7.1821e-03 7.1819e-03
gnu:   1.5598e-08 29 s32-->he4+si28 32S 1.6107e+07 2.2426e+09 7.1822e-03 7.1822e-03
gnu:   1.5617e-08 29 s32-->he4+si28 32S 1.6107e+07 2.2426e+09 7.1824e-03 7.1822e-03
gnu:   1.5635e-08 29 s32-->he4+si28 32S 1.6108e+07 2.2426e+09 7.1826e-03 7.1826e-03
gnu:   1.5654e-08 29 s32-->he4+si28 32S 1.6108e+07 2.2426e+09 7.1828e-03 7.1826e-03
gnu:   1.5672e-08 29 s32-->he4+si28 32S 1.6108e+07 2.2426e+09 7.1829e-03 7.1829e-03
gnu:   1.5697e-08 29 s32-->he4+si28 32S 1.6109e+07 2.2426e+09 7.1832e-03 7.1829e-03
gnu:   1.5723e-08 29 s32-->he4+si28 32S 1.6109e+07 2.2426e+09 7.1834e-03 7.1834e-03
gnu:   1.5748e-08 29 s32-->he4+si28 32S 1.6110e+07 2.2426e+09 7.1837e-03 7.1834e-03
gnu:   1.5773e-08 29 s32-->he4+si28 32S 1.6111e+07 2.2426e+09 7.1839e-03 7.1839e-03
gnu:   1.5798e-08 29 s32-->he4+si28 32S 1.6111e+07 2.2426e+09 7.1841e-03 7.1839e-03
gnu:   1.5822e-08 29 s32-->he4+si28 32S 1.6111e+07 2.2426e+09 7.1843e-03 7.1843e-03
gnu:   1.5846e-08 29 s32-->he4+si28 32S 1.6112e+07 2.2426e+09 7.1845e-03 7.1843e-03
gnu:   1.5870e-08 29 s32-->he4+si28 32S 1.6112e+07 2.2426e+09 7.1847e-03 7.1847e-03
gnu:   1.5894e-08 29 s32-->he4+si28 32S 1.6113e+07 2.2426e+09 7.1850e-03 7.1847e-03
gnu:   1.5918e-08 29 s32-->he4+si28 32S 1.6113e+07 2.2426e+09 7.1852e-03 7.1852e-03
gnu:   1.5941e-08 29 s32-->he4+si28 32S 1.6114e+07 2.2426e+09 7.1854e-03 7.1852e-03
gnu:   1.5964e-08 29 s32-->he4+si28 32S 1.6114e+07 2.2426e+09 7.1855e-03 7.1855e-03
gnu:   1.5987e-08 29 s32-->he4+si28 32S 1.6115e+07 2.2426e+09 7.1857e-03 7.1855e-03
gnu:   1.6009e-08 29 s32-->he4+si28 32S 1.6115e+07 2.2426e+09 7.1859e-03 7.1859e-03
gnu:   1.6031e-08 29 s32-->he4+si28 32S 1.6115e+07 2.2426e+09 7.1861e-03 7.1859e-03
gnu:   1.6054e-08 29 s32-->he4+si28 32S 1.6116e+07 2.2426e+09 7.1863e-03 7.1863e-03
gnu:   1.6075e-08 29 s32-->he4+si28 32S 1.6116e+07 2.2426e+09 7.1865e-03 7.1863e-03
gnu:   1.6097e-08 29 s32-->he4+si28 32S 1.6117e+07 2.2426e+09 7.1866e-03 7.1866e-03
gnu:   1.6118e-08 29 s32-->he4+si28 32S 1.6117e+07 2.2426e+09 7.1868e-03 7.1866e-03
gnu:   1.6140e-08 29 s32-->he4+si28 32S 1.6117e+07 2.2426e+09 7.1870e-03 7.1870e-03
gnu:   1.6161e-08 29 s32-->he4+si28 32S 1.6118e+07 2.2426e+09 7.1871e-03 7.1870e-03
gnu:   1.6182e-08 29 s32-->he4+si28 32S 1.6118e+07 2.2426e+09 7.1873e-03 7.1873e-03
gnu:   1.6202e-08 29 s32-->he4+si28 32S 1.6119e+07 2.2426e+09 7.1875e-03 7.1873e-03
gnu:   1.6223e-08 29 s32-->he4+si28 32S 1.6119e+07 2.2426e+09 7.1876e-03 7.1876e-03
gnu:   1.6243e-08 29 s32-->he4+si28 32S 1.6119e+07 2.2426e+09 7.1878e-03 7.1876e-03
gnu:   1.6263e-08 29 s32-->he4+si28 32S 1.6120e+07 2.2426e+09 7.1879e-03 7.1879e-03
gnu:   1.6282e-08 29 s32-->he4+si28 32S 1.6120e+07 2.2426e+09 7.1881e-03 7.1879e-03
gnu:   1.6302e-08 29 s32-->he4+si28 32S 1.6120e+07 2.2426e+09 7.1882e-03 7.1882e-03
gnu:   1.6321e-08 29 s32-->he4+si28 32S 1.6120e+07 2.2426e+09 7.1883e-03 7.1882e-03
gnu:   1.6341e-08 29 s32-->he4+si28 32S 1.6121e+07 2.2426e+09 7.1885e-03 7.1885e-03
gnu:   1.6359e-08 29 s32-->he4+si28 32S 1.6121e+07 2.2426e+09 7.1886e-03 7.1885e-03
gnu:   1.6378e-08 29 s32-->he4+si28 32S 1.6121e+07 2.2426e+09 7.1887e-03 7.1887e-03
gnu:   1.6397e-08 29 s32-->he4+si28 32S 1.6122e+07 2.2426e+09 7.1889e-03 7.1887e-03
gnu:   1.6415e-08 29 s32-->he4+si28 32S 1.6122e+07 2.2426e+09 7.1890e-03 7.1890e-03
gnu:   1.6434e-08 29 s32-->he4+si28 32S 1.6122e+07 2.2426e+09 7.1891e-03 7.1890e-03
gnu:   1.6452e-08 29 s32-->he4+si28 32S 1.6123e+07 2.2426e+09 7.1893e-03 7.1893e-03
gnu:   1.6477e-08 29 s32-->he4+si28 32S 1.6123e+07 2.2426e+09 7.1894e-03 7.1893e-03
gnu:   1.6503e-08 29 s32-->he4+si28 32S 1.6123e+07 2.2426e+09 7.1896e-03 7.1896e-03
gnu:   1.6527e-08 29 s32-->he4+si28 32S 1.6124e+07 2.2426e+09 7.1898e-03 7.1896e-03
gnu:   1.6552e-08 29 s32-->he4+si28 32S 1.6124e+07 2.2426e+09 7.1899e-03 7.1899e-03
gnu:   1.6577e-08 29 s32-->he4+si28 32S 1.6124e+07 2.2426e+09 7.1901e-03 7.1899e-03
gnu:   1.6601e-08 29 s32-->he4+si28 32S 1.6125e+07 2.2426e+09 7.1903e-03 7.1903e-03
gnu:   1.6625e-08 29 s32-->he4+si28 32S 1.6125e+07 2.2426e+09 7.1904e-03 7.1903e-03
gnu:   1.6649e-08 29 s32-->he4+si28 32S 1.6125e+07 2.2426e+09 7.1906e-03 7.1906e-03
gnu:   1.6672e-08 29 s32-->he4+si28 32S 1.6126e+07 2.2426e+09 7.1907e-03 7.1906e-03
gnu:   1.6696e-08 29 s32-->he4+si28 32S 1.6126e+07 2.2426e+09 7.1909e-03 7.1909e-03
gnu:   1.6719e-08 29 s32-->he4+si28 32S 1.6126e+07 2.2426e+09 7.1910e-03 7.1909e-03
gnu:   1.6742e-08 29 s32-->he4+si28 32S 1.6127e+07 2.2426e+09 7.1911e-03 7.1911e-03
gnu:   1.6764e-08 29 s32-->he4+si28 32S 1.6127e+07 2.2426e+09 7.1913e-03 7.1911e-03
gnu:   1.6787e-08 29 s32-->he4+si28 32S 1.6127e+07 2.2426e+09 7.1914e-03 7.1914e-03
gnu:   1.6809e-08 29 s32-->he4+si28 32S 1.6128e+07 2.2426e+09 7.1915e-03 7.1914e-03
gnu:   1.6831e-08 29 s32-->he4+si28 32S 1.6128e+07 2.2426e+09 7.1917e-03 7.1917e-03
gnu:   1.6852e-08 29 s32-->he4+si28 32S 1.6128e+07 2.2426e+09 7.1918e-03 7.1917e-03
gnu:   1.6874e-08 29 s32-->he4+si28 32S 1.6129e+07 2.2426e+09 7.1919e-03 7.1919e-03
gnu:   1.6895e-08 29 s32-->he4+si28 32S 1.6129e+07 2.2426e+09 7.1920e-03 7.1919e-03
gnu:   1.6916e-08 29 s32-->he4+si28 32S 1.6129e+07 2.2426e+09 7.1922e-03 7.1922e-03
gnu:   1.6937e-08 29 s32-->he4+si28 32S 1.6129e+07 2.2426e+09 7.1923e-03 7.1922e-03
gnu:   1.6958e-08 29 s32-->he4+si28 32S 1.6130e+07 2.2426e+09 7.1924e-03 7.1924e-03
gnu:   1.6978e-08 29 s32-->he4+si28 32S 1.6130e+07 2.2426e+09 7.1925e-03 7.1924e-03
gnu:   1.6999e-08 29 s32-->he4+si28 32S 1.6130e+07 2.2426e+09 7.1926e-03 7.1926e-03
gnu:   1.7019e-08 29 s32-->he4+si28 32S 1.6130e+07 2.2426e+09 7.1927e-03 7.1926e-03
gnu:   1.7038e-08 29 s32-->he4+si28 32S 1.6131e+07 2.2426e+09 7.1928e-03 7.1928e-03
gnu:   1.7058e-08 29 s32-->he4+si28 32S 1.6131e+07 2.2426e+09 7.1929e-03 7.1928e-03
gnu:   1.7078e-08 29 s32-->he4+si28 32S 1.6131e+07 2.2426e+09 7.1930e-03 7.1930e-03
gnu:   1.7097e-08 29 s32-->he4+si28 32S 1.6131e+07 2.2426e+09 7.1931e-03 7.1930e-03
gnu:   1.7116e-08 29 s32-->he4+si28 32S 1.6131e+07 2.2426e+09 7.1932e-03 7.1932e-03
gnu:   1.7135e-08 29 s32-->he4+si28 32S 1.6132e+07 2.2426e+09 7.1933e-03 7.1932e-03
gnu:   1.7153e-08 29 s32-->he4+si28 32S 1.6132e+07 2.2426e+09 7.1934e-03 7.1934e-03
gnu:   1.7172e-08 29 s32-->he4+si28 32S 1.6132e+07 2.2426e+09 7.1935e-03 7.1934e-03
gnu:   1.7190e-08 29 s32-->he4+si28 32S 1.6132e+07 2.2426e+09 7.1936e-03 7.1936e-03
gnu:   1.7216e-08 29 s32-->he4+si28 32S 1.6133e+07 2.2426e+09 7.1937e-03 7.1936e-03
gnu:   1.7242e-08 29 s32-->he4+si28 32S 1.6133e+07 2.2426e+09 7.1939e-03 7.1939e-03
gnu:   1.7267e-08 29 s32-->he4+si28 32S 1.6133e+07 2.2426e+09 7.1940e-03 7.1939e-03
gnu:   1.7292e-08 29 s32-->he4+si28 32S 1.6133e+07 2.2426e+09 7.1941e-03 7.1941e-03
gnu:   1.7317e-08 29 s32-->he4+si28 32S 1.6134e+07 2.2426e+09 7.1942e-03 7.1941e-03
gnu:   1.7341e-08 29 s32-->he4+si28 32S 1.6134e+07 2.2426e+09 7.1943e-03 7.1943e-03
gnu:   1.7366e-08 29 s32-->he4+si28 32S 1.6134e+07 2.2426e+09 7.1945e-03 7.1943e-03
gnu:   1.7390e-08 29 s32-->he4+si28 32S 1.6134e+07 2.2426e+09 7.1946e-03 7.1946e-03
gnu:   1.7414e-08 29 s32-->he4+si28 32S 1.6135e+07 2.2426e+09 7.1947e-03 7.1946e-03
gnu:   1.7437e-08 29 s32-->he4+si28 32S 1.6135e+07 2.2426e+09 7.1948e-03 7.1948e-03
gnu:   1.7461e-08 29 s32-->he4+si28 32S 1.6135e+07 2.2426e+09 7.1949e-03 7.1948e-03
gnu:   1.7484e-08 29 s32-->he4+si28 32S 1.6135e+07 2.2426e+09 7.1950e-03 7.1950e-03
gnu:   1.7530e-08 29 s32-->he4+si28 32S 1.6136e+07 2.2426e+09 7.1952e-03 7.1950e-03
gnu:   1.7577e-08 29 s32-->he4+si28 32S 1.6136e+07 2.2426e+09 7.1954e-03 7.1954e-03
gnu:   1.7642e-08 29 s32-->he4+si28 32S 1.6137e+07 2.2426e+09 7.1957e-03 7.1954e-03
gnu:   1.7707e-08 29 s32-->he4+si28 32S 1.6137e+07 2.2426e+09 7.1959e-03 7.1959e-03
gnu:   1.7729e-08 29 s32-->he4+si28 32S 1.6138e+07 2.2426e+09 7.1960e-03 7.1959e-03
gnu:   1.7751e-08 29 s32-->he4+si28 32S 1.6138e+07 2.2426e+09 7.1961e-03 7.1961e-03
gnu:   1.7773e-08 29 s32-->he4+si28 32S 1.6138e+07 2.2426e+09 7.1962e-03 7.1961e-03
gnu:   1.7794e-08 29 s32-->he4+si28 32S 1.6138e+07 2.2426e+09 7.1962e-03 7.1962e-03
gnu:   1.7815e-08 29 s32-->he4+si28 32S 1.6138e+07 2.2426e+09 7.1963e-03 7.1962e-03
gnu:   1.7836e-08 29 s32-->he4+si28 32S 1.6139e+07 2.2426e+09 7.1964e-03 7.1964e-03
gnu:   1.7878e-08 29 s32-->he4+si28 32S 1.6139e+07 2.2426e+09 7.1966e-03 7.1964e-03
gnu:   1.7920e-08 29 s32-->he4+si28 32S 1.6139e+07 2.2426e+09 7.1967e-03 7.1967e-03
gnu:   1.7979e-08 29 s32-->he4+si28 32S 1.6140e+07 2.2426e+09 7.1969e-03 7.1967e-03
gnu:   1.8038e-08 29 s32-->he4+si28 32S 1.6140e+07 2.2426e+09 7.1971e-03 7.1971e-03
gnu:   1.8058e-08 29 s32-->he4+si28 32S 1.6140e+07 2.2426e+09 7.1972e-03 7.1971e-03
gnu:   1.8078e-08 29 s32-->he4+si28 32S 1.6140e+07 2.2426e+09 7.1972e-03 7.1972e-03
gnu:   1.8097e-08 29 s32-->he4+si28 32S 1.6141e+07 2.2426e+09 7.1973e-03 7.1972e-03
gnu:   1.8116e-08 29 s32-->he4+si28 32S 1.6141e+07 2.2426e+09 7.1974e-03 7.1974e-03
gnu:   1.8135e-08 29 s32-->he4+si28 32S 1.6141e+07 2.2426e+09 7.1974e-03 7.1974e-03
gnu:   1.8154e-08 29 s32-->he4+si28 32S 1.6141e+07 2.2426e+09 7.1975e-03 7.1975e-03
gnu:   1.8173e-08 29 s32-->he4+si28 32S 1.6141e+07 2.2426e+09 7.1976e-03 7.1975e-03
gnu:   1.8192e-08 29 s32-->he4+si28 32S 1.6141e+07 2.2426e+09 7.1976e-03 7.1976e-03
gnu:   1.8210e-08 29 s32-->he4+si28 32S 1.6141e+07 2.2426e+09 7.1977e-03 7.1976e-03
gnu:   1.8228e-08 29 s32-->he4+si28 32S 1.6142e+07 2.2426e+09 7.1977e-03 7.1977e-03
gnu:   1.8254e-08 29 s32-->he4+si28 32S 1.6142e+07 2.2426e+09 7.1978e-03 7.1977e-03
gnu:   1.8279e-08 29 s32-->he4+si28 32S 1.6142e+07 2.2426e+09 7.1979e-03 7.1979e-03
gnu:   1.8330e-08 29 s32-->he4+si28 32S 1.6142e+07 2.2426e+09 7.1980e-03 7.1979e-03
gnu:   1.8382e-08 29 s32-->he4+si28 32S 1.6143e+07 2.2426e+09 7.1982e-03 7.1982e-03
gnu:   1.8406e-08 29 s32-->he4+si28 32S 1.6143e+07 2.2426e+09 7.1982e-03 7.1982e-03
gnu:   1.8431e-08 29 s32-->he4+si28 32S 1.6143e+07 2.2426e+09 7.1983e-03 7.1983e-03
gnu:   1.8455e-08 29 s32-->he4+si28 32S 1.6143e+07 2.2426e+09 7.1984e-03 7.1983e-03
gnu:   1.8479e-08 29 s32-->he4+si28 32S 1.6143e+07 2.2426e+09 7.1984e-03 7.1984e-03
gnu:   1.8527e-08 29 s32-->he4+si28 32S 1.6143e+07 2.2426e+09 7.1986e-03 7.1984e-03
gnu:   1.8575e-08 29 s32-->he4+si28 32S 1.6144e+07 2.2426e+09 7.1987e-03 7.1987e-03
gnu:   1.8598e-08 29 s32-->he4+si28 32S 1.6144e+07 2.2426e+09 7.1987e-03 7.1987e-03
gnu:   1.8621e-08 29 s32-->he4+si28 32S 1.6144e+07 2.2426e+09 7.1988e-03 7.1988e-03
gnu:   1.8644e-08 29 s32-->he4+si28 32S 1.6144e+07 2.2426e+09 7.1988e-03 7.1988e-03
gnu:   1.8667e-08 29 s32-->he4+si28 32S 1.6144e+07 2.2426e+09 7.1989e-03 7.1989e-03
gnu:   1.8689e-08 29 s32-->he4+si28 32S 1.6144e+07 2.2426e+09 7.1989e-03 7.1989e-03
gnu:   1.8711e-08 29 s32-->he4+si28 32S 1.6144e+07 2.2426e+09 7.1990e-03 7.1990e-03
gnu:   1.8755e-08 29 s32-->he4+si28 32S 1.6145e+07 2.2426e+09 7.1991e-03 7.1990e-03
gnu:   1.8800e-08 29 s32-->he4+si28 32S 1.6145e+07 2.2426e+09 7.1992e-03 7.1992e-03
gnu:   1.8821e-08 29 s32-->he4+si28 32S 1.6145e+07 2.2426e+09 7.1992e-03 7.1992e-03
gnu:   1.8842e-08 29 s32-->he4+si28 32S 1.6145e+07 2.2426e+09 7.1993e-03 7.1993e-03
gnu:   1.8863e-08 29 s32-->he4+si28 32S 1.6145e+07 2.2426e+09 7.1993e-03 7.1993e-03
gnu:   1.8884e-08 29 s32-->he4+si28 32S 1.6145e+07 2.2426e+09 7.1994e-03 7.1994e-03
gnu:   1.8905e-08 29 s32-->he4+si28 32S 1.6145e+07 2.2426e+09 7.1994e-03 7.1994e-03
gnu:   1.8925e-08 29 s32-->he4+si28 32S 1.6145e+07 2.2426e+09 7.1995e-03 7.1995e-03
gnu:   1.8966e-08 29 s32-->he4+si28 32S 1.6146e+07 2.2426e+09 7.1995e-03 7.1995e-03
gnu:   1.9007e-08 29 s32-->he4+si28 32S 1.6146e+07 2.2426e+09 7.1996e-03 7.1996e-03
gnu:   1.9027e-08 29 s32-->he4+si28 32S 1.6146e+07 2.2426e+09 7.1996e-03 7.1996e-03
gnu:   1.9046e-08 29 s32-->he4+si28 32S 1.6146e+07 2.2426e+09 7.1997e-03 7.1997e-03
gnu:   1.9066e-08 29 s32-->he4+si28 32S 1.6146e+07 2.2426e+09 7.1997e-03 7.1997e-03
gnu:   1.9085e-08 29 s32-->he4+si28 32S 1.6146e+07 2.2426e+09 7.1998e-03 7.1998e-03
gnu:   1.9104e-08 29 s32-->he4+si28 32S 1.6146e+07 2.2426e+09 7.1998e-03 7.1998e-03
gnu:   1.9123e-08 29 s32-->he4+si28 32S 1.6146e+07 2.2426e+09 7.1998e-03 7.1998e-03
gnu:   1.9141e-08 29 s32-->he4+si28 32S 1.6146e+07 2.2426e+09 7.1999e-03 7.1998e-03
gnu:   1.9160e-08 29 s32-->he4+si28 32S 1.6146e+07 2.2426e+09 7.1999e-03 7.1999e-03
gnu:   1.9178e-08 29 s32-->he4+si28 32S 1.6146e+07 2.2426e+09 7.1999e-03 7.1999e-03
gnu:   1.9196e-08 29 s32-->he4+si28 32S 1.6147e+07 2.2426e+09 7.1999e-03 7.1999e-03
gnu:   1.9221e-08 29 s32-->he4+si28 32S 1.6147e+07 2.2426e+09 7.2000e-03 7.1999e-03
gnu:   1.9247e-08 29 s32-->he4+si28 32S 1.6147e+07 2.2426e+09 7.2000e-03 7.2000e-03
gnu:   1.9271e-08 29 s32-->he4+si28 32S 1.6147e+07 2.2426e+09 7.2001e-03 7.2000e-03
gnu:   1.9296e-08 29 s32-->he4+si28 32S 1.6147e+07 2.2426e+09 7.2001e-03 7.2001e-03
gnu:   1.9321e-08 29 s32-->he4+si28 32S 1.6147e+07 2.2426e+09 7.2001e-03 7.2001e-03
gnu:   1.9345e-08 29 s32-->he4+si28 32S 1.6147e+07 2.2426e+09 7.2002e-03 7.2002e-03
gnu:   1.9369e-08 29 s32-->he4+si28 32S 1.6147e+07 2.2426e+09 7.2002e-03 7.2002e-03
gnu:   1.9393e-08 29 s32-->he4+si28 32S 1.6147e+07 2.2426e+09 7.2002e-03 7.2002e-03
gnu:   1.9416e-08 29 s32-->he4+si28 32S 1.6147e+07 2.2426e+09 7.2003e-03 7.2002e-03
gnu:   1.9440e-08 29 s32-->he4+si28 32S 1.6147e+07 2.2426e+09 7.2003e-03 7.2003e-03
gnu:   1.9463e-08 29 s32-->he4+si28 32S 1.6147e+07 2.2426e+09 7.2003e-03 7.2003e-03
gnu:   1.9486e-08 29 s32-->he4+si28 32S 1.6147e+07 2.2426e+09 7.2004e-03 7.2004e-03
gnu:   1.9508e-08 29 s32-->he4+si28 32S 1.6148e+07 2.2426e+09 7.2004e-03 7.2004e-03
gnu:   1.9531e-08 29 s32-->he4+si28 32S 1.6148e+07 2.2426e+09 7.2004e-03 7.2004e-03
gnu:   1.9553e-08 29 s32-->he4+si28 32S 1.6148e+07 2.2426e+09 7.2005e-03 7.2004e-03
gnu:   1.9575e-08 29 s32-->he4+si28 32S 1.6148e+07 2.2426e+09 7.2005e-03 7.2005e-03
gnu:   1.9596e-08 29 s32-->he4+si28 32S 1.6148e+07 2.2426e+09 7.2005e-03 7.2005e-03
gnu:   1.9618e-08 29 s32-->he4+si28 32S 1.6148e+07 2.2426e+09 7.2005e-03 7.2005e-03
gnu:   1.9639e-08 29 s32-->he4+si28 32S 1.6148e+07 2.2426e+09 7.2006e-03 7.2005e-03
gnu:   1.9660e-08 29 s32-->he4+si28 32S 1.6148e+07 2.2426e+09 7.2006e-03 7.2006e-03
gnu:   1.9681e-08 29 s32-->he4+si28 32S 1.6148e+07 2.2426e+09 7.2006e-03 7.2006e-03
gnu:   1.9702e-08 29 s32-->he4+si28 32S 1.6148e+07 2.2426e+09 7.2006e-03 7.2006e-03
gnu:   1.9722e-08 29 s32-->he4+si28 32S 1.6148e+07 2.2426e+09 7.2007e-03 7.2006e-03
gnu:   1.9742e-08 29 s32-->he4+si28 32S 1.6148e+07 2.2426e+09 7.2007e-03 7.2007e-03
gnu:   1.9762e-08 29 s32-->he4+si28 32S 1.6148e+07 2.2426e+09 7.2007e-03 7.2007e-03
gnu:   1.9782e-08 29 s32-->he4+si28 32S 1.6148e+07 2.2426e+09 7.2007e-03 7.2007e-03
gnu:   1.9802e-08 29 s32-->he4+si28 32S 1.6148e+07 2.2426e+09 7.2007e-03 7.2007e-03
gnu:   1.9821e-08 29 s32-->he4+si28 32S 1.6148e+07 2.2426e+09 7.2008e-03 7.2008e-03
gnu:   1.9840e-08 29 s32-->he4+si28 32S 1.6148e+07 2.2426e+09 7.2008e-03 7.2008e-03
gnu:   1.9859e-08 29 s32-->he4+si28 32S 1.6148e+07 2.2426e+09 7.2008e-03 7.2008e-03
gnu:   1.9878e-08 29 s32-->he4+si28 32S 1.6148e+07 2.2426e+09 7.2008e-03 7.2008e-03
gnu:   1.9897e-08 29 s32-->he4+si28 32S 1.6149e+07 2.2426e+09 7.2008e-03 7.2008e-03
gnu:   1.9915e-08 29 s32-->he4+si28 32S 1.6149e+07 2.2426e+09 7.2009e-03 7.2008e-03
gnu:   1.9934e-08 29 s32-->he4+si28 32S 1.6149e+07 2.2426e+09 7.2009e-03 7.2009e-03
gnu:   1.9959e-08 29 s32-->he4+si28 32S 1.6149e+07 2.2426e+09 7.2009e-03 7.2009e-03
gnu:   1.9985e-08 29 s32-->he4+si28 32S 1.6149e+07 2.2426e+09 7.2009e-03 7.2009e-03
gnu:   2.0010e-08 29 s32-->he4+si28 32S 1.6149e+07 2.2426e+09 7.2009e-03 7.2009e-03
gnu:   2.0036e-08 29 s32-->he4+si28 32S 1.6149e+07 2.2426e+09 7.2010e-03 7.2010e-03
gnu:   2.0060e-08 29 s32-->he4+si28 32S 1.6149e+07 2.2426e+09 7.2010e-03 7.2010e-03
gnu:   2.0085e-08 29 s32-->he4+si28 32S 1.6149e+07 2.2426e+09 7.2010e-03 7.2010e-03
gnu:   2.0109e-08 29 s32-->he4+si28 32S 1.6149e+07 2.2426e+09 7.2010e-03 7.2010e-03
gnu:   2.0133e-08 29 s32-->he4+si28 32S 1.6149e+07 2.2426e+09 7.2010e-03 7.2010e-03
gnu:   2.0157e-08 29 s32-->he4+si28 32S 1.6149e+07 2.2426e+09 7.2010e-03 7.2010e-03
gnu:   2.0181e-08 29 s32-->he4+si28 32S 1.6149e+07 2.2426e+09 7.2011e-03 7.2011e-03
gnu:   2.0204e-08 29 s32-->he4+si28 32S 1.6149e+07 2.2426e+09 7.2011e-03 7.2011e-03
gnu:   2.0227e-08 29 s32-->he4+si28 32S 1.6149e+07 2.2426e+09 7.2011e-03 7.2011e-03
gnu:   2.0250e-08 29 s32-->he4+si28 32S 1.6149e+07 2.2426e+09 7.2011e-03 7.2011e-03
gnu:   2.0273e-08 29 s32-->he4+si28 32S 1.6149e+07 2.2426e+09 7.2011e-03 7.2011e-03
gnu:   2.0295e-08 29 s32-->he4+si28 32S 1.6149e+07 2.2426e+09 7.2011e-03 7.2011e-03
gnu:   2.0318e-08 29 s32-->he4+si28 32S 1.6149e+07 2.2426e+09 7.2011e-03 7.2011e-03
gnu:   2.0339e-08 29 s32-->he4+si28 32S 1.6149e+07 2.2426e+09 7.2012e-03 7.2011e-03
gnu:   2.0361e-08 29 s32-->he4+si28 32S 1.6149e+07 2.2426e+09 7.2012e-03 7.2012e-03
gnu:   2.0383e-08 29 s32-->he4+si28 32S 1.6149e+07 2.2426e+09 7.2012e-03 7.2012e-03
gnu:   2.0404e-08 29 s32-->he4+si28 32S 1.6149e+07 2.2426e+09 7.2012e-03 7.2012e-03
gnu:   2.0425e-08 29 s32-->he4+si28 32S 1.6149e+07 2.2426e+09 7.2012e-03 7.2012e-03
gnu:   2.0446e-08 29 s32-->he4+si28 32S 1.6149e+07 2.2426e+09 7.2012e-03 7.2012e-03
gnu:   2.0467e-08 29 s32-->he4+si28 32S 1.6149e+07 2.2426e+09 7.2012e-03 7.2012e-03
gnu:   2.0487e-08 29 s32-->he4+si28 32S 1.6149e+07 2.2426e+09 7.2012e-03 7.2012e-03
gnu:   2.0508e-08 29 s32-->he4+si28 32S 1.6149e+07 2.2426e+09 7.2012e-03 7.2012e-03
gnu:   2.0528e-08 29 s32-->he4+si28 32S 1.6149e+07 2.2426e+09 7.2012e-03 7.2012e-03
gnu:   2.0548e-08 29 s32-->he4+si28 32S 1.6149e+07 2.2426e+09 7.2012e-03 7.2012e-03
gnu:   2.0567e-08 29 s32-->he4+si28 32S 1.6149e+07 2.2426e+09 7.2013e-03 7.2013e-03
gnu:   2.0587e-08 29 s32-->he4+si28 32S 1.6149e+07 2.2426e+09 7.2013e-03 7.2013e-03
gnu:   2.0606e-08 29 s32-->he4+si28 32S 1.6149e+07 2.2426e+09 7.2013e-03 7.2013e-03
gnu:   2.0625e-08 29 s32-->he4+si28 32S 1.6149e+07 2.2426e+09 7.2013e-03 7.2013e-03
gnu:   2.0644e-08 29 s32-->he4+si28 32S 1.6150e+07 2.2426e+09 7.2013e-03 7.2013e-03
gnu:   2.0663e-08 29 s32-->he4+si28 32S 1.6150e+07 2.2426e+09 7.2013e-03 7.2013e-03
gnu:   2.0681e-08 29 s32-->he4+si28 32S 1.6150e+07 2.2426e+09 7.2013e-03 7.2013e-03
gnu:   2.0700e-08 29 s32-->he4+si28 32S 1.6150e+07 2.2426e+09 7.2013e-03 7.2013e-03
gnu:   2.0718e-08 29 s32-->he4+si28 32S 1.6150e+07 2.2426e+09 7.2013e-03 7.2013e-03
gnu:   2.0743e-08 29 s32-->he4+si28 32S 1.6150e+07 2.2426e+09 7.2013e-03 7.2013e-03
gnu:   2.0769e-08 29 s32-->he4+si28 32S 1.6150e+07 2.2426e+09 7.2013e-03 7.2013e-03
gnu:   2.0794e-08 29 s32-->he4+si28 32S 1.6150e+07 2.2426e+09 7.2013e-03 7.2013e-03
gnu:   2.0819e-08 29 s32-->he4+si28 32S 1.6150e+07 2.2426e+09 7.2013e-03 7.2013e-03
gnu:   2.0844e-08 29 s32-->he4+si28 32S 1.6150e+07 2.2426e+09 7.2013e-03 7.2013e-03
gnu:   2.0868e-08 29 s32-->he4+si28 32S 1.6150e+07 2.2426e+09 7.2013e-03 7.2013e-03
gnu:   2.0892e-08 29 s32-->he4+si28 32S 1.6150e+07 2.2426e+09 7.2013e-03 7.2013e-03
gnu:   2.0916e-08 29 s32-->he4+si28 32S 1.6150e+07 2.2426e+09 7.2013e-03 7.2013e-03
gnu:   2.0940e-08 29 s32-->he4+si28 32S 1.6150e+07 2.2426e+09 7.2013e-03 7.2013e-03
gnu:   2.0963e-08 29 s32-->he4+si28 32S 1.6150e+07 2.2426e+09 7.2013e-03 7.2013e-03
gnu:   2.0986e-08 29 s32-->he4+si28 32S 1.6150e+07 2.2426e+09 7.2013e-03 7.2013e-03
gnu:   2.1009e-08 29 s32-->he4+si28 32S 1.6150e+07 2.2426e+09 7.2013e-03 7.2013e-03
gnu:   2.1032e-08 29 s32-->he4+si28 32S 1.6150e+07 2.2426e+09 7.2013e-03 7.2013e-03
gnu:   2.1055e-08 29 s32-->he4+si28 32S 1.6150e+07 2.2426e+09 7.2013e-03 7.2013e-03
gnu:   2.1077e-08 29 s32-->he4+si28 32S 1.6150e+07 2.2426e+09 7.2013e-03 7.2013e-03
gnu:   2.1099e-08 29 s32-->he4+si28 32S 1.6150e+07 2.2426e+09 7.2013e-03 7.2013e-03
gnu:   2.1121e-08 29 s32-->he4+si28 32S 1.6150e+07 2.2426e+09 7.2013e-03 7.2013e-03
gnu:   2.1143e-08 29 s32-->he4+si28 32S 1.6150e+07 2.2426e+09 7.2013e-03 7.2013e-03
gnu:   2.1164e-08 29 s32-->he4+si28 32S 1.6150e+07 2.2426e+09 7.2013e-03 7.2013e-03
gnu:   2.1185e-08 29 s32-->he4+si28 32S 1.6150e+07 2.2426e+09 7.2013e-03 7.2013e-03
gnu:   2.1206e-08 29 s32-->he4+si28 32S 1.6150e+07 2.2426e+09 7.2013e-03 7.2013e-03
gnu:   2.1227e-08 29 s32-->he4+si28 32S 1.6150e+07 2.2426e+09 7.2013e-03 7.2013e-03
gnu:   2.1247e-08 29 s32-->he4+si28 32S 1.6150e+07 2.2426e+09 7.2013e-03 7.2013e-03
gnu:   2.1268e-08 29 s32-->he4+si28 32S 1.6150e+07 2.2426e+09 7.2013e-03 7.2013e-03
gnu:   2.1288e-08 29 s32-->he4+si28 32S 1.6150e+07 2.2426e+09 7.2013e-03 7.2013e-03
gnu:   2.1308e-08 29 s32-->he4+si28 32S 1.6150e+07 2.2426e+09 7.2013e-03 7.2013e-03
gnu:   2.1328e-08 29 s32-->he4+si28 32S 1.6150e+07 2.2426e+09 7.2013e-03 7.2013e-03
gnu:   2.1347e-08 29 s32-->he4+si28 32S 1.6150e+07 2.2426e+09 7.2013e-03 7.2013e-03
gnu:   2.1366e-08 29 s32-->he4+si28 32S 1.6150e+07 2.2426e+09 7.2013e-03 7.2013e-03
gnu:   2.1386e-08 29 s32-->he4+si28 32S 1.6150e+07 2.2426e+09 7.2013e-03 7.2013e-03
gnu:   2.1405e-08 29 s32-->he4+si28 32S 1.6150e+07 2.2426e+09 7.2013e-03 7.2013e-03
gnu:   2.1423e-08 29 s32-->he4+si28 32S 1.6150e+07 2.2426e+09 7.2013e-03 7.2013e-03
gnu:   2.1442e-08 29 s32-->he4+si28 32S 1.6150e+07 2.2426e+09 7.2013e-03 7.2013e-03
gnu:   2.1460e-08 29 s32-->he4+si28 32S 1.6150e+07 2.2426e+09 7.2013e-03 7.2013e-03
gnu:   2.1479e-08 29 s32-->he4+si28 32S 1.6150e+07 2.2426e+09 7.2013e-03 7.2013e-03
gnu:   2.1497e-08 29 s32-->he4+si28 32S 1.6150e+07 2.2426e+09 7.2013e-03 7.2013e-03
gnu:   2.1522e-08 29 s32-->he4+si28 32S 1.6150e+07 2.2426e+09 7.2013e-03 7.2013e-03
gnu:   2.1547e-08 29 s32-->he4+si28 32S 1.6150e+07 2.2426e+09 7.2013e-03 7.2013e-03
gnu:   2.1572e-08 29 s32-->he4+si28 32S 1.6150e+07 2.2426e+09 7.2013e-03 7.2013e-03
gnu:   2.1597e-08 29 s32-->he4+si28 32S 1.6149e+07 2.2426e+09 7.2013e-03 7.2013e-03
gnu:   2.1621e-08 29 s32-->he4+si28 32S 1.6149e+07 2.2426e+09 7.2013e-03 7.2013e-03
gnu:   2.1646e-08 29 s32-->he4+si28 32S 1.6149e+07 2.2426e+09 7.2013e-03 7.2013e-03
gnu:   2.1670e-08 29 s32-->he4+si28 32S 1.6149e+07 2.2426e+09 7.2013e-03 7.2013e-03
gnu:   2.1694e-08 29 s32-->he4+si28 32S 1.6149e+07 2.2426e+09 7.2012e-03 7.2012e-03
gnu:   2.1717e-08 29 s32-->he4+si28 32S 1.6149e+07 2.2426e+09 7.2012e-03 7.2012e-03
gnu:   2.1740e-08 29 s32-->he4+si28 32S 1.6149e+07 2.2426e+09 7.2012e-03 7.2012e-03
gnu:   2.1763e-08 29 s32-->he4+si28 32S 1.6149e+07 2.2426e+09 7.2012e-03 7.2012e-03
gnu:   2.1786e-08 29 s32-->he4+si28 32S 1.6149e+07 2.2426e+09 7.2012e-03 7.2012e-03
gnu:   2.1809e-08 29 s32-->he4+si28 32S 1.6149e+07 2.2426e+09 7.2012e-03 7.2012e-03
gnu:   2.1831e-08 29 s32-->he4+si28 32S 1.6149e+07 2.2426e+09 7.2012e-03 7.2012e-03
gnu:   2.1853e-08 29 s32-->he4+si28 32S 1.6149e+07 2.2426e+09 7.2012e-03 7.2012e-03
gnu:   2.1875e-08 29 s32-->he4+si28 32S 1.6149e+07 2.2426e+09 7.2012e-03 7.2012e-03
gnu:   2.1897e-08 29 s32-->he4+si28 32S 1.6149e+07 2.2426e+09 7.2012e-03 7.2012e-03
gnu:   2.1918e-08 29 s32-->he4+si28 32S 1.6149e+07 2.2426e+09 7.2012e-03 7.2012e-03
gnu:   2.1939e-08 29 s32-->he4+si28 32S 1.6149e+07 2.2426e+09 7.2012e-03 7.2012e-03
gnu:   2.1961e-08 29 s32-->he4+si28 32S 1.6149e+07 2.2426e+09 7.2011e-03 7.2011e-03
gnu:   2.1981e-08 29 s32-->he4+si28 32S 1.6149e+07 2.2426e+09 7.2011e-03 7.2011e-03
gnu:   2.2002e-08 29 s32-->he4+si28 32S 1.6149e+07 2.2426e+09 7.2011e-03 7.2011e-03
gnu:   2.2022e-08 29 s32-->he4+si28 32S 1.6149e+07 2.2426e+09 7.2011e-03 7.2011e-03
gnu:   2.2043e-08 29 s32-->he4+si28 32S 1.6149e+07 2.2426e+09 7.2011e-03 7.2011e-03
gnu:   2.2063e-08 29 s32-->he4+si28 32S 1.6149e+07 2.2426e+09 7.2011e-03 7.2011e-03
gnu:   2.2083e-08 29 s32-->he4+si28 32S 1.6149e+07 2.2426e+09 7.2011e-03 7.2011e-03
gnu:   2.2102e-08 29 s32-->he4+si28 32S 1.6149e+07 2.2426e+09 7.2011e-03 7.2011e-03
gnu:   2.2122e-08 29 s32-->he4+si28 32S 1.6149e+07 2.2426e+09 7.2011e-03 7.2011e-03
gnu:   2.2141e-08 29 s32-->he4+si28 32S 1.6149e+07 2.2426e+09 7.2011e-03 7.2011e-03
gnu:   2.2160e-08 29 s32-->he4+si28 32S 1.6149e+07 2.2426e+09 7.2010e-03 7.2010e-03
gnu:   2.2179e-08 29 s32-->he4+si28 32S 1.6149e+07 2.2426e+09 7.2010e-03 7.2010e-03
gnu:   2.2197e-08 29 s32-->he4+si28 32S 1.6149e+07 2.2426e+09 7.2010e-03 7.2010e-03
gnu:   2.2216e-08 29 s32-->he4+si28 32S 1.6149e+07 2.2426e+09 7.2010e-03 7.2010e-03
gnu:   2.2234e-08 29 s32-->he4+si28 32S 1.6149e+07 2.2426e+09 7.2010e-03 7.2010e-03
gnu:   2.2260e-08 29 s32-->he4+si28 32S 1.6149e+07 2.2426e+09 7.2010e-03 7.2010e-03
gnu:   2.2285e-08 29 s32-->he4+si28 32S 1.6149e+07 2.2426e+09 7.2010e-03 7.2010e-03
gnu:   2.2311e-08 29 s32-->he4+si28 32S 1.6149e+07 2.2426e+09 7.2010e-03 7.2010e-03
gnu:   2.2336e-08 29 s32-->he4+si28 32S 1.6149e+07 2.2426e+09 7.2009e-03 7.2009e-03
gnu:   2.2360e-08 29 s32-->he4+si28 32S 1.6149e+07 2.2426e+09 7.2009e-03 7.2009e-03
gnu:   2.2385e-08 29 s32-->he4+si28 32S 1.6149e+07 2.2426e+09 7.2009e-03 7.2009e-03
gnu:   2.2409e-08 29 s32-->he4+si28 32S 1.6149e+07 2.2426e+09 7.2009e-03 7.2009e-03
gnu:   2.2434e-08 29 s32-->he4+si28 32S 1.6149e+07 2.2426e+09 7.2009e-03 7.2009e-03
gnu:   2.2457e-08 29 s32-->he4+si28 32S 1.6149e+07 2.2426e+09 7.2009e-03 7.2009e-03
gnu:   2.2481e-08 29 s32-->he4+si28 32S 1.6149e+07 2.2426e+09 7.2009e-03 7.2009e-03
gnu:   2.2504e-08 29 s32-->he4+si28 32S 1.6149e+07 2.2426e+09 7.2008e-03 7.2009e-03
gnu:   2.2527e-08 29 s32-->he4+si28 32S 1.6148e+07 2.2426e+09 7.2008e-03 7.2008e-03
gnu:   2.2550e-08 29 s32-->he4+si28 32S 1.6148e+07 2.2426e+09 7.2008e-03 7.2008e-03
gnu:   2.2573e-08 29 s32-->he4+si28 32S 1.6148e+07 2.2426e+09 7.2008e-03 7.2008e-03
gnu:   2.2595e-08 29 s32-->he4+si28 32S 1.6148e+07 2.2426e+09 7.2008e-03 7.2008e-03
gnu:   2.2618e-08 29 s32-->he4+si28 32S 1.6148e+07 2.2426e+09 7.2008e-03 7.2008e-03
gnu:   2.2639e-08 29 s32-->he4+si28 32S 1.6148e+07 2.2426e+09 7.2007e-03 7.2008e-03
gnu:   2.2661e-08 29 s32-->he4+si28 32S 1.6148e+07 2.2426e+09 7.2007e-03 7.2007e-03
gnu:   2.2683e-08 29 s32-->he4+si28 32S 1.6148e+07 2.2426e+09 7.2007e-03 7.2007e-03
gnu:   2.2704e-08 29 s32-->he4+si28 32S 1.6148e+07 2.2426e+09 7.2007e-03 7.2007e-03
gnu:   2.2725e-08 29 s32-->he4+si28 32S 1.6148e+07 2.2426e+09 7.2007e-03 7.2007e-03
gnu:   2.2746e-08 29 s32-->he4+si28 32S 1.6148e+07 2.2426e+09 7.2007e-03 7.2007e-03
gnu:   2.2767e-08 29 s32-->he4+si28 32S 1.6148e+07 2.2426e+09 7.2007e-03 7.2007e-03
gnu:   2.2787e-08 29 s32-->he4+si28 32S 1.6148e+07 2.2426e+09 7.2006e-03 7.2006e-03
gnu:   2.2808e-08 29 s32-->he4+si28 32S 1.6148e+07 2.2426e+09 7.2006e-03 7.2006e-03
gnu:   2.2828e-08 29 s32-->he4+si28 32S 1.6148e+07 2.2426e+09 7.2006e-03 7.2006e-03
gnu:   2.2847e-08 29 s32-->he4+si28 32S 1.6148e+07 2.2426e+09 7.2006e-03 7.2006e-03
gnu:   2.2867e-08 29 s32-->he4+si28 32S 1.6148e+07 2.2426e+09 7.2006e-03 7.2006e-03
gnu:   2.2887e-08 29 s32-->he4+si28 32S 1.6148e+07 2.2426e+09 7.2006e-03 7.2006e-03
gnu:   2.2906e-08 29 s32-->he4+si28 32S 1.6148e+07 2.2426e+09 7.2006e-03 7.2006e-03
gnu:   2.2925e-08 29 s32-->he4+si28 32S 1.6148e+07 2.2426e+09 7.2005e-03 7.2006e-03
gnu:   2.2944e-08 29 s32-->he4+si28 32S 1.6148e+07 2.2426e+09 7.2005e-03 7.2005e-03
gnu:   2.2963e-08 29 s32-->he4+si28 32S 1.6148e+07 2.2426e+09 7.2005e-03 7.2005e-03
gnu:   2.2981e-08 29 s32-->he4+si28 32S 1.6148e+07 2.2426e+09 7.2005e-03 7.2005e-03
gnu:   2.2999e-08 29 s32-->he4+si28 32S 1.6148e+07 2.2426e+09 7.2005e-03 7.2005e-03
gnu:   2.3018e-08 29 s32-->he4+si28 32S 1.6148e+07 2.2426e+09 7.2005e-03 7.2005e-03
gnu:   2.3043e-08 29 s32-->he4+si28 32S 1.6148e+07 2.2426e+09 7.2004e-03 7.2005e-03
gnu:   2.3069e-08 29 s32-->he4+si28 32S 1.6148e+07 2.2426e+09 7.2004e-03 7.2004e-03
gnu:   2.3094e-08 29 s32-->he4+si28 32S 1.6148e+07 2.2426e+09 7.2004e-03 7.2004e-03
gnu:   2.3119e-08 29 s32-->he4+si28 32S 1.6147e+07 2.2426e+09 7.2004e-03 7.2004e-03
gnu:   2.3143e-08 29 s32-->he4+si28 32S 1.6147e+07 2.2426e+09 7.2004e-03 7.2004e-03
gnu:   2.3168e-08 29 s32-->he4+si28 32S 1.6147e+07 2.2426e+09 7.2003e-03 7.2003e-03
gnu:   2.3192e-08 29 s32-->he4+si28 32S 1.6147e+07 2.2426e+09 7.2003e-03 7.2003e-03
gnu:   2.3216e-08 29 s32-->he4+si28 32S 1.6147e+07 2.2426e+09 7.2003e-03 7.2003e-03
gnu:   2.3239e-08 29 s32-->he4+si28 32S 1.6147e+07 2.2426e+09 7.2003e-03 7.2003e-03
gnu:   2.3263e-08 29 s32-->he4+si28 32S 1.6147e+07 2.2426e+09 7.2003e-03 7.2003e-03
gnu:   2.3286e-08 29 s32-->he4+si28 32S 1.6147e+07 2.2426e+09 7.2002e-03 7.2003e-03
gnu:   2.3309e-08 29 s32-->he4+si28 32S 1.6147e+07 2.2426e+09 7.2002e-03 7.2002e-03
gnu:   2.3332e-08 29 s32-->he4+si28 32S 1.6147e+07 2.2426e+09 7.2002e-03 7.2002e-03
gnu:   2.3354e-08 29 s32-->he4+si28 32S 1.6147e+07 2.2426e+09 7.2002e-03 7.2002e-03
gnu:   2.3376e-08 29 s32-->he4+si28 32S 1.6147e+07 2.2426e+09 7.2002e-03 7.2002e-03
gnu:   2.3399e-08 29 s32-->he4+si28 32S 1.6147e+07 2.2426e+09 7.2001e-03 7.2001e-03
gnu:   2.3420e-08 29 s32-->he4+si28 32S 1.6147e+07 2.2426e+09 7.2001e-03 7.2001e-03
gnu:   2.3442e-08 29 s32-->he4+si28 32S 1.6147e+07 2.2426e+09 7.2001e-03 7.2001e-03
gnu:   2.3463e-08 29 s32-->he4+si28 32S 1.6147e+07 2.2426e+09 7.2001e-03 7.2001e-03
gnu:   2.3485e-08 29 s32-->he4+si28 32S 1.6147e+07 2.2426e+09 7.2001e-03 7.2001e-03
gnu:   2.3505e-08 29 s32-->he4+si28 32S 1.6147e+07 2.2426e+09 7.2000e-03 7.2001e-03
gnu:   2.3526e-08 29 s32-->he4+si28 32S 1.6147e+07 2.2426e+09 7.2000e-03 7.2000e-03
gnu:   2.3547e-08 29 s32-->he4+si28 32S 1.6147e+07 2.2426e+09 7.2000e-03 7.2000e-03
gnu:   2.3567e-08 29 s32-->he4+si28 32S 1.6147e+07 2.2426e+09 7.2000e-03 7.2000e-03
gnu:   2.3587e-08 29 s32-->he4+si28 32S 1.6147e+07 2.2426e+09 7.2000e-03 7.2000e-03
gnu:   2.3607e-08 29 s32-->he4+si28 32S 1.6147e+07 2.2426e+09 7.1999e-03 7.1999e-03
gnu:   2.3627e-08 29 s32-->he4+si28 32S 1.6146e+07 2.2426e+09 7.1999e-03 7.1999e-03
gnu:   2.3646e-08 29 s32-->he4+si28 32S 1.6146e+07 2.2426e+09 7.1999e-03 7.1999e-03
gnu:   2.3666e-08 29 s32-->he4+si28 32S 1.6146e+07 2.2426e+09 7.1999e-03 7.1999e-03
gnu:   2.3685e-08 29 s32-->he4+si28 32S 1.6146e+07 2.2426e+09 7.1999e-03 7.1999e-03
gnu:   2.3704e-08 29 s32-->he4+si28 32S 1.6146e+07 2.2426e+09 7.1998e-03 7.1999e-03
gnu:   2.3723e-08 29 s32-->he4+si28 32S 1.6146e+07 2.2426e+09 7.1998e-03 7.1998e-03
gnu:   2.3741e-08 29 s32-->he4+si28 32S 1.6146e+07 2.2426e+09 7.1998e-03 7.1998e-03
gnu:   2.3760e-08 29 s32-->he4+si28 32S 1.6146e+07 2.2426e+09 7.1998e-03 7.1998e-03
gnu:   2.3778e-08 29 s32-->he4+si28 32S 1.6146e+07 2.2426e+09 7.1998e-03 7.1998e-03
gnu:   2.3796e-08 29 s32-->he4+si28 32S 1.6146e+07 2.2426e+09 7.1998e-03 7.1998e-03
gnu:   2.3821e-08 29 s32-->he4+si28 32S 1.6146e+07 2.2426e+09 7.1997e-03 7.1998e-03
gnu:   2.3846e-08 29 s32-->he4+si28 32S 1.6146e+07 2.2426e+09 7.1997e-03 7.1997e-03
gnu:   2.3871e-08 29 s32-->he4+si28 32S 1.6146e+07 2.2426e+09 7.1997e-03 7.1997e-03
gnu:   2.3896e-08 29 s32-->he4+si28 32S 1.6146e+07 2.2426e+09 7.1997e-03 7.1997e-03
gnu:   2.3921e-08 29 s32-->he4+si28 32S 1.6146e+07 2.2426e+09 7.1996e-03 7.1997e-03
gnu:   2.3945e-08 29 s32-->he4+si28 32S 1.6146e+07 2.2426e+09 7.1996e-03 7.1996e-03
gnu:   2.3969e-08 29 s32-->he4+si28 32S 1.6146e+07 2.2426e+09 7.1996e-03 7.1996e-03
gnu:   2.3993e-08 29 s32-->he4+si28 32S 1.6146e+07 2.2426e+09 7.1996e-03 7.1996e-03
gnu:   2.4016e-08 29 s32-->he4+si28 32S 1.6146e+07 2.2426e+09 7.1995e-03 7.1996e-03
gnu:   2.4039e-08 29 s32-->he4+si28 32S 1.6146e+07 2.2426e+09 7.1995e-03 7.1995e-03
gnu:   2.4062e-08 29 s32-->he4+si28 32S 1.6145e+07 2.2426e+09 7.1995e-03 7.1995e-03
gnu:   2.4085e-08 29 s32-->he4+si28 32S 1.6145e+07 2.2426e+09 7.1995e-03 7.1995e-03
gnu:   2.4108e-08 29 s32-->he4+si28 32S 1.6145e+07 2.2426e+09 7.1994e-03 7.1995e-03
gnu:   2.4130e-08 29 s32-->he4+si28 32S 1.6145e+07 2.2426e+09 7.1994e-03 7.1994e-03
gnu:   2.4152e-08 29 s32-->he4+si28 32S 1.6145e+07 2.2426e+09 7.1994e-03 7.1994e-03
gnu:   2.4174e-08 29 s32-->he4+si28 32S 1.6145e+07 2.2426e+09 7.1994e-03 7.1994e-03
gnu:   2.4196e-08 29 s32-->he4+si28 32S 1.6145e+07 2.2426e+09 7.1993e-03 7.1994e-03
gnu:   2.4217e-08 29 s32-->he4+si28 32S 1.6145e+07 2.2426e+09 7.1993e-03 7.1993e-03
gnu:   2.4238e-08 29 s32-->he4+si28 32S 1.6145e+07 2.2426e+09 7.1993e-03 7.1993e-03
gnu:   2.4259e-08 29 s32-->he4+si28 32S 1.6145e+07 2.2426e+09 7.1993e-03 7.1993e-03
gnu:   2.4280e-08 29 s32-->he4+si28 32S 1.6145e+07 2.2426e+09 7.1993e-03 7.1993e-03
gnu:   2.4301e-08 29 s32-->he4+si28 32S 1.6145e+07 2.2426e+09 7.1992e-03 7.1992e-03
gnu:   2.4321e-08 29 s32-->he4+si28 32S 1.6145e+07 2.2426e+09 7.1992e-03 7.1992e-03
gnu:   2.4341e-08 29 s32-->he4+si28 32S 1.6145e+07 2.2426e+09 7.1992e-03 7.1992e-03
gnu:   2.4361e-08 29 s32-->he4+si28 32S 1.6145e+07 2.2426e+09 7.1992e-03 7.1992e-03
gnu:   2.4381e-08 29 s32-->he4+si28 32S 1.6145e+07 2.2426e+09 7.1991e-03 7.1991e-03
gnu:   2.4401e-08 29 s32-->he4+si28 32S 1.6145e+07 2.2426e+09 7.1991e-03 7.1991e-03
gnu:   2.4420e-08 29 s32-->he4+si28 32S 1.6145e+07 2.2426e+09 7.1991e-03 7.1991e-03
gnu:   2.4439e-08 29 s32-->he4+si28 32S 1.6145e+07 2.2426e+09 7.1991e-03 7.1991e-03
gnu:   2.4458e-08 29 s32-->he4+si28 32S 1.6145e+07 2.2426e+09 7.1991e-03 7.1991e-03
gnu:   2.4477e-08 29 s32-->he4+si28 32S 1.6144e+07 2.2426e+09 7.1990e-03 7.1991e-03
gnu:   2.4496e-08 29 s32-->he4+si28 32S 1.6144e+07 2.2426e+09 7.1990e-03 7.1990e-03
gnu:   2.4514e-08 29 s32-->he4+si28 32S 1.6144e+07 2.2426e+09 7.1990e-03 7.1990e-03
gnu:   2.4533e-08 29 s32-->he4+si28 32S 1.6144e+07 2.2426e+09 7.1990e-03 7.1990e-03
gnu:   2.4558e-08 29 s32-->he4+si28 32S 1.6144e+07 2.2426e+09 7.1989e-03 7.1990e-03
gnu:   2.4584e-08 29 s32-->he4+si28 32S 1.6144e+07 2.2426e+09 7.1989e-03 7.1989e-03
gnu:   2.4609e-08 29 s32-->he4+si28 32S 1.6144e+07 2.2426e+09 7.1989e-03 7.1989e-03
gnu:   2.4634e-08 29 s32-->he4+si28 32S 1.6144e+07 2.2426e+09 7.1989e-03 7.1989e-03
gnu:   2.4659e-08 29 s32-->he4+si28 32S 1.6144e+07 2.2426e+09 7.1988e-03 7.1989e-03
gnu:   2.4684e-08 29 s32-->he4+si28 32S 1.6144e+07 2.2426e+09 7.1988e-03 7.1988e-03
gnu:   2.4708e-08 29 s32-->he4+si28 32S 1.6144e+07 2.2426e+09 7.1988e-03 7.1988e-03
gnu:   2.4732e-08 29 s32-->he4+si28 32S 1.6144e+07 2.2426e+09 7.1988e-03 7.1988e-03
gnu:   2.4756e-08 29 s32-->he4+si28 32S 1.6144e+07 2.2426e+09 7.1987e-03 7.1988e-03
gnu:   2.4779e-08 29 s32-->he4+si28 32S 1.6144e+07 2.2426e+09 7.1987e-03 7.1987e-03
gnu:   2.4803e-08 29 s32-->he4+si28 32S 1.6144e+07 2.2426e+09 7.1987e-03 7.1987e-03
gnu:   2.4826e-08 29 s32-->he4+si28 32S 1.6144e+07 2.2426e+09 7.1986e-03 7.1986e-03
gnu:   2.4849e-08 29 s32-->he4+si28 32S 1.6144e+07 2.2426e+09 7.1986e-03 7.1986e-03
gnu:   2.4871e-08 29 s32-->he4+si28 32S 1.6143e+07 2.2426e+09 7.1986e-03 7.1986e-03
gnu:   2.4894e-08 29 s32-->he4+si28 32S 1.6143e+07 2.2426e+09 7.1986e-03 7.1986e-03
gnu:   2.4916e-08 29 s32-->he4+si28 32S 1.6143e+07 2.2426e+09 7.1985e-03 7.1985e-03
gnu:   2.4938e-08 29 s32-->he4+si28 32S 1.6143e+07 2.2426e+09 7.1985e-03 7.1985e-03
gnu:   2.4960e-08 29 s32-->he4+si28 32S 1.6143e+07 2.2426e+09 7.1985e-03 7.1985e-03
gnu:   2.4981e-08 29 s32-->he4+si28 32S 1.6143e+07 2.2426e+09 7.1985e-03 7.1985e-03
