#   Steps iter  t_saved    dt_saved      t        Y0[6]       Y[6]
gnu:  279    0 2.5252e-09 2.5252e-10 2.7777e-09 4.5860e-03 4.7266e-03
gnu:  280    0 2.7777e-09 2.7777e-10 3.0555e-09 4.8719e-03 5.0076e-03
gnu:  281    0 3.0555e-09 3.0555e-10 3.3610e-09 5.1473e-03 5.2772e-03
gnu:  282    0 3.3610e-09 3.3610e-10 3.6971e-09 5.4103e-03 5.5336e-03
gnu:  283    0 3.6971e-09 3.6971e-10 4.0668e-09 5.6594e-03 5.7754e-03
gnu:  284    0 4.0668e-09 4.0668e-10 4.4735e-09 5.8935e-03 6.0018e-03
gnu:  285    0 4.4735e-09 4.4735e-10 4.9209e-09 6.0726e-03 6.1942e-03
gnu:  286    0 4.9209e-09 4.9209e-10 5.4130e-09 6.2598e-03 6.3761e-03
gnu:  287    0 5.4130e-09 5.4130e-10 5.9543e-09 6.4340e-03 6.5439e-03
gnu:  288    0 5.9543e-09 5.9543e-10 6.5497e-09 6.5934e-03 6.6958e-03
gnu:  289    0 6.5497e-09 6.5497e-10 7.2047e-09 6.7369e-03 6.8312e-03
gnu:  290    0 7.2047e-09 7.2047e-10 7.9251e-09 6.8641e-03 6.9502e-03
gnu:  291    0 7.9251e-09 7.9251e-10 8.7176e-09 6.9753e-03 7.0535e-03
gnu:  292    0 7.9251e-09 7.9251e-10 8.7176e-09 7.0535e-03 6.9488e-03
gnu:  292    0 8.7176e-09 8.7176e-10 9.5894e-09 6.8984e-03 6.8568e-03
gnu:  293    0 8.7176e-09 8.7176e-10 9.5894e-09 6.8568e-03 6.8471e-03
gnu:  293    0 9.5894e-09 9.5894e-10 1.0548e-08 6.8084e-03 6.7734e-03
gnu:  294    0 9.5894e-09 9.5894e-10 1.0548e-08 6.7734e-03 6.7636e-03
gnu:  294    0 1.0548e-08 1.0548e-09 1.1603e-08 6.7293e-03 6.6970e-03
gnu:  295    0 1.0548e-08 1.0548e-09 1.1603e-08 6.6970e-03 6.6869e-03
gnu:  295    0 1.1603e-08 1.1603e-09 1.2763e-08 6.6548e-03 6.6240e-03
gnu:  296    0 1.1603e-08 1.1603e-09 1.2763e-08 6.6240e-03 6.6147e-03
gnu:  296    0 1.2763e-08 1.2763e-09 1.4040e-08 6.5841e-03 6.5548e-03
gnu:  297    0 1.2763e-08 1.2763e-09 1.4040e-08 6.5548e-03 6.5464e-03
gnu:  297    0 1.4040e-08 1.4040e-09 1.5444e-08 6.5173e-03 6.4896e-03
gnu:  298    0 1.4040e-08 1.4040e-09 1.5444e-08 6.4896e-03 6.4824e-03
gnu:  298    0 1.5444e-08 1.5444e-09 1.6988e-08 6.4549e-03 6.4288e-03
gnu:  299    0 1.5444e-08 1.5444e-09 1.6988e-08 6.4288e-03 6.4226e-03
gnu:  299    0 1.6988e-08 1.6988e-09 1.8687e-08 6.3968e-03 6.3726e-03
gnu:  300    0 1.6988e-08 1.6988e-09 1.8687e-08 6.3726e-03 6.3674e-03
gnu:  300    0 1.8687e-08 1.8687e-09 2.0556e-08 6.3434e-03 6.3209e-03
gnu:  301    0 1.8687e-08 1.8687e-09 2.0556e-08 6.3209e-03 6.3168e-03
gnu:  301    0 2.0556e-08 2.0556e-09 2.2611e-08 6.2945e-03 6.2739e-03
gnu:  302    0 2.0556e-08 2.0556e-09 2.2611e-08 6.2739e-03 6.2706e-03
gnu:  302    0 2.2611e-08 2.2611e-09 2.4872e-08 6.2501e-03 6.2313e-03
gnu:  303    0 2.2611e-08 2.2611e-09 2.4872e-08 6.2313e-03 6.2279e-03
gnu:  304    0 2.4872e-08 2.4872e-09 2.7360e-08 6.2279e-03 6.2263e-03
gnu:  305    0 2.7360e-08 2.7360e-09 3.0096e-08 6.2263e-03 6.2259e-03
gnu:  306    0 3.0096e-08 3.0096e-09 3.3105e-08 6.2259e-03 6.2255e-03
gnu:  307    0 3.3105e-08 3.3105e-09 3.6416e-08 6.2255e-03 6.2224e-03
gnu:  308    0 3.6416e-08 3.6416e-09 4.0057e-08 6.2224e-03 6.2194e-03
gnu:  309    0 4.0057e-08 4.0057e-09 4.4063e-08 6.2194e-03 6.2164e-03
gnu:  310    0 4.4063e-08 4.4063e-09 4.8469e-08 6.2164e-03 6.2127e-03
gnu:  311    0 4.8469e-08 4.8469e-09 5.3316e-08 6.2127e-03 6.2090e-03
gnu:  312    0 5.3316e-08 5.3316e-09 5.8648e-08 6.2090e-03 6.2051e-03
gnu:  313    0 5.8648e-08 5.8648e-09 6.4513e-08 6.2051e-03 6.2011e-03
gnu:  314    5 6.4513e-08 1.0843e-09 6.5597e-08 6.2011e-03 6.2158e-03
gnu:  315    5 6.5597e-08 2.1685e-09 6.7765e-08 6.2158e-03 6.2218e-03
gnu:  316    5 6.7765e-08 4.3371e-09 7.2102e-08 6.2218e-03 6.2226e-03
gnu:  317    5 7.2102e-08 7.2102e-09 7.9313e-08 6.2226e-03 6.2217e-03
gnu:  318    5 7.9313e-08 7.9313e-09 8.7244e-08 6.2217e-03 6.2196e-03
gnu:  319    5 8.7244e-08 8.7244e-09 9.5968e-08 6.2196e-03 6.2167e-03
gnu:  320    5 9.5968e-08 9.5968e-09 1.0557e-07 6.2167e-03 6.2127e-03
