#   Steps iter  t_saved    dt_saved      t        Y0[5]       Y[5]
gnu:  279    0 2.5252e-09 2.5252e-10 2.7777e-09 1.1987e-02 1.2175e-02
gnu:  280    0 2.7777e-09 2.7777e-10 3.0555e-09 1.2366e-02 1.2542e-02
gnu:  281    0 3.0555e-09 3.0555e-10 3.3610e-09 1.2720e-02 1.2884e-02
gnu:  282    0 3.3610e-09 3.3610e-10 3.6971e-09 1.3049e-02 1.3199e-02
gnu:  283    0 3.6971e-09 3.6971e-10 4.0668e-09 1.3351e-02 1.3489e-02
gnu:  284    0 4.0668e-09 4.0668e-10 4.4735e-09 1.3627e-02 1.3752e-02
gnu:  285    0 4.4735e-09 4.4735e-10 4.9209e-09 1.3876e-02 1.3969e-02
gnu:  286    0 4.9209e-09 4.9209e-10 5.4130e-09 1.4077e-02 1.4162e-02
gnu:  287    0 5.4130e-09 5.4130e-10 5.9543e-09 1.4262e-02 1.4336e-02
gnu:  288    0 5.9543e-09 5.9543e-10 6.5497e-09 1.4425e-02 1.4487e-02
gnu:  289    0 6.5497e-09 6.5497e-10 7.2047e-09 1.4567e-02 1.4617e-02
gnu:  290    0 7.2047e-09 7.2047e-10 7.9251e-09 1.4687e-02 1.4727e-02
gnu:  291    0 7.9251e-09 7.9251e-10 8.7176e-09 1.4788e-02 1.4817e-02
gnu:  292    0 7.9251e-09 7.9251e-10 8.7176e-09 1.4817e-02 1.4597e-02
gnu:  292    0 8.7176e-09 8.7176e-10 9.5894e-09 1.4743e-02 1.4880e-02
gnu:  293    0 8.7176e-09 8.7176e-10 9.5894e-09 1.4880e-02 1.4859e-02
gnu:  293    0 9.5894e-09 9.5894e-10 1.0548e-08 1.4986e-02 1.5106e-02
gnu:  294    0 9.5894e-09 9.5894e-10 1.0548e-08 1.5106e-02 1.5084e-02
gnu:  294    0 1.0548e-08 1.0548e-09 1.1603e-08 1.5204e-02 1.5311e-02
gnu:  295    0 1.0548e-08 1.0548e-09 1.1603e-08 1.5311e-02 1.5288e-02
gnu:  295    0 1.1603e-08 1.1603e-09 1.2763e-08 1.5393e-02 1.5486e-02
gnu:  296    0 1.1603e-08 1.1603e-09 1.2763e-08 1.5486e-02 1.5464e-02
gnu:  296    0 1.2763e-08 1.2763e-09 1.4040e-08 1.5553e-02 1.5631e-02
gnu:  297    0 1.2763e-08 1.2763e-09 1.4040e-08 1.5631e-02 1.5611e-02
gnu:  297    0 1.4040e-08 1.4040e-09 1.5444e-08 1.5686e-02 1.5751e-02
gnu:  298    0 1.4040e-08 1.4040e-09 1.5444e-08 1.5751e-02 1.5733e-02
gnu:  298    0 1.5444e-08 1.5444e-09 1.6988e-08 1.5794e-02 1.5847e-02
gnu:  299    0 1.5444e-08 1.5444e-09 1.6988e-08 1.5847e-02 1.5831e-02
gnu:  299    0 1.6988e-08 1.6988e-09 1.8687e-08 1.5880e-02 1.5922e-02
gnu:  300    0 1.6988e-08 1.6988e-09 1.8687e-08 1.5922e-02 1.5909e-02
gnu:  300    0 1.8687e-08 1.8687e-09 2.0556e-08 1.5947e-02 1.5979e-02
gnu:  301    0 1.8687e-08 1.8687e-09 2.0556e-08 1.5979e-02 1.5968e-02
gnu:  301    0 2.0556e-08 2.0556e-09 2.2611e-08 1.5996e-02 1.6019e-02
gnu:  302    0 2.0556e-08 2.0556e-09 2.2611e-08 1.6019e-02 1.6011e-02
gnu:  302    0 2.2611e-08 2.2611e-09 2.4872e-08 1.6031e-02 1.6047e-02
gnu:  303    0 2.2611e-08 2.2611e-09 2.4872e-08 1.6047e-02 1.6038e-02
gnu:  303    0 2.4872e-08 2.4872e-09 2.7360e-08 1.6050e-02 1.6060e-02
gnu:  304    0 2.4872e-08 2.4872e-09 2.7360e-08 1.6060e-02 1.6056e-02
gnu:  304    0 2.7360e-08 2.7360e-09 3.0096e-08 1.6056e-02 1.6057e-02
gnu:  305    0 2.7360e-08 2.7360e-09 3.0096e-08 1.6057e-02 1.6056e-02
gnu:  305    0 3.0096e-08 3.0096e-09 3.3105e-08 1.6056e-02 1.6056e-02
gnu:  306    0 3.0096e-08 3.0096e-09 3.3105e-08 1.6056e-02 1.6055e-02
gnu:  306    0 3.3105e-08 3.3105e-09 3.6416e-08 1.6055e-02 1.6056e-02
gnu:  307    0 3.3105e-08 3.3105e-09 3.6416e-08 1.6056e-02 1.6048e-02
gnu:  307    0 3.6416e-08 3.6416e-09 4.0057e-08 1.6048e-02 1.6048e-02
gnu:  308    0 3.6416e-08 3.6416e-09 4.0057e-08 1.6048e-02 1.6040e-02
gnu:  308    0 4.0057e-08 4.0057e-09 4.4063e-08 1.6040e-02 1.6041e-02
gnu:  309    0 4.0057e-08 4.0057e-09 4.4063e-08 1.6041e-02 1.6033e-02
gnu:  309    0 4.4063e-08 4.4063e-09 4.8469e-08 1.6033e-02 1.6033e-02
gnu:  310    0 4.4063e-08 4.4063e-09 4.8469e-08 1.6033e-02 1.6024e-02
gnu:  310    0 4.8469e-08 4.8469e-09 5.3316e-08 1.6024e-02 1.6024e-02
gnu:  311    0 4.8469e-08 4.8469e-09 5.3316e-08 1.6024e-02 1.6014e-02
gnu:  311    0 5.3316e-08 5.3316e-09 5.8648e-08 1.6015e-02 1.6015e-02
gnu:  312    0 5.3316e-08 5.3316e-09 5.8648e-08 1.6015e-02 1.6005e-02
gnu:  312    0 5.8648e-08 5.8648e-09 6.4513e-08 1.6005e-02 1.6005e-02
gnu:  313    0 5.8648e-08 5.8648e-09 6.4513e-08 1.6005e-02 1.5995e-02
gnu:  313    5 6.4513e-08 1.0843e-09 6.5597e-08 1.5873e-02 1.5819e-02
gnu:  314    5 6.4513e-08 1.0843e-09 6.5597e-08 1.5819e-02 1.5856e-02
gnu:  314    5 6.5597e-08 2.1685e-09 6.7765e-08 1.5803e-02 1.5780e-02
gnu:  315    5 6.5597e-08 2.1685e-09 6.7765e-08 1.5780e-02 1.5795e-02
gnu:  315    5 6.7765e-08 4.3371e-09 7.2102e-08 1.5766e-02 1.5743e-02
gnu:  316    5 6.7765e-08 4.3371e-09 7.2102e-08 1.5743e-02 1.5745e-02
gnu:  316    5 7.2102e-08 7.2102e-09 7.9313e-08 1.5708e-02 1.5676e-02
gnu:  317    5 7.2102e-08 7.2102e-09 7.9313e-08 1.5676e-02 1.5674e-02
gnu:  317    5 7.9313e-08 7.9313e-09 8.7244e-08 1.5639e-02 1.5607e-02
gnu:  318    5 7.9313e-08 7.9313e-09 8.7244e-08 1.5607e-02 1.5602e-02
gnu:  318    5 8.7244e-08 8.7244e-09 9.5968e-08 1.5567e-02 1.5534e-02
gnu:  319    5 8.7244e-08 8.7244e-09 9.5968e-08 1.5534e-02 1.5527e-02
gnu:  319    5 9.5968e-08 9.5968e-09 1.0557e-07 1.5491e-02 1.5459e-02
gnu:  320    5 9.5968e-08 9.5968e-09 1.0557e-07 1.5459e-02 1.5449e-02
