#   Steps iter  t_saved    dt_saved      t        Y0[7]       Y[7]      flux[31]    Rrate
gnu:  308   82 2.5343e-09 7.4381e-11 2.6087e-09 6.1675e-04 6.4431e-04 4.9484e+05 8.0233e+08
gnu:  308   82 2.5343e-09 7.4381e-11 2.6087e-09 6.1675e-04 6.3604e-04 4.9484e+05 8.0233e+08
gnu:  309   83 2.5864e-09 1.0413e-10 2.6905e-09 6.3601e-04 6.7437e-04 5.1029e+05 8.0233e+08
gnu:  309   83 2.5864e-09 1.0413e-10 2.6905e-09 6.3601e-04 6.6287e-04 5.1029e+05 8.0233e+08
gnu:  309   84 2.5864e-09 1.0413e-10 2.6905e-09 6.3601e-04 6.5481e-04 5.1029e+05 8.0233e+08
gnu:  310   85 2.6374e-09 1.0205e-10 2.7395e-09 6.5478e-04 6.9213e-04 5.2535e+05 8.0233e+08
gnu:  310   85 2.6374e-09 1.0205e-10 2.7395e-09 6.5478e-04 6.8093e-04 5.2535e+05 8.0233e+08
gnu:  310   86 2.6374e-09 1.0205e-10 2.7395e-09 6.5478e-04 6.7308e-04 5.2535e+05 8.0233e+08
gnu:  311   87 2.6874e-09 1.0001e-10 2.7874e-09 6.7305e-04 7.0941e-04 5.4001e+05 8.0233e+08
gnu:  311   87 2.6874e-09 1.0001e-10 2.7874e-09 6.7305e-04 6.9850e-04 5.4001e+05 8.0233e+08
gnu:  311   88 2.6874e-09 1.0001e-10 2.7874e-09 6.7305e-04 6.9087e-04 5.4001e+05 8.0233e+08
gnu:  312   89 2.7364e-09 9.8010e-11 2.8345e-09 6.9084e-04 7.2621e-04 5.5428e+05 8.0233e+08
gnu:  312   89 2.7364e-09 9.8010e-11 2.8345e-09 6.9084e-04 7.1560e-04 5.5428e+05 8.0233e+08
gnu:  312   90 2.7364e-09 9.8010e-11 2.8345e-09 6.9084e-04 7.0817e-04 5.5428e+05 8.0233e+08
gnu:  313   91 2.7845e-09 9.6050e-11 2.8805e-09 7.0814e-04 7.4255e-04 5.6816e+05 8.0233e+08
gnu:  313   91 2.7845e-09 9.6050e-11 2.8805e-09 7.0814e-04 7.3223e-04 5.6816e+05 8.0233e+08
gnu:  313   92 2.7845e-09 9.6050e-11 2.8805e-09 7.0814e-04 7.2500e-04 5.6816e+05 8.0233e+08
gnu:  314   93 2.8315e-09 9.4129e-11 2.9257e-09 7.2497e-04 7.5843e-04 5.8166e+05 8.0233e+08
gnu:  314   93 2.8315e-09 9.4129e-11 2.9257e-09 7.2497e-04 7.4839e-04 5.8166e+05 8.0233e+08
gnu:  314   94 2.8315e-09 9.4129e-11 2.9257e-09 7.2497e-04 7.4137e-04 5.8166e+05 8.0233e+08
gnu:  315   95 2.8777e-09 9.2246e-11 2.9699e-09 7.4133e-04 7.7387e-04 5.9479e+05 8.0233e+08
gnu:  315   95 2.8777e-09 9.2246e-11 2.9699e-09 7.4133e-04 7.6411e-04 5.9479e+05 8.0233e+08
gnu:  315   96 2.8777e-09 9.2246e-11 2.9699e-09 7.4133e-04 7.5727e-04 5.9479e+05 8.0233e+08
gnu:  316   97 2.9229e-09 9.0401e-11 3.0133e-09 7.5724e-04 7.8887e-04 6.0756e+05 8.0233e+08
gnu:  316   97 2.9229e-09 9.0401e-11 3.0133e-09 7.5724e-04 7.7938e-04 6.0756e+05 8.0233e+08
gnu:  316   98 2.9229e-09 9.0401e-11 3.0133e-09 7.5724e-04 7.7274e-04 6.0756e+05 8.0233e+08
gnu:  317   99 2.9672e-09 8.8593e-11 3.0557e-09 7.7271e-04 8.0344e-04 6.1997e+05 8.0233e+08
gnu:  317   99 2.9672e-09 8.8593e-11 3.0557e-09 7.7271e-04 7.9422e-04 6.1997e+05 8.0233e+08
gnu:  317  100 2.9672e-09 8.8593e-11 3.0557e-09 7.7271e-04 7.8777e-04 6.1997e+05 8.0233e+08
gnu:  318  101 3.0106e-09 8.6821e-11 3.0974e-09 7.8774e-04 8.1761e-04 6.3203e+05 8.0233e+08
gnu:  318  101 3.0106e-09 8.6821e-11 3.0974e-09 7.8774e-04 8.0865e-04 6.3203e+05 8.0233e+08
gnu:  318  102 3.0106e-09 8.6821e-11 3.0974e-09 7.8774e-04 8.0237e-04 6.3203e+05 8.0233e+08
gnu:  319  103 3.0531e-09 8.5085e-11 3.1382e-09 8.0234e-04 8.3137e-04 6.4374e+05 8.0233e+08
gnu:  319  103 3.0531e-09 8.5085e-11 3.1382e-09 8.0234e-04 8.2266e-04 6.4374e+05 8.0233e+08
gnu:  319  104 3.0531e-09 8.5085e-11 3.1382e-09 8.0234e-04 8.1657e-04 6.4374e+05 8.0233e+08
gnu:  320  105 3.0948e-09 8.3383e-11 3.1782e-09 8.1654e-04 8.4474e-04 6.5513e+05 8.0233e+08
gnu:  320  105 3.0948e-09 8.3383e-11 3.1782e-09 8.1654e-04 8.3628e-04 6.5513e+05 8.0233e+08
gnu:  320  106 3.0948e-09 8.3383e-11 3.1782e-09 8.1654e-04 8.3036e-04 6.5513e+05 8.0233e+08
gnu:  321  107 3.1357e-09 8.1716e-11 3.2174e-09 8.3033e-04 8.5773e-04 6.6620e+05 8.0233e+08
gnu:  321  107 3.1357e-09 8.1716e-11 3.2174e-09 8.3033e-04 8.4951e-04 6.6620e+05 8.0233e+08
gnu:  321  108 3.1357e-09 8.1716e-11 3.2174e-09 8.3033e-04 8.4375e-04 6.6620e+05 8.0233e+08
gnu:  322  109 3.1757e-09 8.0081e-11 3.2558e-09 8.4372e-04 8.7035e-04 6.7695e+05 8.0233e+08
gnu:  322  109 3.1757e-09 8.0081e-11 3.2558e-09 8.4372e-04 8.6236e-04 6.7695e+05 8.0233e+08
gnu:  322  110 3.1757e-09 8.0081e-11 3.2558e-09 8.4372e-04 8.5677e-04 6.7695e+05 8.0233e+08
gnu:  323  111 3.2149e-09 7.8480e-11 3.2934e-09 8.5674e-04 8.8261e-04 6.8739e+05 8.0233e+08
gnu:  323  111 3.2149e-09 7.8480e-11 3.2934e-09 8.5674e-04 8.7485e-04 6.8739e+05 8.0233e+08
gnu:  323  112 3.2149e-09 7.8480e-11 3.2934e-09 8.5674e-04 8.6942e-04 6.8739e+05 8.0233e+08
gnu:  324  113 3.2534e-09 7.6910e-11 3.3303e-09 8.6939e-04 8.9452e-04 6.9754e+05 8.0233e+08
gnu:  324  113 3.2534e-09 7.6910e-11 3.3303e-09 8.6939e-04 8.8698e-04 6.9754e+05 8.0233e+08
gnu:  324  114 3.2534e-09 7.6910e-11 3.3303e-09 8.6939e-04 8.8170e-04 6.9754e+05 8.0233e+08
gnu:  325  115 3.2911e-09 7.5372e-11 3.3664e-09 8.8168e-04 9.0609e-04 7.0740e+05 8.0233e+08
gnu:  325  115 3.2911e-09 7.5372e-11 3.3664e-09 8.8168e-04 8.9877e-04 7.0740e+05 8.0233e+08
gnu:  325  116 3.2911e-09 7.5372e-11 3.3664e-09 8.8168e-04 8.9364e-04 7.0740e+05 8.0233e+08
gnu:  326  117 3.3280e-09 7.3864e-11 3.4019e-09 8.9362e-04 9.1734e-04 7.1698e+05 8.0233e+08
gnu:  326  117 3.3280e-09 7.3864e-11 3.4019e-09 8.9362e-04 9.1022e-04 7.1698e+05 8.0233e+08
gnu:  327  118 3.3797e-09 1.0341e-10 3.4831e-09 9.1017e-04 9.4298e-04 7.3026e+05 8.0233e+08
gnu:  327  118 3.3797e-09 1.0341e-10 3.4831e-09 9.1017e-04 9.3314e-04 7.3026e+05 8.0233e+08
gnu:  327  119 3.3797e-09 1.0341e-10 3.4831e-09 9.1017e-04 9.2625e-04 7.3026e+05 8.0233e+08
gnu:  328  120 3.4304e-09 1.0134e-10 3.5317e-09 9.2620e-04 9.5796e-04 7.4312e+05 8.0233e+08
gnu:  328  120 3.4304e-09 1.0134e-10 3.5317e-09 9.2620e-04 9.4843e-04 7.4312e+05 8.0233e+08
gnu:  328  121 3.4304e-09 1.0134e-10 3.5317e-09 9.2620e-04 9.4176e-04 7.4312e+05 8.0233e+08
gnu:  329  122 3.4800e-09 9.9315e-11 3.5794e-09 9.4172e-04 9.7246e-04 7.5557e+05 8.0233e+08
gnu:  329  122 3.4800e-09 9.9315e-11 3.5794e-09 9.4172e-04 9.6324e-04 7.5557e+05 8.0233e+08
gnu:  329  123 3.4800e-09 9.9315e-11 3.5794e-09 9.4172e-04 9.5678e-04 7.5557e+05 8.0233e+08
gnu:  330  124 3.5287e-09 9.7329e-11 3.6260e-09 9.5674e-04 9.8650e-04 7.6762e+05 8.0233e+08
gnu:  330  124 3.5287e-09 9.7329e-11 3.6260e-09 9.5674e-04 9.7757e-04 7.6762e+05 8.0233e+08
gnu:  330  125 3.5287e-09 9.7329e-11 3.6260e-09 9.5674e-04 9.7132e-04 7.6762e+05 8.0233e+08
gnu:  331  126 3.5764e-09 9.5382e-11 3.6718e-09 9.7128e-04 1.0001e-03 7.7929e+05 8.0233e+08
gnu:  331  126 3.5764e-09 9.5382e-11 3.6718e-09 9.7128e-04 9.9145e-04 7.7929e+05 8.0233e+08
gnu:  331  127 3.5764e-09 9.5382e-11 3.6718e-09 9.7128e-04 9.8540e-04 7.7929e+05 8.0233e+08
gnu:  332  128 3.6231e-09 9.3475e-11 3.7166e-09 9.8536e-04 1.0133e-03 7.9058e+05 8.0233e+08
gnu:  332  128 3.6231e-09 9.3475e-11 3.7166e-09 9.8536e-04 1.0049e-03 7.9058e+05 8.0233e+08
gnu:  332  129 3.6231e-09 9.3475e-11 3.7166e-09 9.8536e-04 9.9903e-04 7.9058e+05 8.0233e+08
gnu:  333  130 3.6689e-09 9.1605e-11 3.7605e-09 9.9899e-04 1.0260e-03 8.0152e+05 8.0233e+08
gnu:  333  130 3.6689e-09 9.1605e-11 3.7605e-09 9.9899e-04 1.0179e-03 8.0152e+05 8.0233e+08
gnu:  333  131 3.6689e-09 9.1605e-11 3.7605e-09 9.9899e-04 1.0122e-03 8.0152e+05 8.0233e+08
gnu:  334  132 3.7138e-09 8.9773e-11 3.8036e-09 1.0122e-03 1.0384e-03 8.1211e+05 8.0233e+08
gnu:  334  132 3.7138e-09 8.9773e-11 3.8036e-09 1.0122e-03 1.0305e-03 8.1211e+05 8.0233e+08
gnu:  334  133 3.7138e-09 8.9773e-11 3.8036e-09 1.0122e-03 1.0250e-03 8.1211e+05 8.0233e+08
gnu:  335  134 3.7578e-09 8.7978e-11 3.8458e-09 1.0250e-03 1.0503e-03 8.2237e+05 8.0233e+08
gnu:  335  134 3.7578e-09 8.7978e-11 3.8458e-09 1.0250e-03 1.0427e-03 8.2237e+05 8.0233e+08
gnu:  335  135 3.7578e-09 8.7978e-11 3.8458e-09 1.0250e-03 1.0374e-03 8.2237e+05 8.0233e+08
gnu:  336  136 3.8009e-09 8.6218e-11 3.8871e-09 1.0374e-03 1.0619e-03 8.3230e+05 8.0233e+08
gnu:  336  136 3.8009e-09 8.6218e-11 3.8871e-09 1.0374e-03 1.0545e-03 8.3230e+05 8.0233e+08
gnu:  336  137 3.8009e-09 8.6218e-11 3.8871e-09 1.0374e-03 1.0494e-03 8.3230e+05 8.0233e+08
gnu:  337  138 3.8432e-09 8.4494e-11 3.9277e-09 1.0494e-03 1.0731e-03 8.4193e+05 8.0233e+08
gnu:  337  138 3.8432e-09 8.4494e-11 3.9277e-09 1.0494e-03 1.0660e-03 8.4193e+05 8.0233e+08
gnu:  337  139 3.8432e-09 8.4494e-11 3.9277e-09 1.0494e-03 1.0610e-03 8.4193e+05 8.0233e+08
gnu:  338  140 3.8846e-09 8.2804e-11 3.9674e-09 1.0610e-03 1.0840e-03 8.5125e+05 8.0233e+08
gnu:  338  140 3.8846e-09 8.2804e-11 3.9674e-09 1.0610e-03 1.0771e-03 8.5125e+05 8.0233e+08
gnu:  338  141 3.8846e-09 8.2804e-11 3.9674e-09 1.0610e-03 1.0723e-03 8.5125e+05 8.0233e+08
gnu:  339  142 3.9251e-09 8.1148e-11 4.0063e-09 1.0722e-03 1.0946e-03 8.6028e+05 8.0233e+08
gnu:  339  142 3.9251e-09 8.1148e-11 4.0063e-09 1.0722e-03 1.0879e-03 8.6028e+05 8.0233e+08
gnu:  339  143 3.9251e-09 8.1148e-11 4.0063e-09 1.0722e-03 1.0832e-03 8.6028e+05 8.0233e+08
gnu:  340  144 3.9649e-09 7.9525e-11 4.0444e-09 1.0831e-03 1.1048e-03 8.6904e+05 8.0233e+08
gnu:  340  144 3.9649e-09 7.9525e-11 4.0444e-09 1.0831e-03 1.0983e-03 8.6904e+05 8.0233e+08
gnu:  340  145 3.9649e-09 7.9525e-11 4.0444e-09 1.0831e-03 1.0937e-03 8.6904e+05 8.0233e+08
gnu:  341  146 4.0039e-09 7.7934e-11 4.0818e-09 1.0937e-03 1.1147e-03 8.7752e+05 8.0233e+08
gnu:  341  146 4.0039e-09 7.7934e-11 4.0818e-09 1.0937e-03 1.1084e-03 8.7752e+05 8.0233e+08
gnu:  341  147 4.0039e-09 7.7934e-11 4.0818e-09 1.0937e-03 1.1040e-03 8.7752e+05 8.0233e+08
gnu:  342  148 4.0421e-09 7.6376e-11 4.1184e-09 1.1040e-03 1.1243e-03 8.8574e+05 8.0233e+08
gnu:  342  148 4.0421e-09 7.6376e-11 4.1184e-09 1.1040e-03 1.1182e-03 8.8574e+05 8.0233e+08
gnu:  342  149 4.0421e-09 7.6376e-11 4.1184e-09 1.1040e-03 1.1139e-03 8.8574e+05 8.0233e+08
gnu:  343  150 4.0795e-09 7.4848e-11 4.1543e-09 1.1139e-03 1.1336e-03 8.9372e+05 8.0233e+08
gnu:  343  150 4.0795e-09 7.4848e-11 4.1543e-09 1.1139e-03 1.1277e-03 8.9372e+05 8.0233e+08
gnu:  343  151 4.0795e-09 7.4848e-11 4.1543e-09 1.1139e-03 1.1236e-03 8.9372e+05 8.0233e+08
gnu:  344  152 4.1162e-09 7.3351e-11 4.1895e-09 1.1235e-03 1.1427e-03 9.0145e+05 8.0233e+08
gnu:  344  152 4.1162e-09 7.3351e-11 4.1895e-09 1.1235e-03 1.1369e-03 9.0145e+05 8.0233e+08
gnu:  345  153 4.1675e-09 1.0269e-10 4.2702e-09 1.1369e-03 1.1632e-03 9.1215e+05 8.0233e+08
gnu:  345  153 4.1675e-09 1.0269e-10 4.2702e-09 1.1369e-03 1.1553e-03 9.1215e+05 8.0233e+08
gnu:  345  154 4.1675e-09 1.0269e-10 4.2702e-09 1.1369e-03 1.1498e-03 9.1215e+05 8.0233e+08
gnu:  346  155 4.2178e-09 1.0064e-10 4.3185e-09 1.1497e-03 1.1752e-03 9.2248e+05 8.0233e+08
gnu:  346  155 4.2178e-09 1.0064e-10 4.3185e-09 1.1497e-03 1.1676e-03 9.2248e+05 8.0233e+08
gnu:  346  156 4.2178e-09 1.0064e-10 4.3185e-09 1.1497e-03 1.1622e-03 9.2248e+05 8.0233e+08
gnu:  347  157 4.2671e-09 9.8625e-11 4.3658e-09 1.1622e-03 1.1868e-03 9.3245e+05 8.0233e+08
gnu:  347  157 4.2671e-09 9.8625e-11 4.3658e-09 1.1622e-03 1.1794e-03 9.3245e+05 8.0233e+08
gnu:  347  158 4.2671e-09 9.8625e-11 4.3658e-09 1.1622e-03 1.1742e-03 9.3245e+05 8.0233e+08
gnu:  348  159 4.3155e-09 9.6652e-11 4.4121e-09 1.1742e-03 1.1980e-03 9.4209e+05 8.0233e+08
gnu:  348  159 4.3155e-09 9.6652e-11 4.4121e-09 1.1742e-03 1.1908e-03 9.4209e+05 8.0233e+08
gnu:  348  160 4.3155e-09 9.6652e-11 4.4121e-09 1.1742e-03 1.1858e-03 9.4209e+05 8.0233e+08
gnu:  349  161 4.3628e-09 9.4719e-11 4.4575e-09 1.1858e-03 1.2088e-03 9.5140e+05 8.0233e+08
gnu:  349  161 4.3628e-09 9.4719e-11 4.4575e-09 1.1858e-03 1.2019e-03 9.5140e+05 8.0233e+08
gnu:  349  162 4.3628e-09 9.4719e-11 4.4575e-09 1.1858e-03 1.1971e-03 9.5140e+05 8.0233e+08
gnu:  350  163 4.4092e-09 9.2825e-11 4.5021e-09 1.1970e-03 1.2192e-03 9.6040e+05 8.0233e+08
gnu:  350  163 4.4092e-09 9.2825e-11 4.5021e-09 1.1970e-03 1.2126e-03 9.6040e+05 8.0233e+08
gnu:  350  164 4.4092e-09 9.2825e-11 4.5021e-09 1.1970e-03 1.2079e-03 9.6040e+05 8.0233e+08
gnu:  351  165 4.4547e-09 9.0968e-11 4.5457e-09 1.2079e-03 1.2293e-03 9.6910e+05 8.0233e+08
gnu:  351  165 4.4547e-09 9.0968e-11 4.5457e-09 1.2079e-03 1.2229e-03 9.6910e+05 8.0233e+08
gnu:  351  166 4.4547e-09 9.0968e-11 4.5457e-09 1.2079e-03 1.2184e-03 9.6910e+05 8.0233e+08
gnu:  352  167 4.4993e-09 8.9149e-11 4.5884e-09 1.2183e-03 1.2391e-03 9.7751e+05 8.0233e+08
gnu:  352  167 4.4993e-09 8.9149e-11 4.5884e-09 1.2183e-03 1.2329e-03 9.7751e+05 8.0233e+08
gnu:  352  168 4.4993e-09 8.9149e-11 4.5884e-09 1.2183e-03 1.2285e-03 9.7751e+05 8.0233e+08
gnu:  353  169 4.5430e-09 8.7366e-11 4.6303e-09 1.2285e-03 1.2486e-03 9.8565e+05 8.0233e+08
gnu:  353  169 4.5430e-09 8.7366e-11 4.6303e-09 1.2285e-03 1.2425e-03 9.8565e+05 8.0233e+08
gnu:  353  170 4.5430e-09 8.7366e-11 4.6303e-09 1.2285e-03 1.2383e-03 9.8565e+05 8.0233e+08
gnu:  354  171 4.5858e-09 8.5619e-11 4.6714e-09 1.2383e-03 1.2577e-03 9.9352e+05 8.0233e+08
gnu:  354  171 4.5858e-09 8.5619e-11 4.6714e-09 1.2383e-03 1.2519e-03 9.9352e+05 8.0233e+08
gnu:  354  172 4.5858e-09 8.5619e-11 4.6714e-09 1.2383e-03 1.2478e-03 9.9352e+05 8.0233e+08
gnu:  355  173 4.6277e-09 8.3906e-11 4.7116e-09 1.2478e-03 1.2666e-03 1.0011e+06 8.0233e+08
gnu:  355  173 4.6277e-09 8.3906e-11 4.7116e-09 1.2478e-03 1.2609e-03 1.0011e+06 8.0233e+08
gnu:  355  174 4.6277e-09 8.3906e-11 4.7116e-09 1.2478e-03 1.2570e-03 1.0011e+06 8.0233e+08
gnu:  356  175 4.6689e-09 8.2228e-11 4.7511e-09 1.2570e-03 1.2751e-03 1.0085e+06 8.0233e+08
gnu:  356  175 4.6689e-09 8.2228e-11 4.7511e-09 1.2570e-03 1.2697e-03 1.0085e+06 8.0233e+08
gnu:  356  176 4.6689e-09 8.2228e-11 4.7511e-09 1.2570e-03 1.2659e-03 1.0085e+06 8.0233e+08
gnu:  357  177 4.7091e-09 8.0584e-11 4.7897e-09 1.2658e-03 1.2834e-03 1.0156e+06 8.0233e+08
gnu:  357  177 4.7091e-09 8.0584e-11 4.7897e-09 1.2658e-03 1.2782e-03 1.0156e+06 8.0233e+08
gnu:  357  178 4.7091e-09 8.0584e-11 4.7897e-09 1.2658e-03 1.2745e-03 1.0156e+06 8.0233e+08
gnu:  358  179 4.7486e-09 7.8972e-11 4.8276e-09 1.2744e-03 1.2915e-03 1.0225e+06 8.0233e+08
gnu:  358  179 4.7486e-09 7.8972e-11 4.8276e-09 1.2744e-03 1.2864e-03 1.0225e+06 8.0233e+08
gnu:  358  180 4.7486e-09 7.8972e-11 4.8276e-09 1.2744e-03 1.2828e-03 1.0225e+06 8.0233e+08
gnu:  359  181 4.7873e-09 7.7393e-11 4.8647e-09 1.2828e-03 1.2993e-03 1.0292e+06 8.0233e+08
gnu:  359  181 4.7873e-09 7.7393e-11 4.8647e-09 1.2828e-03 1.2943e-03 1.0292e+06 8.0233e+08
gnu:  359  182 4.7873e-09 7.7393e-11 4.8647e-09 1.2828e-03 1.2909e-03 1.0292e+06 8.0233e+08
gnu:  360  183 4.8253e-09 7.5845e-11 4.9011e-09 1.2908e-03 1.3068e-03 1.0357e+06 8.0233e+08
gnu:  360  183 4.8253e-09 7.5845e-11 4.9011e-09 1.2908e-03 1.3020e-03 1.0357e+06 8.0233e+08
gnu:  360  184 4.8253e-09 7.5845e-11 4.9011e-09 1.2908e-03 1.2987e-03 1.0357e+06 8.0233e+08
gnu:  361  185 4.8624e-09 7.4328e-11 4.9367e-09 1.2987e-03 1.3141e-03 1.0419e+06 8.0233e+08
gnu:  361  185 4.8624e-09 7.4328e-11 4.9367e-09 1.2987e-03 1.3095e-03 1.0419e+06 8.0233e+08
gnu:  362  186 4.9144e-09 1.0406e-10 5.0185e-09 1.3095e-03 1.3308e-03 1.0506e+06 8.0233e+08
gnu:  362  186 4.9144e-09 1.0406e-10 5.0185e-09 1.3095e-03 1.3244e-03 1.0506e+06 8.0233e+08
gnu:  362  187 4.9144e-09 1.0406e-10 5.0185e-09 1.3095e-03 1.3199e-03 1.0506e+06 8.0233e+08
gnu:  363  188 4.9654e-09 1.0198e-10 5.0674e-09 1.3199e-03 1.3405e-03 1.0590e+06 8.0233e+08
gnu:  363  188 4.9654e-09 1.0198e-10 5.0674e-09 1.3199e-03 1.3343e-03 1.0590e+06 8.0233e+08
gnu:  363  189 4.9654e-09 1.0198e-10 5.0674e-09 1.3199e-03 1.3300e-03 1.0590e+06 8.0233e+08
gnu:  364  190 5.0154e-09 9.9938e-11 5.1153e-09 1.3299e-03 1.3498e-03 1.0670e+06 8.0233e+08
gnu:  364  190 5.0154e-09 9.9938e-11 5.1153e-09 1.3299e-03 1.3438e-03 1.0670e+06 8.0233e+08
gnu:  364  191 5.0154e-09 9.9938e-11 5.1153e-09 1.3299e-03 1.3397e-03 1.0670e+06 8.0233e+08
gnu:  365  192 5.0644e-09 9.7940e-11 5.1623e-09 1.3396e-03 1.3588e-03 1.0748e+06 8.0233e+08
gnu:  365  192 5.0644e-09 9.7940e-11 5.1623e-09 1.3396e-03 1.3531e-03 1.0748e+06 8.0233e+08
gnu:  365  193 5.0644e-09 9.7940e-11 5.1623e-09 1.3396e-03 1.3490e-03 1.0748e+06 8.0233e+08
gnu:  366  194 5.1124e-09 9.5981e-11 5.2083e-09 1.3490e-03 1.3675e-03 1.0823e+06 8.0233e+08
gnu:  366  194 5.1124e-09 9.5981e-11 5.2083e-09 1.3490e-03 1.3620e-03 1.0823e+06 8.0233e+08
gnu:  366  195 5.1124e-09 9.5981e-11 5.2083e-09 1.3490e-03 1.3581e-03 1.0823e+06 8.0233e+08
gnu:  367  196 5.1594e-09 9.4061e-11 5.2535e-09 1.3580e-03 1.3759e-03 1.0896e+06 8.0233e+08
gnu:  367  196 5.1594e-09 9.4061e-11 5.2535e-09 1.3580e-03 1.3706e-03 1.0896e+06 8.0233e+08
gnu:  367  197 5.1594e-09 9.4061e-11 5.2535e-09 1.3580e-03 1.3668e-03 1.0896e+06 8.0233e+08
gnu:  368  198 5.2055e-09 9.2180e-11 5.2977e-09 1.3668e-03 1.3841e-03 1.0966e+06 8.0233e+08
gnu:  368  198 5.2055e-09 9.2180e-11 5.2977e-09 1.3668e-03 1.3789e-03 1.0966e+06 8.0233e+08
gnu:  368  199 5.2055e-09 9.2180e-11 5.2977e-09 1.3668e-03 1.3752e-03 1.0966e+06 8.0233e+08
gnu:  369  200 5.2507e-09 9.0336e-11 5.3410e-09 1.3752e-03 1.3919e-03 1.1034e+06 8.0233e+08
gnu:  369  200 5.2507e-09 9.0336e-11 5.3410e-09 1.3752e-03 1.3869e-03 1.1034e+06 8.0233e+08
gnu:  369  201 5.2507e-09 9.0336e-11 5.3410e-09 1.3752e-03 1.3834e-03 1.1034e+06 8.0233e+08
gnu:  370  202 5.2949e-09 8.8530e-11 5.3834e-09 1.3834e-03 1.3995e-03 1.1099e+06 8.0233e+08
gnu:  370  202 5.2949e-09 8.8530e-11 5.3834e-09 1.3834e-03 1.3947e-03 1.1099e+06 8.0233e+08
gnu:  370  203 5.2949e-09 8.8530e-11 5.3834e-09 1.3834e-03 1.3913e-03 1.1099e+06 8.0233e+08
gnu:  371  204 5.3383e-09 8.6759e-11 5.4251e-09 1.3913e-03 1.4069e-03 1.1162e+06 8.0233e+08
gnu:  371  204 5.3383e-09 8.6759e-11 5.4251e-09 1.3913e-03 1.4022e-03 1.1162e+06 8.0233e+08
gnu:  371  205 5.3383e-09 8.6759e-11 5.4251e-09 1.3913e-03 1.3989e-03 1.1162e+06 8.0233e+08
gnu:  372  206 5.3808e-09 8.5024e-11 5.4658e-09 1.3989e-03 1.4140e-03 1.1224e+06 8.0233e+08
gnu:  372  206 5.3808e-09 8.5024e-11 5.4658e-09 1.3989e-03 1.4094e-03 1.1224e+06 8.0233e+08
gnu:  372  207 5.3808e-09 8.5024e-11 5.4658e-09 1.3989e-03 1.4063e-03 1.1224e+06 8.0233e+08
gnu:  373  208 5.4225e-09 8.3323e-11 5.5058e-09 1.4063e-03 1.4209e-03 1.1283e+06 8.0233e+08
gnu:  373  208 5.4225e-09 8.3323e-11 5.5058e-09 1.4063e-03 1.4165e-03 1.1283e+06 8.0233e+08
gnu:  373  209 5.4225e-09 8.3323e-11 5.5058e-09 1.4063e-03 1.4134e-03 1.1283e+06 8.0233e+08
gnu:  374  210 5.4633e-09 8.1657e-11 5.5450e-09 1.4134e-03 1.4275e-03 1.1340e+06 8.0233e+08
gnu:  374  210 5.4633e-09 8.1657e-11 5.5450e-09 1.4134e-03 1.4233e-03 1.1340e+06 8.0233e+08
gnu:  374  211 5.4633e-09 8.1657e-11 5.5450e-09 1.4134e-03 1.4203e-03 1.1340e+06 8.0233e+08
gnu:  375  212 5.5033e-09 8.0024e-11 5.5833e-09 1.4203e-03 1.4340e-03 1.1395e+06 8.0233e+08
gnu:  375  212 5.5033e-09 8.0024e-11 5.5833e-09 1.4203e-03 1.4299e-03 1.1395e+06 8.0233e+08
gnu:  375  213 5.5033e-09 8.0024e-11 5.5833e-09 1.4203e-03 1.4270e-03 1.1395e+06 8.0233e+08
gnu:  376  214 5.5425e-09 7.8423e-11 5.6209e-09 1.4270e-03 1.4402e-03 1.1449e+06 8.0233e+08
gnu:  376  214 5.5425e-09 7.8423e-11 5.6209e-09 1.4270e-03 1.4362e-03 1.1449e+06 8.0233e+08
gnu:  376  215 5.5425e-09 7.8423e-11 5.6209e-09 1.4270e-03 1.4335e-03 1.1449e+06 8.0233e+08
gnu:  377  216 5.5810e-09 7.6855e-11 5.6578e-09 1.4334e-03 1.4463e-03 1.1501e+06 8.0233e+08
gnu:  377  216 5.5810e-09 7.6855e-11 5.6578e-09 1.4334e-03 1.4424e-03 1.1501e+06 8.0233e+08
gnu:  377  217 5.5810e-09 7.6855e-11 5.6578e-09 1.4334e-03 1.4397e-03 1.1501e+06 8.0233e+08
gnu:  378  218 5.6186e-09 7.5318e-11 5.6939e-09 1.4397e-03 1.4521e-03 1.1551e+06 8.0233e+08
gnu:  378  218 5.6186e-09 7.5318e-11 5.6939e-09 1.4397e-03 1.4484e-03 1.1551e+06 8.0233e+08
gnu:  378  219 5.6186e-09 7.5318e-11 5.6939e-09 1.4397e-03 1.4458e-03 1.1551e+06 8.0233e+08
gnu:  379  220 5.6555e-09 7.3811e-11 5.7293e-09 1.4458e-03 1.4578e-03 1.1600e+06 8.0233e+08
gnu:  379  220 5.6555e-09 7.3811e-11 5.7293e-09 1.4458e-03 1.4542e-03 1.1600e+06 8.0233e+08
gnu:  380  221 5.7072e-09 1.0334e-10 5.8105e-09 1.4542e-03 1.4707e-03 1.1667e+06 8.0233e+08
gnu:  380  221 5.7072e-09 1.0334e-10 5.8105e-09 1.4542e-03 1.4658e-03 1.1667e+06 8.0233e+08
gnu:  380  222 5.7072e-09 1.0334e-10 5.8105e-09 1.4542e-03 1.4623e-03 1.1667e+06 8.0233e+08
gnu:  381  223 5.7578e-09 1.0127e-10 5.8591e-09 1.4622e-03 1.4782e-03 1.1732e+06 8.0233e+08
gnu:  381  223 5.7578e-09 1.0127e-10 5.8591e-09 1.4622e-03 1.4734e-03 1.1732e+06 8.0233e+08
gnu:  381  224 5.7578e-09 1.0127e-10 5.8591e-09 1.4622e-03 1.4701e-03 1.1732e+06 8.0233e+08
gnu:  382  225 5.8074e-09 9.9244e-11 5.9067e-09 1.4700e-03 1.4855e-03 1.1795e+06 8.0233e+08
gnu:  382  225 5.8074e-09 9.9244e-11 5.9067e-09 1.4700e-03 1.4808e-03 1.1795e+06 8.0233e+08
gnu:  382  226 5.8074e-09 9.9244e-11 5.9067e-09 1.4700e-03 1.4776e-03 1.1795e+06 8.0233e+08
gnu:  383  227 5.8561e-09 9.7259e-11 5.9533e-09 1.4776e-03 1.4925e-03 1.1855e+06 8.0233e+08
gnu:  383  227 5.8561e-09 9.7259e-11 5.9533e-09 1.4776e-03 1.4880e-03 1.1855e+06 8.0233e+08
gnu:  383  228 5.8561e-09 9.7259e-11 5.9533e-09 1.4776e-03 1.4849e-03 1.1855e+06 8.0233e+08
gnu:  384  229 5.9037e-09 9.5314e-11 5.9990e-09 1.4848e-03 1.4992e-03 1.1913e+06 8.0233e+08
gnu:  384  229 5.9037e-09 9.5314e-11 5.9990e-09 1.4848e-03 1.4949e-03 1.1913e+06 8.0233e+08
gnu:  384  230 5.9037e-09 9.5314e-11 5.9990e-09 1.4848e-03 1.4919e-03 1.1913e+06 8.0233e+08
gnu:  385  231 5.9504e-09 9.3407e-11 6.0438e-09 1.4919e-03 1.5058e-03 1.1970e+06 8.0233e+08
gnu:  385  231 5.9504e-09 9.3407e-11 6.0438e-09 1.4919e-03 1.5016e-03 1.1970e+06 8.0233e+08
gnu:  385  232 5.9504e-09 9.3407e-11 6.0438e-09 1.4919e-03 1.4987e-03 1.1970e+06 8.0233e+08
gnu:  386  233 5.9962e-09 9.1539e-11 6.0877e-09 1.4986e-03 1.5121e-03 1.2024e+06 8.0233e+08
gnu:  386  233 5.9962e-09 9.1539e-11 6.0877e-09 1.4986e-03 1.5080e-03 1.2024e+06 8.0233e+08
gnu:  386  234 5.9962e-09 9.1539e-11 6.0877e-09 1.4986e-03 1.5052e-03 1.2024e+06 8.0233e+08
gnu:  387  235 6.0411e-09 8.9708e-11 6.1308e-09 1.5052e-03 1.5182e-03 1.2077e+06 8.0233e+08
gnu:  387  235 6.0411e-09 8.9708e-11 6.1308e-09 1.5052e-03 1.5143e-03 1.2077e+06 8.0233e+08
gnu:  387  236 6.0411e-09 8.9708e-11 6.1308e-09 1.5052e-03 1.5116e-03 1.2077e+06 8.0233e+08
gnu:  388  237 6.0850e-09 8.7914e-11 6.1729e-09 1.5115e-03 1.5241e-03 1.2127e+06 8.0233e+08
gnu:  388  237 6.0850e-09 8.7914e-11 6.1729e-09 1.5115e-03 1.5203e-03 1.2127e+06 8.0233e+08
gnu:  388  238 6.0850e-09 8.7914e-11 6.1729e-09 1.5115e-03 1.5177e-03 1.2127e+06 8.0233e+08
gnu:  389  239 6.1281e-09 8.6156e-11 6.2142e-09 1.5177e-03 1.5298e-03 1.2177e+06 8.0233e+08
gnu:  389  239 6.1281e-09 8.6156e-11 6.2142e-09 1.5177e-03 1.5261e-03 1.2177e+06 8.0233e+08
gnu:  389  240 6.1281e-09 8.6156e-11 6.2142e-09 1.5177e-03 1.5236e-03 1.2177e+06 8.0233e+08
gnu:  390  241 6.1703e-09 8.4433e-11 6.2547e-09 1.5236e-03 1.5353e-03 1.2224e+06 8.0233e+08
gnu:  390  241 6.1703e-09 8.4433e-11 6.2547e-09 1.5236e-03 1.5318e-03 1.2224e+06 8.0233e+08
gnu:  390  242 6.1703e-09 8.4433e-11 6.2547e-09 1.5236e-03 1.5293e-03 1.2224e+06 8.0233e+08
gnu:  391  243 6.2117e-09 8.2744e-11 6.2944e-09 1.5293e-03 1.5407e-03 1.2270e+06 8.0233e+08
gnu:  391  243 6.2117e-09 8.2744e-11 6.2944e-09 1.5293e-03 1.5372e-03 1.2270e+06 8.0233e+08
gnu:  391  244 6.2117e-09 8.2744e-11 6.2944e-09 1.5293e-03 1.5349e-03 1.2270e+06 8.0233e+08
gnu:  392  245 6.2522e-09 8.1089e-11 6.3333e-09 1.5348e-03 1.5458e-03 1.2315e+06 8.0233e+08
gnu:  392  245 6.2522e-09 8.1089e-11 6.3333e-09 1.5348e-03 1.5425e-03 1.2315e+06 8.0233e+08
gnu:  392  246 6.2522e-09 8.1089e-11 6.3333e-09 1.5348e-03 1.5402e-03 1.2315e+06 8.0233e+08
gnu:  393  247 6.2920e-09 7.9468e-11 6.3714e-09 1.5402e-03 1.5508e-03 1.2358e+06 8.0233e+08
gnu:  393  247 6.2920e-09 7.9468e-11 6.3714e-09 1.5402e-03 1.5477e-03 1.2358e+06 8.0233e+08
gnu:  393  248 6.2920e-09 7.9468e-11 6.3714e-09 1.5402e-03 1.5454e-03 1.2358e+06 8.0233e+08
gnu:  394  249 6.3309e-09 7.7878e-11 6.4088e-09 1.5454e-03 1.5557e-03 1.2399e+06 8.0233e+08
gnu:  394  249 6.3309e-09 7.7878e-11 6.4088e-09 1.5454e-03 1.5526e-03 1.2399e+06 8.0233e+08
gnu:  394  250 6.3309e-09 7.7878e-11 6.4088e-09 1.5454e-03 1.5504e-03 1.2399e+06 8.0233e+08
gnu:  395  251 6.3691e-09 7.6321e-11 6.4454e-09 1.5504e-03 1.5604e-03 1.2440e+06 8.0233e+08
gnu:  395  251 6.3691e-09 7.6321e-11 6.4454e-09 1.5504e-03 1.5574e-03 1.2440e+06 8.0233e+08
gnu:  395  252 6.3691e-09 7.6321e-11 6.4454e-09 1.5504e-03 1.5553e-03 1.2440e+06 8.0233e+08
gnu:  396  253 6.4065e-09 7.4794e-11 6.4812e-09 1.5553e-03 1.5650e-03 1.2479e+06 8.0233e+08
gnu:  396  253 6.4065e-09 7.4794e-11 6.4812e-09 1.5553e-03 1.5621e-03 1.2479e+06 8.0233e+08
gnu:  396  254 6.4065e-09 7.4794e-11 6.4812e-09 1.5553e-03 1.5600e-03 1.2479e+06 8.0233e+08
gnu:  397  255 6.4431e-09 7.3298e-11 6.5164e-09 1.5600e-03 1.5694e-03 1.2517e+06 8.0233e+08
gnu:  397  255 6.4431e-09 7.3298e-11 6.5164e-09 1.5600e-03 1.5666e-03 1.2517e+06 8.0233e+08
gnu:  398  256 6.4944e-09 1.0262e-10 6.5970e-09 1.5665e-03 1.5794e-03 1.2569e+06 8.0233e+08
gnu:  398  256 6.4944e-09 1.0262e-10 6.5970e-09 1.5665e-03 1.5756e-03 1.2569e+06 8.0233e+08
gnu:  398  257 6.4944e-09 1.0262e-10 6.5970e-09 1.5665e-03 1.5729e-03 1.2569e+06 8.0233e+08
gnu:  399  258 6.5447e-09 1.0057e-10 6.6453e-09 1.5728e-03 1.5853e-03 1.2619e+06 8.0233e+08
gnu:  399  258 6.5447e-09 1.0057e-10 6.6453e-09 1.5728e-03 1.5816e-03 1.2619e+06 8.0233e+08
gnu:  399  259 6.5447e-09 1.0057e-10 6.6453e-09 1.5728e-03 1.5789e-03 1.2619e+06 8.0233e+08
gnu:  400  260 6.5940e-09 9.8554e-11 6.6925e-09 1.5789e-03 1.5909e-03 1.2668e+06 8.0233e+08
gnu:  400  260 6.5940e-09 9.8554e-11 6.6925e-09 1.5789e-03 1.5873e-03 1.2668e+06 8.0233e+08
gnu:  400  261 6.5940e-09 9.8554e-11 6.6925e-09 1.5789e-03 1.5848e-03 1.2668e+06 8.0233e+08
gnu:  401  262 6.6423e-09 9.6583e-11 6.7388e-09 1.5848e-03 1.5964e-03 1.2715e+06 8.0233e+08
gnu:  401  262 6.6423e-09 9.6583e-11 6.7388e-09 1.5848e-03 1.5929e-03 1.2715e+06 8.0233e+08
gnu:  401  263 6.6423e-09 9.6583e-11 6.7388e-09 1.5848e-03 1.5905e-03 1.2715e+06 8.0233e+08
gnu:  402  264 6.6896e-09 9.4651e-11 6.7842e-09 1.5905e-03 1.6017e-03 1.2761e+06 8.0233e+08
gnu:  402  264 6.6896e-09 9.4651e-11 6.7842e-09 1.5905e-03 1.5983e-03 1.2761e+06 8.0233e+08
gnu:  402  265 6.6896e-09 9.4651e-11 6.7842e-09 1.5905e-03 1.5959e-03 1.2761e+06 8.0233e+08
gnu:  403  266 6.7360e-09 9.2758e-11 6.8287e-09 1.5959e-03 1.6068e-03 1.2805e+06 8.0233e+08
gnu:  403  266 6.7360e-09 9.2758e-11 6.8287e-09 1.5959e-03 1.6035e-03 1.2805e+06 8.0233e+08
gnu:  403  267 6.7360e-09 9.2758e-11 6.8287e-09 1.5959e-03 1.6012e-03 1.2805e+06 8.0233e+08
gnu:  404  268 6.7814e-09 9.0903e-11 6.8723e-09 1.6012e-03 1.6117e-03 1.2847e+06 8.0233e+08
gnu:  404  268 6.7814e-09 9.0903e-11 6.8723e-09 1.6012e-03 1.6085e-03 1.2847e+06 8.0233e+08
gnu:  404  269 6.7814e-09 9.0903e-11 6.8723e-09 1.6012e-03 1.6063e-03 1.2847e+06 8.0233e+08
gnu:  405  270 6.8260e-09 8.9085e-11 6.9150e-09 1.6063e-03 1.6164e-03 1.2888e+06 8.0233e+08
gnu:  405  270 6.8260e-09 8.9085e-11 6.9150e-09 1.6063e-03 1.6134e-03 1.2888e+06 8.0233e+08
gnu:  405  271 6.8260e-09 8.9085e-11 6.9150e-09 1.6063e-03 1.6113e-03 1.2888e+06 8.0233e+08
gnu:  406  272 6.8696e-09 8.7303e-11 6.9569e-09 1.6113e-03 1.6211e-03 1.2928e+06 8.0233e+08
gnu:  406  272 6.8696e-09 8.7303e-11 6.9569e-09 1.6113e-03 1.6181e-03 1.2928e+06 8.0233e+08
gnu:  406  273 6.8696e-09 8.7303e-11 6.9569e-09 1.6113e-03 1.6161e-03 1.2928e+06 8.0233e+08
gnu:  407  274 6.9124e-09 8.5557e-11 6.9979e-09 1.6160e-03 1.6255e-03 1.2966e+06 8.0233e+08
gnu:  407  274 6.9124e-09 8.5557e-11 6.9979e-09 1.6160e-03 1.6227e-03 1.2966e+06 8.0233e+08
gnu:  407  275 6.9124e-09 8.5557e-11 6.9979e-09 1.6160e-03 1.6207e-03 1.2966e+06 8.0233e+08
gnu:  408  276 6.9543e-09 8.3846e-11 7.0382e-09 1.6207e-03 1.6298e-03 1.3003e+06 8.0233e+08
gnu:  408  276 6.9543e-09 8.3846e-11 7.0382e-09 1.6207e-03 1.6271e-03 1.3003e+06 8.0233e+08
gnu:  408  277 6.9543e-09 8.3846e-11 7.0382e-09 1.6207e-03 1.6252e-03 1.3003e+06 8.0233e+08
gnu:  409  278 6.9954e-09 8.2169e-11 7.0776e-09 1.6251e-03 1.6340e-03 1.3039e+06 8.0233e+08
gnu:  409  278 6.9954e-09 8.2169e-11 7.0776e-09 1.6251e-03 1.6314e-03 1.3039e+06 8.0233e+08
gnu:  409  279 6.9954e-09 8.2169e-11 7.0776e-09 1.6251e-03 1.6295e-03 1.3039e+06 8.0233e+08
gnu:  410  280 7.0357e-09 8.0526e-11 7.1162e-09 1.6295e-03 1.6381e-03 1.3074e+06 8.0233e+08
gnu:  410  280 7.0357e-09 8.0526e-11 7.1162e-09 1.6295e-03 1.6355e-03 1.3074e+06 8.0233e+08
gnu:  411  281 7.0920e-09 7.9722e-11 7.1718e-09 1.6355e-03 1.6438e-03 1.3122e+06 8.0233e+08
gnu:  411  281 7.0920e-09 7.9722e-11 7.1718e-09 1.6355e-03 1.6413e-03 1.3122e+06 8.0233e+08
gnu:  411  282 7.0920e-09 7.9722e-11 7.1718e-09 1.6355e-03 1.6396e-03 1.3122e+06 8.0233e+08
gnu:  412  283 7.1311e-09 7.8127e-11 7.2092e-09 1.6396e-03 1.6476e-03 1.3155e+06 8.0233e+08
gnu:  412  283 7.1311e-09 7.8127e-11 7.2092e-09 1.6396e-03 1.6452e-03 1.3155e+06 8.0233e+08
gnu:  413  284 7.1858e-09 8.0182e-11 7.2660e-09 1.6452e-03 1.6534e-03 1.3200e+06 8.0233e+08
gnu:  413  284 7.1858e-09 8.0182e-11 7.2660e-09 1.6452e-03 1.6509e-03 1.3200e+06 8.0233e+08
gnu:  413  285 7.1858e-09 8.0182e-11 7.2660e-09 1.6452e-03 1.6492e-03 1.3200e+06 8.0233e+08
gnu:  414  286 7.2251e-09 7.8579e-11 7.3037e-09 1.6492e-03 1.6571e-03 1.3232e+06 8.0233e+08
gnu:  414  286 7.2251e-09 7.8579e-11 7.3037e-09 1.6492e-03 1.6547e-03 1.3232e+06 8.0233e+08
gnu:  415  287 7.2801e-09 8.1888e-11 7.3620e-09 1.6547e-03 1.6628e-03 1.3276e+06 8.0233e+08
gnu:  415  287 7.2801e-09 8.1888e-11 7.3620e-09 1.6547e-03 1.6604e-03 1.3276e+06 8.0233e+08
gnu:  415  288 7.2801e-09 8.1888e-11 7.3620e-09 1.6547e-03 1.6587e-03 1.3276e+06 8.0233e+08
gnu:  416  289 7.3202e-09 8.0250e-11 7.4005e-09 1.6587e-03 1.6665e-03 1.3308e+06 8.0233e+08
gnu:  416  289 7.3202e-09 8.0250e-11 7.4005e-09 1.6587e-03 1.6642e-03 1.3308e+06 8.0233e+08
gnu:  417  290 7.3764e-09 8.3447e-11 7.4598e-09 1.6642e-03 1.6722e-03 1.3352e+06 8.0233e+08
gnu:  417  290 7.3764e-09 8.3447e-11 7.4598e-09 1.6642e-03 1.6698e-03 1.3352e+06 8.0233e+08
gnu:  417  291 7.3764e-09 8.3447e-11 7.4598e-09 1.6642e-03 1.6681e-03 1.3352e+06 8.0233e+08
gnu:  418  292 7.4173e-09 8.1778e-11 7.4990e-09 1.6681e-03 1.6759e-03 1.3384e+06 8.0233e+08
gnu:  418  292 7.4173e-09 8.1778e-11 7.4990e-09 1.6681e-03 1.6735e-03 1.3384e+06 8.0233e+08
gnu:  419  293 7.4745e-09 8.5171e-11 7.5597e-09 1.6735e-03 1.6815e-03 1.3427e+06 8.0233e+08
gnu:  419  293 7.4745e-09 8.5171e-11 7.5597e-09 1.6735e-03 1.6791e-03 1.3427e+06 8.0233e+08
gnu:  419  294 7.4745e-09 8.5171e-11 7.5597e-09 1.6735e-03 1.6774e-03 1.3427e+06 8.0233e+08
gnu:  420  295 7.5162e-09 8.3467e-11 7.5997e-09 1.6774e-03 1.6851e-03 1.3458e+06 8.0233e+08
gnu:  420  295 7.5162e-09 8.3467e-11 7.5997e-09 1.6774e-03 1.6828e-03 1.3458e+06 8.0233e+08
gnu:  421  296 7.5747e-09 8.6933e-11 7.6616e-09 1.6828e-03 1.6907e-03 1.3501e+06 8.0233e+08
gnu:  421  296 7.5747e-09 8.6933e-11 7.6616e-09 1.6828e-03 1.6883e-03 1.3501e+06 8.0233e+08
gnu:  421  297 7.5747e-09 8.6933e-11 7.6616e-09 1.6828e-03 1.6866e-03 1.3501e+06 8.0233e+08
gnu:  422  298 7.6173e-09 8.5194e-11 7.7025e-09 1.6866e-03 1.6943e-03 1.3532e+06 8.0233e+08
gnu:  422  298 7.6173e-09 8.5194e-11 7.7025e-09 1.6866e-03 1.6920e-03 1.3532e+06 8.0233e+08
gnu:  423  299 7.6769e-09 8.8781e-11 7.7657e-09 1.6920e-03 1.6998e-03 1.3575e+06 8.0233e+08
gnu:  423  299 7.6769e-09 8.8781e-11 7.7657e-09 1.6920e-03 1.6974e-03 1.3575e+06 8.0233e+08
gnu:  423  300 7.6769e-09 8.8781e-11 7.7657e-09 1.6920e-03 1.6958e-03 1.3575e+06 8.0233e+08
gnu:  424  301 7.7204e-09 8.7006e-11 7.8074e-09 1.6958e-03 1.7034e-03 1.3606e+06 8.0233e+08
gnu:  424  301 7.7204e-09 8.7006e-11 7.8074e-09 1.6958e-03 1.7011e-03 1.3606e+06 8.0233e+08
gnu:  425  302 7.7813e-09 9.0706e-11 7.8720e-09 1.7011e-03 1.7088e-03 1.3648e+06 8.0233e+08
gnu:  425  302 7.7813e-09 9.0706e-11 7.8720e-09 1.7011e-03 1.7065e-03 1.3648e+06 8.0233e+08
gnu:  425  303 7.7813e-09 9.0706e-11 7.8720e-09 1.7011e-03 1.7049e-03 1.3648e+06 8.0233e+08
gnu:  426  304 7.8258e-09 8.8892e-11 7.9146e-09 1.7049e-03 1.7124e-03 1.3679e+06 8.0233e+08
gnu:  426  304 7.8258e-09 8.8892e-11 7.9146e-09 1.7049e-03 1.7101e-03 1.3679e+06 8.0233e+08
gnu:  427  305 7.8880e-09 9.2719e-11 7.9807e-09 1.7101e-03 1.7178e-03 1.3721e+06 8.0233e+08
gnu:  427  305 7.8880e-09 9.2719e-11 7.9807e-09 1.7101e-03 1.7155e-03 1.3721e+06 8.0233e+08
gnu:  427  306 7.8880e-09 9.2719e-11 7.9807e-09 1.7101e-03 1.7139e-03 1.3721e+06 8.0233e+08
gnu:  428  307 7.9334e-09 9.0865e-11 8.0243e-09 1.7138e-03 1.7213e-03 1.3751e+06 8.0233e+08
gnu:  428  307 7.9334e-09 9.0865e-11 8.0243e-09 1.7138e-03 1.7190e-03 1.3751e+06 8.0233e+08
gnu:  429  308 7.9970e-09 9.4823e-11 8.0918e-09 1.7190e-03 1.7266e-03 1.3792e+06 8.0233e+08
gnu:  429  308 7.9970e-09 9.4823e-11 8.0918e-09 1.7190e-03 1.7244e-03 1.3792e+06 8.0233e+08
gnu:  429  309 7.9970e-09 9.4823e-11 8.0918e-09 1.7190e-03 1.7228e-03 1.3792e+06 8.0233e+08
gnu:  430  310 8.0435e-09 9.2927e-11 8.1364e-09 1.7227e-03 1.7301e-03 1.3822e+06 8.0233e+08
gnu:  430  310 8.0435e-09 9.2927e-11 8.1364e-09 1.7227e-03 1.7279e-03 1.3822e+06 8.0233e+08
gnu:  431  311 8.1085e-09 9.7026e-11 8.2056e-09 1.7279e-03 1.7354e-03 1.3863e+06 8.0233e+08
gnu:  431  311 8.1085e-09 9.7026e-11 8.2056e-09 1.7279e-03 1.7332e-03 1.3863e+06 8.0233e+08
gnu:  431  312 8.1085e-09 9.7026e-11 8.2056e-09 1.7279e-03 1.7316e-03 1.3863e+06 8.0233e+08
gnu:  432  313 8.1561e-09 9.5085e-11 8.2512e-09 1.7316e-03 1.7389e-03 1.3893e+06 8.0233e+08
gnu:  432  313 8.1561e-09 9.5085e-11 8.2512e-09 1.7316e-03 1.7367e-03 1.3893e+06 8.0233e+08
gnu:  433  314 8.2226e-09 9.9334e-11 8.3220e-09 1.7366e-03 1.7441e-03 1.3934e+06 8.0233e+08
gnu:  433  314 8.2226e-09 9.9334e-11 8.3220e-09 1.7366e-03 1.7419e-03 1.3934e+06 8.0233e+08
gnu:  433  315 8.2226e-09 9.9334e-11 8.3220e-09 1.7366e-03 1.7403e-03 1.3934e+06 8.0233e+08
gnu:  434  316 8.2713e-09 9.7348e-11 8.3687e-09 1.7403e-03 1.7475e-03 1.3963e+06 8.0233e+08
gnu:  434  316 8.2713e-09 9.7348e-11 8.3687e-09 1.7403e-03 1.7454e-03 1.3963e+06 8.0233e+08
gnu:  435  317 8.3395e-09 1.0176e-10 8.4412e-09 1.7453e-03 1.7528e-03 1.4003e+06 8.0233e+08
gnu:  435  317 8.3395e-09 1.0176e-10 8.4412e-09 1.7453e-03 1.7505e-03 1.4003e+06 8.0233e+08
gnu:  435  318 8.3395e-09 1.0176e-10 8.4412e-09 1.7453e-03 1.7490e-03 1.4003e+06 8.0233e+08
gnu:  436  319 8.3893e-09 9.9721e-11 8.4890e-09 1.7490e-03 1.7561e-03 1.4032e+06 8.0233e+08
gnu:  436  319 8.3893e-09 9.9721e-11 8.4890e-09 1.7490e-03 1.7540e-03 1.4032e+06 8.0233e+08
gnu:  437  320 8.4591e-09 1.0430e-10 8.5634e-09 1.7540e-03 1.7613e-03 1.4073e+06 8.0233e+08
gnu:  437  320 8.4591e-09 1.0430e-10 8.5634e-09 1.7540e-03 1.7591e-03 1.4073e+06 8.0233e+08
gnu:  437  321 8.4591e-09 1.0430e-10 8.5634e-09 1.7540e-03 1.7576e-03 1.4073e+06 8.0233e+08
gnu:  438  322 8.5102e-09 1.0221e-10 8.6124e-09 1.7575e-03 1.7646e-03 1.4101e+06 8.0233e+08
gnu:  438  322 8.5102e-09 1.0221e-10 8.6124e-09 1.7575e-03 1.7625e-03 1.4101e+06 8.0233e+08
gnu:  439  323 8.5818e-09 1.0698e-10 8.6887e-09 1.7625e-03 1.7698e-03 1.4141e+06 8.0233e+08
gnu:  439  323 8.5818e-09 1.0698e-10 8.6887e-09 1.7625e-03 1.7676e-03 1.4141e+06 8.0233e+08
gnu:  439  324 8.5818e-09 1.0698e-10 8.6887e-09 1.7625e-03 1.7661e-03 1.4141e+06 8.0233e+08
gnu:  440  325 8.6342e-09 1.0484e-10 8.7390e-09 1.7660e-03 1.7731e-03 1.4169e+06 8.0233e+08
gnu:  440  325 8.6342e-09 1.0484e-10 8.7390e-09 1.7660e-03 1.7710e-03 1.4169e+06 8.0233e+08
gnu:  440  326 8.6342e-09 1.0484e-10 8.7390e-09 1.7660e-03 1.7695e-03 1.4169e+06 8.0233e+08
gnu:  441  327 8.6856e-09 1.0274e-10 8.7883e-09 1.7695e-03 1.7763e-03 1.4197e+06 8.0233e+08
gnu:  441  327 8.6856e-09 1.0274e-10 8.7883e-09 1.7695e-03 1.7742e-03 1.4197e+06 8.0233e+08
gnu:  442  328 8.7575e-09 1.1128e-10 8.8688e-09 1.7742e-03 1.7814e-03 1.4235e+06 8.0233e+08
gnu:  442  328 8.7575e-09 1.1128e-10 8.8688e-09 1.7742e-03 1.7793e-03 1.4235e+06 8.0233e+08
gnu:  442  329 8.7575e-09 1.1128e-10 8.8688e-09 1.7742e-03 1.7777e-03 1.4235e+06 8.0233e+08
gnu:  443  330 8.8120e-09 1.0905e-10 8.9211e-09 1.7777e-03 1.7847e-03 1.4263e+06 8.0233e+08
gnu:  443  330 8.8120e-09 1.0905e-10 8.9211e-09 1.7777e-03 1.7826e-03 1.4263e+06 8.0233e+08
gnu:  443  331 8.8120e-09 1.0905e-10 8.9211e-09 1.7777e-03 1.7811e-03 1.4263e+06 8.0233e+08
gnu:  444  332 8.8654e-09 1.0687e-10 8.9723e-09 1.7811e-03 1.7879e-03 1.4291e+06 8.0233e+08
gnu:  444  332 8.8654e-09 1.0687e-10 8.9723e-09 1.7811e-03 1.7858e-03 1.4291e+06 8.0233e+08
gnu:  445  333 8.9402e-09 1.0563e-10 9.0459e-09 1.7858e-03 1.7923e-03 1.4328e+06 8.0233e+08
gnu:  445  333 8.9402e-09 1.0563e-10 9.0459e-09 1.7858e-03 1.7904e-03 1.4328e+06 8.0233e+08
gnu:  446  334 9.0142e-09 1.0997e-10 9.1242e-09 1.7904e-03 1.7970e-03 1.4365e+06 8.0233e+08
gnu:  446  334 9.0142e-09 1.0997e-10 9.1242e-09 1.7904e-03 1.7950e-03 1.4365e+06 8.0233e+08
gnu:  447  335 9.0912e-09 1.1083e-10 9.2020e-09 1.7950e-03 1.8015e-03 1.4402e+06 8.0233e+08
gnu:  447  335 9.0912e-09 1.1083e-10 9.2020e-09 1.7950e-03 1.7996e-03 1.4402e+06 8.0233e+08
gnu:  448  336 9.1687e-09 1.1341e-10 9.2822e-09 1.7995e-03 1.8061e-03 1.4438e+06 8.0233e+08
gnu:  448  336 9.1687e-09 1.1341e-10 9.2822e-09 1.7995e-03 1.8041e-03 1.4438e+06 8.0233e+08
gnu:  449  337 9.2481e-09 1.1511e-10 9.3632e-09 1.8041e-03 1.8106e-03 1.4475e+06 8.0233e+08
gnu:  449  337 9.2481e-09 1.1511e-10 9.3632e-09 1.8041e-03 1.8087e-03 1.4475e+06 8.0233e+08
gnu:  450  338 9.3287e-09 1.6116e-10 9.4899e-09 1.8087e-03 1.8176e-03 1.4511e+06 8.0233e+08
gnu:  450  338 9.3287e-09 1.6116e-10 9.4899e-09 1.8087e-03 1.8149e-03 1.4511e+06 8.0233e+08
gnu:  450  339 9.3287e-09 1.6116e-10 9.4899e-09 1.8087e-03 1.8130e-03 1.4511e+06 8.0233e+08
gnu:  451  340 9.4077e-09 1.2096e-10 9.5286e-09 1.8130e-03 1.8196e-03 1.4546e+06 8.0233e+08
gnu:  451  340 9.4077e-09 1.2096e-10 9.5286e-09 1.8130e-03 1.8176e-03 1.4546e+06 8.0233e+08
gnu:  452  341 9.4924e-09 1.6934e-10 9.6617e-09 1.8176e-03 1.8266e-03 1.4583e+06 8.0233e+08
gnu:  452  341 9.4924e-09 1.6934e-10 9.6617e-09 1.8176e-03 1.8239e-03 1.4583e+06 8.0233e+08
gnu:  452  342 9.4924e-09 1.6934e-10 9.6617e-09 1.8176e-03 1.8220e-03 1.4583e+06 8.0233e+08
gnu:  453  343 9.5753e-09 1.6596e-10 9.7413e-09 1.8220e-03 1.8306e-03 1.4618e+06 8.0233e+08
gnu:  453  343 9.5753e-09 1.6596e-10 9.7413e-09 1.8220e-03 1.8280e-03 1.4618e+06 8.0233e+08
gnu:  454  344 9.6915e-09 2.3234e-10 9.9238e-09 1.8280e-03 1.8397e-03 1.4666e+06 8.0233e+08
gnu:  454  344 9.6915e-09 2.3234e-10 9.9238e-09 1.8280e-03 1.8362e-03 1.4666e+06 8.0233e+08
gnu:  454  345 9.6915e-09 2.3234e-10 9.9238e-09 1.8280e-03 1.8337e-03 1.4666e+06 8.0233e+08
gnu:  454  346 9.6915e-09 2.3234e-10 9.9238e-09 1.8280e-03 1.8320e-03 1.4666e+06 8.0233e+08
gnu:  454  347 9.6915e-09 2.3234e-10 9.9238e-09 1.8280e-03 1.8308e-03 1.4666e+06 8.0233e+08
gnu:  455  348 9.7473e-09 8.5457e-11 9.8327e-09 1.8308e-03 1.8350e-03 1.4689e+06 8.0233e+08
gnu:  456  348 9.8327e-09 1.4252e-10 9.9753e-09 1.8350e-03 1.8419e-03 1.4723e+06 8.0233e+08
gnu:  456  348 9.8327e-09 1.4252e-10 9.9753e-09 1.8350e-03 1.8398e-03 1.4723e+06 8.0233e+08
gnu:  457  349 9.9325e-09 1.9725e-10 1.0130e-08 1.8398e-03 1.8491e-03 1.4761e+06 8.0233e+08
gnu:  457  349 9.9325e-09 1.9725e-10 1.0130e-08 1.8398e-03 1.8463e-03 1.4761e+06 8.0233e+08
gnu:  458  350 9.9325e-09 1.3807e-10 1.0071e-08 1.8431e-03 1.8460e-03 1.4787e+06 8.0233e+08
gnu:  458  350 1.0071e-08 2.5210e-10 1.0323e-08 1.8460e-03 1.8575e-03 1.4811e+06 8.0233e+08
gnu:  458  350 1.0071e-08 2.5210e-10 1.0323e-08 1.8460e-03 1.8541e-03 1.4811e+06 8.0233e+08
gnu:  458  351 1.0071e-08 2.5210e-10 1.0323e-08 1.8460e-03 1.8516e-03 1.4811e+06 8.0233e+08
gnu:  458  352 1.0071e-08 2.5210e-10 1.0323e-08 1.8460e-03 1.8500e-03 1.4811e+06 8.0233e+08
gnu:  458  353 1.0071e-08 2.5210e-10 1.0323e-08 1.8460e-03 1.8488e-03 1.4811e+06 8.0233e+08
gnu:  458  354 1.0071e-08 2.5210e-10 1.0323e-08 1.8460e-03 1.8480e-03 1.4811e+06 8.0233e+08
gnu:  459  355 1.0071e-08 4.2371e-11 1.0113e-08 1.8470e-03 1.8479e-03 1.4819e+06 8.0233e+08
gnu:  459  355 1.0113e-08 8.4741e-11 1.0198e-08 1.8479e-03 1.8516e-03 1.4827e+06 8.0233e+08
gnu:  459  355 1.0113e-08 8.4741e-11 1.0198e-08 1.8479e-03 1.8505e-03 1.4827e+06 8.0233e+08
gnu:  460  356 1.0113e-08 5.9319e-11 1.0172e-08 1.8492e-03 1.8505e-03 1.4837e+06 8.0233e+08
gnu:  460  356 1.0172e-08 1.1864e-10 1.0291e-08 1.8505e-03 1.8553e-03 1.4847e+06 8.0233e+08
gnu:  460  356 1.0172e-08 1.1864e-10 1.0291e-08 1.8505e-03 1.8539e-03 1.4847e+06 8.0233e+08
gnu:  461  357 1.0172e-08 8.3047e-11 1.0255e-08 1.8522e-03 1.8538e-03 1.4861e+06 8.0233e+08
gnu:  461  357 1.0255e-08 1.3462e-10 1.0390e-08 1.8538e-03 1.8589e-03 1.4874e+06 8.0233e+08
gnu:  461  357 1.0255e-08 1.3462e-10 1.0390e-08 1.8538e-03 1.8573e-03 1.4874e+06 8.0233e+08
gnu:  462  358 1.0255e-08 9.4231e-11 1.0350e-08 1.8556e-03 1.8573e-03 1.4888e+06 8.0233e+08
gnu:  462  358 1.0350e-08 1.4554e-10 1.0495e-08 1.8573e-03 1.8622e-03 1.4901e+06 8.0233e+08
gnu:  462  358 1.0350e-08 1.4554e-10 1.0495e-08 1.8573e-03 1.8607e-03 1.4901e+06 8.0233e+08
gnu:  463  359 1.0350e-08 1.0188e-10 1.0451e-08 1.8590e-03 1.8606e-03 1.4915e+06 8.0233e+08
gnu:  463  359 1.0451e-08 1.5313e-10 1.0605e-08 1.8606e-03 1.8653e-03 1.4928e+06 8.0233e+08
gnu:  463  359 1.0451e-08 1.5313e-10 1.0605e-08 1.8606e-03 1.8639e-03 1.4928e+06 8.0233e+08
gnu:  464  360 1.0451e-08 1.0719e-10 1.0559e-08 1.8623e-03 1.8638e-03 1.4942e+06 8.0233e+08
gnu:  464  360 1.0559e-08 2.1438e-10 1.0773e-08 1.8638e-03 1.8697e-03 1.4954e+06 8.0233e+08
gnu:  464  360 1.0559e-08 2.1438e-10 1.0773e-08 1.8638e-03 1.8679e-03 1.4954e+06 8.0233e+08
gnu:  464  361 1.0559e-08 2.1438e-10 1.0773e-08 1.8638e-03 1.8667e-03 1.4954e+06 8.0233e+08
gnu:  464  362 1.0559e-08 2.1438e-10 1.0773e-08 1.8638e-03 1.8658e-03 1.4954e+06 8.0233e+08
gnu:  464  363 1.0559e-08 2.1438e-10 1.0773e-08 1.8638e-03 1.8652e-03 1.4954e+06 8.0233e+08
gnu:  465  364 1.0610e-08 1.0295e-10 1.0713e-08 1.8652e-03 1.8679e-03 1.4965e+06 8.0233e+08
gnu:  465  364 1.0610e-08 1.0295e-10 1.0713e-08 1.8652e-03 1.8671e-03 1.4965e+06 8.0233e+08
gnu:  466  365 1.0610e-08 7.2062e-11 1.0682e-08 1.8662e-03 1.8671e-03 1.4973e+06 8.0233e+08
gnu:  466  365 1.0682e-08 1.4412e-10 1.0826e-08 1.8671e-03 1.8706e-03 1.4980e+06 8.0233e+08
gnu:  466  365 1.0682e-08 1.4412e-10 1.0826e-08 1.8671e-03 1.8695e-03 1.4980e+06 8.0233e+08
gnu:  467  366 1.0682e-08 1.0089e-10 1.0783e-08 1.8683e-03 1.8695e-03 1.4990e+06 8.0233e+08
gnu:  467  366 1.0783e-08 1.5408e-10 1.0937e-08 1.8695e-03 1.8728e-03 1.4999e+06 8.0233e+08
gnu:  467  366 1.0783e-08 1.5408e-10 1.0937e-08 1.8695e-03 1.8718e-03 1.4999e+06 8.0233e+08
gnu:  468  367 1.0783e-08 1.0786e-10 1.0891e-08 1.8706e-03 1.8717e-03 1.5009e+06 8.0233e+08
gnu:  468  367 1.0891e-08 2.1571e-10 1.1107e-08 1.8717e-03 1.8760e-03 1.5018e+06 8.0233e+08
gnu:  468  367 1.0891e-08 2.1571e-10 1.1107e-08 1.8717e-03 1.8747e-03 1.5018e+06 8.0233e+08
gnu:  468  368 1.0891e-08 2.1571e-10 1.1107e-08 1.8717e-03 1.8738e-03 1.5018e+06 8.0233e+08
gnu:  468  369 1.0891e-08 2.1571e-10 1.1107e-08 1.8717e-03 1.8732e-03 1.5018e+06 8.0233e+08
gnu:  469  370 1.0891e-08 7.3990e-11 1.0965e-08 1.8725e-03 1.8732e-03 1.5023e+06 8.0233e+08
gnu:  469  370 1.0965e-08 1.0973e-10 1.1075e-08 1.8732e-03 1.8752e-03 1.5029e+06 8.0233e+08
gnu:  469  370 1.0965e-08 1.0973e-10 1.1075e-08 1.8732e-03 1.8746e-03 1.5029e+06 8.0233e+08
gnu:  470  371 1.0965e-08 7.6811e-11 1.1042e-08 1.8739e-03 1.8746e-03 1.5035e+06 8.0233e+08
gnu:  470  371 1.1042e-08 1.5362e-10 1.1195e-08 1.8746e-03 1.8772e-03 1.5040e+06 8.0233e+08
gnu:  470  371 1.1042e-08 1.5362e-10 1.1195e-08 1.8746e-03 1.8764e-03 1.5040e+06 8.0233e+08
gnu:  471  372 1.1042e-08 1.0754e-10 1.1149e-08 1.8755e-03 1.8763e-03 1.5048e+06 8.0233e+08
gnu:  471  372 1.1149e-08 1.8674e-10 1.1336e-08 1.8763e-03 1.8792e-03 1.5054e+06 8.0233e+08
gnu:  471  372 1.1149e-08 1.8674e-10 1.1336e-08 1.8763e-03 1.8783e-03 1.5054e+06 8.0233e+08
gnu:  471  373 1.1149e-08 1.8674e-10 1.1336e-08 1.8763e-03 1.8777e-03 1.5054e+06 8.0233e+08
gnu:  471  374 1.1149e-08 1.8674e-10 1.1336e-08 1.8763e-03 1.8773e-03 1.5054e+06 8.0233e+08
gnu:  472  375 1.1149e-08 6.4051e-11 1.1213e-08 1.8768e-03 1.8773e-03 1.5058e+06 8.0233e+08
gnu:  472  375 1.1213e-08 1.2097e-10 1.1334e-08 1.8773e-03 1.8790e-03 1.5062e+06 8.0233e+08
gnu:  472  375 1.1213e-08 1.2097e-10 1.1334e-08 1.8773e-03 1.8785e-03 1.5062e+06 8.0233e+08
gnu:  473  376 1.1213e-08 8.4679e-11 1.1298e-08 1.8779e-03 1.8785e-03 1.5067e+06 8.0233e+08
gnu:  473  376 1.1298e-08 1.5997e-10 1.1458e-08 1.8785e-03 1.8806e-03 1.5072e+06 8.0233e+08
gnu:  473  376 1.1298e-08 1.5997e-10 1.1458e-08 1.8785e-03 1.8800e-03 1.5072e+06 8.0233e+08
gnu:  474  377 1.1298e-08 1.1198e-10 1.1410e-08 1.8792e-03 1.8799e-03 1.5078e+06 8.0233e+08
gnu:  474  377 1.1410e-08 2.2395e-10 1.1634e-08 1.8799e-03 1.8826e-03 1.5083e+06 8.0233e+08
gnu:  474  377 1.1410e-08 2.2395e-10 1.1634e-08 1.8799e-03 1.8818e-03 1.5083e+06 8.0233e+08
gnu:  474  378 1.1410e-08 2.2395e-10 1.1634e-08 1.8799e-03 1.8812e-03 1.5083e+06 8.0233e+08
gnu:  474  379 1.1410e-08 2.2395e-10 1.1634e-08 1.8799e-03 1.8808e-03 1.5083e+06 8.0233e+08
gnu:  475  380 1.1410e-08 7.6816e-11 1.1487e-08 1.8804e-03 1.8808e-03 1.5087e+06 8.0233e+08
gnu:  475  380 1.1487e-08 1.1851e-10 1.1605e-08 1.8808e-03 1.8821e-03 1.5090e+06 8.0233e+08
gnu:  475  380 1.1487e-08 1.1851e-10 1.1605e-08 1.8808e-03 1.8817e-03 1.5090e+06 8.0233e+08
gnu:  476  381 1.1487e-08 8.2958e-11 1.1570e-08 1.8813e-03 1.8817e-03 1.5094e+06 8.0233e+08
gnu:  476  381 1.1570e-08 1.6592e-10 1.1736e-08 1.8817e-03 1.8834e-03 1.5098e+06 8.0233e+08
gnu:  476  381 1.1570e-08 1.6592e-10 1.1736e-08 1.8817e-03 1.8829e-03 1.5098e+06 8.0233e+08
gnu:  477  382 1.1570e-08 1.1614e-10 1.1686e-08 1.8823e-03 1.8829e-03 1.5102e+06 8.0233e+08
gnu:  477  382 1.1686e-08 2.3228e-10 1.1918e-08 1.8829e-03 1.8850e-03 1.5107e+06 8.0233e+08
gnu:  477  382 1.1686e-08 2.3228e-10 1.1918e-08 1.8829e-03 1.8844e-03 1.5107e+06 8.0233e+08
gnu:  477  383 1.1686e-08 2.3228e-10 1.1918e-08 1.8829e-03 1.8839e-03 1.5107e+06 8.0233e+08
gnu:  477  384 1.1686e-08 2.3228e-10 1.1918e-08 1.8829e-03 1.8836e-03 1.5107e+06 8.0233e+08
gnu:  478  385 1.1686e-08 7.9673e-11 1.1766e-08 1.8832e-03 1.8836e-03 1.5110e+06 8.0233e+08
gnu:  478  385 1.1766e-08 1.2224e-10 1.1888e-08 1.8836e-03 1.8846e-03 1.5113e+06 8.0233e+08
gnu:  479  385 1.1766e-08 1.2224e-10 1.1888e-08 1.8841e-03 1.8846e-03 1.5117e+06 8.0233e+08
gnu:  479  385 1.1888e-08 2.4448e-10 1.2132e-08 1.8846e-03 1.8865e-03 1.5121e+06 8.0233e+08
gnu:  479  385 1.1888e-08 2.4448e-10 1.2132e-08 1.8846e-03 1.8859e-03 1.5121e+06 8.0233e+08
gnu:  479  386 1.1888e-08 2.4448e-10 1.2132e-08 1.8846e-03 1.8855e-03 1.5121e+06 8.0233e+08
gnu:  479  387 1.1888e-08 2.4448e-10 1.2132e-08 1.8846e-03 1.8852e-03 1.5121e+06 8.0233e+08
gnu:  480  388 1.1888e-08 8.3857e-11 1.1972e-08 1.8849e-03 1.8852e-03 1.5123e+06 8.0233e+08
gnu:  480  388 1.1972e-08 1.2105e-10 1.2093e-08 1.8852e-03 1.8861e-03 1.5126e+06 8.0233e+08
gnu:  481  388 1.1972e-08 1.2105e-10 1.2093e-08 1.8857e-03 1.8860e-03 1.5129e+06 8.0233e+08
gnu:  481  388 1.2093e-08 2.4209e-10 1.2335e-08 1.8860e-03 1.8876e-03 1.5132e+06 8.0233e+08
gnu:  481  388 1.2093e-08 2.4209e-10 1.2335e-08 1.8860e-03 1.8871e-03 1.5132e+06 8.0233e+08
gnu:  481  389 1.2093e-08 2.4209e-10 1.2335e-08 1.8860e-03 1.8868e-03 1.5132e+06 8.0233e+08
gnu:  481  390 1.2093e-08 2.4209e-10 1.2335e-08 1.8860e-03 1.8866e-03 1.5132e+06 8.0233e+08
gnu:  482  391 1.2093e-08 8.3037e-11 1.2176e-08 1.8863e-03 1.8866e-03 1.5134e+06 8.0233e+08
gnu:  482  391 1.2176e-08 1.2821e-10 1.2304e-08 1.8866e-03 1.8873e-03 1.5136e+06 8.0233e+08
gnu:  483  391 1.2176e-08 1.2821e-10 1.2304e-08 1.8869e-03 1.8873e-03 1.5139e+06 8.0233e+08
gnu:  483  391 1.2304e-08 2.5643e-10 1.2560e-08 1.8873e-03 1.8886e-03 1.5142e+06 8.0233e+08
gnu:  483  391 1.2304e-08 2.5643e-10 1.2560e-08 1.8873e-03 1.8882e-03 1.5142e+06 8.0233e+08
gnu:  483  392 1.2304e-08 2.5643e-10 1.2560e-08 1.8873e-03 1.8880e-03 1.5142e+06 8.0233e+08
gnu:  483  393 1.2304e-08 2.5643e-10 1.2560e-08 1.8873e-03 1.8878e-03 1.5142e+06 8.0233e+08
gnu:  484  394 1.2304e-08 8.7955e-11 1.2392e-08 1.8875e-03 1.8877e-03 1.5144e+06 8.0233e+08
gnu:  484  394 1.2392e-08 1.2773e-10 1.2520e-08 1.8877e-03 1.8884e-03 1.5146e+06 8.0233e+08
gnu:  485  394 1.2392e-08 1.2773e-10 1.2520e-08 1.8880e-03 1.8883e-03 1.5148e+06 8.0233e+08
gnu:  485  394 1.2520e-08 2.5546e-10 1.2775e-08 1.8883e-03 1.8895e-03 1.5151e+06 8.0233e+08
gnu:  485  394 1.2520e-08 2.5546e-10 1.2775e-08 1.8883e-03 1.8891e-03 1.5151e+06 8.0233e+08
gnu:  485  395 1.2520e-08 2.5546e-10 1.2775e-08 1.8883e-03 1.8889e-03 1.5151e+06 8.0233e+08
gnu:  485  396 1.2520e-08 2.5546e-10 1.2775e-08 1.8883e-03 1.8887e-03 1.5151e+06 8.0233e+08
gnu:  486  397 1.2520e-08 8.7622e-11 1.2607e-08 1.8885e-03 1.8887e-03 1.5152e+06 8.0233e+08
gnu:  486  397 1.2607e-08 1.3493e-10 1.2742e-08 1.8887e-03 1.8893e-03 1.5154e+06 8.0233e+08
gnu:  487  397 1.2607e-08 1.3493e-10 1.2742e-08 1.8890e-03 1.8892e-03 1.5156e+06 8.0233e+08
gnu:  487  397 1.2742e-08 2.6987e-10 1.3012e-08 1.8892e-03 1.8902e-03 1.5158e+06 8.0233e+08
gnu:  487  397 1.2742e-08 2.6987e-10 1.3012e-08 1.8892e-03 1.8899e-03 1.5158e+06 8.0233e+08
gnu:  487  398 1.2742e-08 2.6987e-10 1.3012e-08 1.8892e-03 1.8897e-03 1.5158e+06 8.0233e+08
gnu:  487  399 1.2742e-08 2.6987e-10 1.3012e-08 1.8892e-03 1.8896e-03 1.5158e+06 8.0233e+08
gnu:  488  400 1.2742e-08 9.2565e-11 1.2835e-08 1.8894e-03 1.8895e-03 1.5159e+06 8.0233e+08
gnu:  488  400 1.2835e-08 1.3497e-10 1.2970e-08 1.8895e-03 1.8900e-03 1.5160e+06 8.0233e+08
gnu:  489  400 1.2835e-08 1.3497e-10 1.2970e-08 1.8898e-03 1.8900e-03 1.5162e+06 8.0233e+08
gnu:  489  400 1.2970e-08 2.6993e-10 1.3240e-08 1.8900e-03 1.8908e-03 1.5164e+06 8.0233e+08
gnu:  489  400 1.2970e-08 2.6993e-10 1.3240e-08 1.8900e-03 1.8905e-03 1.5164e+06 8.0233e+08
gnu:  489  401 1.2970e-08 2.6993e-10 1.3240e-08 1.8900e-03 1.8904e-03 1.5164e+06 8.0233e+08
gnu:  489  402 1.2970e-08 2.6993e-10 1.3240e-08 1.8900e-03 1.8903e-03 1.5164e+06 8.0233e+08
gnu:  490  403 1.2970e-08 9.2587e-11 1.3062e-08 1.8901e-03 1.8902e-03 1.5165e+06 8.0233e+08
gnu:  490  403 1.3062e-08 1.4237e-10 1.3205e-08 1.8902e-03 1.8906e-03 1.5166e+06 8.0233e+08
gnu:  491  403 1.3062e-08 1.4237e-10 1.3205e-08 1.8904e-03 1.8906e-03 1.5168e+06 8.0233e+08
gnu:  491  403 1.3205e-08 2.8474e-10 1.3489e-08 1.8906e-03 1.8913e-03 1.5169e+06 8.0233e+08
gnu:  491  403 1.3205e-08 2.8474e-10 1.3489e-08 1.8906e-03 1.8911e-03 1.5169e+06 8.0233e+08
gnu:  491  404 1.3205e-08 2.8474e-10 1.3489e-08 1.8906e-03 1.8910e-03 1.5169e+06 8.0233e+08
gnu:  491  405 1.3205e-08 2.8474e-10 1.3489e-08 1.8906e-03 1.8909e-03 1.5169e+06 8.0233e+08
gnu:  492  406 1.3205e-08 9.7667e-11 1.3302e-08 1.8907e-03 1.8908e-03 1.5170e+06 8.0233e+08
gnu:  492  406 1.3302e-08 1.4285e-10 1.3445e-08 1.8908e-03 1.8912e-03 1.5171e+06 8.0233e+08
gnu:  493  406 1.3302e-08 1.4285e-10 1.3445e-08 1.8910e-03 1.8912e-03 1.5172e+06 8.0233e+08
gnu:  493  406 1.3445e-08 2.8570e-10 1.3731e-08 1.8912e-03 1.8917e-03 1.5173e+06 8.0233e+08
gnu:  493  406 1.3445e-08 2.8570e-10 1.3731e-08 1.8912e-03 1.8916e-03 1.5173e+06 8.0233e+08
gnu:  493  407 1.3445e-08 2.8570e-10 1.3731e-08 1.8912e-03 1.8914e-03 1.5173e+06 8.0233e+08
gnu:  493  408 1.3445e-08 2.8570e-10 1.3731e-08 1.8912e-03 1.8914e-03 1.5173e+06 8.0233e+08
gnu:  494  409 1.3445e-08 9.7994e-11 1.3543e-08 1.8913e-03 1.8913e-03 1.5174e+06 8.0233e+08
gnu:  494  409 1.3543e-08 1.5062e-10 1.3694e-08 1.8913e-03 1.8916e-03 1.5175e+06 8.0233e+08
gnu:  495  409 1.3543e-08 1.5062e-10 1.3694e-08 1.8915e-03 1.8916e-03 1.5176e+06 8.0233e+08
gnu:  495  409 1.3694e-08 2.5671e-10 1.3950e-08 1.8916e-03 1.8920e-03 1.5177e+06 8.0233e+08
gnu:  495  409 1.3694e-08 2.5671e-10 1.3950e-08 1.8916e-03 1.8919e-03 1.5177e+06 8.0233e+08
gnu:  495  410 1.3694e-08 2.5671e-10 1.3950e-08 1.8916e-03 1.8918e-03 1.5177e+06 8.0233e+08
gnu:  495  411 1.3694e-08 2.5671e-10 1.3950e-08 1.8916e-03 1.8918e-03 1.5177e+06 8.0233e+08
gnu:  496  412 1.3694e-08 8.8050e-11 1.3782e-08 1.8917e-03 1.8918e-03 1.5178e+06 8.0233e+08
gnu:  496  412 1.3782e-08 1.5771e-10 1.3940e-08 1.8918e-03 1.8920e-03 1.5178e+06 8.0233e+08
gnu:  497  412 1.3782e-08 1.5771e-10 1.3940e-08 1.8919e-03 1.8920e-03 1.5179e+06 8.0233e+08
gnu:  497  412 1.3940e-08 2.8808e-10 1.4228e-08 1.8920e-03 1.8924e-03 1.5180e+06 8.0233e+08
gnu:  497  412 1.3940e-08 2.8808e-10 1.4228e-08 1.8920e-03 1.8923e-03 1.5180e+06 8.0233e+08
gnu:  497  413 1.3940e-08 2.8808e-10 1.4228e-08 1.8920e-03 1.8922e-03 1.5180e+06 8.0233e+08
gnu:  497  414 1.3940e-08 2.8808e-10 1.4228e-08 1.8920e-03 1.8921e-03 1.5180e+06 8.0233e+08
gnu:  498  415 1.3940e-08 9.8811e-11 1.4038e-08 1.8920e-03 1.8921e-03 1.5180e+06 8.0233e+08
gnu:  498  415 1.4038e-08 1.5535e-10 1.4194e-08 1.8921e-03 1.8923e-03 1.5181e+06 8.0233e+08
gnu:  499  415 1.4038e-08 1.5535e-10 1.4194e-08 1.8922e-03 1.8923e-03 1.5182e+06 8.0233e+08
gnu:  499  415 1.4194e-08 2.4981e-10 1.4444e-08 1.8923e-03 1.8926e-03 1.5182e+06 8.0233e+08
gnu:  499  415 1.4194e-08 2.4981e-10 1.4444e-08 1.8923e-03 1.8925e-03 1.5182e+06 8.0233e+08
gnu:  499  416 1.4194e-08 2.4981e-10 1.4444e-08 1.8923e-03 1.8924e-03 1.5182e+06 8.0233e+08
gnu:  499  417 1.4194e-08 2.4981e-10 1.4444e-08 1.8923e-03 1.8924e-03 1.5182e+06 8.0233e+08
gnu:  499  418 1.4194e-08 2.4981e-10 1.4444e-08 1.8923e-03 1.8924e-03 1.5182e+06 8.0233e+08
gnu:  500  419 1.4194e-08 5.9978e-11 1.4254e-08 1.8923e-03 1.8923e-03 1.5183e+06 8.0233e+08
gnu:  500  419 1.4254e-08 1.1996e-10 1.4374e-08 1.8923e-03 1.8924e-03 1.5183e+06 8.0233e+08
gnu:  500  419 1.4254e-08 1.1996e-10 1.4374e-08 1.8923e-03 1.8924e-03 1.5183e+06 8.0233e+08
gnu:  500  420 1.4254e-08 1.1996e-10 1.4374e-08 1.8923e-03 1.8924e-03 1.5183e+06 8.0233e+08
gnu:  501  421 1.4254e-08 5.8779e-11 1.4312e-08 1.8924e-03 1.8924e-03 1.5183e+06 8.0233e+08
gnu:  501  421 1.4312e-08 1.1756e-10 1.4430e-08 1.8924e-03 1.8924e-03 1.5183e+06 8.0233e+08
gnu:  501  421 1.4312e-08 1.1756e-10 1.4430e-08 1.8924e-03 1.8924e-03 1.5183e+06 8.0233e+08
gnu:  501  422 1.4312e-08 1.1756e-10 1.4430e-08 1.8924e-03 1.8924e-03 1.5183e+06 8.0233e+08
gnu:  502  423 1.4312e-08 5.7603e-11 1.4370e-08 1.8924e-03 1.8924e-03 1.5183e+06 8.0233e+08
gnu:  502  423 1.4370e-08 1.1521e-10 1.4485e-08 1.8924e-03 1.8924e-03 1.5183e+06 8.0233e+08
gnu:  503  423 1.4370e-08 1.1521e-10 1.4485e-08 1.8924e-03 1.8924e-03 1.5183e+06 8.0233e+08
gnu:  503  423 1.4485e-08 1.1307e-10 1.4598e-08 1.8924e-03 1.8925e-03 1.5184e+06 8.0233e+08
gnu:  504  423 1.4485e-08 1.1307e-10 1.4598e-08 1.8925e-03 1.8925e-03 1.5184e+06 8.0233e+08
gnu:  504  423 1.4598e-08 2.2614e-10 1.4824e-08 1.8925e-03 1.8925e-03 1.5184e+06 8.0233e+08
gnu:  504  423 1.4598e-08 2.2614e-10 1.4824e-08 1.8925e-03 1.8925e-03 1.5184e+06 8.0233e+08
gnu:  504  424 1.4598e-08 2.2614e-10 1.4824e-08 1.8925e-03 1.8925e-03 1.5184e+06 8.0233e+08
gnu:  505  425 1.4598e-08 1.1081e-10 1.4709e-08 1.8925e-03 1.8925e-03 1.5184e+06 8.0233e+08
gnu:  505  425 1.4709e-08 2.2162e-10 1.4931e-08 1.8925e-03 1.8925e-03 1.5184e+06 8.0233e+08
gnu:  505  425 1.4709e-08 2.2162e-10 1.4931e-08 1.8925e-03 1.8925e-03 1.5184e+06 8.0233e+08
gnu:  505  426 1.4709e-08 2.2162e-10 1.4931e-08 1.8925e-03 1.8925e-03 1.5184e+06 8.0233e+08
gnu:  506  427 1.4709e-08 1.0859e-10 1.4818e-08 1.8925e-03 1.8925e-03 1.5184e+06 8.0233e+08
gnu:  506  427 1.4818e-08 2.1719e-10 1.5035e-08 1.8925e-03 1.8925e-03 1.5184e+06 8.0233e+08
gnu:  506  427 1.4818e-08 2.1719e-10 1.5035e-08 1.8925e-03 1.8925e-03 1.5184e+06 8.0233e+08
gnu:  506  428 1.4818e-08 2.1719e-10 1.5035e-08 1.8925e-03 1.8925e-03 1.5184e+06 8.0233e+08
gnu:  507  429 1.4818e-08 1.0642e-10 1.4924e-08 1.8925e-03 1.8925e-03 1.5184e+06 8.0233e+08
gnu:  507  429 1.4924e-08 2.1284e-10 1.5137e-08 1.8925e-03 1.8926e-03 1.5184e+06 8.0233e+08
gnu:  507  429 1.4924e-08 2.1284e-10 1.5137e-08 1.8925e-03 1.8925e-03 1.5184e+06 8.0233e+08
gnu:  507  430 1.4924e-08 2.1284e-10 1.5137e-08 1.8925e-03 1.8925e-03 1.5184e+06 8.0233e+08
gnu:  508  431 1.4924e-08 1.0429e-10 1.5028e-08 1.8925e-03 1.8925e-03 1.5184e+06 8.0233e+08
gnu:  508  431 1.5028e-08 2.0858e-10 1.5237e-08 1.8925e-03 1.8926e-03 1.5184e+06 8.0233e+08
gnu:  508  431 1.5028e-08 2.0858e-10 1.5237e-08 1.8925e-03 1.8926e-03 1.5184e+06 8.0233e+08
gnu:  508  432 1.5028e-08 2.0858e-10 1.5237e-08 1.8925e-03 1.8925e-03 1.5184e+06 8.0233e+08
gnu:  509  433 1.5028e-08 1.0221e-10 1.5131e-08 1.8925e-03 1.8925e-03 1.5184e+06 8.0233e+08
gnu:  509  433 1.5131e-08 2.0441e-10 1.5335e-08 1.8925e-03 1.8926e-03 1.5184e+06 8.0233e+08
gnu:  510  433 1.5131e-08 2.0441e-10 1.5335e-08 1.8926e-03 1.8926e-03 1.5185e+06 8.0233e+08
gnu:  510  433 1.5335e-08 4.0883e-10 1.5744e-08 1.8926e-03 1.8926e-03 1.5185e+06 8.0233e+08
gnu:  510  433 1.5335e-08 4.0883e-10 1.5744e-08 1.8926e-03 1.8926e-03 1.5185e+06 8.0233e+08
gnu:  510  434 1.5335e-08 4.0883e-10 1.5744e-08 1.8926e-03 1.8926e-03 1.5185e+06 8.0233e+08
gnu:  510  435 1.5335e-08 4.0883e-10 1.5744e-08 1.8926e-03 1.8926e-03 1.5185e+06 8.0233e+08
gnu:  510  436 1.5335e-08 4.0883e-10 1.5744e-08 1.8926e-03 1.8926e-03 1.5185e+06 8.0233e+08
gnu:  511  437 1.5335e-08 9.8159e-11 1.5433e-08 1.8926e-03 1.8926e-03 1.5185e+06 8.0233e+08
gnu:  511  437 1.5433e-08 1.7445e-10 1.5608e-08 1.8926e-03 1.8926e-03 1.5185e+06 8.0233e+08
gnu:  512  437 1.5433e-08 1.7445e-10 1.5608e-08 1.8926e-03 1.8926e-03 1.5185e+06 8.0233e+08
gnu:  512  437 1.5608e-08 3.4891e-10 1.5957e-08 1.8926e-03 1.8926e-03 1.5185e+06 8.0233e+08
gnu:  512  437 1.5608e-08 3.4891e-10 1.5957e-08 1.8926e-03 1.8926e-03 1.5185e+06 8.0233e+08
gnu:  512  438 1.5608e-08 3.4891e-10 1.5957e-08 1.8926e-03 1.8926e-03 1.5185e+06 8.0233e+08
gnu:  512  439 1.5608e-08 3.4891e-10 1.5957e-08 1.8926e-03 1.8926e-03 1.5185e+06 8.0233e+08
gnu:  513  440 1.5608e-08 1.1968e-10 1.5727e-08 1.8926e-03 1.8926e-03 1.5185e+06 8.0233e+08
gnu:  513  440 1.5727e-08 2.3935e-10 1.5967e-08 1.8926e-03 1.8926e-03 1.5185e+06 8.0233e+08
gnu:  513  440 1.5727e-08 2.3935e-10 1.5967e-08 1.8926e-03 1.8926e-03 1.5185e+06 8.0233e+08
gnu:  513  441 1.5727e-08 2.3935e-10 1.5967e-08 1.8926e-03 1.8926e-03 1.5185e+06 8.0233e+08
gnu:  514  442 1.5727e-08 1.1728e-10 1.5845e-08 1.8926e-03 1.8926e-03 1.5185e+06 8.0233e+08
gnu:  514  442 1.5845e-08 2.3456e-10 1.6079e-08 1.8926e-03 1.8926e-03 1.5185e+06 8.0233e+08
gnu:  514  442 1.5845e-08 2.3456e-10 1.6079e-08 1.8926e-03 1.8926e-03 1.5185e+06 8.0233e+08
gnu:  514  443 1.5845e-08 2.3456e-10 1.6079e-08 1.8926e-03 1.8926e-03 1.5185e+06 8.0233e+08
gnu:  515  444 1.5845e-08 1.1494e-10 1.5960e-08 1.8926e-03 1.8926e-03 1.5185e+06 8.0233e+08
gnu:  515  444 1.5960e-08 2.2987e-10 1.6189e-08 1.8926e-03 1.8926e-03 1.5185e+06 8.0233e+08
gnu:  515  444 1.5960e-08 2.2987e-10 1.6189e-08 1.8926e-03 1.8926e-03 1.5185e+06 8.0233e+08
gnu:  515  445 1.5960e-08 2.2987e-10 1.6189e-08 1.8926e-03 1.8926e-03 1.5185e+06 8.0233e+08
gnu:  516  446 1.5960e-08 1.1264e-10 1.6072e-08 1.8926e-03 1.8926e-03 1.5185e+06 8.0233e+08
gnu:  516  446 1.6072e-08 2.2527e-10 1.6297e-08 1.8926e-03 1.8926e-03 1.5185e+06 8.0233e+08
gnu:  516  446 1.6072e-08 2.2527e-10 1.6297e-08 1.8926e-03 1.8926e-03 1.5185e+06 8.0233e+08
gnu:  517  447 1.6072e-08 1.5769e-10 1.6230e-08 1.8926e-03 1.8926e-03 1.5185e+06 8.0233e+08
gnu:  517  447 1.6230e-08 3.1538e-10 1.6545e-08 1.8926e-03 1.8926e-03 1.5185e+06 8.0233e+08
gnu:  517  447 1.6230e-08 3.1538e-10 1.6545e-08 1.8926e-03 1.8926e-03 1.5185e+06 8.0233e+08
gnu:  517  448 1.6230e-08 3.1538e-10 1.6545e-08 1.8926e-03 1.8926e-03 1.5185e+06 8.0233e+08
gnu:  517  449 1.6230e-08 3.1538e-10 1.6545e-08 1.8926e-03 1.8926e-03 1.5185e+06 8.0233e+08
gnu:  518  450 1.6230e-08 1.0818e-10 1.6338e-08 1.8926e-03 1.8926e-03 1.5185e+06 8.0233e+08
gnu:  518  450 1.6338e-08 2.1635e-10 1.6554e-08 1.8926e-03 1.8926e-03 1.5185e+06 8.0233e+08
gnu:  518  450 1.6338e-08 2.1635e-10 1.6554e-08 1.8926e-03 1.8926e-03 1.5185e+06 8.0233e+08
gnu:  519  451 1.6338e-08 1.5145e-10 1.6490e-08 1.8926e-03 1.8926e-03 1.5185e+06 8.0233e+08
gnu:  519  451 1.6490e-08 3.0289e-10 1.6792e-08 1.8926e-03 1.8926e-03 1.5185e+06 8.0233e+08
gnu:  519  451 1.6490e-08 3.0289e-10 1.6792e-08 1.8926e-03 1.8926e-03 1.5185e+06 8.0233e+08
gnu:  519  452 1.6490e-08 3.0289e-10 1.6792e-08 1.8926e-03 1.8926e-03 1.5185e+06 8.0233e+08
gnu:  520  453 1.6490e-08 1.4842e-10 1.6638e-08 1.8926e-03 1.8926e-03 1.5185e+06 8.0233e+08
gnu:  520  453 1.6638e-08 2.9684e-10 1.6935e-08 1.8926e-03 1.8926e-03 1.5185e+06 8.0233e+08
gnu:  520  453 1.6638e-08 2.9684e-10 1.6935e-08 1.8926e-03 1.8926e-03 1.5185e+06 8.0233e+08
gnu:  520  454 1.6638e-08 2.9684e-10 1.6935e-08 1.8926e-03 1.8926e-03 1.5185e+06 8.0233e+08
gnu:  521  455 1.6638e-08 1.4545e-10 1.6783e-08 1.8926e-03 1.8926e-03 1.5185e+06 8.0233e+08
gnu:  521  455 1.6783e-08 2.9090e-10 1.7074e-08 1.8926e-03 1.8926e-03 1.5185e+06 8.0233e+08
gnu:  521  455 1.6783e-08 2.9090e-10 1.7074e-08 1.8926e-03 1.8926e-03 1.5185e+06 8.0233e+08
gnu:  521  456 1.6783e-08 2.9090e-10 1.7074e-08 1.8926e-03 1.8926e-03 1.5185e+06 8.0233e+08
gnu:  522  457 1.6783e-08 1.4254e-10 1.6926e-08 1.8926e-03 1.8926e-03 1.5185e+06 8.0233e+08
gnu:  522  457 1.6926e-08 2.8508e-10 1.7211e-08 1.8926e-03 1.8926e-03 1.5185e+06 8.0233e+08
gnu:  522  457 1.6926e-08 2.8508e-10 1.7211e-08 1.8926e-03 1.8926e-03 1.5185e+06 8.0233e+08
gnu:  522  458 1.6926e-08 2.8508e-10 1.7211e-08 1.8926e-03 1.8926e-03 1.5185e+06 8.0233e+08
gnu:  523  459 1.6926e-08 1.3969e-10 1.7066e-08 1.8926e-03 1.8926e-03 1.5185e+06 8.0233e+08
gnu:  523  459 1.7066e-08 2.7938e-10 1.7345e-08 1.8926e-03 1.8842e-03 0.0000e+00 8.0233e+08
gnu:  523  459 1.7066e-08 2.7938e-10 1.7345e-08 1.8926e-03 1.8867e-03 0.0000e+00 8.0233e+08
gnu:  523  460 1.7066e-08 2.7938e-10 1.7345e-08 1.8926e-03 1.8885e-03 0.0000e+00 8.0233e+08
gnu:  524  461 1.7066e-08 1.3690e-10 1.7203e-08 1.8885e-03 1.8885e-03 0.0000e+00 8.0233e+08
gnu:  524  461 1.7203e-08 2.7379e-10 1.7476e-08 1.8885e-03 1.8804e-03 0.0000e+00 8.0233e+08
gnu:  524  461 1.7203e-08 2.7379e-10 1.7476e-08 1.8885e-03 1.8828e-03 0.0000e+00 8.0233e+08
gnu:  524  462 1.7203e-08 2.7379e-10 1.7476e-08 1.8885e-03 1.8845e-03 0.0000e+00 8.0233e+08
gnu:  525  463 1.7203e-08 1.3416e-10 1.7337e-08 1.8845e-03 1.8845e-03 0.0000e+00 8.0233e+08
gnu:  525  463 1.7337e-08 2.6832e-10 1.7605e-08 1.8845e-03 1.8768e-03 0.0000e+00 8.0233e+08
gnu:  525  463 1.7337e-08 2.6832e-10 1.7605e-08 1.8845e-03 1.8791e-03 0.0000e+00 8.0233e+08
gnu:  525  464 1.7337e-08 2.6832e-10 1.7605e-08 1.8845e-03 1.8808e-03 0.0000e+00 8.0233e+08
gnu:  526  465 1.7337e-08 1.3148e-10 1.7468e-08 1.8808e-03 1.8808e-03 0.0000e+00 8.0233e+08
gnu:  526  465 1.7468e-08 2.6295e-10 1.7731e-08 1.8808e-03 1.8734e-03 0.0000e+00 8.0233e+08
gnu:  526  465 1.7468e-08 2.6295e-10 1.7731e-08 1.8808e-03 1.8756e-03 0.0000e+00 8.0233e+08
gnu:  527  466 1.7468e-08 1.8407e-10 1.7652e-08 1.8757e-03 1.8756e-03 0.0000e+00 8.0233e+08
gnu:  527  466 1.7652e-08 3.6813e-10 1.8020e-08 1.8756e-03 1.8657e-03 0.0000e+00 8.0233e+08
gnu:  527  466 1.7652e-08 3.6813e-10 1.8020e-08 1.8756e-03 1.8687e-03 0.0000e+00 8.0233e+08
gnu:  527  467 1.7652e-08 3.6813e-10 1.8020e-08 1.8756e-03 1.8707e-03 0.0000e+00 8.0233e+08
gnu:  527  468 1.7652e-08 3.6813e-10 1.8020e-08 1.8756e-03 1.8722e-03 0.0000e+00 8.0233e+08
gnu:  528  469 1.7652e-08 1.2627e-10 1.7778e-08 1.8722e-03 1.8722e-03 0.0000e+00 8.0233e+08
gnu:  528  469 1.7778e-08 2.5254e-10 1.8031e-08 1.8722e-03 1.8655e-03 0.0000e+00 8.0233e+08
gnu:  528  469 1.7778e-08 2.5254e-10 1.8031e-08 1.8722e-03 1.8675e-03 0.0000e+00 8.0233e+08
gnu:  529  470 1.7778e-08 1.7678e-10 1.7955e-08 1.8676e-03 1.8676e-03 0.0000e+00 8.0233e+08
gnu:  529  470 1.7955e-08 3.5355e-10 1.8309e-08 1.8676e-03 1.8585e-03 0.0000e+00 8.0233e+08
gnu:  529  470 1.7955e-08 3.5355e-10 1.8309e-08 1.8676e-03 1.8612e-03 0.0000e+00 8.0233e+08
gnu:  529  471 1.7955e-08 3.5355e-10 1.8309e-08 1.8676e-03 1.8631e-03 0.0000e+00 8.0233e+08
gnu:  530  472 1.7955e-08 1.7324e-10 1.8129e-08 1.8632e-03 1.8631e-03 0.0000e+00 8.0233e+08
gnu:  530  472 1.8129e-08 3.4648e-10 1.8475e-08 1.8631e-03 1.8545e-03 0.0000e+00 8.0233e+08
gnu:  530  472 1.8129e-08 3.4648e-10 1.8475e-08 1.8631e-03 1.8571e-03 0.0000e+00 8.0233e+08
gnu:  530  473 1.8129e-08 3.4648e-10 1.8475e-08 1.8631e-03 1.8589e-03 0.0000e+00 8.0233e+08
gnu:  531  474 1.8129e-08 1.6978e-10 1.8298e-08 1.8590e-03 1.8589e-03 0.0000e+00 8.0233e+08
gnu:  531  474 1.8298e-08 3.3955e-10 1.8638e-08 1.8589e-03 1.8508e-03 0.0000e+00 8.0233e+08
gnu:  531  474 1.8298e-08 3.3955e-10 1.8638e-08 1.8589e-03 1.8532e-03 0.0000e+00 8.0233e+08
gnu:  531  475 1.8298e-08 3.3955e-10 1.8638e-08 1.8589e-03 1.8549e-03 0.0000e+00 8.0233e+08
gnu:  532  476 1.8298e-08 1.6638e-10 1.8465e-08 1.8550e-03 1.8550e-03 0.0000e+00 8.0233e+08
gnu:  532  476 1.8465e-08 3.3276e-10 1.8797e-08 1.8550e-03 1.8472e-03 0.0000e+00 8.0233e+08
gnu:  532  476 1.8465e-08 3.3276e-10 1.8797e-08 1.8550e-03 1.8495e-03 0.0000e+00 8.0233e+08
gnu:  532  477 1.8465e-08 3.3276e-10 1.8797e-08 1.8550e-03 1.8511e-03 0.0000e+00 8.0233e+08
gnu:  533  478 1.8465e-08 1.6305e-10 1.8628e-08 1.8512e-03 1.8512e-03 0.0000e+00 8.0233e+08
gnu:  533  478 1.8628e-08 3.2611e-10 1.8954e-08 1.8512e-03 1.8438e-03 0.0000e+00 8.0233e+08
gnu:  533  478 1.8628e-08 3.2611e-10 1.8954e-08 1.8512e-03 1.8460e-03 0.0000e+00 8.0233e+08
gnu:  533  479 1.8628e-08 3.2611e-10 1.8954e-08 1.8512e-03 1.8475e-03 0.0000e+00 8.0233e+08
gnu:  534  480 1.8628e-08 1.5979e-10 1.8788e-08 1.8476e-03 1.8476e-03 0.0000e+00 8.0233e+08
gnu:  534  480 1.8788e-08 3.1958e-10 1.9107e-08 1.8476e-03 1.8405e-03 0.0000e+00 8.0233e+08
gnu:  534  480 1.8788e-08 3.1958e-10 1.9107e-08 1.8476e-03 1.8426e-03 0.0000e+00 8.0233e+08
gnu:  534  481 1.8788e-08 3.1958e-10 1.9107e-08 1.8476e-03 1.8441e-03 0.0000e+00 8.0233e+08
gnu:  535  482 1.8788e-08 1.5660e-10 1.8944e-08 1.8441e-03 1.8441e-03 0.0000e+00 8.0233e+08
gnu:  535  482 1.8944e-08 3.1319e-10 1.9257e-08 1.8441e-03 1.8374e-03 0.0000e+00 8.0233e+08
gnu:  535  482 1.8944e-08 3.1319e-10 1.9257e-08 1.8441e-03 1.8394e-03 0.0000e+00 8.0233e+08
gnu:  536  483 1.8944e-08 2.1923e-10 1.9163e-08 1.8395e-03 1.8394e-03 0.0000e+00 8.0233e+08
gnu:  536  483 1.9163e-08 3.4733e-10 1.9511e-08 1.8394e-03 1.8323e-03 0.0000e+00 8.0233e+08
gnu:  536  483 1.9163e-08 3.4733e-10 1.9511e-08 1.8394e-03 1.8344e-03 0.0000e+00 8.0233e+08
gnu:  536  484 1.9163e-08 3.4733e-10 1.9511e-08 1.8394e-03 1.8359e-03 0.0000e+00 8.0233e+08
gnu:  537  485 1.9163e-08 1.7019e-10 1.9334e-08 1.8360e-03 1.8360e-03 0.0000e+00 8.0233e+08
gnu:  537  485 1.9334e-08 3.4038e-10 1.9674e-08 1.8360e-03 1.8292e-03 0.0000e+00 8.0233e+08
gnu:  537  485 1.9334e-08 3.4038e-10 1.9674e-08 1.8360e-03 1.8312e-03 0.0000e+00 8.0233e+08
gnu:  537  486 1.9334e-08 3.4038e-10 1.9674e-08 1.8360e-03 1.8326e-03 0.0000e+00 8.0233e+08
gnu:  538  487 1.9334e-08 1.6679e-10 1.9500e-08 1.8327e-03 1.8326e-03 0.0000e+00 8.0233e+08
gnu:  538  487 1.9500e-08 3.3357e-10 1.9834e-08 1.8326e-03 1.8262e-03 0.0000e+00 8.0233e+08
gnu:  538  487 1.9500e-08 3.3357e-10 1.9834e-08 1.8326e-03 1.8281e-03 0.0000e+00 8.0233e+08
gnu:  538  488 1.9500e-08 3.3357e-10 1.9834e-08 1.8326e-03 1.8295e-03 0.0000e+00 8.0233e+08
gnu:  539  489 1.9500e-08 1.6345e-10 1.9664e-08 1.8295e-03 1.8295e-03 0.0000e+00 8.0233e+08
gnu:  539  489 1.9664e-08 3.2690e-10 1.9991e-08 1.8295e-03 1.8233e-03 0.0000e+00 8.0233e+08
gnu:  539  489 1.9664e-08 3.2690e-10 1.9991e-08 1.8295e-03 1.8252e-03 0.0000e+00 8.0233e+08
gnu:  540  490 1.9664e-08 2.2883e-10 1.9893e-08 1.8252e-03 1.8252e-03 0.0000e+00 8.0233e+08
gnu:  540  490 1.9893e-08 3.8623e-10 2.0279e-08 1.8252e-03 1.8183e-03 0.0000e+00 8.0233e+08
gnu:  540  490 1.9893e-08 3.8623e-10 2.0279e-08 1.8252e-03 1.8203e-03 0.0000e+00 8.0233e+08
gnu:  540  491 1.9893e-08 3.8623e-10 2.0279e-08 1.8252e-03 1.8218e-03 0.0000e+00 8.0233e+08
gnu:  541  492 1.9893e-08 1.8925e-10 2.0082e-08 1.8218e-03 1.8218e-03 0.0000e+00 8.0233e+08
gnu:  541  492 2.0082e-08 3.7850e-10 2.0460e-08 1.8218e-03 1.8152e-03 0.0000e+00 8.0233e+08
gnu:  541  492 2.0082e-08 3.7850e-10 2.0460e-08 1.8218e-03 1.8172e-03 0.0000e+00 8.0233e+08
gnu:  541  493 2.0082e-08 3.7850e-10 2.0460e-08 1.8218e-03 1.8186e-03 0.0000e+00 8.0233e+08
gnu:  542  494 2.0082e-08 1.8547e-10 2.0267e-08 1.8186e-03 1.8186e-03 0.0000e+00 8.0233e+08
gnu:  542  494 2.0267e-08 3.7093e-10 2.0638e-08 1.8186e-03 1.8124e-03 0.0000e+00 8.0233e+08
gnu:  542  494 2.0267e-08 3.7093e-10 2.0638e-08 1.8186e-03 1.8142e-03 0.0000e+00 8.0233e+08
gnu:  542  495 2.0267e-08 3.7093e-10 2.0638e-08 1.8186e-03 1.8155e-03 0.0000e+00 8.0233e+08
gnu:  543  496 2.0267e-08 1.8176e-10 2.0449e-08 1.8156e-03 1.8156e-03 0.0000e+00 8.0233e+08
gnu:  543  496 2.0449e-08 3.6352e-10 2.0813e-08 1.8156e-03 1.8096e-03 0.0000e+00 8.0233e+08
gnu:  543  496 2.0449e-08 3.6352e-10 2.0813e-08 1.8156e-03 1.8114e-03 0.0000e+00 8.0233e+08
gnu:  544  497 2.0449e-08 2.5446e-10 2.0704e-08 1.8115e-03 1.8114e-03 0.0000e+00 8.0233e+08
gnu:  544  497 2.0704e-08 4.6278e-10 2.1166e-08 1.8114e-03 1.8042e-03 0.0000e+00 8.0233e+08
gnu:  544  497 2.0704e-08 4.6278e-10 2.1166e-08 1.8114e-03 1.8064e-03 0.0000e+00 8.0233e+08
gnu:  544  498 2.0704e-08 4.6278e-10 2.1166e-08 1.8114e-03 1.8079e-03 0.0000e+00 8.0233e+08
gnu:  544  499 2.0704e-08 4.6278e-10 2.1166e-08 1.8114e-03 1.8090e-03 0.0000e+00 8.0233e+08
gnu:  545  500 2.0704e-08 1.5873e-10 2.0862e-08 1.8090e-03 1.8090e-03 0.0000e+00 8.0233e+08
gnu:  545  500 2.0862e-08 3.1746e-10 2.1180e-08 1.8090e-03 1.8042e-03 0.0000e+00 8.0233e+08
gnu:  545  500 2.0862e-08 3.1746e-10 2.1180e-08 1.8090e-03 1.8056e-03 0.0000e+00 8.0233e+08
gnu:  546  501 2.0862e-08 2.2222e-10 2.1084e-08 1.8056e-03 1.8056e-03 0.0000e+00 8.0233e+08
gnu:  546  501 2.1084e-08 3.7980e-10 2.1464e-08 1.8056e-03 1.8001e-03 0.0000e+00 8.0233e+08
gnu:  546  501 2.1084e-08 3.7980e-10 2.1464e-08 1.8056e-03 1.8018e-03 0.0000e+00 8.0233e+08
gnu:  546  502 2.1084e-08 3.7980e-10 2.1464e-08 1.8056e-03 1.8029e-03 0.0000e+00 8.0233e+08
gnu:  547  503 2.1084e-08 1.8610e-10 2.1271e-08 1.8029e-03 1.8029e-03 0.0000e+00 8.0233e+08
gnu:  547  503 2.1271e-08 3.7220e-10 2.1643e-08 1.8029e-03 1.7977e-03 0.0000e+00 8.0233e+08
gnu:  547  503 2.1271e-08 3.7220e-10 2.1643e-08 1.8029e-03 1.7993e-03 0.0000e+00 8.0233e+08
gnu:  548  504 2.1271e-08 2.6054e-10 2.1531e-08 1.7993e-03 1.7993e-03 0.0000e+00 8.0233e+08
gnu:  548  504 2.1531e-08 4.9557e-10 2.2027e-08 1.7993e-03 1.7926e-03 0.0000e+00 8.0233e+08
gnu:  548  504 2.1531e-08 4.9557e-10 2.2027e-08 1.7993e-03 1.7946e-03 0.0000e+00 8.0233e+08
gnu:  548  505 2.1531e-08 4.9557e-10 2.2027e-08 1.7993e-03 1.7960e-03 0.0000e+00 8.0233e+08
gnu:  549  506 2.1531e-08 2.4283e-10 2.1774e-08 1.7961e-03 1.7960e-03 0.0000e+00 8.0233e+08
gnu:  549  506 2.1774e-08 4.8565e-10 2.2260e-08 1.7960e-03 1.7898e-03 0.0000e+00 8.0233e+08
gnu:  549  506 2.1774e-08 4.8565e-10 2.2260e-08 1.7960e-03 1.7917e-03 0.0000e+00 8.0233e+08
gnu:  549  507 2.1774e-08 4.8565e-10 2.2260e-08 1.7960e-03 1.7930e-03 0.0000e+00 8.0233e+08
gnu:  550  508 2.1774e-08 2.3797e-10 2.2012e-08 1.7930e-03 1.7930e-03 0.0000e+00 8.0233e+08
gnu:  550  508 2.2012e-08 4.7594e-10 2.2488e-08 1.7930e-03 1.7871e-03 0.0000e+00 8.0233e+08
gnu:  550  508 2.2012e-08 4.7594e-10 2.2488e-08 1.7930e-03 1.7889e-03 0.0000e+00 8.0233e+08
gnu:  550  509 2.2012e-08 4.7594e-10 2.2488e-08 1.7930e-03 1.7901e-03 0.0000e+00 8.0233e+08
gnu:  551  510 2.2012e-08 2.3321e-10 2.2245e-08 1.7902e-03 1.7901e-03 0.0000e+00 8.0233e+08
gnu:  551  510 2.2245e-08 4.6642e-10 2.2712e-08 1.7901e-03 1.7846e-03 0.0000e+00 8.0233e+08
gnu:  551  510 2.2245e-08 4.6642e-10 2.2712e-08 1.7901e-03 1.7863e-03 0.0000e+00 8.0233e+08
gnu:  551  511 2.2245e-08 4.6642e-10 2.2712e-08 1.7901e-03 1.7874e-03 0.0000e+00 8.0233e+08
gnu:  552  512 2.2245e-08 2.2855e-10 2.2474e-08 1.7875e-03 1.7874e-03 0.0000e+00 8.0233e+08
gnu:  552  512 2.2474e-08 4.5709e-10 2.2931e-08 1.7874e-03 1.7822e-03 0.0000e+00 8.0233e+08
gnu:  552  512 2.2474e-08 4.5709e-10 2.2931e-08 1.7874e-03 1.7838e-03 0.0000e+00 8.0233e+08
gnu:  553  513 2.2474e-08 3.1997e-10 2.2794e-08 1.7839e-03 1.7838e-03 0.0000e+00 8.0233e+08
gnu:  553  513 2.2794e-08 6.3993e-10 2.3434e-08 1.7838e-03 1.7770e-03 0.0000e+00 8.0233e+08
gnu:  553  513 2.2794e-08 6.3993e-10 2.3434e-08 1.7838e-03 1.7790e-03 0.0000e+00 8.0233e+08
gnu:  553  514 2.2794e-08 6.3993e-10 2.3434e-08 1.7838e-03 1.7805e-03 0.0000e+00 8.0233e+08
gnu:  553  515 2.2794e-08 6.3993e-10 2.3434e-08 1.7838e-03 1.7815e-03 0.0000e+00 8.0233e+08
gnu:  554  516 2.2794e-08 2.1950e-10 2.3013e-08 1.7815e-03 1.7815e-03 0.0000e+00 8.0233e+08
gnu:  554  516 2.3013e-08 4.3899e-10 2.3452e-08 1.7815e-03 1.7769e-03 0.0000e+00 8.0233e+08
gnu:  554  516 2.3013e-08 4.3899e-10 2.3452e-08 1.7815e-03 1.7783e-03 0.0000e+00 8.0233e+08
gnu:  555  517 2.3013e-08 3.0729e-10 2.3320e-08 1.7784e-03 1.7783e-03 0.0000e+00 8.0233e+08
gnu:  555  517 2.3320e-08 5.2492e-10 2.3845e-08 1.7783e-03 1.7732e-03 0.0000e+00 8.0233e+08
gnu:  555  517 2.3320e-08 5.2492e-10 2.3845e-08 1.7783e-03 1.7747e-03 0.0000e+00 8.0233e+08
gnu:  555  518 2.3320e-08 5.2492e-10 2.3845e-08 1.7783e-03 1.7758e-03 0.0000e+00 8.0233e+08
gnu:  556  519 2.3320e-08 2.5721e-10 2.3578e-08 1.7758e-03 1.7758e-03 0.0000e+00 8.0233e+08
gnu:  556  519 2.3578e-08 5.1442e-10 2.4092e-08 1.7758e-03 1.7710e-03 0.0000e+00 8.0233e+08
gnu:  556  519 2.3578e-08 5.1442e-10 2.4092e-08 1.7758e-03 1.7725e-03 0.0000e+00 8.0233e+08
gnu:  556  520 2.3578e-08 5.1442e-10 2.4092e-08 1.7758e-03 1.7735e-03 0.0000e+00 8.0233e+08
gnu:  557  521 2.3578e-08 2.5207e-10 2.3830e-08 1.7735e-03 1.7735e-03 0.0000e+00 8.0233e+08
gnu:  557  521 2.3830e-08 5.0413e-10 2.4334e-08 1.7735e-03 1.7690e-03 0.0000e+00 8.0233e+08
gnu:  557  521 2.3830e-08 5.0413e-10 2.4334e-08 1.7735e-03 1.7703e-03 0.0000e+00 8.0233e+08
gnu:  557  522 2.3830e-08 5.0413e-10 2.4334e-08 1.7735e-03 1.7713e-03 0.0000e+00 8.0233e+08
gnu:  558  523 2.3830e-08 2.4702e-10 2.4077e-08 1.7713e-03 1.7713e-03 0.0000e+00 8.0233e+08
gnu:  558  523 2.4077e-08 4.9405e-10 2.4571e-08 1.7713e-03 1.7670e-03 0.0000e+00 8.0233e+08
gnu:  558  523 2.4077e-08 4.9405e-10 2.4571e-08 1.7713e-03 1.7683e-03 0.0000e+00 8.0233e+08
gnu:  559  524 2.4077e-08 3.4583e-10 2.4423e-08 1.7683e-03 1.7683e-03 0.0000e+00 8.0233e+08
gnu:  559  524 2.4423e-08 6.9167e-10 2.5114e-08 1.7683e-03 1.7627e-03 0.0000e+00 8.0233e+08
gnu:  559  524 2.4423e-08 6.9167e-10 2.5114e-08 1.7683e-03 1.7644e-03 0.0000e+00 8.0233e+08
gnu:  559  525 2.4423e-08 6.9167e-10 2.5114e-08 1.7683e-03 1.7656e-03 0.0000e+00 8.0233e+08
gnu:  559  526 2.4423e-08 6.9167e-10 2.5114e-08 1.7683e-03 1.7664e-03 0.0000e+00 8.0233e+08
gnu:  560  527 2.4423e-08 2.3724e-10 2.4660e-08 1.7664e-03 1.7664e-03 0.0000e+00 8.0233e+08
gnu:  560  527 2.4660e-08 4.7448e-10 2.5134e-08 1.7664e-03 1.7627e-03 0.0000e+00 8.0233e+08
gnu:  560  527 2.4660e-08 4.7448e-10 2.5134e-08 1.7664e-03 1.7638e-03 0.0000e+00 8.0233e+08
gnu:  561  528 2.4660e-08 3.3214e-10 2.4992e-08 1.7639e-03 1.7638e-03 0.0000e+00 8.0233e+08
gnu:  561  528 2.4992e-08 6.3010e-10 2.5622e-08 1.7638e-03 1.7592e-03 0.0000e+00 8.0233e+08
gnu:  561  528 2.4992e-08 6.3010e-10 2.5622e-08 1.7638e-03 1.7606e-03 0.0000e+00 8.0233e+08
gnu:  561  529 2.4992e-08 6.3010e-10 2.5622e-08 1.7638e-03 1.7616e-03 0.0000e+00 8.0233e+08
gnu:  562  530 2.4992e-08 3.0875e-10 2.5301e-08 1.7616e-03 1.7616e-03 0.0000e+00 8.0233e+08
gnu:  562  530 2.5301e-08 6.1750e-10 2.5918e-08 1.7616e-03 1.7573e-03 0.0000e+00 8.0233e+08
gnu:  562  530 2.5301e-08 6.1750e-10 2.5918e-08 1.7616e-03 1.7586e-03 0.0000e+00 8.0233e+08
gnu:  562  531 2.5301e-08 6.1750e-10 2.5918e-08 1.7616e-03 1.7595e-03 0.0000e+00 8.0233e+08
gnu:  563  532 2.5301e-08 3.0257e-10 2.5603e-08 1.7595e-03 1.7595e-03 0.0000e+00 8.0233e+08
gnu:  563  532 2.5603e-08 6.0515e-10 2.6208e-08 1.7595e-03 1.7555e-03 0.0000e+00 8.0233e+08
gnu:  563  532 2.5603e-08 6.0515e-10 2.6208e-08 1.7595e-03 1.7567e-03 0.0000e+00 8.0233e+08
gnu:  563  533 2.5603e-08 6.0515e-10 2.6208e-08 1.7595e-03 1.7575e-03 0.0000e+00 8.0233e+08
gnu:  564  534 2.5603e-08 2.9652e-10 2.5900e-08 1.7576e-03 1.7575e-03 0.0000e+00 8.0233e+08
gnu:  564  534 2.5900e-08 5.9304e-10 2.6493e-08 1.7575e-03 1.7538e-03 0.0000e+00 8.0233e+08
gnu:  564  534 2.5900e-08 5.9304e-10 2.6493e-08 1.7575e-03 1.7549e-03 0.0000e+00 8.0233e+08
gnu:  564  535 2.5900e-08 5.9304e-10 2.6493e-08 1.7575e-03 1.7557e-03 0.0000e+00 8.0233e+08
gnu:  565  536 2.5900e-08 2.9059e-10 2.6190e-08 1.7557e-03 1.7557e-03 0.0000e+00 8.0233e+08
gnu:  565  536 2.6190e-08 5.8118e-10 2.6772e-08 1.7557e-03 1.7522e-03 0.0000e+00 8.0233e+08
gnu:  565  536 2.6190e-08 5.8118e-10 2.6772e-08 1.7557e-03 1.7533e-03 0.0000e+00 8.0233e+08
gnu:  565  537 2.6190e-08 5.8118e-10 2.6772e-08 1.7557e-03 1.7540e-03 0.0000e+00 8.0233e+08
gnu:  566  538 2.6190e-08 2.8478e-10 2.6475e-08 1.7540e-03 1.7540e-03 0.0000e+00 8.0233e+08
gnu:  566  538 2.6475e-08 5.6956e-10 2.7045e-08 1.7540e-03 1.7508e-03 0.0000e+00 8.0233e+08
gnu:  566  538 2.6475e-08 5.6956e-10 2.7045e-08 1.7540e-03 1.7517e-03 0.0000e+00 8.0233e+08
gnu:  567  539 2.6475e-08 3.9869e-10 2.6874e-08 1.7518e-03 1.7518e-03 0.0000e+00 8.0233e+08
gnu:  567  539 2.6874e-08 7.9738e-10 2.7671e-08 1.7518e-03 1.7475e-03 0.0000e+00 8.0233e+08
gnu:  567  539 2.6874e-08 7.9738e-10 2.7671e-08 1.7518e-03 1.7488e-03 0.0000e+00 8.0233e+08
gnu:  567  540 2.6874e-08 7.9738e-10 2.7671e-08 1.7518e-03 1.7497e-03 0.0000e+00 8.0233e+08
gnu:  567  541 2.6874e-08 7.9738e-10 2.7671e-08 1.7518e-03 1.7503e-03 0.0000e+00 8.0233e+08
gnu:  568  542 2.6874e-08 2.7350e-10 2.7147e-08 1.7503e-03 1.7503e-03 0.0000e+00 8.0233e+08
gnu:  568  542 2.7147e-08 5.4700e-10 2.7694e-08 1.7503e-03 1.7475e-03 0.0000e+00 8.0233e+08
gnu:  568  542 2.7147e-08 5.4700e-10 2.7694e-08 1.7503e-03 1.7484e-03 0.0000e+00 8.0233e+08
gnu:  569  543 2.7147e-08 3.8290e-10 2.7530e-08 1.7484e-03 1.7484e-03 0.0000e+00 8.0233e+08
gnu:  569  543 2.7530e-08 7.6581e-10 2.8296e-08 1.7484e-03 1.7447e-03 0.0000e+00 8.0233e+08
gnu:  569  543 2.7530e-08 7.6581e-10 2.8296e-08 1.7484e-03 1.7458e-03 0.0000e+00 8.0233e+08
gnu:  569  544 2.7530e-08 7.6581e-10 2.8296e-08 1.7484e-03 1.7466e-03 0.0000e+00 8.0233e+08
gnu:  570  545 2.7530e-08 3.7524e-10 2.7906e-08 1.7466e-03 1.7466e-03 0.0000e+00 8.0233e+08
gnu:  570  545 2.7906e-08 7.5049e-10 2.8656e-08 1.7466e-03 1.7432e-03 0.0000e+00 8.0233e+08
gnu:  570  545 2.7906e-08 7.5049e-10 2.8656e-08 1.7466e-03 1.7442e-03 0.0000e+00 8.0233e+08
gnu:  570  546 2.7906e-08 7.5049e-10 2.8656e-08 1.7466e-03 1.7449e-03 0.0000e+00 8.0233e+08
gnu:  571  547 2.7906e-08 3.6774e-10 2.8273e-08 1.7450e-03 1.7449e-03 0.0000e+00 8.0233e+08
gnu:  571  547 2.8273e-08 7.3548e-10 2.9009e-08 1.7449e-03 1.7418e-03 0.0000e+00 8.0233e+08
gnu:  571  547 2.8273e-08 7.3548e-10 2.9009e-08 1.7449e-03 1.7428e-03 0.0000e+00 8.0233e+08
gnu:  571  548 2.8273e-08 7.3548e-10 2.9009e-08 1.7449e-03 1.7434e-03 0.0000e+00 8.0233e+08
gnu:  572  549 2.8273e-08 3.6039e-10 2.8634e-08 1.7434e-03 1.7434e-03 0.0000e+00 8.0233e+08
gnu:  572  549 2.8634e-08 7.2077e-10 2.9354e-08 1.7434e-03 1.7405e-03 0.0000e+00 8.0233e+08
gnu:  572  549 2.8634e-08 7.2077e-10 2.9354e-08 1.7434e-03 1.7414e-03 0.0000e+00 8.0233e+08
gnu:  572  550 2.8634e-08 7.2077e-10 2.9354e-08 1.7434e-03 1.7420e-03 0.0000e+00 8.0233e+08
gnu:  573  551 2.8634e-08 3.5318e-10 2.8987e-08 1.7420e-03 1.7420e-03 0.0000e+00 8.0233e+08
gnu:  573  551 2.8987e-08 7.0635e-10 2.9693e-08 1.7420e-03 1.7394e-03 0.0000e+00 8.0233e+08
gnu:  573  551 2.8987e-08 7.0635e-10 2.9693e-08 1.7420e-03 1.7402e-03 0.0000e+00 8.0233e+08
gnu:  573  552 2.8987e-08 7.0635e-10 2.9693e-08 1.7420e-03 1.7407e-03 0.0000e+00 8.0233e+08
gnu:  574  553 2.8987e-08 3.4611e-10 2.9333e-08 1.7407e-03 1.7407e-03 0.0000e+00 8.0233e+08
gnu:  574  553 2.9333e-08 6.9223e-10 3.0025e-08 1.7407e-03 1.7383e-03 0.0000e+00 8.0233e+08
gnu:  574  553 2.9333e-08 6.9223e-10 3.0025e-08 1.7407e-03 1.7390e-03 0.0000e+00 8.0233e+08
gnu:  574  554 2.9333e-08 6.9223e-10 3.0025e-08 1.7407e-03 1.7395e-03 0.0000e+00 8.0233e+08
gnu:  575  555 2.9333e-08 3.3919e-10 2.9672e-08 1.7395e-03 1.7395e-03 0.0000e+00 8.0233e+08
gnu:  575  555 2.9672e-08 6.7838e-10 3.0351e-08 1.7395e-03 1.7372e-03 0.0000e+00 8.0233e+08
gnu:  575  555 2.9672e-08 6.7838e-10 3.0351e-08 1.7395e-03 1.7379e-03 0.0000e+00 8.0233e+08
gnu:  575  556 2.9672e-08 6.7838e-10 3.0351e-08 1.7395e-03 1.7384e-03 0.0000e+00 8.0233e+08
gnu:  575  557 2.9672e-08 6.7838e-10 3.0351e-08 1.7395e-03 1.7387e-03 0.0000e+00 8.0233e+08
gnu:  575  558 2.9672e-08 6.7838e-10 3.0351e-08 1.7395e-03 1.7390e-03 0.0000e+00 8.0233e+08
gnu:  575  559 2.9672e-08 6.7838e-10 3.0351e-08 1.7395e-03 1.7391e-03 0.0000e+00 8.0233e+08
gnu:  575  560 2.9672e-08 6.7838e-10 3.0351e-08 1.7395e-03 1.7392e-03 0.0000e+00 8.0233e+08
gnu:  575  561 2.9672e-08 6.7838e-10 3.0351e-08 1.7395e-03 1.7393e-03 0.0000e+00 8.0233e+08
gnu:  576  562 2.9672e-08 5.5868e-11 2.9728e-08 1.7393e-03 1.7393e-03 0.0000e+00 8.0233e+08
gnu:  576  562 2.9728e-08 8.6898e-11 2.9815e-08 1.7393e-03 1.7390e-03 0.0000e+00 8.0233e+08
gnu:  577  562 2.9728e-08 8.6898e-11 2.9815e-08 1.7390e-03 1.7390e-03 0.0000e+00 8.0233e+08
gnu:  577  562 2.9815e-08 1.7380e-10 2.9989e-08 1.7390e-03 1.7385e-03 0.0000e+00 8.0233e+08
gnu:  578  562 2.9815e-08 1.7380e-10 2.9989e-08 1.7385e-03 1.7385e-03 0.0000e+00 8.0233e+08
gnu:  578  562 2.9989e-08 3.4759e-10 3.0336e-08 1.7385e-03 1.7374e-03 0.0000e+00 8.0233e+08
gnu:  579  562 2.9989e-08 3.4759e-10 3.0336e-08 1.7374e-03 1.7374e-03 0.0000e+00 8.0233e+08
gnu:  579  562 3.0336e-08 6.9519e-10 3.1031e-08 1.7374e-03 1.7352e-03 0.0000e+00 8.0233e+08
gnu:  580  562 3.0336e-08 6.9519e-10 3.1031e-08 1.7353e-03 1.7353e-03 0.0000e+00 8.0233e+08
gnu:  581  566 3.1031e-08 3.3383e-10 3.1365e-08 1.7353e-03 1.7353e-03 0.0000e+00 8.0233e+08
gnu:  582  566 3.1365e-08 6.6766e-10 3.2033e-08 1.7353e-03 1.7352e-03 0.0000e+00 8.0233e+08
gnu:  583  569 3.2033e-08 4.5801e-10 3.2491e-08 1.7352e-03 1.7352e-03 0.0000e+00 8.0233e+08
gnu:  584  570 3.2491e-08 6.4122e-10 3.3132e-08 1.7352e-03 1.7352e-03 0.0000e+00 8.0233e+08
gnu:  585  578 3.3132e-08 7.3930e-11 3.3206e-08 1.7352e-03 1.7352e-03 0.0000e+00 8.0233e+08
gnu:  586  580 3.3206e-08 7.2451e-11 3.3279e-08 1.7352e-03 1.7352e-03 0.0000e+00 8.0233e+08
gnu:  587  582 3.3279e-08 7.1002e-11 3.3350e-08 1.7352e-03 1.7352e-03 0.0000e+00 8.0233e+08
gnu:  588  582 3.3350e-08 1.4200e-10 3.3492e-08 1.7352e-03 1.7352e-03 0.0000e+00 8.0233e+08
gnu:  589  582 3.3492e-08 2.8401e-10 3.3776e-08 1.7352e-03 1.7352e-03 0.0000e+00 8.0233e+08
gnu:  590  582 3.3776e-08 5.6802e-10 3.4344e-08 1.7352e-03 1.7352e-03 0.0000e+00 8.0233e+08
gnu:  591  584 3.4344e-08 5.5666e-10 3.4900e-08 1.7352e-03 1.7352e-03 0.0000e+00 8.0233e+08
gnu:  592  586 3.4900e-08 4.8721e-10 3.5387e-08 1.7352e-03 1.7352e-03 0.0000e+00 8.0233e+08
gnu:  593  587 3.5387e-08 5.4157e-10 3.5929e-08 1.7352e-03 1.7352e-03 0.0000e+00 8.0233e+08
gnu:  594  589 3.5929e-08 5.3073e-10 3.6460e-08 1.7352e-03 1.7351e-03 0.0000e+00 8.0233e+08
gnu:  595  591 3.6460e-08 4.8373e-10 3.6943e-08 1.7351e-03 1.7351e-03 0.0000e+00 8.0233e+08
gnu:  596  592 3.6943e-08 5.8768e-10 3.7531e-08 1.7351e-03 1.7351e-03 0.0000e+00 8.0233e+08
gnu:  597  594 3.7531e-08 5.7593e-10 3.8107e-08 1.7351e-03 1.7351e-03 0.0000e+00 8.0233e+08
gnu:  598  596 3.8107e-08 5.1097e-10 3.8618e-08 1.7351e-03 1.7351e-03 0.0000e+00 8.0233e+08
gnu:  599  597 3.8618e-08 5.8572e-10 3.9204e-08 1.7351e-03 1.7351e-03 0.0000e+00 8.0233e+08
gnu:  600  599 3.9204e-08 5.7400e-10 3.9778e-08 1.7351e-03 1.7351e-03 0.0000e+00 8.0233e+08
gnu:  601  601 3.9778e-08 5.2345e-10 4.0301e-08 1.7351e-03 1.7351e-03 0.0000e+00 8.0233e+08
gnu:  602  602 4.0301e-08 6.3408e-10 4.0935e-08 1.7351e-03 1.7350e-03 0.0000e+00 8.0233e+08
gnu:  603  604 4.0935e-08 6.2139e-10 4.1557e-08 1.7350e-03 1.7350e-03 0.0000e+00 8.0233e+08
gnu:  604  606 4.1557e-08 5.5555e-10 4.2112e-08 1.7350e-03 1.7350e-03 0.0000e+00 8.0233e+08
gnu:  605  607 4.2112e-08 6.4290e-10 4.2755e-08 1.7350e-03 1.7350e-03 0.0000e+00 8.0233e+08
gnu:  606  609 4.2755e-08 6.3004e-10 4.3385e-08 1.7350e-03 1.7350e-03 0.0000e+00 8.0233e+08
gnu:  607  611 4.3385e-08 5.7675e-10 4.3962e-08 1.7350e-03 1.7350e-03 0.0000e+00 8.0233e+08
gnu:  608  612 4.3962e-08 7.0009e-10 4.4662e-08 1.7350e-03 1.7350e-03 0.0000e+00 8.0233e+08
gnu:  609  614 4.4662e-08 6.8608e-10 4.5348e-08 1.7350e-03 1.7349e-03 0.0000e+00 8.0233e+08
gnu:  610  616 4.5348e-08 6.1644e-10 4.5965e-08 1.7349e-03 1.7349e-03 0.0000e+00 8.0233e+08
gnu:  611  617 4.5965e-08 7.1457e-10 4.6679e-08 1.7349e-03 1.7349e-03 0.0000e+00 8.0233e+08
gnu:  612  619 4.6679e-08 7.0028e-10 4.7379e-08 1.7349e-03 1.7349e-03 0.0000e+00 8.0233e+08
gnu:  613  621 4.7379e-08 6.4511e-10 4.8025e-08 1.7349e-03 1.7349e-03 0.0000e+00 8.0233e+08
gnu:  614  622 4.8025e-08 7.8846e-10 4.8813e-08 1.7349e-03 1.7349e-03 0.0000e+00 8.0233e+08
gnu:  615  625 4.8813e-08 5.4089e-10 4.9354e-08 1.7349e-03 1.7349e-03 0.0000e+00 8.0233e+08
gnu:  616  626 4.9354e-08 7.5724e-10 5.0111e-08 1.7349e-03 1.7349e-03 0.0000e+00 8.0233e+08
gnu:  617  628 5.0111e-08 7.4210e-10 5.0853e-08 1.7349e-03 1.7348e-03 0.0000e+00 8.0233e+08
gnu:  618  632 5.0853e-08 3.4480e-10 5.1198e-08 1.7348e-03 1.7349e-03 0.0000e+00 8.0233e+08
gnu:  619  633 5.1198e-08 1.3886e-10 5.1337e-08 1.7349e-03 1.7349e-03 0.0000e+00 8.0233e+08
gnu:  620  633 5.1337e-08 2.7771e-10 5.1615e-08 1.7349e-03 1.7349e-03 0.0000e+00 8.0233e+08
gnu:  621  634 5.1615e-08 3.8880e-10 5.2003e-08 1.7349e-03 1.7349e-03 0.0000e+00 8.0233e+08
gnu:  622  636 5.2003e-08 3.8102e-10 5.2384e-08 1.7349e-03 1.7349e-03 0.0000e+00 8.0233e+08
gnu:  623  638 5.2384e-08 3.7340e-10 5.2758e-08 1.7349e-03 1.7349e-03 0.0000e+00 8.0233e+08
gnu:  624  638 5.2758e-08 7.4680e-10 5.3505e-08 1.7349e-03 1.7349e-03 0.0000e+00 8.0233e+08
gnu:  625  638 5.3505e-08 1.4936e-09 5.4998e-08 1.7349e-03 1.7349e-03 0.0000e+00 8.0233e+08
gnu:  626  640 5.4998e-08 1.4637e-09 5.6462e-08 1.7349e-03 1.7349e-03 0.0000e+00 8.0233e+08
gnu:  627  641 5.6462e-08 2.0492e-09 5.8511e-08 1.7349e-03 1.7349e-03 0.0000e+00 8.0233e+08
gnu:  628  643 5.8511e-08 1.7431e-09 6.0254e-08 1.7349e-03 1.7349e-03 0.0000e+00 8.0233e+08
gnu:  629  646 6.0254e-08 1.1957e-09 6.1450e-08 1.7349e-03 1.7349e-03 0.0000e+00 8.0233e+08
gnu:  630  646 6.1450e-08 2.3915e-09 6.3841e-08 1.7349e-03 1.7349e-03 0.0000e+00 8.0233e+08
gnu:  631  647 6.3841e-08 8.3702e-10 6.4678e-08 1.7349e-03 1.7349e-03 0.0000e+00 8.0233e+08
gnu:  632  649 6.4678e-08 8.2027e-10 6.5499e-08 1.7349e-03 1.7349e-03 0.0000e+00 8.0233e+08
gnu:  633  651 6.5499e-08 8.0387e-10 6.6303e-08 1.7349e-03 1.7349e-03 0.0000e+00 8.0233e+08
gnu:  634  651 6.6303e-08 1.5655e-09 6.7868e-08 1.7349e-03 1.7349e-03 0.0000e+00 8.0233e+08
gnu:  635  655 6.7868e-08 7.5173e-10 6.8620e-08 1.7349e-03 1.7349e-03 0.0000e+00 8.0233e+08
gnu:  636  655 6.8620e-08 1.2912e-09 6.9911e-08 1.7349e-03 1.7348e-03 0.0000e+00 8.0233e+08
gnu:  637  658 6.9911e-08 8.4817e-10 7.0759e-08 1.7348e-03 1.7348e-03 0.0000e+00 8.0233e+08
gnu:  638  660 7.0759e-08 8.3121e-10 7.1590e-08 1.7348e-03 1.7348e-03 0.0000e+00 8.0233e+08
gnu:  639  662 7.1590e-08 8.1458e-10 7.2405e-08 1.7348e-03 1.7348e-03 0.0000e+00 8.0233e+08
gnu:  640  664 7.2405e-08 7.9829e-10 7.3203e-08 1.7348e-03 1.7348e-03 0.0000e+00 8.0233e+08
gnu:  641  664 7.3203e-08 1.5564e-09 7.4760e-08 1.7348e-03 1.7348e-03 0.0000e+00 8.0233e+08
gnu:  642  668 7.4760e-08 7.4741e-10 7.5507e-08 1.7348e-03 1.7348e-03 0.0000e+00 8.0233e+08
gnu:  643  668 7.5507e-08 1.1888e-09 7.6696e-08 1.7348e-03 1.7348e-03 0.0000e+00 8.0233e+08
gnu:  644  671 7.6696e-08 8.1549e-10 7.7511e-08 1.7348e-03 1.7348e-03 0.0000e+00 8.0233e+08
gnu:  645  673 7.7511e-08 7.9918e-10 7.8310e-08 1.7348e-03 1.7347e-03 0.0000e+00 8.0233e+08
gnu:  646  673 7.8310e-08 1.5104e-09 7.9821e-08 1.7347e-03 1.7347e-03 0.0000e+00 8.0233e+08
gnu:  647  677 7.9821e-08 7.2531e-10 8.0546e-08 1.7347e-03 1.7347e-03 0.0000e+00 8.0233e+08
gnu:  648  677 8.0546e-08 1.2030e-09 8.1749e-08 1.7347e-03 1.7347e-03 0.0000e+00 8.0233e+08
gnu:  649  680 8.1749e-08 8.2528e-10 8.2575e-08 1.7347e-03 1.7347e-03 0.0000e+00 8.0233e+08
gnu:  650  682 8.2575e-08 8.0877e-10 8.3383e-08 1.7347e-03 1.7347e-03 0.0000e+00 8.0233e+08
gnu:  651  684 8.3383e-08 7.9260e-10 8.4176e-08 1.7347e-03 1.7347e-03 0.0000e+00 8.0233e+08
gnu:  652  685 8.4176e-08 1.0943e-09 8.5270e-08 1.7347e-03 1.7347e-03 0.0000e+00 8.0233e+08
gnu:  653  688 8.5270e-08 7.5070e-10 8.6021e-08 1.7347e-03 1.7347e-03 0.0000e+00 8.0233e+08
gnu:  654  688 8.6021e-08 1.5010e-09 8.7522e-08 1.7347e-03 1.7346e-03 0.0000e+00 8.0233e+08
gnu:  655  692 8.7522e-08 7.2076e-10 8.8243e-08 1.7346e-03 1.7346e-03 0.0000e+00 8.0233e+08
gnu:  656  692 8.8243e-08 1.2147e-09 8.9457e-08 1.7346e-03 1.7346e-03 0.0000e+00 8.0233e+08
gnu:  657  695 8.9457e-08 8.3135e-10 9.0289e-08 1.7346e-03 1.7346e-03 0.0000e+00 8.0233e+08
gnu:  658  697 9.0289e-08 8.1473e-10 9.1103e-08 1.7346e-03 1.7346e-03 0.0000e+00 8.0233e+08
gnu:  659  699 9.1103e-08 7.9843e-10 9.1902e-08 1.7346e-03 1.7346e-03 0.0000e+00 8.0233e+08
gnu:  660  701 9.1902e-08 7.8246e-10 9.2684e-08 1.7346e-03 1.7346e-03 0.0000e+00 8.0233e+08
gnu:  661  701 9.2684e-08 1.5649e-09 9.4249e-08 1.7346e-03 1.7346e-03 0.0000e+00 8.0233e+08
gnu:  662  705 9.4249e-08 7.5148e-10 9.5001e-08 1.7346e-03 1.7345e-03 0.0000e+00 8.0233e+08
gnu:  663  705 9.5001e-08 1.1908e-09 9.6192e-08 1.7345e-03 1.7345e-03 0.0000e+00 8.0233e+08
gnu:  664  708 9.6192e-08 7.9511e-10 9.6987e-08 1.7345e-03 1.7345e-03 0.0000e+00 8.0233e+08
gnu:  665  710 9.6987e-08 7.7921e-10 9.7766e-08 1.7345e-03 1.7345e-03 0.0000e+00 8.0233e+08
gnu:  666  710 9.7766e-08 1.5584e-09 9.9324e-08 1.7345e-03 1.7345e-03 0.0000e+00 8.0233e+08
gnu:  667  714 9.9324e-08 7.4835e-10 1.0007e-07 1.7345e-03 1.7345e-03 0.0000e+00 8.0233e+08
