#          t    index   reaction   iso0 iso1   flux       kfac        Y[0]      Y[6]
gnu:   2.5252e-09 30 he4+s32-->ar36 4He 32S 9.1022e+05 2.0518e+08 5.2023e-02 4.4362e-03
gnu:   2.6514e-09 30 he4+s32-->ar36 4He 32S 9.4581e+05 2.0624e+08 5.2290e-02 4.5860e-03
gnu:   2.7777e-09 30 he4+s32-->ar36 4He 32S 9.7959e+05 2.0725e+08 5.2547e-02 4.7266e-03
gnu:   2.9166e-09 30 he4+s32-->ar36 4He 32S 1.0148e+06 2.0829e+08 5.2811e-02 4.8719e-03
gnu:   3.0555e-09 30 he4+s32-->ar36 4He 32S 1.0480e+06 2.0929e+08 5.3064e-02 5.0076e-03
gnu:   3.2083e-09 30 he4+s32-->ar36 4He 32S 1.0826e+06 2.1032e+08 5.3324e-02 5.1473e-03
gnu:   3.3610e-09 30 he4+s32-->ar36 4He 32S 1.1150e+06 2.1130e+08 5.3573e-02 5.2772e-03
gnu:   3.5291e-09 30 he4+s32-->ar36 4He 32S 1.1486e+06 2.1230e+08 5.3827e-02 5.4103e-03
gnu:   3.6971e-09 30 he4+s32-->ar36 4He 32S 1.1801e+06 2.1326e+08 5.4070e-02 5.5336e-03
gnu:   3.8820e-09 30 he4+s32-->ar36 4He 32S 1.2124e+06 2.1423e+08 5.4318e-02 5.6594e-03
gnu:   4.0668e-09 30 he4+s32-->ar36 4He 32S 1.2427e+06 2.1517e+08 5.4554e-02 5.7754e-03
gnu:   4.2702e-09 30 he4+s32-->ar36 4He 32S 1.2737e+06 2.1611e+08 5.4794e-02 5.8935e-03
gnu:   4.4735e-09 30 he4+s32-->ar36 4He 32S 1.3025e+06 2.1701e+08 5.5023e-02 6.0018e-03
gnu:   4.6972e-09 30 he4+s32-->ar36 4He 32S 1.3234e+06 2.1792e+08 5.5253e-02 6.0726e-03
gnu:   4.9209e-09 30 he4+s32-->ar36 4He 32S 1.3548e+06 2.1872e+08 5.5455e-02 6.1942e-03
gnu:   5.0327e-09 30 he4+s32-->ar36 4He 32S 1.3677e+06 2.1911e+08 5.5554e-02 6.2421e-03
gnu:   5.1446e-09 30 he4+s32-->ar36 4He 32S 1.3799e+06 2.1948e+08 5.5647e-02 6.2872e-03
gnu:   5.3682e-09 30 he4+s32-->ar36 4He 32S 1.3965e+06 2.2018e+08 5.5825e-02 6.3424e-03
gnu:   5.5919e-09 30 he4+s32-->ar36 4He 32S 1.4213e+06 2.2083e+08 5.5990e-02 6.4363e-03
gnu:   5.7041e-09 30 he4+s32-->ar36 4He 32S 1.4316e+06 2.2115e+08 5.6071e-02 6.4733e-03
gnu:   5.8164e-09 30 he4+s32-->ar36 4He 32S 1.4413e+06 2.2145e+08 5.6147e-02 6.5084e-03
gnu:   6.0408e-09 30 he4+s32-->ar36 4He 32S 1.4545e+06 2.2203e+08 5.6294e-02 6.5512e-03
gnu:   6.2653e-09 30 he4+s32-->ar36 4He 32S 1.4744e+06 2.2256e+08 5.6429e-02 6.6245e-03
gnu:   6.4110e-09 30 he4+s32-->ar36 4He 32S 1.4850e+06 2.2290e+08 5.6516e-02 6.6620e-03
gnu:   6.5567e-09 30 he4+s32-->ar36 4He 32S 1.4949e+06 2.2323e+08 5.6597e-02 6.6969e-03
gnu:   6.8481e-09 30 he4+s32-->ar36 4He 32S 1.5076e+06 2.2384e+08 5.6754e-02 6.7351e-03
gnu:   7.1395e-09 30 he4+s32-->ar36 4He 32S 1.5287e+06 2.2437e+08 5.6888e-02 6.8131e-03
gnu:   7.3863e-09 30 he4+s32-->ar36 4He 32S 1.5381e+06 2.2483e+08 5.7004e-02 6.8411e-03
gnu:   7.6332e-09 30 he4+s32-->ar36 4He 32S 1.5525e+06 2.2521e+08 5.7102e-02 6.8934e-03
gnu:   8.0148e-09 30 he4+s32-->ar36 4He 32S 1.5639e+06 2.2582e+08 5.7255e-02 6.9253e-03
gnu:   8.3965e-09 30 he4+s32-->ar36 4He 32S 1.5853e+06 2.2630e+08 5.7376e-02 7.0053e-03
gnu:   8.7596e-09 30 he4+s32-->ar36 4He 32S 1.5932e+06 2.2682e+08 5.7508e-02 7.0243e-03
gnu:   9.1226e-09 30 he4+s32-->ar36 4He 32S 1.6090e+06 2.2719e+08 5.7602e-02 7.0823e-03
gnu:   9.5788e-09 30 he4+s32-->ar36 4He 32S 1.6169e+06 2.2772e+08 5.7737e-02 7.1003e-03
gnu:   1.0035e-08 30 he4+s32-->ar36 4He 32S 1.5826e+06 2.2506e+08 5.7063e-02 7.0320e-03
gnu:   1.0386e-08 30 he4+s32-->ar36 4He 32S 1.5801e+06 2.2567e+08 5.7217e-02 7.0020e-03
gnu:   1.0737e-08 30 he4+s32-->ar36 4He 32S 1.5752e+06 2.2603e+08 5.7309e-02 6.9689e-03
gnu:   1.1202e-08 30 he4+s32-->ar36 4He 32S 1.5729e+06 2.2676e+08 5.7493e-02 6.9365e-03
gnu:   1.1667e-08 30 he4+s32-->ar36 4He 32S 1.5678e+06 2.2721e+08 5.7609e-02 6.9002e-03
gnu:   1.2250e-08 30 he4+s32-->ar36 4He 32S 1.5652e+06 2.2796e+08 5.7799e-02 6.8661e-03
gnu:   1.2834e-08 30 he4+s32-->ar36 4He 32S 1.5587e+06 2.2836e+08 5.7900e-02 6.8254e-03
gnu:   1.3475e-08 30 he4+s32-->ar36 4He 32S 1.5560e+06 2.2903e+08 5.8070e-02 6.7936e-03
gnu:   1.4117e-08 30 he4+s32-->ar36 4He 32S 1.5494e+06 2.2936e+08 5.8153e-02 6.7552e-03
gnu:   1.4823e-08 30 he4+s32-->ar36 4He 32S 1.5465e+06 2.2996e+08 5.8306e-02 6.7252e-03
gnu:   1.5529e-08 30 he4+s32-->ar36 4He 32S 1.5404e+06 2.3026e+08 5.8382e-02 6.6896e-03
gnu:   1.6305e-08 30 he4+s32-->ar36 4He 32S 1.5375e+06 2.3081e+08 5.8521e-02 6.6613e-03
gnu:   1.7082e-08 30 he4+s32-->ar36 4He 32S 1.5319e+06 2.3110e+08 5.8594e-02 6.6286e-03
gnu:   1.7936e-08 30 he4+s32-->ar36 4He 32S 1.5291e+06 2.3160e+08 5.8721e-02 6.6021e-03
gnu:   1.8790e-08 30 he4+s32-->ar36 4He 32S 1.5240e+06 2.3189e+08 5.8793e-02 6.5722e-03
gnu:   1.9729e-08 30 he4+s32-->ar36 4He 32S 1.5214e+06 2.3236e+08 5.8912e-02 6.5476e-03
