#          t    index   reaction   iso0 iso1   flux       kfac        Y[0]      Y[6]
gnu:   2.5157e-09 30 he4+s32-->ar36 4He 32S 8.9406e+05 2.0433e+08 5.1808e-02 4.3755e-03
gnu:   2.5343e-09 30 he4+s32-->ar36 4He 32S 8.9924e+05 2.0449e+08 5.1846e-02 4.3976e-03
gnu:   2.5604e-09 30 he4+s32-->ar36 4He 32S 9.0644e+05 2.0470e+08 5.1900e-02 4.4282e-03
gnu:   2.5864e-09 30 he4+s32-->ar36 4He 32S 9.1355e+05 2.0491e+08 5.1953e-02 4.4584e-03
gnu:   2.6119e-09 30 he4+s32-->ar36 4He 32S 9.2045e+05 2.0511e+08 5.2004e-02 4.4876e-03
gnu:   2.6374e-09 30 he4+s32-->ar36 4He 32S 9.2727e+05 2.0531e+08 5.2055e-02 4.5165e-03
gnu:   2.6624e-09 30 he4+s32-->ar36 4He 32S 9.3388e+05 2.0550e+08 5.2104e-02 4.5444e-03
gnu:   2.6874e-09 30 he4+s32-->ar36 4He 32S 9.4041e+05 2.0569e+08 5.2152e-02 4.5719e-03
gnu:   2.7119e-09 30 he4+s32-->ar36 4He 32S 9.4675e+05 2.0588e+08 5.2199e-02 4.5986e-03
gnu:   2.7364e-09 30 he4+s32-->ar36 4He 32S 9.5303e+05 2.0606e+08 5.2246e-02 4.6250e-03
gnu:   2.7605e-09 30 he4+s32-->ar36 4He 32S 9.5911e+05 2.0624e+08 5.2291e-02 4.6505e-03
gnu:   2.7845e-09 30 he4+s32-->ar36 4He 32S 9.6514e+05 2.0642e+08 5.2336e-02 4.6757e-03
gnu:   2.8080e-09 30 he4+s32-->ar36 4He 32S 9.7098e+05 2.0659e+08 5.2379e-02 4.7001e-03
gnu:   2.8315e-09 30 he4+s32-->ar36 4He 32S 9.7676e+05 2.0676e+08 5.2422e-02 4.7242e-03
gnu:   2.8546e-09 30 he4+s32-->ar36 4He 32S 9.8237e+05 2.0692e+08 5.2464e-02 4.7476e-03
gnu:   2.8777e-09 30 he4+s32-->ar36 4He 32S 9.8793e+05 2.0708e+08 5.2505e-02 4.7707e-03
gnu:   2.9003e-09 30 he4+s32-->ar36 4He 32S 9.9332e+05 2.0724e+08 5.2545e-02 4.7930e-03
gnu:   2.9229e-09 30 he4+s32-->ar36 4He 32S 9.9866e+05 2.0740e+08 5.2585e-02 4.8152e-03
gnu:   2.9450e-09 30 he4+s32-->ar36 4He 32S 1.0038e+06 2.0755e+08 5.2623e-02 4.8366e-03
gnu:   2.9672e-09 30 he4+s32-->ar36 4He 32S 1.0090e+06 2.0770e+08 5.2662e-02 4.8579e-03
gnu:   2.9889e-09 30 he4+s32-->ar36 4He 32S 1.0140e+06 2.0785e+08 5.2699e-02 4.8784e-03
gnu:   3.0106e-09 30 he4+s32-->ar36 4He 32S 1.0189e+06 2.0799e+08 5.2735e-02 4.8988e-03
gnu:   3.0318e-09 30 he4+s32-->ar36 4He 32S 1.0237e+06 2.0813e+08 5.2771e-02 4.9185e-03
gnu:   3.0531e-09 30 he4+s32-->ar36 4He 32S 1.0285e+06 2.0827e+08 5.2807e-02 4.9381e-03
gnu:   3.0740e-09 30 he4+s32-->ar36 4He 32S 1.0331e+06 2.0841e+08 5.2841e-02 4.9570e-03
gnu:   3.0948e-09 30 he4+s32-->ar36 4He 32S 1.0377e+06 2.0854e+08 5.2875e-02 4.9758e-03
gnu:   3.1152e-09 30 he4+s32-->ar36 4He 32S 1.0421e+06 2.0868e+08 5.2908e-02 4.9940e-03
gnu:   3.1357e-09 30 he4+s32-->ar36 4He 32S 1.0465e+06 2.0881e+08 5.2941e-02 5.0120e-03
gnu:   3.1557e-09 30 he4+s32-->ar36 4He 32S 1.0508e+06 2.0893e+08 5.2973e-02 5.0295e-03
gnu:   3.1757e-09 30 he4+s32-->ar36 4He 32S 1.0551e+06 2.0906e+08 5.3005e-02 5.0468e-03
gnu:   3.1953e-09 30 he4+s32-->ar36 4He 32S 1.0592e+06 2.0918e+08 5.3036e-02 5.0637e-03
gnu:   3.2149e-09 30 he4+s32-->ar36 4He 32S 1.0633e+06 2.0930e+08 5.3067e-02 5.0803e-03
gnu:   3.2342e-09 30 he4+s32-->ar36 4He 32S 1.0673e+06 2.0942e+08 5.3096e-02 5.0965e-03
gnu:   3.2534e-09 30 he4+s32-->ar36 4He 32S 1.0712e+06 2.0953e+08 5.3126e-02 5.1125e-03
gnu:   3.2722e-09 30 he4+s32-->ar36 4He 32S 1.0751e+06 2.0965e+08 5.3155e-02 5.1281e-03
gnu:   3.2911e-09 30 he4+s32-->ar36 4He 32S 1.0789e+06 2.0976e+08 5.3183e-02 5.1435e-03
gnu:   3.3095e-09 30 he4+s32-->ar36 4He 32S 1.0826e+06 2.0987e+08 5.3211e-02 5.1585e-03
gnu:   3.3280e-09 30 he4+s32-->ar36 4He 32S 1.0863e+06 2.0998e+08 5.3239e-02 5.1734e-03
gnu:   3.3539e-09 30 he4+s32-->ar36 4He 32S 1.0914e+06 2.1013e+08 5.3277e-02 5.1940e-03
gnu:   3.3797e-09 30 he4+s32-->ar36 4He 32S 1.0965e+06 2.1028e+08 5.3315e-02 5.2144e-03
gnu:   3.4051e-09 30 he4+s32-->ar36 4He 32S 1.1014e+06 2.1043e+08 5.3352e-02 5.2341e-03
gnu:   3.4304e-09 30 he4+s32-->ar36 4He 32S 1.1063e+06 2.1057e+08 5.3389e-02 5.2536e-03
gnu:   3.4552e-09 30 he4+s32-->ar36 4He 32S 1.1110e+06 2.1071e+08 5.3424e-02 5.2725e-03
gnu:   3.4800e-09 30 he4+s32-->ar36 4He 32S 1.1156e+06 2.1085e+08 5.3459e-02 5.2912e-03
gnu:   3.5044e-09 30 he4+s32-->ar36 4He 32S 1.1202e+06 2.1098e+08 5.3493e-02 5.3093e-03
gnu:   3.5287e-09 30 he4+s32-->ar36 4He 32S 1.1246e+06 2.1112e+08 5.3527e-02 5.3271e-03
gnu:   3.5526e-09 30 he4+s32-->ar36 4He 32S 1.1290e+06 2.1125e+08 5.3560e-02 5.3445e-03
gnu:   3.5764e-09 30 he4+s32-->ar36 4He 32S 1.1333e+06 2.1137e+08 5.3593e-02 5.3616e-03
gnu:   3.5998e-09 30 he4+s32-->ar36 4He 32S 1.1375e+06 2.1150e+08 5.3624e-02 5.3782e-03
gnu:   3.6231e-09 30 he4+s32-->ar36 4He 32S 1.1416e+06 2.1162e+08 5.3656e-02 5.3947e-03
gnu:   3.6460e-09 30 he4+s32-->ar36 4He 32S 1.1457e+06 2.1174e+08 5.3686e-02 5.4106e-03
gnu:   3.6689e-09 30 he4+s32-->ar36 4He 32S 1.1497e+06 2.1186e+08 5.3717e-02 5.4264e-03
gnu:   3.6914e-09 30 he4+s32-->ar36 4He 32S 1.1535e+06 2.1198e+08 5.3746e-02 5.4417e-03
gnu:   3.7138e-09 30 he4+s32-->ar36 4He 32S 1.1574e+06 2.1209e+08 5.3775e-02 5.4569e-03
gnu:   3.7358e-09 30 he4+s32-->ar36 4He 32S 1.1611e+06 2.1221e+08 5.3804e-02 5.4716e-03
gnu:   3.7578e-09 30 he4+s32-->ar36 4He 32S 1.1648e+06 2.1232e+08 5.3832e-02 5.4861e-03
gnu:   3.7794e-09 30 he4+s32-->ar36 4He 32S 1.1684e+06 2.1242e+08 5.3859e-02 5.5002e-03
gnu:   3.8009e-09 30 he4+s32-->ar36 4He 32S 1.1719e+06 2.1253e+08 5.3886e-02 5.5142e-03
gnu:   3.8220e-09 30 he4+s32-->ar36 4He 32S 1.1754e+06 2.1264e+08 5.3913e-02 5.5278e-03
gnu:   3.8432e-09 30 he4+s32-->ar36 4He 32S 1.1788e+06 2.1274e+08 5.3939e-02 5.5412e-03
gnu:   3.8639e-09 30 he4+s32-->ar36 4He 32S 1.1822e+06 2.1284e+08 5.3964e-02 5.5543e-03
gnu:   3.8846e-09 30 he4+s32-->ar36 4He 32S 1.1855e+06 2.1294e+08 5.3990e-02 5.5672e-03
gnu:   3.9049e-09 30 he4+s32-->ar36 4He 32S 1.1887e+06 2.1304e+08 5.4014e-02 5.5798e-03
gnu:   3.9251e-09 30 he4+s32-->ar36 4He 32S 1.1919e+06 2.1313e+08 5.4039e-02 5.5923e-03
gnu:   3.9450e-09 30 he4+s32-->ar36 4He 32S 1.1950e+06 2.1323e+08 5.4063e-02 5.6044e-03
gnu:   3.9649e-09 30 he4+s32-->ar36 4He 32S 1.1981e+06 2.1332e+08 5.4086e-02 5.6163e-03
gnu:   3.9844e-09 30 he4+s32-->ar36 4He 32S 1.2011e+06 2.1341e+08 5.4109e-02 5.6280e-03
gnu:   4.0039e-09 30 he4+s32-->ar36 4He 32S 1.2041e+06 2.1350e+08 5.4132e-02 5.6395e-03
gnu:   4.0230e-09 30 he4+s32-->ar36 4He 32S 1.2069e+06 2.1359e+08 5.4154e-02 5.6508e-03
gnu:   4.0421e-09 30 he4+s32-->ar36 4He 32S 1.2098e+06 2.1368e+08 5.4176e-02 5.6619e-03
gnu:   4.0608e-09 30 he4+s32-->ar36 4He 32S 1.2126e+06 2.1376e+08 5.4198e-02 5.6727e-03
gnu:   4.0795e-09 30 he4+s32-->ar36 4He 32S 1.2154e+06 2.1385e+08 5.4219e-02 5.6835e-03
gnu:   4.0978e-09 30 he4+s32-->ar36 4He 32S 1.2181e+06 2.1393e+08 5.4240e-02 5.6939e-03
gnu:   4.1162e-09 30 he4+s32-->ar36 4He 32S 1.2208e+06 2.1401e+08 5.4261e-02 5.7042e-03
gnu:   4.1418e-09 30 he4+s32-->ar36 4He 32S 1.2245e+06 2.1412e+08 5.4290e-02 5.7186e-03
gnu:   4.1675e-09 30 he4+s32-->ar36 4He 32S 1.2282e+06 2.1424e+08 5.4318e-02 5.7328e-03
gnu:   4.1927e-09 30 he4+s32-->ar36 4He 32S 1.2318e+06 2.1435e+08 5.4346e-02 5.7466e-03
gnu:   4.2178e-09 30 he4+s32-->ar36 4He 32S 1.2353e+06 2.1445e+08 5.4374e-02 5.7602e-03
gnu:   4.2425e-09 30 he4+s32-->ar36 4He 32S 1.2388e+06 2.1456e+08 5.4400e-02 5.7735e-03
gnu:   4.2671e-09 30 he4+s32-->ar36 4He 32S 1.2422e+06 2.1466e+08 5.4427e-02 5.7865e-03
gnu:   4.2913e-09 30 he4+s32-->ar36 4He 32S 1.2455e+06 2.1477e+08 5.4453e-02 5.7992e-03
gnu:   4.3155e-09 30 he4+s32-->ar36 4He 32S 1.2488e+06 2.1487e+08 5.4478e-02 5.8118e-03
gnu:   4.3391e-09 30 he4+s32-->ar36 4He 32S 1.2519e+06 2.1496e+08 5.4503e-02 5.8240e-03
gnu:   4.3628e-09 30 he4+s32-->ar36 4He 32S 1.2551e+06 2.1506e+08 5.4528e-02 5.8360e-03
gnu:   4.3860e-09 30 he4+s32-->ar36 4He 32S 1.2582e+06 2.1516e+08 5.4552e-02 5.8477e-03
gnu:   4.4092e-09 30 he4+s32-->ar36 4He 32S 1.2612e+06 2.1525e+08 5.4575e-02 5.8593e-03
gnu:   4.4320e-09 30 he4+s32-->ar36 4He 32S 1.2642e+06 2.1534e+08 5.4599e-02 5.8705e-03
gnu:   4.4547e-09 30 he4+s32-->ar36 4He 32S 1.2671e+06 2.1543e+08 5.4622e-02 5.8817e-03
gnu:   4.4770e-09 30 he4+s32-->ar36 4He 32S 1.2700e+06 2.1552e+08 5.4644e-02 5.8925e-03
gnu:   4.4993e-09 30 he4+s32-->ar36 4He 32S 1.2728e+06 2.1561e+08 5.4666e-02 5.9032e-03
gnu:   4.5211e-09 30 he4+s32-->ar36 4He 32S 1.2755e+06 2.1569e+08 5.4688e-02 5.9136e-03
gnu:   4.5430e-09 30 he4+s32-->ar36 4He 32S 1.2783e+06 2.1578e+08 5.4709e-02 5.9239e-03
gnu:   4.5644e-09 30 he4+s32-->ar36 4He 32S 1.2809e+06 2.1586e+08 5.4730e-02 5.9339e-03
gnu:   4.5858e-09 30 he4+s32-->ar36 4He 32S 1.2835e+06 2.1594e+08 5.4751e-02 5.9439e-03
gnu:   4.6068e-09 30 he4+s32-->ar36 4He 32S 1.2861e+06 2.1602e+08 5.4771e-02 5.9535e-03
gnu:   4.6277e-09 30 he4+s32-->ar36 4He 32S 1.2886e+06 2.1610e+08 5.4791e-02 5.9631e-03
gnu:   4.6483e-09 30 he4+s32-->ar36 4He 32S 1.2911e+06 2.1618e+08 5.4810e-02 5.9723e-03
gnu:   4.6689e-09 30 he4+s32-->ar36 4He 32S 1.2935e+06 2.1625e+08 5.4830e-02 5.9815e-03
gnu:   4.6890e-09 30 he4+s32-->ar36 4He 32S 1.2959e+06 2.1633e+08 5.4849e-02 5.9905e-03
gnu:   4.7091e-09 30 he4+s32-->ar36 4He 32S 1.2983e+06 2.1640e+08 5.4867e-02 5.9994e-03
gnu:   4.7289e-09 30 he4+s32-->ar36 4He 32S 1.3006e+06 2.1647e+08 5.4886e-02 6.0080e-03
gnu:   4.7486e-09 30 he4+s32-->ar36 4He 32S 1.3029e+06 2.1655e+08 5.4904e-02 6.0165e-03
gnu:   4.7680e-09 30 he4+s32-->ar36 4He 32S 1.3051e+06 2.1662e+08 5.4921e-02 6.0249e-03
gnu:   4.7873e-09 30 he4+s32-->ar36 4He 32S 1.3073e+06 2.1668e+08 5.4939e-02 6.0331e-03
gnu:   4.8063e-09 30 he4+s32-->ar36 4He 32S 1.3094e+06 2.1675e+08 5.4956e-02 6.0411e-03
gnu:   4.8253e-09 30 he4+s32-->ar36 4He 32S 1.3116e+06 2.1682e+08 5.4973e-02 6.0491e-03
gnu:   4.8438e-09 30 he4+s32-->ar36 4He 32S 1.3136e+06 2.1688e+08 5.4990e-02 6.0569e-03
gnu:   4.8624e-09 30 he4+s32-->ar36 4He 32S 1.3157e+06 2.1695e+08 5.5006e-02 6.0645e-03
gnu:   4.8884e-09 30 he4+s32-->ar36 4He 32S 1.3186e+06 2.1704e+08 5.5029e-02 6.0752e-03
gnu:   4.9144e-09 30 he4+s32-->ar36 4He 32S 1.3214e+06 2.1713e+08 5.5052e-02 6.0858e-03
gnu:   4.9399e-09 30 he4+s32-->ar36 4He 32S 1.3242e+06 2.1722e+08 5.5074e-02 6.0961e-03
gnu:   4.9654e-09 30 he4+s32-->ar36 4He 32S 1.3269e+06 2.1730e+08 5.5096e-02 6.1062e-03
gnu:   4.9904e-09 30 he4+s32-->ar36 4He 32S 1.3295e+06 2.1739e+08 5.5117e-02 6.1160e-03
gnu:   5.0154e-09 30 he4+s32-->ar36 4He 32S 1.3322e+06 2.1747e+08 5.5138e-02 6.1258e-03
gnu:   5.0399e-09 30 he4+s32-->ar36 4He 32S 1.3347e+06 2.1755e+08 5.5159e-02 6.1353e-03
gnu:   5.0644e-09 30 he4+s32-->ar36 4He 32S 1.3373e+06 2.1763e+08 5.5179e-02 6.1446e-03
gnu:   5.0884e-09 30 he4+s32-->ar36 4He 32S 1.3397e+06 2.1771e+08 5.5199e-02 6.1537e-03
gnu:   5.1124e-09 30 he4+s32-->ar36 4He 32S 1.3422e+06 2.1779e+08 5.5219e-02 6.1627e-03
gnu:   5.1359e-09 30 he4+s32-->ar36 4He 32S 1.3445e+06 2.1786e+08 5.5238e-02 6.1715e-03
gnu:   5.1594e-09 30 he4+s32-->ar36 4He 32S 1.3469e+06 2.1794e+08 5.5257e-02 6.1801e-03
gnu:   5.1824e-09 30 he4+s32-->ar36 4He 32S 1.3492e+06 2.1801e+08 5.5275e-02 6.1885e-03
gnu:   5.2055e-09 30 he4+s32-->ar36 4He 32S 1.3514e+06 2.1808e+08 5.5294e-02 6.1969e-03
gnu:   5.2281e-09 30 he4+s32-->ar36 4He 32S 1.3536e+06 2.1815e+08 5.5312e-02 6.2050e-03
gnu:   5.2507e-09 30 he4+s32-->ar36 4He 32S 1.3558e+06 2.1822e+08 5.5330e-02 6.2130e-03
gnu:   5.2728e-09 30 he4+s32-->ar36 4He 32S 1.3580e+06 2.1829e+08 5.5347e-02 6.2208e-03
gnu:   5.2949e-09 30 he4+s32-->ar36 4He 32S 1.3601e+06 2.1836e+08 5.5364e-02 6.2285e-03
gnu:   5.3166e-09 30 he4+s32-->ar36 4He 32S 1.3621e+06 2.1843e+08 5.5381e-02 6.2360e-03
gnu:   5.3383e-09 30 he4+s32-->ar36 4He 32S 1.3641e+06 2.1849e+08 5.5397e-02 6.2435e-03
gnu:   5.3596e-09 30 he4+s32-->ar36 4He 32S 1.3661e+06 2.1856e+08 5.5414e-02 6.2507e-03
gnu:   5.3808e-09 30 he4+s32-->ar36 4He 32S 1.3681e+06 2.1862e+08 5.5430e-02 6.2579e-03
gnu:   5.4016e-09 30 he4+s32-->ar36 4He 32S 1.3700e+06 2.1868e+08 5.5445e-02 6.2648e-03
gnu:   5.4225e-09 30 he4+s32-->ar36 4He 32S 1.3719e+06 2.1874e+08 5.5461e-02 6.2718e-03
gnu:   5.4429e-09 30 he4+s32-->ar36 4He 32S 1.3737e+06 2.1880e+08 5.5476e-02 6.2785e-03
gnu:   5.4633e-09 30 he4+s32-->ar36 4He 32S 1.3756e+06 2.1886e+08 5.5491e-02 6.2852e-03
gnu:   5.4833e-09 30 he4+s32-->ar36 4He 32S 1.3774e+06 2.1892e+08 5.5506e-02 6.2917e-03
gnu:   5.5033e-09 30 he4+s32-->ar36 4He 32S 1.3791e+06 2.1898e+08 5.5520e-02 6.2981e-03
gnu:   5.5229e-09 30 he4+s32-->ar36 4He 32S 1.3809e+06 2.1903e+08 5.5535e-02 6.3044e-03
gnu:   5.5425e-09 30 he4+s32-->ar36 4He 32S 1.3826e+06 2.1909e+08 5.5549e-02 6.3106e-03
gnu:   5.5617e-09 30 he4+s32-->ar36 4He 32S 1.3842e+06 2.1914e+08 5.5562e-02 6.3166e-03
gnu:   5.5810e-09 30 he4+s32-->ar36 4He 32S 1.3859e+06 2.1920e+08 5.5576e-02 6.3226e-03
gnu:   5.5998e-09 30 he4+s32-->ar36 4He 32S 1.3875e+06 2.1925e+08 5.5589e-02 6.3285e-03
gnu:   5.6186e-09 30 he4+s32-->ar36 4He 32S 1.3891e+06 2.1930e+08 5.5603e-02 6.3343e-03
gnu:   5.6371e-09 30 he4+s32-->ar36 4He 32S 1.3907e+06 2.1935e+08 5.5616e-02 6.3399e-03
gnu:   5.6555e-09 30 he4+s32-->ar36 4He 32S 1.3922e+06 2.1940e+08 5.5628e-02 6.3455e-03
gnu:   5.6813e-09 30 he4+s32-->ar36 4He 32S 1.3944e+06 2.1947e+08 5.5646e-02 6.3533e-03
gnu:   5.7072e-09 30 he4+s32-->ar36 4He 32S 1.3965e+06 2.1954e+08 5.5664e-02 6.3610e-03
gnu:   5.7325e-09 30 he4+s32-->ar36 4He 32S 1.3986e+06 2.1961e+08 5.5681e-02 6.3685e-03
gnu:   5.7578e-09 30 he4+s32-->ar36 4He 32S 1.4007e+06 2.1968e+08 5.5699e-02 6.3759e-03
gnu:   5.7826e-09 30 he4+s32-->ar36 4He 32S 1.4027e+06 2.1975e+08 5.5715e-02 6.3831e-03
gnu:   5.8074e-09 30 he4+s32-->ar36 4He 32S 1.4046e+06 2.1981e+08 5.5732e-02 6.3902e-03
gnu:   5.8318e-09 30 he4+s32-->ar36 4He 32S 1.4066e+06 2.1987e+08 5.5748e-02 6.3971e-03
gnu:   5.8561e-09 30 he4+s32-->ar36 4He 32S 1.4085e+06 2.1994e+08 5.5764e-02 6.4040e-03
gnu:   5.8799e-09 30 he4+s32-->ar36 4He 32S 1.4103e+06 2.2000e+08 5.5779e-02 6.4107e-03
gnu:   5.9037e-09 30 he4+s32-->ar36 4He 32S 1.4122e+06 2.2006e+08 5.5795e-02 6.4173e-03
gnu:   5.9271e-09 30 he4+s32-->ar36 4He 32S 1.4140e+06 2.2012e+08 5.5810e-02 6.4237e-03
gnu:   5.9504e-09 30 he4+s32-->ar36 4He 32S 1.4158e+06 2.2018e+08 5.5825e-02 6.4300e-03
gnu:   5.9733e-09 30 he4+s32-->ar36 4He 32S 1.4175e+06 2.2024e+08 5.5839e-02 6.4362e-03
gnu:   5.9962e-09 30 he4+s32-->ar36 4He 32S 1.4192e+06 2.2029e+08 5.5854e-02 6.4423e-03
gnu:   6.0186e-09 30 he4+s32-->ar36 4He 32S 1.4209e+06 2.2035e+08 5.5868e-02 6.4483e-03
gnu:   6.0411e-09 30 he4+s32-->ar36 4He 32S 1.4225e+06 2.2040e+08 5.5882e-02 6.4542e-03
gnu:   6.0630e-09 30 he4+s32-->ar36 4He 32S 1.4241e+06 2.2046e+08 5.5896e-02 6.4599e-03
gnu:   6.0850e-09 30 he4+s32-->ar36 4He 32S 1.4257e+06 2.2051e+08 5.5909e-02 6.4656e-03
gnu:   6.1065e-09 30 he4+s32-->ar36 4He 32S 1.4273e+06 2.2056e+08 5.5922e-02 6.4711e-03
gnu:   6.1281e-09 30 he4+s32-->ar36 4He 32S 1.4288e+06 2.2061e+08 5.5935e-02 6.4766e-03
gnu:   6.1492e-09 30 he4+s32-->ar36 4He 32S 1.4303e+06 2.2066e+08 5.5948e-02 6.4819e-03
gnu:   6.1703e-09 30 he4+s32-->ar36 4He 32S 1.4318e+06 2.2071e+08 5.5961e-02 6.4872e-03
gnu:   6.1910e-09 30 he4+s32-->ar36 4He 32S 1.4333e+06 2.2076e+08 5.5973e-02 6.4924e-03
gnu:   6.2117e-09 30 he4+s32-->ar36 4He 32S 1.4347e+06 2.2081e+08 5.5985e-02 6.4975e-03
gnu:   6.2319e-09 30 he4+s32-->ar36 4He 32S 1.4361e+06 2.2086e+08 5.5997e-02 6.5024e-03
gnu:   6.2522e-09 30 he4+s32-->ar36 4He 32S 1.4375e+06 2.2091e+08 5.6009e-02 6.5074e-03
gnu:   6.2721e-09 30 he4+s32-->ar36 4He 32S 1.4389e+06 2.2095e+08 5.6021e-02 6.5122e-03
gnu:   6.2920e-09 30 he4+s32-->ar36 4He 32S 1.4402e+06 2.2100e+08 5.6032e-02 6.5169e-03
gnu:   6.3114e-09 30 he4+s32-->ar36 4He 32S 1.4415e+06 2.2104e+08 5.6044e-02 6.5216e-03
gnu:   6.3309e-09 30 he4+s32-->ar36 4He 32S 1.4428e+06 2.2109e+08 5.6055e-02 6.5262e-03
gnu:   6.3500e-09 30 he4+s32-->ar36 4He 32S 1.4441e+06 2.2113e+08 5.6066e-02 6.5306e-03
gnu:   6.3691e-09 30 he4+s32-->ar36 4He 32S 1.4454e+06 2.2117e+08 5.6077e-02 6.5351e-03
gnu:   6.3878e-09 30 he4+s32-->ar36 4He 32S 1.4466e+06 2.2121e+08 5.6087e-02 6.5394e-03
gnu:   6.4065e-09 30 he4+s32-->ar36 4He 32S 1.4478e+06 2.2125e+08 5.6098e-02 6.5437e-03
gnu:   6.4248e-09 30 he4+s32-->ar36 4He 32S 1.4490e+06 2.2129e+08 5.6108e-02 6.5479e-03
gnu:   6.4431e-09 30 he4+s32-->ar36 4He 32S 1.4502e+06 2.2133e+08 5.6118e-02 6.5520e-03
gnu:   6.4688e-09 30 he4+s32-->ar36 4He 32S 1.4518e+06 2.2139e+08 5.6132e-02 6.5578e-03
gnu:   6.4944e-09 30 he4+s32-->ar36 4He 32S 1.4535e+06 2.2145e+08 5.6146e-02 6.5635e-03
gnu:   6.5196e-09 30 he4+s32-->ar36 4He 32S 1.4551e+06 2.2150e+08 5.6160e-02 6.5691e-03
gnu:   6.5447e-09 30 he4+s32-->ar36 4He 32S 1.4566e+06 2.2155e+08 5.6174e-02 6.5746e-03
gnu:   6.5693e-09 30 he4+s32-->ar36 4He 32S 1.4582e+06 2.2161e+08 5.6187e-02 6.5800e-03
gnu:   6.5940e-09 30 he4+s32-->ar36 4He 32S 1.4597e+06 2.2166e+08 5.6200e-02 6.5853e-03
gnu:   6.6181e-09 30 he4+s32-->ar36 4He 32S 1.4611e+06 2.2171e+08 5.6213e-02 6.5904e-03
gnu:   6.6423e-09 30 he4+s32-->ar36 4He 32S 1.4626e+06 2.2176e+08 5.6225e-02 6.5955e-03
gnu:   6.6659e-09 30 he4+s32-->ar36 4He 32S 1.4640e+06 2.2181e+08 5.6238e-02 6.6005e-03
gnu:   6.6896e-09 30 he4+s32-->ar36 4He 32S 1.4654e+06 2.2186e+08 5.6250e-02 6.6054e-03
gnu:   6.7128e-09 30 he4+s32-->ar36 4He 32S 1.4668e+06 2.2190e+08 5.6262e-02 6.6102e-03
gnu:   6.7360e-09 30 he4+s32-->ar36 4He 32S 1.4682e+06 2.2195e+08 5.6274e-02 6.6149e-03
gnu:   6.7587e-09 30 he4+s32-->ar36 4He 32S 1.4695e+06 2.2200e+08 5.6286e-02 6.6195e-03
gnu:   6.7814e-09 30 he4+s32-->ar36 4He 32S 1.4708e+06 2.2204e+08 5.6297e-02 6.6241e-03
gnu:   6.8037e-09 30 he4+s32-->ar36 4He 32S 1.4721e+06 2.2208e+08 5.6308e-02 6.6285e-03
gnu:   6.8260e-09 30 he4+s32-->ar36 4He 32S 1.4734e+06 2.2213e+08 5.6319e-02 6.6329e-03
gnu:   6.8478e-09 30 he4+s32-->ar36 4He 32S 1.4746e+06 2.2217e+08 5.6330e-02 6.6372e-03
gnu:   6.8696e-09 30 he4+s32-->ar36 4He 32S 1.4758e+06 2.2221e+08 5.6341e-02 6.6415e-03
gnu:   6.8910e-09 30 he4+s32-->ar36 4He 32S 1.4770e+06 2.2226e+08 5.6351e-02 6.6456e-03
gnu:   6.9124e-09 30 he4+s32-->ar36 4He 32S 1.4782e+06 2.2230e+08 5.6362e-02 6.6497e-03
gnu:   6.9334e-09 30 he4+s32-->ar36 4He 32S 1.4794e+06 2.2234e+08 5.6372e-02 6.6537e-03
gnu:   6.9543e-09 30 he4+s32-->ar36 4He 32S 1.4805e+06 2.2238e+08 5.6382e-02 6.6576e-03
gnu:   6.9749e-09 30 he4+s32-->ar36 4He 32S 1.4816e+06 2.2242e+08 5.6392e-02 6.6615e-03
gnu:   6.9954e-09 30 he4+s32-->ar36 4He 32S 1.4827e+06 2.2245e+08 5.6402e-02 6.6653e-03
gnu:   7.0155e-09 30 he4+s32-->ar36 4He 32S 1.4838e+06 2.2249e+08 5.6411e-02 6.6690e-03
gnu:   7.0357e-09 30 he4+s32-->ar36 4He 32S 1.4849e+06 2.2253e+08 5.6421e-02 6.6727e-03
gnu:   7.0554e-09 30 he4+s32-->ar36 4He 32S 1.4859e+06 2.2257e+08 5.6430e-02 6.6763e-03
gnu:   7.0751e-09 30 he4+s32-->ar36 4He 32S 1.4870e+06 2.2260e+08 5.6439e-02 6.6799e-03
gnu:   7.0945e-09 30 he4+s32-->ar36 4He 32S 1.4880e+06 2.2264e+08 5.6448e-02 6.6834e-03
gnu:   7.1138e-09 30 he4+s32-->ar36 4He 32S 1.4890e+06 2.2267e+08 5.6457e-02 6.6868e-03
gnu:   7.1327e-09 30 he4+s32-->ar36 4He 32S 1.4900e+06 2.2271e+08 5.6466e-02 6.6902e-03
gnu:   7.1517e-09 30 he4+s32-->ar36 4He 32S 1.4909e+06 2.2274e+08 5.6475e-02 6.6935e-03
gnu:   7.1703e-09 30 he4+s32-->ar36 4He 32S 1.4919e+06 2.2277e+08 5.6483e-02 6.6968e-03
gnu:   7.1888e-09 30 he4+s32-->ar36 4He 32S 1.4928e+06 2.2281e+08 5.6491e-02 6.7000e-03
gnu:   7.2070e-09 30 he4+s32-->ar36 4He 32S 1.4937e+06 2.2284e+08 5.6500e-02 6.7031e-03
gnu:   7.2252e-09 30 he4+s32-->ar36 4He 32S 1.4946e+06 2.2287e+08 5.6508e-02 6.7063e-03
gnu:   7.2507e-09 30 he4+s32-->ar36 4He 32S 1.4959e+06 2.2292e+08 5.6519e-02 6.7106e-03
gnu:   7.2762e-09 30 he4+s32-->ar36 4He 32S 1.4972e+06 2.2296e+08 5.6530e-02 6.7149e-03
gnu:   7.3011e-09 30 he4+s32-->ar36 4He 32S 1.4984e+06 2.2300e+08 5.6541e-02 6.7191e-03
gnu:   7.3261e-09 30 he4+s32-->ar36 4He 32S 1.4996e+06 2.2305e+08 5.6552e-02 6.7232e-03
gnu:   7.3506e-09 30 he4+s32-->ar36 4He 32S 1.5008e+06 2.2309e+08 5.6563e-02 6.7273e-03
gnu:   7.3750e-09 30 he4+s32-->ar36 4He 32S 1.5020e+06 2.2313e+08 5.6574e-02 6.7313e-03
gnu:   7.3990e-09 30 he4+s32-->ar36 4He 32S 1.5031e+06 2.2317e+08 5.6584e-02 6.7351e-03
gnu:   7.4230e-09 30 he4+s32-->ar36 4He 32S 1.5042e+06 2.2321e+08 5.6594e-02 6.7390e-03
gnu:   7.4465e-09 30 he4+s32-->ar36 4He 32S 1.5053e+06 2.2325e+08 5.6604e-02 6.7427e-03
gnu:   7.4700e-09 30 he4+s32-->ar36 4He 32S 1.5064e+06 2.2329e+08 5.6614e-02 6.7464e-03
gnu:   7.4930e-09 30 he4+s32-->ar36 4He 32S 1.5075e+06 2.2333e+08 5.6623e-02 6.7500e-03
gnu:   7.5160e-09 30 he4+s32-->ar36 4He 32S 1.5085e+06 2.2337e+08 5.6633e-02 6.7536e-03
gnu:   7.5386e-09 30 he4+s32-->ar36 4He 32S 1.5095e+06 2.2340e+08 5.6642e-02 6.7571e-03
gnu:   7.5612e-09 30 he4+s32-->ar36 4He 32S 1.5106e+06 2.2344e+08 5.6652e-02 6.7605e-03
gnu:   7.5833e-09 30 he4+s32-->ar36 4He 32S 1.5116e+06 2.2347e+08 5.6661e-02 6.7639e-03
gnu:   7.6054e-09 30 he4+s32-->ar36 4He 32S 1.5125e+06 2.2351e+08 5.6669e-02 6.7672e-03
gnu:   7.6271e-09 30 he4+s32-->ar36 4He 32S 1.5135e+06 2.2354e+08 5.6678e-02 6.7705e-03
gnu:   7.6488e-09 30 he4+s32-->ar36 4He 32S 1.5144e+06 2.2358e+08 5.6687e-02 6.7737e-03
gnu:   7.6700e-09 30 he4+s32-->ar36 4He 32S 1.5154e+06 2.2361e+08 5.6695e-02 6.7768e-03
gnu:   7.6912e-09 30 he4+s32-->ar36 4He 32S 1.5163e+06 2.2364e+08 5.6704e-02 6.7799e-03
gnu:   7.7121e-09 30 he4+s32-->ar36 4He 32S 1.5172e+06 2.2368e+08 5.6712e-02 6.7829e-03
gnu:   7.7329e-09 30 he4+s32-->ar36 4He 32S 1.5181e+06 2.2371e+08 5.6720e-02 6.7859e-03
gnu:   7.7533e-09 30 he4+s32-->ar36 4He 32S 1.5189e+06 2.2374e+08 5.6728e-02 6.7888e-03
gnu:   7.7737e-09 30 he4+s32-->ar36 4He 32S 1.5198e+06 2.2377e+08 5.6736e-02 6.7917e-03
gnu:   7.7937e-09 30 he4+s32-->ar36 4He 32S 1.5206e+06 2.2380e+08 5.6744e-02 6.7945e-03
gnu:   7.8137e-09 30 he4+s32-->ar36 4He 32S 1.5215e+06 2.2383e+08 5.6751e-02 6.7973e-03
gnu:   7.8332e-09 30 he4+s32-->ar36 4He 32S 1.5223e+06 2.2386e+08 5.6759e-02 6.8001e-03
gnu:   7.8528e-09 30 he4+s32-->ar36 4He 32S 1.5231e+06 2.2389e+08 5.6766e-02 6.8028e-03
gnu:   7.8720e-09 30 he4+s32-->ar36 4He 32S 1.5239e+06 2.2392e+08 5.6773e-02 6.8054e-03
gnu:   7.8912e-09 30 he4+s32-->ar36 4He 32S 1.5246e+06 2.2395e+08 5.6781e-02 6.8080e-03
gnu:   7.9101e-09 30 he4+s32-->ar36 4He 32S 1.5254e+06 2.2398e+08 5.6788e-02 6.8106e-03
gnu:   7.9289e-09 30 he4+s32-->ar36 4He 32S 1.5262e+06 2.2400e+08 5.6795e-02 6.8131e-03
gnu:   7.9473e-09 30 he4+s32-->ar36 4He 32S 1.5269e+06 2.2403e+08 5.6801e-02 6.8156e-03
gnu:   7.9658e-09 30 he4+s32-->ar36 4He 32S 1.5276e+06 2.2406e+08 5.6808e-02 6.8180e-03
gnu:   7.9916e-09 30 he4+s32-->ar36 4He 32S 1.5286e+06 2.2409e+08 5.6818e-02 6.8214e-03
gnu:   8.0174e-09 30 he4+s32-->ar36 4He 32S 1.5297e+06 2.2413e+08 5.6827e-02 6.8248e-03
gnu:   8.0427e-09 30 he4+s32-->ar36 4He 32S 1.5306e+06 2.2417e+08 5.6836e-02 6.8281e-03
gnu:   8.0680e-09 30 he4+s32-->ar36 4He 32S 1.5316e+06 2.2420e+08 5.6845e-02 6.8313e-03
gnu:   8.0928e-09 30 he4+s32-->ar36 4He 32S 1.5326e+06 2.2424e+08 5.6854e-02 6.8345e-03
gnu:   8.1176e-09 30 he4+s32-->ar36 4He 32S 1.5335e+06 2.2427e+08 5.6863e-02 6.8376e-03
gnu:   8.1419e-09 30 he4+s32-->ar36 4He 32S 1.5344e+06 2.2431e+08 5.6872e-02 6.8407e-03
gnu:   8.1662e-09 30 he4+s32-->ar36 4He 32S 1.5353e+06 2.2434e+08 5.6880e-02 6.8437e-03
gnu:   8.1900e-09 30 he4+s32-->ar36 4He 32S 1.5362e+06 2.2437e+08 5.6888e-02 6.8466e-03
gnu:   8.2138e-09 30 he4+s32-->ar36 4He 32S 1.5371e+06 2.2441e+08 5.6897e-02 6.8495e-03
gnu:   8.2371e-09 30 he4+s32-->ar36 4He 32S 1.5379e+06 2.2444e+08 5.6905e-02 6.8524e-03
gnu:   8.2605e-09 30 he4+s32-->ar36 4He 32S 1.5388e+06 2.2447e+08 5.6913e-02 6.8552e-03
gnu:   8.2833e-09 30 he4+s32-->ar36 4He 32S 1.5396e+06 2.2450e+08 5.6920e-02 6.8579e-03
gnu:   8.3062e-09 30 he4+s32-->ar36 4He 32S 1.5404e+06 2.2453e+08 5.6928e-02 6.8606e-03
gnu:   8.3286e-09 30 he4+s32-->ar36 4He 32S 1.5412e+06 2.2456e+08 5.6936e-02 6.8632e-03
gnu:   8.3510e-09 30 he4+s32-->ar36 4He 32S 1.5420e+06 2.2459e+08 5.6943e-02 6.8659e-03
gnu:   8.3730e-09 30 he4+s32-->ar36 4He 32S 1.5428e+06 2.2462e+08 5.6950e-02 6.8684e-03
gnu:   8.3949e-09 30 he4+s32-->ar36 4He 32S 1.5435e+06 2.2465e+08 5.6958e-02 6.8709e-03
gnu:   8.4165e-09 30 he4+s32-->ar36 4He 32S 1.5443e+06 2.2467e+08 5.6965e-02 6.8734e-03
gnu:   8.4380e-09 30 he4+s32-->ar36 4He 32S 1.5450e+06 2.2470e+08 5.6972e-02 6.8758e-03
gnu:   8.4591e-09 30 he4+s32-->ar36 4He 32S 1.5457e+06 2.2473e+08 5.6978e-02 6.8782e-03
gnu:   8.4802e-09 30 he4+s32-->ar36 4He 32S 1.5464e+06 2.2476e+08 5.6985e-02 6.8805e-03
gnu:   8.5008e-09 30 he4+s32-->ar36 4He 32S 1.5471e+06 2.2478e+08 5.6992e-02 6.8828e-03
gnu:   8.5215e-09 30 he4+s32-->ar36 4He 32S 1.5478e+06 2.2481e+08 5.6998e-02 6.8851e-03
gnu:   8.5418e-09 30 he4+s32-->ar36 4He 32S 1.5485e+06 2.2483e+08 5.7005e-02 6.8873e-03
gnu:   8.5620e-09 30 he4+s32-->ar36 4He 32S 1.5492e+06 2.2486e+08 5.7011e-02 6.8895e-03
gnu:   8.5819e-09 30 he4+s32-->ar36 4He 32S 1.5498e+06 2.2488e+08 5.7018e-02 6.8916e-03
gnu:   8.6017e-09 30 he4+s32-->ar36 4He 32S 1.5505e+06 2.2491e+08 5.7024e-02 6.8938e-03
gnu:   8.6212e-09 30 he4+s32-->ar36 4He 32S 1.5511e+06 2.2493e+08 5.7030e-02 6.8958e-03
gnu:   8.6406e-09 30 he4+s32-->ar36 4He 32S 1.5517e+06 2.2495e+08 5.7036e-02 6.8979e-03
gnu:   8.6597e-09 30 he4+s32-->ar36 4He 32S 1.5523e+06 2.2498e+08 5.7042e-02 6.8999e-03
gnu:   8.6788e-09 30 he4+s32-->ar36 4He 32S 1.5529e+06 2.2500e+08 5.7048e-02 6.9019e-03
gnu:   8.6975e-09 30 he4+s32-->ar36 4He 32S 1.5535e+06 2.2502e+08 5.7053e-02 6.9038e-03
gnu:   8.7161e-09 30 he4+s32-->ar36 4He 32S 1.5541e+06 2.2505e+08 5.7059e-02 6.9058e-03
gnu:   8.7345e-09 30 he4+s32-->ar36 4He 32S 1.5547e+06 2.2507e+08 5.7064e-02 6.9076e-03
gnu:   8.7528e-09 30 he4+s32-->ar36 4He 32S 1.5553e+06 2.2509e+08 5.7070e-02 6.9095e-03
gnu:   8.7784e-09 30 he4+s32-->ar36 4He 32S 1.5560e+06 2.2512e+08 5.7078e-02 6.9121e-03
gnu:   8.8040e-09 30 he4+s32-->ar36 4He 32S 1.5568e+06 2.2515e+08 5.7085e-02 6.9146e-03
gnu:   8.8292e-09 30 he4+s32-->ar36 4He 32S 1.5576e+06 2.2518e+08 5.7093e-02 6.9171e-03
gnu:   8.8543e-09 30 he4+s32-->ar36 4He 32S 1.5584e+06 2.2521e+08 5.7100e-02 6.9196e-03
gnu:   8.8789e-09 30 he4+s32-->ar36 4He 32S 1.5591e+06 2.2524e+08 5.7107e-02 6.9220e-03
gnu:   8.9035e-09 30 he4+s32-->ar36 4He 32S 1.5598e+06 2.2526e+08 5.7114e-02 6.9244e-03
gnu:   8.9277e-09 30 he4+s32-->ar36 4He 32S 1.5605e+06 2.2529e+08 5.7121e-02 6.9267e-03
gnu:   8.9518e-09 30 he4+s32-->ar36 4He 32S 1.5612e+06 2.2532e+08 5.7128e-02 6.9290e-03
gnu:   8.9754e-09 30 he4+s32-->ar36 4He 32S 1.5619e+06 2.2535e+08 5.7135e-02 6.9313e-03
gnu:   8.9991e-09 30 he4+s32-->ar36 4He 32S 1.5626e+06 2.2537e+08 5.7142e-02 6.9335e-03
gnu:   9.0223e-09 30 he4+s32-->ar36 4He 32S 1.5633e+06 2.2540e+08 5.7148e-02 6.9356e-03
gnu:   9.0454e-09 30 he4+s32-->ar36 4He 32S 1.5639e+06 2.2542e+08 5.7155e-02 6.9378e-03
gnu:   9.0681e-09 30 he4+s32-->ar36 4He 32S 1.5646e+06 2.2545e+08 5.7161e-02 6.9399e-03
gnu:   9.0908e-09 30 he4+s32-->ar36 4He 32S 1.5652e+06 2.2547e+08 5.7167e-02 6.9419e-03
gnu:   9.1131e-09 30 he4+s32-->ar36 4He 32S 1.5658e+06 2.2550e+08 5.7174e-02 6.9439e-03
gnu:   9.1354e-09 30 he4+s32-->ar36 4He 32S 1.5665e+06 2.2552e+08 5.7180e-02 6.9459e-03
gnu:   9.1572e-09 30 he4+s32-->ar36 4He 32S 1.5671e+06 2.2555e+08 5.7186e-02 6.9479e-03
gnu:   9.1790e-09 30 he4+s32-->ar36 4He 32S 1.5677e+06 2.2557e+08 5.7191e-02 6.9498e-03
gnu:   9.2003e-09 30 he4+s32-->ar36 4He 32S 1.5682e+06 2.2559e+08 5.7197e-02 6.9517e-03
gnu:   9.2217e-09 30 he4+s32-->ar36 4He 32S 1.5688e+06 2.2561e+08 5.7203e-02 6.9535e-03
gnu:   9.2427e-09 30 he4+s32-->ar36 4He 32S 1.5694e+06 2.2564e+08 5.7209e-02 6.9553e-03
gnu:   9.2636e-09 30 he4+s32-->ar36 4He 32S 1.5699e+06 2.2566e+08 5.7214e-02 6.9571e-03
gnu:   9.2841e-09 30 he4+s32-->ar36 4He 32S 1.5705e+06 2.2568e+08 5.7220e-02 6.9589e-03
gnu:   9.3047e-09 30 he4+s32-->ar36 4He 32S 1.5710e+06 2.2570e+08 5.7225e-02 6.9606e-03
gnu:   9.3248e-09 30 he4+s32-->ar36 4He 32S 1.5715e+06 2.2572e+08 5.7230e-02 6.9623e-03
gnu:   9.3449e-09 30 he4+s32-->ar36 4He 32S 1.5721e+06 2.2574e+08 5.7235e-02 6.9640e-03
gnu:   9.3646e-09 30 he4+s32-->ar36 4He 32S 1.5726e+06 2.2576e+08 5.7241e-02 6.9656e-03
gnu:   9.3843e-09 30 he4+s32-->ar36 4He 32S 1.5731e+06 2.2578e+08 5.7246e-02 6.9673e-03
gnu:   9.4037e-09 30 he4+s32-->ar36 4He 32S 1.5736e+06 2.2580e+08 5.7251e-02 6.9688e-03
gnu:   9.4230e-09 30 he4+s32-->ar36 4He 32S 1.5741e+06 2.2582e+08 5.7255e-02 6.9704e-03
gnu:   9.4419e-09 30 he4+s32-->ar36 4He 32S 1.5745e+06 2.2584e+08 5.7260e-02 6.9719e-03
gnu:   9.4608e-09 30 he4+s32-->ar36 4He 32S 1.5750e+06 2.2586e+08 5.7265e-02 6.9735e-03
gnu:   9.4794e-09 30 he4+s32-->ar36 4He 32S 1.5755e+06 2.2588e+08 5.7270e-02 6.9749e-03
gnu:   9.4980e-09 30 he4+s32-->ar36 4He 32S 1.5759e+06 2.2590e+08 5.7274e-02 6.9764e-03
gnu:   9.5161e-09 30 he4+s32-->ar36 4He 32S 1.5764e+06 2.2591e+08 5.7279e-02 6.9778e-03
gnu:   9.5343e-09 30 he4+s32-->ar36 4He 32S 1.5768e+06 2.2593e+08 5.7283e-02 6.9793e-03
gnu:   9.5598e-09 30 he4+s32-->ar36 4He 32S 1.5775e+06 2.2596e+08 5.7290e-02 6.9812e-03
gnu:   9.5852e-09 30 he4+s32-->ar36 4He 32S 1.5781e+06 2.2598e+08 5.7296e-02 6.9832e-03
gnu:   9.6102e-09 30 he4+s32-->ar36 4He 32S 1.5787e+06 2.2600e+08 5.7302e-02 6.9851e-03
gnu:   9.6351e-09 30 he4+s32-->ar36 4He 32S 1.5793e+06 2.2603e+08 5.7308e-02 6.9870e-03
gnu:   9.6596e-09 30 he4+s32-->ar36 4He 32S 1.5798e+06 2.2605e+08 5.7314e-02 6.9889e-03
gnu:   9.6840e-09 30 he4+s32-->ar36 4He 32S 1.5804e+06 2.2607e+08 5.7320e-02 6.9907e-03
gnu:   9.7080e-09 30 he4+s32-->ar36 4He 32S 1.5810e+06 2.2610e+08 5.7326e-02 6.9925e-03
gnu:   9.7320e-09 30 he4+s32-->ar36 4He 32S 1.5815e+06 2.2612e+08 5.7331e-02 6.9942e-03
gnu:   9.7554e-09 30 he4+s32-->ar36 4He 32S 1.5821e+06 2.2614e+08 5.7337e-02 6.9959e-03
gnu:   9.7789e-09 30 he4+s32-->ar36 4He 32S 1.5826e+06 2.2616e+08 5.7342e-02 6.9976e-03
gnu:   9.8019e-09 30 he4+s32-->ar36 4He 32S 1.5831e+06 2.2618e+08 5.7348e-02 6.9993e-03
gnu:   9.8249e-09 30 he4+s32-->ar36 4He 32S 1.5836e+06 2.2621e+08 5.7353e-02 7.0009e-03
gnu:   9.8475e-09 30 he4+s32-->ar36 4He 32S 1.5842e+06 2.2623e+08 5.7358e-02 7.0025e-03
gnu:   9.8700e-09 30 he4+s32-->ar36 4He 32S 1.5847e+06 2.2625e+08 5.7363e-02 7.0041e-03
gnu:   9.8921e-09 30 he4+s32-->ar36 4He 32S 1.5851e+06 2.2627e+08 5.7368e-02 7.0056e-03
gnu:   9.9142e-09 30 he4+s32-->ar36 4He 32S 1.5856e+06 2.2629e+08 5.7373e-02 7.0072e-03
gnu:   9.9359e-09 30 he4+s32-->ar36 4He 32S 1.5861e+06 2.2631e+08 5.7378e-02 7.0087e-03
gnu:   9.9576e-09 30 he4+s32-->ar36 4He 32S 1.5866e+06 2.2632e+08 5.7383e-02 7.0101e-03
gnu:   9.9788e-09 30 he4+s32-->ar36 4He 32S 1.5870e+06 2.2634e+08 5.7388e-02 7.0116e-03
gnu:   1.0000e-08 30 he4+s32-->ar36 4He 32S 1.5875e+06 2.2636e+08 5.7393e-02 7.0130e-03
gnu:   1.0021e-08 30 he4+s32-->ar36 4He 32S 1.5879e+06 2.2638e+08 5.7397e-02 7.0144e-03
gnu:   1.0042e-08 30 he4+s32-->ar36 4He 32S 1.5884e+06 2.2640e+08 5.7402e-02 7.0158e-03
gnu:   1.0062e-08 30 he4+s32-->ar36 4He 32S 1.5888e+06 2.2642e+08 5.7406e-02 7.0171e-03
gnu:   1.0082e-08 30 he4+s32-->ar36 4He 32S 1.5892e+06 2.2643e+08 5.7411e-02 7.0184e-03
gnu:   1.0102e-08 30 he4+s32-->ar36 4He 32S 1.5896e+06 2.2645e+08 5.7415e-02 7.0197e-03
gnu:   1.0122e-08 30 he4+s32-->ar36 4He 32S 1.5900e+06 2.2647e+08 5.7419e-02 7.0210e-03
gnu:   1.0142e-08 30 he4+s32-->ar36 4He 32S 1.5904e+06 2.2648e+08 5.7424e-02 7.0223e-03
gnu:   1.0161e-08 30 he4+s32-->ar36 4He 32S 1.5908e+06 2.2650e+08 5.7428e-02 7.0235e-03
gnu:   1.0181e-08 30 he4+s32-->ar36 4He 32S 1.5912e+06 2.2652e+08 5.7432e-02 7.0247e-03
gnu:   1.0200e-08 30 he4+s32-->ar36 4He 32S 1.5916e+06 2.2653e+08 5.7436e-02 7.0259e-03
gnu:   1.0219e-08 30 he4+s32-->ar36 4He 32S 1.5920e+06 2.2655e+08 5.7440e-02 7.0271e-03
gnu:   1.0237e-08 30 he4+s32-->ar36 4He 32S 1.5924e+06 2.2656e+08 5.7444e-02 7.0283e-03
gnu:   1.0256e-08 30 he4+s32-->ar36 4He 32S 1.5927e+06 2.2658e+08 5.7448e-02 7.0294e-03
gnu:   1.0274e-08 30 he4+s32-->ar36 4He 32S 1.5931e+06 2.2659e+08 5.7452e-02 7.0306e-03
gnu:   1.0300e-08 30 he4+s32-->ar36 4He 32S 1.5936e+06 2.2662e+08 5.7457e-02 7.0321e-03
gnu:   1.0326e-08 30 he4+s32-->ar36 4He 32S 1.5941e+06 2.2664e+08 5.7462e-02 7.0337e-03
gnu:   1.0351e-08 30 he4+s32-->ar36 4He 32S 1.5946e+06 2.2666e+08 5.7468e-02 7.0352e-03
gnu:   1.0376e-08 30 he4+s32-->ar36 4He 32S 1.5951e+06 2.2668e+08 5.7473e-02 7.0367e-03
gnu:   1.0401e-08 30 he4+s32-->ar36 4He 32S 1.5955e+06 2.2670e+08 5.7478e-02 7.0382e-03
gnu:   1.0426e-08 30 he4+s32-->ar36 4He 32S 1.5960e+06 2.2672e+08 5.7483e-02 7.0396e-03
gnu:   1.0450e-08 30 he4+s32-->ar36 4He 32S 1.5965e+06 2.2674e+08 5.7488e-02 7.0410e-03
gnu:   1.0475e-08 30 he4+s32-->ar36 4He 32S 1.5969e+06 2.2676e+08 5.7492e-02 7.0424e-03
gnu:   1.0498e-08 30 he4+s32-->ar36 4He 32S 1.5973e+06 2.2677e+08 5.7497e-02 7.0438e-03
gnu:   1.0522e-08 30 he4+s32-->ar36 4He 32S 1.5978e+06 2.2679e+08 5.7502e-02 7.0451e-03
gnu:   1.0545e-08 30 he4+s32-->ar36 4He 32S 1.5982e+06 2.2681e+08 5.7506e-02 7.0464e-03
gnu:   1.0569e-08 30 he4+s32-->ar36 4He 32S 1.5986e+06 2.2683e+08 5.7511e-02 7.0477e-03
gnu:   1.0592e-08 30 he4+s32-->ar36 4He 32S 1.5990e+06 2.2685e+08 5.7515e-02 7.0490e-03
gnu:   1.0615e-08 30 he4+s32-->ar36 4He 32S 1.5994e+06 2.2686e+08 5.7520e-02 7.0502e-03
gnu:   1.0637e-08 30 he4+s32-->ar36 4He 32S 1.5998e+06 2.2688e+08 5.7524e-02 7.0515e-03
gnu:   1.0659e-08 30 he4+s32-->ar36 4He 32S 1.6002e+06 2.2690e+08 5.7528e-02 7.0527e-03
gnu:   1.0681e-08 30 he4+s32-->ar36 4He 32S 1.6006e+06 2.2691e+08 5.7533e-02 7.0538e-03
gnu:   1.0703e-08 30 he4+s32-->ar36 4He 32S 1.6010e+06 2.2693e+08 5.7537e-02 7.0550e-03
gnu:   1.0725e-08 30 he4+s32-->ar36 4He 32S 1.6014e+06 2.2695e+08 5.7541e-02 7.0562e-03
gnu:   1.0746e-08 30 he4+s32-->ar36 4He 32S 1.6017e+06 2.2696e+08 5.7545e-02 7.0573e-03
gnu:   1.0767e-08 30 he4+s32-->ar36 4He 32S 1.6021e+06 2.2698e+08 5.7549e-02 7.0584e-03
gnu:   1.0788e-08 30 he4+s32-->ar36 4He 32S 1.6024e+06 2.2699e+08 5.7553e-02 7.0595e-03
gnu:   1.0809e-08 30 he4+s32-->ar36 4He 32S 1.6028e+06 2.2701e+08 5.7556e-02 7.0605e-03
gnu:   1.0830e-08 30 he4+s32-->ar36 4He 32S 1.6031e+06 2.2702e+08 5.7560e-02 7.0616e-03
gnu:   1.0850e-08 30 he4+s32-->ar36 4He 32S 1.6035e+06 2.2704e+08 5.7564e-02 7.0626e-03
gnu:   1.0870e-08 30 he4+s32-->ar36 4He 32S 1.6038e+06 2.2705e+08 5.7568e-02 7.0636e-03
gnu:   1.0890e-08 30 he4+s32-->ar36 4He 32S 1.6041e+06 2.2707e+08 5.7571e-02 7.0646e-03
gnu:   1.0910e-08 30 he4+s32-->ar36 4He 32S 1.6045e+06 2.2708e+08 5.7575e-02 7.0656e-03
gnu:   1.0929e-08 30 he4+s32-->ar36 4He 32S 1.6048e+06 2.2709e+08 5.7578e-02 7.0666e-03
gnu:   1.0949e-08 30 he4+s32-->ar36 4He 32S 1.6051e+06 2.2711e+08 5.7582e-02 7.0675e-03
gnu:   1.0968e-08 30 he4+s32-->ar36 4He 32S 1.6054e+06 2.2712e+08 5.7585e-02 7.0685e-03
gnu:   1.0987e-08 30 he4+s32-->ar36 4He 32S 1.6057e+06 2.2713e+08 5.7589e-02 7.0694e-03
gnu:   1.1006e-08 30 he4+s32-->ar36 4He 32S 1.6060e+06 2.2715e+08 5.7592e-02 7.0703e-03
gnu:   1.1024e-08 30 he4+s32-->ar36 4He 32S 1.6063e+06 2.2716e+08 5.7595e-02 7.0712e-03
gnu:   1.1042e-08 30 he4+s32-->ar36 4He 32S 1.6066e+06 2.2717e+08 5.7598e-02 7.0720e-03
gnu:   1.1061e-08 30 he4+s32-->ar36 4He 32S 1.6069e+06 2.2719e+08 5.7602e-02 7.0729e-03
gnu:   1.1086e-08 30 he4+s32-->ar36 4He 32S 1.6073e+06 2.2720e+08 5.7606e-02 7.0741e-03
gnu:   1.1112e-08 30 he4+s32-->ar36 4He 32S 1.6077e+06 2.2722e+08 5.7610e-02 7.0753e-03
gnu:   1.1137e-08 30 he4+s32-->ar36 4He 32S 1.6080e+06 2.2724e+08 5.7615e-02 7.0765e-03
gnu:   1.1162e-08 30 he4+s32-->ar36 4He 32S 1.6084e+06 2.2725e+08 5.7619e-02 7.0776e-03
gnu:   1.1187e-08 30 he4+s32-->ar36 4He 32S 1.6088e+06 2.2727e+08 5.7623e-02 7.0787e-03
gnu:   1.1211e-08 30 he4+s32-->ar36 4He 32S 1.6092e+06 2.2729e+08 5.7627e-02 7.0798e-03
gnu:   1.1236e-08 30 he4+s32-->ar36 4He 32S 1.6095e+06 2.2730e+08 5.7632e-02 7.0809e-03
gnu:   1.1260e-08 30 he4+s32-->ar36 4He 32S 1.6099e+06 2.2732e+08 5.7636e-02 7.0820e-03
gnu:   1.1283e-08 30 he4+s32-->ar36 4He 32S 1.6102e+06 2.2734e+08 5.7640e-02 7.0830e-03
gnu:   1.1307e-08 30 he4+s32-->ar36 4He 32S 1.6106e+06 2.2735e+08 5.7643e-02 7.0841e-03
gnu:   1.1330e-08 30 he4+s32-->ar36 4He 32S 1.6109e+06 2.2737e+08 5.7647e-02 7.0851e-03
gnu:   1.1353e-08 30 he4+s32-->ar36 4He 32S 1.6112e+06 2.2738e+08 5.7651e-02 7.0861e-03
gnu:   1.1376e-08 30 he4+s32-->ar36 4He 32S 1.6116e+06 2.2740e+08 5.7655e-02 7.0870e-03
gnu:   1.1399e-08 30 he4+s32-->ar36 4He 32S 1.6119e+06 2.2741e+08 5.7658e-02 7.0880e-03
gnu:   1.1421e-08 30 he4+s32-->ar36 4He 32S 1.6122e+06 2.2742e+08 5.7662e-02 7.0889e-03
gnu:   1.1443e-08 30 he4+s32-->ar36 4He 32S 1.6125e+06 2.2744e+08 5.7666e-02 7.0898e-03
gnu:   1.1465e-08 30 he4+s32-->ar36 4He 32S 1.6128e+06 2.2745e+08 5.7669e-02 7.0907e-03
gnu:   1.1487e-08 30 he4+s32-->ar36 4He 32S 1.6131e+06 2.2747e+08 5.7673e-02 7.0916e-03
gnu:   1.1508e-08 30 he4+s32-->ar36 4He 32S 1.6134e+06 2.2748e+08 5.7676e-02 7.0925e-03
gnu:   1.1529e-08 30 he4+s32-->ar36 4He 32S 1.6137e+06 2.2749e+08 5.7679e-02 7.0934e-03
gnu:   1.1550e-08 30 he4+s32-->ar36 4He 32S 1.6140e+06 2.2751e+08 5.7683e-02 7.0942e-03
gnu:   1.1571e-08 30 he4+s32-->ar36 4He 32S 1.6143e+06 2.2752e+08 5.7686e-02 7.0951e-03
gnu:   1.1592e-08 30 he4+s32-->ar36 4He 32S 1.6145e+06 2.2753e+08 5.7689e-02 7.0959e-03
gnu:   1.1612e-08 30 he4+s32-->ar36 4He 32S 1.6148e+06 2.2754e+08 5.7692e-02 7.0967e-03
gnu:   1.1632e-08 30 he4+s32-->ar36 4He 32S 1.6151e+06 2.2756e+08 5.7695e-02 7.0975e-03
gnu:   1.1652e-08 30 he4+s32-->ar36 4He 32S 1.6153e+06 2.2757e+08 5.7699e-02 7.0982e-03
gnu:   1.1672e-08 30 he4+s32-->ar36 4He 32S 1.6156e+06 2.2758e+08 5.7702e-02 7.0990e-03
gnu:   1.1692e-08 30 he4+s32-->ar36 4He 32S 1.6159e+06 2.2759e+08 5.7705e-02 7.0998e-03
gnu:   1.1711e-08 30 he4+s32-->ar36 4He 32S 1.6161e+06 2.2760e+08 5.7708e-02 7.1005e-03
gnu:   1.1731e-08 30 he4+s32-->ar36 4He 32S 1.6163e+06 2.2762e+08 5.7710e-02 7.1012e-03
gnu:   1.1749e-08 30 he4+s32-->ar36 4He 32S 1.6166e+06 2.2763e+08 5.7713e-02 7.1019e-03
gnu:   1.1768e-08 30 he4+s32-->ar36 4He 32S 1.6168e+06 2.2764e+08 5.7716e-02 7.1027e-03
gnu:   1.1787e-08 30 he4+s32-->ar36 4He 32S 1.6171e+06 2.2765e+08 5.7719e-02 7.1033e-03
gnu:   1.1805e-08 30 he4+s32-->ar36 4He 32S 1.6173e+06 2.2766e+08 5.7722e-02 7.1040e-03
gnu:   1.1824e-08 30 he4+s32-->ar36 4He 32S 1.6175e+06 2.2767e+08 5.7724e-02 7.1047e-03
gnu:   1.1842e-08 30 he4+s32-->ar36 4He 32S 1.6178e+06 2.2768e+08 5.7727e-02 7.1054e-03
gnu:   1.1867e-08 30 he4+s32-->ar36 4He 32S 1.6181e+06 2.2770e+08 5.7731e-02 7.1063e-03
gnu:   1.1893e-08 30 he4+s32-->ar36 4He 32S 1.6184e+06 2.2771e+08 5.7735e-02 7.1072e-03
gnu:   1.1918e-08 30 he4+s32-->ar36 4He 32S 1.6187e+06 2.2772e+08 5.7738e-02 7.1081e-03
gnu:   1.1943e-08 30 he4+s32-->ar36 4He 32S 1.6190e+06 2.2774e+08 5.7742e-02 7.1090e-03
gnu:   1.1967e-08 30 he4+s32-->ar36 4He 32S 1.6193e+06 2.2775e+08 5.7745e-02 7.1098e-03
gnu:   1.1991e-08 30 he4+s32-->ar36 4He 32S 1.6196e+06 2.2777e+08 5.7749e-02 7.1107e-03
gnu:   1.2015e-08 30 he4+s32-->ar36 4He 32S 1.6199e+06 2.2778e+08 5.7752e-02 7.1115e-03
gnu:   1.2039e-08 30 he4+s32-->ar36 4He 32S 1.6201e+06 2.2779e+08 5.7756e-02 7.1123e-03
gnu:   1.2063e-08 30 he4+s32-->ar36 4He 32S 1.6204e+06 2.2781e+08 5.7759e-02 7.1131e-03
gnu:   1.2086e-08 30 he4+s32-->ar36 4He 32S 1.6207e+06 2.2782e+08 5.7762e-02 7.1139e-03
gnu:   1.2109e-08 30 he4+s32-->ar36 4He 32S 1.6210e+06 2.2783e+08 5.7766e-02 7.1147e-03
gnu:   1.2132e-08 30 he4+s32-->ar36 4He 32S 1.6212e+06 2.2785e+08 5.7769e-02 7.1154e-03
gnu:   1.2155e-08 30 he4+s32-->ar36 4He 32S 1.6215e+06 2.2786e+08 5.7772e-02 7.1162e-03
gnu:   1.2177e-08 30 he4+s32-->ar36 4He 32S 1.6217e+06 2.2787e+08 5.7775e-02 7.1169e-03
gnu:   1.2199e-08 30 he4+s32-->ar36 4He 32S 1.6220e+06 2.2788e+08 5.7778e-02 7.1176e-03
gnu:   1.2221e-08 30 he4+s32-->ar36 4He 32S 1.6222e+06 2.2789e+08 5.7781e-02 7.1183e-03
gnu:   1.2243e-08 30 he4+s32-->ar36 4He 32S 1.6225e+06 2.2791e+08 5.7784e-02 7.1190e-03
gnu:   1.2265e-08 30 he4+s32-->ar36 4He 32S 1.6227e+06 2.2792e+08 5.7787e-02 7.1197e-03
gnu:   1.2286e-08 30 he4+s32-->ar36 4He 32S 1.6229e+06 2.2793e+08 5.7790e-02 7.1204e-03
gnu:   1.2307e-08 30 he4+s32-->ar36 4He 32S 1.6232e+06 2.2794e+08 5.7793e-02 7.1210e-03
gnu:   1.2328e-08 30 he4+s32-->ar36 4He 32S 1.6234e+06 2.2795e+08 5.7796e-02 7.1217e-03
gnu:   1.2349e-08 30 he4+s32-->ar36 4He 32S 1.6236e+06 2.2796e+08 5.7798e-02 7.1223e-03
gnu:   1.2369e-08 30 he4+s32-->ar36 4He 32S 1.6238e+06 2.2797e+08 5.7801e-02 7.1229e-03
gnu:   1.2389e-08 30 he4+s32-->ar36 4He 32S 1.6241e+06 2.2798e+08 5.7804e-02 7.1236e-03
gnu:   1.2409e-08 30 he4+s32-->ar36 4He 32S 1.6243e+06 2.2799e+08 5.7806e-02 7.1242e-03
gnu:   1.2429e-08 30 he4+s32-->ar36 4He 32S 1.6245e+06 2.2800e+08 5.7809e-02 7.1248e-03
gnu:   1.2449e-08 30 he4+s32-->ar36 4He 32S 1.6247e+06 2.2801e+08 5.7812e-02 7.1253e-03
gnu:   1.2468e-08 30 he4+s32-->ar36 4He 32S 1.6249e+06 2.2802e+08 5.7814e-02 7.1259e-03
gnu:   1.2488e-08 30 he4+s32-->ar36 4He 32S 1.6251e+06 2.2803e+08 5.7817e-02 7.1265e-03
gnu:   1.2507e-08 30 he4+s32-->ar36 4He 32S 1.6253e+06 2.2804e+08 5.7819e-02 7.1271e-03
gnu:   1.2526e-08 30 he4+s32-->ar36 4He 32S 1.6255e+06 2.2805e+08 5.7822e-02 7.1276e-03
gnu:   1.2544e-08 30 he4+s32-->ar36 4He 32S 1.6257e+06 2.2806e+08 5.7824e-02 7.1281e-03
gnu:   1.2563e-08 30 he4+s32-->ar36 4He 32S 1.6259e+06 2.2807e+08 5.7826e-02 7.1287e-03
gnu:   1.2581e-08 30 he4+s32-->ar36 4He 32S 1.6260e+06 2.2808e+08 5.7829e-02 7.1292e-03
gnu:   1.2607e-08 30 he4+s32-->ar36 4He 32S 1.6263e+06 2.2809e+08 5.7832e-02 7.1299e-03
gnu:   1.2633e-08 30 he4+s32-->ar36 4He 32S 1.6266e+06 2.2811e+08 5.7835e-02 7.1306e-03
gnu:   1.2658e-08 30 he4+s32-->ar36 4He 32S 1.6268e+06 2.2812e+08 5.7838e-02 7.1313e-03
gnu:   1.2683e-08 30 he4+s32-->ar36 4He 32S 1.6271e+06 2.2813e+08 5.7842e-02 7.1320e-03
gnu:   1.2708e-08 30 he4+s32-->ar36 4He 32S 1.6273e+06 2.2814e+08 5.7845e-02 7.1327e-03
gnu:   1.2733e-08 30 he4+s32-->ar36 4He 32S 1.6275e+06 2.2816e+08 5.7848e-02 7.1334e-03
gnu:   1.2757e-08 30 he4+s32-->ar36 4He 32S 1.6278e+06 2.2817e+08 5.7851e-02 7.1340e-03
gnu:   1.2781e-08 30 he4+s32-->ar36 4He 32S 1.6280e+06 2.2818e+08 5.7854e-02 7.1347e-03
gnu:   1.2805e-08 30 he4+s32-->ar36 4He 32S 1.6282e+06 2.2819e+08 5.7857e-02 7.1353e-03
gnu:   1.2829e-08 30 he4+s32-->ar36 4He 32S 1.6284e+06 2.2820e+08 5.7860e-02 7.1359e-03
gnu:   1.2852e-08 30 he4+s32-->ar36 4He 32S 1.6287e+06 2.2821e+08 5.7862e-02 7.1365e-03
gnu:   1.2876e-08 30 he4+s32-->ar36 4He 32S 1.6289e+06 2.2823e+08 5.7865e-02 7.1371e-03
gnu:   1.2898e-08 30 he4+s32-->ar36 4He 32S 1.6291e+06 2.2824e+08 5.7868e-02 7.1377e-03
gnu:   1.2921e-08 30 he4+s32-->ar36 4He 32S 1.6293e+06 2.2825e+08 5.7871e-02 7.1383e-03
gnu:   1.2944e-08 30 he4+s32-->ar36 4He 32S 1.6295e+06 2.2826e+08 5.7873e-02 7.1389e-03
gnu:   1.2966e-08 30 he4+s32-->ar36 4He 32S 1.6297e+06 2.2827e+08 5.7876e-02 7.1394e-03
gnu:   1.2988e-08 30 he4+s32-->ar36 4He 32S 1.6299e+06 2.2828e+08 5.7879e-02 7.1400e-03
gnu:   1.3010e-08 30 he4+s32-->ar36 4He 32S 1.6301e+06 2.2829e+08 5.7881e-02 7.1405e-03
gnu:   1.3031e-08 30 he4+s32-->ar36 4He 32S 1.6303e+06 2.2830e+08 5.7884e-02 7.1410e-03
gnu:   1.3053e-08 30 he4+s32-->ar36 4He 32S 1.6305e+06 2.2831e+08 5.7886e-02 7.1416e-03
gnu:   1.3074e-08 30 he4+s32-->ar36 4He 32S 1.6307e+06 2.2832e+08 5.7889e-02 7.1421e-03
gnu:   1.3095e-08 30 he4+s32-->ar36 4He 32S 1.6309e+06 2.2833e+08 5.7891e-02 7.1426e-03
gnu:   1.3116e-08 30 he4+s32-->ar36 4He 32S 1.6310e+06 2.2834e+08 5.7894e-02 7.1431e-03
gnu:   1.3136e-08 30 he4+s32-->ar36 4He 32S 1.6312e+06 2.2835e+08 5.7896e-02 7.1436e-03
gnu:   1.3156e-08 30 he4+s32-->ar36 4He 32S 1.6314e+06 2.2836e+08 5.7898e-02 7.1440e-03
gnu:   1.3177e-08 30 he4+s32-->ar36 4He 32S 1.6316e+06 2.2837e+08 5.7901e-02 7.1445e-03
gnu:   1.3196e-08 30 he4+s32-->ar36 4He 32S 1.6317e+06 2.2837e+08 5.7903e-02 7.1450e-03
gnu:   1.3216e-08 30 he4+s32-->ar36 4He 32S 1.6319e+06 2.2838e+08 5.7905e-02 7.1454e-03
gnu:   1.3236e-08 30 he4+s32-->ar36 4He 32S 1.6321e+06 2.2839e+08 5.7907e-02 7.1459e-03
gnu:   1.3255e-08 30 he4+s32-->ar36 4He 32S 1.6322e+06 2.2840e+08 5.7910e-02 7.1463e-03
gnu:   1.3274e-08 30 he4+s32-->ar36 4He 32S 1.6324e+06 2.2841e+08 5.7912e-02 7.1467e-03
gnu:   1.3293e-08 30 he4+s32-->ar36 4He 32S 1.6325e+06 2.2842e+08 5.7914e-02 7.1471e-03
gnu:   1.3312e-08 30 he4+s32-->ar36 4He 32S 1.6327e+06 2.2843e+08 5.7916e-02 7.1476e-03
gnu:   1.3331e-08 30 he4+s32-->ar36 4He 32S 1.6328e+06 2.2843e+08 5.7918e-02 7.1480e-03
gnu:   1.3349e-08 30 he4+s32-->ar36 4He 32S 1.6330e+06 2.2844e+08 5.7920e-02 7.1484e-03
gnu:   1.3367e-08 30 he4+s32-->ar36 4He 32S 1.6331e+06 2.2845e+08 5.7922e-02 7.1488e-03
gnu:   1.3393e-08 30 he4+s32-->ar36 4He 32S 1.6333e+06 2.2846e+08 5.7925e-02 7.1493e-03
gnu:   1.3418e-08 30 he4+s32-->ar36 4He 32S 1.6336e+06 2.2847e+08 5.7928e-02 7.1499e-03
gnu:   1.3443e-08 30 he4+s32-->ar36 4He 32S 1.6338e+06 2.2848e+08 5.7931e-02 7.1504e-03
gnu:   1.3469e-08 30 he4+s32-->ar36 4He 32S 1.6339e+06 2.2849e+08 5.7933e-02 7.1509e-03
gnu:   1.3493e-08 30 he4+s32-->ar36 4He 32S 1.6341e+06 2.2850e+08 5.7936e-02 7.1514e-03
gnu:   1.3518e-08 30 he4+s32-->ar36 4He 32S 1.6343e+06 2.2852e+08 5.7939e-02 7.1520e-03
gnu:   1.3542e-08 30 he4+s32-->ar36 4He 32S 1.6345e+06 2.2853e+08 5.7941e-02 7.1525e-03
gnu:   1.3566e-08 30 he4+s32-->ar36 4He 32S 1.6347e+06 2.2854e+08 5.7944e-02 7.1529e-03
gnu:   1.3589e-08 30 he4+s32-->ar36 4He 32S 1.6349e+06 2.2855e+08 5.7946e-02 7.1534e-03
gnu:   1.3613e-08 30 he4+s32-->ar36 4He 32S 1.6351e+06 2.2856e+08 5.7949e-02 7.1539e-03
gnu:   1.3636e-08 30 he4+s32-->ar36 4He 32S 1.6352e+06 2.2857e+08 5.7951e-02 7.1544e-03
gnu:   1.3659e-08 30 he4+s32-->ar36 4He 32S 1.6354e+06 2.2857e+08 5.7954e-02 7.1548e-03
gnu:   1.3682e-08 30 he4+s32-->ar36 4He 32S 1.6356e+06 2.2858e+08 5.7956e-02 7.1553e-03
gnu:   1.3705e-08 30 he4+s32-->ar36 4He 32S 1.6357e+06 2.2859e+08 5.7959e-02 7.1557e-03
gnu:   1.3727e-08 30 he4+s32-->ar36 4He 32S 1.6359e+06 2.2860e+08 5.7961e-02 7.1561e-03
gnu:   1.3749e-08 30 he4+s32-->ar36 4He 32S 1.6361e+06 2.2861e+08 5.7963e-02 7.1565e-03
gnu:   1.3771e-08 30 he4+s32-->ar36 4He 32S 1.6362e+06 2.2862e+08 5.7965e-02 7.1570e-03
gnu:   1.3793e-08 30 he4+s32-->ar36 4He 32S 1.6364e+06 2.2863e+08 5.7968e-02 7.1574e-03
gnu:   1.3814e-08 30 he4+s32-->ar36 4He 32S 1.6365e+06 2.2864e+08 5.7970e-02 7.1578e-03
gnu:   1.3835e-08 30 he4+s32-->ar36 4He 32S 1.6367e+06 2.2865e+08 5.7972e-02 7.1582e-03
gnu:   1.3856e-08 30 he4+s32-->ar36 4He 32S 1.6368e+06 2.2866e+08 5.7974e-02 7.1585e-03
gnu:   1.3877e-08 30 he4+s32-->ar36 4He 32S 1.6370e+06 2.2866e+08 5.7976e-02 7.1589e-03
gnu:   1.3898e-08 30 he4+s32-->ar36 4He 32S 1.6371e+06 2.2867e+08 5.7978e-02 7.1593e-03
gnu:   1.3918e-08 30 he4+s32-->ar36 4He 32S 1.6373e+06 2.2868e+08 5.7980e-02 7.1597e-03
gnu:   1.3938e-08 30 he4+s32-->ar36 4He 32S 1.6374e+06 2.2869e+08 5.7983e-02 7.1600e-03
gnu:   1.3958e-08 30 he4+s32-->ar36 4He 32S 1.6376e+06 2.2870e+08 5.7985e-02 7.1604e-03
gnu:   1.3978e-08 30 he4+s32-->ar36 4He 32S 1.6377e+06 2.2870e+08 5.7986e-02 7.1607e-03
gnu:   1.3998e-08 30 he4+s32-->ar36 4He 32S 1.6378e+06 2.2871e+08 5.7988e-02 7.1611e-03
gnu:   1.4017e-08 30 he4+s32-->ar36 4He 32S 1.6380e+06 2.2872e+08 5.7990e-02 7.1614e-03
gnu:   1.4036e-08 30 he4+s32-->ar36 4He 32S 1.6381e+06 2.2873e+08 5.7992e-02 7.1617e-03
gnu:   1.4055e-08 30 he4+s32-->ar36 4He 32S 1.6382e+06 2.2873e+08 5.7994e-02 7.1621e-03
gnu:   1.4074e-08 30 he4+s32-->ar36 4He 32S 1.6383e+06 2.2874e+08 5.7996e-02 7.1624e-03
gnu:   1.4093e-08 30 he4+s32-->ar36 4He 32S 1.6385e+06 2.2875e+08 5.7998e-02 7.1627e-03
gnu:   1.4111e-08 30 he4+s32-->ar36 4He 32S 1.6386e+06 2.2876e+08 5.8000e-02 7.1630e-03
gnu:   1.4129e-08 30 he4+s32-->ar36 4He 32S 1.6387e+06 2.2876e+08 5.8001e-02 7.1633e-03
gnu:   1.4148e-08 30 he4+s32-->ar36 4He 32S 1.6388e+06 2.2877e+08 5.8003e-02 7.1636e-03
gnu:   1.4173e-08 30 he4+s32-->ar36 4He 32S 1.6390e+06 2.2878e+08 5.8006e-02 7.1640e-03
gnu:   1.4198e-08 30 he4+s32-->ar36 4He 32S 1.6391e+06 2.2879e+08 5.8008e-02 7.1644e-03
gnu:   1.4223e-08 30 he4+s32-->ar36 4He 32S 1.6393e+06 2.2880e+08 5.8011e-02 7.1648e-03
gnu:   1.4248e-08 30 he4+s32-->ar36 4He 32S 1.6395e+06 2.2881e+08 5.8013e-02 7.1652e-03
gnu:   1.4273e-08 30 he4+s32-->ar36 4He 32S 1.6396e+06 2.2882e+08 5.8015e-02 7.1656e-03
gnu:   1.4297e-08 30 he4+s32-->ar36 4He 32S 1.6398e+06 2.2883e+08 5.8018e-02 7.1660e-03
gnu:   1.4321e-08 30 he4+s32-->ar36 4He 32S 1.6399e+06 2.2884e+08 5.8020e-02 7.1664e-03
gnu:   1.4345e-08 30 he4+s32-->ar36 4He 32S 1.6401e+06 2.2884e+08 5.8022e-02 7.1668e-03
gnu:   1.4368e-08 30 he4+s32-->ar36 4He 32S 1.6402e+06 2.2885e+08 5.8024e-02 7.1671e-03
gnu:   1.4392e-08 30 he4+s32-->ar36 4He 32S 1.6404e+06 2.2886e+08 5.8027e-02 7.1675e-03
gnu:   1.4415e-08 30 he4+s32-->ar36 4He 32S 1.6405e+06 2.2887e+08 5.8029e-02 7.1678e-03
gnu:   1.4438e-08 30 he4+s32-->ar36 4He 32S 1.6406e+06 2.2888e+08 5.8031e-02 7.1682e-03
gnu:   1.4460e-08 30 he4+s32-->ar36 4He 32S 1.6408e+06 2.2889e+08 5.8033e-02 7.1685e-03
gnu:   1.4483e-08 30 he4+s32-->ar36 4He 32S 1.6409e+06 2.2890e+08 5.8035e-02 7.1688e-03
gnu:   1.4505e-08 30 he4+s32-->ar36 4He 32S 1.6410e+06 2.2890e+08 5.8037e-02 7.1692e-03
gnu:   1.4527e-08 30 he4+s32-->ar36 4He 32S 1.6412e+06 2.2891e+08 5.8039e-02 7.1695e-03
gnu:   1.4549e-08 30 he4+s32-->ar36 4He 32S 1.6413e+06 2.2892e+08 5.8041e-02 7.1698e-03
gnu:   1.4570e-08 30 he4+s32-->ar36 4He 32S 1.6414e+06 2.2893e+08 5.8043e-02 7.1701e-03
gnu:   1.4591e-08 30 he4+s32-->ar36 4He 32S 1.6416e+06 2.2893e+08 5.8045e-02 7.1704e-03
gnu:   1.4613e-08 30 he4+s32-->ar36 4He 32S 1.6417e+06 2.2894e+08 5.8047e-02 7.1707e-03
gnu:   1.4633e-08 30 he4+s32-->ar36 4He 32S 1.6418e+06 2.2895e+08 5.8049e-02 7.1710e-03
gnu:   1.4654e-08 30 he4+s32-->ar36 4He 32S 1.6419e+06 2.2896e+08 5.8051e-02 7.1713e-03
gnu:   1.4674e-08 30 he4+s32-->ar36 4He 32S 1.6420e+06 2.2896e+08 5.8053e-02 7.1716e-03
gnu:   1.4695e-08 30 he4+s32-->ar36 4He 32S 1.6421e+06 2.2897e+08 5.8054e-02 7.1718e-03
gnu:   1.4715e-08 30 he4+s32-->ar36 4He 32S 1.6423e+06 2.2898e+08 5.8056e-02 7.1721e-03
gnu:   1.4735e-08 30 he4+s32-->ar36 4He 32S 1.6424e+06 2.2899e+08 5.8058e-02 7.1724e-03
gnu:   1.4754e-08 30 he4+s32-->ar36 4He 32S 1.6425e+06 2.2899e+08 5.8060e-02 7.1726e-03
gnu:   1.4774e-08 30 he4+s32-->ar36 4He 32S 1.6426e+06 2.2900e+08 5.8061e-02 7.1729e-03
gnu:   1.4793e-08 30 he4+s32-->ar36 4He 32S 1.6427e+06 2.2901e+08 5.8063e-02 7.1731e-03
gnu:   1.4812e-08 30 he4+s32-->ar36 4He 32S 1.6428e+06 2.2901e+08 5.8065e-02 7.1734e-03
gnu:   1.4831e-08 30 he4+s32-->ar36 4He 32S 1.6429e+06 2.2902e+08 5.8066e-02 7.1736e-03
gnu:   1.4850e-08 30 he4+s32-->ar36 4He 32S 1.6430e+06 2.2903e+08 5.8068e-02 7.1739e-03
gnu:   1.4868e-08 30 he4+s32-->ar36 4He 32S 1.6431e+06 2.2903e+08 5.8070e-02 7.1741e-03
gnu:   1.4887e-08 30 he4+s32-->ar36 4He 32S 1.6432e+06 2.2904e+08 5.8071e-02 7.1743e-03
gnu:   1.4912e-08 30 he4+s32-->ar36 4He 32S 1.6433e+06 2.2905e+08 5.8074e-02 7.1747e-03
gnu:   1.4938e-08 30 he4+s32-->ar36 4He 32S 1.6435e+06 2.2906e+08 5.8076e-02 7.1750e-03
gnu:   1.4963e-08 30 he4+s32-->ar36 4He 32S 1.6436e+06 2.2907e+08 5.8078e-02 7.1753e-03
gnu:   1.4989e-08 30 he4+s32-->ar36 4He 32S 1.6437e+06 2.2907e+08 5.8080e-02 7.1756e-03
gnu:   1.5013e-08 30 he4+s32-->ar36 4He 32S 1.6439e+06 2.2908e+08 5.8082e-02 7.1759e-03
gnu:   1.5038e-08 30 he4+s32-->ar36 4He 32S 1.6440e+06 2.2909e+08 5.8084e-02 7.1762e-03
gnu:   1.5062e-08 30 he4+s32-->ar36 4He 32S 1.6441e+06 2.2910e+08 5.8087e-02 7.1765e-03
gnu:   1.5086e-08 30 he4+s32-->ar36 4He 32S 1.6442e+06 2.2911e+08 5.8089e-02 7.1768e-03
gnu:   1.5110e-08 30 he4+s32-->ar36 4He 32S 1.6444e+06 2.2911e+08 5.8091e-02 7.1771e-03
gnu:   1.5134e-08 30 he4+s32-->ar36 4He 32S 1.6445e+06 2.2912e+08 5.8093e-02 7.1773e-03
gnu:   1.5157e-08 30 he4+s32-->ar36 4He 32S 1.6446e+06 2.2913e+08 5.8095e-02 7.1776e-03
gnu:   1.5181e-08 30 he4+s32-->ar36 4He 32S 1.6447e+06 2.2914e+08 5.8097e-02 7.1779e-03
gnu:   1.5203e-08 30 he4+s32-->ar36 4He 32S 1.6448e+06 2.2915e+08 5.8098e-02 7.1781e-03
gnu:   1.5226e-08 30 he4+s32-->ar36 4He 32S 1.6449e+06 2.2915e+08 5.8100e-02 7.1784e-03
gnu:   1.5249e-08 30 he4+s32-->ar36 4He 32S 1.6451e+06 2.2916e+08 5.8102e-02 7.1786e-03
gnu:   1.5271e-08 30 he4+s32-->ar36 4He 32S 1.6452e+06 2.2917e+08 5.8104e-02 7.1789e-03
gnu:   1.5293e-08 30 he4+s32-->ar36 4He 32S 1.6453e+06 2.2917e+08 5.8106e-02 7.1791e-03
gnu:   1.5315e-08 30 he4+s32-->ar36 4He 32S 1.6454e+06 2.2918e+08 5.8108e-02 7.1794e-03
gnu:   1.5336e-08 30 he4+s32-->ar36 4He 32S 1.6455e+06 2.2919e+08 5.8109e-02 7.1796e-03
gnu:   1.5358e-08 30 he4+s32-->ar36 4He 32S 1.6456e+06 2.2920e+08 5.8111e-02 7.1798e-03
gnu:   1.5379e-08 30 he4+s32-->ar36 4He 32S 1.6457e+06 2.2920e+08 5.8113e-02 7.1800e-03
gnu:   1.5400e-08 30 he4+s32-->ar36 4He 32S 1.6458e+06 2.2921e+08 5.8115e-02 7.1803e-03
gnu:   1.5420e-08 30 he4+s32-->ar36 4He 32S 1.6459e+06 2.2922e+08 5.8116e-02 7.1805e-03
gnu:   1.5441e-08 30 he4+s32-->ar36 4He 32S 1.6460e+06 2.2922e+08 5.8118e-02 7.1807e-03
gnu:   1.5461e-08 30 he4+s32-->ar36 4He 32S 1.6461e+06 2.2923e+08 5.8120e-02 7.1809e-03
gnu:   1.5481e-08 30 he4+s32-->ar36 4He 32S 1.6462e+06 2.2924e+08 5.8121e-02 7.1811e-03
gnu:   1.5501e-08 30 he4+s32-->ar36 4He 32S 1.6463e+06 2.2924e+08 5.8123e-02 7.1813e-03
gnu:   1.5521e-08 30 he4+s32-->ar36 4He 32S 1.6463e+06 2.2925e+08 5.8125e-02 7.1815e-03
gnu:   1.5541e-08 30 he4+s32-->ar36 4He 32S 1.6464e+06 2.2925e+08 5.8126e-02 7.1817e-03
gnu:   1.5560e-08 30 he4+s32-->ar36 4He 32S 1.6465e+06 2.2926e+08 5.8128e-02 7.1819e-03
gnu:   1.5579e-08 30 he4+s32-->ar36 4He 32S 1.6466e+06 2.2927e+08 5.8129e-02 7.1821e-03
gnu:   1.5598e-08 30 he4+s32-->ar36 4He 32S 1.6467e+06 2.2927e+08 5.8131e-02 7.1822e-03
gnu:   1.5617e-08 30 he4+s32-->ar36 4He 32S 1.6468e+06 2.2928e+08 5.8132e-02 7.1824e-03
gnu:   1.5635e-08 30 he4+s32-->ar36 4He 32S 1.6469e+06 2.2928e+08 5.8134e-02 7.1826e-03
gnu:   1.5654e-08 30 he4+s32-->ar36 4He 32S 1.6469e+06 2.2929e+08 5.8135e-02 7.1828e-03
gnu:   1.5672e-08 30 he4+s32-->ar36 4He 32S 1.6470e+06 2.2930e+08 5.8137e-02 7.1829e-03
gnu:   1.5697e-08 30 he4+s32-->ar36 4He 32S 1.6471e+06 2.2930e+08 5.8139e-02 7.1832e-03
gnu:   1.5723e-08 30 he4+s32-->ar36 4He 32S 1.6472e+06 2.2931e+08 5.8141e-02 7.1834e-03
gnu:   1.5748e-08 30 he4+s32-->ar36 4He 32S 1.6474e+06 2.2932e+08 5.8143e-02 7.1837e-03
gnu:   1.5773e-08 30 he4+s32-->ar36 4He 32S 1.6475e+06 2.2933e+08 5.8145e-02 7.1839e-03
gnu:   1.5798e-08 30 he4+s32-->ar36 4He 32S 1.6476e+06 2.2933e+08 5.8146e-02 7.1841e-03
gnu:   1.5822e-08 30 he4+s32-->ar36 4He 32S 1.6477e+06 2.2934e+08 5.8148e-02 7.1843e-03
gnu:   1.5846e-08 30 he4+s32-->ar36 4He 32S 1.6478e+06 2.2935e+08 5.8150e-02 7.1845e-03
gnu:   1.5870e-08 30 he4+s32-->ar36 4He 32S 1.6479e+06 2.2936e+08 5.8152e-02 7.1847e-03
gnu:   1.5894e-08 30 he4+s32-->ar36 4He 32S 1.6480e+06 2.2936e+08 5.8154e-02 7.1850e-03
gnu:   1.5918e-08 30 he4+s32-->ar36 4He 32S 1.6481e+06 2.2937e+08 5.8156e-02 7.1852e-03
gnu:   1.5941e-08 30 he4+s32-->ar36 4He 32S 1.6482e+06 2.2938e+08 5.8157e-02 7.1854e-03
gnu:   1.5964e-08 30 he4+s32-->ar36 4He 32S 1.6483e+06 2.2939e+08 5.8159e-02 7.1855e-03
gnu:   1.5987e-08 30 he4+s32-->ar36 4He 32S 1.6484e+06 2.2939e+08 5.8161e-02 7.1857e-03
gnu:   1.6009e-08 30 he4+s32-->ar36 4He 32S 1.6484e+06 2.2940e+08 5.8163e-02 7.1859e-03
gnu:   1.6031e-08 30 he4+s32-->ar36 4He 32S 1.6485e+06 2.2941e+08 5.8164e-02 7.1861e-03
gnu:   1.6054e-08 30 he4+s32-->ar36 4He 32S 1.6486e+06 2.2941e+08 5.8166e-02 7.1863e-03
gnu:   1.6075e-08 30 he4+s32-->ar36 4He 32S 1.6487e+06 2.2942e+08 5.8168e-02 7.1865e-03
gnu:   1.6097e-08 30 he4+s32-->ar36 4He 32S 1.6488e+06 2.2943e+08 5.8169e-02 7.1866e-03
gnu:   1.6118e-08 30 he4+s32-->ar36 4He 32S 1.6489e+06 2.2943e+08 5.8171e-02 7.1868e-03
gnu:   1.6140e-08 30 he4+s32-->ar36 4He 32S 1.6490e+06 2.2944e+08 5.8173e-02 7.1870e-03
gnu:   1.6161e-08 30 he4+s32-->ar36 4He 32S 1.6490e+06 2.2944e+08 5.8174e-02 7.1871e-03
gnu:   1.6182e-08 30 he4+s32-->ar36 4He 32S 1.6491e+06 2.2945e+08 5.8176e-02 7.1873e-03
gnu:   1.6202e-08 30 he4+s32-->ar36 4He 32S 1.6492e+06 2.2946e+08 5.8177e-02 7.1875e-03
gnu:   1.6223e-08 30 he4+s32-->ar36 4He 32S 1.6493e+06 2.2946e+08 5.8179e-02 7.1876e-03
gnu:   1.6243e-08 30 he4+s32-->ar36 4He 32S 1.6494e+06 2.2947e+08 5.8180e-02 7.1878e-03
gnu:   1.6263e-08 30 he4+s32-->ar36 4He 32S 1.6494e+06 2.2947e+08 5.8182e-02 7.1879e-03
gnu:   1.6282e-08 30 he4+s32-->ar36 4He 32S 1.6495e+06 2.2948e+08 5.8183e-02 7.1881e-03
gnu:   1.6302e-08 30 he4+s32-->ar36 4He 32S 1.6496e+06 2.2949e+08 5.8185e-02 7.1882e-03
gnu:   1.6321e-08 30 he4+s32-->ar36 4He 32S 1.6497e+06 2.2949e+08 5.8186e-02 7.1883e-03
gnu:   1.6341e-08 30 he4+s32-->ar36 4He 32S 1.6497e+06 2.2950e+08 5.8187e-02 7.1885e-03
gnu:   1.6359e-08 30 he4+s32-->ar36 4He 32S 1.6498e+06 2.2950e+08 5.8189e-02 7.1886e-03
gnu:   1.6378e-08 30 he4+s32-->ar36 4He 32S 1.6499e+06 2.2951e+08 5.8190e-02 7.1887e-03
gnu:   1.6397e-08 30 he4+s32-->ar36 4He 32S 1.6499e+06 2.2951e+08 5.8192e-02 7.1889e-03
gnu:   1.6415e-08 30 he4+s32-->ar36 4He 32S 1.6500e+06 2.2952e+08 5.8193e-02 7.1890e-03
gnu:   1.6434e-08 30 he4+s32-->ar36 4He 32S 1.6501e+06 2.2952e+08 5.8194e-02 7.1891e-03
gnu:   1.6452e-08 30 he4+s32-->ar36 4He 32S 1.6501e+06 2.2953e+08 5.8196e-02 7.1893e-03
gnu:   1.6477e-08 30 he4+s32-->ar36 4He 32S 1.6502e+06 2.2954e+08 5.8197e-02 7.1894e-03
gnu:   1.6503e-08 30 he4+s32-->ar36 4He 32S 1.6503e+06 2.2954e+08 5.8199e-02 7.1896e-03
gnu:   1.6527e-08 30 he4+s32-->ar36 4He 32S 1.6504e+06 2.2955e+08 5.8201e-02 7.1898e-03
gnu:   1.6552e-08 30 he4+s32-->ar36 4He 32S 1.6505e+06 2.2956e+08 5.8203e-02 7.1899e-03
gnu:   1.6577e-08 30 he4+s32-->ar36 4He 32S 1.6506e+06 2.2956e+08 5.8205e-02 7.1901e-03
gnu:   1.6601e-08 30 he4+s32-->ar36 4He 32S 1.6507e+06 2.2957e+08 5.8206e-02 7.1903e-03
gnu:   1.6625e-08 30 he4+s32-->ar36 4He 32S 1.6508e+06 2.2958e+08 5.8208e-02 7.1904e-03
gnu:   1.6649e-08 30 he4+s32-->ar36 4He 32S 1.6508e+06 2.2958e+08 5.8210e-02 7.1906e-03
gnu:   1.6672e-08 30 he4+s32-->ar36 4He 32S 1.6509e+06 2.2959e+08 5.8211e-02 7.1907e-03
gnu:   1.6696e-08 30 he4+s32-->ar36 4He 32S 1.6510e+06 2.2960e+08 5.8213e-02 7.1909e-03
gnu:   1.6719e-08 30 he4+s32-->ar36 4He 32S 1.6511e+06 2.2960e+08 5.8215e-02 7.1910e-03
gnu:   1.6742e-08 30 he4+s32-->ar36 4He 32S 1.6512e+06 2.2961e+08 5.8216e-02 7.1911e-03
gnu:   1.6764e-08 30 he4+s32-->ar36 4He 32S 1.6512e+06 2.2962e+08 5.8218e-02 7.1913e-03
gnu:   1.6787e-08 30 he4+s32-->ar36 4He 32S 1.6513e+06 2.2962e+08 5.8219e-02 7.1914e-03
gnu:   1.6809e-08 30 he4+s32-->ar36 4He 32S 1.6514e+06 2.2963e+08 5.8221e-02 7.1915e-03
gnu:   1.6831e-08 30 he4+s32-->ar36 4He 32S 1.6515e+06 2.2963e+08 5.8223e-02 7.1917e-03
gnu:   1.6852e-08 30 he4+s32-->ar36 4He 32S 1.6515e+06 2.2964e+08 5.8224e-02 7.1918e-03
gnu:   1.6874e-08 30 he4+s32-->ar36 4He 32S 1.6516e+06 2.2965e+08 5.8226e-02 7.1919e-03
gnu:   1.6895e-08 30 he4+s32-->ar36 4He 32S 1.6517e+06 2.2965e+08 5.8227e-02 7.1920e-03
gnu:   1.6916e-08 30 he4+s32-->ar36 4He 32S 1.6517e+06 2.2966e+08 5.8229e-02 7.1922e-03
gnu:   1.6937e-08 30 he4+s32-->ar36 4He 32S 1.6518e+06 2.2966e+08 5.8230e-02 7.1923e-03
gnu:   1.6958e-08 30 he4+s32-->ar36 4He 32S 1.6519e+06 2.2967e+08 5.8231e-02 7.1924e-03
gnu:   1.6978e-08 30 he4+s32-->ar36 4He 32S 1.6519e+06 2.2968e+08 5.8233e-02 7.1925e-03
gnu:   1.6999e-08 30 he4+s32-->ar36 4He 32S 1.6520e+06 2.2968e+08 5.8234e-02 7.1926e-03
gnu:   1.7019e-08 30 he4+s32-->ar36 4He 32S 1.6521e+06 2.2969e+08 5.8236e-02 7.1927e-03
gnu:   1.7038e-08 30 he4+s32-->ar36 4He 32S 1.6521e+06 2.2969e+08 5.8237e-02 7.1928e-03
gnu:   1.7058e-08 30 he4+s32-->ar36 4He 32S 1.6522e+06 2.2970e+08 5.8238e-02 7.1929e-03
gnu:   1.7078e-08 30 he4+s32-->ar36 4He 32S 1.6523e+06 2.2970e+08 5.8240e-02 7.1930e-03
gnu:   1.7097e-08 30 he4+s32-->ar36 4He 32S 1.6523e+06 2.2971e+08 5.8241e-02 7.1931e-03
gnu:   1.7116e-08 30 he4+s32-->ar36 4He 32S 1.6524e+06 2.2971e+08 5.8242e-02 7.1932e-03
gnu:   1.7135e-08 30 he4+s32-->ar36 4He 32S 1.6524e+06 2.2972e+08 5.8243e-02 7.1933e-03
gnu:   1.7153e-08 30 he4+s32-->ar36 4He 32S 1.6525e+06 2.2972e+08 5.8245e-02 7.1934e-03
gnu:   1.7172e-08 30 he4+s32-->ar36 4He 32S 1.6526e+06 2.2973e+08 5.8246e-02 7.1935e-03
gnu:   1.7190e-08 30 he4+s32-->ar36 4He 32S 1.6526e+06 2.2973e+08 5.8247e-02 7.1936e-03
gnu:   1.7216e-08 30 he4+s32-->ar36 4He 32S 1.6527e+06 2.2974e+08 5.8249e-02 7.1937e-03
gnu:   1.7242e-08 30 he4+s32-->ar36 4He 32S 1.6528e+06 2.2975e+08 5.8251e-02 7.1939e-03
gnu:   1.7267e-08 30 he4+s32-->ar36 4He 32S 1.6528e+06 2.2975e+08 5.8252e-02 7.1940e-03
gnu:   1.7292e-08 30 he4+s32-->ar36 4He 32S 1.6529e+06 2.2976e+08 5.8254e-02 7.1941e-03
gnu:   1.7317e-08 30 he4+s32-->ar36 4He 32S 1.6530e+06 2.2977e+08 5.8256e-02 7.1942e-03
gnu:   1.7341e-08 30 he4+s32-->ar36 4He 32S 1.6531e+06 2.2977e+08 5.8257e-02 7.1943e-03
gnu:   1.7366e-08 30 he4+s32-->ar36 4He 32S 1.6531e+06 2.2978e+08 5.8259e-02 7.1945e-03
gnu:   1.7390e-08 30 he4+s32-->ar36 4He 32S 1.6532e+06 2.2979e+08 5.8261e-02 7.1946e-03
gnu:   1.7414e-08 30 he4+s32-->ar36 4He 32S 1.6533e+06 2.2979e+08 5.8262e-02 7.1947e-03
gnu:   1.7437e-08 30 he4+s32-->ar36 4He 32S 1.6533e+06 2.2980e+08 5.8264e-02 7.1948e-03
gnu:   1.7461e-08 30 he4+s32-->ar36 4He 32S 1.6534e+06 2.2980e+08 5.8265e-02 7.1949e-03
gnu:   1.7484e-08 30 he4+s32-->ar36 4He 32S 1.6535e+06 2.2981e+08 5.8267e-02 7.1950e-03
gnu:   1.7530e-08 30 he4+s32-->ar36 4He 32S 1.6536e+06 2.2982e+08 5.8270e-02 7.1952e-03
gnu:   1.7577e-08 30 he4+s32-->ar36 4He 32S 1.6537e+06 2.2983e+08 5.8273e-02 7.1954e-03
gnu:   1.7642e-08 30 he4+s32-->ar36 4He 32S 1.6539e+06 2.2985e+08 5.8277e-02 7.1957e-03
gnu:   1.7707e-08 30 he4+s32-->ar36 4He 32S 1.6541e+06 2.2987e+08 5.8282e-02 7.1959e-03
gnu:   1.7729e-08 30 he4+s32-->ar36 4He 32S 1.6542e+06 2.2987e+08 5.8283e-02 7.1960e-03
gnu:   1.7751e-08 30 he4+s32-->ar36 4He 32S 1.6542e+06 2.2988e+08 5.8285e-02 7.1961e-03
gnu:   1.7773e-08 30 he4+s32-->ar36 4He 32S 1.6543e+06 2.2989e+08 5.8286e-02 7.1962e-03
gnu:   1.7794e-08 30 he4+s32-->ar36 4He 32S 1.6543e+06 2.2989e+08 5.8287e-02 7.1962e-03
gnu:   1.7815e-08 30 he4+s32-->ar36 4He 32S 1.6544e+06 2.2990e+08 5.8289e-02 7.1963e-03
gnu:   1.7836e-08 30 he4+s32-->ar36 4He 32S 1.6545e+06 2.2990e+08 5.8290e-02 7.1964e-03
gnu:   1.7878e-08 30 he4+s32-->ar36 4He 32S 1.6546e+06 2.2991e+08 5.8293e-02 7.1966e-03
gnu:   1.7920e-08 30 he4+s32-->ar36 4He 32S 1.6547e+06 2.2992e+08 5.8295e-02 7.1967e-03
gnu:   1.7979e-08 30 he4+s32-->ar36 4He 32S 1.6548e+06 2.2994e+08 5.8299e-02 7.1969e-03
gnu:   1.8038e-08 30 he4+s32-->ar36 4He 32S 1.6550e+06 2.2995e+08 5.8303e-02 7.1971e-03
gnu:   1.8058e-08 30 he4+s32-->ar36 4He 32S 1.6550e+06 2.2996e+08 5.8304e-02 7.1972e-03
gnu:   1.8078e-08 30 he4+s32-->ar36 4He 32S 1.6551e+06 2.2996e+08 5.8306e-02 7.1972e-03
gnu:   1.8097e-08 30 he4+s32-->ar36 4He 32S 1.6551e+06 2.2997e+08 5.8307e-02 7.1973e-03
gnu:   1.8116e-08 30 he4+s32-->ar36 4He 32S 1.6552e+06 2.2997e+08 5.8308e-02 7.1974e-03
gnu:   1.8135e-08 30 he4+s32-->ar36 4He 32S 1.6552e+06 2.2998e+08 5.8309e-02 7.1974e-03
gnu:   1.8154e-08 30 he4+s32-->ar36 4He 32S 1.6553e+06 2.2998e+08 5.8310e-02 7.1975e-03
gnu:   1.8173e-08 30 he4+s32-->ar36 4He 32S 1.6553e+06 2.2999e+08 5.8312e-02 7.1976e-03
gnu:   1.8192e-08 30 he4+s32-->ar36 4He 32S 1.6554e+06 2.2999e+08 5.8313e-02 7.1976e-03
gnu:   1.8210e-08 30 he4+s32-->ar36 4He 32S 1.6554e+06 2.3000e+08 5.8314e-02 7.1977e-03
gnu:   1.8228e-08 30 he4+s32-->ar36 4He 32S 1.6555e+06 2.3000e+08 5.8315e-02 7.1977e-03
gnu:   1.8254e-08 30 he4+s32-->ar36 4He 32S 1.6555e+06 2.3001e+08 5.8317e-02 7.1978e-03
gnu:   1.8279e-08 30 he4+s32-->ar36 4He 32S 1.6556e+06 2.3001e+08 5.8318e-02 7.1979e-03
gnu:   1.8330e-08 30 he4+s32-->ar36 4He 32S 1.6557e+06 2.3003e+08 5.8321e-02 7.1980e-03
gnu:   1.8382e-08 30 he4+s32-->ar36 4He 32S 1.6559e+06 2.3004e+08 5.8325e-02 7.1982e-03
gnu:   1.8406e-08 30 he4+s32-->ar36 4He 32S 1.6559e+06 2.3004e+08 5.8326e-02 7.1982e-03
gnu:   1.8431e-08 30 he4+s32-->ar36 4He 32S 1.6560e+06 2.3005e+08 5.8328e-02 7.1983e-03
gnu:   1.8455e-08 30 he4+s32-->ar36 4He 32S 1.6560e+06 2.3006e+08 5.8329e-02 7.1984e-03
gnu:   1.8479e-08 30 he4+s32-->ar36 4He 32S 1.6561e+06 2.3006e+08 5.8331e-02 7.1984e-03
gnu:   1.8527e-08 30 he4+s32-->ar36 4He 32S 1.6562e+06 2.3007e+08 5.8334e-02 7.1986e-03
gnu:   1.8575e-08 30 he4+s32-->ar36 4He 32S 1.6563e+06 2.3009e+08 5.8337e-02 7.1987e-03
gnu:   1.8598e-08 30 he4+s32-->ar36 4He 32S 1.6564e+06 2.3009e+08 5.8338e-02 7.1987e-03
gnu:   1.8621e-08 30 he4+s32-->ar36 4He 32S 1.6564e+06 2.3010e+08 5.8340e-02 7.1988e-03
gnu:   1.8644e-08 30 he4+s32-->ar36 4He 32S 1.6565e+06 2.3010e+08 5.8341e-02 7.1988e-03
gnu:   1.8667e-08 30 he4+s32-->ar36 4He 32S 1.6565e+06 2.3011e+08 5.8342e-02 7.1989e-03
gnu:   1.8689e-08 30 he4+s32-->ar36 4He 32S 1.6566e+06 2.3011e+08 5.8344e-02 7.1989e-03
gnu:   1.8711e-08 30 he4+s32-->ar36 4He 32S 1.6566e+06 2.3012e+08 5.8345e-02 7.1990e-03
gnu:   1.8755e-08 30 he4+s32-->ar36 4He 32S 1.6567e+06 2.3013e+08 5.8348e-02 7.1991e-03
gnu:   1.8800e-08 30 he4+s32-->ar36 4He 32S 1.6568e+06 2.3014e+08 5.8350e-02 7.1992e-03
gnu:   1.8821e-08 30 he4+s32-->ar36 4He 32S 1.6569e+06 2.3014e+08 5.8352e-02 7.1992e-03
gnu:   1.8842e-08 30 he4+s32-->ar36 4He 32S 1.6569e+06 2.3015e+08 5.8353e-02 7.1993e-03
gnu:   1.8863e-08 30 he4+s32-->ar36 4He 32S 1.6570e+06 2.3015e+08 5.8354e-02 7.1993e-03
gnu:   1.8884e-08 30 he4+s32-->ar36 4He 32S 1.6570e+06 2.3016e+08 5.8356e-02 7.1994e-03
gnu:   1.8905e-08 30 he4+s32-->ar36 4He 32S 1.6570e+06 2.3016e+08 5.8357e-02 7.1994e-03
gnu:   1.8925e-08 30 he4+s32-->ar36 4He 32S 1.6571e+06 2.3017e+08 5.8358e-02 7.1995e-03
gnu:   1.8966e-08 30 he4+s32-->ar36 4He 32S 1.6572e+06 2.3018e+08 5.8360e-02 7.1995e-03
gnu:   1.9007e-08 30 he4+s32-->ar36 4He 32S 1.6573e+06 2.3019e+08 5.8363e-02 7.1996e-03
gnu:   1.9027e-08 30 he4+s32-->ar36 4He 32S 1.6573e+06 2.3019e+08 5.8364e-02 7.1996e-03
gnu:   1.9046e-08 30 he4+s32-->ar36 4He 32S 1.6574e+06 2.3020e+08 5.8365e-02 7.1997e-03
gnu:   1.9066e-08 30 he4+s32-->ar36 4He 32S 1.6574e+06 2.3020e+08 5.8366e-02 7.1997e-03
gnu:   1.9085e-08 30 he4+s32-->ar36 4He 32S 1.6574e+06 2.3021e+08 5.8368e-02 7.1998e-03
gnu:   1.9104e-08 30 he4+s32-->ar36 4He 32S 1.6575e+06 2.3021e+08 5.8369e-02 7.1998e-03
gnu:   1.9123e-08 30 he4+s32-->ar36 4He 32S 1.6575e+06 2.3022e+08 5.8370e-02 7.1998e-03
gnu:   1.9141e-08 30 he4+s32-->ar36 4He 32S 1.6576e+06 2.3022e+08 5.8371e-02 7.1999e-03
gnu:   1.9160e-08 30 he4+s32-->ar36 4He 32S 1.6576e+06 2.3022e+08 5.8372e-02 7.1999e-03
gnu:   1.9178e-08 30 he4+s32-->ar36 4He 32S 1.6576e+06 2.3023e+08 5.8373e-02 7.1999e-03
gnu:   1.9196e-08 30 he4+s32-->ar36 4He 32S 1.6577e+06 2.3023e+08 5.8374e-02 7.1999e-03
gnu:   1.9221e-08 30 he4+s32-->ar36 4He 32S 1.6577e+06 2.3024e+08 5.8376e-02 7.2000e-03
gnu:   1.9247e-08 30 he4+s32-->ar36 4He 32S 1.6578e+06 2.3025e+08 5.8377e-02 7.2000e-03
gnu:   1.9271e-08 30 he4+s32-->ar36 4He 32S 1.6578e+06 2.3025e+08 5.8379e-02 7.2001e-03
gnu:   1.9296e-08 30 he4+s32-->ar36 4He 32S 1.6579e+06 2.3026e+08 5.8380e-02 7.2001e-03
gnu:   1.9321e-08 30 he4+s32-->ar36 4He 32S 1.6579e+06 2.3026e+08 5.8382e-02 7.2001e-03
gnu:   1.9345e-08 30 he4+s32-->ar36 4He 32S 1.6580e+06 2.3027e+08 5.8383e-02 7.2002e-03
gnu:   1.9369e-08 30 he4+s32-->ar36 4He 32S 1.6580e+06 2.3027e+08 5.8385e-02 7.2002e-03
gnu:   1.9393e-08 30 he4+s32-->ar36 4He 32S 1.6581e+06 2.3028e+08 5.8386e-02 7.2002e-03
gnu:   1.9416e-08 30 he4+s32-->ar36 4He 32S 1.6581e+06 2.3029e+08 5.8387e-02 7.2003e-03
gnu:   1.9440e-08 30 he4+s32-->ar36 4He 32S 1.6582e+06 2.3029e+08 5.8389e-02 7.2003e-03
gnu:   1.9463e-08 30 he4+s32-->ar36 4He 32S 1.6582e+06 2.3030e+08 5.8390e-02 7.2003e-03
gnu:   1.9486e-08 30 he4+s32-->ar36 4He 32S 1.6583e+06 2.3030e+08 5.8392e-02 7.2004e-03
gnu:   1.9508e-08 30 he4+s32-->ar36 4He 32S 1.6583e+06 2.3031e+08 5.8393e-02 7.2004e-03
gnu:   1.9531e-08 30 he4+s32-->ar36 4He 32S 1.6583e+06 2.3031e+08 5.8394e-02 7.2004e-03
gnu:   1.9553e-08 30 he4+s32-->ar36 4He 32S 1.6584e+06 2.3032e+08 5.8395e-02 7.2005e-03
gnu:   1.9575e-08 30 he4+s32-->ar36 4He 32S 1.6584e+06 2.3032e+08 5.8397e-02 7.2005e-03
gnu:   1.9596e-08 30 he4+s32-->ar36 4He 32S 1.6585e+06 2.3033e+08 5.8398e-02 7.2005e-03
gnu:   1.9618e-08 30 he4+s32-->ar36 4He 32S 1.6585e+06 2.3033e+08 5.8399e-02 7.2005e-03
gnu:   1.9639e-08 30 he4+s32-->ar36 4He 32S 1.6586e+06 2.3034e+08 5.8401e-02 7.2006e-03
gnu:   1.9660e-08 30 he4+s32-->ar36 4He 32S 1.6586e+06 2.3034e+08 5.8402e-02 7.2006e-03
gnu:   1.9681e-08 30 he4+s32-->ar36 4He 32S 1.6586e+06 2.3035e+08 5.8403e-02 7.2006e-03
gnu:   1.9702e-08 30 he4+s32-->ar36 4He 32S 1.6587e+06 2.3035e+08 5.8404e-02 7.2006e-03
gnu:   1.9722e-08 30 he4+s32-->ar36 4He 32S 1.6587e+06 2.3036e+08 5.8405e-02 7.2007e-03
gnu:   1.9742e-08 30 he4+s32-->ar36 4He 32S 1.6588e+06 2.3036e+08 5.8407e-02 7.2007e-03
gnu:   1.9762e-08 30 he4+s32-->ar36 4He 32S 1.6588e+06 2.3037e+08 5.8408e-02 7.2007e-03
gnu:   1.9782e-08 30 he4+s32-->ar36 4He 32S 1.6588e+06 2.3037e+08 5.8409e-02 7.2007e-03
gnu:   1.9802e-08 30 he4+s32-->ar36 4He 32S 1.6589e+06 2.3037e+08 5.8410e-02 7.2007e-03
gnu:   1.9821e-08 30 he4+s32-->ar36 4He 32S 1.6589e+06 2.3038e+08 5.8411e-02 7.2008e-03
gnu:   1.9840e-08 30 he4+s32-->ar36 4He 32S 1.6589e+06 2.3038e+08 5.8412e-02 7.2008e-03
gnu:   1.9859e-08 30 he4+s32-->ar36 4He 32S 1.6590e+06 2.3039e+08 5.8413e-02 7.2008e-03
gnu:   1.9878e-08 30 he4+s32-->ar36 4He 32S 1.6590e+06 2.3039e+08 5.8415e-02 7.2008e-03
gnu:   1.9897e-08 30 he4+s32-->ar36 4He 32S 1.6590e+06 2.3040e+08 5.8416e-02 7.2008e-03
gnu:   1.9915e-08 30 he4+s32-->ar36 4He 32S 1.6591e+06 2.3040e+08 5.8417e-02 7.2009e-03
gnu:   1.9934e-08 30 he4+s32-->ar36 4He 32S 1.6591e+06 2.3040e+08 5.8418e-02 7.2009e-03
gnu:   1.9959e-08 30 he4+s32-->ar36 4He 32S 1.6592e+06 2.3041e+08 5.8419e-02 7.2009e-03
gnu:   1.9985e-08 30 he4+s32-->ar36 4He 32S 1.6592e+06 2.3042e+08 5.8421e-02 7.2009e-03
gnu:   2.0010e-08 30 he4+s32-->ar36 4He 32S 1.6593e+06 2.3042e+08 5.8422e-02 7.2009e-03
gnu:   2.0036e-08 30 he4+s32-->ar36 4He 32S 1.6593e+06 2.3043e+08 5.8424e-02 7.2010e-03
gnu:   2.0060e-08 30 he4+s32-->ar36 4He 32S 1.6593e+06 2.3043e+08 5.8425e-02 7.2010e-03
gnu:   2.0085e-08 30 he4+s32-->ar36 4He 32S 1.6594e+06 2.3044e+08 5.8427e-02 7.2010e-03
gnu:   2.0109e-08 30 he4+s32-->ar36 4He 32S 1.6594e+06 2.3044e+08 5.8428e-02 7.2010e-03
gnu:   2.0133e-08 30 he4+s32-->ar36 4He 32S 1.6595e+06 2.3045e+08 5.8429e-02 7.2010e-03
gnu:   2.0157e-08 30 he4+s32-->ar36 4He 32S 1.6595e+06 2.3046e+08 5.8431e-02 7.2010e-03
gnu:   2.0181e-08 30 he4+s32-->ar36 4He 32S 1.6596e+06 2.3046e+08 5.8432e-02 7.2011e-03
gnu:   2.0204e-08 30 he4+s32-->ar36 4He 32S 1.6596e+06 2.3047e+08 5.8433e-02 7.2011e-03
gnu:   2.0227e-08 30 he4+s32-->ar36 4He 32S 1.6596e+06 2.3047e+08 5.8435e-02 7.2011e-03
gnu:   2.0250e-08 30 he4+s32-->ar36 4He 32S 1.6597e+06 2.3048e+08 5.8436e-02 7.2011e-03
gnu:   2.0273e-08 30 he4+s32-->ar36 4He 32S 1.6597e+06 2.3048e+08 5.8437e-02 7.2011e-03
gnu:   2.0295e-08 30 he4+s32-->ar36 4He 32S 1.6598e+06 2.3049e+08 5.8439e-02 7.2011e-03
gnu:   2.0318e-08 30 he4+s32-->ar36 4He 32S 1.6598e+06 2.3049e+08 5.8440e-02 7.2011e-03
gnu:   2.0339e-08 30 he4+s32-->ar36 4He 32S 1.6598e+06 2.3050e+08 5.8441e-02 7.2012e-03
gnu:   2.0361e-08 30 he4+s32-->ar36 4He 32S 1.6599e+06 2.3050e+08 5.8442e-02 7.2012e-03
gnu:   2.0383e-08 30 he4+s32-->ar36 4He 32S 1.6599e+06 2.3051e+08 5.8444e-02 7.2012e-03
gnu:   2.0404e-08 30 he4+s32-->ar36 4He 32S 1.6600e+06 2.3051e+08 5.8445e-02 7.2012e-03
gnu:   2.0425e-08 30 he4+s32-->ar36 4He 32S 1.6600e+06 2.3052e+08 5.8446e-02 7.2012e-03
gnu:   2.0446e-08 30 he4+s32-->ar36 4He 32S 1.6600e+06 2.3052e+08 5.8447e-02 7.2012e-03
gnu:   2.0467e-08 30 he4+s32-->ar36 4He 32S 1.6601e+06 2.3053e+08 5.8448e-02 7.2012e-03
gnu:   2.0487e-08 30 he4+s32-->ar36 4He 32S 1.6601e+06 2.3053e+08 5.8450e-02 7.2012e-03
gnu:   2.0508e-08 30 he4+s32-->ar36 4He 32S 1.6601e+06 2.3054e+08 5.8451e-02 7.2012e-03
gnu:   2.0528e-08 30 he4+s32-->ar36 4He 32S 1.6602e+06 2.3054e+08 5.8452e-02 7.2012e-03
gnu:   2.0548e-08 30 he4+s32-->ar36 4He 32S 1.6602e+06 2.3054e+08 5.8453e-02 7.2012e-03
gnu:   2.0567e-08 30 he4+s32-->ar36 4He 32S 1.6602e+06 2.3055e+08 5.8454e-02 7.2013e-03
gnu:   2.0587e-08 30 he4+s32-->ar36 4He 32S 1.6603e+06 2.3055e+08 5.8455e-02 7.2013e-03
gnu:   2.0606e-08 30 he4+s32-->ar36 4He 32S 1.6603e+06 2.3056e+08 5.8456e-02 7.2013e-03
gnu:   2.0625e-08 30 he4+s32-->ar36 4He 32S 1.6603e+06 2.3056e+08 5.8457e-02 7.2013e-03
gnu:   2.0644e-08 30 he4+s32-->ar36 4He 32S 1.6604e+06 2.3057e+08 5.8459e-02 7.2013e-03
gnu:   2.0663e-08 30 he4+s32-->ar36 4He 32S 1.6604e+06 2.3057e+08 5.8460e-02 7.2013e-03
gnu:   2.0681e-08 30 he4+s32-->ar36 4He 32S 1.6604e+06 2.3057e+08 5.8461e-02 7.2013e-03
gnu:   2.0700e-08 30 he4+s32-->ar36 4He 32S 1.6605e+06 2.3058e+08 5.8462e-02 7.2013e-03
gnu:   2.0718e-08 30 he4+s32-->ar36 4He 32S 1.6605e+06 2.3058e+08 5.8463e-02 7.2013e-03
gnu:   2.0743e-08 30 he4+s32-->ar36 4He 32S 1.6605e+06 2.3059e+08 5.8464e-02 7.2013e-03
gnu:   2.0769e-08 30 he4+s32-->ar36 4He 32S 1.6606e+06 2.3059e+08 5.8466e-02 7.2013e-03
gnu:   2.0794e-08 30 he4+s32-->ar36 4He 32S 1.6606e+06 2.3060e+08 5.8467e-02 7.2013e-03
gnu:   2.0819e-08 30 he4+s32-->ar36 4He 32S 1.6607e+06 2.3061e+08 5.8469e-02 7.2013e-03
gnu:   2.0844e-08 30 he4+s32-->ar36 4He 32S 1.6607e+06 2.3061e+08 5.8470e-02 7.2013e-03
gnu:   2.0868e-08 30 he4+s32-->ar36 4He 32S 1.6607e+06 2.3062e+08 5.8471e-02 7.2013e-03
gnu:   2.0892e-08 30 he4+s32-->ar36 4He 32S 1.6608e+06 2.3062e+08 5.8473e-02 7.2013e-03
gnu:   2.0916e-08 30 he4+s32-->ar36 4He 32S 1.6608e+06 2.3063e+08 5.8474e-02 7.2013e-03
gnu:   2.0940e-08 30 he4+s32-->ar36 4He 32S 1.6609e+06 2.3063e+08 5.8475e-02 7.2013e-03
gnu:   2.0963e-08 30 he4+s32-->ar36 4He 32S 1.6609e+06 2.3064e+08 5.8477e-02 7.2013e-03
gnu:   2.0986e-08 30 he4+s32-->ar36 4He 32S 1.6609e+06 2.3064e+08 5.8478e-02 7.2013e-03
gnu:   2.1009e-08 30 he4+s32-->ar36 4He 32S 1.6610e+06 2.3065e+08 5.8479e-02 7.2013e-03
gnu:   2.1032e-08 30 he4+s32-->ar36 4He 32S 1.6610e+06 2.3065e+08 5.8481e-02 7.2013e-03
gnu:   2.1055e-08 30 he4+s32-->ar36 4He 32S 1.6610e+06 2.3066e+08 5.8482e-02 7.2013e-03
gnu:   2.1077e-08 30 he4+s32-->ar36 4He 32S 1.6611e+06 2.3066e+08 5.8483e-02 7.2013e-03
gnu:   2.1099e-08 30 he4+s32-->ar36 4He 32S 1.6611e+06 2.3067e+08 5.8484e-02 7.2013e-03
gnu:   2.1121e-08 30 he4+s32-->ar36 4He 32S 1.6612e+06 2.3067e+08 5.8486e-02 7.2013e-03
gnu:   2.1143e-08 30 he4+s32-->ar36 4He 32S 1.6612e+06 2.3068e+08 5.8487e-02 7.2013e-03
gnu:   2.1164e-08 30 he4+s32-->ar36 4He 32S 1.6612e+06 2.3068e+08 5.8488e-02 7.2013e-03
gnu:   2.1185e-08 30 he4+s32-->ar36 4He 32S 1.6613e+06 2.3069e+08 5.8489e-02 7.2013e-03
gnu:   2.1206e-08 30 he4+s32-->ar36 4He 32S 1.6613e+06 2.3069e+08 5.8490e-02 7.2013e-03
gnu:   2.1227e-08 30 he4+s32-->ar36 4He 32S 1.6613e+06 2.3070e+08 5.8492e-02 7.2013e-03
gnu:   2.1247e-08 30 he4+s32-->ar36 4He 32S 1.6614e+06 2.3070e+08 5.8493e-02 7.2013e-03
gnu:   2.1268e-08 30 he4+s32-->ar36 4He 32S 1.6614e+06 2.3071e+08 5.8494e-02 7.2013e-03
gnu:   2.1288e-08 30 he4+s32-->ar36 4He 32S 1.6614e+06 2.3071e+08 5.8495e-02 7.2013e-03
gnu:   2.1308e-08 30 he4+s32-->ar36 4He 32S 1.6614e+06 2.3071e+08 5.8496e-02 7.2013e-03
gnu:   2.1328e-08 30 he4+s32-->ar36 4He 32S 1.6615e+06 2.3072e+08 5.8497e-02 7.2013e-03
gnu:   2.1347e-08 30 he4+s32-->ar36 4He 32S 1.6615e+06 2.3072e+08 5.8498e-02 7.2013e-03
gnu:   2.1366e-08 30 he4+s32-->ar36 4He 32S 1.6615e+06 2.3073e+08 5.8499e-02 7.2013e-03
gnu:   2.1386e-08 30 he4+s32-->ar36 4He 32S 1.6616e+06 2.3073e+08 5.8500e-02 7.2013e-03
gnu:   2.1405e-08 30 he4+s32-->ar36 4He 32S 1.6616e+06 2.3074e+08 5.8502e-02 7.2013e-03
gnu:   2.1423e-08 30 he4+s32-->ar36 4He 32S 1.6616e+06 2.3074e+08 5.8503e-02 7.2013e-03
gnu:   2.1442e-08 30 he4+s32-->ar36 4He 32S 1.6617e+06 2.3074e+08 5.8504e-02 7.2013e-03
gnu:   2.1460e-08 30 he4+s32-->ar36 4He 32S 1.6617e+06 2.3075e+08 5.8505e-02 7.2013e-03
gnu:   2.1479e-08 30 he4+s32-->ar36 4He 32S 1.6617e+06 2.3075e+08 5.8506e-02 7.2013e-03
gnu:   2.1497e-08 30 he4+s32-->ar36 4He 32S 1.6617e+06 2.3076e+08 5.8507e-02 7.2013e-03
gnu:   2.1522e-08 30 he4+s32-->ar36 4He 32S 1.6618e+06 2.3076e+08 5.8508e-02 7.2013e-03
gnu:   2.1547e-08 30 he4+s32-->ar36 4He 32S 1.6618e+06 2.3077e+08 5.8510e-02 7.2013e-03
gnu:   2.1572e-08 30 he4+s32-->ar36 4He 32S 1.6619e+06 2.3077e+08 5.8511e-02 7.2013e-03
gnu:   2.1597e-08 30 he4+s32-->ar36 4He 32S 1.6619e+06 2.3078e+08 5.8512e-02 7.2013e-03
gnu:   2.1621e-08 30 he4+s32-->ar36 4He 32S 1.6619e+06 2.3078e+08 5.8514e-02 7.2013e-03
gnu:   2.1646e-08 30 he4+s32-->ar36 4He 32S 1.6620e+06 2.3079e+08 5.8515e-02 7.2013e-03
gnu:   2.1670e-08 30 he4+s32-->ar36 4He 32S 1.6620e+06 2.3079e+08 5.8516e-02 7.2013e-03
gnu:   2.1694e-08 30 he4+s32-->ar36 4He 32S 1.6620e+06 2.3080e+08 5.8518e-02 7.2012e-03
gnu:   2.1717e-08 30 he4+s32-->ar36 4He 32S 1.6621e+06 2.3080e+08 5.8519e-02 7.2012e-03
gnu:   2.1740e-08 30 he4+s32-->ar36 4He 32S 1.6621e+06 2.3081e+08 5.8520e-02 7.2012e-03
gnu:   2.1763e-08 30 he4+s32-->ar36 4He 32S 1.6621e+06 2.3081e+08 5.8522e-02 7.2012e-03
gnu:   2.1786e-08 30 he4+s32-->ar36 4He 32S 1.6622e+06 2.3082e+08 5.8523e-02 7.2012e-03
gnu:   2.1809e-08 30 he4+s32-->ar36 4He 32S 1.6622e+06 2.3082e+08 5.8524e-02 7.2012e-03
gnu:   2.1831e-08 30 he4+s32-->ar36 4He 32S 1.6622e+06 2.3083e+08 5.8525e-02 7.2012e-03
gnu:   2.1853e-08 30 he4+s32-->ar36 4He 32S 1.6623e+06 2.3083e+08 5.8527e-02 7.2012e-03
gnu:   2.1875e-08 30 he4+s32-->ar36 4He 32S 1.6623e+06 2.3084e+08 5.8528e-02 7.2012e-03
gnu:   2.1897e-08 30 he4+s32-->ar36 4He 32S 1.6623e+06 2.3084e+08 5.8529e-02 7.2012e-03
gnu:   2.1918e-08 30 he4+s32-->ar36 4He 32S 1.6624e+06 2.3085e+08 5.8530e-02 7.2012e-03
gnu:   2.1939e-08 30 he4+s32-->ar36 4He 32S 1.6624e+06 2.3085e+08 5.8531e-02 7.2012e-03
gnu:   2.1961e-08 30 he4+s32-->ar36 4He 32S 1.6624e+06 2.3086e+08 5.8533e-02 7.2011e-03
gnu:   2.1981e-08 30 he4+s32-->ar36 4He 32S 1.6625e+06 2.3086e+08 5.8534e-02 7.2011e-03
gnu:   2.2002e-08 30 he4+s32-->ar36 4He 32S 1.6625e+06 2.3087e+08 5.8535e-02 7.2011e-03
gnu:   2.2022e-08 30 he4+s32-->ar36 4He 32S 1.6625e+06 2.3087e+08 5.8536e-02 7.2011e-03
gnu:   2.2043e-08 30 he4+s32-->ar36 4He 32S 1.6626e+06 2.3088e+08 5.8537e-02 7.2011e-03
gnu:   2.2063e-08 30 he4+s32-->ar36 4He 32S 1.6626e+06 2.3088e+08 5.8538e-02 7.2011e-03
gnu:   2.2083e-08 30 he4+s32-->ar36 4He 32S 1.6626e+06 2.3088e+08 5.8539e-02 7.2011e-03
gnu:   2.2102e-08 30 he4+s32-->ar36 4He 32S 1.6626e+06 2.3089e+08 5.8540e-02 7.2011e-03
gnu:   2.2122e-08 30 he4+s32-->ar36 4He 32S 1.6627e+06 2.3089e+08 5.8542e-02 7.2011e-03
gnu:   2.2141e-08 30 he4+s32-->ar36 4He 32S 1.6627e+06 2.3090e+08 5.8543e-02 7.2011e-03
gnu:   2.2160e-08 30 he4+s32-->ar36 4He 32S 1.6627e+06 2.3090e+08 5.8544e-02 7.2010e-03
gnu:   2.2179e-08 30 he4+s32-->ar36 4He 32S 1.6628e+06 2.3091e+08 5.8545e-02 7.2010e-03
gnu:   2.2197e-08 30 he4+s32-->ar36 4He 32S 1.6628e+06 2.3091e+08 5.8546e-02 7.2010e-03
gnu:   2.2216e-08 30 he4+s32-->ar36 4He 32S 1.6628e+06 2.3091e+08 5.8547e-02 7.2010e-03
gnu:   2.2234e-08 30 he4+s32-->ar36 4He 32S 1.6628e+06 2.3092e+08 5.8548e-02 7.2010e-03
gnu:   2.2260e-08 30 he4+s32-->ar36 4He 32S 1.6629e+06 2.3092e+08 5.8549e-02 7.2010e-03
gnu:   2.2285e-08 30 he4+s32-->ar36 4He 32S 1.6629e+06 2.3093e+08 5.8551e-02 7.2010e-03
gnu:   2.2311e-08 30 he4+s32-->ar36 4He 32S 1.6630e+06 2.3093e+08 5.8552e-02 7.2010e-03
gnu:   2.2336e-08 30 he4+s32-->ar36 4He 32S 1.6630e+06 2.3094e+08 5.8553e-02 7.2009e-03
gnu:   2.2360e-08 30 he4+s32-->ar36 4He 32S 1.6630e+06 2.3095e+08 5.8555e-02 7.2009e-03
gnu:   2.2385e-08 30 he4+s32-->ar36 4He 32S 1.6631e+06 2.3095e+08 5.8556e-02 7.2009e-03
gnu:   2.2409e-08 30 he4+s32-->ar36 4He 32S 1.6631e+06 2.3096e+08 5.8558e-02 7.2009e-03
gnu:   2.2434e-08 30 he4+s32-->ar36 4He 32S 1.6631e+06 2.3096e+08 5.8559e-02 7.2009e-03
gnu:   2.2457e-08 30 he4+s32-->ar36 4He 32S 1.6632e+06 2.3097e+08 5.8560e-02 7.2009e-03
gnu:   2.2481e-08 30 he4+s32-->ar36 4He 32S 1.6632e+06 2.3097e+08 5.8562e-02 7.2009e-03
gnu:   2.2504e-08 30 he4+s32-->ar36 4He 32S 1.6632e+06 2.3098e+08 5.8563e-02 7.2008e-03
gnu:   2.2527e-08 30 he4+s32-->ar36 4He 32S 1.6633e+06 2.3098e+08 5.8564e-02 7.2008e-03
gnu:   2.2550e-08 30 he4+s32-->ar36 4He 32S 1.6633e+06 2.3099e+08 5.8565e-02 7.2008e-03
gnu:   2.2573e-08 30 he4+s32-->ar36 4He 32S 1.6633e+06 2.3099e+08 5.8567e-02 7.2008e-03
gnu:   2.2595e-08 30 he4+s32-->ar36 4He 32S 1.6634e+06 2.3100e+08 5.8568e-02 7.2008e-03
gnu:   2.2618e-08 30 he4+s32-->ar36 4He 32S 1.6634e+06 2.3100e+08 5.8569e-02 7.2008e-03
gnu:   2.2639e-08 30 he4+s32-->ar36 4He 32S 1.6634e+06 2.3101e+08 5.8570e-02 7.2007e-03
gnu:   2.2661e-08 30 he4+s32-->ar36 4He 32S 1.6635e+06 2.3101e+08 5.8572e-02 7.2007e-03
gnu:   2.2683e-08 30 he4+s32-->ar36 4He 32S 1.6635e+06 2.3102e+08 5.8573e-02 7.2007e-03
gnu:   2.2704e-08 30 he4+s32-->ar36 4He 32S 1.6635e+06 2.3102e+08 5.8574e-02 7.2007e-03
gnu:   2.2725e-08 30 he4+s32-->ar36 4He 32S 1.6635e+06 2.3103e+08 5.8575e-02 7.2007e-03
gnu:   2.2746e-08 30 he4+s32-->ar36 4He 32S 1.6636e+06 2.3103e+08 5.8576e-02 7.2007e-03
gnu:   2.2767e-08 30 he4+s32-->ar36 4He 32S 1.6636e+06 2.3103e+08 5.8577e-02 7.2007e-03
gnu:   2.2787e-08 30 he4+s32-->ar36 4He 32S 1.6636e+06 2.3104e+08 5.8578e-02 7.2006e-03
gnu:   2.2808e-08 30 he4+s32-->ar36 4He 32S 1.6637e+06 2.3104e+08 5.8580e-02 7.2006e-03
gnu:   2.2828e-08 30 he4+s32-->ar36 4He 32S 1.6637e+06 2.3105e+08 5.8581e-02 7.2006e-03
gnu:   2.2847e-08 30 he4+s32-->ar36 4He 32S 1.6637e+06 2.3105e+08 5.8582e-02 7.2006e-03
gnu:   2.2867e-08 30 he4+s32-->ar36 4He 32S 1.6637e+06 2.3106e+08 5.8583e-02 7.2006e-03
gnu:   2.2887e-08 30 he4+s32-->ar36 4He 32S 1.6638e+06 2.3106e+08 5.8584e-02 7.2006e-03
gnu:   2.2906e-08 30 he4+s32-->ar36 4He 32S 1.6638e+06 2.3106e+08 5.8585e-02 7.2006e-03
gnu:   2.2925e-08 30 he4+s32-->ar36 4He 32S 1.6638e+06 2.3107e+08 5.8586e-02 7.2005e-03
gnu:   2.2944e-08 30 he4+s32-->ar36 4He 32S 1.6638e+06 2.3107e+08 5.8587e-02 7.2005e-03
gnu:   2.2963e-08 30 he4+s32-->ar36 4He 32S 1.6639e+06 2.3108e+08 5.8588e-02 7.2005e-03
gnu:   2.2981e-08 30 he4+s32-->ar36 4He 32S 1.6639e+06 2.3108e+08 5.8589e-02 7.2005e-03
gnu:   2.2999e-08 30 he4+s32-->ar36 4He 32S 1.6639e+06 2.3109e+08 5.8590e-02 7.2005e-03
gnu:   2.3018e-08 30 he4+s32-->ar36 4He 32S 1.6639e+06 2.3109e+08 5.8591e-02 7.2005e-03
gnu:   2.3043e-08 30 he4+s32-->ar36 4He 32S 1.6640e+06 2.3109e+08 5.8593e-02 7.2004e-03
gnu:   2.3069e-08 30 he4+s32-->ar36 4He 32S 1.6640e+06 2.3110e+08 5.8594e-02 7.2004e-03
gnu:   2.3094e-08 30 he4+s32-->ar36 4He 32S 1.6641e+06 2.3111e+08 5.8595e-02 7.2004e-03
gnu:   2.3119e-08 30 he4+s32-->ar36 4He 32S 1.6641e+06 2.3111e+08 5.8597e-02 7.2004e-03
gnu:   2.3143e-08 30 he4+s32-->ar36 4He 32S 1.6641e+06 2.3112e+08 5.8598e-02 7.2004e-03
gnu:   2.3168e-08 30 he4+s32-->ar36 4He 32S 1.6642e+06 2.3112e+08 5.8600e-02 7.2003e-03
gnu:   2.3192e-08 30 he4+s32-->ar36 4He 32S 1.6642e+06 2.3113e+08 5.8601e-02 7.2003e-03
gnu:   2.3216e-08 30 he4+s32-->ar36 4He 32S 1.6642e+06 2.3113e+08 5.8602e-02 7.2003e-03
gnu:   2.3239e-08 30 he4+s32-->ar36 4He 32S 1.6643e+06 2.3114e+08 5.8603e-02 7.2003e-03
gnu:   2.3263e-08 30 he4+s32-->ar36 4He 32S 1.6643e+06 2.3114e+08 5.8605e-02 7.2003e-03
gnu:   2.3286e-08 30 he4+s32-->ar36 4He 32S 1.6643e+06 2.3115e+08 5.8606e-02 7.2002e-03
gnu:   2.3309e-08 30 he4+s32-->ar36 4He 32S 1.6643e+06 2.3115e+08 5.8607e-02 7.2002e-03
gnu:   2.3332e-08 30 he4+s32-->ar36 4He 32S 1.6644e+06 2.3116e+08 5.8609e-02 7.2002e-03
gnu:   2.3354e-08 30 he4+s32-->ar36 4He 32S 1.6644e+06 2.3116e+08 5.8610e-02 7.2002e-03
gnu:   2.3376e-08 30 he4+s32-->ar36 4He 32S 1.6644e+06 2.3117e+08 5.8611e-02 7.2002e-03
gnu:   2.3399e-08 30 he4+s32-->ar36 4He 32S 1.6645e+06 2.3117e+08 5.8612e-02 7.2001e-03
gnu:   2.3420e-08 30 he4+s32-->ar36 4He 32S 1.6645e+06 2.3118e+08 5.8614e-02 7.2001e-03
gnu:   2.3442e-08 30 he4+s32-->ar36 4He 32S 1.6645e+06 2.3118e+08 5.8615e-02 7.2001e-03
gnu:   2.3463e-08 30 he4+s32-->ar36 4He 32S 1.6646e+06 2.3119e+08 5.8616e-02 7.2001e-03
gnu:   2.3485e-08 30 he4+s32-->ar36 4He 32S 1.6646e+06 2.3119e+08 5.8617e-02 7.2001e-03
gnu:   2.3505e-08 30 he4+s32-->ar36 4He 32S 1.6646e+06 2.3120e+08 5.8618e-02 7.2000e-03
gnu:   2.3526e-08 30 he4+s32-->ar36 4He 32S 1.6646e+06 2.3120e+08 5.8619e-02 7.2000e-03
gnu:   2.3547e-08 30 he4+s32-->ar36 4He 32S 1.6647e+06 2.3120e+08 5.8620e-02 7.2000e-03
gnu:   2.3567e-08 30 he4+s32-->ar36 4He 32S 1.6647e+06 2.3121e+08 5.8622e-02 7.2000e-03
gnu:   2.3587e-08 30 he4+s32-->ar36 4He 32S 1.6647e+06 2.3121e+08 5.8623e-02 7.2000e-03
gnu:   2.3607e-08 30 he4+s32-->ar36 4He 32S 1.6648e+06 2.3122e+08 5.8624e-02 7.1999e-03
gnu:   2.3627e-08 30 he4+s32-->ar36 4He 32S 1.6648e+06 2.3122e+08 5.8625e-02 7.1999e-03
gnu:   2.3646e-08 30 he4+s32-->ar36 4He 32S 1.6648e+06 2.3123e+08 5.8626e-02 7.1999e-03
gnu:   2.3666e-08 30 he4+s32-->ar36 4He 32S 1.6648e+06 2.3123e+08 5.8627e-02 7.1999e-03
gnu:   2.3685e-08 30 he4+s32-->ar36 4He 32S 1.6649e+06 2.3123e+08 5.8628e-02 7.1999e-03
gnu:   2.3704e-08 30 he4+s32-->ar36 4He 32S 1.6649e+06 2.3124e+08 5.8629e-02 7.1998e-03
gnu:   2.3723e-08 30 he4+s32-->ar36 4He 32S 1.6649e+06 2.3124e+08 5.8630e-02 7.1998e-03
gnu:   2.3741e-08 30 he4+s32-->ar36 4He 32S 1.6649e+06 2.3125e+08 5.8631e-02 7.1998e-03
gnu:   2.3760e-08 30 he4+s32-->ar36 4He 32S 1.6650e+06 2.3125e+08 5.8632e-02 7.1998e-03
gnu:   2.3778e-08 30 he4+s32-->ar36 4He 32S 1.6650e+06 2.3125e+08 5.8633e-02 7.1998e-03
gnu:   2.3796e-08 30 he4+s32-->ar36 4He 32S 1.6650e+06 2.3126e+08 5.8634e-02 7.1998e-03
gnu:   2.3821e-08 30 he4+s32-->ar36 4He 32S 1.6650e+06 2.3126e+08 5.8636e-02 7.1997e-03
gnu:   2.3846e-08 30 he4+s32-->ar36 4He 32S 1.6651e+06 2.3127e+08 5.8637e-02 7.1997e-03
gnu:   2.3871e-08 30 he4+s32-->ar36 4He 32S 1.6651e+06 2.3128e+08 5.8638e-02 7.1997e-03
gnu:   2.3896e-08 30 he4+s32-->ar36 4He 32S 1.6651e+06 2.3128e+08 5.8640e-02 7.1997e-03
gnu:   2.3921e-08 30 he4+s32-->ar36 4He 32S 1.6652e+06 2.3129e+08 5.8641e-02 7.1996e-03
gnu:   2.3945e-08 30 he4+s32-->ar36 4He 32S 1.6652e+06 2.3129e+08 5.8642e-02 7.1996e-03
gnu:   2.3969e-08 30 he4+s32-->ar36 4He 32S 1.6652e+06 2.3130e+08 5.8644e-02 7.1996e-03
gnu:   2.3993e-08 30 he4+s32-->ar36 4He 32S 1.6653e+06 2.3130e+08 5.8645e-02 7.1996e-03
gnu:   2.4016e-08 30 he4+s32-->ar36 4He 32S 1.6653e+06 2.3131e+08 5.8646e-02 7.1995e-03
gnu:   2.4039e-08 30 he4+s32-->ar36 4He 32S 1.6653e+06 2.3131e+08 5.8648e-02 7.1995e-03
gnu:   2.4062e-08 30 he4+s32-->ar36 4He 32S 1.6654e+06 2.3132e+08 5.8649e-02 7.1995e-03
gnu:   2.4085e-08 30 he4+s32-->ar36 4He 32S 1.6654e+06 2.3132e+08 5.8650e-02 7.1995e-03
gnu:   2.4108e-08 30 he4+s32-->ar36 4He 32S 1.6654e+06 2.3133e+08 5.8651e-02 7.1994e-03
gnu:   2.4130e-08 30 he4+s32-->ar36 4He 32S 1.6655e+06 2.3133e+08 5.8653e-02 7.1994e-03
gnu:   2.4152e-08 30 he4+s32-->ar36 4He 32S 1.6655e+06 2.3134e+08 5.8654e-02 7.1994e-03
gnu:   2.4174e-08 30 he4+s32-->ar36 4He 32S 1.6655e+06 2.3134e+08 5.8655e-02 7.1994e-03
gnu:   2.4196e-08 30 he4+s32-->ar36 4He 32S 1.6655e+06 2.3135e+08 5.8656e-02 7.1993e-03
gnu:   2.4217e-08 30 he4+s32-->ar36 4He 32S 1.6656e+06 2.3135e+08 5.8658e-02 7.1993e-03
gnu:   2.4238e-08 30 he4+s32-->ar36 4He 32S 1.6656e+06 2.3136e+08 5.8659e-02 7.1993e-03
gnu:   2.4259e-08 30 he4+s32-->ar36 4He 32S 1.6656e+06 2.3136e+08 5.8660e-02 7.1993e-03
gnu:   2.4280e-08 30 he4+s32-->ar36 4He 32S 1.6657e+06 2.3136e+08 5.8661e-02 7.1993e-03
gnu:   2.4301e-08 30 he4+s32-->ar36 4He 32S 1.6657e+06 2.3137e+08 5.8662e-02 7.1992e-03
gnu:   2.4321e-08 30 he4+s32-->ar36 4He 32S 1.6657e+06 2.3137e+08 5.8663e-02 7.1992e-03
gnu:   2.4341e-08 30 he4+s32-->ar36 4He 32S 1.6657e+06 2.3138e+08 5.8664e-02 7.1992e-03
gnu:   2.4361e-08 30 he4+s32-->ar36 4He 32S 1.6658e+06 2.3138e+08 5.8666e-02 7.1992e-03
gnu:   2.4381e-08 30 he4+s32-->ar36 4He 32S 1.6658e+06 2.3139e+08 5.8667e-02 7.1991e-03
gnu:   2.4401e-08 30 he4+s32-->ar36 4He 32S 1.6658e+06 2.3139e+08 5.8668e-02 7.1991e-03
gnu:   2.4420e-08 30 he4+s32-->ar36 4He 32S 1.6658e+06 2.3140e+08 5.8669e-02 7.1991e-03
gnu:   2.4439e-08 30 he4+s32-->ar36 4He 32S 1.6659e+06 2.3140e+08 5.8670e-02 7.1991e-03
gnu:   2.4458e-08 30 he4+s32-->ar36 4He 32S 1.6659e+06 2.3140e+08 5.8671e-02 7.1991e-03
gnu:   2.4477e-08 30 he4+s32-->ar36 4He 32S 1.6659e+06 2.3141e+08 5.8672e-02 7.1990e-03
gnu:   2.4496e-08 30 he4+s32-->ar36 4He 32S 1.6659e+06 2.3141e+08 5.8673e-02 7.1990e-03
gnu:   2.4514e-08 30 he4+s32-->ar36 4He 32S 1.6660e+06 2.3142e+08 5.8674e-02 7.1990e-03
gnu:   2.4533e-08 30 he4+s32-->ar36 4He 32S 1.6660e+06 2.3142e+08 5.8675e-02 7.1990e-03
gnu:   2.4558e-08 30 he4+s32-->ar36 4He 32S 1.6660e+06 2.3143e+08 5.8676e-02 7.1989e-03
gnu:   2.4584e-08 30 he4+s32-->ar36 4He 32S 1.6661e+06 2.3143e+08 5.8678e-02 7.1989e-03
gnu:   2.4609e-08 30 he4+s32-->ar36 4He 32S 1.6661e+06 2.3144e+08 5.8679e-02 7.1989e-03
gnu:   2.4634e-08 30 he4+s32-->ar36 4He 32S 1.6661e+06 2.3144e+08 5.8681e-02 7.1989e-03
gnu:   2.4659e-08 30 he4+s32-->ar36 4He 32S 1.6661e+06 2.3145e+08 5.8682e-02 7.1988e-03
gnu:   2.4684e-08 30 he4+s32-->ar36 4He 32S 1.6662e+06 2.3145e+08 5.8683e-02 7.1988e-03
gnu:   2.4708e-08 30 he4+s32-->ar36 4He 32S 1.6662e+06 2.3146e+08 5.8685e-02 7.1988e-03
gnu:   2.4732e-08 30 he4+s32-->ar36 4He 32S 1.6662e+06 2.3146e+08 5.8686e-02 7.1988e-03
gnu:   2.4756e-08 30 he4+s32-->ar36 4He 32S 1.6663e+06 2.3147e+08 5.8687e-02 7.1987e-03
gnu:   2.4779e-08 30 he4+s32-->ar36 4He 32S 1.6663e+06 2.3147e+08 5.8689e-02 7.1987e-03
gnu:   2.4803e-08 30 he4+s32-->ar36 4He 32S 1.6663e+06 2.3148e+08 5.8690e-02 7.1987e-03
gnu:   2.4826e-08 30 he4+s32-->ar36 4He 32S 1.6664e+06 2.3148e+08 5.8691e-02 7.1986e-03
gnu:   2.4849e-08 30 he4+s32-->ar36 4He 32S 1.6664e+06 2.3149e+08 5.8693e-02 7.1986e-03
gnu:   2.4871e-08 30 he4+s32-->ar36 4He 32S 1.6664e+06 2.3149e+08 5.8694e-02 7.1986e-03
gnu:   2.4894e-08 30 he4+s32-->ar36 4He 32S 1.6665e+06 2.3150e+08 5.8695e-02 7.1986e-03
gnu:   2.4916e-08 30 he4+s32-->ar36 4He 32S 1.6665e+06 2.3150e+08 5.8696e-02 7.1985e-03
gnu:   2.4938e-08 30 he4+s32-->ar36 4He 32S 1.6665e+06 2.3151e+08 5.8697e-02 7.1985e-03
gnu:   2.4960e-08 30 he4+s32-->ar36 4He 32S 1.6665e+06 2.3151e+08 5.8699e-02 7.1985e-03
gnu:   2.4981e-08 30 he4+s32-->ar36 4He 32S 1.6666e+06 2.3152e+08 5.8700e-02 7.1985e-03
