#   Steps t_saved      t         dt    Mode it  diffX      Y0[6]      Y[6]
gnu: 292 7.1395e-09 7.1395e-09 4.9362e-10 0 0 1.9512e-04 6.8131e-03 6.8537e-03
gnu: 292 7.1395e-09 7.1395e-09 2.4681e-10 1 0 4.8601e-05 6.8131e-03 6.8411e-03
gnu: 292 7.1395e-09 7.3863e-09 2.4681e-10 2 0 9.0675e-05 6.8411e-03 6.8934e-03

gnu: 293 7.6332e-09 7.6332e-09 7.6332e-10 0 0 3.7019e-04 6.8934e-03 6.9364e-03
gnu: 293 7.6332e-09 7.6332e-09 3.8166e-10 1 0 5.2909e-04 6.8934e-03 6.9253e-03
gnu: 293 7.6332e-09 8.0148e-09 3.8166e-10 2 0 9.3923e-05 6.9253e-03 7.0053e-03

gnu: 294 8.3965e-09 8.3965e-09 7.2618e-10 0 0 4.1694e-04 7.0053e-03 7.0311e-03
gnu: 294 8.3965e-09 8.3965e-09 3.6309e-10 1 0 4.7412e-04 7.0053e-03 7.0243e-03
gnu: 294 8.3965e-09 8.7596e-09 3.6309e-10 2 0 3.0663e-04 7.0243e-03 7.0823e-03

gnu: 295 9.1226e-09 9.1226e-09 9.1226e-10 0 0 6.6049e-04 7.0823e-03 7.1058e-03
gnu: 295 9.1226e-09 9.1226e-09 4.5613e-10 1 0 9.8144e-04 7.0823e-03 7.1003e-03
gnu: 295 9.1226e-09 9.5788e-09 4.5613e-10 2 0 2.0737e-04 7.1003e-03 7.1275e-03
gnu: 296 9.1226e-09 1.0035e-08 1.0035e-09 2 0 5.0423e-04 7.1275e-03 7.0320e-03

gnu: 296 1.0035e-08 1.0035e-08 1.0035e-09 0 0 5.0423e-04 7.0320e-03 6.9462e-03
gnu: 296 1.0035e-08 1.0035e-08 7.0244e-10 0 0 2.3212e-03 7.0320e-03 6.9719e-03
gnu: 296 1.0035e-08 1.0035e-08 3.5122e-10 1 1 1.5382e-03 7.0320e-03 7.0020e-03
gnu: 296 1.0035e-08 1.0386e-08 3.5122e-10 2 1 6.6810e-04 7.0020e-03 6.9748e-03
gnu: 297 1.0035e-08 1.0737e-08 9.2958e-10 2 1 8.5814e-04 6.9748e-03 6.9689e-03

gnu: 297 1.0737e-08 1.0737e-08 9.2958e-10 0 1 8.5814e-04 6.9689e-03 6.9041e-03
gnu: 297 1.0737e-08 1.0737e-08 4.6479e-10 1 1 1.1857e-03 6.9689e-03 6.9365e-03
gnu: 297 1.0737e-08 1.1202e-08 4.6479e-10 2 1 5.1192e-04 6.9365e-03 6.9066e-03
gnu: 298 1.0737e-08 1.1667e-08 1.1667e-09 2 1 9.3040e-04 6.9066e-03 6.9002e-03
gnu: 298 1.1667e-08 1.1667e-08 1.1667e-09 0 1 9.3040e-04 6.9002e-03 6.8319e-03
gnu: 298 1.1667e-08 1.1667e-08 5.8335e-10 1 1 1.6286e-03 6.9002e-03 6.8661e-03
gnu: 298 1.1667e-08 1.2250e-08 5.8335e-10 2 1 7.2329e-04 6.8661e-03 6.8339e-03
gnu: 299 1.1667e-08 1.2834e-08 1.2834e-09 2 1 1.2328e-03 6.8339e-03 6.8254e-03
gnu: 299 1.2834e-08 1.2834e-08 1.2834e-09 0 1 1.2328e-03 6.8254e-03 6.7617e-03
gnu: 299 1.2834e-08 1.2834e-08 6.4168e-10 1 1 1.7124e-03 6.8254e-03 6.7936e-03
gnu: 299 1.2834e-08 1.3475e-08 6.4168e-10 2 1 7.6324e-04 6.7936e-03 6.7634e-03
gnu: 300 1.2834e-08 1.4117e-08 1.4117e-09 2 1 1.2124e-03 6.7634e-03 6.7552e-03
gnu: 300 1.4117e-08 1.4117e-08 1.4117e-09 0 1 1.2124e-03 6.7552e-03 6.6952e-03
gnu: 300 1.4117e-08 1.4117e-08 7.0585e-10 1 1 1.5525e-03 6.7552e-03 6.7252e-03
gnu: 300 1.4117e-08 1.4823e-08 7.0585e-10 2 1 6.9029e-04 6.7252e-03 6.6968e-03
gnu: 301 1.4117e-08 1.5529e-08 1.5529e-09 2 1 1.0731e-03 6.6968e-03 6.6896e-03
gnu: 301 1.5529e-08 1.5529e-08 1.5529e-09 0 1 1.0731e-03 6.6896e-03 6.6331e-03
gnu: 301 1.5529e-08 1.5529e-08 7.7643e-10 1 1 1.3657e-03 6.6896e-03 6.6613e-03
gnu: 301 1.5529e-08 1.6305e-08 7.7643e-10 2 1 6.0793e-04 6.6613e-03 6.6347e-03
gnu: 302 1.5529e-08 1.7082e-08 1.7082e-09 2 1 9.2061e-04 6.6347e-03 6.6286e-03
gnu: 302 1.7082e-08 1.7082e-08 1.7082e-09 0 1 9.2061e-04 6.6286e-03 6.5756e-03
gnu: 302 1.7082e-08 1.7082e-08 8.5408e-10 1 1 1.1715e-03 6.6286e-03 6.6021e-03
gnu: 302 1.7082e-08 1.7936e-08 8.5408e-10 2 1 5.2171e-04 6.6021e-03 6.5773e-03
gnu: 303 1.7082e-08 1.8790e-08 1.8790e-09 2 1 7.6794e-04 6.5773e-03 6.5722e-03
gnu: 303 1.8790e-08 1.8790e-08 1.8790e-09 0 1 7.6794e-04 6.5722e-03 6.5229e-03
gnu: 303 1.8790e-08 1.8790e-08 9.3949e-10 1 1 9.8111e-04 6.5722e-03 6.5476e-03
gnu: 303 1.8790e-08 1.9729e-08 9.3949e-10 2 1 4.3683e-04 6.5476e-03 6.5246e-03
gnu: 304 1.8790e-08 2.0669e-08 2.0669e-09 2 1 6.2181e-04 6.5246e-03 6.5206e-03
gnu: 305 2.0669e-08 2.2736e-08 2.2736e-09 2 1 4.5568e-04 6.5206e-03 6.5176e-03
gnu: 306 2.2736e-08 2.5009e-08 2.5009e-09 2 1 5.3387e-04 6.5176e-03 6.5141e-03
