#  Steps    t     Y0[0] Y0[5] Y0[6] Y[0]   Y[5]  Y[6]   F+[0]  F+[5]   F+[6]   F-[0]   F-[5]   F-[6]  keff[0] keff[5]keff[6]   flux28   flux29  flux30     flux31
gnu: 351 6.022E-9 0.056 0.014 0.007 0.056 0.014 0.007 2.018E7 1.585E7 1.641E7 1.953E7 1.557E7 1.614E7 3.471E8 1.088E9 2.464E9 1.518E7 1.469E7 1452892.703 1232905.231
gnu: 351 6.022E-9 0.056 0.014 0.007 0.056 0.014 0.007 2.018E7 1.585E7 1.641E7 1.953E7 1.557E7 1.614E7 3.471E8 1.088E9 2.464E9 1.518E7 1.469E7 1452892.703 1232905.231
gnu: 351 6.022E-9 0.056 0.014 0.007 0.056 0.014 0.007 2.018E7 1.585E7 1.641E7 1.953E7 1.557E7 1.614E7 3.471E8 1.088E9 2.464E9 1.518E7 1.469E7 1452892.703 1232905.231
gnu: 352 6.026E-9 0.056 0.014 0.007 0.056 0.014 0.007 2.017E7 1.585E7 1.641E7 1.952E7 1.558E7 1.614E7 3.471E8 1.088E9 2.464E9 1.518E7 1.469E7 1453197.886 1233375.906
gnu: 352 6.026E-9 0.056 0.014 0.007 0.056 0.014 0.007 2.017E7 1.585E7 1.641E7 1.952E7 1.558E7 1.614E7 3.471E8 1.088E9 2.464E9 1.518E7 1.469E7 1453197.886 1233375.906
gnu: 353 6.309E-9 0.056 0.014 0.007 0.057 0.014 0.007 2.012E7 1.596E7 1.658E7 1.953E7 1.571E7 1.634E7 3.460E8 1.091E9 2.465E9 1.531E7 1.486E7 1474753.569 1266597.842
gnu: 353 6.309E-9 0.056 0.014 0.007 0.057 0.014 0.007 2.012E7 1.596E7 1.658E7 1.953E7 1.571E7 1.634E7 3.460E8 1.091E9 2.465E9 1.531E7 1.486E7 1474753.569 1266597.842
gnu: 353 6.309E-9 0.056 0.014 0.007 0.056 0.014 0.007 2.012E7 1.596E7 1.658E7 1.953E7 1.571E7 1.634E7 3.460E8 1.091E9 2.465E9 1.531E7 1.486E7 1474753.569 1266597.842
gnu: 354 6.310E-9 0.056 0.014 0.007 0.057 0.014 0.007 2.012E7 1.596E7 1.658E7 1.953E7 1.571E7 1.634E7 3.460E8 1.091E9 2.465E9 1.531E7 1.486E7 1474789.524 1266653.700
gnu: 354 6.310E-9 0.056 0.014 0.007 0.057 0.014 0.007 2.012E7 1.596E7 1.658E7 1.953E7 1.571E7 1.634E7 3.460E8 1.091E9 2.465E9 1.531E7 1.486E7 1474789.524 1266653.700
gnu: 354 6.310E-9 0.056 0.014 0.007 0.057 0.014 0.007 2.012E7 1.596E7 1.658E7 1.953E7 1.571E7 1.634E7 3.460E8 1.091E9 2.465E9 1.531E7 1.486E7 1474789.524 1266653.700
gnu: 355 6.607E-9 0.057 0.014 0.007 0.057 0.015 0.007 2.007E7 1.605E7 1.673E7 1.953E7 1.584E7 1.652E7 3.450E8 1.094E9 2.466E9 1.544E7 1.502E7 1495368.701 1298554.842
gnu: 355 6.607E-9 0.057 0.014 0.007 0.057 0.015 0.007 2.007E7 1.605E7 1.673E7 1.953E7 1.584E7 1.652E7 3.450E8 1.094E9 2.466E9 1.544E7 1.502E7 1495368.701 1298554.842
gnu: 356 6.917E-9 0.057 0.015 0.007 0.057 0.015 0.007 2.005E7 1.615E7 1.688E7 1.954E7 1.596E7 1.669E7 3.441E8 1.098E9 2.467E9 1.555E7 1.517E7 1514860.100 1328871.860
gnu: 356 6.917E-9 0.057 0.015 0.007 0.057 0.015 0.007 2.005E7 1.615E7 1.688E7 1.954E7 1.596E7 1.669E7 3.441E8 1.098E9 2.467E9 1.555E7 1.517E7 1514860.100 1328871.860
gnu: 356 6.917E-9 0.057 0.015 0.007 0.057 0.015 0.007 2.005E7 1.615E7 1.688E7 1.954E7 1.596E7 1.669E7 3.441E8 1.098E9 2.467E9 1.555E7 1.517E7 1514860.100 1328871.860
gnu: 357 6.918E-9 0.057 0.015 0.007 0.057 0.015 0.007 2.004E7 1.615E7 1.688E7 1.954E7 1.596E7 1.669E7 3.441E8 1.098E9 2.467E9 1.555E7 1.517E7 1514953.480 1329017.399
gnu: 357 6.918E-9 0.057 0.015 0.007 0.057 0.015 0.007 2.004E7 1.615E7 1.688E7 1.954E7 1.596E7 1.669E7 3.441E8 1.098E9 2.467E9 1.555E7 1.517E7 1514953.480 1329017.399
gnu: 357 6.918E-9 0.057 0.015 0.007 0.057 0.015 0.007 2.004E7 1.615E7 1.688E7 1.954E7 1.596E7 1.669E7 3.441E8 1.098E9 2.467E9 1.555E7 1.517E7 1514953.480 1329017.399
gnu: 358 7.244E-9 0.057 0.015 0.007 0.057 0.015 0.007 1.999E7 1.624E7 1.702E7 1.954E7 1.607E7 1.685E7 3.431E8 1.101E9 2.467E9 1.567E7 1.532E7 1533601.132 1358042.441
gnu: 358 7.244E-9 0.057 0.015 0.007 0.057 0.015 0.007 1.999E7 1.624E7 1.702E7 1.954E7 1.607E7 1.685E7 3.431E8 1.101E9 2.467E9 1.567E7 1.532E7 1533601.132 1358042.441
gnu: 359 7.583E-9 0.057 0.015 0.007 0.057 0.015 0.007 1.997E7 1.632E7 1.715E7 1.954E7 1.618E7 1.700E7 3.422E8 1.104E9 2.468E9 1.577E7 1.545E7 1551049.920 1385358.779
gnu: 359 7.583E-9 0.057 0.015 0.007 0.057 0.015 0.007 1.997E7 1.632E7 1.715E7 1.954E7 1.618E7 1.700E7 3.422E8 1.104E9 2.468E9 1.577E7 1.545E7 1551049.920 1385358.779
gnu: 359 7.583E-9 0.057 0.015 0.007 0.057 0.015 0.007 1.997E7 1.632E7 1.715E7 1.954E7 1.618E7 1.700E7 3.422E8 1.104E9 2.468E9 1.577E7 1.545E7 1551049.920 1385358.779
gnu: 360 7.586E-9 0.057 0.015 0.007 0.057 0.015 0.007 1.996E7 1.632E7 1.716E7 1.954E7 1.618E7 1.700E7 3.422E8 1.104E9 2.468E9 1.577E7 1.545E7 1551187.462 1385574.537
gnu: 360 7.586E-9 0.057 0.015 0.007 0.057 0.015 0.007 1.996E7 1.632E7 1.716E7 1.954E7 1.618E7 1.700E7 3.422E8 1.104E9 2.468E9 1.577E7 1.545E7 1551187.462 1385574.537
gnu: 360 7.586E-9 0.057 0.015 0.007 0.057 0.015 0.007 1.996E7 1.632E7 1.716E7 1.954E7 1.618E7 1.700E7 3.422E8 1.104E9 2.468E9 1.577E7 1.545E7 1551187.462 1385574.537
gnu: 361 7.943E-9 0.057 0.015 0.007 0.057 0.015 0.007 4348231.984 830411.633 1411668.095 3674823.012 409166.483 1567824.467 6.419E7 2.782E7 2.258E8 1.587E7 1.557E7 1567824.467 1411668.095
gnu: 361 7.943E-9 0.057 0.015 0.007 0.058 0.015 0.007 4348231.984 830411.633 1411668.095 3674823.012 409166.483 1567824.467 6.419E7 2.782E7 2.258E8 1.587E7 1.557E7 1567824.467 1411668.095
gnu: 362 8.313E-9 0.057 0.014 0.007 0.057 0.015 0.007 4144472.997 767094.139 1417214.672 3505563.100 403049.457 1556521.213 6.197E7 2.782E7 2.231E8 1.544E7 1.565E7 1556521.213 1417214.672
gnu: 362 8.313E-9 0.057 0.014 0.007 0.057 0.015 0.007 4144472.997 767094.139 1417214.672 3505563.100 403049.457 1556521.213 6.197E7 2.782E7 2.231E8 1.544E7 1.565E7 1556521.213 1417214.672
gnu: 362 8.313E-9 0.057 0.014 0.007 0.057 0.014 0.007 4144472.997 767094.139 1417214.672 3505563.100 403049.457 1556521.213 6.197E7 2.782E7 2.231E8 1.544E7 1.565E7 1556521.213 1417214.672
gnu: 363 8.318E-9 0.057 0.015 0.007 0.057 0.015 0.007 4138252.487 767475.220 1417462.825 3493834.148 404654.057 1545486.613 6.170E7 2.782E7 2.233E8 1.552E7 1.552E7 1545486.613 1417462.825
gnu: 363 8.318E-9 0.057 0.015 0.007 0.057 0.015 0.007 4138252.487 767475.220 1417462.825 3493834.148 404654.057 1545486.613 6.170E7 2.782E7 2.233E8 1.552E7 1.552E7 1545486.613 1417462.825
gnu: 363 8.318E-9 0.057 0.015 0.007 0.057 0.015 0.007 4138252.487 767475.220 1417462.825 3493834.148 404654.057 1545486.613 6.170E7 2.782E7 2.233E8 1.552E7 1.552E7 1545486.613 1417462.825
gnu: 364 8.710E-9 0.057 0.015 0.007 0.057 0.015 0.007 3990820.092 734474.936 1434641.081 3411361.120 405789.071 1557677.515 6.011E7 2.782E7 2.238E8 1.560E7 1.561E7 1557677.515 1434641.081
gnu: 364 8.710E-9 0.057 0.015 0.007 0.057 0.015 0.007 3990820.092 734474.936 1434641.081 3411361.120 405789.071 1557677.515 6.011E7 2.782E7 2.238E8 1.560E7 1.561E7 1557677.515 1434641.081
gnu: 365 9.114E-9 0.057 0.015 0.007 0.057 0.015 0.007 3866998.926 700643.600 1451440.491 3335146.159 406919.351 1568635.325 5.864E7 2.782E7 2.243E8 1.568E7 1.568E7 1568635.325 1451440.491
gnu: 365 9.114E-9 0.057 0.015 0.007 0.057 0.015 0.007 3866998.926 700643.600 1451440.491 3335146.159 406919.351 1568635.325 5.864E7 2.782E7 2.243E8 1.568E7 1.568E7 1568635.325 1451440.491
gnu: 365 9.114E-9 0.057 0.015 0.007 0.057 0.015 0.007 3866998.926 700643.600 1451440.491 3335146.159 406919.351 1568635.325 5.864E7 2.782E7 2.243E8 1.568E7 1.568E7 1568635.325 1451440.491
gnu: 366 9.120E-9 0.057 0.015 0.007 0.057 0.015 0.007 3858417.866 700247.463 1451690.740 3332003.189 406985.408 1568460.357 5.858E7 2.782E7 2.243E8 1.568E7 1.568E7 1568460.357 1451690.740
gnu: 366 9.120E-9 0.057 0.015 0.007 0.057 0.015 0.007 3858417.866 700247.463 1451690.740 3332003.189 406985.408 1568460.357 5.858E7 2.782E7 2.243E8 1.568E7 1.568E7 1568460.357 1451690.740
gnu: 367 9.549E-9 0.057 0.015 0.007 0.057 0.015 0.007 3735523.625 669833.018 1467842.965 3258884.713 407903.569 1579014.536 5.718E7 2.782E7 2.248E8 1.575E7 1.575E7 1579014.536 1467842.965
gnu: 367 9.549E-9 0.057 0.015 0.007 0.057 0.015 0.007 3735523.625 669833.018 1467842.965 3258884.713 407903.569 1579014.536 5.718E7 2.782E7 2.248E8 1.575E7 1.575E7 1579014.536 1467842.965
gnu: 367 9.549E-9 0.057 0.015 0.007 0.057 0.015 0.007 3735523.625 669833.018 1467842.965 3258884.713 407903.569 1579014.536 5.718E7 2.782E7 2.248E8 1.575E7 1.575E7 1579014.536 1467842.965
gnu: 368 9.550E-9 0.057 0.015 0.007 0.057 0.015 0.007 3734387.403 669789.673 1467881.238 3258151.203 407960.376 1578654.415 5.716E7 2.782E7 2.248E8 1.575E7 1.575E7 1578654.415 1467881.238
gnu: 368 9.550E-9 0.057 0.015 0.007 0.057 0.015 0.007 3734387.403 669789.673 1467881.238 3258151.203 407960.376 1578654.415 5.716E7 2.782E7 2.248E8 1.575E7 1.575E7 1578654.415 1467881.238
gnu: 368 9.550E-9 0.057 0.015 0.007 0.057 0.015 0.007 3734387.403 669789.673 1467881.238 3258151.203 407960.376 1578654.415 5.716E7 2.782E7 2.248E8 1.575E7 1.575E7 1578654.415 1467881.238
gnu: 369 10.000E-9 0.057 0.015 0.007 0.057 0.015 0.007 3621090.222 641848.362 1483300.660 3190438.575 408758.308 1588367.093 5.587E7 2.782E7 2.252E8 1.581E7 1.582E7 1588367.093 1483300.660
gnu: 369 10.000E-9 0.057 0.015 0.007 0.057 0.015 0.007 3621090.222 641848.362 1483300.660 3190438.575 408758.308 1588367.093 5.587E7 2.782E7 2.252E8 1.581E7 1.582E7 1588367.093 1483300.660
gnu: 370 1.047E-8 0.057 0.015 0.007 0.057 0.015 0.007 3521214.128 638919.191 1497507.193 3149898.311 409370.892 1595919.884 5.508E7 2.782E7 2.255E8 1.586E7 1.587E7 1595919.884 1497507.193
gnu: 370 1.047E-8 0.057 0.015 0.007 0.057 0.015 0.007 3521214.128 638919.191 1497507.193 3149898.311 409370.892 1595919.884 5.508E7 2.782E7 2.255E8 1.586E7 1.587E7 1595919.884 1497507.193
gnu: 370 1.047E-8 0.057 0.015 0.007 0.057 0.015 0.007 3521214.128 638919.191 1497507.193 3149898.311 409370.892 1595919.884 5.508E7 2.782E7 2.255E8 1.586E7 1.587E7 1595919.884 1497507.193
gnu: 371 1.047E-8 0.057 0.015 0.007 0.057 0.015 0.007 3518434.416 638685.924 1497586.879 3148286.067 409460.727 1595374.584 5.505E7 2.782E7 2.256E8 1.586E7 1.586E7 1595374.584 1497586.879
gnu: 371 1.047E-8 0.057 0.015 0.007 0.057 0.015 0.007 3518434.416 638685.924 1497586.879 3148286.067 409460.727 1595374.584 5.505E7 2.782E7 2.256E8 1.586E7 1.586E7 1595374.584 1497586.879
gnu: 371 1.047E-8 0.057 0.015 0.007 0.057 0.015 0.007 3518434.416 638685.924 1497586.879 3148286.067 409460.727 1595374.584 5.505E7 2.782E7 2.256E8 1.586E7 1.586E7 1595374.584 1497586.879
gnu: 372 1.096E-8 0.057 0.015 0.007 0.057 0.015 0.007 3419755.221 595697.716 1510811.289 3069936.153 410244.474 1603532.518 5.360E7 2.782E7 2.259E8 1.591E7 1.592E7 1603532.518 1510811.289
gnu: 372 1.096E-8 0.057 0.015 0.007 0.057 0.015 0.007 3419755.221 595697.716 1510811.289 3069936.153 410244.474 1603532.518 5.360E7 2.782E7 2.259E8 1.591E7 1.592E7 1603532.518 1510811.289
gnu: 373 1.148E-8 0.057 0.015 0.007 0.057 0.015 0.007 3334803.555 591494.101 1523058.989 3033135.172 410686.913 1609637.099 5.289E7 2.782E7 2.261E8 1.595E7 1.596E7 1609637.099 1523058.989
gnu: 373 1.148E-8 0.057 0.015 0.007 0.058 0.015 0.007 3334803.555 591494.101 1523058.989 3033135.172 410686.913 1609637.099 5.289E7 2.782E7 2.261E8 1.595E7 1.596E7 1609637.099 1523058.989
gnu: 373 1.148E-8 0.057 0.015 0.007 0.057 0.015 0.007 3334803.555 591494.101 1523058.989 3033135.172 410686.913 1609637.099 5.289E7 2.782E7 2.261E8 1.595E7 1.596E7 1609637.099 1523058.989
gnu: 374 1.148E-8 0.057 0.015 0.007 0.058 0.015 0.007 3330749.665 591149.209 1523167.382 3031065.165 410770.464 1609160.639 5.285E7 2.782E7 2.262E8 1.596E7 1.596E7 1609160.639 1523167.382
gnu: 374 1.148E-8 0.057 0.015 0.007 0.058 0.015 0.007 3330749.665 591149.209 1523167.382 3031065.165 410770.464 1609160.639 5.285E7 2.782E7 2.262E8 1.596E7 1.596E7 1609160.639 1523167.382
gnu: 374 1.148E-8 0.057 0.015 0.007 0.058 0.015 0.007 3330749.665 591149.209 1523167.382 3031065.165 410770.464 1609160.639 5.285E7 2.782E7 2.262E8 1.596E7 1.596E7 1609160.639 1523167.382
gnu: 375 1.202E-8 0.057 0.015 0.007 0.058 0.015 0.007 3249617.190 556423.153 1534464.393 2966263.227 411334.967 1615799.029 5.166E7 2.782E7 2.264E8 1.600E7 1.600E7 1615799.029 1534464.393
gnu: 375 1.202E-8 0.057 0.015 0.007 0.058 0.015 0.007 3249617.190 556423.153 1534464.393 2966263.227 411334.967 1615799.029 5.166E7 2.782E7 2.264E8 1.600E7 1.600E7 1615799.029 1534464.393
gnu: 376 1.258E-8 0.057 0.015 0.007 0.058 0.015 0.007 3178514.394 551653.247 1544917.738 2933802.704 411615.338 1620685.466 5.104E7 2.782E7 2.267E8 1.603E7 1.603E7 1620685.466 1544917.738
gnu: 376 1.258E-8 0.057 0.015 0.007 0.058 0.015 0.007 3178514.394 551653.247 1544917.738 2933802.704 411615.338 1620685.466 5.104E7 2.782E7 2.267E8 1.603E7 1.603E7 1620685.466 1544917.738
gnu: 376 1.258E-8 0.057 0.015 0.007 0.057 0.015 0.007 3178514.394 551653.247 1544917.738 2933802.704 411615.338 1620685.466 5.104E7 2.782E7 2.267E8 1.603E7 1.603E7 1620685.466 1544917.738
gnu: 377 1.259E-8 0.057 0.015 0.007 0.058 0.015 0.007 3173488.933 551236.438 1545044.099 2931403.455 411689.263 1620283.783 5.100E7 2.782E7 2.267E8 1.603E7 1.603E7 1620283.783 1545044.099
gnu: 377 1.259E-8 0.057 0.015 0.007 0.058 0.015 0.007 3173488.933 551236.438 1545044.099 2931403.455 411689.263 1620283.783 5.100E7 2.782E7 2.267E8 1.603E7 1.603E7 1620283.783 1545044.099
gnu: 377 1.259E-8 0.057 0.015 0.007 0.058 0.015 0.007 3173488.933 551236.438 1545044.099 2931403.455 411689.263 1620283.783 5.100E7 2.782E7 2.267E8 1.603E7 1.603E7 1620283.783 1545044.099
gnu: 378 1.318E-8 0.058 0.015 0.007 0.058 0.015 0.007 3108007.218 523874.080 1554623.849 2878954.756 412054.893 1625586.967 5.003E7 2.782E7 2.269E8 1.606E7 1.607E7 1625586.967 1554623.849
gnu: 378 1.318E-8 0.058 0.015 0.007 0.058 0.015 0.007 3108007.218 523874.080 1554623.849 2878954.756 412054.893 1625586.967 5.003E7 2.782E7 2.269E8 1.606E7 1.607E7 1625586.967 1554623.849
gnu: 379 1.379E-8 0.058 0.015 0.007 0.058 0.015 0.007 3049413.583 519013.389 1563486.234 2851014.241 412188.430 1629420.937 4.950E7 2.782E7 2.271E8 1.608E7 1.609E7 1629420.937 1563486.234
gnu: 379 1.379E-8 0.058 0.015 0.007 0.058 0.015 0.007 3049413.583 519013.389 1563486.234 2851014.241 412188.430 1629420.937 4.950E7 2.782E7 2.271E8 1.608E7 1.609E7 1629420.937 1563486.234
gnu: 379 1.379E-8 0.058 0.015 0.007 0.058 0.015 0.007 3049413.583 519013.389 1563486.234 2851014.241 412188.430 1629420.937 4.950E7 2.782E7 2.271E8 1.608E7 1.609E7 1629420.937 1563486.234
gnu: 380 1.380E-8 0.058 0.015 0.007 0.058 0.015 0.007 3043729.235 518553.971 1563621.937 2848394.783 412251.656 1629087.402 4.945E7 2.782E7 2.271E8 1.608E7 1.608E7 1629087.402 1563621.937
gnu: 380 1.380E-8 0.058 0.015 0.007 0.058 0.015 0.007 3043729.235 518553.971 1563621.937 2848394.783 412251.656 1629087.402 4.945E7 2.782E7 2.271E8 1.608E7 1.608E7 1629087.402 1563621.937
gnu: 381 1.445E-8 0.058 0.015 0.007 0.058 0.015 0.007 2992051.861 497099.039 1571682.128 2806521.450 412444.693 1633242.513 4.868E7 2.782E7 2.273E8 1.611E7 1.611E7 1633242.513 1571682.128
gnu: 381 1.445E-8 0.058 0.015 0.007 0.058 0.015 0.007 2992051.861 497099.039 1571682.128 2806521.450 412444.693 1633242.513 4.868E7 2.782E7 2.273E8 1.611E7 1.611E7 1633242.513 1571682.128
gnu: 381 1.445E-8 0.058 0.015 0.007 0.058 0.015 0.007 2992051.861 497099.039 1571682.128 2806521.450 412444.693 1633242.513 4.868E7 2.782E7 2.273E8 1.611E7 1.611E7 1633242.513 1571682.128
gnu: 382 1.445E-8 0.058 0.015 0.007 0.058 0.015 0.007 2991066.193 497061.112 1571706.728 2805881.590 412487.359 1632953.657 4.867E7 2.782E7 2.274E8 1.611E7 1.611E7 1632953.657 1571706.728
gnu: 382 1.445E-8 0.058 0.015 0.007 0.058 0.015 0.007 2991066.193 497061.112 1571706.728 2805881.590 412487.359 1632953.657 4.867E7 2.782E7 2.274E8 1.611E7 1.611E7 1632953.657 1571706.728
gnu: 382 1.445E-8 0.058 0.015 0.007 0.058 0.015 0.007 2991066.193 497061.112 1571706.728 2805881.590 412487.359 1632953.657 4.867E7 2.782E7 2.274E8 1.611E7 1.611E7 1632953.657 1571706.728
gnu: 383 1.514E-8 0.058 0.015 0.007 0.058 0.015 0.007 2942080.711 485702.796 1579310.396 2775712.447 412484.136 1636568.015 4.810E7 2.782E7 2.276E8 1.612E7 1.613E7 1636568.015 1579310.396
gnu: 383 1.514E-8 0.058 0.015 0.007 0.058 0.015 0.007 2942080.711 485702.796 1579310.396 2775712.447 412484.136 1636568.015 4.810E7 2.782E7 2.276E8 1.612E7 1.613E7 1636568.015 1579310.396
gnu: 384 1.584E-8 0.058 0.015 0.007 0.058 0.015 0.007 2900314.284 481614.229 1586330.498 2754657.875 412427.980 1639171.105 4.770E7 2.782E7 2.278E8 1.613E7 1.614E7 1639171.105 1586330.498
gnu: 384 1.584E-8 0.058 0.015 0.007 0.058 0.015 0.007 2900314.284 481614.229 1586330.498 2754657.875 412427.980 1639171.105 4.770E7 2.782E7 2.278E8 1.613E7 1.614E7 1639171.105 1586330.498
gnu: 384 1.584E-8 0.058 0.015 0.007 0.058 0.015 0.007 2900314.284 481614.229 1586330.498 2754657.875 412427.980 1639171.105 4.770E7 2.782E7 2.278E8 1.613E7 1.614E7 1639171.105 1586330.498
gnu: 385 1.585E-8 0.058 0.015 0.007 0.058 0.015 0.007 2898462.819 481469.594 1586373.110 2753597.769 412473.353 1638873.284 4.768E7 2.782E7 2.278E8 1.614E7 1.614E7 1638873.284 1586373.110
gnu: 385 1.585E-8 0.058 0.015 0.007 0.058 0.015 0.007 2898462.819 481469.594 1586373.110 2753597.769 412473.353 1638873.284 4.768E7 2.782E7 2.278E8 1.614E7 1.614E7 1638873.284 1586373.110
gnu: 385 1.585E-8 0.058 0.015 0.007 0.058 0.015 0.007 2898462.819 481469.594 1586373.110 2753597.769 412473.353 1638873.284 4.768E7 2.782E7 2.278E8 1.614E7 1.614E7 1638873.284 1586373.110
gnu: 386 1.660E-8 0.058 0.015 0.007 0.058 0.015 0.007 2860419.700 466302.524 1592549.953 2723349.508 412443.956 1641680.722 4.712E7 2.782E7 2.279E8 1.615E7 1.615E7 1641680.722 1592549.953
gnu: 386 1.660E-8 0.058 0.015 0.007 0.058 0.015 0.007 2860419.700 466302.524 1592549.953 2723349.508 412443.956 1641680.722 4.712E7 2.782E7 2.279E8 1.615E7 1.615E7 1641680.722 1592549.953
gnu: 387 1.737E-8 0.058 0.015 0.007 0.058 0.015 0.007 2827258.908 462596.236 1598413.490 2706287.741 412282.716 1643653.707 4.679E7 2.782E7 2.281E8 1.615E7 1.616E7 1643653.707 1598413.490
gnu: 387 1.737E-8 0.058 0.015 0.007 0.058 0.015 0.007 2827258.908 462596.236 1598413.490 2706287.741 412282.716 1643653.707 4.679E7 2.782E7 2.281E8 1.615E7 1.616E7 1643653.707 1598413.490
gnu: 387 1.737E-8 0.058 0.015 0.007 0.058 0.015 0.007 2827258.908 462596.236 1598413.490 2706287.741 412282.716 1643653.707 4.679E7 2.782E7 2.281E8 1.615E7 1.616E7 1643653.707 1598413.490
gnu: 388 1.738E-8 0.058 0.015 0.007 0.058 0.015 0.007 2824836.787 462401.740 1598467.956 2705018.817 412319.062 1643417.313 4.676E7 2.782E7 2.281E8 1.616E7 1.616E7 1643417.313 1598467.956
gnu: 388 1.738E-8 0.058 0.015 0.007 0.058 0.015 0.007 2824836.787 462401.740 1598467.956 2705018.817 412319.062 1643417.313 4.676E7 2.782E7 2.281E8 1.616E7 1.616E7 1643417.313 1598467.956
gnu: 388 1.738E-8 0.058 0.015 0.007 0.058 0.015 0.007 2824836.787 462401.740 1598467.956 2705018.817 412319.062 1643417.313 4.676E7 2.782E7 2.281E8 1.616E7 1.616E7 1643417.313 1598467.956
gnu: 389 1.820E-8 0.058 0.015 0.007 0.058 0.015 0.007 2796229.819 450588.055 1603672.430 2681693.121 412175.272 1645613.568 4.632E7 2.782E7 2.283E8 1.616E7 1.617E7 1645613.568 1603672.430
gnu: 389 1.820E-8 0.058 0.015 0.007 0.058 0.015 0.007 2796229.819 450588.055 1603672.430 2681693.121 412175.272 1645613.568 4.632E7 2.782E7 2.283E8 1.616E7 1.617E7 1645613.568 1603672.430
gnu: 390 1.904E-8 0.058 0.015 0.007 0.058 0.015 0.007 2770718.536 447350.669 1608673.343 2668314.797 411919.620 1647174.530 4.606E7 2.782E7 2.285E8 1.616E7 1.617E7 1647174.530 1608673.343
gnu: 390 1.904E-8 0.058 0.015 0.007 0.058 0.015 0.007 2770718.536 447350.669 1608673.343 2668314.797 411919.620 1647174.530 4.606E7 2.782E7 2.285E8 1.616E7 1.617E7 1647174.530 1608673.343
gnu: 390 1.904E-8 0.058 0.015 0.007 0.058 0.015 0.007 2770718.536 447350.669 1608673.343 2668314.797 411919.620 1647174.530 4.606E7 2.782E7 2.285E8 1.616E7 1.617E7 1647174.530 1608673.343
gnu: 391 1.905E-8 0.058 0.015 0.007 0.058 0.015 0.007 2767990.983 447124.177 1608735.423 2666929.732 411945.748 1647000.346 4.603E7 2.782E7 2.285E8 1.617E7 1.617E7 1647000.346 1608735.423
gnu: 391 1.905E-8 0.058 0.015 0.007 0.058 0.015 0.007 2767990.983 447124.177 1608735.423 2666929.732 411945.748 1647000.346 4.603E7 2.782E7 2.285E8 1.617E7 1.617E7 1647000.346 1608735.423
gnu: 392 1.995E-8 0.058 0.015 0.007 0.058 0.015 0.007 2747189.693 437920.919 1613196.916 2649345.462 411702.307 1648757.178 4.569E7 2.782E7 2.286E8 1.617E7 1.617E7 1648757.178 1613196.916
gnu: 392 1.995E-8 0.058 0.015 0.007 0.058 0.015 0.007 2747189.693 437920.919 1613196.916 2649345.462 411702.307 1648757.178 4.569E7 2.782E7 2.286E8 1.617E7 1.617E7 1648757.178 1613196.916
gnu: 392 1.995E-8 0.058 0.015 0.007 0.058 0.015 0.007 2747189.693 437920.919 1613196.916 2649345.462 411702.307 1648757.178 4.569E7 2.782E7 2.286E8 1.617E7 1.617E7 1648757.178 1613196.916
gnu: 393 1.995E-8 0.058 0.015 0.007 0.058 0.015 0.007 2747146.935 437923.081 1613198.410 2649183.263 411722.952 1648608.548 4.569E7 2.782E7 2.287E8 1.617E7 1.617E7 1648608.548 1613198.410
gnu: 393 1.995E-8 0.058 0.015 0.007 0.058 0.015 0.007 2747146.935 437923.081 1613198.410 2649183.263 411722.952 1648608.548 4.569E7 2.782E7 2.287E8 1.617E7 1.617E7 1648608.548 1613198.410
gnu: 393 1.995E-8 0.058 0.015 0.007 0.058 0.015 0.007 2747146.935 437923.081 1613198.410 2649183.263 411722.952 1648608.548 4.569E7 2.782E7 2.287E8 1.617E7 1.617E7 1648608.548 1613198.410
gnu: 394 2.089E-8 0.058 0.015 0.007 0.058 0.015 0.007 2727520.969 432922.558 1617539.247 2636859.832 411370.556 1650199.032 4.544E7 2.782E7 2.288E8 1.617E7 1.617E7 1650199.032 1617539.247
gnu: 394 2.089E-8 0.058 0.015 0.007 0.058 0.015 0.007 2727520.969 432922.558 1617539.247 2636859.832 411370.556 1650199.032 4.544E7 2.782E7 2.288E8 1.617E7 1.617E7 1650199.032 1617539.247
gnu: 395 2.187E-8 0.058 0.015 0.007 0.058 0.015 0.007 2711839.880 430342.256 1621624.634 2628232.326 410996.545 1651439.841 4.525E7 2.782E7 2.290E8 1.617E7 1.617E7 1651439.841 1621624.634
gnu: 395 2.187E-8 0.058 0.015 0.007 0.058 0.015 0.007 2711839.880 430342.256 1621624.634 2628232.326 410996.545 1651439.841 4.525E7 2.782E7 2.290E8 1.617E7 1.617E7 1651439.841 1621624.634
gnu: 395 2.187E-8 0.058 0.015 0.007 0.058 0.015 0.007 2711839.880 430342.256 1621624.634 2628232.326 410996.545 1651439.841 4.525E7 2.782E7 2.290E8 1.617E7 1.617E7 1651439.841 1621624.634
gnu: 396 2.188E-8 0.058 0.015 0.007 0.058 0.015 0.007 2711303.596 430292.618 1621638.650 2627847.575 411013.009 1651318.994 4.525E7 2.782E7 2.290E8 1.617E7 1.617E7 1651318.994 1621638.650
gnu: 396 2.188E-8 0.058 0.015 0.007 0.058 0.015 0.007 2711303.596 430292.618 1621638.650 2627847.575 411013.009 1651318.994 4.525E7 2.782E7 2.290E8 1.617E7 1.617E7 1651318.994 1621638.650
gnu: 396 2.188E-8 0.058 0.015 0.007 0.058 0.015 0.007 2711303.596 430292.618 1621638.650 2627847.575 411013.009 1651318.994 4.525E7 2.782E7 2.290E8 1.617E7 1.617E7 1651318.994 1621638.650
gnu: 397 2.291E-8 0.058 0.015 0.007 0.058 0.015 0.007 2697854.970 423917.528 1625269.253 2616537.447 410642.929 1652751.016 4.501E7 2.782E7 2.292E8 1.617E7 1.617E7 1652751.016 1625269.253
gnu: 397 2.291E-8 0.058 0.015 0.007 0.058 0.015 0.007 2697854.970 423917.528 1625269.253 2616537.447 410642.929 1652751.016 4.501E7 2.782E7 2.292E8 1.617E7 1.617E7 1652751.016 1625269.253
gnu: 398 2.398E-8 0.058 0.015 0.007 0.058 0.015 0.007 2686614.283 421834.523 1628893.048 2610644.182 410199.340 1653954.013 4.487E7 2.782E7 2.294E8 1.617E7 1.617E7 1653954.013 1628893.048
gnu: 398 2.398E-8 0.058 0.015 0.007 0.058 0.015 0.007 2686614.283 421834.523 1628893.048 2610644.182 410199.340 1653954.013 4.487E7 2.782E7 2.294E8 1.617E7 1.617E7 1653954.013 1628893.048
gnu: 398 2.398E-8 0.058 0.015 0.007 0.058 0.015 0.007 2686614.283 421834.523 1628893.048 2610644.182 410199.340 1653954.013 4.487E7 2.782E7 2.294E8 1.617E7 1.617E7 1653954.013 1628893.048
gnu: 399 2.399E-8 0.058 0.015 0.007 0.058 0.015 0.007 2685801.714 421747.773 1628916.938 2610132.830 410208.028 1653881.547 4.486E7 2.782E7 2.294E8 1.617E7 1.617E7 1653881.547 1628916.938
gnu: 399 2.399E-8 0.058 0.015 0.007 0.058 0.015 0.007 2685801.714 421747.773 1628916.938 2610132.830 410208.028 1653881.547 4.486E7 2.782E7 2.294E8 1.617E7 1.617E7 1653881.547 1628916.938
gnu: 399 2.399E-8 0.058 0.015 0.007 0.058 0.015 0.007 2685801.714 421747.773 1628916.938 2610132.830 410208.028 1653881.547 4.486E7 2.782E7 2.294E8 1.617E7 1.617E7 1653881.547 1628916.938
gnu: 400 2.512E-8 0.058 0.015 0.007 0.058 0.015 0.007 1044928.731 416878.234 0.000 948500.037 409806.396 0.000 1.628E7 2.782E7 0.000 1.617E7 1.612E7 1650641.428 1645630.345
gnu: 400 2.512E-8 0.058 0.015 0.007 0.058 0.015 0.007 1044928.731 416878.234 0.000 948500.037 409806.396 0.000 1.628E7 2.782E7 0.000 1.617E7 1.612E7 1650641.428 1645630.345
gnu: 401 2.629E-8 0.058 0.015 0.007 0.058 0.015 0.007 1034274.557 415219.426 0.000 943949.053 409263.374 0.000 1.618E7 2.782E7 0.000 1.617E7 1.611E7 1652569.768 1646889.702
gnu: 401 2.629E-8 0.058 0.015 0.007 0.058 0.015 0.007 1034274.557 415219.426 0.000 943949.053 409263.374 0.000 1.618E7 2.782E7 0.000 1.617E7 1.611E7 1652569.768 1646889.702
gnu: 401 2.629E-8 0.058 0.015 0.007 0.058 0.015 0.007 1034274.557 415219.426 0.000 943949.053 409263.374 0.000 1.618E7 2.782E7 0.000 1.617E7 1.611E7 1652569.768 1646889.702
gnu: 402 2.630E-8 0.058 0.015 0.007 0.058 0.015 0.007 1033105.532 415123.376 0.000 943809.576 408884.706 0.000 1.618E7 2.782E7 0.000 1.615E7 1.613E7 1653815.299 1651355.216
gnu: 402 2.630E-8 0.058 0.015 0.007 0.058 0.015 0.007 1033105.532 415123.376 0.000 943809.576 408884.706 0.000 1.618E7 2.782E7 0.000 1.615E7 1.613E7 1653815.299 1651355.216
gnu: 402 2.630E-8 0.058 0.015 0.007 0.058 0.015 0.007 1033105.532 415123.376 0.000 943809.576 408884.706 0.000 1.618E7 2.782E7 0.000 1.615E7 1.613E7 1653815.299 1651355.216
gnu: 403 2.754E-8 0.058 0.015 0.007 0.059 0.015 0.007 616551.671 204.416 0.000 526383.173 0.960 0.000 9014719.071 65.334 0.000 1.616E7 1.611E7 1654505.944 1650244.313
gnu: 403 2.754E-8 0.058 0.015 0.007 0.059 0.015 0.007 616551.671 204.416 0.000 526383.173 0.960 0.000 9014719.071 65.334 0.000 1.616E7 1.611E7 1654505.944 1650244.313
gnu: 404 2.882E-8 0.058 0.015 0.007 0.059 0.015 0.007 609756.859 177.990 0.000 524474.751 0.960 0.000 8970047.115 65.422 0.000 1.617E7 1.611E7 1656022.030 1651071.706
gnu: 404 2.882E-8 0.058 0.015 0.007 0.059 0.015 0.007 609756.859 177.990 0.000 524474.751 0.960 0.000 8970047.115 65.422 0.000 1.617E7 1.611E7 1656022.030 1651071.706
gnu: 404 2.882E-8 0.058 0.015 0.007 0.058 0.015 0.007 609756.859 177.990 0.000 524474.751 0.960 0.000 8970047.115 65.422 0.000 1.617E7 1.611E7 1656022.030 1651071.706
gnu: 405 2.884E-8 0.058 0.015 0.007 0.059 0.015 0.007 608892.408 177.609 0.000 524154.959 0.959 0.000 8966373.806 65.408 0.000 1.615E7 1.612E7 1656886.488 1654622.152
gnu: 405 2.884E-8 0.058 0.015 0.007 0.059 0.015 0.007 608892.408 177.609 0.000 524154.959 0.959 0.000 8966373.806 65.408 0.000 1.615E7 1.612E7 1656886.488 1654622.152
gnu: 406 3.020E-8 0.059 0.015 0.007 0.059 0.015 0.007 604272.089 151.681 0.000 523191.101 0.960 0.000 8937262.802 65.501 0.000 1.616E7 1.611E7 1658315.956 1654058.976
gnu: 406 3.020E-8 0.059 0.015 0.007 0.059 0.015 0.007 604272.089 151.681 0.000 523191.101 0.960 0.000 8937262.802 65.501 0.000 1.616E7 1.611E7 1658315.956 1654058.976
gnu: 406 3.020E-8 0.059 0.015 0.007 0.059 0.015 0.007 604272.089 151.681 0.000 523191.101 0.960 0.000 8937262.802 65.501 0.000 1.616E7 1.611E7 1658315.956 1654058.976
gnu: 407 3.020E-8 0.059 0.015 0.007 0.059 0.015 0.007 604178.753 151.638 0.000 523295.193 0.959 0.000 8940669.558 65.489 0.000 1.615E7 1.612E7 1658965.162 1657135.273
gnu: 407 3.020E-8 0.059 0.015 0.007 0.059 0.015 0.007 604178.753 151.638 0.000 523295.193 0.959 0.000 8940669.558 65.489 0.000 1.615E7 1.612E7 1658965.162 1657135.273
gnu: 407 3.020E-8 0.059 0.015 0.007 0.059 0.015 0.007 604178.753 151.638 0.000 523295.193 0.959 0.000 8940669.558 65.489 0.000 1.615E7 1.612E7 1658965.162 1657135.273
gnu: 408 3.162E-8 0.059 0.015 0.007 0.059 0.015 0.007 600196.540 134.844 0.000 522427.876 0.959 0.000 8912739.164 65.585 0.000 1.615E7 1.611E7 1660481.571 1656526.069
gnu: 408 3.162E-8 0.059 0.015 0.007 0.059 0.015 0.007 600196.540 134.844 0.000 522427.876 0.959 0.000 8912739.164 65.585 0.000 1.615E7 1.611E7 1660481.571 1656526.069
gnu: 409 3.311E-8 0.059 0.015 0.007 0.059 0.015 0.007 597376.567 119.960 0.000 522321.540 0.959 0.000 8898469.850 65.677 0.000 1.615E7 1.610E7 1662177.129 1657683.496
gnu: 409 3.311E-8 0.059 0.015 0.007 0.059 0.015 0.007 597376.567 119.960 0.000 522321.540 0.959 0.000 8898469.850 65.677 0.000 1.615E7 1.610E7 1662177.129 1657683.496
gnu: 409 3.311E-8 0.059 0.015 0.007 0.059 0.015 0.007 597376.567 119.960 0.000 522321.540 0.959 0.000 8898469.850 65.677 0.000 1.615E7 1.610E7 1662177.129 1657683.496
gnu: 410 3.311E-8 0.059 0.015 0.007 0.059 0.015 0.007 597252.679 119.882 0.000 522364.711 0.959 0.000 8900863.325 65.665 0.000 1.614E7 1.611E7 1662851.250 1660923.261
gnu: 410 3.311E-8 0.059 0.015 0.007 0.059 0.015 0.007 597252.679 119.882 0.000 522364.711 0.959 0.000 8900863.325 65.665 0.000 1.614E7 1.611E7 1662851.250 1660923.261
gnu: 410 3.311E-8 0.059 0.015 0.007 0.059 0.015 0.007 597252.679 119.882 0.000 522364.711 0.959 0.000 8900863.325 65.665 0.000 1.614E7 1.611E7 1662851.250 1660923.261
gnu: 411 3.467E-8 0.059 0.015 0.007 0.059 0.015 0.007 595255.125 107.505 0.000 522540.676 0.959 0.000 8890382.250 65.764 0.000 1.615E7 1.611E7 1664628.573 1660757.073
gnu: 411 3.467E-8 0.059 0.015 0.007 0.059 0.015 0.007 595255.125 107.505 0.000 522540.676 0.959 0.000 8890382.250 65.764 0.000 1.615E7 1.611E7 1664628.573 1660757.073
gnu: 412 3.630E-8 0.059 0.015 0.007 0.059 0.015 0.007 593891.684 98.365 0.000 523056.162 0.959 0.000 8885954.345 65.862 0.000 1.615E7 1.610E7 1666600.239 1662289.494
gnu: 412 3.630E-8 0.059 0.015 0.007 0.059 0.015 0.007 593891.684 98.365 0.000 523056.162 0.959 0.000 8885954.345 65.862 0.000 1.615E7 1.610E7 1666600.239 1662289.494
gnu: 412 3.630E-8 0.059 0.015 0.007 0.059 0.015 0.007 593891.684 98.365 0.000 523056.162 0.959 0.000 8885954.345 65.862 0.000 1.615E7 1.610E7 1666600.239 1662289.494
gnu: 413 3.631E-8 0.059 0.015 0.007 0.059 0.015 0.007 294651.620 98.279 0.000 220852.749 0.958 0.000 3752536.804 65.852 0.000 1.614E7 1.611E7 1667214.189 1665381.283
gnu: 413 3.631E-8 0.059 0.015 0.007 0.059 0.015 0.007 294651.620 98.279 0.000 220852.749 0.958 0.000 3752536.804 65.852 0.000 1.614E7 1.611E7 1667214.189 1665381.283
gnu: 413 3.631E-8 0.059 0.015 0.007 0.059 0.015 0.007 294651.620 98.279 0.000 220852.749 0.958 0.000 3752536.804 65.852 0.000 1.614E7 1.611E7 1667214.189 1665381.283
gnu: 414 3.802E-8 0.059 0.015 0.007 0.059 0.015 0.007 291552.127 89.324 0.000 218220.464 0.958 0.000 3702344.299 65.949 0.000 1.613E7 1.610E7 1668649.287 1665217.372
gnu: 414 3.802E-8 0.059 0.015 0.007 0.059 0.015 0.007 291552.127 89.324 0.000 218220.464 0.958 0.000 3702344.299 65.949 0.000 1.613E7 1.610E7 1668649.287 1665217.372
gnu: 415 3.979E-8 0.059 0.015 0.007 0.059 0.015 0.007 289466.643 83.731 0.000 216777.531 0.958 0.000 3672464.879 66.046 0.000 1.613E7 1.609E7 1670284.981 1666717.827
gnu: 415 3.979E-8 0.059 0.015 0.007 0.059 0.015 0.007 289466.643 83.731 0.000 216777.531 0.958 0.000 3672464.879 66.046 0.000 1.613E7 1.609E7 1670284.981 1666717.827
gnu: 415 3.979E-8 0.059 0.015 0.007 0.059 0.015 0.007 289466.643 83.731 0.000 216777.531 0.958 0.000 3672464.879 66.046 0.000 1.613E7 1.609E7 1670284.981 1666717.827
gnu: 416 3.981E-8 0.059 0.014 0.007 0.059 0.014 0.007 289005.800 83.661 0.000 216830.605 0.957 0.000 3673781.049 66.039 0.000 1.612E7 1.610E7 1670775.226 1669279.434
gnu: 416 3.981E-8 0.059 0.014 0.007 0.059 0.014 0.007 289005.800 83.661 0.000 216830.605 0.957 0.000 3673781.049 66.039 0.000 1.612E7 1.610E7 1670775.226 1669279.434
gnu: 416 3.981E-8 0.059 0.014 0.007 0.059 0.014 0.007 289005.800 83.661 0.000 216830.605 0.957 0.000 3673781.049 66.039 0.000 1.612E7 1.610E7 1670775.226 1669279.434
gnu: 417 4.169E-8 0.059 0.014 0.007 0.059 0.014 0.007 286299.652 78.128 0.000 214755.021 0.957 0.000 3632392.730 66.152 0.000 1.612E7 1.609E7 1672943.701 1669868.458
gnu: 417 4.169E-8 0.059 0.014 0.007 0.059 0.014 0.007 286299.652 78.128 0.000 214755.021 0.957 0.000 3632392.730 66.152 0.000 1.612E7 1.609E7 1672943.701 1669868.458
gnu: 418 4.362E-8 0.059 0.014 0.007 0.059 0.014 0.007 284257.458 74.585 0.000 213819.633 0.957 0.000 3610546.828 66.262 0.000 1.612E7 1.609E7 1675159.906 1671937.267
gnu: 418 4.362E-8 0.059 0.014 0.007 0.059 0.014 0.007 284257.458 74.585 0.000 213819.633 0.957 0.000 3610546.828 66.262 0.000 1.612E7 1.609E7 1675159.906 1671937.267
gnu: 418 4.362E-8 0.059 0.014 0.007 0.059 0.014 0.007 284257.458 74.585 0.000 213819.633 0.957 0.000 3610546.828 66.262 0.000 1.612E7 1.609E7 1675159.906 1671937.267
gnu: 419 4.365E-8 0.059 0.014 0.007 0.059 0.014 0.007 283815.783 74.508 0.000 213863.366 0.957 0.000 3611584.687 66.257 0.000 1.611E7 1.609E7 1675586.343 1674253.472
gnu: 419 4.365E-8 0.059 0.014 0.007 0.059 0.014 0.007 283815.783 74.508 0.000 213863.366 0.957 0.000 3611584.687 66.257 0.000 1.611E7 1.609E7 1675586.343 1674253.472
gnu: 420 4.565E-8 0.059 0.014 0.007 0.059 0.014 0.007 282448.714 69.584 0.000 212640.469 0.957 0.000 3584358.778 66.378 0.000 1.611E7 1.609E7 1678213.635 1675406.944
gnu: 420 4.565E-8 0.059 0.014 0.007 0.059 0.014 0.007 282448.714 69.584 0.000 212640.469 0.957 0.000 3584358.778 66.378 0.000 1.611E7 1.609E7 1678213.635 1675406.944
gnu: 420 4.565E-8 0.059 0.014 0.007 0.059 0.014 0.007 282448.714 69.584 0.000 212640.469 0.957 0.000 3584358.778 66.378 0.000 1.611E7 1.609E7 1678213.635 1675406.944
gnu: 421 4.571E-8 0.059 0.014 0.007 0.059 0.014 0.007 282204.088 69.522 0.000 212716.792 0.957 0.000 3585768.697 66.376 0.000 1.611E7 1.609E7 1678556.691 1677434.533
gnu: 421 4.571E-8 0.059 0.014 0.007 0.059 0.014 0.007 282204.088 69.522 0.000 212716.792 0.957 0.000 3585768.697 66.376 0.000 1.611E7 1.609E7 1678556.691 1677434.533
gnu: 422 4.776E-8 0.059 0.014 0.007 0.060 0.014 0.007 280718.751 67.504 0.000 212052.495 0.957 0.000 3567941.443 66.499 0.000 1.611E7 1.609E7 1681182.362 1678630.367
gnu: 422 4.776E-8 0.059 0.014 0.007 0.060 0.014 0.007 280718.751 67.504 0.000 212052.495 0.957 0.000 3567941.443 66.499 0.000 1.611E7 1.609E7 1681182.362 1678630.367
gnu: 422 4.776E-8 0.059 0.014 0.007 0.059 0.014 0.007 280718.751 67.504 0.000 212052.495 0.957 0.000 3567941.443 66.499 0.000 1.611E7 1.609E7 1681182.362 1678630.367
gnu: 423 4.786E-8 0.059 0.014 0.007 0.060 0.014 0.007 280344.411 67.359 0.000 212074.752 0.956 0.000 3568280.126 66.500 0.000 1.610E7 1.609E7 1681522.930 1680493.614
gnu: 423 4.786E-8 0.059 0.014 0.007 0.060 0.014 0.007 280344.411 67.359 0.000 212074.752 0.956 0.000 3568280.126 66.500 0.000 1.610E7 1.609E7 1681522.930 1680493.614
gnu: 424 4.998E-8 0.060 0.014 0.007 0.060 0.014 0.007 279600.333 64.051 0.000 211519.321 0.957 0.000 3552086.460 66.628 0.000 1.611E7 1.609E7 1684368.326 1681875.160
gnu: 424 4.998E-8 0.060 0.014 0.007 0.060 0.014 0.007 279600.333 64.051 0.000 211519.321 0.957 0.000 3552086.460 66.628 0.000 1.611E7 1.609E7 1684368.326 1681875.160
gnu: 424 4.998E-8 0.060 0.014 0.007 0.060 0.014 0.007 279600.333 64.051 0.000 211519.321 0.957 0.000 3552086.460 66.628 0.000 1.611E7 1.609E7 1684368.326 1681875.160
gnu: 425 5.012E-8 0.060 0.014 0.007 0.060 0.014 0.007 279079.848 63.970 0.000 211508.621 0.956 0.000 3551730.452 66.631 0.000 1.610E7 1.609E7 1684730.358 1683718.972
gnu: 425 5.012E-8 0.060 0.014 0.007 0.060 0.014 0.007 279079.848 63.970 0.000 211508.621 0.956 0.000 3551730.452 66.631 0.000 1.610E7 1.609E7 1684730.358 1683718.972
gnu: 426 5.236E-8 0.060 0.014 0.007 0.060 0.014 0.007 134920.742 62.983 0.000 64601.343 0.957 0.000 1082474.454 66.775 0.000 1.611E7 1.609E7 1688256.068 1676321.668
gnu: 426 5.236E-8 0.060 0.014 0.007 0.060 0.014 0.007 134920.742 62.983 0.000 64601.343 0.957 0.000 1082474.454 66.775 0.000 1.611E7 1.609E7 1688256.068 1676321.668
gnu: 426 5.236E-8 0.060 0.014 0.007 0.060 0.014 0.007 134920.742 62.983 0.000 64601.343 0.957 0.000 1082474.454 66.775 0.000 1.611E7 1.609E7 1688256.068 1676321.668
gnu: 427 5.248E-8 0.060 0.014 0.007 0.060 0.014 0.007 134573.066 62.862 0.000 64484.297 0.956 0.000 1080497.544 66.776 0.000 1.610E7 1.608E7 1687647.923 1677606.664
gnu: 427 5.248E-8 0.060 0.014 0.007 0.060 0.014 0.007 134573.066 62.862 0.000 64484.297 0.956 0.000 1080497.544 66.776 0.000 1.610E7 1.608E7 1687647.923 1677606.664
gnu: 428 5.479E-8 0.060 0.014 0.007 0.060 0.014 0.007 133626.748 60.882 0.000 64038.660 0.957 0.000 1070543.892 66.931 0.000 1.611E7 1.608E7 1691547.888 1679310.730
gnu: 428 5.479E-8 0.060 0.014 0.007 0.060 0.014 0.007 133626.748 60.882 0.000 64038.660 0.957 0.000 1070543.892 66.931 0.000 1.611E7 1.608E7 1691547.888 1679310.730
gnu: 428 5.479E-8 0.060 0.014 0.007 0.060 0.014 0.007 133626.748 60.882 0.000 64038.660 0.957 0.000 1070543.892 66.931 0.000 1.611E7 1.608E7 1691547.888 1679310.730
gnu: 429 5.495E-8 0.060 0.014 0.007 0.060 0.014 0.007 133271.705 60.795 0.000 63916.075 0.957 0.000 1068435.831 66.935 0.000 1.611E7 1.608E7 1691282.574 1681341.635
gnu: 429 5.495E-8 0.060 0.014 0.007 0.060 0.014 0.007 133271.705 60.795 0.000 63916.075 0.957 0.000 1068435.831 66.935 0.000 1.611E7 1.608E7 1691282.574 1681341.635
gnu: 430 5.734E-8 0.060 0.014 0.007 0.060 0.014 0.007 132196.485 59.783 0.000 63481.060 0.957 0.000 1058663.513 67.093 0.000 1.611E7 1.608E7 1695449.262 1683301.279
gnu: 430 5.734E-8 0.060 0.014 0.007 0.060 0.014 0.007 132196.485 59.783 0.000 63481.060 0.957 0.000 1058663.513 67.093 0.000 1.611E7 1.608E7 1695449.262 1683301.279
gnu: 430 5.734E-8 0.060 0.014 0.007 0.060 0.014 0.007 132196.485 59.783 0.000 63481.060 0.957 0.000 1058663.513 67.093 0.000 1.611E7 1.608E7 1695449.262 1683301.279
gnu: 431 5.754E-8 0.060 0.014 0.007 0.060 0.014 0.007 131760.070 59.650 0.000 63343.089 0.957 0.000 1056257.791 67.100 0.000 1.611E7 1.608E7 1695362.676 1685444.257
gnu: 431 5.754E-8 0.060 0.014 0.007 0.060 0.014 0.007 131760.070 59.650 0.000 63343.089 0.957 0.000 1056257.791 67.100 0.000 1.611E7 1.608E7 1695362.676 1685444.257
gnu: 432 6.007E-8 0.060 0.014 0.007 0.060 0.014 0.007 131057.973 58.406 0.000 63089.254 0.957 0.000 1049438.396 67.265 0.000 1.611E7 1.608E7 1699770.953 1687465.251
gnu: 432 6.007E-8 0.060 0.014 0.007 0.060 0.014 0.007 131057.973 58.406 0.000 63089.254 0.957 0.000 1049438.396 67.265 0.000 1.611E7 1.608E7 1699770.953 1687465.251
gnu: 432 6.007E-8 0.060 0.014 0.007 0.060 0.014 0.007 131057.973 58.406 0.000 63089.254 0.957 0.000 1049438.396 67.265 0.000 1.611E7 1.608E7 1699770.953 1687465.251
gnu: 433 6.026E-8 0.060 0.014 0.007 0.060 0.014 0.007 130768.661 58.317 0.000 62986.787 0.957 0.000 1047658.000 67.270 0.000 1.611E7 1.608E7 1699644.221 1689663.945
gnu: 433 6.026E-8 0.060 0.014 0.007 0.060 0.014 0.007 130768.661 58.317 0.000 62986.787 0.957 0.000 1047658.000 67.270 0.000 1.611E7 1.608E7 1699644.221 1689663.945
gnu: 434 6.286E-8 0.060 0.014 0.007 0.060 0.014 0.007 129923.070 57.380 0.000 62679.317 0.957 0.000 1039930.185 67.439 0.000 1.611E7 1.608E7 1704163.986 1691714.056
gnu: 434 6.286E-8 0.060 0.014 0.007 0.060 0.014 0.007 129923.070 57.380 0.000 62679.317 0.957 0.000 1039930.185 67.439 0.000 1.611E7 1.608E7 1704163.986 1691714.056
gnu: 434 6.286E-8 0.060 0.014 0.007 0.060 0.014 0.007 129923.070 57.380 0.000 62679.317 0.957 0.000 1039930.185 67.439 0.000 1.611E7 1.608E7 1704163.986 1691714.056
gnu: 435 6.310E-8 0.060 0.014 0.007 0.060 0.014 0.007 129552.311 57.272 0.000 62560.516 0.957 0.000 1037834.504 67.447 0.000 1.611E7 1.608E7 1704120.206 1693947.650
gnu: 435 6.310E-8 0.060 0.014 0.007 0.060 0.014 0.007 129552.311 57.272 0.000 62560.516 0.957 0.000 1037834.504 67.447 0.000 1.611E7 1.608E7 1704120.206 1693947.650
gnu: 436 6.578E-8 0.060 0.014 0.007 0.061 0.014 0.007 128912.621 56.363 0.000 62370.952 0.957 0.000 1032060.136 67.619 0.000 1.612E7 1.608E7 1708701.042 1696028.494
gnu: 436 6.578E-8 0.060 0.014 0.007 0.061 0.014 0.007 128912.621 56.363 0.000 62370.952 0.957 0.000 1032060.136 67.619 0.000 1.612E7 1.608E7 1708701.042 1696028.494
gnu: 436 6.578E-8 0.060 0.014 0.007 0.060 0.014 0.007 128912.621 56.363 0.000 62370.952 0.957 0.000 1032060.136 67.619 0.000 1.612E7 1.608E7 1708701.042 1696028.494
gnu: 437 6.607E-8 0.060 0.014 0.007 0.061 0.014 0.007 128595.996 56.246 0.000 62261.361 0.957 0.000 1030071.037 67.630 0.000 1.611E7 1.608E7 1708735.958 1698305.981
gnu: 437 6.607E-8 0.060 0.014 0.007 0.061 0.014 0.007 128595.996 56.246 0.000 62261.361 0.957 0.000 1030071.037 67.630 0.000 1.611E7 1.608E7 1708735.958 1698305.981
gnu: 438 6.883E-8 0.061 0.014 0.007 0.061 0.014 0.007 127925.667 55.447 0.000 62060.364 0.957 0.000 1024090.736 67.806 0.000 1.612E7 1.608E7 1713399.310 1700433.963
gnu: 438 6.883E-8 0.061 0.014 0.007 0.061 0.014 0.007 127925.667 55.447 0.000 62060.364 0.957 0.000 1024090.736 67.806 0.000 1.612E7 1.608E7 1713399.310 1700433.963
gnu: 438 6.883E-8 0.061 0.014 0.007 0.061 0.014 0.007 127925.667 55.447 0.000 62060.364 0.957 0.000 1024090.736 67.806 0.000 1.612E7 1.608E7 1713399.310 1700433.963
gnu: 439 6.918E-8 0.061 0.014 0.007 0.061 0.014 0.007 127576.532 55.319 0.000 61945.343 0.957 0.000 1021965.863 67.821 0.000 1.611E7 1.608E7 1713514.079 1702763.662
gnu: 439 6.918E-8 0.061 0.014 0.007 0.061 0.014 0.007 127576.532 55.319 0.000 61945.343 0.957 0.000 1021965.863 67.821 0.000 1.611E7 1.608E7 1713514.079 1702763.662
gnu: 440 7.203E-8 0.061 0.014 0.007 0.061 0.014 0.007 126989.206 54.578 0.000 61797.918 0.957 0.000 1016857.943 67.999 0.000 1.612E7 1.608E7 1718243.765 1704942.161
gnu: 440 7.203E-8 0.061 0.014 0.007 0.061 0.014 0.007 126989.206 54.578 0.000 61797.918 0.957 0.000 1016857.943 67.999 0.000 1.612E7 1.608E7 1718243.765 1704942.161
gnu: 440 7.203E-8 0.061 0.014 0.007 0.061 0.014 0.007 126989.206 54.578 0.000 61797.918 0.957 0.000 1016857.943 67.999 0.000 1.612E7 1.608E7 1718243.765 1704942.161
gnu: 441 7.244E-8 0.061 0.014 0.007 0.061 0.014 0.007 126657.333 54.436 0.000 61684.798 0.957 0.000 1014716.449 68.018 0.000 1.611E7 1.608E7 1718442.088 1707331.368
gnu: 441 7.244E-8 0.061 0.014 0.007 0.061 0.014 0.007 126657.333 54.436 0.000 61684.798 0.957 0.000 1014716.449 68.018 0.000 1.611E7 1.608E7 1718442.088 1707331.368
gnu: 442 7.537E-8 0.061 0.014 0.007 0.061 0.014 0.007 126072.485 53.753 0.000 61545.286 0.957 0.000 1009722.091 68.200 0.000 1.612E7 1.608E7 1723245.519 1709568.941
gnu: 442 7.537E-8 0.061 0.014 0.007 0.061 0.014 0.007 126072.485 53.753 0.000 61545.286 0.957 0.000 1009722.091 68.200 0.000 1.612E7 1.608E7 1723245.519 1709568.941
gnu: 442 7.537E-8 0.061 0.014 0.007 0.061 0.014 0.007 126072.485 53.753 0.000 61545.286 0.957 0.000 1009722.091 68.200 0.000 1.612E7 1.608E7 1723245.519 1709568.941
gnu: 443 7.586E-8 0.061 0.014 0.007 0.061 0.014 0.007 125729.607 53.598 0.000 61429.854 0.957 0.000 1007493.771 68.223 0.000 1.611E7 1.607E7 1723530.879 1712022.908
gnu: 443 7.586E-8 0.061 0.014 0.007 0.061 0.014 0.007 125729.607 53.598 0.000 61429.854 0.957 0.000 1007493.771 68.223 0.000 1.611E7 1.607E7 1723530.879 1712022.908
gnu: 444 7.887E-8 0.061 0.014 0.007 0.061 0.014 0.007 125174.704 52.956 0.000 61313.449 0.957 0.000 1002863.166 68.408 0.000 1.612E7 1.608E7 1728403.332 1714323.425
gnu: 444 7.887E-8 0.061 0.014 0.007 0.061 0.014 0.007 125174.704 52.956 0.000 61313.449 0.957 0.000 1002863.166 68.408 0.000 1.612E7 1.608E7 1728403.332 1714323.425
gnu: 444 7.887E-8 0.061 0.014 0.007 0.061 0.014 0.007 125174.704 52.956 0.000 61313.449 0.957 0.000 1002863.166 68.408 0.000 1.612E7 1.608E7 1728403.332 1714323.425
gnu: 445 7.943E-8 0.061 0.014 0.007 0.061 0.014 0.007 124830.740 52.786 0.000 61195.998 0.957 0.000 1000551.337 68.434 0.000 1.611E7 1.607E7 1728780.152 1716846.678
gnu: 445 7.943E-8 0.061 0.014 0.007 0.061 0.014 0.007 124830.740 52.786 0.000 61195.998 0.957 0.000 1000551.337 68.434 0.000 1.611E7 1.607E7 1728780.152 1716846.678
gnu: 446 8.254E-8 0.061 0.014 0.007 0.062 0.014 0.007 124283.270 52.180 0.000 61090.218 0.957 0.000 996078.250 68.623 0.000 1.612E7 1.608E7 1733722.247 1719214.439
gnu: 446 8.254E-8 0.061 0.014 0.007 0.062 0.014 0.007 124283.270 52.180 0.000 61090.218 0.957 0.000 996078.250 68.623 0.000 1.612E7 1.608E7 1733722.247 1719214.439
gnu: 446 8.254E-8 0.061 0.014 0.007 0.061 0.014 0.007 124283.270 52.180 0.000 61090.218 0.957 0.000 996078.250 68.623 0.000 1.612E7 1.608E7 1733722.247 1719214.439
gnu: 447 8.318E-8 0.061 0.014 0.007 0.062 0.014 0.007 123931.003 51.993 0.000 60969.379 0.957 0.000 993659.483 68.654 0.000 1.611E7 1.607E7 1734194.652 1721810.295
gnu: 447 8.318E-8 0.061 0.014 0.007 0.062 0.014 0.007 123931.003 51.993 0.000 60969.379 0.957 0.000 993659.483 68.654 0.000 1.611E7 1.607E7 1734194.652 1721810.295
gnu: 448 8.638E-8 0.062 0.014 0.007 0.062 0.014 0.007 123393.912 51.416 0.000 60875.370 0.957 0.000 989362.747 68.846 0.000 1.612E7 1.607E7 1739204.261 1724248.237
gnu: 448 8.638E-8 0.062 0.014 0.007 0.062 0.014 0.007 123393.912 51.416 0.000 60875.370 0.957 0.000 989362.747 68.846 0.000 1.612E7 1.607E7 1739204.261 1724248.237
gnu: 448 8.638E-8 0.062 0.014 0.007 0.062 0.014 0.007 123393.912 51.416 0.000 60875.370 0.957 0.000 989362.747 68.846 0.000 1.612E7 1.607E7 1739204.261 1724248.237
gnu: 449 8.710E-8 0.062 0.014 0.007 0.062 0.014 0.007 123033.069 51.211 0.000 60750.021 0.957 0.000 986817.673 68.881 0.000 1.611E7 1.607E7 1739776.722 1726919.510
gnu: 449 8.710E-8 0.062 0.014 0.007 0.062 0.014 0.007 123033.069 51.211 0.000 60750.021 0.957 0.000 986817.673 68.881 0.000 1.611E7 1.607E7 1739776.722 1726919.510
gnu: 450 9.039E-8 0.062 0.014 0.007 0.062 0.014 0.007 122499.696 50.660 0.000 60664.294 0.957 0.000 982640.576 69.076 0.000 1.611E7 1.607E7 1744852.308 1729430.173
gnu: 450 9.039E-8 0.062 0.014 0.007 0.062 0.014 0.007 122499.696 50.660 0.000 60664.294 0.957 0.000 982640.576 69.076 0.000 1.611E7 1.607E7 1744852.308 1729430.173
gnu: 450 9.039E-8 0.062 0.014 0.007 0.062 0.014 0.007 122499.696 50.660 0.000 60664.294 0.957 0.000 982640.576 69.076 0.000 1.611E7 1.607E7 1744852.308 1729430.173
gnu: 451 9.120E-8 0.062 0.014 0.007 0.062 0.014 0.007 122127.835 50.434 0.000 60533.353 0.957 0.000 979950.780 69.116 0.000 1.611E7 1.607E7 1745529.195 1732179.060
gnu: 451 9.120E-8 0.062 0.014 0.007 0.062 0.014 0.007 122127.835 50.434 0.000 60533.353 0.957 0.000 979950.780 69.116 0.000 1.611E7 1.607E7 1745529.195 1732179.060
gnu: 452 9.460E-8 0.062 0.014 0.007 0.062 0.014 0.007 121596.921 49.906 0.000 60455.058 0.957 0.000 975880.230 69.315 0.000 1.611E7 1.607E7 1750668.528 1734764.467
gnu: 452 9.460E-8 0.062 0.014 0.007 0.062 0.014 0.007 121596.921 49.906 0.000 60455.058 0.957 0.000 975880.230 69.315 0.000 1.611E7 1.607E7 1750668.528 1734764.467
gnu: 452 9.460E-8 0.062 0.014 0.007 0.062 0.014 0.007 121596.921 49.906 0.000 60455.058 0.957 0.000 975880.230 69.315 0.000 1.611E7 1.607E7 1750668.528 1734764.467
gnu: 453 9.550E-8 0.062 0.014 0.007 0.062 0.014 0.007 121212.419 49.657 0.000 60317.253 0.957 0.000 973024.471 69.360 0.000 1.611E7 1.607E7 1751454.298 1737592.793
gnu: 453 9.550E-8 0.062 0.014 0.007 0.062 0.014 0.007 121212.419 49.657 0.000 60317.253 0.957 0.000 973024.471 69.360 0.000 1.611E7 1.607E7 1751454.298 1737592.793
gnu: 454 9.900E-8 0.062 0.014 0.007 0.062 0.014 0.007 120681.393 49.151 0.000 60245.227 0.957 0.000 969042.584 69.562 0.000 1.611E7 1.607E7 1756654.902 1740254.600
gnu: 454 9.900E-8 0.062 0.014 0.007 0.062 0.014 0.007 120681.393 49.151 0.000 60245.227 0.957 0.000 969042.584 69.562 0.000 1.611E7 1.607E7 1756654.902 1740254.600
gnu: 454 9.900E-8 0.062 0.014 0.007 0.062 0.014 0.007 120681.393 49.151 0.000 60245.227 0.957 0.000 969042.584 69.562 0.000 1.611E7 1.607E7 1756654.902 1740254.600
