#    Steps      t        logt       dt     lgY0[6]  lgY[6]  lgF+   lgF-  sumXtr  XFac   massTol #asy #eq  #it 
4387:  394 6.40877e-09 -8.1932 7.78782e-11 -2.1856 -2.1853 7.2123 7.2059 1.0000 0.0000 1.00e-07   0   0  2/249
4387:  395 6.44538e-09 -8.1908 7.63207e-11 -2.1850 -2.1847 7.2128 7.2065 1.0000 0.0000 1.00e-07   0   0  2/251
4387:  396 6.48125e-09 -8.1883 7.47943e-11 -2.1845 -2.1842 7.2133 7.2071 1.0000 0.0000 1.00e-07   0   0  2/253
4387:  397 6.51640e-09 -8.1860 7.32984e-11 -2.1839 -2.1836 7.2138 7.2077 1.0000 0.0000 1.00e-07   0   0  2/255
4387:  398 6.59703e-09 -8.1807 1.02618e-10 -2.1832 -2.1829 7.2144 7.2084 1.0000 0.0000 1.00e-07   0   0  1/256
4387:  399 6.64526e-09 -8.1775 1.00565e-10 -2.1825 -2.1821 7.2150 7.2092 1.0000 0.0000 1.00e-07   0   0  2/258
4387:  400 6.69252e-09 -8.1744 9.85541e-11 -2.1818 -2.1814 7.2156 7.2099 1.0000 0.0000 1.00e-07   0   0  2/260
4387:  401 6.73884e-09 -8.1714 9.65830e-11 -2.1811 -2.1808 7.2162 7.2106 1.0000 0.0000 1.00e-07   0   0  2/262
4387:  402 6.78424e-09 -8.1685 9.46513e-11 -2.1804 -2.1801 7.2168 7.2113 1.0000 0.0000 1.00e-07   0   0  2/264
4387:  403 6.82872e-09 -8.1657 9.27583e-11 -2.1798 -2.1795 7.2174 7.2119 1.0000 0.0000 1.00e-07   0   0  2/266
4387:  404 6.87232e-09 -8.1629 9.09031e-11 -2.1792 -2.1789 7.2179 7.2126 1.0000 0.0000 1.00e-07   0   0  2/268
4387:  405 6.91505e-09 -8.1602 8.90851e-11 -2.1786 -2.1783 7.2184 7.2132 1.0000 0.0000 1.00e-07   0   0  2/270
4387:  406 6.95692e-09 -8.1576 8.73034e-11 -2.1780 -2.1777 7.2189 7.2138 1.0000 0.0000 1.00e-07   0   0  2/272
4387:  407 6.99795e-09 -8.1550 8.55573e-11 -2.1775 -2.1772 7.2194 7.2143 1.0000 0.0000 1.00e-07   0   0  2/274
4387:  408 7.03816e-09 -8.1525 8.38461e-11 -2.1769 -2.1767 7.2198 7.2149 1.0000 0.0000 1.00e-07   0   0  2/276
4387:  409 7.07757e-09 -8.1501 8.21692e-11 -2.1764 -2.1762 7.2203 7.2154 1.0000 0.0000 1.00e-07   0   0  2/278
4387:  410 7.11619e-09 -8.1478 8.05258e-11 -2.1759 -2.1757 7.2207 7.2159 1.0000 0.0000 1.00e-07   0   0  2/280
4387:  411 7.15403e-09 -8.1454 7.89153e-11 -2.1755 -2.1752 7.2211 7.2164 1.0000 0.0000 1.00e-07   0   0  2/282
4387:  412 7.19112e-09 -8.1432 7.73370e-11 -2.1750 -2.1748 7.2215 7.2169 1.0000 0.0000 1.00e-07   0   0  2/284
4387:  413 7.22747e-09 -8.1410 7.57903e-11 -2.1746 -2.1743 7.2219 7.2173 1.0000 0.0000 1.00e-07   0   0  2/286
4387:  414 7.26309e-09 -8.1389 7.42745e-11 -2.1741 -2.1739 7.2223 7.2177 1.0000 0.0000 1.00e-07   0   0  2/288
4387:  415 7.29800e-09 -8.1368 7.27890e-11 -2.1737 -2.1735 7.2227 7.2182 1.0000 0.0000 1.00e-07   0   0  2/290
4387:  416 7.37807e-09 -8.1321 1.01905e-10 -2.1732 -2.1730 7.2231 7.2187 1.0000 0.0000 1.00e-07   0   0  1/291
4387:  417 7.42597e-09 -8.1292 9.98665e-11 -2.1727 -2.1724 7.2236 7.2192 1.0000 0.0000 1.00e-07   0   0  2/293
4387:  418 7.47290e-09 -8.1265 9.78692e-11 -2.1722 -2.1719 7.2240 7.2198 1.0000 0.0000 1.00e-07   0   0  2/295
4387:  419 7.51890e-09 -8.1238 9.59118e-11 -2.1717 -2.1714 7.2245 7.2203 1.0000 0.0000 1.00e-07   0   0  2/297
4387:  420 7.56398e-09 -8.1212 9.39935e-11 -2.1712 -2.1709 7.2249 7.2208 1.0000 0.0000 1.00e-07   0   0  2/299
4387:  421 7.60816e-09 -8.1187 9.21137e-11 -2.1707 -2.1705 7.2253 7.2213 1.0000 0.0000 1.00e-07   0   0  2/301
4387:  422 7.65145e-09 -8.1163 9.02714e-11 -2.1702 -2.1700 7.2257 7.2218 1.0000 0.0000 1.00e-07   0   0  2/303
4387:  423 7.69388e-09 -8.1139 8.84660e-11 -2.1698 -2.1696 7.2261 7.2222 1.0000 0.0000 1.00e-07   0   0  2/305
4387:  424 7.73546e-09 -8.1115 8.66966e-11 -2.1694 -2.1692 7.2265 7.2226 1.0000 0.0000 1.00e-07   0   0  2/307
4387:  425 7.77621e-09 -8.1092 8.49627e-11 -2.1690 -2.1688 7.2268 7.2231 1.0000 0.0000 1.00e-07   0   0  2/309
4387:  426 7.81614e-09 -8.1070 8.32635e-11 -2.1686 -2.1684 7.2272 7.2235 1.0000 0.0000 1.00e-07   0   0  2/311
4387:  427 7.85527e-09 -8.1048 8.15982e-11 -2.1682 -2.1680 7.2275 7.2238 1.0000 0.0000 1.00e-07   0   0  2/313
4387:  428 7.89362e-09 -8.1027 7.99662e-11 -2.1678 -2.1677 7.2278 7.2242 1.0000 0.0000 1.00e-07   0   0  2/315
4387:  429 7.93121e-09 -8.1007 7.83669e-11 -2.1675 -2.1673 7.2281 7.2246 1.0000 0.0000 1.00e-07   0   0  2/317
4387:  430 7.96804e-09 -8.0986 7.67996e-11 -2.1671 -2.1670 7.2284 7.2249 1.0000 0.0000 1.00e-07   0   0  2/319
4387:  431 8.00413e-09 -8.0967 7.52636e-11 -2.1668 -2.1667 7.2287 7.2253 1.0000 0.0000 1.00e-07   0   0  2/321
4387:  432 8.03951e-09 -8.0948 7.37583e-11 -2.1665 -2.1663 7.2290 7.2256 1.0000 0.0000 1.00e-07   0   0  2/323
4387:  433 8.12064e-09 -8.0904 1.03262e-10 -2.1661 -2.1659 7.2294 7.2260 1.0000 0.0000 1.00e-07   0   0  1/324
4387:  434 8.16918e-09 -8.0878 1.01196e-10 -2.1657 -2.1655 7.2297 7.2264 1.0000 0.0000 1.00e-07   0   0  2/326
4387:  435 8.21674e-09 -8.0853 9.91725e-11 -2.1653 -2.1651 7.2301 7.2268 1.0000 0.0000 1.00e-07   0   0  2/328
4387:  436 8.26335e-09 -8.0828 9.71890e-11 -2.1649 -2.1647 7.2304 7.2272 1.0000 0.0000 1.00e-07   0   0  2/330
4387:  437 8.30903e-09 -8.0804 9.52452e-11 -2.1645 -2.1643 7.2308 7.2276 1.0000 0.0000 1.00e-07   0   0  2/332
4387:  438 8.35379e-09 -8.0781 9.33403e-11 -2.1642 -2.1640 7.2311 7.2280 1.0000 0.0000 1.00e-07   0   0  2/334
4387:  439 8.39766e-09 -8.0758 9.14735e-11 -2.1638 -2.1636 7.2314 7.2284 1.0000 0.0000 1.00e-07   0   0  2/336
4387:  440 8.44066e-09 -8.0736 8.96440e-11 -2.1633 -2.1633 7.2317 7.2287 1.0000 1.0000 1.00e-07   0   1  2/338
4387:  441 8.61994e-09 -8.0645 1.79288e-10 -2.1641 -2.1641 6.1472 6.1879 1.0000 1.0000 5.00e-03   0   2  0/338
4387:  442 8.97852e-09 -8.0468 3.58576e-10 -2.1656 -2.1656 6.1495 6.1873 1.0000 1.0000 5.00e-03   1   2  0/338
4387:  443 9.69567e-09 -8.0134 7.17152e-10 -2.1684 -2.1684 6.1532 6.1863 1.0002 0.9998 5.00e-03   1   2  0/338
4387:  444 1.06652e-08 -7.9720 9.69567e-10 -2.1732 -2.1732 6.1584 6.1847 1.0008 0.9992 5.00e-03   1   2  0/338
4387:  445 1.17318e-08 -7.9306 1.06652e-09 -2.1786 -2.1786 6.1622 6.1827 1.0016 0.9984 5.00e-03   3   2  0/338
4387:  446 1.29049e-08 -7.8892 1.17318e-09 -2.1836 -2.1836 6.1633 6.1801 1.0018 0.9982 5.00e-03   3   1  0/338
4387:  447 1.41954e-08 -7.8479 1.29049e-09 -2.1875 -2.1875 6.1631 6.1771 1.0002 0.9998 5.00e-03   4   1  0/338
4387:  448 1.56150e-08 -7.8065 1.41954e-09 -2.1920 -2.1920 6.1624 6.1755 1.0012 0.9988 5.00e-03   4   1  0/338
4387:  449 1.71765e-08 -7.7651 1.56150e-09 -2.1963 -2.1963 6.1615 6.1728 1.0011 0.9989 5.00e-03   4   1  0/338
4387:  450 1.88941e-08 -7.7237 1.71765e-09 -2.2003 -2.2003 6.1605 6.1701 1.0009 0.9991 5.00e-03   4   1  0/338
4387:  451 2.07835e-08 -7.6823 1.88941e-09 -2.2040 -2.2040 6.1595 6.1677 1.0008 0.9992 5.00e-03   4   1  0/338
