#     Steps     t        logt       dt     logY0[6] logY[6] logF+  logF-     dF    log|dF| sumXtr  asy eq   it 
3774:  394 6.33089e-09 -8.1985 1.94696e-11 -2.1856 -2.1856 7.2123 7.2059 2.3623e+05 5.3733 1.0000   0   0 2/249
3774:  395 6.36906e-09 -8.1959 1.90802e-11 -2.1850 -2.1850 7.2128 7.2065 2.3294e+05 5.3672 1.0000   0   0 2/251
3774:  396 6.40645e-09 -8.1934 1.86986e-11 -2.1845 -2.1845 7.2133 7.2071 2.2977e+05 5.3613 1.0000   0   0 2/253
3774:  397 6.44310e-09 -8.1909 1.83246e-11 -2.1839 -2.1839 7.2138 7.2077 2.2670e+05 5.3555 1.0000   0   0 2/255
3774:  398 6.49441e-09 -8.1875 2.56544e-11 -2.1832 -2.1832 7.2144 7.2084 2.2312e+05 5.3485 1.0000   0   0 1/256
3774:  399 6.54469e-09 -8.1841 2.51413e-11 -2.1825 -2.1825 7.2150 7.2092 2.1906e+05 5.3406 1.0000   0   0 2/258
3774:  400 6.59397e-09 -8.1809 2.46385e-11 -2.1818 -2.1818 7.2156 7.2099 2.1516e+05 5.3328 1.0000   0   0 2/260
3774:  401 6.64226e-09 -8.1777 2.41457e-11 -2.1811 -2.1811 7.2162 7.2106 2.1141e+05 5.3251 1.0000   0   0 2/262
3774:  402 6.68959e-09 -8.1746 2.36628e-11 -2.1804 -2.1804 7.2168 7.2113 2.0782e+05 5.3177 1.0000   0   0 2/264
3774:  403 6.73597e-09 -8.1716 2.31896e-11 -2.1798 -2.1798 7.2174 7.2119 2.0436e+05 5.3104 1.0000   0   0 2/266
3774:  404 6.78142e-09 -8.1687 2.27258e-11 -2.1792 -2.1792 7.2179 7.2126 2.0103e+05 5.3033 1.0000   0   0 2/268
3774:  405 6.82596e-09 -8.1658 2.22713e-11 -2.1786 -2.1786 7.2184 7.2132 1.9783e+05 5.2963 1.0000   0   0 2/270
3774:  406 6.86961e-09 -8.1631 2.18258e-11 -2.1780 -2.1780 7.2189 7.2138 1.9475e+05 5.2895 1.0000   0   0 2/272
3774:  407 6.91239e-09 -8.1604 2.13893e-11 -2.1775 -2.1775 7.2194 7.2143 1.9179e+05 5.2828 1.0000   0   0 2/274
3774:  408 6.95431e-09 -8.1577 2.09615e-11 -2.1769 -2.1769 7.2198 7.2149 1.8893e+05 5.2763 1.0000   0   0 2/276
3774:  409 6.99540e-09 -8.1552 2.05423e-11 -2.1764 -2.1764 7.2203 7.2154 1.8617e+05 5.2699 1.0000   0   0 2/278
3774:  410 7.03566e-09 -8.1527 2.01315e-11 -2.1759 -2.1759 7.2207 7.2159 1.8352e+05 5.2637 1.0000   0   0 2/280
3774:  411 7.07512e-09 -8.1503 1.97288e-11 -2.1755 -2.1755 7.2211 7.2164 1.8096e+05 5.2576 1.0000   0   0 2/282
3774:  412 7.11379e-09 -8.1479 1.93343e-11 -2.1750 -2.1750 7.2215 7.2169 1.7849e+05 5.2516 1.0000   0   0 2/284
3774:  413 7.15168e-09 -8.1456 1.89476e-11 -2.1746 -2.1746 7.2219 7.2173 1.7610e+05 5.2458 1.0000   0   0 2/286
3774:  414 7.18882e-09 -8.1433 1.85686e-11 -2.1741 -2.1741 7.2223 7.2177 1.7380e+05 5.2400 1.0000   0   0 2/288
3774:  415 7.22521e-09 -8.1411 1.81972e-11 -2.1737 -2.1737 7.2227 7.2182 1.7157e+05 5.2344 1.0000   0   0 2/290
3774:  416 7.27617e-09 -8.1381 2.54761e-11 -2.1732 -2.1732 7.2231 7.2187 1.6897e+05 5.2278 1.0000   0   0 1/291
3774:  417 7.32610e-09 -8.1351 2.49666e-11 -2.1727 -2.1727 7.2236 7.2192 1.6601e+05 5.2201 1.0000   0   0 2/293
3774:  418 7.37503e-09 -8.1322 2.44673e-11 -2.1722 -2.1722 7.2240 7.2198 1.6317e+05 5.2126 1.0000   0   0 2/295
3774:  419 7.42299e-09 -8.1294 2.39779e-11 -2.1717 -2.1717 7.2245 7.2203 1.6044e+05 5.2053 1.0000   0   0 2/297
3774:  420 7.46999e-09 -8.1267 2.34984e-11 -2.1712 -2.1712 7.2249 7.2208 1.5781e+05 5.1981 1.0000   0   0 2/299
3774:  421 7.51604e-09 -8.1240 2.30284e-11 -2.1707 -2.1707 7.2253 7.2213 1.5528e+05 5.1911 1.0000   0   0 2/301
3774:  422 7.56118e-09 -8.1214 2.25678e-11 -2.1702 -2.1702 7.2257 7.2218 1.5285e+05 5.1843 1.0000   0   0 2/303
3774:  423 7.60541e-09 -8.1189 2.21165e-11 -2.1698 -2.1698 7.2261 7.2222 1.5050e+05 5.1775 1.0000   0   0 2/305
3774:  424 7.64876e-09 -8.1164 2.16742e-11 -2.1694 -2.1694 7.2265 7.2226 1.4824e+05 5.1710 1.0000   0   0 2/307
3774:  425 7.69124e-09 -8.1140 2.12407e-11 -2.1690 -2.1690 7.2268 7.2231 1.4606e+05 5.1645 1.0000   0   0 2/309
3774:  426 7.73287e-09 -8.1117 2.08159e-11 -2.1686 -2.1686 7.2272 7.2235 1.4396e+05 5.1582 1.0000   0   0 2/311
3774:  427 7.77367e-09 -8.1094 2.03995e-11 -2.1682 -2.1682 7.2275 7.2238 1.4193e+05 5.1521 1.0000   0   0 2/313
3774:  428 7.81366e-09 -8.1071 1.99916e-11 -2.1678 -2.1678 7.2278 7.2242 1.3998e+05 5.1461 1.0000   0   0 2/315
3774:  429 7.85284e-09 -8.1050 1.95917e-11 -2.1675 -2.1675 7.2281 7.2246 1.3809e+05 5.1402 1.0000   0   0 2/317
3774:  430 7.89124e-09 -8.1029 1.91999e-11 -2.1671 -2.1671 7.2284 7.2249 1.3626e+05 5.1344 1.0000   0   0 2/319
3774:  431 7.92887e-09 -8.1008 1.88159e-11 -2.1668 -2.1668 7.2287 7.2253 1.3450e+05 5.1287 1.0000   0   0 2/321
3774:  432 7.96575e-09 -8.0988 1.84396e-11 -2.1665 -2.1665 7.2290 7.2256 1.3280e+05 5.1232 1.0000   0   0 2/323
3774:  433 8.01738e-09 -8.0960 2.58154e-11 -2.1661 -2.1661 7.2294 7.2260 1.3080e+05 5.1166 1.0000   0   0 1/324
3774:  434 8.06798e-09 -8.0932 2.52991e-11 -2.1657 -2.1657 7.2297 7.2264 1.2854e+05 5.1090 1.0000   0   0 2/326
3774:  435 8.11757e-09 -8.0906 2.47931e-11 -2.1653 -2.1653 7.2301 7.2268 1.2636e+05 5.1016 1.0000   0   0 2/328
3774:  436 8.16616e-09 -8.0880 2.42973e-11 -2.1649 -2.1649 7.2304 7.2272 1.2427e+05 5.0943 1.0000   0   0 2/330
3774:  437 8.21378e-09 -8.0855 2.38113e-11 -2.1645 -2.1645 7.2308 7.2276 1.2225e+05 5.0872 1.0000   0   0 2/332
3774:  438 8.26045e-09 -8.0830 2.33351e-11 -2.1642 -2.1642 7.2311 7.2280 1.2030e+05 5.0803 1.0000   0   0 2/334
3774:  439 8.30619e-09 -8.0806 2.28684e-11 -2.1638 -2.1638 7.2314 7.2284 1.1843e+05 5.0735 1.0000   0   0 2/336
3774:  440 8.35101e-09 -8.0783 2.24110e-11 -2.1635 -2.1635 7.2317 7.2287 1.1663e+05 5.0668 1.0000   0   0 2/338
3774:  441 8.39494e-09 -8.0760 2.19628e-11 -2.1631 -2.1631 7.2320 7.2291 1.1489e+05 5.0603 1.0000   0   1 2/340
3774:  442 8.43798e-09 -8.0738 2.15235e-11 -2.1628 -2.1628 7.2323 7.2294 1.1321e+05 5.0539 1.0000   0   1 2/342
3774:  443 8.48017e-09 -8.0716 2.10931e-11 -2.1625 -2.1625 7.2325 7.2297 1.1159e+05 5.0476 1.0000   0   1 2/344
3774:  444 8.52151e-09 -8.0695 2.06712e-11 -2.1622 -2.1622 7.2328 7.2300 1.1003e+05 5.0415 1.0000   0   1 2/346
3774:  445 8.56203e-09 -8.0674 2.02578e-11 -2.1620 -2.1620 7.2331 7.2303 1.0852e+05 5.0355 1.0000   0   1 2/348
3774:  446 8.60173e-09 -8.0654 1.98526e-11 -2.1617 -2.1617 7.2333 7.2306 1.0706e+05 5.0296 1.0000   0   1 2/350
3774:  447 8.64064e-09 -8.0635 1.94556e-11 -2.1614 -2.1614 7.2335 7.2308 1.0566e+05 5.0239 1.0000   0   1 2/352
3774:  448 8.67878e-09 -8.0615 1.90665e-11 -2.1612 -2.1612 7.2338 7.2311 1.0430e+05 5.0183 1.0000   0   1 2/354
3774:  449 8.71615e-09 -8.0597 1.86851e-11 -2.1609 -2.1609 7.2340 7.2314 1.0298e+05 5.0128 1.0000   0   1 2/356
3774:  450 8.75277e-09 -8.0579 1.83114e-11 -2.1607 -2.1607 7.2342 7.2316 1.0171e+05 5.0074 1.0000   0   1 2/358
3774:  451 8.80404e-09 -8.0553 2.56360e-11 -2.1604 -2.1604 7.2344 7.2319 1.0022e+05 5.0010 1.0000   0   1 1/359
3774:  452 8.85429e-09 -8.0528 2.51233e-11 -2.1601 -2.1601 7.2347 7.2322 9.8526e+04 4.9936 1.0000   0   2 2/361
3774:  453 8.90353e-09 -8.0504 2.46208e-11 -2.1598 -2.1598 7.2350 7.2325 9.6896e+04 4.9863 1.0000   0   2 2/363
3774:  454 8.95179e-09 -8.0481 2.41284e-11 -2.1595 -2.1595 7.2353 7.2329 9.5325e+04 4.9792 1.0000   0   2 2/365
3774:  455 8.99908e-09 -8.0458 2.36458e-11 -2.1592 -2.1592 7.2355 7.2331 9.3813e+04 4.9723 1.0000   0   2 2/367
3774:  456 9.04543e-09 -8.0436 2.31729e-11 -2.1589 -2.1589 7.2358 7.2334 9.2355e+04 4.9655 1.0000   0   2 2/369
3774:  457 9.09084e-09 -8.0414 2.27095e-11 -2.1586 -2.1586 7.2360 7.2337 9.0949e+04 4.9588 1.0000   0   2 2/371
3774:  458 9.13535e-09 -8.0393 2.22553e-11 -2.1584 -2.1584 7.2362 7.2340 8.9593e+04 4.9523 1.0000   0   2 2/373
3774:  459 9.17898e-09 -8.0372 2.18102e-11 -2.1581 -2.1581 7.2365 7.2342 8.8285e+04 4.9459 1.0000   0   2 2/375
3774:  460 9.22172e-09 -8.0352 2.13740e-11 -2.1579 -2.1579 7.2367 7.2345 8.7023e+04 4.9396 1.0000   0   2 2/377
3774:  461 9.26362e-09 -8.0332 2.09465e-11 -2.1577 -2.1577 7.2369 7.2347 8.5804e+04 4.9335 1.0000   0   2 2/379
3774:  462 9.30467e-09 -8.0313 2.05275e-11 -2.1575 -2.1575 7.2371 7.2349 8.4626e+04 4.9275 1.0000   0   2 2/381
3774:  463 9.34491e-09 -8.0294 2.01170e-11 -2.1572 -2.1572 7.2373 7.2352 8.3489e+04 4.9216 1.0000   0   2 2/383
3774:  464 9.38433e-09 -8.0276 1.97147e-11 -2.1570 -2.1570 7.2374 7.2354 8.2389e+04 4.9159 1.0000   0   2 2/385
3774:  465 9.42298e-09 -8.0258 1.93204e-11 -2.1568 -2.1568 7.2376 7.2356 8.1327e+04 4.9102 1.0000   0   2 2/387
3774:  466 9.46084e-09 -8.0241 1.89340e-11 -2.1566 -2.1566 7.2378 7.2358 8.0299e+04 4.9047 1.0000   0   2 2/389
3774:  467 9.49795e-09 -8.0224 1.85553e-11 -2.1565 -2.1565 7.2380 7.2360 7.9305e+04 4.8993 1.0000   0   2 2/391
3774:  468 9.53432e-09 -8.0207 1.81842e-11 -2.1563 -2.1563 7.2381 7.2362 7.8343e+04 4.8940 1.0000   0   2 2/393
3774:  469 9.58524e-09 -8.0184 2.54578e-11 -2.1561 -2.1561 7.2383 7.2364 7.7215e+04 4.8877 1.0000   0   2 1/394
3774:  470 9.63514e-09 -8.0161 2.49487e-11 -2.1558 -2.1558 7.2385 7.2366 7.5933e+04 4.8804 1.0000   0   2 2/396
3774:  471 9.68403e-09 -8.0139 2.44497e-11 -2.1556 -2.1556 7.2387 7.2369 7.4698e+04 4.8733 1.0000   0   2 2/398
3774:  472 9.73196e-09 -8.0118 2.39607e-11 -2.1554 -2.1554 7.2389 7.2371 7.3507e+04 4.8663 1.0000   0   2 2/400
3774:  473 9.77892e-09 -8.0097 2.34815e-11 -2.1552 -2.1552 7.2391 7.2373 7.2360e+04 4.8595 1.0000   0   2 2/402
3774:  474 9.82494e-09 -8.0077 2.30119e-11 -2.1549 -2.1549 7.2393 7.2375 7.1253e+04 4.8528 1.0000   0   2 2/404
3774:  475 9.87005e-09 -8.0057 2.25516e-11 -2.1547 -2.1547 7.2395 7.2377 7.0185e+04 4.8462 1.0000   0   2 2/406
3774:  476 9.91425e-09 -8.0037 2.21006e-11 -2.1546 -2.1546 7.2397 7.2379 6.9154e+04 4.8398 1.0000   0   2 2/408
3774:  477 9.95756e-09 -8.0018 2.16586e-11 -2.1544 -2.1544 7.2398 7.2381 6.8159e+04 4.8335 1.0000   0   2 2/410
3774:  478 1.00000e-08 -8.0000 2.12254e-11 -2.1542 -2.1542 7.2400 7.2383 6.7199e+04 4.8274 1.0000   0   2 2/412
3774:  479 1.00416e-08 -7.9982 2.08009e-11 -2.1540 -2.1540 7.2402 7.2385 6.6270e+04 4.8213 1.0000   0   2 2/414
3774:  480 1.00824e-08 -7.9964 2.03849e-11 -2.1538 -2.1538 7.2403 7.2387 6.5373e+04 4.8154 1.0000   0   2 2/416
3774:  481 1.01223e-08 -7.9947 1.99772e-11 -2.1537 -2.1537 7.2405 7.2388 6.4506e+04 4.8096 1.0000   0   2 2/418
3774:  482 1.01615e-08 -7.9930 1.95777e-11 -2.1535 -2.1535 7.2406 7.2390 6.3668e+04 4.8039 1.0000   0   2 2/420
3774:  483 1.01999e-08 -7.9914 1.91861e-11 -2.1534 -2.1534 7.2407 7.2392 6.2857e+04 4.7984 1.0000   0   2 2/422
3774:  484 1.02375e-08 -7.9898 1.88024e-11 -2.1532 -2.1532 7.2409 7.2393 6.2073e+04 4.7929 1.0000   0   2 2/424
3774:  485 1.02743e-08 -7.9882 1.84263e-11 -2.1531 -2.1531 7.2410 7.2395 6.1314e+04 4.7876 1.0000   0   2 2/426
3774:  486 1.03259e-08 -7.9861 2.57969e-11 -2.1529 -2.1529 7.2412 7.2396 6.0423e+04 4.7812 1.0000   0   2 1/427
3774:  487 1.03765e-08 -7.9839 2.52809e-11 -2.1527 -2.1527 7.2413 7.2398 5.9411e+04 4.7739 1.0000   0   2 2/429
3774:  488 1.04260e-08 -7.9819 2.47753e-11 -2.1525 -2.1525 7.2415 7.2400 5.8435e+04 4.7667 1.0000   0   2 2/431
3774:  489 1.04746e-08 -7.9799 2.42798e-11 -2.1524 -2.1524 7.2416 7.2402 5.7495e+04 4.7596 1.0000   0   2 2/433
3774:  490 1.05222e-08 -7.9779 2.37942e-11 -2.1522 -2.1522 7.2418 7.2404 5.6588e+04 4.7527 1.0000   0   2 2/435
3774:  491 1.05688e-08 -7.9760 2.33183e-11 -2.1520 -2.1520 7.2419 7.2406 5.5713e+04 4.7460 1.0000   0   2 2/437
3774:  492 1.06145e-08 -7.9741 2.28520e-11 -2.1519 -2.1519 7.2421 7.2407 5.4869e+04 4.7393 1.0000   0   2 2/439
3774:  493 1.06593e-08 -7.9723 2.23949e-11 -2.1517 -2.1517 7.2422 7.2409 5.4055e+04 4.7328 1.0000   0   2 2/441
3774:  494 1.07032e-08 -7.9705 2.19470e-11 -2.1516 -2.1516 7.2424 7.2410 5.3268e+04 4.7265 1.0000   0   2 2/443
3774:  495 1.07462e-08 -7.9687 2.15081e-11 -2.1514 -2.1514 7.2425 7.2412 5.2508e+04 4.7202 1.0000   0   2 2/445
3774:  496 1.07884e-08 -7.9670 2.10779e-11 -2.1513 -2.1513 7.2426 7.2413 5.1774e+04 4.7141 1.0000   0   2 2/447
3774:  497 1.08297e-08 -7.9654 2.06564e-11 -2.1512 -2.1512 7.2427 7.2415 5.1065e+04 4.7081 1.0000   0   2 2/449
3774:  498 1.08702e-08 -7.9638 2.02432e-11 -2.1510 -2.1510 7.2428 7.2416 5.0379e+04 4.7022 1.0000   0   2 2/451
3774:  499 1.09099e-08 -7.9622 1.98384e-11 -2.1509 -2.1509 7.2430 7.2417 4.9716e+04 4.6965 1.0000   0   2 2/453
3774:  500 1.09487e-08 -7.9606 1.94416e-11 -2.1508 -2.1508 7.2431 7.2419 4.9074e+04 4.6909 1.0000   0   2 2/455
3774:  501 1.09868e-08 -7.9591 1.90528e-11 -2.1507 -2.1507 7.2432 7.2420 4.8453e+04 4.6853 1.0000   0   2 2/457
3774:  502 1.10242e-08 -7.9577 1.86717e-11 -2.1506 -2.1506 7.2433 7.2421 4.7852e+04 4.6799 1.0000   0   2 2/459
3774:  503 1.10608e-08 -7.9562 1.82983e-11 -2.1505 -2.1505 7.2434 7.2422 4.7271e+04 4.6746 1.0000   0   2 2/461
3774:  504 1.11120e-08 -7.9542 2.56176e-11 -2.1503 -2.1503 7.2435 7.2423 4.6588e+04 4.6683 1.0000   0   2 1/462
3774:  505 1.11622e-08 -7.9522 2.51052e-11 -2.1502 -2.1502 7.2436 7.2425 4.5812e+04 4.6610 1.0000   0   2 2/464
3774:  506 1.12114e-08 -7.9503 2.46031e-11 -2.1500 -2.1500 7.2437 7.2426 4.5064e+04 4.6538 1.0000   0   2 2/466
3774:  507 1.12597e-08 -7.9485 2.41111e-11 -2.1499 -2.1499 7.2439 7.2428 4.4342e+04 4.6468 1.0000   0   2 2/468
3774:  508 1.13069e-08 -7.9467 2.36288e-11 -2.1498 -2.1498 7.2440 7.2429 4.3645e+04 4.6399 1.0000   0   2 2/470
3774:  509 1.13532e-08 -7.9449 2.31563e-11 -2.1497 -2.1497 7.2441 7.2430 4.2973e+04 4.6332 1.0000   0   2 2/472
3774:  510 1.13986e-08 -7.9431 2.26931e-11 -2.1495 -2.1495 7.2442 7.2432 4.2325e+04 4.6266 1.0000   0   2 2/474
3774:  511 1.14431e-08 -7.9415 2.22393e-11 -2.1494 -2.1494 7.2443 7.2433 4.1698e+04 4.6201 1.0000   0   2 2/476
3774:  512 1.14867e-08 -7.9398 2.17945e-11 -2.1493 -2.1493 7.2444 7.2434 4.1093e+04 4.6138 1.0000   0   2 2/478
3774:  513 1.15294e-08 -7.9382 2.13586e-11 -2.1492 -2.1492 7.2445 7.2435 4.0509e+04 4.6075 1.0000   0   2 2/480
3774:  514 1.15713e-08 -7.9366 2.09314e-11 -2.1491 -2.1491 7.2446 7.2436 3.9943e+04 4.6014 1.0000   0   2 2/482
3774:  515 1.16123e-08 -7.9351 2.05128e-11 -2.1490 -2.1490 7.2447 7.2437 3.9397e+04 4.5955 1.0000   0   2 2/484
3774:  516 1.16525e-08 -7.9336 2.01025e-11 -2.1489 -2.1489 7.2448 7.2438 3.8869e+04 4.5896 1.0000   0   2 2/486
3774:  517 1.16919e-08 -7.9321 1.97005e-11 -2.1488 -2.1488 7.2449 7.2439 3.8358e+04 4.5839 1.0000   0   2 2/488
3774:  518 1.17305e-08 -7.9307 1.93065e-11 -2.1487 -2.1487 7.2450 7.2440 3.7863e+04 4.5782 1.0000   0   2 2/490
3774:  519 1.17683e-08 -7.9293 1.89204e-11 -2.1486 -2.1486 7.2450 7.2441 3.7384e+04 4.5727 1.0000   0   2 2/492
3774:  520 1.18054e-08 -7.9279 1.85419e-11 -2.1485 -2.1485 7.2451 7.2442 3.6921e+04 4.5673 1.0000   0   2 2/494
3774:  521 1.18418e-08 -7.9266 1.81711e-11 -2.1485 -2.1485 7.2452 7.2443 3.6472e+04 4.5620 1.0000   0   2 2/496
3774:  522 1.18926e-08 -7.9247 2.54396e-11 -2.1484 -2.1484 7.2453 7.2444 3.5945e+04 4.5556 1.0000   0   2 1/497
3774:  523 1.19425e-08 -7.9229 2.49308e-11 -2.1482 -2.1482 7.2454 7.2445 3.5346e+04 4.5483 1.0000   0   2 2/499
3774:  524 1.19914e-08 -7.9211 2.44321e-11 -2.1481 -2.1481 7.2455 7.2446 3.4768e+04 4.5412 1.0000   0   2 2/501
3774:  525 1.20393e-08 -7.9194 2.39435e-11 -2.1480 -2.1480 7.2456 7.2447 3.4210e+04 4.5342 1.0000   0   2 2/503
3774:  526 1.20862e-08 -7.9177 2.34646e-11 -2.1479 -2.1479 7.2457 7.2448 3.3672e+04 4.5273 1.0000   0   2 2/505
3774:  527 1.21322e-08 -7.9161 2.29953e-11 -2.1478 -2.1478 7.2457 7.2449 3.3152e+04 4.5205 1.0000   0   2 2/507
3774:  528 1.21773e-08 -7.9145 2.25354e-11 -2.1478 -2.1478 7.2458 7.2450 3.2650e+04 4.5139 1.0000   0   2 2/509
3774:  529 1.22214e-08 -7.9129 2.20847e-11 -2.1477 -2.1477 7.2459 7.2451 3.2166e+04 4.5074 1.0000   0   2 2/511
3774:  530 1.22647e-08 -7.9113 2.16430e-11 -2.1476 -2.1476 7.2460 7.2452 3.1697e+04 4.5010 1.0000   0   2 2/513
3774:  531 1.23071e-08 -7.9098 2.12102e-11 -2.1475 -2.1475 7.2461 7.2453 3.1245e+04 4.4948 1.0000   0   2 2/515
3774:  532 1.23487e-08 -7.9084 2.07860e-11 -2.1474 -2.1474 7.2461 7.2454 3.0807e+04 4.4886 1.0000   0   2 2/517
3774:  533 1.23894e-08 -7.9069 2.03702e-11 -2.1473 -2.1473 7.2462 7.2455 3.0384e+04 4.4826 1.0000   0   2 2/519
3774:  534 1.24294e-08 -7.9056 1.99628e-11 -2.1473 -2.1473 7.2463 7.2455 2.9974e+04 4.4767 1.0000   0   2 2/521
3774:  535 1.24685e-08 -7.9042 1.95636e-11 -2.1472 -2.1472 7.2463 7.2456 2.9578e+04 4.4710 1.0000   0   2 2/523
3774:  536 1.25068e-08 -7.9029 1.91723e-11 -2.1471 -2.1471 7.2464 7.2457 2.9195e+04 4.4653 1.0000   0   2 2/525
3774:  537 1.25444e-08 -7.9015 1.87889e-11 -2.1471 -2.1471 7.2465 7.2458 2.8823e+04 4.4597 1.0000   0   2 2/527
3774:  538 1.25812e-08 -7.9003 1.84131e-11 -2.1470 -2.1470 7.2465 7.2458 2.8464e+04 4.4543 1.0000   0   2 2/529
3774:  539 1.26328e-08 -7.8985 2.57783e-11 -2.1469 -2.1469 7.2466 7.2459 2.8042e+04 4.4478 1.0000   0   2 1/530
3774:  540 1.26833e-08 -7.8968 2.52628e-11 -2.1468 -2.1468 7.2467 7.2460 2.7562e+04 4.4403 1.0000   0   2 2/532
3774:  541 1.27328e-08 -7.8951 2.47575e-11 -2.1467 -2.1467 7.2467 7.2461 2.7099e+04 4.4329 1.0000   0   2 2/534
3774:  542 1.27814e-08 -7.8934 2.42624e-11 -2.1467 -2.1467 7.2468 7.2462 2.6652e+04 4.4257 1.0000   0   2 2/536
3774:  543 1.28289e-08 -7.8918 2.37771e-11 -2.1466 -2.1466 7.2469 7.2462 2.6221e+04 4.4186 1.0000   0   2 2/538
3774:  544 1.28755e-08 -7.8902 2.33016e-11 -2.1465 -2.1465 7.2470 7.2463 2.5804e+04 4.4117 1.0000   0   2 2/540
3774:  545 1.29212e-08 -7.8887 2.28355e-11 -2.1464 -2.1464 7.2470 7.2464 2.5402e+04 4.4049 1.0000   0   2 2/542
3774:  546 1.29660e-08 -7.8872 2.23788e-11 -2.1464 -2.1464 7.2471 7.2465 2.5014e+04 4.3982 1.0000   0   2 2/544
3774:  547 1.30098e-08 -7.8857 2.19312e-11 -2.1463 -2.1463 7.2472 7.2465 2.4639e+04 4.3916 1.0000   0   2 2/546
3774:  548 1.30528e-08 -7.8843 2.14926e-11 -2.1462 -2.1462 7.2472 7.2466 2.4277e+04 4.3852 1.0000   0   2 2/548
3774:  549 1.30949e-08 -7.8829 2.10628e-11 -2.1462 -2.1462 7.2473 7.2467 2.3926e+04 4.3789 1.0000   0   2 2/550
3774:  550 1.31362e-08 -7.8815 2.06415e-11 -2.1461 -2.1461 7.2473 7.2467 2.3587e+04 4.3727 1.0000   0   2 2/552
3774:  551 1.31767e-08 -7.8802 2.02287e-11 -2.1461 -2.1461 7.2474 7.2468 2.3259e+04 4.3666 1.0000   0   2 2/554
3774:  552 1.32163e-08 -7.8789 1.98241e-11 -2.1460 -2.1460 7.2474 7.2469 2.2942e+04 4.3606 1.0000   0   2 2/556
3774:  553 1.32552e-08 -7.8776 1.94276e-11 -2.1459 -2.1459 7.2475 7.2469 2.2635e+04 4.3548 1.0000   0   2 2/558
3774:  554 1.32932e-08 -7.8764 1.90391e-11 -2.1459 -2.1459 7.2475 7.2470 2.2338e+04 4.3490 1.0000   0   2 2/560
3774:  555 1.33306e-08 -7.8752 1.86583e-11 -2.1458 -2.1458 7.2476 7.2470 2.2050e+04 4.3434 1.0000   0   2 2/562
3774:  556 1.33671e-08 -7.8740 1.82851e-11 -2.1458 -2.1458 7.2476 7.2471 2.1771e+04 4.3379 1.0000   0   2 2/564
3774:  557 1.34183e-08 -7.8723 2.55992e-11 -2.1457 -2.1457 7.2477 7.2471 2.1444e+04 4.3313 1.0000   0   2 1/565
3774:  558 1.34685e-08 -7.8707 2.50872e-11 -2.1457 -2.1457 7.2477 7.2472 2.1071e+04 4.3237 1.0000   0   2 2/567
3774:  559 1.35177e-08 -7.8691 2.45855e-11 -2.1456 -2.1456 7.2478 7.2473 2.0712e+04 4.3162 1.0000   0   2 2/569
3774:  560 1.35659e-08 -7.8676 2.40937e-11 -2.1455 -2.1455 7.2478 7.2473 2.0365e+04 4.3089 1.0000   0   2 2/571
3774:  561 1.36131e-08 -7.8660 2.36119e-11 -2.1455 -2.1455 7.2479 7.2474 2.0030e+04 4.3017 1.0000   0   2 2/573
3774:  562 1.36594e-08 -7.8646 2.31396e-11 -2.1454 -2.1454 7.2480 7.2475 1.9707e+04 4.2946 1.0000   0   2 2/575
3774:  563 1.37047e-08 -7.8631 2.26768e-11 -2.1454 -2.1454 7.2480 7.2475 1.9395e+04 4.2877 1.0000   0   2 2/577
3774:  564 1.37492e-08 -7.8617 2.22233e-11 -2.1453 -2.1453 7.2481 7.2476 1.9093e+04 4.2809 1.0000   0   2 2/579
3774:  565 1.37927e-08 -7.8603 2.17788e-11 -2.1453 -2.1453 7.2481 7.2476 1.8802e+04 4.2742 1.0000   0   2 2/581
3774:  566 1.38354e-08 -7.8590 2.13433e-11 -2.1452 -2.1452 7.2481 7.2477 1.8520e+04 4.2676 1.0000   0   2 2/583
3774:  567 1.38772e-08 -7.8577 2.09164e-11 -2.1452 -2.1452 7.2482 7.2477 1.8247e+04 4.2612 1.0000   0   2 2/585
3774:  568 1.39182e-08 -7.8564 2.04981e-11 -2.1451 -2.1451 7.2482 7.2478 1.7984e+04 4.2549 1.0000   0   2 2/587
3774:  569 1.39584e-08 -7.8552 2.00881e-11 -2.1451 -2.1451 7.2483 7.2478 1.7729e+04 4.2487 1.0000   0   2 2/589
3774:  570 1.39978e-08 -7.8539 1.96863e-11 -2.1450 -2.1450 7.2483 7.2479 1.7482e+04 4.2426 1.0000   0   2 2/591
3774:  571 1.40364e-08 -7.8527 1.92926e-11 -2.1450 -2.1450 7.2483 7.2479 1.7243e+04 4.2366 1.0000   0   2 2/593
3774:  572 1.40742e-08 -7.8516 1.89068e-11 -2.1450 -2.1450 7.2484 7.2480 1.7012e+04 4.2308 1.0000   0   2 2/595
3774:  573 1.41112e-08 -7.8504 1.85286e-11 -2.1449 -2.1449 7.2484 7.2480 1.6788e+04 4.2250 1.0000   0   2 2/597
3774:  574 1.41476e-08 -7.8493 1.81581e-11 -2.1449 -2.1449 7.2485 7.2480 1.6571e+04 4.2194 1.0000   0   2 2/599
3774:  575 1.41984e-08 -7.8478 2.54213e-11 -2.1448 -2.1448 7.2485 7.2481 1.6316e+04 4.2126 1.0000   0   2 1/600
3774:  576 1.42482e-08 -7.8462 2.49129e-11 -2.1448 -2.1448 7.2485 7.2481 1.6026e+04 4.2048 1.0000   0   2 2/602
3774:  577 1.42971e-08 -7.8448 2.44146e-11 -2.1447 -2.1447 7.2486 7.2482 1.5747e+04 4.1972 1.0000   0   2 2/604
3774:  578 1.43449e-08 -7.8433 2.39263e-11 -2.1447 -2.1447 7.2486 7.2482 1.5477e+04 4.1897 1.0000   0   2 2/606
3774:  579 1.43918e-08 -7.8419 2.34478e-11 -2.1447 -2.1447 7.2487 7.2483 1.5216e+04 4.1823 1.0000   0   2 2/608
3774:  580 1.44378e-08 -7.8405 2.29788e-11 -2.1446 -2.1446 7.2487 7.2483 1.4964e+04 4.1750 1.0000   0   2 2/610
3774:  581 1.44828e-08 -7.8391 2.25192e-11 -2.1446 -2.1446 7.2487 7.2484 1.4721e+04 4.1679 1.0000   0   2 2/612
3774:  582 1.45269e-08 -7.8378 2.20689e-11 -2.1445 -2.1445 7.2488 7.2484 1.4486e+04 4.1609 1.0000   0   2 2/614
3774:  583 1.45702e-08 -7.8365 2.16275e-11 -2.1445 -2.1445 7.2488 7.2485 1.4259e+04 4.1541 1.0000   0   2 2/616
3774:  584 1.46126e-08 -7.8353 2.11949e-11 -2.1445 -2.1445 7.2489 7.2485 1.4039e+04 4.1473 1.0000   0   2 2/618
3774:  585 1.46541e-08 -7.8340 2.07710e-11 -2.1444 -2.1444 7.2489 7.2485 1.3827e+04 4.1407 1.0000   0   2 2/620
3774:  586 1.46948e-08 -7.8328 2.03556e-11 -2.1444 -2.1444 7.2489 7.2486 1.3621e+04 4.1342 1.0000   0   2 2/622
3774:  587 1.47347e-08 -7.8317 1.99485e-11 -2.1444 -2.1444 7.2489 7.2486 1.3422e+04 4.1278 1.0000   0   2 2/624
3774:  588 1.47738e-08 -7.8305 1.95495e-11 -2.1443 -2.1443 7.2490 7.2487 1.3230e+04 4.1216 1.0000   0   2 2/626
3774:  589 1.48122e-08 -7.8294 1.91585e-11 -2.1443 -2.1443 7.2490 7.2487 1.3044e+04 4.1154 1.0000   0   2 2/628
3774:  590 1.48497e-08 -7.8283 1.87754e-11 -2.1443 -2.1443 7.2490 7.2487 1.2863e+04 4.1094 1.0000   0   2 2/630
3774:  591 1.48865e-08 -7.8272 1.83999e-11 -2.1442 -2.1442 7.2491 7.2487 1.2689e+04 4.1034 1.0000   0   2 2/632
3774:  592 1.49380e-08 -7.8257 2.57598e-11 -2.1442 -2.1442 7.2491 7.2488 1.2483e+04 4.0963 1.0000   0   2 1/633
3774:  593 1.49885e-08 -7.8242 2.52446e-11 -2.1442 -2.1442 7.2491 7.2488 1.2250e+04 4.0881 1.0000   0   2 2/635
3774:  594 1.50380e-08 -7.8228 2.47397e-11 -2.1441 -2.1441 7.2492 7.2489 1.2025e+04 4.0801 1.0000   0   2 2/637
3774:  595 1.50865e-08 -7.8214 2.42449e-11 -2.1441 -2.1441 7.2492 7.2489 1.1807e+04 4.0722 1.0000   0   2 2/639
3774:  596 1.51340e-08 -7.8200 2.37600e-11 -2.1441 -2.1441 7.2492 7.2489 1.1598e+04 4.0644 1.0000   0   2 2/641
3774:  597 1.51806e-08 -7.8187 2.32848e-11 -2.1440 -2.1440 7.2493 7.2490 1.1395e+04 4.0567 1.0000   0   2 2/643
3774:  598 1.52262e-08 -7.8174 2.28191e-11 -2.1440 -2.1440 7.2493 7.2490 1.1200e+04 4.0492 1.0000   0   2 2/645
3774:  599 1.52709e-08 -7.8161 2.23627e-11 -2.1440 -2.1440 7.2493 7.2490 1.1011e+04 4.0418 1.0000   0   2 2/647
3774:  600 1.53148e-08 -7.8149 2.19155e-11 -2.1439 -2.1439 7.2493 7.2491 1.0828e+04 4.0345 1.0000   0   2 2/649
3774:  601 1.53577e-08 -7.8137 2.14772e-11 -2.1439 -2.1439 7.2494 7.2491 1.0651e+04 4.0274 1.0000   0   2 2/651
3774:  602 1.53998e-08 -7.8125 2.10476e-11 -2.1439 -2.1439 7.2494 7.2491 1.0481e+04 4.0204 1.0000   0   2 2/653
3774:  603 1.54411e-08 -7.8113 2.06267e-11 -2.1438 -2.1438 7.2494 7.2492 1.0316e+04 4.0135 1.0000   0   2 2/655
3774:  604 1.54815e-08 -7.8102 2.02142e-11 -2.1438 -2.1438 7.2494 7.2492 1.0156e+04 4.0067 1.0000   0   2 2/657
3774:  605 1.55211e-08 -7.8091 1.98099e-11 -2.1438 -2.1438 7.2495 7.2492 1.0001e+04 4.0001 1.0000   0   2 2/659
3774:  606 1.55599e-08 -7.8080 1.94137e-11 -2.1438 -2.1438 7.2495 7.2492 9.8518e+03 3.9935 1.0000   0   2 2/661
3774:  607 1.55980e-08 -7.8069 1.90254e-11 -2.1438 -2.1438 7.2495 7.2493 9.7070e+03 3.9871 1.0000   0   2 2/663
3774:  608 1.56353e-08 -7.8059 1.86449e-11 -2.1437 -2.1437 7.2495 7.2493 9.5668e+03 3.9808 1.0000   0   2 2/665
3774:  609 1.56718e-08 -7.8049 1.82720e-11 -2.1437 -2.1437 7.2496 7.2493 9.4309e+03 3.9746 1.0000   0   2 2/667
3774:  610 1.57230e-08 -7.8035 2.55808e-11 -2.1437 -2.1437 7.2496 7.2493 9.2715e+03 3.9671 1.0000   0   2 1/668
3774:  611 1.57731e-08 -7.8021 2.50692e-11 -2.1437 -2.1437 7.2496 7.2494 9.0899e+03 3.9586 1.0000   0   2 2/670
3774:  612 1.58223e-08 -7.8007 2.45678e-11 -2.1436 -2.1436 7.2496 7.2494 8.9148e+03 3.9501 1.0000   0   2 2/672
3774:  613 1.58704e-08 -7.7994 2.40764e-11 -2.1436 -2.1436 7.2497 7.2494 8.7458e+03 3.9418 1.0000   0   2 2/674
3774:  614 1.59176e-08 -7.7981 2.35949e-11 -2.1436 -2.1436 7.2497 7.2495 8.5827e+03 3.9336 1.0000   0   2 2/676
3774:  615 1.59639e-08 -7.7969 2.31230e-11 -2.1436 -2.1436 7.2497 7.2495 8.4251e+03 3.9256 1.0000   0   2 2/678
3774:  616 1.60092e-08 -7.7956 2.26605e-11 -2.1435 -2.1435 7.2497 7.2495 8.2730e+03 3.9177 1.0000   0   2 2/680
3774:  617 1.60536e-08 -7.7944 2.22073e-11 -2.1435 -2.1435 7.2497 7.2495 8.1260e+03 3.9099 1.0000   0   2 2/682
3774:  618 1.60971e-08 -7.7933 2.17632e-11 -2.1435 -2.1435 7.2498 7.2496 7.9840e+03 3.9022 1.0000   0   2 2/684
3774:  619 1.61398e-08 -7.7921 2.13279e-11 -2.1435 -2.1435 7.2498 7.2496 7.8467e+03 3.8947 1.0000   0   2 2/686
3774:  620 1.61816e-08 -7.7910 2.09014e-11 -2.1434 -2.1434 7.2498 7.2496 7.7139e+03 3.8873 1.0000   0   2 2/688
3774:  621 1.62225e-08 -7.7899 2.04833e-11 -2.1434 -2.1434 7.2498 7.2496 7.5855e+03 3.8800 1.0000   0   2 2/690
3774:  622 1.62627e-08 -7.7888 2.00737e-11 -2.1434 -2.1434 7.2498 7.2497 7.4613e+03 3.8728 1.0000   0   2 2/692
3774:  623 1.63020e-08 -7.7878 1.96722e-11 -2.1434 -2.1434 7.2499 7.2497 7.3410e+03 3.8658 1.0000   0   2 2/694
3774:  624 1.63406e-08 -7.7867 1.92788e-11 -2.1434 -2.1434 7.2499 7.2497 7.2247e+03 3.8588 1.0000   0   2 2/696
3774:  625 1.63784e-08 -7.7857 1.88932e-11 -2.1434 -2.1434 7.2499 7.2497 7.1120e+03 3.8520 1.0000   0   2 2/698
3774:  626 1.64154e-08 -7.7847 1.85153e-11 -2.1433 -2.1433 7.2499 7.2497 7.0029e+03 3.8453 1.0000   0   2 2/700
3774:  627 1.64517e-08 -7.7838 1.81450e-11 -2.1433 -2.1433 7.2499 7.2497 6.8972e+03 3.8387 1.0000   0   2 2/702
3774:  628 1.65025e-08 -7.7825 2.54030e-11 -2.1433 -2.1433 7.2499 7.2498 6.7732e+03 3.8308 1.0000   0   2 1/703
3774:  629 1.65523e-08 -7.7811 2.48950e-11 -2.1433 -2.1433 7.2500 7.2498 6.6320e+03 3.8216 1.0000   0   2 2/705
3774:  630 1.66011e-08 -7.7799 2.43971e-11 -2.1433 -2.1433 7.2500 7.2498 6.4957e+03 3.8126 1.0000   0   2 2/707
3774:  631 1.66489e-08 -7.7786 2.39091e-11 -2.1432 -2.1432 7.2500 7.2498 6.3643e+03 3.8037 1.0000   0   2 2/709
3774:  632 1.66958e-08 -7.7774 2.34309e-11 -2.1432 -2.1432 7.2500 7.2499 6.2374e+03 3.7950 1.0000   0   2 2/711
3774:  633 1.67417e-08 -7.7762 2.29623e-11 -2.1432 -2.1432 7.2500 7.2499 6.1148e+03 3.7864 1.0000   0   2 2/713
3774:  634 1.67867e-08 -7.7750 2.25031e-11 -2.1432 -2.1432 7.2500 7.2499 5.9965e+03 3.7779 1.0000   0   2 2/715
3774:  635 1.68308e-08 -7.7739 2.20530e-11 -2.1432 -2.1432 7.2501 7.2499 5.8822e+03 3.7695 1.0000   0   2 2/717
3774:  636 1.68740e-08 -7.7728 2.16119e-11 -2.1432 -2.1432 7.2501 7.2499 5.7717e+03 3.7613 1.0000   0   2 2/719
3774:  637 1.69164e-08 -7.7717 2.11797e-11 -2.1431 -2.1431 7.2501 7.2499 5.6649e+03 3.7532 1.0000   0   2 2/721
3774:  638 1.69579e-08 -7.7706 2.07561e-11 -2.1431 -2.1431 7.2501 7.2500 5.5616e+03 3.7452 1.0000   0   2 2/723
3774:  639 1.69986e-08 -7.7696 2.03410e-11 -2.1431 -2.1431 7.2501 7.2500 5.4618e+03 3.7373 1.0000   0   2 2/725
3774:  640 1.70384e-08 -7.7686 1.99342e-11 -2.1431 -2.1431 7.2501 7.2500 5.3652e+03 3.7296 1.0000   0   2 2/727
3774:  641 1.70775e-08 -7.7676 1.95355e-11 -2.1431 -2.1431 7.2501 7.2500 5.2717e+03 3.7219 1.0000   0   2 2/729
3774:  642 1.71158e-08 -7.7666 1.91448e-11 -2.1431 -2.1431 7.2501 7.2500 5.1812e+03 3.7144 1.0000   0   2 2/731
3774:  643 1.71533e-08 -7.7657 1.87619e-11 -2.1431 -2.1431 7.2502 7.2500 5.0936e+03 3.7070 1.0000   0   2 2/733
3774:  644 1.71901e-08 -7.7647 1.83866e-11 -2.1431 -2.1431 7.2502 7.2500 5.0088e+03 3.6997 1.0000   0   2 2/735
3774:  645 1.72416e-08 -7.7634 2.57413e-11 -2.1430 -2.1430 7.2502 7.2501 4.9092e+03 3.6910 1.0000   0   2 1/736
3774:  646 1.72920e-08 -7.7622 2.52265e-11 -2.1430 -2.1430 7.2502 7.2501 4.7959e+03 3.6809 1.0000   0   2 2/738
3774:  647 1.73415e-08 -7.7609 2.47219e-11 -2.1430 -2.1430 7.2502 7.2501 4.6867e+03 3.6709 1.0000   0   2 2/740
3774:  648 1.73899e-08 -7.7597 2.42275e-11 -2.1430 -2.1430 7.2502 7.2501 4.5813e+03 3.6610 1.0000   0   2 2/742
3774:  649 1.74374e-08 -7.7585 2.37430e-11 -2.1430 -2.1430 7.2502 7.2501 4.4796e+03 3.6512 1.0000   0   2 2/744
3774:  650 1.74840e-08 -7.7574 2.32681e-11 -2.1430 -2.1430 7.2502 7.2501 4.3815e+03 3.6416 1.0000   0   2 2/746
3774:  651 1.75770e-08 -7.7551 4.65362e-11 -2.1430 -2.1430 7.2503 7.2502 4.2381e+03 3.6272 1.0000   0   2 0/746
3774:  652 1.77073e-08 -7.7518 6.51507e-11 -2.1429 -2.1429 7.2503 7.2502 4.0166e+03 3.6039 1.0000   0   2 1/747
3774:  653 1.77511e-08 -7.7508 2.18997e-11 -2.1429 -2.1429 7.2503 7.2502 3.8577e+03 3.5863 1.0000   1   2 5/752
3774:  654 1.77941e-08 -7.7497 2.14618e-11 -2.1429 -2.1429 7.2503 7.2502 3.7797e+03 3.5775 1.0000   0   2 2/754
3774:  655 1.78361e-08 -7.7487 2.10325e-11 -2.1429 -2.1429 7.2503 7.2502 3.7015e+03 3.5684 1.0000   0   2 2/756
3774:  656 1.79203e-08 -7.7467 4.20650e-11 -2.1429 -2.1429 7.2503 7.2503 3.5856e+03 3.5546 1.0000   0   2 0/756
3774:  657 1.80380e-08 -7.7438 5.88910e-11 -2.1429 -2.1429 7.2504 7.2503 3.4052e+03 3.5321 1.0000   0   2 1/757
3774:  658 1.80776e-08 -7.7429 1.97956e-11 -2.1428 -2.1428 7.2504 7.2503 3.2742e+03 3.5151 1.0000   1   2 5/762
3774:  659 1.81164e-08 -7.7419 1.93997e-11 -2.1428 -2.1428 7.2504 7.2503 3.2101e+03 3.5065 1.0000   0   2 2/764
3774:  660 1.81545e-08 -7.7410 1.90117e-11 -2.1428 -2.1428 7.2504 7.2503 3.1459e+03 3.4978 1.0000   0   2 2/766
3774:  661 1.81917e-08 -7.7401 1.86315e-11 -2.1428 -2.1428 7.2504 7.2503 3.0831e+03 3.4890 1.0000   0   2 2/768
3774:  662 1.82282e-08 -7.7393 1.82589e-11 -2.1428 -2.1428 7.2504 7.2503 3.0221e+03 3.4803 1.0000   0   2 2/770
3774:  663 1.82794e-08 -7.7380 2.55624e-11 -2.1428 -2.1428 7.2504 7.2504 2.9502e+03 3.4699 1.0000   0   2 1/771
3774:  664 1.83816e-08 -7.7356 5.11248e-11 -2.1428 -2.1428 7.2504 7.2504 2.8265e+03 3.4512 1.0000   0   2 0/771
3774:  665 1.84307e-08 -7.7345 2.45501e-11 -2.1428 -2.1428 7.2505 7.2504 2.7095e+03 3.4329 1.0000   0   2 4/775
3774:  666 1.84788e-08 -7.7333 2.40591e-11 -2.1428 -2.1428 7.2505 7.2504 2.6345e+03 3.4207 1.0000   0   2 2/777
3774:  667 1.85751e-08 -7.7311 4.81183e-11 -2.1428 -2.1428 7.2505 7.2504 2.5254e+03 3.4023 1.0000   0   2 0/777
3774:  668 1.86213e-08 -7.7300 2.31064e-11 -2.1427 -2.1427 7.2505 7.2504 2.4222e+03 3.3842 1.0000   0   2 4/781
3774:  669 1.86666e-08 -7.7289 2.26443e-11 -2.1427 -2.1427 7.2505 7.2504 2.3561e+03 3.3722 1.0000   0   2 2/783
3774:  670 1.87109e-08 -7.7279 2.21914e-11 -2.1427 -2.1427 7.2505 7.2504 2.2925e+03 3.3603 1.0000   0   2 2/785
3774:  671 1.87997e-08 -7.7258 4.43828e-11 -2.1427 -2.1427 7.2505 7.2505 2.1996e+03 3.3423 1.0000   0   2 0/785
3774:  672 1.88423e-08 -7.7249 2.13126e-11 -2.1427 -2.1427 7.2505 7.2505 2.1115e+03 3.3246 1.0000   0   2 4/789
3774:  673 1.88841e-08 -7.7239 2.08864e-11 -2.1427 -2.1427 7.2505 7.2505 2.0550e+03 3.3128 1.0000   0   2 2/791
3774:  674 1.89250e-08 -7.7230 2.04686e-11 -2.1427 -2.1427 7.2505 7.2505 2.0005e+03 3.3011 1.0000   0   2 2/793
3774:  675 1.90069e-08 -7.7211 4.09372e-11 -2.1427 -2.1427 7.2505 7.2505 1.9208e+03 3.2835 1.0000   0   2 0/793
3774:  676 1.90462e-08 -7.7202 1.96581e-11 -2.1427 -2.1427 7.2505 7.2505 1.8451e+03 3.2660 1.0000   0   2 4/797
3774:  677 1.90848e-08 -7.7193 1.92649e-11 -2.1427 -2.1427 7.2505 7.2505 1.7965e+03 3.2544 1.0000   0   2 2/799
3774:  678 1.91225e-08 -7.7185 1.88796e-11 -2.1427 -2.1427 7.2506 7.2505 1.7496e+03 3.2429 1.0000   0   2 2/801
3774:  679 1.91595e-08 -7.7176 1.85020e-11 -2.1427 -2.1427 7.2506 7.2505 1.7042e+03 3.2315 1.0000   0   2 2/803
3774:  680 1.91958e-08 -7.7168 1.81320e-11 -2.1427 -2.1427 7.2506 7.2505 1.6603e+03 3.2202 1.0000   0   2 2/805
3774:  681 1.92466e-08 -7.7156 2.53848e-11 -2.1427 -2.1427 7.2506 7.2505 1.6088e+03 3.2065 1.0000   0   2 1/806
3774:  682 1.92963e-08 -7.7145 2.48771e-11 -2.1427 -2.1427 7.2506 7.2505 1.5503e+03 3.1904 1.0000   0   2 2/808
3774:  683 1.93451e-08 -7.7134 2.43795e-11 -2.1427 -2.1427 7.2506 7.2505 1.4939e+03 3.1743 1.0000   0   2 2/810
3774:  684 1.93929e-08 -7.7124 2.38919e-11 -2.1427 -2.1427 7.2506 7.2505 1.4396e+03 3.1582 1.0000   0   2 2/812
3774:  685 1.94397e-08 -7.7113 2.34141e-11 -2.1427 -2.1427 7.2506 7.2506 1.3872e+03 3.1421 1.0000   0   2 2/814
3774:  686 1.94856e-08 -7.7103 2.29458e-11 -2.1426 -2.1426 7.2506 7.2506 1.3366e+03 3.1260 1.0000   0   2 2/816
3774:  687 1.95306e-08 -7.7093 2.24869e-11 -2.1426 -2.1426 7.2506 7.2506 1.2879e+03 3.1099 1.0000   0   2 2/818
3774:  688 1.95746e-08 -7.7083 2.20372e-11 -2.1426 -2.1426 7.2506 7.2506 1.2409e+03 3.0937 1.0000   0   2 2/820
3774:  689 1.96178e-08 -7.7073 2.15964e-11 -2.1426 -2.1426 7.2506 7.2506 1.1955e+03 3.0776 1.0000   0   2 2/822
3774:  690 1.96602e-08 -7.7064 2.11645e-11 -2.1426 -2.1426 7.2506 7.2506 1.1517e+03 3.0613 1.0000   0   2 2/824
3774:  691 1.97016e-08 -7.7055 2.07412e-11 -2.1426 -2.1426 7.2506 7.2506 1.1094e+03 3.0451 1.0000   0   2 2/826
3774:  692 1.97423e-08 -7.7046 2.03264e-11 -2.1426 -2.1426 7.2506 7.2506 1.0686e+03 3.0288 1.0000   0   2 2/828
3774:  693 1.97821e-08 -7.7037 1.99198e-11 -2.1426 -2.1426 7.2506 7.2506 1.0291e+03 3.0125 1.0000   0   2 2/830
3774:  694 1.98212e-08 -7.7029 1.95215e-11 -2.1426 -2.1426 7.2506 7.2506 9.9101e+02 2.9961 1.0000   0   2 2/832
3774:  695 1.98594e-08 -7.7020 1.91310e-11 -2.1426 -2.1426 7.2506 7.2506 9.5415e+02 2.9796 1.0000   0   2 2/834
3774:  696 1.98969e-08 -7.7012 1.87484e-11 -2.1426 -2.1426 7.2506 7.2506 9.1852e+02 2.9631 1.0000   0   2 2/836
3774:  697 1.99337e-08 -7.7004 1.83734e-11 -2.1426 -2.1426 7.2506 7.2506 8.8406e+02 2.9465 1.0000   0   2 2/838
3774:  698 1.99851e-08 -7.6993 2.57228e-11 -2.1426 -2.1426 7.2506 7.2506 8.4367e+02 2.9262 1.0000   0   2 1/839
