#    Steps      t        logt       dt     lgY0[6]  lgY[6]  lgF+   lgF-  sumXtr  XFac   massTol #asy #eq  #it
4372:  434 8.16918e-09 -8.0878 1.01196e-10 -2.1657 -2.1655 7.2297 7.2264 1.0000 0.0000 1.00e-07   0   0  2/326
4372:  435 8.21674e-09 -8.0853 9.91725e-11 -2.1653 -2.1651 7.2301 7.2268 1.0000 0.0000 1.00e-07   0   0  2/328
4372:  436 8.26335e-09 -8.0828 9.71890e-11 -2.1649 -2.1647 7.2304 7.2272 1.0000 0.0000 1.00e-07   0   0  2/330
4372:  437 8.30903e-09 -8.0804 9.52452e-11 -2.1645 -2.1643 7.2308 7.2276 1.0000 0.0000 1.00e-07   0   0  2/332
4372:  438 8.35379e-09 -8.0781 9.33403e-11 -2.1642 -2.1640 7.2311 7.2280 1.0000 0.0000 1.00e-07   0   0  2/334
4372:  439 8.39766e-09 -8.0758 9.14735e-11 -2.1638 -2.1636 7.2314 7.2284 1.0000 0.0000 1.00e-07   0   0  2/336
4372:  440 8.44066e-09 -8.0736 8.96440e-11 -2.1635 -2.1633 7.2317 7.2287 1.0000 0.0000 1.00e-07   0   0  2/338
4372:  441 8.48279e-09 -8.0715 8.78512e-11 -2.1631 -2.1630 7.2320 7.2291 1.0000 0.0000 1.00e-07   0   1  2/340
4372:  442 8.52408e-09 -8.0694 8.60941e-11 -2.1628 -2.1627 7.2323 7.2294 1.0000 0.0000 1.00e-07   0   1  2/342
4372:  443 8.56454e-09 -8.0673 8.43723e-11 -2.1625 -2.1624 7.2325 7.2297 1.0000 0.0000 1.00e-07   0   1  2/344
3480:  444 8.56454e-09 -8.0673 8.43723e-11 -2.1624 -2.1624 7.2327 7.2299 1.0000 0.0000 1.00e-07   0   1  2/344
3507:  444 8.56454e-09 -8.0673 8.43723e-11 -2.1624 -2.1624 7.2327 7.2299 1.0000 0.0000 1.00e-07   0   1  2/344
4372:  444 8.60420e-09 -8.0653 8.26848e-11 -2.1622 -2.1621 7.2328 7.2300 1.0000 0.0000 1.00e-07   0   1  2/346
4372:  445 8.64306e-09 -8.0633 8.10311e-11 -2.1620 -2.1618 7.2331 7.2303 1.0000 0.0000 1.00e-07   0   1  2/348
4372:  446 8.68114e-09 -8.0614 7.94105e-11 -2.1617 -2.1615 7.2333 7.2306 1.0000 0.0000 1.00e-07   0   1  2/350
4372:  447 8.71847e-09 -8.0596 7.78223e-11 -2.1614 -2.1613 7.2335 7.2308 1.0000 0.0000 1.00e-07   0   1  2/352
4372:  448 8.75504e-09 -8.0577 7.62658e-11 -2.1612 -2.1610 7.2338 7.2311 1.0000 0.0000 1.00e-07   0   1  2/354
4372:  449 8.79089e-09 -8.0560 7.47405e-11 -2.1609 -2.1608 7.2340 7.2314 1.0000 0.0000 1.00e-07   0   1  2/356
4372:  450 8.82602e-09 -8.0542 7.32457e-11 -2.1607 -2.1606 7.2342 7.2316 1.0000 0.0000 1.00e-07   0   1  2/358
4372:  451 8.90659e-09 -8.0503 1.02544e-10 -2.1604 -2.1602 7.2344 7.2319 1.0000 0.0000 1.00e-07   0   1  1/359
4372:  452 8.95478e-09 -8.0479 1.00493e-10 -2.1601 -2.1599 7.2347 7.2322 1.0000 0.0000 1.00e-07   0   2  2/361
4372:  453 9.00201e-09 -8.0457 9.84833e-11 -2.1598 -2.1596 7.2350 7.2325 1.0000 0.0000 1.00e-07   0   2  2/363
4372:  454 9.04830e-09 -8.0434 9.65136e-11 -2.1595 -2.1593 7.2353 7.2329 1.0000 0.0000 1.00e-07   0   2  2/365
4372:  455 9.09366e-09 -8.0413 9.45833e-11 -2.1592 -2.1590 7.2355 7.2331 1.0000 0.0000 1.00e-07   0   2  2/367
4372:  456 9.13812e-09 -8.0391 9.26917e-11 -2.1589 -2.1588 7.2358 7.2334 1.0000 0.0000 1.00e-07   0   2  2/369
4372:  457 9.18168e-09 -8.0371 9.08378e-11 -2.1586 -2.1585 7.2360 7.2337 1.0000 0.0000 1.00e-07   0   2  2/371
4372:  458 9.22438e-09 -8.0351 8.90211e-11 -2.1584 -2.1583 7.2362 7.2340 1.0000 0.0000 1.00e-07   0   2  2/373
4372:  459 9.26622e-09 -8.0331 8.72406e-11 -2.1581 -2.1580 7.2365 7.2342 1.0000 0.0000 1.00e-07   0   2  2/375
4372:  460 9.30722e-09 -8.0312 8.54958e-11 -2.1579 -2.1578 7.2367 7.2345 1.0000 0.0000 1.00e-07   0   2  2/377
4372:  461 9.34740e-09 -8.0293 8.37859e-11 -2.1577 -2.1576 7.2369 7.2347 1.0000 0.0000 1.00e-07   0   2  2/379
4372:  462 9.38678e-09 -8.0275 8.21102e-11 -2.1575 -2.1574 7.2371 7.2349 1.0000 0.0000 1.00e-07   0   2  2/381
4372:  463 9.42537e-09 -8.0257 8.04680e-11 -2.1572 -2.1571 7.2373 7.2352 1.0000 0.0000 1.00e-07   0   2  2/383
4372:  464 9.46319e-09 -8.0240 7.88586e-11 -2.1570 -2.1569 7.2374 7.2354 1.0000 0.0000 1.00e-07   0   2  2/385
4372:  465 9.50026e-09 -8.0223 7.72815e-11 -2.1568 -2.1567 7.2376 7.2356 1.0000 0.0000 1.00e-07   0   2  2/387
4372:  466 9.53658e-09 -8.0206 7.57358e-11 -2.1566 -2.1566 7.2378 7.2358 1.0000 0.0000 1.00e-07   0   2  2/389
4372:  467 9.57217e-09 -8.0190 7.42211e-11 -2.1565 -2.1564 7.2380 7.2360 1.0000 0.0000 1.00e-07   0   2  2/391
4372:  468 9.60706e-09 -8.0174 7.27367e-11 -2.1563 -2.1562 7.2381 7.2362 1.0000 0.0000 1.00e-07   0   2  2/393
4372:  469 9.68707e-09 -8.0138 1.01831e-10 -2.1561 -2.1559 7.2383 7.2364 1.0000 0.0000 1.00e-07   0   2  1/394
4372:  470 9.73493e-09 -8.0117 9.97947e-11 -2.1558 -2.1557 7.2385 7.2366 1.0000 0.0000 1.00e-07   0   2  2/396
4372:  471 9.78183e-09 -8.0096 9.77988e-11 -2.1556 -2.1555 7.2387 7.2369 1.0000 0.0000 1.00e-07   0   2  2/398
4372:  472 9.82780e-09 -8.0075 9.58429e-11 -2.1554 -2.1553 7.2389 7.2371 1.0000 0.0000 1.00e-07   0   2  2/400
4372:  473 9.87284e-09 -8.0056 9.39260e-11 -2.1552 -2.1550 7.2391 7.2373 1.0000 0.0000 1.00e-07   0   2  2/402
4372:  474 9.91699e-09 -8.0036 9.20475e-11 -2.1549 -2.1548 7.2393 7.2375 1.0000 0.0000 1.00e-07   0   2  2/404
4372:  475 9.96025e-09 -8.0017 9.02065e-11 -2.1547 -2.1546 7.2395 7.2377 1.0000 0.0000 1.00e-07   0   2  2/406
4372:  476 1.00026e-08 -7.9999 8.84024e-11 -2.1546 -2.1545 7.2397 7.2379 1.0000 0.0000 1.00e-07   0   2  2/408
4372:  477 1.00442e-08 -7.9981 8.66344e-11 -2.1544 -2.1543 7.2398 7.2381 1.0000 0.0000 1.00e-07   0   2  2/410
4372:  478 1.00849e-08 -7.9963 8.49017e-11 -2.1542 -2.1541 7.2400 7.2383 1.0000 0.0000 1.00e-07   0   2  2/412
4372:  479 1.01248e-08 -7.9946 8.32036e-11 -2.1540 -2.1539 7.2402 7.2385 1.0000 0.0000 1.00e-07   0   2  2/414
4372:  480 1.01639e-08 -7.9929 8.15396e-11 -2.1538 -2.1538 7.2403 7.2387 1.0000 0.0000 1.00e-07   0   2  2/416
4372:  481 1.02022e-08 -7.9913 7.99088e-11 -2.1537 -2.1536 7.2405 7.2388 1.0000 0.0000 1.00e-07   0   2  2/418
4372:  482 1.02398e-08 -7.9897 7.83106e-11 -2.1535 -2.1534 7.2406 7.2390 1.0000 0.0000 1.00e-07   0   2  2/420
4372:  483 1.02766e-08 -7.9881 7.67444e-11 -2.1534 -2.1533 7.2407 7.2392 1.0000 0.0000 1.00e-07   0   2  2/422
4372:  484 1.03127e-08 -7.9866 7.52095e-11 -2.1532 -2.1532 7.2409 7.2393 1.0000 0.0000 1.00e-07   0   2  2/424
4372:  485 1.03480e-08 -7.9851 7.37053e-11 -2.1531 -2.1530 7.2410 7.2395 1.0000 0.0000 1.00e-07   0   2  2/426
4372:  486 1.04291e-08 -7.9818 1.03187e-10 -2.1529 -2.1528 7.2412 7.2396 1.0000 0.0000 1.00e-07   0   2  1/427
4372:  487 1.04776e-08 -7.9797 1.01124e-10 -2.1527 -2.1526 7.2413 7.2398 1.0000 0.0000 1.00e-07   0   2  2/429
4372:  488 1.05251e-08 -7.9778 9.91012e-11 -2.1525 -2.1525 7.2415 7.2400 1.0000 0.0000 1.00e-07   0   2  2/431
4372:  489 1.05717e-08 -7.9759 9.71192e-11 -2.1524 -2.1523 7.2416 7.2402 1.0000 0.0000 1.00e-07   0   2  2/433
4372:  490 1.06174e-08 -7.9740 9.51768e-11 -2.1522 -2.1521 7.2418 7.2404 1.0000 0.0000 1.00e-07   0   2  2/435
4372:  491 1.06621e-08 -7.9722 9.32733e-11 -2.1520 -2.1520 7.2419 7.2406 1.0000 0.0000 1.00e-07   0   2  2/437
4372:  492 1.07059e-08 -7.9704 9.14078e-11 -2.1519 -2.1518 7.2421 7.2407 1.0000 0.0000 1.00e-07   0   2  2/439
4372:  493 1.07489e-08 -7.9686 8.95796e-11 -2.1517 -2.1516 7.2422 7.2409 1.0000 0.0000 1.00e-07   0   2  2/441
4372:  494 1.07910e-08 -7.9669 8.77881e-11 -2.1516 -2.1515 7.2424 7.2410 1.0000 0.0000 1.00e-07   0   2  2/443
4372:  495 1.08323e-08 -7.9653 8.60323e-11 -2.1514 -2.1514 7.2425 7.2412 1.0000 0.0000 1.00e-07   0   2  2/445
4372:  496 1.08727e-08 -7.9637 8.43116e-11 -2.1513 -2.1512 7.2426 7.2413 1.0000 0.0000 1.00e-07   0   2  2/447
4372:  497 1.09123e-08 -7.9621 8.26254e-11 -2.1512 -2.1511 7.2427 7.2415 1.0000 0.0000 1.00e-07   0   2  2/449
4372:  498 1.09511e-08 -7.9605 8.09729e-11 -2.1510 -2.1510 7.2428 7.2416 1.0000 0.0000 1.00e-07   0   2  2/451
4372:  499 1.09892e-08 -7.9590 7.93534e-11 -2.1509 -2.1509 7.2430 7.2417 1.0000 0.0000 1.00e-07   0   2  2/453
4372:  500 1.10265e-08 -7.9576 7.77664e-11 -2.1508 -2.1507 7.2431 7.2419 1.0000 0.0000 1.00e-07   0   2  2/455
4372:  501 1.10631e-08 -7.9561 7.62111e-11 -2.1507 -2.1506 7.2432 7.2420 1.0000 0.0000 1.00e-07   0   2  2/457
4372:  502 1.10989e-08 -7.9547 7.46868e-11 -2.1506 -2.1505 7.2433 7.2421 1.0000 0.0000 1.00e-07   0   2  2/459
4372:  503 1.11340e-08 -7.9533 7.31931e-11 -2.1505 -2.1504 7.2434 7.2422 1.0000 0.0000 1.00e-07   0   2  2/461
4372:  504 1.12145e-08 -7.9502 1.02470e-10 -2.1503 -2.1503 7.2435 7.2423 1.0000 0.0000 1.00e-07   0   2  1/462
4372:  505 1.12626e-08 -7.9484 1.00421e-10 -2.1502 -2.1501 7.2436 7.2425 1.0000 0.0000 1.00e-07   0   2  2/464
4372:  506 1.13098e-08 -7.9465 9.84125e-11 -2.1500 -2.1500 7.2437 7.2426 1.0000 0.0000 1.00e-07   0   2  2/466
4372:  507 1.13561e-08 -7.9448 9.64443e-11 -2.1499 -2.1498 7.2439 7.2428 1.0000 0.0000 1.00e-07   0   2  2/468
4372:  508 1.14014e-08 -7.9430 9.45154e-11 -2.1498 -2.1497 7.2440 7.2429 1.0000 0.0000 1.00e-07   0   2  2/470
4372:  509 1.14459e-08 -7.9414 9.26251e-11 -2.1497 -2.1496 7.2441 7.2430 1.0000 0.0000 1.00e-07   0   2  2/472
4372:  510 1.14894e-08 -7.9397 9.07726e-11 -2.1495 -2.1495 7.2442 7.2432 1.0000 0.0000 1.00e-07   0   2  2/474
4372:  511 1.15320e-08 -7.9381 8.89571e-11 -2.1494 -2.1494 7.2443 7.2433 1.0000 0.0000 1.00e-07   0   2  2/476
4372:  512 1.15739e-08 -7.9365 8.71780e-11 -2.1493 -2.1493 7.2444 7.2434 1.0000 0.0000 1.00e-07   0   2  2/478
4372:  513 1.16148e-08 -7.9350 8.54344e-11 -2.1492 -2.1491 7.2445 7.2435 1.0000 0.0000 1.00e-07   0   2  2/480
4372:  514 1.16550e-08 -7.9335 8.37257e-11 -2.1491 -2.1490 7.2446 7.2436 1.0000 0.0000 1.00e-07   0   2  2/482
4372:  515 1.16943e-08 -7.9320 8.20512e-11 -2.1490 -2.1489 7.2447 7.2437 1.0000 0.0000 1.00e-07   0   2  2/484
4372:  516 1.17329e-08 -7.9306 8.04102e-11 -2.1489 -2.1488 7.2448 7.2438 1.0000 0.0000 1.00e-07   0   2  2/486
4372:  517 1.17707e-08 -7.9292 7.88020e-11 -2.1488 -2.1488 7.2449 7.2439 1.0000 0.0000 1.00e-07   0   2  2/488
4372:  518 1.18077e-08 -7.9278 7.72259e-11 -2.1487 -2.1487 7.2450 7.2440 1.0000 0.0000 1.00e-07   0   2  2/490
4372:  519 1.18440e-08 -7.9265 7.56814e-11 -2.1486 -2.1486 7.2450 7.2441 1.0000 0.0000 1.00e-07   0   2  2/492
4372:  520 1.18796e-08 -7.9252 7.41678e-11 -2.1485 -2.1485 7.2451 7.2442 1.0000 0.0000 1.00e-07   0   2  2/494
4372:  521 1.19145e-08 -7.9239 7.26844e-11 -2.1485 -2.1484 7.2452 7.2443 1.0000 0.0000 1.00e-07   0   2  2/496
4372:  522 1.19944e-08 -7.9210 1.01758e-10 -2.1484 -2.1483 7.2453 7.2444 1.0000 0.0000 1.00e-07   0   2  1/497
4372:  523 1.20422e-08 -7.9193 9.97230e-11 -2.1482 -2.1482 7.2454 7.2445 1.0000 0.0000 1.00e-07   0   2  2/499
4372:  524 1.20891e-08 -7.9176 9.77286e-11 -2.1481 -2.1481 7.2455 7.2446 1.0000 0.0000 1.00e-07   0   2  2/501
4372:  525 1.21350e-08 -7.9160 9.57740e-11 -2.1480 -2.1480 7.2456 7.2447 1.0000 0.0000 1.00e-07   0   2  2/503
4372:  526 1.21801e-08 -7.9144 9.38585e-11 -2.1479 -2.1479 7.2457 7.2448 1.0000 0.0000 1.00e-07   0   2  2/505
4372:  527 1.22242e-08 -7.9128 9.19814e-11 -2.1478 -2.1478 7.2457 7.2449 1.0000 0.0000 1.00e-07   0   2  2/507
4372:  528 1.22674e-08 -7.9112 9.01417e-11 -2.1478 -2.1477 7.2458 7.2450 1.0000 0.0000 1.00e-07   0   2  2/509
4372:  529 1.23098e-08 -7.9098 8.83389e-11 -2.1477 -2.1476 7.2459 7.2451 1.0000 0.0000 1.00e-07   0   2  2/511
4372:  530 1.23513e-08 -7.9083 8.65721e-11 -2.1476 -2.1475 7.2460 7.2452 1.0000 0.0000 1.00e-07   0   2  2/513
4372:  531 1.23920e-08 -7.9069 8.48407e-11 -2.1475 -2.1475 7.2461 7.2453 1.0000 0.0000 1.00e-07   0   2  2/515
4372:  532 1.24318e-08 -7.9055 8.31439e-11 -2.1474 -2.1474 7.2461 7.2454 1.0000 0.0000 1.00e-07   0   2  2/517
4372:  533 1.24709e-08 -7.9041 8.14810e-11 -2.1473 -2.1473 7.2462 7.2455 1.0000 0.0000 1.00e-07   0   2  2/519
4372:  534 1.25092e-08 -7.9028 7.98514e-11 -2.1473 -2.1472 7.2463 7.2455 1.0000 0.0000 1.00e-07   0   2  2/521
4372:  535 1.25467e-08 -7.9015 7.82543e-11 -2.1472 -2.1472 7.2463 7.2456 1.0000 0.0000 1.00e-07   0   2  2/523
4372:  536 1.25835e-08 -7.9002 7.66893e-11 -2.1471 -2.1471 7.2464 7.2457 1.0000 0.0000 1.00e-07   0   2  2/525
4372:  537 1.26196e-08 -7.8990 7.51555e-11 -2.1471 -2.1470 7.2465 7.2458 1.0000 0.0000 1.00e-07   0   2  2/527
4372:  538 1.26549e-08 -7.8977 7.36524e-11 -2.1470 -2.1470 7.2465 7.2458 1.0000 0.0000 1.00e-07   0   2  2/529
4372:  539 1.27359e-08 -7.8950 1.03113e-10 -2.1469 -2.1469 7.2466 7.2459 1.0000 0.0000 1.00e-07   0   2  1/530
4372:  540 1.27844e-08 -7.8933 1.01051e-10 -2.1468 -2.1468 7.2467 7.2460 1.0000 0.0000 1.00e-07   0   2  2/532
4372:  541 1.28319e-08 -7.8917 9.90300e-11 -2.1467 -2.1467 7.2467 7.2461 1.0000 0.0000 1.00e-07   0   2  2/534
4372:  542 1.28784e-08 -7.8901 9.70494e-11 -2.1467 -2.1466 7.2468 7.2462 1.0000 0.0000 1.00e-07   0   2  2/536
4372:  543 1.29240e-08 -7.8886 9.51084e-11 -2.1466 -2.1465 7.2469 7.2462 1.0000 0.0000 1.00e-07   0   2  2/538
4372:  544 1.29687e-08 -7.8871 9.32063e-11 -2.1465 -2.1465 7.2470 7.2463 1.0000 0.0000 1.00e-07   0   2  2/540
4372:  545 1.30125e-08 -7.8856 9.13421e-11 -2.1464 -2.1464 7.2470 7.2464 1.0000 0.0000 1.00e-07   0   2  2/542
4372:  546 1.30555e-08 -7.8842 8.95153e-11 -2.1464 -2.1463 7.2471 7.2465 1.0000 0.0000 1.00e-07   0   2  2/544
4372:  547 1.30975e-08 -7.8828 8.77250e-11 -2.1463 -2.1463 7.2472 7.2465 1.0000 0.0000 1.00e-07   0   2  2/546
4372:  548 1.31388e-08 -7.8814 8.59705e-11 -2.1462 -2.1462 7.2472 7.2466 1.0000 0.0000 1.00e-07   0   2  2/548
4372:  549 1.31792e-08 -7.8801 8.42511e-11 -2.1462 -2.1461 7.2473 7.2467 1.0000 0.0000 1.00e-07   0   2  2/550
4372:  550 1.32188e-08 -7.8788 8.25661e-11 -2.1461 -2.1461 7.2473 7.2467 1.0000 0.0000 1.00e-07   0   2  2/552
4372:  551 1.32576e-08 -7.8775 8.09147e-11 -2.1461 -2.1460 7.2474 7.2468 1.0000 0.0000 1.00e-07   0   2  2/554
4372:  552 1.32956e-08 -7.8763 7.92964e-11 -2.1460 -2.1460 7.2474 7.2469 1.0000 0.0000 1.00e-07   0   2  2/556
4372:  553 1.33329e-08 -7.8751 7.77105e-11 -2.1459 -2.1459 7.2475 7.2469 1.0000 0.0000 1.00e-07   0   2  2/558
4372:  554 1.33694e-08 -7.8739 7.61563e-11 -2.1459 -2.1459 7.2475 7.2470 1.0000 0.0000 1.00e-07   0   2  2/560
4372:  555 1.34052e-08 -7.8727 7.46332e-11 -2.1458 -2.1458 7.2476 7.2470 1.0000 0.0000 1.00e-07   0   2  2/562
4372:  556 1.34403e-08 -7.8716 7.31405e-11 -2.1458 -2.1458 7.2476 7.2471 1.0000 0.0000 1.00e-07   0   2  2/564
4372:  557 1.35207e-08 -7.8690 1.02397e-10 -2.1457 -2.1457 7.2477 7.2471 1.0000 0.0000 1.00e-07   0   2  1/565
4372:  558 1.35689e-08 -7.8675 1.00349e-10 -2.1457 -2.1456 7.2477 7.2472 1.0000 0.0000 1.00e-07   0   2  2/567
4372:  559 1.36160e-08 -7.8659 9.83418e-11 -2.1456 -2.1456 7.2478 7.2473 1.0000 0.0000 1.00e-07   0   2  2/569
4372:  560 1.36622e-08 -7.8645 9.63750e-11 -2.1455 -2.1455 7.2478 7.2473 1.0000 0.0000 1.00e-07   0   2  2/571
4372:  561 1.37075e-08 -7.8630 9.44475e-11 -2.1455 -2.1455 7.2479 7.2474 1.0000 0.0000 1.00e-07   0   2  2/573
4372:  562 1.37519e-08 -7.8616 9.25585e-11 -2.1454 -2.1454 7.2480 7.2475 1.0000 0.0000 1.00e-07   0   2  2/575
4372:  563 1.37954e-08 -7.8603 9.07074e-11 -2.1454 -2.1453 7.2480 7.2475 1.0000 0.0000 1.00e-07   0   2  2/577
4372:  564 1.38381e-08 -7.8589 8.88932e-11 -2.1453 -2.1453 7.2481 7.2476 1.0000 0.0000 1.00e-07   0   2  2/579
4372:  565 1.38798e-08 -7.8576 8.71153e-11 -2.1453 -2.1452 7.2481 7.2476 1.0000 0.0000 1.00e-07   0   2  2/581
4372:  566 1.39208e-08 -7.8563 8.53730e-11 -2.1452 -2.1452 7.2481 7.2477 1.0000 0.0000 1.00e-07   0   2  2/583
4372:  567 1.39609e-08 -7.8551 8.36656e-11 -2.1452 -2.1452 7.2482 7.2477 1.0000 0.0000 1.00e-07   0   2  2/585
4372:  568 1.40002e-08 -7.8539 8.19923e-11 -2.1451 -2.1451 7.2482 7.2478 1.0000 0.0000 1.00e-07   0   2  2/587
4372:  569 1.40388e-08 -7.8527 8.03524e-11 -2.1451 -2.1451 7.2483 7.2478 1.0000 0.0000 1.00e-07   0   2  2/589
4372:  570 1.40765e-08 -7.8515 7.87454e-11 -2.1450 -2.1450 7.2483 7.2479 1.0000 0.0000 1.00e-07   0   2  2/591
4372:  571 1.41135e-08 -7.8504 7.71705e-11 -2.1450 -2.1450 7.2483 7.2479 1.0000 0.0000 1.00e-07   0   2  2/593
4372:  572 1.41498e-08 -7.8492 7.56271e-11 -2.1450 -2.1449 7.2484 7.2480 1.0000 0.0000 1.00e-07   0   2  2/595
4372:  573 1.41854e-08 -7.8482 7.41145e-11 -2.1449 -2.1449 7.2484 7.2480 1.0000 0.0000 1.00e-07   0   2  2/597
4372:  574 1.42202e-08 -7.8471 7.26322e-11 -2.1449 -2.1449 7.2485 7.2480 1.0000 0.0000 1.00e-07   0   2  2/599
4372:  575 1.43001e-08 -7.8447 1.01685e-10 -2.1448 -2.1448 7.2485 7.2481 1.0000 0.0000 1.00e-07   0   2  1/600
4372:  576 1.43479e-08 -7.8432 9.96514e-11 -2.1448 -2.1448 7.2485 7.2481 1.0000 0.0000 1.00e-07   0   2  2/602
4372:  577 1.43947e-08 -7.8418 9.76584e-11 -2.1447 -2.1447 7.2486 7.2482 1.0000 0.0000 1.00e-07   0   2  2/604
4372:  578 1.44406e-08 -7.8404 9.57052e-11 -2.1447 -2.1447 7.2486 7.2482 1.0000 0.0000 1.00e-07   0   2  2/606
4372:  579 1.44856e-08 -7.8391 9.37911e-11 -2.1447 -2.1446 7.2487 7.2483 1.0000 0.0000 1.00e-07   0   2  2/608
4372:  580 1.45297e-08 -7.8377 9.19153e-11 -2.1446 -2.1446 7.2487 7.2483 1.0000 0.0000 1.00e-07   0   2  2/610
4372:  581 1.45729e-08 -7.8365 9.00770e-11 -2.1446 -2.1446 7.2487 7.2484 1.0000 0.0000 1.00e-07   0   2  2/612
4372:  582 1.46152e-08 -7.8352 8.82754e-11 -2.1445 -2.1445 7.2488 7.2484 1.0000 0.0000 1.00e-07   0   2  2/614
4372:  583 1.46567e-08 -7.8340 8.65099e-11 -2.1445 -2.1445 7.2488 7.2485 1.0000 0.0000 1.00e-07   0   2  2/616
4372:  584 1.46974e-08 -7.8328 8.47797e-11 -2.1445 -2.1444 7.2489 7.2485 1.0000 0.0000 1.00e-07   0   2  2/618
4372:  585 1.47372e-08 -7.8316 8.30841e-11 -2.1444 -2.1444 7.2489 7.2485 1.0000 0.0000 1.00e-07   0   2  2/620
4372:  586 1.47763e-08 -7.8304 8.14225e-11 -2.1444 -2.1444 7.2489 7.2486 1.0000 0.0000 1.00e-07   0   2  2/622
4372:  587 1.48145e-08 -7.8293 7.97940e-11 -2.1444 -2.1443 7.2489 7.2486 1.0000 0.0000 1.00e-07   0   2  2/624
4372:  588 1.48520e-08 -7.8282 7.81981e-11 -2.1443 -2.1443 7.2490 7.2487 1.0000 0.0000 1.00e-07   0   2  2/626
4372:  589 1.48888e-08 -7.8271 7.66342e-11 -2.1443 -2.1443 7.2490 7.2487 1.0000 0.0000 1.00e-07   0   2  2/628
4372:  590 1.49248e-08 -7.8261 7.51015e-11 -2.1443 -2.1442 7.2490 7.2487 1.0000 0.0000 1.00e-07   0   2  2/630
4372:  591 1.49601e-08 -7.8251 7.35994e-11 -2.1442 -2.1442 7.2491 7.2487 1.0000 0.0000 1.00e-07   0   2  2/632
4372:  592 1.50411e-08 -7.8227 1.03039e-10 -2.1442 -2.1442 7.2491 7.2488 1.0000 0.0000 1.00e-07   0   2  1/633
4372:  593 1.50895e-08 -7.8213 1.00978e-10 -2.1442 -2.1441 7.2491 7.2488 1.0000 0.0000 1.00e-07   0   2  2/635
4372:  594 1.51370e-08 -7.8200 9.89589e-11 -2.1441 -2.1441 7.2492 7.2489 1.0000 0.0000 1.00e-07   0   2  2/637
4372:  595 1.51835e-08 -7.8186 9.69797e-11 -2.1441 -2.1441 7.2492 7.2489 1.0000 0.0000 1.00e-07   0   2  2/639
4372:  596 1.52290e-08 -7.8173 9.50401e-11 -2.1441 -2.1440 7.2492 7.2489 1.0000 0.0000 1.00e-07   0   2  2/641
4372:  597 1.52737e-08 -7.8161 9.31393e-11 -2.1440 -2.1440 7.2493 7.2490 1.0000 0.0000 1.00e-07   0   2  2/643
4372:  598 1.53175e-08 -7.8148 9.12765e-11 -2.1440 -2.1440 7.2493 7.2490 1.0000 0.0000 1.00e-07   0   2  2/645
4372:  599 1.53604e-08 -7.8136 8.94510e-11 -2.1440 -2.1439 7.2493 7.2490 1.0000 0.0000 1.00e-07   0   2  2/647
4372:  600 1.54024e-08 -7.8124 8.76620e-11 -2.1439 -2.1439 7.2493 7.2491 1.0000 0.0000 1.00e-07   0   2  2/649
4372:  601 1.54436e-08 -7.8113 8.59087e-11 -2.1439 -2.1439 7.2494 7.2491 1.0000 0.0000 1.00e-07   0   2  2/651
4372:  602 1.54840e-08 -7.8101 8.41906e-11 -2.1439 -2.1439 7.2494 7.2491 1.0000 0.0000 1.00e-07   0   2  2/653
4372:  603 1.55236e-08 -7.8090 8.25067e-11 -2.1438 -2.1438 7.2494 7.2492 1.0000 0.0000 1.00e-07   0   2  2/655
4372:  604 1.55624e-08 -7.8079 8.08566e-11 -2.1438 -2.1438 7.2494 7.2492 1.0000 0.0000 1.00e-07   0   2  2/657
4372:  605 1.56004e-08 -7.8069 7.92395e-11 -2.1438 -2.1438 7.2495 7.2492 1.0000 0.0000 1.00e-07   0   2  2/659
4372:  606 1.56376e-08 -7.8058 7.76547e-11 -2.1438 -2.1438 7.2495 7.2492 1.0000 0.0000 1.00e-07   0   2  2/661
4372:  607 1.56741e-08 -7.8048 7.61016e-11 -2.1438 -2.1437 7.2495 7.2493 1.0000 0.0000 1.00e-07   0   2  2/663
4372:  608 1.57099e-08 -7.8038 7.45796e-11 -2.1437 -2.1437 7.2495 7.2493 1.0000 0.0000 1.00e-07   0   2  2/665
4372:  609 1.57449e-08 -7.8029 7.30880e-11 -2.1437 -2.1437 7.2496 7.2493 1.0000 0.0000 1.00e-07   0   2  2/667
4372:  610 1.58253e-08 -7.8006 1.02323e-10 -2.1437 -2.1437 7.2496 7.2493 1.0000 0.0000 1.00e-07   0   2  1/668
4372:  611 1.58734e-08 -7.7993 1.00277e-10 -2.1437 -2.1436 7.2496 7.2494 1.0000 0.0000 1.00e-07   0   2  2/670
4372:  612 1.59205e-08 -7.7980 9.82712e-11 -2.1436 -2.1436 7.2496 7.2494 1.0000 0.0000 1.00e-07   0   2  2/672
4372:  613 1.59667e-08 -7.7968 9.63057e-11 -2.1436 -2.1436 7.2497 7.2494 1.0000 0.0000 1.00e-07   0   2  2/674
4372:  614 1.60120e-08 -7.7956 9.43796e-11 -2.1436 -2.1436 7.2497 7.2495 1.0000 0.0000 1.00e-07   0   2  2/676
4372:  615 1.60563e-08 -7.7944 9.24920e-11 -2.1436 -2.1435 7.2497 7.2495 1.0000 0.0000 1.00e-07   0   2  2/678
4372:  616 1.60998e-08 -7.7932 9.06422e-11 -2.1435 -2.1435 7.2497 7.2495 1.0000 0.0000 1.00e-07   0   2  2/680
4372:  617 1.61424e-08 -7.7920 8.88293e-11 -2.1435 -2.1435 7.2497 7.2495 1.0000 0.0000 1.00e-07   0   2  2/682
4372:  618 1.61842e-08 -7.7909 8.70528e-11 -2.1435 -2.1435 7.2498 7.2496 1.0000 0.0000 1.00e-07   0   2  2/684
4372:  619 1.62251e-08 -7.7898 8.53117e-11 -2.1435 -2.1435 7.2498 7.2496 1.0000 0.0000 1.00e-07   0   2  2/686
4372:  620 1.62652e-08 -7.7887 8.36055e-11 -2.1434 -2.1434 7.2498 7.2496 1.0000 0.0000 1.00e-07   0   2  2/688
4372:  621 1.63045e-08 -7.7877 8.19334e-11 -2.1434 -2.1434 7.2498 7.2496 1.0000 0.0000 1.00e-07   0   2  2/690
4372:  622 1.63430e-08 -7.7867 8.02947e-11 -2.1434 -2.1434 7.2498 7.2497 1.0000 0.0000 1.00e-07   0   2  2/692
4372:  623 1.63807e-08 -7.7857 7.86888e-11 -2.1434 -2.1434 7.2499 7.2497 1.0000 0.0000 1.00e-07   0   2  2/694
4372:  624 1.64177e-08 -7.7847 7.71150e-11 -2.1434 -2.1434 7.2499 7.2497 1.0000 0.0000 1.00e-07   0   2  2/696
4372:  625 1.64539e-08 -7.7837 7.55727e-11 -2.1434 -2.1433 7.2499 7.2497 1.0000 0.0000 1.00e-07   0   2  2/698
4372:  626 1.64895e-08 -7.7828 7.40613e-11 -2.1433 -2.1433 7.2499 7.2497 1.0000 0.0000 1.00e-07   0   2  2/700
4372:  627 1.65243e-08 -7.7819 7.25800e-11 -2.1433 -2.1433 7.2499 7.2497 1.0000 0.0000 1.00e-07   0   2  2/702
4372:  628 1.66041e-08 -7.7798 1.01612e-10 -2.1433 -2.1433 7.2499 7.2498 1.0000 0.0000 1.00e-07   0   2  1/703
4372:  629 1.66519e-08 -7.7785 9.95798e-11 -2.1433 -2.1433 7.2500 7.2498 1.0000 0.0000 1.00e-07   0   2  2/705
4372:  630 1.66987e-08 -7.7773 9.75882e-11 -2.1433 -2.1433 7.2500 7.2498 1.0000 0.0000 1.00e-07   0   2  2/707
4372:  631 1.67445e-08 -7.7761 9.56365e-11 -2.1432 -2.1432 7.2500 7.2498 1.0000 0.0000 1.00e-07   0   2  2/709
4372:  632 1.67895e-08 -7.7750 9.37237e-11 -2.1432 -2.1432 7.2500 7.2499 1.0000 0.0000 1.00e-07   0   2  2/711
4372:  633 1.68335e-08 -7.7738 9.18493e-11 -2.1432 -2.1432 7.2500 7.2499 1.0000 0.0000 1.00e-07   0   2  2/713
4372:  634 1.68767e-08 -7.7727 9.00123e-11 -2.1432 -2.1432 7.2500 7.2499 1.0000 0.0000 1.00e-07   0   2  2/715
4372:  635 1.69190e-08 -7.7716 8.82120e-11 -2.1432 -2.1432 7.2501 7.2499 1.0000 0.0000 1.00e-07   0   2  2/717
4372:  636 1.69605e-08 -7.7706 8.64478e-11 -2.1432 -2.1432 7.2501 7.2499 1.0000 0.0000 1.00e-07   0   2  2/719
4372:  637 1.70011e-08 -7.7695 8.47188e-11 -2.1431 -2.1431 7.2501 7.2499 1.0000 0.0000 1.00e-07   0   2  2/721
4372:  638 1.70409e-08 -7.7685 8.30244e-11 -2.1431 -2.1431 7.2501 7.2500 1.0000 0.0000 1.00e-07   0   2  2/723
4372:  639 1.70799e-08 -7.7675 8.13640e-11 -2.1431 -2.1431 7.2501 7.2500 1.0000 0.0000 1.00e-07   0   2  2/725
4372:  640 1.71182e-08 -7.7665 7.97367e-11 -2.1431 -2.1431 7.2501 7.2500 1.0000 0.0000 1.00e-07   0   2  2/727
4372:  641 1.71557e-08 -7.7656 7.81419e-11 -2.1431 -2.1431 7.2501 7.2500 1.0000 0.0000 1.00e-07   0   2  2/729
4372:  642 1.71924e-08 -7.7647 7.65791e-11 -2.1431 -2.1431 7.2501 7.2500 1.0000 0.0000 1.00e-07   0   2  2/731
4372:  643 1.72284e-08 -7.7638 7.50475e-11 -2.1431 -2.1431 7.2502 7.2500 1.0000 0.0000 1.00e-07   0   2  2/733
4372:  644 1.72637e-08 -7.7629 7.35466e-11 -2.1431 -2.1431 7.2502 7.2500 1.0000 0.0000 1.00e-07   0   2  2/735
4372:  645 1.73446e-08 -7.7608 1.02965e-10 -2.1430 -2.1430 7.2502 7.2501 1.0000 0.0000 1.00e-07   0   2  1/736
4372:  646 1.73929e-08 -7.7596 1.00906e-10 -2.1430 -2.1430 7.2502 7.2501 1.0000 0.0000 1.00e-07   0   2  2/738
4372:  647 1.74404e-08 -7.7584 9.88878e-11 -2.1430 -2.1430 7.2502 7.2501 1.0000 0.0000 1.00e-07   0   2  2/740
4372:  648 1.74869e-08 -7.7573 9.69100e-11 -2.1430 -2.1430 7.2502 7.2501 1.0000 0.0000 1.00e-07   0   2  2/742
4372:  649 1.75324e-08 -7.7562 9.49718e-11 -2.1430 -2.1430 7.2502 7.2501 1.0000 0.0000 1.00e-07   0   2  2/744
4372:  650 1.75770e-08 -7.7551 9.30724e-11 -2.1430 -2.1430 7.2502 7.2501 1.0000 0.0000 1.00e-07   0   2  2/746
4372:  651 1.77632e-08 -7.7505 1.86145e-10 -2.1430 -2.1429 7.2503 7.2502 1.0000 0.0000 1.00e-07   0   2  0/746
4372:  652 1.79679e-08 -7.7455 2.60603e-10 -2.1429 -2.1429 7.2503 7.2502 1.0000 0.0000 1.00e-07   0   2  1/747
4372:  653 1.78387e-08 -7.7486 8.75990e-11 -2.1429 -2.1429 7.2503 7.2502 1.0000 0.0000 1.00e-07   1   2  5/752
4372:  654 1.78799e-08 -7.7476 8.58470e-11 -2.1429 -2.1429 7.2503 7.2502 1.0000 0.0000 1.00e-07   0   2  2/754
4372:  655 1.79203e-08 -7.7467 8.41301e-11 -2.1429 -2.1429 7.2503 7.2502 1.0000 0.0000 1.00e-07   0   2  2/756
4372:  656 1.80885e-08 -7.7426 1.68260e-10 -2.1429 -2.1429 7.2503 7.2503 1.0000 0.0000 1.00e-07   0   2  0/756
4372:  657 1.82736e-08 -7.7382 2.35564e-10 -2.1429 -2.1428 7.2504 7.2503 1.0000 0.0000 1.00e-07   0   2  1/757
4372:  658 1.81568e-08 -7.7410 7.91825e-11 -2.1428 -2.1428 7.2504 7.2503 1.0000 0.0000 1.00e-07   1   2  5/762
4372:  659 1.81940e-08 -7.7401 7.75989e-11 -2.1428 -2.1428 7.2504 7.2503 1.0000 0.0000 1.00e-07   0   2  2/764
4372:  660 1.82305e-08 -7.7392 7.60469e-11 -2.1428 -2.1428 7.2504 7.2503 1.0000 0.0000 1.00e-07   0   2  2/766
4372:  661 1.82662e-08 -7.7384 7.45260e-11 -2.1428 -2.1428 7.2504 7.2503 1.0000 0.0000 1.00e-07   0   2  2/768
4372:  662 1.83013e-08 -7.7375 7.30355e-11 -2.1428 -2.1428 7.2504 7.2503 1.0000 0.0000 1.00e-07   0   2  2/770
4372:  663 1.83816e-08 -7.7356 1.02250e-10 -2.1428 -2.1428 7.2504 7.2504 1.0000 0.0000 1.00e-07   0   2  1/771
4372:  664 1.85861e-08 -7.7308 2.04499e-10 -2.1428 -2.1428 7.2504 7.2504 1.0000 0.0000 1.00e-07   0   2  0/771
4372:  665 1.85289e-08 -7.7322 9.82006e-11 -2.1428 -2.1428 7.2505 7.2504 1.0000 0.0000 1.00e-07   0   2  4/775
4372:  666 1.85751e-08 -7.7311 9.62365e-11 -2.1428 -2.1428 7.2505 7.2504 1.0000 0.0000 1.00e-07   0   2  2/777
4372:  667 1.87675e-08 -7.7266 1.92473e-10 -2.1428 -2.1427 7.2505 7.2504 1.0000 0.0000 1.00e-07   0   2  0/777
4372:  668 1.87137e-08 -7.7278 9.24256e-11 -2.1427 -2.1427 7.2505 7.2504 1.0000 0.0000 1.00e-07   0   2  4/781
4372:  669 1.87571e-08 -7.7268 9.05771e-11 -2.1427 -2.1427 7.2505 7.2504 1.0000 0.0000 1.00e-07   0   2  2/783
4372:  670 1.87997e-08 -7.7258 8.87655e-11 -2.1427 -2.1427 7.2505 7.2504 1.0000 0.0000 1.00e-07   0   2  2/785
4372:  671 1.89772e-08 -7.7218 1.77531e-10 -2.1427 -2.1427 7.2505 7.2505 1.0000 0.0000 1.00e-07   0   2  0/785
4372:  672 1.89276e-08 -7.7229 8.52504e-11 -2.1427 -2.1427 7.2505 7.2505 1.0000 0.0000 1.00e-07   0   2  4/789
4372:  673 1.89677e-08 -7.7220 8.35454e-11 -2.1427 -2.1427 7.2505 7.2505 1.0000 0.0000 1.00e-07   0   2  2/791
4372:  674 1.90069e-08 -7.7211 8.18745e-11 -2.1427 -2.1427 7.2505 7.2505 1.0000 0.0000 1.00e-07   0   2  2/793
4372:  675 1.91707e-08 -7.7174 1.63749e-10 -2.1427 -2.1427 7.2505 7.2505 1.0000 0.0000 1.00e-07   0   2  0/793
4372:  676 1.91249e-08 -7.7184 7.86323e-11 -2.1427 -2.1427 7.2505 7.2505 1.0000 0.0000 1.00e-07   0   2  4/797
4372:  677 1.91618e-08 -7.7176 7.70596e-11 -2.1427 -2.1427 7.2505 7.2505 1.0000 0.0000 1.00e-07   0   2  2/799
4372:  678 1.91980e-08 -7.7167 7.55184e-11 -2.1427 -2.1427 7.2506 7.2505 1.0000 0.0000 1.00e-07   0   2  2/801
4372:  679 1.92335e-08 -7.7159 7.40081e-11 -2.1427 -2.1427 7.2506 7.2505 1.0000 0.0000 1.00e-07   0   2  2/803
4372:  680 1.92683e-08 -7.7152 7.25279e-11 -2.1427 -2.1427 7.2506 7.2505 1.0000 0.0000 1.00e-07   0   2  2/805
4372:  681 1.93481e-08 -7.7134 1.01539e-10 -2.1427 -2.1427 7.2506 7.2505 1.0000 0.0000 1.00e-07   0   2  1/806
4372:  682 1.93958e-08 -7.7123 9.95083e-11 -2.1427 -2.1427 7.2506 7.2505 1.0000 0.0000 1.00e-07   0   2  2/808
4372:  683 1.94426e-08 -7.7112 9.75181e-11 -2.1427 -2.1427 7.2506 7.2505 1.0000 0.0000 1.00e-07   0   2  2/810
4372:  684 1.94884e-08 -7.7102 9.55678e-11 -2.1427 -2.1427 7.2506 7.2505 1.0000 0.0000 1.00e-07   0   2  2/812
4372:  685 1.95333e-08 -7.7092 9.36564e-11 -2.1427 -2.1426 7.2506 7.2506 1.0000 0.0000 1.00e-07   0   2  2/814
4372:  686 1.95774e-08 -7.7082 9.17833e-11 -2.1426 -2.1426 7.2506 7.2506 1.0000 0.0000 1.00e-07   0   2  2/816
4372:  687 1.96205e-08 -7.7073 8.99476e-11 -2.1426 -2.1426 7.2506 7.2506 1.0000 0.0000 1.00e-07   0   2  2/818
4372:  688 1.96628e-08 -7.7064 8.81487e-11 -2.1426 -2.1426 7.2506 7.2506 1.0000 0.0000 1.00e-07   0   2  2/820
4372:  689 1.97042e-08 -7.7054 8.63857e-11 -2.1426 -2.1426 7.2506 7.2506 1.0000 0.0000 1.00e-07   0   2  2/822
4372:  690 1.97448e-08 -7.7045 8.46580e-11 -2.1426 -2.1426 7.2506 7.2506 1.0000 0.0000 1.00e-07   0   2  2/824
4372:  691 1.97846e-08 -7.7037 8.29648e-11 -2.1426 -2.1426 7.2506 7.2506 1.0000 0.0000 1.00e-07   0   2  2/826
4372:  692 1.98236e-08 -7.7028 8.13055e-11 -2.1426 -2.1426 7.2506 7.2506 1.0000 0.0000 1.00e-07   0   2  2/828
4372:  693 1.98618e-08 -7.7020 7.96794e-11 -2.1426 -2.1426 7.2506 7.2506 1.0000 0.0000 1.00e-07   0   2  2/830
4372:  694 1.98993e-08 -7.7012 7.80858e-11 -2.1426 -2.1426 7.2506 7.2506 1.0000 0.0000 1.00e-07   0   2  2/832
4372:  695 1.99360e-08 -7.7004 7.65241e-11 -2.1426 -2.1426 7.2506 7.2506 1.0000 0.0000 1.00e-07   0   2  2/834
4372:  696 1.99719e-08 -7.6996 7.49936e-11 -2.1426 -2.1426 7.2506 7.2506 1.0000 0.0000 1.00e-07   0   2  2/836
4372:  697 2.00072e-08 -7.6988 7.34937e-11 -2.1426 -2.1426 7.2506 7.2506 1.0000 0.0000 1.00e-07   0   2  2/838
4372:  698 2.00880e-08 -7.6971 1.02891e-10 -2.1426 -2.1426 7.2506 7.2506 1.0000 0.0000 1.00e-07   0   2  1/839
