#    Steps      t        logt       dt     lgY0[6]  lgY[6]  lgF+   lgF-  sumXtr  XFac  #eq  #it
3564:  364 5.01540e-09 -8.2997 2.49846e-11 -2.2135 -2.2128 7.1885 7.1774 1.0000 0.0000   0  2/190
4372:  364 5.11534e-09 -8.2911 9.99383e-11 -2.2135 -2.2128 7.1885 7.1774 1.0000 0.0000   0  2/190

3480:  365 5.11534e-09 -8.2911 9.99383e-11 -2.2128 -2.2128 7.1891 7.1781 1.0000 0.0000   0  2/190
3507:  365 5.06437e-09 -8.2955 4.89698e-11 -2.2128 -2.2115 7.1891 7.1781 1.0000 0.0000   0  2/192
3564:  365 5.06437e-09 -8.2955 2.44849e-11 -2.2122 -2.2115 7.1897 7.1788 1.0000 0.0000   0  2/192
4372:  365 5.16231e-09 -8.2872 9.79395e-11 -2.2122 -2.2115 7.1897 7.1788 1.0000 0.0000   0  2/192

3480:  366 5.16231e-09 -8.2872 9.79395e-11 -2.2115 -2.2115 7.1902 7.1795 1.0000 0.0000   0  2/192
3507:  366 5.11236e-09 -8.2914 4.79904e-11 -2.2115 -2.2102 7.1902 7.1795 1.0000 0.0000   0  2/194
3564:  366 5.11236e-09 -8.2914 2.39952e-11 -2.2109 -2.2102 7.1908 7.1801 1.0000 0.0000   0  2/194
4372:  366 5.20835e-09 -8.2833 9.59807e-11 -2.2109 -2.2102 7.1908 7.1801 1.0000 0.0000   0  2/194

3480:  367 5.20835e-09 -8.2833 9.59807e-11 -2.2102 -2.2102 7.1913 7.1808 1.0000 0.0000   0  2/194
3507:  367 5.15940e-09 -8.2874 4.70306e-11 -2.2102 -2.2090 7.1913 7.1808 1.0000 0.0000   0  2/196
3564:  367 5.15940e-09 -8.2874 2.35153e-11 -2.2096 -2.2090 7.1918 7.1814 1.0000 0.0000   0  2/196
4372:  367 5.25346e-09 -8.2796 9.40611e-11 -2.2096 -2.2090 7.1918 7.1814 1.0000 0.0000   0  2/196

3480:  368 5.25346e-09 -8.2796 9.40611e-11 -2.2090 -2.2090 7.1923 7.1820 1.0000 0.0000   0  2/196
3507:  368 5.20549e-09 -8.2835 4.60899e-11 -2.2090 -2.2078 7.1923 7.1820 1.0000 0.0000   0  2/198
3564:  368 5.20549e-09 -8.2835 2.30450e-11 -2.2084 -2.2078 7.1928 7.1826 1.0000 0.0000   0  2/198
4372:  368 5.29767e-09 -8.2759 9.21799e-11 -2.2084 -2.2078 7.1928 7.1826 1.0000 0.0000   0  2/198

3480:  369 5.29767e-09 -8.2759 9.21799e-11 -2.2078 -2.2078 7.1933 7.1832 1.0000 0.0000   0  2/198
3507:  369 5.25065e-09 -8.2798 4.51681e-11 -2.2078 -2.2067 7.1933 7.1832 1.0000 0.0000   0  2/200
3564:  369 5.25065e-09 -8.2798 2.25841e-11 -2.2073 -2.2067 7.1938 7.1838 1.0000 0.0000   0  2/200
4372:  369 5.34099e-09 -8.2724 9.03363e-11 -2.2073 -2.2067 7.1938 7.1838 1.0000 0.0000   0  2/200

3480:  370 5.34099e-09 -8.2724 9.03363e-11 -2.2067 -2.2067 7.1943 7.1844 1.0000 0.0000   0  2/200
3507:  370 5.29492e-09 -8.2761 4.42648e-11 -2.2067 -2.2056 7.1943 7.1844 1.0000 0.0000   0  2/202
3564:  370 5.29492e-09 -8.2761 2.21324e-11 -2.2062 -2.2056 7.1947 7.1849 1.0000 0.0000   0  2/202
4372:  370 5.38345e-09 -8.2689 8.85296e-11 -2.2062 -2.2056 7.1947 7.1849 1.0000 0.0000   0  2/202

3480:  371 5.38345e-09 -8.2689 8.85296e-11 -2.2056 -2.2056 7.1952 7.1855 1.0000 0.0000   0  2/202
3507:  371 5.33830e-09 -8.2726 4.33795e-11 -2.2056 -2.2046 7.1952 7.1855 1.0000 0.0000   0  2/204
3564:  371 5.33830e-09 -8.2726 2.16897e-11 -2.2051 -2.2046 7.1956 7.1860 1.0000 0.0000   0  2/204
4372:  371 5.42506e-09 -8.2656 8.67590e-11 -2.2051 -2.2046 7.1956 7.1860 1.0000 0.0000   0  2/204

3480:  372 5.42506e-09 -8.2656 8.67590e-11 -2.2046 -2.2046 7.1961 7.1866 1.0000 0.0000   0  2/204
3507:  372 5.38081e-09 -8.2692 4.25119e-11 -2.2046 -2.2036 7.1961 7.1866 1.0000 0.0000   0  2/206
3564:  372 5.38081e-09 -8.2692 2.12559e-11 -2.2041 -2.2036 7.1965 7.1871 1.0000 0.0000   0  2/206
4372:  372 5.46583e-09 -8.2623 8.50238e-11 -2.2041 -2.2036 7.1965 7.1871 1.0000 0.0000   0  2/206

3480:  373 5.46583e-09 -8.2623 8.50238e-11 -2.2036 -2.2036 7.1969 7.1876 1.0000 0.0000   0  2/206
3507:  373 5.42247e-09 -8.2658 4.16617e-11 -2.2036 -2.2026 7.1969 7.1876 1.0000 0.0000   0  2/208
3564:  373 5.42247e-09 -8.2658 2.08308e-11 -2.2031 -2.2026 7.1973 7.1881 1.0000 0.0000   0  2/208
4372:  373 5.50579e-09 -8.2592 8.33233e-11 -2.2031 -2.2026 7.1973 7.1881 1.0000 0.0000   0  2/208

3480:  374 5.50579e-09 -8.2592 8.33233e-11 -2.2026 -2.2026 7.1977 7.1886 1.0000 0.0000   0  2/208
3507:  374 5.46330e-09 -8.2625 4.08284e-11 -2.2026 -2.2017 7.1977 7.1886 1.0000 0.0000   0  2/210
3564:  374 5.46330e-09 -8.2625 2.04142e-11 -2.2021 -2.2017 7.1981 7.1890 1.0000 0.0000   0  2/210
4372:  374 5.54496e-09 -8.2561 8.16568e-11 -2.2021 -2.2017 7.1981 7.1890 1.0000 0.0000   0  2/210

3480:  375 5.54496e-09 -8.2561 8.16568e-11 -2.2017 -2.2017 7.1985 7.1895 1.0000 0.0000   0  2/210
3507:  375 5.50331e-09 -8.2594 4.00119e-11 -2.2017 -2.2008 7.1985 7.1895 1.0000 0.0000   0  2/212
3564:  375 5.50331e-09 -8.2594 2.00059e-11 -2.2012 -2.2008 7.1989 7.1900 1.0000 0.0000   0  2/212
4372:  375 5.58334e-09 -8.2531 8.00237e-11 -2.2012 -2.2008 7.1989 7.1900 1.0000 0.0000   0  2/212

3480:  376 5.58334e-09 -8.2531 8.00237e-11 -2.2008 -2.2008 7.1993 7.1904 1.0000 0.0000   0  2/212
3507:  376 5.54252e-09 -8.2563 3.92116e-11 -2.2008 -2.1999 7.1993 7.1904 1.0000 0.0000   0  2/214
3564:  376 5.54252e-09 -8.2563 1.96058e-11 -2.2004 -2.1999 7.1996 7.1909 1.0000 0.0000   0  2/214
4372:  376 5.62095e-09 -8.2502 7.84232e-11 -2.2004 -2.1999 7.1996 7.1909 1.0000 0.0000   0  2/214

3480:  377 5.62095e-09 -8.2502 7.84232e-11 -2.1999 -2.1999 7.2000 7.1913 1.0000 0.0000   0  2/214
3507:  377 5.58095e-09 -8.2533 3.84274e-11 -2.1999 -2.1991 7.2000 7.1913 1.0000 0.0000   0  2/216
3564:  377 5.58095e-09 -8.2533 1.92137e-11 -2.1995 -2.1991 7.2004 7.1917 1.0000 0.0000   0  2/216
4372:  377 5.65781e-09 -8.2474 7.68548e-11 -2.1995 -2.1991 7.2004 7.1917 1.0000 0.0000   0  2/216

3480:  378 5.65781e-09 -8.2474 7.68548e-11 -2.1991 -2.1991 7.2007 7.1921 1.0000 0.0000   0  2/216
3507:  378 5.61861e-09 -8.2504 3.76588e-11 -2.1991 -2.1983 7.2007 7.1921 1.0000 0.0000   0  2/218
3564:  378 5.61861e-09 -8.2504 1.88294e-11 -2.1987 -2.1983 7.2011 7.1926 1.0000 0.0000   0  2/218
4372:  378 5.69393e-09 -8.2446 7.53177e-11 -2.1987 -2.1983 7.2011 7.1926 1.0000 0.0000   0  2/218

3480:  379 5.69393e-09 -8.2446 7.53177e-11 -2.1983 -2.1983 7.2014 7.1930 1.0000 0.0000   0  2/218
3507:  379 5.65552e-09 -8.2475 3.69057e-11 -2.1983 -2.1975 7.2014 7.1930 1.0000 0.0000   0  2/220
3564:  379 5.65552e-09 -8.2475 1.84528e-11 -2.1979 -2.1975 7.2017 7.1934 1.0000 0.0000   0  2/220
4372:  379 5.72933e-09 -8.2419 7.38113e-11 -2.1979 -2.1975 7.2017 7.1934 1.0000 0.0000   0  2/220

3480:  380 5.72933e-09 -8.2419 7.38113e-11 -2.1975 -2.1975 7.2021 7.1938 1.0000 0.0000   0  2/220
3507:  380 5.70718e-09 -8.2436 5.16679e-11 -2.1975 -2.1965 7.2021 7.1938 1.0000 0.0000   0  1/221
3564:  380 5.70718e-09 -8.2436 2.58340e-11 -2.1970 -2.1965 7.2025 7.1943 1.0000 0.0000   0  1/221
4372:  380 5.81052e-09 -8.2358 1.03336e-10 -2.1970 -2.1965 7.2025 7.1943 1.0000 0.0000   0  1/221

3480:  381 5.81052e-09 -8.2358 1.03336e-10 -2.1965 -2.1965 7.2030 7.1948 1.0000 0.0000   0  1/221
3507:  381 5.75782e-09 -8.2397 5.06346e-11 -2.1965 -2.1955 7.2030 7.1948 1.0000 0.0000   0  2/223
3564:  381 5.75782e-09 -8.2397 2.53173e-11 -2.1960 -2.1955 7.2034 7.1954 1.0000 0.0000   0  2/223
4372:  381 5.85909e-09 -8.2322 1.01269e-10 -2.1960 -2.1955 7.2034 7.1954 1.0000 0.0000   0  2/223

3480:  382 5.85909e-09 -8.2322 1.01269e-10 -2.1955 -2.1955 7.2038 7.1959 1.0000 0.0000   0  2/223
3507:  382 5.80744e-09 -8.2360 4.96219e-11 -2.1955 -2.1945 7.2038 7.1959 1.0000 0.0000   0  2/225
3564:  382 5.80744e-09 -8.2360 2.48109e-11 -2.1950 -2.1945 7.2042 7.1964 1.0000 0.0000   0  2/225
4372:  382 5.90668e-09 -8.2287 9.92438e-11 -2.1950 -2.1945 7.2042 7.1964 1.0000 0.0000   0  2/225

3480:  383 5.90668e-09 -8.2287 9.92438e-11 -2.1945 -2.1945 7.2047 7.1969 1.0000 0.0000   0  2/225
3507:  383 5.85607e-09 -8.2324 4.86294e-11 -2.1945 -2.1935 7.2047 7.1969 1.0000 0.0000   0  2/227
3564:  383 5.85607e-09 -8.2324 2.43147e-11 -2.1940 -2.1935 7.2051 7.1974 1.0000 0.0000   0  2/227
4372:  383 5.95333e-09 -8.2252 9.72589e-11 -2.1940 -2.1935 7.2051 7.1974 1.0000 0.0000   0  2/227

3480:  384 5.95333e-09 -8.2252 9.72589e-11 -2.1935 -2.1935 7.2055 7.1978 1.0000 0.0000   0  2/227
3507:  384 5.90373e-09 -8.2289 4.76569e-11 -2.1935 -2.1926 7.2055 7.1978 1.0000 0.0000   0  2/229
3564:  384 5.90373e-09 -8.2289 2.38284e-11 -2.1931 -2.1927 7.2058 7.1983 1.0000 0.0000   0  2/229
4372:  384 5.99904e-09 -8.2219 9.53137e-11 -2.1931 -2.1927 7.2058 7.1983 1.0000 0.0000   0  2/229

3480:  385 5.99904e-09 -8.2219 9.53137e-11 -2.1927 -2.1927 7.2062 7.1988 1.0000 0.0000   0  2/229
3507:  385 5.95043e-09 -8.2255 4.67037e-11 -2.1927 -2.1918 7.2062 7.1988 1.0000 0.0000   0  2/231
3564:  385 5.95043e-09 -8.2255 2.33519e-11 -2.1922 -2.1918 7.2066 7.1992 1.0000 0.0000   0  2/231
4372:  385 6.04384e-09 -8.2187 9.34074e-11 -2.1922 -2.1918 7.2066 7.1992 1.0000 0.0000   0  2/231

3480:  386 6.04384e-09 -8.2187 9.34074e-11 -2.1918 -2.1918 7.2070 7.1996 1.0000 0.0000   0  2/231
3507:  386 5.99620e-09 -8.2221 4.57696e-11 -2.1918 -2.1910 7.2070 7.1996 1.0000 0.0000   0  2/233
3564:  386 5.99620e-09 -8.2221 2.28848e-11 -2.1914 -2.1910 7.2073 7.2001 1.0000 0.0000   0  2/233
4372:  386 6.08774e-09 -8.2155 9.15393e-11 -2.1914 -2.1910 7.2073 7.2001 1.0000 0.0000   0  2/233

3480:  387 6.08774e-09 -8.2155 9.15393e-11 -2.1910 -2.1910 7.2077 7.2005 1.0000 0.0000   0  2/233
3507:  387 6.04105e-09 -8.2189 4.48542e-11 -2.1910 -2.1902 7.2077 7.2005 1.0000 0.0000   0  2/235
3564:  387 6.04105e-09 -8.2189 2.24271e-11 -2.1906 -2.1902 7.2080 7.2009 1.0000 0.0000   0  2/235
4372:  387 6.13076e-09 -8.2125 8.97085e-11 -2.1906 -2.1902 7.2080 7.2009 1.0000 0.0000   0  2/235

3480:  388 6.13076e-09 -8.2125 8.97085e-11 -2.1902 -2.1902 7.2084 7.2013 1.0000 0.0000   0  2/235
3507:  388 6.08501e-09 -8.2157 4.39572e-11 -2.1902 -2.1894 7.2084 7.2013 1.0000 0.0000   0  2/237
3564:  388 6.08501e-09 -8.2157 2.19786e-11 -2.1898 -2.1894 7.2087 7.2017 1.0000 0.0000   0  2/237
4372:  388 6.17292e-09 -8.2095 8.79143e-11 -2.1898 -2.1894 7.2087 7.2017 1.0000 0.0000   0  2/237

3480:  389 6.17292e-09 -8.2095 8.79143e-11 -2.1894 -2.1894 7.2090 7.2021 1.0000 0.0000   0  2/237
3507:  389 6.12809e-09 -8.2127 4.30780e-11 -2.1894 -2.1886 7.2090 7.2021 1.0000 0.0000   0  2/239
3564:  389 6.12809e-09 -8.2127 2.15390e-11 -2.1890 -2.1887 7.2094 7.2025 1.0000 0.0000   0  2/239
4372:  389 6.21424e-09 -8.2066 8.61560e-11 -2.1890 -2.1887 7.2094 7.2025 1.0000 0.0000   0  2/239

3480:  390 6.21424e-09 -8.2066 8.61560e-11 -2.1887 -2.1887 7.2097 7.2028 1.0000 0.0000   0  2/239
3507:  390 6.17031e-09 -8.2097 4.22165e-11 -2.1887 -2.1879 7.2097 7.2028 1.0000 0.0000   0  2/241
3564:  390 6.17031e-09 -8.2097 2.11082e-11 -2.1883 -2.1879 7.2100 7.2032 1.0000 0.0000   0  2/241
4372:  390 6.25474e-09 -8.2038 8.44329e-11 -2.1883 -2.1879 7.2100 7.2032 1.0000 0.0000   0  2/241

3480:  391 6.25474e-09 -8.2038 8.44329e-11 -2.1879 -2.1879 7.2103 7.2036 1.0000 0.0000   0  2/241
3507:  391 6.21168e-09 -8.2068 4.13721e-11 -2.1879 -2.1873 7.2103 7.2036 1.0000 0.0000   0  2/243
3564:  391 6.21168e-09 -8.2068 2.06861e-11 -2.1876 -2.1873 7.2106 7.2039 1.0000 0.0000   0  2/243
4372:  391 6.29442e-09 -8.2010 8.27443e-11 -2.1876 -2.1873 7.2106 7.2039 1.0000 0.0000   0  2/243

3480:  392 6.29442e-09 -8.2010 8.27443e-11 -2.1873 -2.1873 7.2109 7.2043 1.0000 0.0000   0  2/243
3507:  392 6.25222e-09 -8.2040 4.05447e-11 -2.1873 -2.1866 7.2109 7.2043 1.0000 0.0000   0  2/245
3564:  392 6.25222e-09 -8.2040 2.02723e-11 -2.1869 -2.1866 7.2112 7.2046 1.0000 0.0000   0  2/245
4372:  392 6.33331e-09 -8.1984 8.10894e-11 -2.1869 -2.1866 7.2112 7.2046 1.0000 0.0000   0  2/245

3480:  393 6.33331e-09 -8.1984 8.10894e-11 -2.1866 -2.1866 7.2114 7.2050 1.0000 0.0000   0  2/245
3507:  393 6.29196e-09 -8.2012 3.97338e-11 -2.1866 -2.1860 7.2114 7.2050 1.0000 0.0000   0  2/247
3564:  393 6.29196e-09 -8.2012 1.98669e-11 -2.1863 -2.1860 7.2117 7.2053 1.0000 0.0000   0  2/247
4372:  393 6.37142e-09 -8.1958 7.94676e-11 -2.1863 -2.1860 7.2117 7.2053 1.0000 0.0000   0  2/247

3480:  394 6.37142e-09 -8.1958 7.94676e-11 -2.1860 -2.1860 7.2120 7.2056 1.0000 0.0000   0  2/247
3507:  394 6.33089e-09 -8.1985 3.89391e-11 -2.1860 -2.1853 7.2120 7.2056 1.0000 0.0000   0  2/249
3564:  394 6.33089e-09 -8.1985 1.94696e-11 -2.1856 -2.1853 7.2123 7.2059 1.0000 0.0000   0  2/249
4372:  394 6.40877e-09 -8.1932 7.78782e-11 -2.1856 -2.1853 7.2123 7.2059 1.0000 0.0000   0  2/249

3480:  395 6.40877e-09 -8.1932 7.78782e-11 -2.1853 -2.1853 7.2125 7.2062 1.0000 0.0000   0  2/249
3507:  395 6.36906e-09 -8.1959 3.81603e-11 -2.1853 -2.1847 7.2125 7.2062 1.0000 0.0000   0  2/251
3564:  395 6.36906e-09 -8.1959 1.90802e-11 -2.1850 -2.1847 7.2128 7.2065 1.0000 0.0000   0  2/251
4372:  395 6.44538e-09 -8.1908 7.63207e-11 -2.1850 -2.1847 7.2128 7.2065 1.0000 0.0000   0  2/251

3480:  396 6.44538e-09 -8.1908 7.63207e-11 -2.1847 -2.1847 7.2130 7.2068 1.0000 0.0000   0  2/251
3507:  396 6.40645e-09 -8.1934 3.73971e-11 -2.1847 -2.1842 7.2130 7.2068 1.0000 0.0000   0  2/253
3564:  396 6.40645e-09 -8.1934 1.86986e-11 -2.1845 -2.1842 7.2133 7.2071 1.0000 0.0000   0  2/253
4372:  396 6.48125e-09 -8.1883 7.47943e-11 -2.1845 -2.1842 7.2133 7.2071 1.0000 0.0000   0  2/253

3480:  397 6.48125e-09 -8.1883 7.47943e-11 -2.1842 -2.1842 7.2135 7.2074 1.0000 0.0000   0  2/253
3507:  397 6.44310e-09 -8.1909 3.66492e-11 -2.1842 -2.1836 7.2135 7.2074 1.0000 0.0000   0  2/255
3564:  397 6.44310e-09 -8.1909 1.83246e-11 -2.1839 -2.1836 7.2138 7.2077 1.0000 0.0000   0  2/255
4372:  397 6.51640e-09 -8.1860 7.32984e-11 -2.1839 -2.1836 7.2138 7.2077 1.0000 0.0000   0  2/255

3480:  398 6.51640e-09 -8.1860 7.32984e-11 -2.1836 -2.1836 7.2140 7.2080 1.0000 0.0000   0  2/255
3507:  398 6.49441e-09 -8.1875 5.13089e-11 -2.1836 -2.1829 7.2140 7.2080 1.0000 0.0000   0  1/256
3564:  398 6.49441e-09 -8.1875 2.56544e-11 -2.1832 -2.1829 7.2144 7.2084 1.0000 0.0000   0  1/256
4372:  398 6.59703e-09 -8.1807 1.02618e-10 -2.1832 -2.1829 7.2144 7.2084 1.0000 0.0000   0  1/256

3480:  399 6.59703e-09 -8.1807 1.02618e-10 -2.1829 -2.1829 7.2147 7.2088 1.0000 0.0000   0  1/256
3507:  399 6.54469e-09 -8.1841 5.02827e-11 -2.1829 -2.1821 7.2147 7.2088 1.0000 0.0000   0  2/258
3564:  399 6.54469e-09 -8.1841 2.51413e-11 -2.1825 -2.1821 7.2150 7.2092 1.0000 0.0000   0  2/258
4372:  399 6.64526e-09 -8.1775 1.00565e-10 -2.1825 -2.1821 7.2150 7.2092 1.0000 0.0000   0  2/258

3480:  400 6.64526e-09 -8.1775 1.00565e-10 -2.1821 -2.1821 7.2153 7.2095 1.0000 0.0000   0  2/258
3507:  400 6.59397e-09 -8.1809 4.92770e-11 -2.1821 -2.1814 7.2153 7.2095 1.0000 0.0000   0  2/260
3564:  400 6.59397e-09 -8.1809 2.46385e-11 -2.1818 -2.1814 7.2156 7.2099 1.0000 0.0000   0  2/260
4372:  400 6.69252e-09 -8.1744 9.85541e-11 -2.1818 -2.1814 7.2156 7.2099 1.0000 0.0000   0  2/260

3480:  401 6.69252e-09 -8.1744 9.85541e-11 -2.1814 -2.1814 7.2159 7.2103 1.0000 0.0000   0  2/260
3507:  401 6.64226e-09 -8.1777 4.82915e-11 -2.1814 -2.1807 7.2159 7.2103 1.0000 0.0000   0  2/262
3564:  401 6.64226e-09 -8.1777 2.41457e-11 -2.1811 -2.1808 7.2162 7.2106 1.0000 0.0000   0  2/262
4372:  401 6.73884e-09 -8.1714 9.65830e-11 -2.1811 -2.1808 7.2162 7.2106 1.0000 0.0000   0  2/262

3480:  402 6.73884e-09 -8.1714 9.65830e-11 -2.1808 -2.1808 7.2165 7.2110 1.0000 0.0000   0  2/262
3507:  402 6.68959e-09 -8.1746 4.73257e-11 -2.1808 -2.1801 7.2165 7.2110 1.0000 0.0000   0  2/264
3564:  402 6.68959e-09 -8.1746 2.36628e-11 -2.1804 -2.1801 7.2168 7.2113 1.0000 0.0000   0  2/264
4372:  402 6.78424e-09 -8.1685 9.46513e-11 -2.1804 -2.1801 7.2168 7.2113 1.0000 0.0000   0  2/264

3480:  403 6.78424e-09 -8.1685 9.46513e-11 -2.1801 -2.1801 7.2171 7.2116 1.0000 0.0000   0  2/264
3507:  403 6.73597e-09 -8.1716 4.63791e-11 -2.1801 -2.1795 7.2171 7.2116 1.0000 0.0000   0  2/266
3564:  403 6.73597e-09 -8.1716 2.31896e-11 -2.1798 -2.1795 7.2174 7.2119 1.0000 0.0000   0  2/266
4372:  403 6.82872e-09 -8.1657 9.27583e-11 -2.1798 -2.1795 7.2174 7.2119 1.0000 0.0000   0  2/266

3480:  404 6.82872e-09 -8.1657 9.27583e-11 -2.1795 -2.1795 7.2176 7.2123 1.0000 0.0000   0  2/266
3507:  404 6.78142e-09 -8.1687 4.54516e-11 -2.1795 -2.1789 7.2176 7.2123 1.0000 0.0000   0  2/268
3564:  404 6.78142e-09 -8.1687 2.27258e-11 -2.1792 -2.1789 7.2179 7.2126 1.0000 0.0000   0  2/268
4372:  404 6.87232e-09 -8.1629 9.09031e-11 -2.1792 -2.1789 7.2179 7.2126 1.0000 0.0000   0  2/268

3480:  405 6.87232e-09 -8.1629 9.09031e-11 -2.1789 -2.1789 7.2181 7.2129 1.0000 0.0000   0  2/268
3507:  405 6.82596e-09 -8.1658 4.45425e-11 -2.1789 -2.1783 7.2181 7.2129 1.0000 0.0000   0  2/270
3564:  405 6.82596e-09 -8.1658 2.22713e-11 -2.1786 -2.1783 7.2184 7.2132 1.0000 0.0000   0  2/270
4372:  405 6.91505e-09 -8.1602 8.90851e-11 -2.1786 -2.1783 7.2184 7.2132 1.0000 0.0000   0  2/270

3480:  406 6.91505e-09 -8.1602 8.90851e-11 -2.1783 -2.1783 7.2187 7.2135 1.0000 0.0000   0  2/270
3507:  406 6.86961e-09 -8.1631 4.36517e-11 -2.1783 -2.1777 7.2187 7.2135 1.0000 0.0000   0  2/272
3564:  406 6.86961e-09 -8.1631 2.18258e-11 -2.1780 -2.1777 7.2189 7.2138 1.0000 0.0000   0  2/272
4372:  406 6.95692e-09 -8.1576 8.73034e-11 -2.1780 -2.1777 7.2189 7.2138 1.0000 0.0000   0  2/272

3480:  407 6.95692e-09 -8.1576 8.73034e-11 -2.1777 -2.1777 7.2191 7.2140 1.0000 0.0000   0  2/272
3507:  407 6.91239e-09 -8.1604 4.27786e-11 -2.1777 -2.1772 7.2191 7.2140 1.0000 0.0000   0  2/274
3564:  407 6.91239e-09 -8.1604 2.13893e-11 -2.1775 -2.1772 7.2194 7.2143 1.0000 0.0000   0  2/274
4372:  407 6.99795e-09 -8.1550 8.55573e-11 -2.1775 -2.1772 7.2194 7.2143 1.0000 0.0000   0  2/274

3480:  408 6.99795e-09 -8.1550 8.55573e-11 -2.1772 -2.1772 7.2196 7.2146 1.0000 0.0000   0  2/274
3507:  408 6.95431e-09 -8.1577 4.19231e-11 -2.1772 -2.1767 7.2196 7.2146 1.0000 0.0000   0  2/276
3564:  408 6.95431e-09 -8.1577 2.09615e-11 -2.1769 -2.1767 7.2198 7.2149 1.0000 0.0000   0  2/276
4372:  408 7.03816e-09 -8.1525 8.38461e-11 -2.1769 -2.1767 7.2198 7.2149 1.0000 0.0000   0  2/276

3480:  409 7.03816e-09 -8.1525 8.38461e-11 -2.1767 -2.1767 7.2201 7.2151 1.0000 0.0000   0  2/276
3507:  409 6.99540e-09 -8.1552 4.10846e-11 -2.1767 -2.1762 7.2201 7.2151 1.0000 0.0000   0  2/278
3564:  409 6.99540e-09 -8.1552 2.05423e-11 -2.1764 -2.1762 7.2203 7.2154 1.0000 0.0000   0  2/278
4372:  409 7.07757e-09 -8.1501 8.21692e-11 -2.1764 -2.1762 7.2203 7.2154 1.0000 0.0000   0  2/278

3480:  410 7.07757e-09 -8.1501 8.21692e-11 -2.1762 -2.1762 7.2205 7.2156 1.0000 0.0000   0  2/278
3507:  410 7.03566e-09 -8.1527 4.02629e-11 -2.1762 -2.1757 7.2205 7.2156 1.0000 0.0000   0  2/280
3564:  410 7.03566e-09 -8.1527 2.01315e-11 -2.1759 -2.1757 7.2207 7.2159 1.0000 0.0000   0  2/280
4372:  410 7.11619e-09 -8.1478 8.05258e-11 -2.1759 -2.1757 7.2207 7.2159 1.0000 0.0000   0  2/280

3480:  411 7.11619e-09 -8.1478 8.05258e-11 -2.1757 -2.1757 7.2209 7.2161 1.0000 0.0000   0  2/280
3507:  411 7.07512e-09 -8.1503 3.94577e-11 -2.1757 -2.1752 7.2209 7.2161 1.0000 0.0000   0  2/282
3564:  411 7.07512e-09 -8.1503 1.97288e-11 -2.1755 -2.1752 7.2211 7.2164 1.0000 0.0000   0  2/282
4372:  411 7.15403e-09 -8.1454 7.89153e-11 -2.1755 -2.1752 7.2211 7.2164 1.0000 0.0000   0  2/282

3480:  412 7.15403e-09 -8.1454 7.89153e-11 -2.1752 -2.1752 7.2213 7.2166 1.0000 0.0000   0  2/282
3507:  412 7.11379e-09 -8.1479 3.86685e-11 -2.1752 -2.1748 7.2213 7.2166 1.0000 0.0000   0  2/284
3564:  412 7.11379e-09 -8.1479 1.93343e-11 -2.1750 -2.1748 7.2215 7.2169 1.0000 0.0000   0  2/284
4372:  412 7.19112e-09 -8.1432 7.73370e-11 -2.1750 -2.1748 7.2215 7.2169 1.0000 0.0000   0  2/284

3480:  413 7.19112e-09 -8.1432 7.73370e-11 -2.1748 -2.1748 7.2217 7.2171 1.0000 0.0000   0  2/284
3507:  413 7.15168e-09 -8.1456 3.78951e-11 -2.1748 -2.1743 7.2217 7.2171 1.0000 0.0000   0  2/286
3564:  413 7.15168e-09 -8.1456 1.89476e-11 -2.1746 -2.1743 7.2219 7.2173 1.0000 0.0000   0  2/286
4372:  413 7.22747e-09 -8.1410 7.57903e-11 -2.1746 -2.1743 7.2219 7.2173 1.0000 0.0000   0  2/286

3480:  414 7.22747e-09 -8.1410 7.57903e-11 -2.1743 -2.1743 7.2221 7.2175 1.0000 0.0000   0  2/286
3507:  414 7.18882e-09 -8.1433 3.71372e-11 -2.1743 -2.1739 7.2221 7.2175 1.0000 0.0000   0  2/288
3564:  414 7.18882e-09 -8.1433 1.85686e-11 -2.1741 -2.1739 7.2223 7.2177 1.0000 0.0000   0  2/288
4372:  414 7.26309e-09 -8.1389 7.42745e-11 -2.1741 -2.1739 7.2223 7.2177 1.0000 0.0000   0  2/288

3480:  415 7.26309e-09 -8.1389 7.42745e-11 -2.1739 -2.1739 7.2225 7.2180 1.0000 0.0000   0  2/288
3507:  415 7.22521e-09 -8.1411 3.63945e-11 -2.1739 -2.1735 7.2225 7.2180 1.0000 0.0000   0  2/290
3564:  415 7.22521e-09 -8.1411 1.81972e-11 -2.1737 -2.1735 7.2227 7.2182 1.0000 0.0000   0  2/290
4372:  415 7.29800e-09 -8.1368 7.27890e-11 -2.1737 -2.1735 7.2227 7.2182 1.0000 0.0000   0  2/290

3480:  416 7.29800e-09 -8.1368 7.27890e-11 -2.1735 -2.1735 7.2228 7.2184 1.0000 0.0000   0  2/290
3507:  416 7.27617e-09 -8.1381 5.09523e-11 -2.1735 -2.1730 7.2228 7.2184 1.0000 0.0000   0  1/291
3564:  416 7.27617e-09 -8.1381 2.54761e-11 -2.1732 -2.1730 7.2231 7.2187 1.0000 0.0000   0  1/291
4372:  416 7.37807e-09 -8.1321 1.01905e-10 -2.1732 -2.1730 7.2231 7.2187 1.0000 0.0000   0  1/291

3480:  417 7.37807e-09 -8.1321 1.01905e-10 -2.1730 -2.1730 7.2233 7.2190 1.0000 0.0000   0  1/291
3507:  417 7.32610e-09 -8.1351 4.99332e-11 -2.1730 -2.1724 7.2233 7.2190 1.0000 0.0000   0  2/293
3564:  417 7.32610e-09 -8.1351 2.49666e-11 -2.1727 -2.1724 7.2236 7.2192 1.0000 0.0000   0  2/293
4372:  417 7.42597e-09 -8.1292 9.98665e-11 -2.1727 -2.1724 7.2236 7.2192 1.0000 0.0000   0  2/293

3480:  418 7.42597e-09 -8.1292 9.98665e-11 -2.1724 -2.1724 7.2238 7.2195 1.0000 0.0000   0  2/293
3507:  418 7.37503e-09 -8.1322 4.89346e-11 -2.1724 -2.1719 7.2238 7.2195 1.0000 0.0000   0  2/295
3564:  418 7.37503e-09 -8.1322 2.44673e-11 -2.1722 -2.1719 7.2240 7.2198 1.0000 0.0000   0  2/295
4372:  418 7.47290e-09 -8.1265 9.78692e-11 -2.1722 -2.1719 7.2240 7.2198 1.0000 0.0000   0  2/295

3480:  419 7.47290e-09 -8.1265 9.78692e-11 -2.1719 -2.1719 7.2243 7.2200 1.0000 0.0000   0  2/295
3507:  419 7.42299e-09 -8.1294 4.79559e-11 -2.1719 -2.1714 7.2243 7.2200 1.0000 0.0000   0  2/297
3564:  419 7.42299e-09 -8.1294 2.39779e-11 -2.1717 -2.1714 7.2245 7.2203 1.0000 0.0000   0  2/297
4372:  419 7.51890e-09 -8.1238 9.59118e-11 -2.1717 -2.1714 7.2245 7.2203 1.0000 0.0000   0  2/297

3480:  420 7.51890e-09 -8.1238 9.59118e-11 -2.1714 -2.1714 7.2247 7.2206 1.0000 0.0000   0  2/297
3507:  420 7.46999e-09 -8.1267 4.69968e-11 -2.1714 -2.1709 7.2247 7.2206 1.0000 0.0000   0  2/299
3564:  420 7.46999e-09 -8.1267 2.34984e-11 -2.1712 -2.1709 7.2249 7.2208 1.0000 0.0000   0  2/299
4372:  420 7.56398e-09 -8.1212 9.39935e-11 -2.1712 -2.1709 7.2249 7.2208 1.0000 0.0000   0  2/299

3480:  421 7.56398e-09 -8.1212 9.39935e-11 -2.1709 -2.1709 7.2251 7.2210 1.0000 0.0000   0  2/299
3507:  421 7.51604e-09 -8.1240 4.60568e-11 -2.1709 -2.1705 7.2251 7.2210 1.0000 0.0000   0  2/301
3564:  421 7.51604e-09 -8.1240 2.30284e-11 -2.1707 -2.1705 7.2253 7.2213 1.0000 0.0000   0  2/301
4372:  421 7.60816e-09 -8.1187 9.21137e-11 -2.1707 -2.1705 7.2253 7.2213 1.0000 0.0000   0  2/301

3480:  422 7.60816e-09 -8.1187 9.21137e-11 -2.1705 -2.1705 7.2255 7.2215 1.0000 0.0000   0  2/301
3507:  422 7.56118e-09 -8.1214 4.51357e-11 -2.1705 -2.1700 7.2255 7.2215 1.0000 0.0000   0  2/303
3564:  422 7.56118e-09 -8.1214 2.25678e-11 -2.1702 -2.1700 7.2257 7.2218 1.0000 0.0000   0  2/303
4372:  422 7.65145e-09 -8.1163 9.02714e-11 -2.1702 -2.1700 7.2257 7.2218 1.0000 0.0000   0  2/303

3480:  423 7.65145e-09 -8.1163 9.02714e-11 -2.1700 -2.1700 7.2259 7.2220 1.0000 0.0000   0  2/303
3507:  423 7.60541e-09 -8.1189 4.42330e-11 -2.1700 -2.1696 7.2259 7.2220 1.0000 0.0000   0  2/305
3564:  423 7.60541e-09 -8.1189 2.21165e-11 -2.1698 -2.1696 7.2261 7.2222 1.0000 0.0000   0  2/305
4372:  423 7.69388e-09 -8.1139 8.84660e-11 -2.1698 -2.1696 7.2261 7.2222 1.0000 0.0000   0  2/305

3480:  424 7.69388e-09 -8.1139 8.84660e-11 -2.1696 -2.1696 7.2263 7.2224 1.0000 0.0000   0  2/305
3507:  424 7.64876e-09 -8.1164 4.33483e-11 -2.1696 -2.1692 7.2263 7.2224 1.0000 0.0000   0  2/307
3564:  424 7.64876e-09 -8.1164 2.16742e-11 -2.1694 -2.1692 7.2265 7.2226 1.0000 0.0000   0  2/307
4372:  424 7.73546e-09 -8.1115 8.66966e-11 -2.1694 -2.1692 7.2265 7.2226 1.0000 0.0000   0  2/307

3480:  425 7.73546e-09 -8.1115 8.66966e-11 -2.1692 -2.1692 7.2267 7.2228 1.0000 0.0000   0  2/307
3507:  425 7.69124e-09 -8.1140 4.24814e-11 -2.1692 -2.1688 7.2267 7.2228 1.0000 0.0000   0  2/309
3564:  425 7.69124e-09 -8.1140 2.12407e-11 -2.1690 -2.1688 7.2268 7.2231 1.0000 0.0000   0  2/309
4372:  425 7.77621e-09 -8.1092 8.49627e-11 -2.1690 -2.1688 7.2268 7.2231 1.0000 0.0000   0  2/309

3480:  426 7.77621e-09 -8.1092 8.49627e-11 -2.1688 -2.1688 7.2270 7.2233 1.0000 0.0000   0  2/309
3507:  426 7.73287e-09 -8.1117 4.16317e-11 -2.1688 -2.1684 7.2270 7.2233 1.0000 0.0000   0  2/311
3564:  426 7.73287e-09 -8.1117 2.08159e-11 -2.1686 -2.1684 7.2272 7.2235 1.0000 0.0000   0  2/311
4372:  426 7.81614e-09 -8.1070 8.32635e-11 -2.1686 -2.1684 7.2272 7.2235 1.0000 0.0000   0  2/311

3480:  427 7.81614e-09 -8.1070 8.32635e-11 -2.1684 -2.1684 7.2273 7.2237 1.0000 0.0000   0  2/311
3507:  427 7.77367e-09 -8.1094 4.07991e-11 -2.1684 -2.1680 7.2273 7.2237 1.0000 0.0000   0  2/313
3564:  427 7.77367e-09 -8.1094 2.03995e-11 -2.1682 -2.1680 7.2275 7.2238 1.0000 0.0000   0  2/313
4372:  427 7.85527e-09 -8.1048 8.15982e-11 -2.1682 -2.1680 7.2275 7.2238 1.0000 0.0000   0  2/313

3480:  428 7.85527e-09 -8.1048 8.15982e-11 -2.1680 -2.1680 7.2277 7.2240 1.0000 0.0000   0  2/313
3507:  428 7.81366e-09 -8.1071 3.99831e-11 -2.1680 -2.1677 7.2277 7.2240 1.0000 0.0000   0  2/315
3564:  428 7.81366e-09 -8.1071 1.99916e-11 -2.1678 -2.1677 7.2278 7.2242 1.0000 0.0000   0  2/315
4372:  428 7.89362e-09 -8.1027 7.99662e-11 -2.1678 -2.1677 7.2278 7.2242 1.0000 0.0000   0  2/315

3480:  429 7.89362e-09 -8.1027 7.99662e-11 -2.1677 -2.1677 7.2280 7.2244 1.0000 0.0000   0  2/315
3507:  429 7.85284e-09 -8.1050 3.91834e-11 -2.1677 -2.1673 7.2280 7.2244 1.0000 0.0000   0  2/317
3564:  429 7.85284e-09 -8.1050 1.95917e-11 -2.1675 -2.1673 7.2281 7.2246 1.0000 0.0000   0  2/317
4372:  429 7.93121e-09 -8.1007 7.83669e-11 -2.1675 -2.1673 7.2281 7.2246 1.0000 0.0000   0  2/317

3480:  430 7.93121e-09 -8.1007 7.83669e-11 -2.1673 -2.1673 7.2283 7.2248 1.0000 0.0000   0  2/317
3507:  430 7.89124e-09 -8.1029 3.83998e-11 -2.1673 -2.1670 7.2283 7.2248 1.0000 0.0000   0  2/319
3564:  430 7.89124e-09 -8.1029 1.91999e-11 -2.1671 -2.1670 7.2284 7.2249 1.0000 0.0000   0  2/319
4372:  430 7.96804e-09 -8.0986 7.67996e-11 -2.1671 -2.1670 7.2284 7.2249 1.0000 0.0000   0  2/319

3480:  431 7.96804e-09 -8.0986 7.67996e-11 -2.1670 -2.1670 7.2286 7.2251 1.0000 0.0000   0  2/319
3507:  431 7.92887e-09 -8.1008 3.76318e-11 -2.1670 -2.1667 7.2286 7.2251 1.0000 0.0000   0  2/321
3564:  431 7.92887e-09 -8.1008 1.88159e-11 -2.1668 -2.1667 7.2287 7.2253 1.0000 0.0000   0  2/321
4372:  431 8.00413e-09 -8.0967 7.52636e-11 -2.1668 -2.1667 7.2287 7.2253 1.0000 0.0000   0  2/321

3480:  432 8.00413e-09 -8.0967 7.52636e-11 -2.1667 -2.1667 7.2289 7.2254 1.0000 0.0000   0  2/321
3507:  432 7.96575e-09 -8.0988 3.68791e-11 -2.1667 -2.1663 7.2289 7.2254 1.0000 0.0000   0  2/323
3564:  432 7.96575e-09 -8.0988 1.84396e-11 -2.1665 -2.1663 7.2290 7.2256 1.0000 0.0000   0  2/323
4372:  432 8.03951e-09 -8.0948 7.37583e-11 -2.1665 -2.1663 7.2290 7.2256 1.0000 0.0000   0  2/323

3480:  433 8.03951e-09 -8.0948 7.37583e-11 -2.1663 -2.1663 7.2292 7.2258 1.0000 0.0000   0  2/323
3507:  433 8.01738e-09 -8.0960 5.16308e-11 -2.1663 -2.1659 7.2292 7.2258 1.0000 0.0000   0  1/324
3564:  433 8.01738e-09 -8.0960 2.58154e-11 -2.1661 -2.1659 7.2294 7.2260 1.0000 0.0000   0  1/324
4372:  433 8.12064e-09 -8.0904 1.03262e-10 -2.1661 -2.1659 7.2294 7.2260 1.0000 0.0000   0  1/324

3480:  434 8.12064e-09 -8.0904 1.03262e-10 -2.1659 -2.1659 7.2295 7.2262 1.0000 0.0000   0  1/324
3507:  434 8.06798e-09 -8.0932 5.05982e-11 -2.1659 -2.1655 7.2295 7.2262 1.0000 0.0000   0  2/326
3564:  434 8.06798e-09 -8.0932 2.52991e-11 -2.1657 -2.1655 7.2297 7.2264 1.0000 0.0000   0  2/326
4372:  434 8.16918e-09 -8.0878 1.01196e-10 -2.1657 -2.1655 7.2297 7.2264 1.0000 0.0000   0  2/326

3480:  435 8.16918e-09 -8.0878 1.01196e-10 -2.1655 -2.1655 7.2299 7.2266 1.0000 0.0000   0  2/326
3507:  435 8.11757e-09 -8.0906 4.95862e-11 -2.1655 -2.1651 7.2299 7.2266 1.0000 0.0000   0  2/328
3564:  435 8.11757e-09 -8.0906 2.47931e-11 -2.1653 -2.1651 7.2301 7.2268 1.0000 0.0000   0  2/328
4372:  435 8.21674e-09 -8.0853 9.91725e-11 -2.1653 -2.1651 7.2301 7.2268 1.0000 0.0000   0  2/328

3480:  436 8.21674e-09 -8.0853 9.91725e-11 -2.1651 -2.1651 7.2303 7.2270 1.0000 0.0000   0  2/328
3507:  436 8.16616e-09 -8.0880 4.85945e-11 -2.1651 -2.1647 7.2303 7.2270 1.0000 0.0000   0  2/330
3564:  436 8.16616e-09 -8.0880 2.42973e-11 -2.1649 -2.1647 7.2304 7.2272 1.0000 0.0000   0  2/330
4372:  436 8.26335e-09 -8.0828 9.71890e-11 -2.1649 -2.1647 7.2304 7.2272 1.0000 0.0000   0  2/330

3480:  437 8.26335e-09 -8.0828 9.71890e-11 -2.1647 -2.1647 7.2306 7.2274 1.0000 0.0000   0  2/330
3507:  437 8.21378e-09 -8.0855 4.76226e-11 -2.1647 -2.1643 7.2306 7.2274 1.0000 0.0000   0  2/332
3564:  437 8.21378e-09 -8.0855 2.38113e-11 -2.1645 -2.1643 7.2308 7.2276 1.0000 0.0000   0  2/332
4372:  437 8.30903e-09 -8.0804 9.52452e-11 -2.1645 -2.1643 7.2308 7.2276 1.0000 0.0000   0  2/332

3480:  438 8.30903e-09 -8.0804 9.52452e-11 -2.1643 -2.1643 7.2309 7.2278 1.0000 0.0000   0  2/332
3507:  438 8.26045e-09 -8.0830 4.66702e-11 -2.1643 -2.1640 7.2309 7.2278 1.0000 0.0000   0  2/334
3564:  438 8.26045e-09 -8.0830 2.33351e-11 -2.1642 -2.1640 7.2311 7.2280 1.0000 0.0000   0  2/334
4372:  438 8.35379e-09 -8.0781 9.33403e-11 -2.1642 -2.1640 7.2311 7.2280 1.0000 0.0000   0  2/334

3480:  439 8.35379e-09 -8.0781 9.33403e-11 -2.1640 -2.1640 7.2313 7.2282 1.0000 0.0000   0  2/334
3507:  439 8.30619e-09 -8.0806 4.57368e-11 -2.1640 -2.1636 7.2313 7.2282 1.0000 0.0000   0  2/336
3564:  439 8.30619e-09 -8.0806 2.28684e-11 -2.1638 -2.1636 7.2314 7.2284 1.0000 0.0000   0  2/336
4372:  439 8.39766e-09 -8.0758 9.14735e-11 -2.1638 -2.1636 7.2314 7.2284 1.0000 0.0000   0  2/336

3480:  440 8.39766e-09 -8.0758 9.14735e-11 -2.1636 -2.1636 7.2316 7.2286 1.0000 0.0000   0  2/336
3507:  440 8.35101e-09 -8.0783 4.48220e-11 -2.1636 -2.1633 7.2316 7.2286 1.0000 0.0000   0  2/338
3564:  440 8.35101e-09 -8.0783 2.24110e-11 -2.1635 -2.1633 7.2317 7.2287 1.0000 0.0000   0  2/338
4372:  440 8.44066e-09 -8.0736 8.96440e-11 -2.1635 -2.1633 7.2317 7.2287 1.0000 0.0000   1  2/338

3480:  441 8.44066e-09 -8.0736 8.96440e-11 -2.1633 -2.1633 7.2319 7.2289 1.0000 0.0000   1  2/338
3507:  441 8.39494e-09 -8.0760 4.39256e-11 -2.1633 -2.1630 7.2319 7.2289 1.0000 0.0000   1  2/340
3564:  441 8.39494e-09 -8.0760 2.19628e-11 -2.1631 -2.1630 7.2320 7.2291 1.0000 0.0000   1  2/340
4372:  441 8.48279e-09 -8.0715 8.78512e-11 -2.1631 -2.1630 7.2320 7.2291 1.0000 0.0000   1  2/340

3480:  442 8.48279e-09 -8.0715 8.78512e-11 -2.1630 -2.1630 7.2321 7.2292 1.0000 0.0000   1  2/340
3507:  442 8.43798e-09 -8.0738 4.30471e-11 -2.1630 -2.1627 7.2321 7.2292 1.0000 0.0000   1  2/342
3564:  442 8.43798e-09 -8.0738 2.15235e-11 -2.1628 -2.1627 7.2323 7.2294 1.0000 0.0000   1  2/342
4372:  442 8.52408e-09 -8.0694 8.60941e-11 -2.1628 -2.1627 7.2323 7.2294 1.0000 0.0000   1  2/342

3480:  443 8.52408e-09 -8.0694 8.60941e-11 -2.1627 -2.1627 7.2324 7.2295 1.0000 0.0000   1  2/342
3507:  443 8.48017e-09 -8.0716 4.21861e-11 -2.1627 -2.1624 7.2324 7.2295 1.0000 0.0000   1  2/344
3564:  443 8.48017e-09 -8.0716 2.10931e-11 -2.1625 -2.1624 7.2325 7.2297 1.0000 0.0000   1  2/344
4372:  443 8.56454e-09 -8.0673 8.43723e-11 -2.1625 -2.1624 7.2325 7.2297 1.0000 0.0000   1  2/344

3480:  444 8.56454e-09 -8.0673 8.43723e-11 -2.1624 -2.1624 7.2327 7.2299 1.0000 0.0000   1  2/344
3507:  444 8.52151e-09 -8.0695 4.13424e-11 -2.1624 -2.1621 7.2327 7.2299 1.0000 0.0000   1  2/346
3564:  444 8.52151e-09 -8.0695 2.06712e-11 -2.1622 -2.1621 7.2328 7.2300 1.0000 0.0000   1  2/346
4372:  444 8.60420e-09 -8.0653 8.26848e-11 -2.1622 -2.1621 7.2328 7.2300 1.0000 0.0000   1  2/346

3480:  445 8.60420e-09 -8.0653 8.26848e-11 -2.1621 -2.1621 7.2329 7.2301 1.0000 0.0000   1  2/346
3507:  445 8.56203e-09 -8.0674 4.05156e-11 -2.1621 -2.1618 7.2329 7.2301 1.0000 0.0000   1  2/348
3564:  445 8.56203e-09 -8.0674 2.02578e-11 -2.1620 -2.1618 7.2331 7.2303 1.0000 0.0000   1  2/348
4372:  445 8.64306e-09 -8.0633 8.10311e-11 -2.1620 -2.1618 7.2331 7.2303 1.0000 0.0000   1  2/348

3480:  446 8.64306e-09 -8.0633 8.10311e-11 -2.1618 -2.1618 7.2332 7.2304 1.0000 0.0000   1  2/348
3507:  446 8.60173e-09 -8.0654 3.97052e-11 -2.1618 -2.1615 7.2332 7.2304 1.0000 0.0000   1  2/350
3564:  446 8.60173e-09 -8.0654 1.98526e-11 -2.1617 -2.1615 7.2333 7.2306 1.0000 0.0000   1  2/350
4372:  446 8.68114e-09 -8.0614 7.94105e-11 -2.1617 -2.1615 7.2333 7.2306 1.0000 0.0000   1  2/350

3480:  447 8.68114e-09 -8.0614 7.94105e-11 -2.1615 -2.1615 7.2334 7.2307 1.0000 0.0000   1  2/350
3507:  447 8.64064e-09 -8.0635 3.89111e-11 -2.1615 -2.1613 7.2334 7.2307 1.0000 0.0000   1  2/352
3564:  447 8.64064e-09 -8.0635 1.94556e-11 -2.1614 -2.1613 7.2335 7.2308 1.0000 0.0000   1  2/352
4372:  447 8.71847e-09 -8.0596 7.78223e-11 -2.1614 -2.1613 7.2335 7.2308 1.0000 0.0000   1  2/352

3480:  448 8.71847e-09 -8.0596 7.78223e-11 -2.1613 -2.1613 7.2337 7.2310 1.0000 0.0000   1  2/352
3507:  448 8.67878e-09 -8.0615 3.81329e-11 -2.1613 -2.1610 7.2337 7.2310 1.0000 0.0000   1  2/354
3564:  448 8.67878e-09 -8.0615 1.90665e-11 -2.1612 -2.1610 7.2338 7.2311 1.0000 0.0000   1  2/354
4372:  448 8.75504e-09 -8.0577 7.62658e-11 -2.1612 -2.1610 7.2338 7.2311 1.0000 0.0000   1  2/354

3480:  449 8.75504e-09 -8.0577 7.62658e-11 -2.1610 -2.1610 7.2339 7.2312 1.0000 0.0000   1  2/354
3507:  449 8.71615e-09 -8.0597 3.73703e-11 -2.1610 -2.1608 7.2339 7.2312 1.0000 0.0000   1  2/356
3564:  449 8.71615e-09 -8.0597 1.86851e-11 -2.1609 -2.1608 7.2340 7.2314 1.0000 0.0000   1  2/356
4372:  449 8.79089e-09 -8.0560 7.47405e-11 -2.1609 -2.1608 7.2340 7.2314 1.0000 0.0000   1  2/356

3480:  450 8.79089e-09 -8.0560 7.47405e-11 -2.1608 -2.1608 7.2341 7.2315 1.0000 0.0000   1  2/356
3507:  450 8.75277e-09 -8.0579 3.66229e-11 -2.1608 -2.1606 7.2341 7.2315 1.0000 0.0000   1  2/358
3564:  450 8.75277e-09 -8.0579 1.83114e-11 -2.1607 -2.1606 7.2342 7.2316 1.0000 0.0000   1  2/358
4372:  450 8.82602e-09 -8.0542 7.32457e-11 -2.1607 -2.1606 7.2342 7.2316 1.0000 0.0000   1  2/358

3480:  451 8.82602e-09 -8.0542 7.32457e-11 -2.1606 -2.1606 7.2343 7.2317 1.0000 0.0000   1  2/358
3507:  451 8.80404e-09 -8.0553 5.12720e-11 -2.1606 -2.1602 7.2343 7.2317 1.0000 0.0000   1  1/359
3564:  451 8.80404e-09 -8.0553 2.56360e-11 -2.1604 -2.1602 7.2344 7.2319 1.0000 0.0000   1  1/359
4372:  451 8.90659e-09 -8.0503 1.02544e-10 -2.1604 -2.1602 7.2344 7.2319 1.0000 0.0000   2  1/359

3480:  452 8.90659e-09 -8.0503 1.02544e-10 -2.1602 -2.1602 7.2346 7.2321 1.0000 0.0000   2  1/359
3507:  452 8.85429e-09 -8.0528 5.02466e-11 -2.1602 -2.1599 7.2346 7.2321 1.0000 0.0000   2  2/361
3564:  452 8.85429e-09 -8.0528 2.51233e-11 -2.1601 -2.1599 7.2347 7.2322 1.0000 0.0000   2  2/361
4372:  452 8.95478e-09 -8.0479 1.00493e-10 -2.1601 -2.1599 7.2347 7.2322 1.0000 0.0000   2  2/361

3480:  453 8.95478e-09 -8.0479 1.00493e-10 -2.1599 -2.1599 7.2349 7.2324 1.0000 0.0000   2  2/361
3507:  453 8.90353e-09 -8.0504 4.92416e-11 -2.1599 -2.1596 7.2349 7.2324 1.0000 0.0000   2  2/363
3564:  453 8.90353e-09 -8.0504 2.46208e-11 -2.1598 -2.1596 7.2350 7.2325 1.0000 0.0000   2  2/363
4372:  453 9.00201e-09 -8.0457 9.84833e-11 -2.1598 -2.1596 7.2350 7.2325 1.0000 0.0000   2  2/363

3480:  454 9.00201e-09 -8.0457 9.84833e-11 -2.1596 -2.1596 7.2351 7.2327 1.0000 0.0000   2  2/363
3507:  454 8.95179e-09 -8.0481 4.82568e-11 -2.1596 -2.1593 7.2351 7.2327 1.0000 0.0000   2  2/365
3564:  454 8.95179e-09 -8.0481 2.41284e-11 -2.1595 -2.1593 7.2353 7.2329 1.0000 0.0000   2  2/365
4372:  454 9.04830e-09 -8.0434 9.65136e-11 -2.1595 -2.1593 7.2353 7.2329 1.0000 0.0000   2  2/365

3480:  455 9.04830e-09 -8.0434 9.65136e-11 -2.1593 -2.1593 7.2354 7.2330 1.0000 0.0000   2  2/365
3507:  455 8.99908e-09 -8.0458 4.72917e-11 -2.1593 -2.1590 7.2354 7.2330 1.0000 0.0000   2  2/367
3564:  455 8.99908e-09 -8.0458 2.36458e-11 -2.1592 -2.1590 7.2355 7.2331 1.0000 0.0000   2  2/367
4372:  455 9.09366e-09 -8.0413 9.45833e-11 -2.1592 -2.1590 7.2355 7.2331 1.0000 0.0000   2  2/367

3480:  456 9.09366e-09 -8.0413 9.45833e-11 -2.1590 -2.1590 7.2356 7.2333 1.0000 0.0000   2  2/367
3507:  456 9.04543e-09 -8.0436 4.63458e-11 -2.1590 -2.1588 7.2356 7.2333 1.0000 0.0000   2  2/369
3564:  456 9.04543e-09 -8.0436 2.31729e-11 -2.1589 -2.1588 7.2358 7.2334 1.0000 0.0000   2  2/369
4372:  456 9.13812e-09 -8.0391 9.26917e-11 -2.1589 -2.1588 7.2358 7.2334 1.0000 0.0000   2  2/369

3480:  457 9.13812e-09 -8.0391 9.26917e-11 -2.1588 -2.1588 7.2359 7.2336 1.0000 0.0000   2  2/369
3507:  457 9.09084e-09 -8.0414 4.54189e-11 -2.1588 -2.1585 7.2359 7.2336 1.0000 0.0000   2  2/371
3564:  457 9.09084e-09 -8.0414 2.27095e-11 -2.1586 -2.1585 7.2360 7.2337 1.0000 0.0000   2  2/371
4372:  457 9.18168e-09 -8.0371 9.08378e-11 -2.1586 -2.1585 7.2360 7.2337 1.0000 0.0000   2  2/371

3480:  458 9.18168e-09 -8.0371 9.08378e-11 -2.1585 -2.1585 7.2361 7.2338 1.0000 0.0000   2  2/371
3507:  458 9.13535e-09 -8.0393 4.45105e-11 -2.1585 -2.1583 7.2361 7.2338 1.0000 0.0000   2  2/373
3564:  458 9.13535e-09 -8.0393 2.22553e-11 -2.1584 -2.1583 7.2362 7.2340 1.0000 0.0000   2  2/373
4372:  458 9.22438e-09 -8.0351 8.90211e-11 -2.1584 -2.1583 7.2362 7.2340 1.0000 0.0000   2  2/373

3480:  459 9.22438e-09 -8.0351 8.90211e-11 -2.1583 -2.1583 7.2363 7.2341 1.0000 0.0000   2  2/373
3507:  459 9.17898e-09 -8.0372 4.36203e-11 -2.1583 -2.1580 7.2363 7.2341 1.0000 0.0000   2  2/375
3564:  459 9.17898e-09 -8.0372 2.18102e-11 -2.1581 -2.1580 7.2365 7.2342 1.0000 0.0000   2  2/375
4372:  459 9.26622e-09 -8.0331 8.72406e-11 -2.1581 -2.1580 7.2365 7.2342 1.0000 0.0000   2  2/375

3480:  460 9.26622e-09 -8.0331 8.72406e-11 -2.1580 -2.1580 7.2366 7.2343 1.0000 0.0000   2  2/375
3507:  460 9.22172e-09 -8.0352 4.27479e-11 -2.1580 -2.1578 7.2366 7.2343 1.0000 0.0000   2  2/377
3564:  460 9.22172e-09 -8.0352 2.13740e-11 -2.1579 -2.1578 7.2367 7.2345 1.0000 0.0000   2  2/377
4372:  460 9.30722e-09 -8.0312 8.54958e-11 -2.1579 -2.1578 7.2367 7.2345 1.0000 0.0000   2  2/377

3480:  461 9.30722e-09 -8.0312 8.54958e-11 -2.1578 -2.1578 7.2368 7.2346 1.0000 0.0000   2  2/377
3507:  461 9.26362e-09 -8.0332 4.18930e-11 -2.1578 -2.1576 7.2368 7.2346 1.0000 0.0000   2  2/379
3564:  461 9.26362e-09 -8.0332 2.09465e-11 -2.1577 -2.1576 7.2369 7.2347 1.0000 0.0000   2  2/379
4372:  461 9.34740e-09 -8.0293 8.37859e-11 -2.1577 -2.1576 7.2369 7.2347 1.0000 0.0000   2  2/379

3480:  462 9.34740e-09 -8.0293 8.37859e-11 -2.1576 -2.1576 7.2370 7.2348 1.0000 0.0000   2  2/379
3507:  462 9.30467e-09 -8.0313 4.10551e-11 -2.1576 -2.1574 7.2370 7.2348 1.0000 0.0000   2  2/381
3564:  462 9.30467e-09 -8.0313 2.05275e-11 -2.1575 -2.1574 7.2371 7.2349 1.0000 0.0000   2  2/381
4372:  462 9.38678e-09 -8.0275 8.21102e-11 -2.1575 -2.1574 7.2371 7.2349 1.0000 0.0000   2  2/381

3480:  463 9.38678e-09 -8.0275 8.21102e-11 -2.1574 -2.1574 7.2372 7.2350 1.0000 0.0000   2  2/381
3507:  463 9.34491e-09 -8.0294 4.02340e-11 -2.1574 -2.1571 7.2372 7.2350 1.0000 0.0000   2  2/383
3564:  463 9.34491e-09 -8.0294 2.01170e-11 -2.1572 -2.1571 7.2373 7.2352 1.0000 0.0000   2  2/383
4372:  463 9.42537e-09 -8.0257 8.04680e-11 -2.1572 -2.1571 7.2373 7.2352 1.0000 0.0000   2  2/383

3480:  464 9.42537e-09 -8.0257 8.04680e-11 -2.1571 -2.1571 7.2374 7.2353 1.0000 0.0000   2  2/383
3507:  464 9.38433e-09 -8.0276 3.94293e-11 -2.1571 -2.1569 7.2374 7.2353 1.0000 0.0000   2  2/385
3564:  464 9.38433e-09 -8.0276 1.97147e-11 -2.1570 -2.1569 7.2374 7.2354 1.0000 0.0000   2  2/385
4372:  464 9.46319e-09 -8.0240 7.88586e-11 -2.1570 -2.1569 7.2374 7.2354 1.0000 0.0000   2  2/385

3480:  465 9.46319e-09 -8.0240 7.88586e-11 -2.1569 -2.1569 7.2375 7.2355 1.0000 0.0000   2  2/385
3507:  465 9.42298e-09 -8.0258 3.86407e-11 -2.1569 -2.1567 7.2375 7.2355 1.0000 0.0000   2  2/387
3564:  465 9.42298e-09 -8.0258 1.93204e-11 -2.1568 -2.1567 7.2376 7.2356 1.0000 0.0000   2  2/387
4372:  465 9.50026e-09 -8.0223 7.72815e-11 -2.1568 -2.1567 7.2376 7.2356 1.0000 0.0000   2  2/387

3480:  466 9.50026e-09 -8.0223 7.72815e-11 -2.1567 -2.1567 7.2377 7.2357 1.0000 0.0000   2  2/387
3507:  466 9.46084e-09 -8.0241 3.78679e-11 -2.1567 -2.1566 7.2377 7.2357 1.0000 0.0000   2  2/389
3564:  466 9.46084e-09 -8.0241 1.89340e-11 -2.1566 -2.1566 7.2378 7.2358 1.0000 0.0000   2  2/389
4372:  466 9.53658e-09 -8.0206 7.57358e-11 -2.1566 -2.1566 7.2378 7.2358 1.0000 0.0000   2  2/389

3480:  467 9.53658e-09 -8.0206 7.57358e-11 -2.1566 -2.1566 7.2379 7.2359 1.0000 0.0000   2  2/389
3507:  467 9.49795e-09 -8.0224 3.71106e-11 -2.1566 -2.1564 7.2379 7.2359 1.0000 0.0000   2  2/391
3564:  467 9.49795e-09 -8.0224 1.85553e-11 -2.1565 -2.1564 7.2380 7.2360 1.0000 0.0000   2  2/391
4372:  467 9.57217e-09 -8.0190 7.42211e-11 -2.1565 -2.1564 7.2380 7.2360 1.0000 0.0000   2  2/391

3480:  468 9.57217e-09 -8.0190 7.42211e-11 -2.1564 -2.1564 7.2380 7.2361 1.0000 0.0000   2  2/391
3507:  468 9.53432e-09 -8.0207 3.63683e-11 -2.1564 -2.1562 7.2380 7.2361 1.0000 0.0000   2  2/393
3564:  468 9.53432e-09 -8.0207 1.81842e-11 -2.1563 -2.1562 7.2381 7.2362 1.0000 0.0000   2  2/393
4372:  468 9.60706e-09 -8.0174 7.27367e-11 -2.1563 -2.1562 7.2381 7.2362 1.0000 0.0000   2  2/393

3480:  469 9.60706e-09 -8.0174 7.27367e-11 -2.1562 -2.1562 7.2382 7.2362 1.0000 0.0000   2  2/393
3507:  469 9.58524e-09 -8.0184 5.09157e-11 -2.1562 -2.1559 7.2382 7.2362 1.0000 0.0000   2  1/394
3564:  469 9.58524e-09 -8.0184 2.54578e-11 -2.1561 -2.1559 7.2383 7.2364 1.0000 0.0000   2  1/394
4372:  469 9.68707e-09 -8.0138 1.01831e-10 -2.1561 -2.1559 7.2383 7.2364 1.0000 0.0000   2  1/394

3480:  470 9.68707e-09 -8.0138 1.01831e-10 -2.1559 -2.1559 7.2384 7.2365 1.0000 0.0000   2  1/394
3507:  470 9.63514e-09 -8.0161 4.98974e-11 -2.1559 -2.1557 7.2384 7.2365 1.0000 0.0000   2  2/396
3564:  470 9.63514e-09 -8.0161 2.49487e-11 -2.1558 -2.1557 7.2385 7.2366 1.0000 0.0000   2  2/396
4372:  470 9.73493e-09 -8.0117 9.97947e-11 -2.1558 -2.1557 7.2385 7.2366 1.0000 0.0000   2  2/396

3480:  471 9.73493e-09 -8.0117 9.97947e-11 -2.1557 -2.1557 7.2386 7.2367 1.0000 0.0000   2  2/396
3507:  471 9.68403e-09 -8.0139 4.88994e-11 -2.1557 -2.1555 7.2386 7.2367 1.0000 0.0000   2  2/398
3564:  471 9.68403e-09 -8.0139 2.44497e-11 -2.1556 -2.1555 7.2387 7.2369 1.0000 0.0000   2  2/398
4372:  471 9.78183e-09 -8.0096 9.77988e-11 -2.1556 -2.1555 7.2387 7.2369 1.0000 0.0000   2  2/398

3480:  472 9.78183e-09 -8.0096 9.77988e-11 -2.1555 -2.1555 7.2388 7.2370 1.0000 0.0000   2  2/398
3507:  472 9.73196e-09 -8.0118 4.79214e-11 -2.1555 -2.1553 7.2388 7.2370 1.0000 0.0000   2  2/400
3564:  472 9.73196e-09 -8.0118 2.39607e-11 -2.1554 -2.1553 7.2389 7.2371 1.0000 0.0000   2  2/400
4372:  472 9.82780e-09 -8.0075 9.58429e-11 -2.1554 -2.1553 7.2389 7.2371 1.0000 0.0000   2  2/400

3480:  473 9.82780e-09 -8.0075 9.58429e-11 -2.1553 -2.1553 7.2390 7.2372 1.0000 0.0000   2  2/400
3507:  473 9.77892e-09 -8.0097 4.69630e-11 -2.1553 -2.1550 7.2390 7.2372 1.0000 0.0000   2  2/402
3564:  473 9.77892e-09 -8.0097 2.34815e-11 -2.1552 -2.1550 7.2391 7.2373 1.0000 0.0000   2  2/402
4372:  473 9.87284e-09 -8.0056 9.39260e-11 -2.1552 -2.1550 7.2391 7.2373 1.0000 0.0000   2  2/402

3480:  474 9.87284e-09 -8.0056 9.39260e-11 -2.1550 -2.1550 7.2392 7.2374 1.0000 0.0000   2  2/402
3507:  474 9.82494e-09 -8.0077 4.60237e-11 -2.1550 -2.1548 7.2392 7.2374 1.0000 0.0000   2  2/404
3564:  474 9.82494e-09 -8.0077 2.30119e-11 -2.1549 -2.1548 7.2393 7.2375 1.0000 0.0000   2  2/404
4372:  474 9.91699e-09 -8.0036 9.20475e-11 -2.1549 -2.1548 7.2393 7.2375 1.0000 0.0000   2  2/404

3480:  475 9.91699e-09 -8.0036 9.20475e-11 -2.1548 -2.1548 7.2394 7.2376 1.0000 0.0000   2  2/404
3507:  475 9.87005e-09 -8.0057 4.51033e-11 -2.1548 -2.1546 7.2394 7.2376 1.0000 0.0000   2  2/406
3564:  475 9.87005e-09 -8.0057 2.25516e-11 -2.1547 -2.1546 7.2395 7.2377 1.0000 0.0000   2  2/406
4372:  475 9.96025e-09 -8.0017 9.02065e-11 -2.1547 -2.1546 7.2395 7.2377 1.0000 0.0000   2  2/406

3480:  476 9.96025e-09 -8.0017 9.02065e-11 -2.1546 -2.1546 7.2396 7.2378 1.0000 0.0000   2  2/406
3507:  476 9.91425e-09 -8.0037 4.42012e-11 -2.1546 -2.1545 7.2396 7.2378 1.0000 0.0000   2  2/408
3564:  476 9.91425e-09 -8.0037 2.21006e-11 -2.1546 -2.1545 7.2397 7.2379 1.0000 0.0000   2  2/408
4372:  476 1.00026e-08 -7.9999 8.84024e-11 -2.1546 -2.1545 7.2397 7.2379 1.0000 0.0000   2  2/408

3480:  477 1.00026e-08 -7.9999 8.84024e-11 -2.1545 -2.1545 7.2398 7.2380 1.0000 0.0000   2  2/408
3507:  477 9.95756e-09 -8.0018 4.33172e-11 -2.1545 -2.1543 7.2398 7.2380 1.0000 0.0000   2  2/410
3564:  477 9.95756e-09 -8.0018 2.16586e-11 -2.1544 -2.1543 7.2398 7.2381 1.0000 0.0000   2  2/410
4372:  477 1.00442e-08 -7.9981 8.66344e-11 -2.1544 -2.1543 7.2398 7.2381 1.0000 0.0000   2  2/410

3480:  478 1.00442e-08 -7.9981 8.66344e-11 -2.1543 -2.1543 7.2399 7.2382 1.0000 0.0000   2  2/410
3507:  478 1.00000e-08 -8.0000 4.24508e-11 -2.1543 -2.1541 7.2399 7.2382 1.0000 0.0000   2  2/412
3564:  478 1.00000e-08 -8.0000 2.12254e-11 -2.1542 -2.1541 7.2400 7.2383 1.0000 0.0000   2  2/412
4372:  478 1.00849e-08 -7.9963 8.49017e-11 -2.1542 -2.1541 7.2400 7.2383 1.0000 0.0000   2  2/412

