#    Steps      t        logt       dt     lgY0[6]  lgY[6]  lgF+   lgF-  sumXtr  XFac   massTol #asy #eq  #it 
3574:  394 6.33089e-09 -8.1985 1.94696e-11 -2.1856 -2.1853 7.2123 7.2059 1.0000 0.0000 1.00e-07   0   0  2/249
4387:  394 6.40877e-09 -8.1932 7.78782e-11 -2.1856 -2.1853 7.2123 7.2059 1.0000 0.0000 1.00e-07   0   0  2/249

3490:  395 6.40877e-09 -8.1932 7.78782e-11 -2.1853 -2.1853 7.2125 7.2062 1.0000 0.0000 1.00e-07   0   0  2/249
3517:  395 6.36906e-09 -8.1959 3.81603e-11 -2.1853 -2.1847 7.2125 7.2062 1.0000 0.0000 1.00e-07   0   0  2/251
3574:  395 6.36906e-09 -8.1959 1.90802e-11 -2.1850 -2.1847 7.2128 7.2065 1.0000 0.0000 1.00e-07   0   0  2/251
4387:  395 6.44538e-09 -8.1908 7.63207e-11 -2.1850 -2.1847 7.2128 7.2065 1.0000 0.0000 1.00e-07   0   0  2/251

3490:  396 6.44538e-09 -8.1908 7.63207e-11 -2.1847 -2.1847 7.2130 7.2068 1.0000 0.0000 1.00e-07   0   0  2/251
3517:  396 6.40645e-09 -8.1934 3.73971e-11 -2.1847 -2.1842 7.2130 7.2068 1.0000 0.0000 1.00e-07   0   0  2/253
3574:  396 6.40645e-09 -8.1934 1.86986e-11 -2.1845 -2.1842 7.2133 7.2071 1.0000 0.0000 1.00e-07   0   0  2/253
4387:  396 6.48125e-09 -8.1883 7.47943e-11 -2.1845 -2.1842 7.2133 7.2071 1.0000 0.0000 1.00e-07   0   0  2/253

3490:  397 6.48125e-09 -8.1883 7.47943e-11 -2.1842 -2.1842 7.2135 7.2074 1.0000 0.0000 1.00e-07   0   0  2/253
3517:  397 6.44310e-09 -8.1909 3.66492e-11 -2.1842 -2.1836 7.2135 7.2074 1.0000 0.0000 1.00e-07   0   0  2/255
3574:  397 6.44310e-09 -8.1909 1.83246e-11 -2.1839 -2.1836 7.2138 7.2077 1.0000 0.0000 1.00e-07   0   0  2/255
4387:  397 6.51640e-09 -8.1860 7.32984e-11 -2.1839 -2.1836 7.2138 7.2077 1.0000 0.0000 1.00e-07   0   0  2/255

3490:  398 6.51640e-09 -8.1860 7.32984e-11 -2.1836 -2.1836 7.2140 7.2080 1.0000 0.0000 1.00e-07   0   0  2/255
3517:  398 6.49441e-09 -8.1875 5.13089e-11 -2.1836 -2.1829 7.2140 7.2080 1.0000 0.0000 1.00e-07   0   0  1/256
3574:  398 6.49441e-09 -8.1875 2.56544e-11 -2.1832 -2.1829 7.2144 7.2084 1.0000 0.0000 1.00e-07   0   0  1/256
4387:  398 6.59703e-09 -8.1807 1.02618e-10 -2.1832 -2.1829 7.2144 7.2084 1.0000 0.0000 1.00e-07   0   0  1/256

3490:  399 6.59703e-09 -8.1807 1.02618e-10 -2.1829 -2.1829 7.2147 7.2088 1.0000 0.0000 1.00e-07   0   0  1/256
3517:  399 6.54469e-09 -8.1841 5.02827e-11 -2.1829 -2.1821 7.2147 7.2088 1.0000 0.0000 1.00e-07   0   0  2/258
3574:  399 6.54469e-09 -8.1841 2.51413e-11 -2.1825 -2.1821 7.2150 7.2092 1.0000 0.0000 1.00e-07   0   0  2/258
4387:  399 6.64526e-09 -8.1775 1.00565e-10 -2.1825 -2.1821 7.2150 7.2092 1.0000 0.0000 1.00e-07   0   0  2/258

3490:  400 6.64526e-09 -8.1775 1.00565e-10 -2.1821 -2.1821 7.2153 7.2095 1.0000 0.0000 1.00e-07   0   0  2/258
3517:  400 6.59397e-09 -8.1809 4.92770e-11 -2.1821 -2.1814 7.2153 7.2095 1.0000 0.0000 1.00e-07   0   0  2/260
3574:  400 6.59397e-09 -8.1809 2.46385e-11 -2.1818 -2.1814 7.2156 7.2099 1.0000 0.0000 1.00e-07   0   0  2/260
4387:  400 6.69252e-09 -8.1744 9.85541e-11 -2.1818 -2.1814 7.2156 7.2099 1.0000 0.0000 1.00e-07   0   0  2/260

3490:  401 6.69252e-09 -8.1744 9.85541e-11 -2.1814 -2.1814 7.2159 7.2103 1.0000 0.0000 1.00e-07   0   0  2/260
3517:  401 6.64226e-09 -8.1777 4.82915e-11 -2.1814 -2.1807 7.2159 7.2103 1.0000 0.0000 1.00e-07   0   0  2/262
3574:  401 6.64226e-09 -8.1777 2.41457e-11 -2.1811 -2.1808 7.2162 7.2106 1.0000 0.0000 1.00e-07   0   0  2/262
4387:  401 6.73884e-09 -8.1714 9.65830e-11 -2.1811 -2.1808 7.2162 7.2106 1.0000 0.0000 1.00e-07   0   0  2/262

3490:  402 6.73884e-09 -8.1714 9.65830e-11 -2.1808 -2.1808 7.2165 7.2110 1.0000 0.0000 1.00e-07   0   0  2/262
3517:  402 6.68959e-09 -8.1746 4.73257e-11 -2.1808 -2.1801 7.2165 7.2110 1.0000 0.0000 1.00e-07   0   0  2/264
3574:  402 6.68959e-09 -8.1746 2.36628e-11 -2.1804 -2.1801 7.2168 7.2113 1.0000 0.0000 1.00e-07   0   0  2/264
4387:  402 6.78424e-09 -8.1685 9.46513e-11 -2.1804 -2.1801 7.2168 7.2113 1.0000 0.0000 1.00e-07   0   0  2/264

3490:  403 6.78424e-09 -8.1685 9.46513e-11 -2.1801 -2.1801 7.2171 7.2116 1.0000 0.0000 1.00e-07   0   0  2/264
3517:  403 6.73597e-09 -8.1716 4.63791e-11 -2.1801 -2.1795 7.2171 7.2116 1.0000 0.0000 1.00e-07   0   0  2/266
3574:  403 6.73597e-09 -8.1716 2.31896e-11 -2.1798 -2.1795 7.2174 7.2119 1.0000 0.0000 1.00e-07   0   0  2/266
4387:  403 6.82872e-09 -8.1657 9.27583e-11 -2.1798 -2.1795 7.2174 7.2119 1.0000 0.0000 1.00e-07   0   0  2/266

3490:  404 6.82872e-09 -8.1657 9.27583e-11 -2.1795 -2.1795 7.2176 7.2123 1.0000 0.0000 1.00e-07   0   0  2/266
3517:  404 6.78142e-09 -8.1687 4.54516e-11 -2.1795 -2.1789 7.2176 7.2123 1.0000 0.0000 1.00e-07   0   0  2/268
3574:  404 6.78142e-09 -8.1687 2.27258e-11 -2.1792 -2.1789 7.2179 7.2126 1.0000 0.0000 1.00e-07   0   0  2/268
4387:  404 6.87232e-09 -8.1629 9.09031e-11 -2.1792 -2.1789 7.2179 7.2126 1.0000 0.0000 1.00e-07   0   0  2/268

3490:  405 6.87232e-09 -8.1629 9.09031e-11 -2.1789 -2.1789 7.2181 7.2129 1.0000 0.0000 1.00e-07   0   0  2/268
3517:  405 6.82596e-09 -8.1658 4.45425e-11 -2.1789 -2.1783 7.2181 7.2129 1.0000 0.0000 1.00e-07   0   0  2/270
3574:  405 6.82596e-09 -8.1658 2.22713e-11 -2.1786 -2.1783 7.2184 7.2132 1.0000 0.0000 1.00e-07   0   0  2/270
4387:  405 6.91505e-09 -8.1602 8.90851e-11 -2.1786 -2.1783 7.2184 7.2132 1.0000 0.0000 1.00e-07   0   0  2/270

3490:  406 6.91505e-09 -8.1602 8.90851e-11 -2.1783 -2.1783 7.2187 7.2135 1.0000 0.0000 1.00e-07   0   0  2/270
3517:  406 6.86961e-09 -8.1631 4.36517e-11 -2.1783 -2.1777 7.2187 7.2135 1.0000 0.0000 1.00e-07   0   0  2/272
3574:  406 6.86961e-09 -8.1631 2.18258e-11 -2.1780 -2.1777 7.2189 7.2138 1.0000 0.0000 1.00e-07   0   0  2/272
4387:  406 6.95692e-09 -8.1576 8.73034e-11 -2.1780 -2.1777 7.2189 7.2138 1.0000 0.0000 1.00e-07   0   0  2/272

3490:  407 6.95692e-09 -8.1576 8.73034e-11 -2.1777 -2.1777 7.2191 7.2140 1.0000 0.0000 1.00e-07   0   0  2/272
3517:  407 6.91239e-09 -8.1604 4.27786e-11 -2.1777 -2.1772 7.2191 7.2140 1.0000 0.0000 1.00e-07   0   0  2/274
3574:  407 6.91239e-09 -8.1604 2.13893e-11 -2.1775 -2.1772 7.2194 7.2143 1.0000 0.0000 1.00e-07   0   0  2/274
4387:  407 6.99795e-09 -8.1550 8.55573e-11 -2.1775 -2.1772 7.2194 7.2143 1.0000 0.0000 1.00e-07   0   0  2/274

3490:  408 6.99795e-09 -8.1550 8.55573e-11 -2.1772 -2.1772 7.2196 7.2146 1.0000 0.0000 1.00e-07   0   0  2/274
3517:  408 6.95431e-09 -8.1577 4.19231e-11 -2.1772 -2.1767 7.2196 7.2146 1.0000 0.0000 1.00e-07   0   0  2/276
3574:  408 6.95431e-09 -8.1577 2.09615e-11 -2.1769 -2.1767 7.2198 7.2149 1.0000 0.0000 1.00e-07   0   0  2/276
4387:  408 7.03816e-09 -8.1525 8.38461e-11 -2.1769 -2.1767 7.2198 7.2149 1.0000 0.0000 1.00e-07   0   0  2/276

3490:  409 7.03816e-09 -8.1525 8.38461e-11 -2.1767 -2.1767 7.2201 7.2151 1.0000 0.0000 1.00e-07   0   0  2/276
3517:  409 6.99540e-09 -8.1552 4.10846e-11 -2.1767 -2.1762 7.2201 7.2151 1.0000 0.0000 1.00e-07   0   0  2/278
3574:  409 6.99540e-09 -8.1552 2.05423e-11 -2.1764 -2.1762 7.2203 7.2154 1.0000 0.0000 1.00e-07   0   0  2/278
4387:  409 7.07757e-09 -8.1501 8.21692e-11 -2.1764 -2.1762 7.2203 7.2154 1.0000 0.0000 1.00e-07   0   0  2/278

3490:  410 7.07757e-09 -8.1501 8.21692e-11 -2.1762 -2.1762 7.2205 7.2156 1.0000 0.0000 1.00e-07   0   0  2/278
3517:  410 7.03566e-09 -8.1527 4.02629e-11 -2.1762 -2.1757 7.2205 7.2156 1.0000 0.0000 1.00e-07   0   0  2/280
3574:  410 7.03566e-09 -8.1527 2.01315e-11 -2.1759 -2.1757 7.2207 7.2159 1.0000 0.0000 1.00e-07   0   0  2/280
4387:  410 7.11619e-09 -8.1478 8.05258e-11 -2.1759 -2.1757 7.2207 7.2159 1.0000 0.0000 1.00e-07   0   0  2/280

3490:  411 7.11619e-09 -8.1478 8.05258e-11 -2.1757 -2.1757 7.2209 7.2161 1.0000 0.0000 1.00e-07   0   0  2/280
3517:  411 7.07512e-09 -8.1503 3.94577e-11 -2.1757 -2.1752 7.2209 7.2161 1.0000 0.0000 1.00e-07   0   0  2/282
3574:  411 7.07512e-09 -8.1503 1.97288e-11 -2.1755 -2.1752 7.2211 7.2164 1.0000 0.0000 1.00e-07   0   0  2/282
4387:  411 7.15403e-09 -8.1454 7.89153e-11 -2.1755 -2.1752 7.2211 7.2164 1.0000 0.0000 1.00e-07   0   0  2/282

3490:  412 7.15403e-09 -8.1454 7.89153e-11 -2.1752 -2.1752 7.2213 7.2166 1.0000 0.0000 1.00e-07   0   0  2/282
3517:  412 7.11379e-09 -8.1479 3.86685e-11 -2.1752 -2.1748 7.2213 7.2166 1.0000 0.0000 1.00e-07   0   0  2/284
3574:  412 7.11379e-09 -8.1479 1.93343e-11 -2.1750 -2.1748 7.2215 7.2169 1.0000 0.0000 1.00e-07   0   0  2/284
4387:  412 7.19112e-09 -8.1432 7.73370e-11 -2.1750 -2.1748 7.2215 7.2169 1.0000 0.0000 1.00e-07   0   0  2/284

3490:  413 7.19112e-09 -8.1432 7.73370e-11 -2.1748 -2.1748 7.2217 7.2171 1.0000 0.0000 1.00e-07   0   0  2/284
3517:  413 7.15168e-09 -8.1456 3.78951e-11 -2.1748 -2.1743 7.2217 7.2171 1.0000 0.0000 1.00e-07   0   0  2/286
3574:  413 7.15168e-09 -8.1456 1.89476e-11 -2.1746 -2.1743 7.2219 7.2173 1.0000 0.0000 1.00e-07   0   0  2/286
4387:  413 7.22747e-09 -8.1410 7.57903e-11 -2.1746 -2.1743 7.2219 7.2173 1.0000 0.0000 1.00e-07   0   0  2/286

3490:  414 7.22747e-09 -8.1410 7.57903e-11 -2.1743 -2.1743 7.2221 7.2175 1.0000 0.0000 1.00e-07   0   0  2/286
3517:  414 7.18882e-09 -8.1433 3.71372e-11 -2.1743 -2.1739 7.2221 7.2175 1.0000 0.0000 1.00e-07   0   0  2/288
3574:  414 7.18882e-09 -8.1433 1.85686e-11 -2.1741 -2.1739 7.2223 7.2177 1.0000 0.0000 1.00e-07   0   0  2/288
4387:  414 7.26309e-09 -8.1389 7.42745e-11 -2.1741 -2.1739 7.2223 7.2177 1.0000 0.0000 1.00e-07   0   0  2/288

3490:  415 7.26309e-09 -8.1389 7.42745e-11 -2.1739 -2.1739 7.2225 7.2180 1.0000 0.0000 1.00e-07   0   0  2/288
3517:  415 7.22521e-09 -8.1411 3.63945e-11 -2.1739 -2.1735 7.2225 7.2180 1.0000 0.0000 1.00e-07   0   0  2/290
3574:  415 7.22521e-09 -8.1411 1.81972e-11 -2.1737 -2.1735 7.2227 7.2182 1.0000 0.0000 1.00e-07   0   0  2/290
4387:  415 7.29800e-09 -8.1368 7.27890e-11 -2.1737 -2.1735 7.2227 7.2182 1.0000 0.0000 1.00e-07   0   0  2/290

3490:  416 7.29800e-09 -8.1368 7.27890e-11 -2.1735 -2.1735 7.2228 7.2184 1.0000 0.0000 1.00e-07   0   0  2/290
3517:  416 7.27617e-09 -8.1381 5.09523e-11 -2.1735 -2.1730 7.2228 7.2184 1.0000 0.0000 1.00e-07   0   0  1/291
3574:  416 7.27617e-09 -8.1381 2.54761e-11 -2.1732 -2.1730 7.2231 7.2187 1.0000 0.0000 1.00e-07   0   0  1/291
4387:  416 7.37807e-09 -8.1321 1.01905e-10 -2.1732 -2.1730 7.2231 7.2187 1.0000 0.0000 1.00e-07   0   0  1/291

3490:  417 7.37807e-09 -8.1321 1.01905e-10 -2.1730 -2.1730 7.2233 7.2190 1.0000 0.0000 1.00e-07   0   0  1/291
3517:  417 7.32610e-09 -8.1351 4.99332e-11 -2.1730 -2.1724 7.2233 7.2190 1.0000 0.0000 1.00e-07   0   0  2/293
3574:  417 7.32610e-09 -8.1351 2.49666e-11 -2.1727 -2.1724 7.2236 7.2192 1.0000 0.0000 1.00e-07   0   0  2/293
4387:  417 7.42597e-09 -8.1292 9.98665e-11 -2.1727 -2.1724 7.2236 7.2192 1.0000 0.0000 1.00e-07   0   0  2/293

3490:  418 7.42597e-09 -8.1292 9.98665e-11 -2.1724 -2.1724 7.2238 7.2195 1.0000 0.0000 1.00e-07   0   0  2/293
3517:  418 7.37503e-09 -8.1322 4.89346e-11 -2.1724 -2.1719 7.2238 7.2195 1.0000 0.0000 1.00e-07   0   0  2/295
3574:  418 7.37503e-09 -8.1322 2.44673e-11 -2.1722 -2.1719 7.2240 7.2198 1.0000 0.0000 1.00e-07   0   0  2/295
4387:  418 7.47290e-09 -8.1265 9.78692e-11 -2.1722 -2.1719 7.2240 7.2198 1.0000 0.0000 1.00e-07   0   0  2/295

3490:  419 7.47290e-09 -8.1265 9.78692e-11 -2.1719 -2.1719 7.2243 7.2200 1.0000 0.0000 1.00e-07   0   0  2/295
3517:  419 7.42299e-09 -8.1294 4.79559e-11 -2.1719 -2.1714 7.2243 7.2200 1.0000 0.0000 1.00e-07   0   0  2/297
3574:  419 7.42299e-09 -8.1294 2.39779e-11 -2.1717 -2.1714 7.2245 7.2203 1.0000 0.0000 1.00e-07   0   0  2/297
4387:  419 7.51890e-09 -8.1238 9.59118e-11 -2.1717 -2.1714 7.2245 7.2203 1.0000 0.0000 1.00e-07   0   0  2/297

3490:  420 7.51890e-09 -8.1238 9.59118e-11 -2.1714 -2.1714 7.2247 7.2206 1.0000 0.0000 1.00e-07   0   0  2/297
3517:  420 7.46999e-09 -8.1267 4.69968e-11 -2.1714 -2.1709 7.2247 7.2206 1.0000 0.0000 1.00e-07   0   0  2/299
3574:  420 7.46999e-09 -8.1267 2.34984e-11 -2.1712 -2.1709 7.2249 7.2208 1.0000 0.0000 1.00e-07   0   0  2/299
4387:  420 7.56398e-09 -8.1212 9.39935e-11 -2.1712 -2.1709 7.2249 7.2208 1.0000 0.0000 1.00e-07   0   0  2/299

3490:  421 7.56398e-09 -8.1212 9.39935e-11 -2.1709 -2.1709 7.2251 7.2210 1.0000 0.0000 1.00e-07   0   0  2/299
3517:  421 7.51604e-09 -8.1240 4.60568e-11 -2.1709 -2.1705 7.2251 7.2210 1.0000 0.0000 1.00e-07   0   0  2/301
3574:  421 7.51604e-09 -8.1240 2.30284e-11 -2.1707 -2.1705 7.2253 7.2213 1.0000 0.0000 1.00e-07   0   0  2/301
4387:  421 7.60816e-09 -8.1187 9.21137e-11 -2.1707 -2.1705 7.2253 7.2213 1.0000 0.0000 1.00e-07   0   0  2/301

3490:  422 7.60816e-09 -8.1187 9.21137e-11 -2.1705 -2.1705 7.2255 7.2215 1.0000 0.0000 1.00e-07   0   0  2/301
3517:  422 7.56118e-09 -8.1214 4.51357e-11 -2.1705 -2.1700 7.2255 7.2215 1.0000 0.0000 1.00e-07   0   0  2/303
3574:  422 7.56118e-09 -8.1214 2.25678e-11 -2.1702 -2.1700 7.2257 7.2218 1.0000 0.0000 1.00e-07   0   0  2/303
4387:  422 7.65145e-09 -8.1163 9.02714e-11 -2.1702 -2.1700 7.2257 7.2218 1.0000 0.0000 1.00e-07   0   0  2/303

3490:  423 7.65145e-09 -8.1163 9.02714e-11 -2.1700 -2.1700 7.2259 7.2220 1.0000 0.0000 1.00e-07   0   0  2/303
3517:  423 7.60541e-09 -8.1189 4.42330e-11 -2.1700 -2.1696 7.2259 7.2220 1.0000 0.0000 1.00e-07   0   0  2/305
3574:  423 7.60541e-09 -8.1189 2.21165e-11 -2.1698 -2.1696 7.2261 7.2222 1.0000 0.0000 1.00e-07   0   0  2/305
4387:  423 7.69388e-09 -8.1139 8.84660e-11 -2.1698 -2.1696 7.2261 7.2222 1.0000 0.0000 1.00e-07   0   0  2/305

3490:  424 7.69388e-09 -8.1139 8.84660e-11 -2.1696 -2.1696 7.2263 7.2224 1.0000 0.0000 1.00e-07   0   0  2/305
3517:  424 7.64876e-09 -8.1164 4.33483e-11 -2.1696 -2.1692 7.2263 7.2224 1.0000 0.0000 1.00e-07   0   0  2/307
3574:  424 7.64876e-09 -8.1164 2.16742e-11 -2.1694 -2.1692 7.2265 7.2226 1.0000 0.0000 1.00e-07   0   0  2/307
4387:  424 7.73546e-09 -8.1115 8.66966e-11 -2.1694 -2.1692 7.2265 7.2226 1.0000 0.0000 1.00e-07   0   0  2/307

3490:  425 7.73546e-09 -8.1115 8.66966e-11 -2.1692 -2.1692 7.2267 7.2228 1.0000 0.0000 1.00e-07   0   0  2/307
3517:  425 7.69124e-09 -8.1140 4.24814e-11 -2.1692 -2.1688 7.2267 7.2228 1.0000 0.0000 1.00e-07   0   0  2/309
3574:  425 7.69124e-09 -8.1140 2.12407e-11 -2.1690 -2.1688 7.2268 7.2231 1.0000 0.0000 1.00e-07   0   0  2/309
4387:  425 7.77621e-09 -8.1092 8.49627e-11 -2.1690 -2.1688 7.2268 7.2231 1.0000 0.0000 1.00e-07   0   0  2/309

3490:  426 7.77621e-09 -8.1092 8.49627e-11 -2.1688 -2.1688 7.2270 7.2233 1.0000 0.0000 1.00e-07   0   0  2/309
3517:  426 7.73287e-09 -8.1117 4.16317e-11 -2.1688 -2.1684 7.2270 7.2233 1.0000 0.0000 1.00e-07   0   0  2/311
3574:  426 7.73287e-09 -8.1117 2.08159e-11 -2.1686 -2.1684 7.2272 7.2235 1.0000 0.0000 1.00e-07   0   0  2/311
4387:  426 7.81614e-09 -8.1070 8.32635e-11 -2.1686 -2.1684 7.2272 7.2235 1.0000 0.0000 1.00e-07   0   0  2/311

3490:  427 7.81614e-09 -8.1070 8.32635e-11 -2.1684 -2.1684 7.2273 7.2237 1.0000 0.0000 1.00e-07   0   0  2/311
3517:  427 7.77367e-09 -8.1094 4.07991e-11 -2.1684 -2.1680 7.2273 7.2237 1.0000 0.0000 1.00e-07   0   0  2/313
3574:  427 7.77367e-09 -8.1094 2.03995e-11 -2.1682 -2.1680 7.2275 7.2238 1.0000 0.0000 1.00e-07   0   0  2/313
4387:  427 7.85527e-09 -8.1048 8.15982e-11 -2.1682 -2.1680 7.2275 7.2238 1.0000 0.0000 1.00e-07   0   0  2/313

3490:  428 7.85527e-09 -8.1048 8.15982e-11 -2.1680 -2.1680 7.2277 7.2240 1.0000 0.0000 1.00e-07   0   0  2/313
3517:  428 7.81366e-09 -8.1071 3.99831e-11 -2.1680 -2.1677 7.2277 7.2240 1.0000 0.0000 1.00e-07   0   0  2/315
3574:  428 7.81366e-09 -8.1071 1.99916e-11 -2.1678 -2.1677 7.2278 7.2242 1.0000 0.0000 1.00e-07   0   0  2/315
4387:  428 7.89362e-09 -8.1027 7.99662e-11 -2.1678 -2.1677 7.2278 7.2242 1.0000 0.0000 1.00e-07   0   0  2/315

3490:  429 7.89362e-09 -8.1027 7.99662e-11 -2.1677 -2.1677 7.2280 7.2244 1.0000 0.0000 1.00e-07   0   0  2/315
3517:  429 7.85284e-09 -8.1050 3.91834e-11 -2.1677 -2.1673 7.2280 7.2244 1.0000 0.0000 1.00e-07   0   0  2/317
3574:  429 7.85284e-09 -8.1050 1.95917e-11 -2.1675 -2.1673 7.2281 7.2246 1.0000 0.0000 1.00e-07   0   0  2/317
4387:  429 7.93121e-09 -8.1007 7.83669e-11 -2.1675 -2.1673 7.2281 7.2246 1.0000 0.0000 1.00e-07   0   0  2/317

3490:  430 7.93121e-09 -8.1007 7.83669e-11 -2.1673 -2.1673 7.2283 7.2248 1.0000 0.0000 1.00e-07   0   0  2/317
3517:  430 7.89124e-09 -8.1029 3.83998e-11 -2.1673 -2.1670 7.2283 7.2248 1.0000 0.0000 1.00e-07   0   0  2/319
3574:  430 7.89124e-09 -8.1029 1.91999e-11 -2.1671 -2.1670 7.2284 7.2249 1.0000 0.0000 1.00e-07   0   0  2/319
4387:  430 7.96804e-09 -8.0986 7.67996e-11 -2.1671 -2.1670 7.2284 7.2249 1.0000 0.0000 1.00e-07   0   0  2/319

3490:  431 7.96804e-09 -8.0986 7.67996e-11 -2.1670 -2.1670 7.2286 7.2251 1.0000 0.0000 1.00e-07   0   0  2/319
3517:  431 7.92887e-09 -8.1008 3.76318e-11 -2.1670 -2.1667 7.2286 7.2251 1.0000 0.0000 1.00e-07   0   0  2/321
3574:  431 7.92887e-09 -8.1008 1.88159e-11 -2.1668 -2.1667 7.2287 7.2253 1.0000 0.0000 1.00e-07   0   0  2/321
4387:  431 8.00413e-09 -8.0967 7.52636e-11 -2.1668 -2.1667 7.2287 7.2253 1.0000 0.0000 1.00e-07   0   0  2/321

3490:  432 8.00413e-09 -8.0967 7.52636e-11 -2.1667 -2.1667 7.2289 7.2254 1.0000 0.0000 1.00e-07   0   0  2/321
3517:  432 7.96575e-09 -8.0988 3.68791e-11 -2.1667 -2.1663 7.2289 7.2254 1.0000 0.0000 1.00e-07   0   0  2/323
3574:  432 7.96575e-09 -8.0988 1.84396e-11 -2.1665 -2.1663 7.2290 7.2256 1.0000 0.0000 1.00e-07   0   0  2/323
4387:  432 8.03951e-09 -8.0948 7.37583e-11 -2.1665 -2.1663 7.2290 7.2256 1.0000 0.0000 1.00e-07   0   0  2/323

3490:  433 8.03951e-09 -8.0948 7.37583e-11 -2.1663 -2.1663 7.2292 7.2258 1.0000 0.0000 1.00e-07   0   0  2/323
3517:  433 8.01738e-09 -8.0960 5.16308e-11 -2.1663 -2.1659 7.2292 7.2258 1.0000 0.0000 1.00e-07   0   0  1/324
3574:  433 8.01738e-09 -8.0960 2.58154e-11 -2.1661 -2.1659 7.2294 7.2260 1.0000 0.0000 1.00e-07   0   0  1/324
4387:  433 8.12064e-09 -8.0904 1.03262e-10 -2.1661 -2.1659 7.2294 7.2260 1.0000 0.0000 1.00e-07   0   0  1/324

3490:  434 8.12064e-09 -8.0904 1.03262e-10 -2.1659 -2.1659 7.2295 7.2262 1.0000 0.0000 1.00e-07   0   0  1/324
3517:  434 8.06798e-09 -8.0932 5.05982e-11 -2.1659 -2.1655 7.2295 7.2262 1.0000 0.0000 1.00e-07   0   0  2/326
3574:  434 8.06798e-09 -8.0932 2.52991e-11 -2.1657 -2.1655 7.2297 7.2264 1.0000 0.0000 1.00e-07   0   0  2/326
4387:  434 8.16918e-09 -8.0878 1.01196e-10 -2.1657 -2.1655 7.2297 7.2264 1.0000 0.0000 1.00e-07   0   0  2/326

3490:  435 8.16918e-09 -8.0878 1.01196e-10 -2.1655 -2.1655 7.2299 7.2266 1.0000 0.0000 1.00e-07   0   0  2/326
3517:  435 8.11757e-09 -8.0906 4.95862e-11 -2.1655 -2.1651 7.2299 7.2266 1.0000 0.0000 1.00e-07   0   0  2/328
3574:  435 8.11757e-09 -8.0906 2.47931e-11 -2.1653 -2.1651 7.2301 7.2268 1.0000 0.0000 1.00e-07   0   0  2/328
4387:  435 8.21674e-09 -8.0853 9.91725e-11 -2.1653 -2.1651 7.2301 7.2268 1.0000 0.0000 1.00e-07   0   0  2/328

3490:  436 8.21674e-09 -8.0853 9.91725e-11 -2.1651 -2.1651 7.2303 7.2270 1.0000 0.0000 1.00e-07   0   0  2/328
3517:  436 8.16616e-09 -8.0880 4.85945e-11 -2.1651 -2.1647 7.2303 7.2270 1.0000 0.0000 1.00e-07   0   0  2/330
3574:  436 8.16616e-09 -8.0880 2.42973e-11 -2.1649 -2.1647 7.2304 7.2272 1.0000 0.0000 1.00e-07   0   0  2/330
4387:  436 8.26335e-09 -8.0828 9.71890e-11 -2.1649 -2.1647 7.2304 7.2272 1.0000 0.0000 1.00e-07   0   0  2/330

3490:  437 8.26335e-09 -8.0828 9.71890e-11 -2.1647 -2.1647 7.2306 7.2274 1.0000 0.0000 1.00e-07   0   0  2/330
3517:  437 8.21378e-09 -8.0855 4.76226e-11 -2.1647 -2.1643 7.2306 7.2274 1.0000 0.0000 1.00e-07   0   0  2/332
3574:  437 8.21378e-09 -8.0855 2.38113e-11 -2.1645 -2.1643 7.2308 7.2276 1.0000 0.0000 1.00e-07   0   0  2/332
4387:  437 8.30903e-09 -8.0804 9.52452e-11 -2.1645 -2.1643 7.2308 7.2276 1.0000 0.0000 1.00e-07   0   0  2/332

#    Steps      t        logt       dt     lgY0[6]  lgY[6]  lgF+   lgF-  sumXtr  XFac   massTol #asy #eq  #it

3490:  438 8.30903e-09 -8.0804 9.52452e-11 -2.1643 -2.1643 7.2309 7.2278 1.0000 0.0000 1.00e-07   0   0  2/332
3517:  438 8.26045e-09 -8.0830 4.66702e-11 -2.1643 -2.1640 7.2309 7.2278 1.0000 0.0000 1.00e-07   0   0  2/334
3574:  438 8.26045e-09 -8.0830 2.33351e-11 -2.1642 -2.1640 7.2311 7.2280 1.0000 0.0000 1.00e-07   0   0  2/334
4387:  438 8.35379e-09 -8.0781 9.33403e-11 -2.1642 -2.1640 7.2311 7.2280 1.0000 0.0000 1.00e-07   0   0  2/334

3490:  439 8.35379e-09 -8.0781 9.33403e-11 -2.1640 -2.1640 7.2313 7.2282 1.0000 0.0000 1.00e-07   0   0  2/334
3517:  439 8.30619e-09 -8.0806 4.57368e-11 -2.1640 -2.1636 7.2313 7.2282 1.0000 0.0000 1.00e-07   0   0  2/336
3574:  439 8.30619e-09 -8.0806 2.28684e-11 -2.1638 -2.1636 7.2314 7.2284 1.0000 0.0000 1.00e-07   0   0  2/336
4387:  439 8.39766e-09 -8.0758 9.14735e-11 -2.1638 -2.1636 7.2314 7.2284 1.0000 0.0000 1.00e-07   0   0  2/336

3490:  440 8.39766e-09 -8.0758 9.14735e-11 -2.1636 -2.1636 7.2316 7.2286 1.0000 0.0000 1.00e-07   0   0  2/336
3517:  440 8.35101e-09 -8.0783 4.48220e-11 -2.1636 -2.1633 7.2316 7.2286 1.0000 0.0000 1.00e-07   0   0  2/338
3574:  440 8.35101e-09 -8.0783 2.24110e-11 -2.1635 -2.1633 7.2317 7.2287 1.0000 0.0000 1.00e-07   0   0  2/338
4387:  440 8.44066e-09 -8.0736 8.96440e-11 -2.1633 -2.1633 7.2317 7.2287 1.0000 1.0000 1.00e-07   0   1  2/338

3490:  441 8.44066e-09 -8.0736 8.96440e-11 -2.1633 -2.1633 6.1464 6.1881 1.0000 1.0000 5.00e-03   0   1  2/338
3517:  441 8.44066e-09 -8.0736 8.96440e-11 -2.1633 -2.1641 6.1464 6.1881 1.0000 1.0000 5.00e-03   0   1  0/338
3574:  441 8.44066e-09 -8.0736 4.48220e-11 -2.1637 -2.1641 6.1472 6.1879 1.0000 1.0000 5.00e-03   0   1  0/338
4387:  441 8.61994e-09 -8.0645 1.79288e-10 -2.1641 -2.1641 6.1472 6.1879 1.0000 1.0000 5.00e-03   0   2  0/338

3490:  442 8.61994e-09 -8.0645 1.79288e-10 -2.1641 -2.1641 6.1480 6.1877 1.0000 1.0000 5.00e-03   0   2  0/338
3517:  442 8.61994e-09 -8.0645 1.79288e-10 -2.1641 -2.1656 6.1480 6.1877 1.0000 1.0000 5.00e-03   0   2  0/338
3574:  442 8.61994e-09 -8.0645 8.96440e-11 -2.1649 -2.1656 6.1495 6.1873 1.0000 1.0000 5.00e-03   0   2  0/338
4387:  442 8.97852e-09 -8.0468 3.58576e-10 -2.1656 -2.1656 6.1495 6.1873 1.0000 1.0000 5.00e-03   1   2  0/338

3490:  443 8.97852e-09 -8.0468 3.58576e-10 -2.1656 -2.1656 6.1508 6.1870 1.0000 1.0000 5.00e-03   1   2  0/338
3517:  443 8.97852e-09 -8.0468 3.58576e-10 -2.1656 -2.1684 6.1508 6.1870 1.0000 1.0000 5.00e-03   1   2  0/338
3574:  443 8.97852e-09 -8.0468 1.79288e-10 -2.1670 -2.1683 6.1532 6.1863 1.0000 1.0000 5.00e-03   1   2  0/338
4387:  443 9.69567e-09 -8.0134 7.17152e-10 -2.1684 -2.1684 6.1532 6.1863 1.0002 0.9998 5.00e-03   1   2  0/338

3490:  444 9.69567e-09 -8.0134 7.17152e-10 -2.1684 -2.1684 6.1551 6.1856 1.0002 0.9998 5.00e-03   1   2  0/338
3517:  444 9.69567e-09 -8.0134 7.17152e-10 -2.1684 -2.1732 6.1551 6.1856 1.0002 0.9998 5.00e-03   1   2  0/338
3574:  444 9.69567e-09 -8.0134 3.58576e-10 -2.1708 -2.1729 6.1584 6.1847 1.0002 0.9998 5.00e-03   1   2  0/338
4387:  444 1.06652e-08 -7.9720 9.69567e-10 -2.1732 -2.1732 6.1584 6.1847 1.0008 0.9992 5.00e-03   1   2  0/338

3490:  445 1.06652e-08 -7.9720 9.69567e-10 -2.1732 -2.1732 6.1603 6.1834 1.0008 0.9992 5.00e-03   1   2  0/338
3517:  445 1.06652e-08 -7.9720 9.69567e-10 -2.1732 -2.1782 6.1603 6.1834 1.0008 0.9992 5.00e-03   1   2  0/338
3574:  445 1.06652e-08 -7.9720 4.84784e-10 -2.1757 -2.1779 6.1622 6.1827 1.0008 0.9992 5.00e-03   1   2  0/338
4387:  445 1.17318e-08 -7.9306 1.06652e-09 -2.1786 -2.1786 6.1622 6.1827 1.0016 0.9984 5.00e-03   3   2  0/338

3490:  446 1.17318e-08 -7.9306 1.06652e-09 -2.1786 -2.1786 6.1627 6.1807 1.0016 0.9984 5.00e-03   3   2  0/338
3517:  446 1.17318e-08 -7.9306 1.06652e-09 -2.1786 -2.1829 6.1627 6.1807 1.0016 0.9984 5.00e-03   3   2  0/338
3574:  446 1.17318e-08 -7.9306 5.33262e-10 -2.1808 -2.1828 6.1633 6.1801 1.0016 0.9984 5.00e-03   3   2  0/338
4387:  446 1.29049e-08 -7.8892 1.17318e-09 -2.1836 -2.1836 6.1633 6.1801 1.0018 0.9982 5.00e-03   3   1  0/338

3490:  447 1.29049e-08 -7.8892 1.17318e-09 -2.1836 -2.1836 6.1630 6.1779 1.0018 0.9982 5.00e-03   3   1  0/338
3517:  447 1.29049e-08 -7.8892 1.17318e-09 -2.1836 -2.1876 6.1630 6.1779 1.0018 0.9982 5.00e-03   3   1  0/338
3574:  447 1.29049e-08 -7.8892 5.86588e-10 -2.1856 -2.1875 6.1631 6.1771 1.0018 0.9982 5.00e-03   3   1  0/338
4387:  447 1.41954e-08 -7.8479 1.29049e-09 -2.1875 -2.1875 6.1631 6.1771 1.0002 0.9998 5.00e-03   4   1  0/338

3490:  448 1.41954e-08 -7.8479 1.29049e-09 -2.1875 -2.1875 6.1625 6.1763 1.0002 0.9998 5.00e-03   4   1  0/338
3517:  448 1.41954e-08 -7.8479 1.29049e-09 -2.1875 -2.1916 6.1625 6.1763 1.0002 0.9998 5.00e-03   4   1  0/338
3574:  448 1.41954e-08 -7.8479 6.45247e-10 -2.1896 -2.1915 6.1624 6.1755 1.0002 0.9998 5.00e-03   4   1  0/338
4387:  448 1.56150e-08 -7.8065 1.41954e-09 -2.1920 -2.1920 6.1624 6.1755 1.0012 0.9988 5.00e-03   4   1  0/338

3490:  449 1.56150e-08 -7.8065 1.41954e-09 -2.1920 -2.1920 6.1617 6.1736 1.0012 0.9988 5.00e-03   4   1  0/338
3517:  449 1.56150e-08 -7.8065 1.41954e-09 -2.1920 -2.1959 6.1617 6.1736 1.0012 0.9988 5.00e-03   4   1  0/338
3574:  449 1.56150e-08 -7.8065 7.09772e-10 -2.1940 -2.1958 6.1615 6.1728 1.0012 0.9988 5.00e-03   4   1  0/338
4387:  449 1.71765e-08 -7.7651 1.56150e-09 -2.1963 -2.1963 6.1615 6.1728 1.0011 0.9989 5.00e-03   4   1  0/338

3490:  450 1.71765e-08 -7.7651 1.56150e-09 -2.1963 -2.1963 6.1608 6.1710 1.0011 0.9989 5.00e-03   4   1  0/338
3517:  450 1.71765e-08 -7.7651 1.56150e-09 -2.1963 -2.2000 6.1608 6.1710 1.0011 0.9989 5.00e-03   4   1  0/338
3574:  450 1.71765e-08 -7.7651 7.80749e-10 -2.1981 -2.1999 6.1605 6.1701 1.0011 0.9989 5.00e-03   4   1  0/338
4387:  450 1.88941e-08 -7.7237 1.71765e-09 -2.2003 -2.2003 6.1605 6.1701 1.0009 0.9991 5.00e-03   4   1  0/338

3490:  451 1.88941e-08 -7.7237 1.71765e-09 -2.2003 -2.2003 6.1598 6.1685 1.0009 0.9991 5.00e-03   4   1  0/338
3517:  451 1.88941e-08 -7.7237 1.71765e-09 -2.2003 -2.2038 6.1598 6.1685 1.0009 0.9991 5.00e-03   4   1  0/338
3574:  451 1.88941e-08 -7.7237 8.58824e-10 -2.2020 -2.2037 6.1595 6.1677 1.0009 0.9991 5.00e-03   4   1  0/338
4387:  451 2.07835e-08 -7.6823 1.88941e-09 -2.2040 -2.2040 6.1595 6.1677 1.0008 0.9992 5.00e-03   4   1  0/338

3490:  452 2.07835e-08 -7.6823 1.88941e-09 -2.2040 -2.2040 6.1588 6.1662 1.0008 0.9992 5.00e-03   4   1  0/338
3517:  452 2.07835e-08 -7.6823 1.88941e-09 -2.2040 -2.2073 6.1588 6.1662 1.0008 0.9992 5.00e-03   4   1  0/338
