#gnu:          step mode eq  it     t        logt      dt       Y0[6]     logY06     Y6     logY6   Yfull[6]
3501(beginInt): 439 -1    0  2 8.2605e-09 -8.0830 9.3340e-11 6.8552e-03 -2.1640 6.8552e-03 -2.1640 6.8552e-03
3550(full):     439  0    0  2 8.2605e-09 -8.0830 4.5737e-11 6.8552e-03 -2.1640 6.8606e-03 -2.1636 6.8552e-03
3571(half1):    439  1    0  2 8.2605e-09 -8.0830 2.2868e-11 6.8552e-03 -2.1640 6.8579e-03 -2.1638 6.8606e-03
3590(half2):    439  2    0  2 8.2833e-09 -8.0818 2.2868e-11 6.8579e-03 -2.1638 6.8606e-03 -2.1636 6.8606e-03
3625(endInt):   439 -1    0  2 8.3062e-09 -8.0806 9.1474e-11 6.8579e-03 -2.1638 6.8606e-03 -2.1636 6.8606e-03
4434(final):    439 -1    0  2 8.3062e-09 -8.0806 9.1474e-11 6.8579e-03 -2.1638 6.8606e-03 -2.1636 6.8606e-03

3501(beginInt): 440 -1    0  2 8.3062e-09 -8.0806 9.1474e-11 6.8606e-03 -2.1636 6.8606e-03 -2.1636 6.8606e-03
3550(full):     440  0    0  2 8.3062e-09 -8.0806 4.4822e-11 6.8606e-03 -2.1636 6.8659e-03 -2.1633 6.8606e-03
3571(half1):    440  1    0  2 8.3062e-09 -8.0806 2.2411e-11 6.8606e-03 -2.1636 6.8632e-03 -2.1635 6.8659e-03
3590(half2):    440  2    0  2 8.3286e-09 -8.0794 2.2411e-11 6.8632e-03 -2.1635 6.8659e-03 -2.1633 6.8659e-03
3625(endInt):   440 -1    0  2 8.3510e-09 -8.0783 8.9644e-11 6.8632e-03 -2.1635 6.8659e-03 -2.1633 6.8659e-03
4434(final):    440 -1    1  2 8.3510e-09 -8.0783 8.9644e-11 6.8632e-03 -2.1635 6.8659e-03 -2.1633 6.8659e-03

3501(beginInt): 441 -1    1  2 8.3510e-09 -8.0783 8.9644e-11 6.8659e-03 -2.1633 6.8659e-03 -2.1633 6.8659e-03
3550(full):     441  0    1  0 8.3510e-09 -8.0783 8.9644e-11 6.8659e-03 -2.1633 6.8532e-03 -2.1641 6.8659e-03
3571(half1):    441  1    1  0 8.3510e-09 -8.0783 4.4822e-11 6.8659e-03 -2.1633 6.8595e-03 -2.1637 6.8532e-03
3590(half2):    441  2    1  0 8.3958e-09 -8.0759 4.4822e-11 6.8595e-03 -2.1637 6.8534e-03 -2.1641 6.8532e-03
3625(endInt):   441 -1    1  0 8.4407e-09 -8.0736 1.7929e-10 6.8595e-03 -2.1637 6.8534e-03 -2.1641 6.8532e-03
4434(final):    441 -1    2  0 8.4407e-09 -8.0736 1.7929e-10 6.8595e-03 -2.1637 6.8533e-03 -2.1641 6.8532e-03

3501(beginInt): 442 -1    2  0 8.4407e-09 -8.0736 1.7929e-10 6.8533e-03 -2.1641 6.8533e-03 -2.1641 6.8532e-03
3550(full):     442  0    2  0 8.4407e-09 -8.0736 1.7929e-10 6.8533e-03 -2.1641 6.8292e-03 -2.1656 6.8532e-03
3571(half1):    442  1    2  0 8.4407e-09 -8.0736 8.9644e-11 6.8533e-03 -2.1641 6.8413e-03 -2.1649 6.8292e-03
3590(half2):    442  2    2  0 8.5303e-09 -8.0690 8.9644e-11 6.8413e-03 -2.1649 6.8298e-03 -2.1656 6.8292e-03
3625(endInt):   442 -1    2  0 8.6199e-09 -8.0645 3.5858e-10 6.8413e-03 -2.1649 6.8298e-03 -2.1656 6.8292e-03
4434(final):    442 -1    2  0 8.6199e-09 -8.0645 3.5858e-10 6.8413e-03 -2.1649 6.8295e-03 -2.1656 6.8292e-03

3501(beginInt): 443 -1    2  0 8.6199e-09 -8.0645 3.5858e-10 6.8295e-03 -2.1656 6.8295e-03 -2.1656 6.8292e-03
3550(full):     443  0    2  0 8.6199e-09 -8.0645 3.5858e-10 6.8295e-03 -2.1656 6.7854e-03 -2.1684 6.8292e-03
3571(half1):    443  1    2  0 8.6199e-09 -8.0645 1.7929e-10 6.8295e-03 -2.1656 6.8075e-03 -2.1670 6.7854e-03
3590(half2):    443  2    2  0 8.7992e-09 -8.0556 1.7929e-10 6.8075e-03 -2.1670 6.7872e-03 -2.1683 6.7854e-03
3625(endInt):   443 -1    2  0 8.9785e-09 -8.0468 7.1715e-10 6.8075e-03 -2.1670 6.7872e-03 -2.1683 6.7854e-03
4434(final):    443 -1    2  0 8.9785e-09 -8.0468 7.1715e-10 6.8075e-03 -2.1670 6.7860e-03 -2.1684 6.7854e-03

3501(beginInt): 444 -1    2  0 8.9785e-09 -8.0468 7.1715e-10 6.7860e-03 -2.1684 6.7860e-03 -2.1684 6.7854e-03
3550(full):     444  0    2  0 8.9785e-09 -8.0468 7.1715e-10 6.7860e-03 -2.1684 6.7114e-03 -2.1732 6.7854e-03
3571(half1):    444  1    2  0 8.9785e-09 -8.0468 3.5858e-10 6.7860e-03 -2.1684 6.7487e-03 -2.1708 6.7114e-03
3590(half2):    444  2    2  0 9.3371e-09 -8.0298 3.5858e-10 6.7487e-03 -2.1708 6.7164e-03 -2.1729 6.7114e-03
3625(endInt):   444 -1    2  0 9.6957e-09 -8.0134 9.6957e-10 6.7487e-03 -2.1708 6.7164e-03 -2.1729 6.7114e-03
4434(final):    444 -1    2  0 9.6957e-09 -8.0134 9.6957e-10 6.7487e-03 -2.1708 6.7109e-03 -2.1732 6.7114e-03

3501(beginInt): 445 -1    2  0 9.6957e-09 -8.0134 9.6957e-10 6.7109e-03 -2.1732 6.7109e-03 -2.1732 6.7114e-03
3550(full):     445  0    2  0 9.6957e-09 -8.0134 9.6957e-10 6.7109e-03 -2.1732 6.6343e-03 -2.1782 6.7114e-03
3571(half1):    445  1    2  0 9.6957e-09 -8.0134 4.8478e-10 6.7109e-03 -2.1732 6.6726e-03 -2.1757 6.6343e-03
3590(half2):    445  2    2  0 1.0180e-08 -7.9922 4.8478e-10 6.6726e-03 -2.1757 6.6386e-03 -2.1779 6.6343e-03
3625(endInt):   445 -1    2  0 1.0665e-08 -7.9720 1.0665e-09 6.6726e-03 -2.1757 6.6386e-03 -2.1779 6.6343e-03
4434(final):    445 -1    2  0 1.0665e-08 -7.9720 1.0665e-09 6.6726e-03 -2.1757 6.6279e-03 -2.1786 6.6343e-03

3501(beginInt): 446 -1    2  0 1.0665e-08 -7.9720 1.0665e-09 6.6279e-03 -2.1786 6.6279e-03 -2.1786 6.6343e-03
3550(full):     446  0    2  0 1.0665e-08 -7.9720 1.0665e-09 6.6279e-03 -2.1786 6.5623e-03 -2.1829 6.6343e-03
3571(half1):    446  1    2  0 1.0665e-08 -7.9720 5.3326e-10 6.6279e-03 -2.1786 6.5951e-03 -2.1808 6.5623e-03
3590(half2):    446  2    2  0 1.1199e-08 -7.9508 5.3326e-10 6.5951e-03 -2.1808 6.5645e-03 -2.1828 6.5623e-03
3625(endInt):   446 -1    2  0 1.1732e-08 -7.9306 1.1732e-09 6.5951e-03 -2.1808 6.5645e-03 -2.1828 6.5623e-03
4434(final):    446 -1    1  0 1.1732e-08 -7.9306 1.1732e-09 6.5951e-03 -2.1808 6.5525e-03 -2.1836 6.5623e-03

3501(beginInt): 447 -1    1  0 1.1732e-08 -7.9306 1.1732e-09 6.5525e-03 -2.1836 6.5525e-03 -2.1836 6.5623e-03
3550(full):     447  0    1  0 1.1732e-08 -7.9306 1.1732e-09 6.5525e-03 -2.1836 6.4927e-03 -2.1876 6.5623e-03
3571(half1):    447  1    1  0 1.1732e-08 -7.9306 5.8659e-10 6.5525e-03 -2.1836 6.5226e-03 -2.1856 6.4927e-03
3590(half2):    447  2    1  0 1.2318e-08 -7.9094 5.8659e-10 6.5226e-03 -2.1856 6.4945e-03 -2.1875 6.4927e-03
3625(endInt):   447 -1    1  0 1.2905e-08 -7.8892 1.2905e-09 6.5226e-03 -2.1856 6.4945e-03 -2.1875 6.4927e-03
4434(final):    447 -1    1  0 1.2905e-08 -7.8892 1.2905e-09 6.5226e-03 -2.1856 6.4932e-03 -2.1875 6.4927e-03

3501(beginInt): 448 -1    1  0 1.2905e-08 -7.8892 1.2905e-09 6.4932e-03 -2.1875 6.4932e-03 -2.1875 6.4927e-03
3550(full):     448  0    1  0 1.2905e-08 -7.8892 1.2905e-09 6.4932e-03 -2.1875 6.4324e-03 -2.1916 6.4927e-03
3571(half1):    448  1    1  0 1.2905e-08 -7.8892 6.4525e-10 6.4932e-03 -2.1875 6.4628e-03 -2.1896 6.4324e-03
3590(half2):    448  2    1  0 1.3550e-08 -7.8681 6.4525e-10 6.4628e-03 -2.1896 6.4340e-03 -2.1915 6.4324e-03
3625(endInt):   448 -1    1  0 1.4195e-08 -7.8479 1.4195e-09 6.4628e-03 -2.1896 6.4340e-03 -2.1915 6.4324e-03
4434(final):    448 -1    1  0 1.4195e-08 -7.8479 1.4195e-09 6.4628e-03 -2.1896 6.4262e-03 -2.1920 6.4324e-03

3501(beginInt): 449 -1    1  0 1.4195e-08 -7.8479 1.4195e-09 6.4262e-03 -2.1920 6.4262e-03 -2.1920 6.4324e-03
3550(full):     449  0    1  0 1.4195e-08 -7.8479 1.4195e-09 6.4262e-03 -2.1920 6.3689e-03 -2.1959 6.4324e-03
3571(half1):    449  1    1  0 1.4195e-08 -7.8479 7.0977e-10 6.4262e-03 -2.1920 6.3976e-03 -2.1940 6.3689e-03
3590(half2):    449  2    1  0 1.4905e-08 -7.8267 7.0977e-10 6.3976e-03 -2.1940 6.3704e-03 -2.1958 6.3689e-03
3625(endInt):   449 -1    1  0 1.5615e-08 -7.8065 1.5615e-09 6.3976e-03 -2.1940 6.3704e-03 -2.1958 6.3689e-03
4434(final):    449 -1    1  0 1.5615e-08 -7.8065 1.5615e-09 6.3976e-03 -2.1940 6.3636e-03 -2.1963 6.3689e-03

3501(beginInt): 450 -1    1  0 1.5615e-08 -7.8065 1.5615e-09 6.3636e-03 -2.1963 6.3636e-03 -2.1963 6.3689e-03
3550(full):     450  0    1  0 1.5615e-08 -7.8065 1.5615e-09 6.3636e-03 -2.1963 6.3097e-03 -2.2000 6.3689e-03
3571(half1):    450  1    1  0 1.5615e-08 -7.8065 7.8075e-10 6.3636e-03 -2.1963 6.3366e-03 -2.1981 6.3097e-03
3590(half2):    450  2    1  0 1.6396e-08 -7.7853 7.8075e-10 6.3366e-03 -2.1981 6.3112e-03 -2.1999 6.3097e-03
3625(endInt):   450 -1    1  0 1.7176e-08 -7.7651 1.7176e-09 6.3366e-03 -2.1981 6.3112e-03 -2.1999 6.3097e-03
4434(final):    450 -1    1  0 1.7176e-08 -7.7651 1.7176e-09 6.3366e-03 -2.1981 6.3054e-03 -2.2003 6.3097e-03
