
#   t       log t  i  j  iso rin      reaction        flux       sumF    F+(s32)   F-(S32)

FplusSum:
6.265e-09 -8.203  0 14  4He 29      s32-->he4+si28 1.486e+07 1.882e+07 1.647e+07 1.615e+07
6.265e-09 -8.203  0 15  4He 31      ar36-->he4+s32 1.265e+06 2.009e+07 1.647e+07 1.615e+07
6.265e-09 -8.203  5 52 28Si 29      s32-->he4+si28 1.486e+07 1.597e+07 1.647e+07 1.615e+07
6.265e-09 -8.203  6 53  32S 28      he4+si28-->s32 1.532e+07 1.532e+07 1.647e+07 1.615e+07
6.265e-09 -8.203  6 54  32S 31      ar36-->he4+s32 1.265e+06 1.659e+07 1.647e+07 1.615e+07
6.265e-09 -8.203  7 55 36Ar 30      he4+s32-->ar36 1.474e+06 1.474e+06 1.659e+07 1.615e+07

FminusSum:
6.265e-09 -8.203  0 14  4He 28      he4+si28-->s32 9.171e+05 1.794e+07 1.659e+07 1.615e+07
6.265e-09 -8.203  0 15  4He 30      he4+s32-->ar36 1.094e+02 1.941e+07 1.659e+07 1.615e+07
6.265e-09 -8.203  5 52 28Si 28      he4+si28-->s32 9.171e+05 1.572e+07 1.659e+07 1.615e+07
6.265e-09 -8.203  6 53  32S 29      s32-->he4+si28 2.775e+05 1.486e+07 1.659e+07 1.615e+07
6.265e-09 -8.203  6 54  32S 30      he4+s32-->ar36 1.094e+02 1.633e+07 1.659e+07 1.615e+07
6.265e-09 -8.203  7 55 36Ar 31      ar36-->he4+s32 1.462e+04 1.265e+06 1.659e+07 1.633e+07

t=6.2653e-09  Equil: RG[9]=0 RG[10]=0 sumF+(s32)=1.6588e+07 sumF-(s32)=1.6330e+07 dF(s32)=2.5728e+05
dtMode=2 t=6.411e-09 AsyEuler: FplusSum(s32)=1.6665e+07 FminusSum(s32)=1.6425e+07 delF(s32)=2.3980e+05
After int: t=6.557e-09 FplusSum(s32)=1.6665e+07 FminusSum(s32)=1.6425e+07 delF(s32)=2.3980e+05
Y(s32)=6.6969e-03 Y0(s32)=6.6620e-03


FplusSum:
6.557e-09 -8.183  0 14  4He 29      s32-->he4+si28 1.502e+07 1.871e+07 1.666e+07 1.643e+07
6.557e-09 -8.183  0 15  4He 31      ar36-->he4+s32 1.296e+06 2.001e+07 1.666e+07 1.643e+07
6.557e-09 -8.183  5 52 28Si 29      s32-->he4+si28 1.502e+07 1.607e+07 1.666e+07 1.643e+07
6.557e-09 -8.183  6 53  32S 28      he4+si28-->s32 1.544e+07 1.544e+07 1.666e+07 1.643e+07
6.557e-09 -8.183  6 54  32S 31      ar36-->he4+s32 1.296e+06 1.674e+07 1.666e+07 1.643e+07
6.557e-09 -8.183  7 55 36Ar 30      he4+s32-->ar36 1.495e+06 1.495e+06 1.674e+07 1.643e+07

FminusSum:
6.557e-09 -8.183  0 14  4He 28      he4+si28-->s32 8.612e+05 1.790e+07 1.674e+07 1.643e+07
6.557e-09 -8.183  0 15  4He 30      he4+s32-->ar36 9.696e+01 1.939e+07 1.674e+07 1.643e+07
6.557e-09 -8.183  5 52 28Si 28      he4+si28-->s32 8.612e+05 1.585e+07 1.674e+07 1.643e+07
6.557e-09 -8.183  6 53  32S 29      s32-->he4+si28 2.506e+05 1.502e+07 1.674e+07 1.643e+07
6.557e-09 -8.183  6 54  32S 30      he4+s32-->ar36 9.696e+01 1.651e+07 1.674e+07 1.643e+07
6.557e-09 -8.183  7 55 36Ar 31      ar36-->he4+s32 1.363e+04 1.296e+06 1.674e+07 1.651e+07

t=6.5567e-09  Equil: RG[9]=0 RG[10]=0 sumF+(s32)=1.6739e+07 sumF-(s32)=1.6513e+07 dF(s32)=2.2525e+05
dtMode=2 t=6.848e-09 AsyEuler: FplusSum(s32)=1.6879e+07 FminusSum(s32)=1.6612e+07 delF(s32)=2.6770e+05
After int: t=7.140e-09 FplusSum(s32)=1.6879e+07 FminusSum(s32)=1.6612e+07 delF(s32)=2.6770e+05
Y(s32)=6.8131e-03 Y0(s32)=6.7351e-03


FplusSum:
7.140e-09 -8.146  0 14  4He 29      s32-->he4+si28 1.528e+07 1.858e+07 1.688e+07 1.661e+07
7.140e-09 -8.146  0 15  4He 31      ar36-->he4+s32 1.350e+06 1.993e+07 1.688e+07 1.661e+07
7.140e-09 -8.146  5 52 28Si 29      s32-->he4+si28 1.528e+07 1.623e+07 1.688e+07 1.661e+07
7.140e-09 -8.146  6 53  32S 28      he4+si28-->s32 1.564e+07 1.564e+07 1.688e+07 1.661e+07
7.140e-09 -8.146  6 54  32S 31      ar36-->he4+s32 1.350e+06 1.699e+07 1.688e+07 1.661e+07
7.140e-09 -8.146  7 55 36Ar 30      he4+s32-->ar36 1.529e+06 1.529e+06 1.699e+07 1.661e+07

FminusSum:
7.140e-09 -8.146  0 14  4He 28      he4+si28-->s32 7.507e+05 1.785e+07 1.699e+07 1.661e+07
7.140e-09 -8.146  0 15  4He 30      he4+s32-->ar36 8.224e+01 1.938e+07 1.699e+07 1.661e+07
7.140e-09 -8.146  5 52 28Si 28      he4+si28-->s32 7.507e+05 1.605e+07 1.699e+07 1.661e+07
7.140e-09 -8.146  6 53  32S 29      s32-->he4+si28 2.033e+05 1.528e+07 1.699e+07 1.661e+07
7.140e-09 -8.146  6 54  32S 30      he4+s32-->ar36 8.224e+01 1.681e+07 1.699e+07 1.661e+07
7.140e-09 -8.146  7 55 36Ar 31      ar36-->he4+s32 1.184e+04 1.350e+06 1.699e+07 1.681e+07

t=7.1395e-09  Equil: RG[9]=0 RG[10]=0 sumF+(s32)=1.6990e+07 sumF-(s32)=1.6808e+07 dF(s32)=1.8232e+05
dtMode=2 t=7.386e-09 AsyEuler: FplusSum(s32)=1.7092e+07 FminusSum(s32)=1.6880e+07 delF(s32)=2.1215e+05
After int: t=7.633e-09 FplusSum(s32)=1.7092e+07 FminusSum(s32)=1.6880e+07 delF(s32)=2.1215e+05
Y(s32)=6.8934e-03 Y0(s32)=6.8411e-03


FplusSum:
7.633e-09 -8.117  0 14  4He 29      s32-->he4+si28 0.000e+00 2.941e+06 1.709e+07 1.688e+07
7.633e-09 -8.117  0 15  4He 31      ar36-->he4+s32 1.371e+06 4.312e+06 1.709e+07 1.688e+07
7.633e-09 -8.117  5 52 28Si 29      s32-->he4+si28 0.000e+00 8.586e+05 1.709e+07 1.688e+07
7.633e-09 -8.117  6 53  32S 28      he4+si28-->s32 0.000e+00 0.000e+00 1.709e+07 1.688e+07
7.633e-09 -8.117  6 54  32S 31      ar36-->he4+s32 1.371e+06 1.371e+06 1.709e+07 1.688e+07
7.633e-09 -8.117  7 55 36Ar 30      he4+s32-->ar36 1.513e+06 1.513e+06 1.371e+06 1.688e+07

FminusSum:
7.633e-09 -8.117  0 14  4He 28      he4+si28-->s32 6.650e+05 1.964e+06 1.371e+06 1.688e+07
7.633e-09 -8.117  0 15  4He 30      he4+s32-->ar36 6.772e+01 3.477e+06 1.371e+06 1.688e+07
7.633e-09 -8.117  5 52 28Si 28      he4+si28-->s32 6.650e+05 4.029e+05 1.371e+06 1.688e+07
7.633e-09 -8.117  6 53  32S 29      s32-->he4+si28 1.689e+05 0.000e+00 1.371e+06 1.688e+07
7.633e-09 -8.117  6 54  32S 30      he4+s32-->ar36 6.772e+01 1.513e+06 1.371e+06 1.688e+07
7.633e-09 -8.117  7 55 36Ar 31      ar36-->he4+s32 1.045e+04 1.371e+06 1.371e+06 1.513e+06

t=7.6332e-09  Equil: RG[9]=1 RG[10]=0 sumF+(s32)=1.3711e+06 sumF-(s32)=1.5129e+06 dF(s32)=-1.4178e+05
dtMode=2 t=7.900e-09 AsyEuler: FplusSum(s32)=1.3861e+06 FminusSum(s32)=1.5099e+06 delF(s32)=-1.2379e+05
After int: t=8.167e-09 FplusSum(s32)=1.3861e+06 FminusSum(s32)=1.5099e+06 delF(s32)=-1.2379e+05
Y(s32)=6.7339e-03 Y0(s32)=6.7670e-03


FplusSum:
8.167e-09 -8.088  0 14  4He 29      s32-->he4+si28 0.000e+00 2.667e+06 1.386e+06 1.510e+06
8.167e-09 -8.088  0 15  4He 31      ar36-->he4+s32 1.396e+06 4.063e+06 1.386e+06 1.510e+06
8.167e-09 -8.088  5 52 28Si 29      s32-->he4+si28 0.000e+00 7.994e+05 1.386e+06 1.510e+06
8.167e-09 -8.088  6 53  32S 28      he4+si28-->s32 0.000e+00 0.000e+00 1.386e+06 1.510e+06
8.167e-09 -8.088  6 54  32S 31      ar36-->he4+s32 1.396e+06 1.396e+06 1.386e+06 1.510e+06
8.167e-09 -8.088  7 55 36Ar 30      he4+s32-->ar36 1.505e+06 1.505e+06 1.396e+06 1.510e+06

FminusSum:
8.167e-09 -8.088  0 14  4He 28      he4+si28-->s32 6.032e+05 1.797e+06 1.396e+06 1.510e+06
8.167e-09 -8.088  0 15  4He 30      he4+s32-->ar36 5.745e+01 3.302e+06 1.396e+06 1.510e+06
8.167e-09 -8.088  5 52 28Si 28      he4+si28-->s32 6.032e+05 4.091e+05 1.396e+06 1.510e+06
8.167e-09 -8.088  6 53  32S 29      s32-->he4+si28 1.430e+05 0.000e+00 1.396e+06 1.510e+06
8.167e-09 -8.088  6 54  32S 30      he4+s32-->ar36 5.745e+01 1.505e+06 1.396e+06 1.510e+06
8.167e-09 -8.088  7 55 36Ar 31      ar36-->he4+s32 9.290e+03 1.396e+06 1.396e+06 1.505e+06

t=8.1675e-09  Equil: RG[9]=1 RG[10]=0 sumF+(s32)=1.3962e+06 sumF-(s32)=1.5051e+06 dF(s32)=-1.0891e+05
dtMode=2 t=8.576e-09 AsyEuler: FplusSum(s32)=1.4088e+06 FminusSum(s32)=1.5025e+06 delF(s32)=-9.3679e+04
After int: t=8.984e-09 FplusSum(s32)=1.4088e+06 FminusSum(s32)=1.5025e+06 delF(s32)=-9.3679e+04
Y(s32)=6.6457e-03 Y0(s32)=6.6839e-03


FplusSum:
8.984e-09 -8.047  0 14  4He 29      s32-->he4+si28 0.000e+00 2.334e+06 1.409e+06 1.502e+06
8.984e-09 -8.047  0 15  4He 31      ar36-->he4+s32 1.415e+06 3.750e+06 1.409e+06 1.502e+06
8.984e-09 -8.047  5 52 28Si 29      s32-->he4+si28 0.000e+00 7.292e+05 1.409e+06 1.502e+06
8.984e-09 -8.047  6 53  32S 28      he4+si28-->s32 0.000e+00 0.000e+00 1.409e+06 1.502e+06
8.984e-09 -8.047  6 54  32S 31      ar36-->he4+s32 1.415e+06 1.415e+06 1.409e+06 1.502e+06
8.984e-09 -8.047  7 55 36Ar 30      he4+s32-->ar36 1.497e+06 1.497e+06 1.415e+06 1.502e+06

FminusSum:
8.984e-09 -8.047  0 14  4He 28      he4+si28-->s32 5.004e+05 1.592e+06 1.415e+06 1.502e+06
8.984e-09 -8.047  0 15  4He 30      he4+s32-->ar36 4.581e+01 3.089e+06 1.415e+06 1.502e+06
8.984e-09 -8.047  5 52 28Si 28      he4+si28-->s32 5.004e+05 4.172e+05 1.415e+06 1.502e+06
8.984e-09 -8.047  6 53  32S 29      s32-->he4+si28 1.094e+05 0.000e+00 1.415e+06 1.502e+06
8.984e-09 -8.047  6 54  32S 30      he4+s32-->ar36 4.581e+01 1.497e+06 1.415e+06 1.502e+06
8.984e-09 -8.047  7 55 36Ar 31      ar36-->he4+s32 7.805e+03 1.415e+06 1.415e+06 1.497e+06

t=8.9842e-09  Equil: RG[9]=1 RG[10]=0 sumF+(s32)=1.4152e+06 sumF-(s32)=1.4969e+06 dF(s32)=-8.1729e+04
dtMode=2 t=9.299e-09 AsyEuler: FplusSum(s32)=1.4190e+06 FminusSum(s32)=1.4959e+06 delF(s32)=-7.6922e+04
After int: t=9.613e-09 FplusSum(s32)=1.4190e+06 FminusSum(s32)=1.4959e+06 delF(s32)=-7.6922e+04
Y(s32)=6.5875e-03 Y0(s32)=6.6117e-03


FplusSum:
9.613e-09 -8.017  0 14  4He 29      s32-->he4+si28 0.000e+00 2.102e+06 1.419e+06 1.496e+06
9.613e-09 -8.017  0 15  4He 31      ar36-->he4+s32 1.421e+06 3.523e+06 1.419e+06 1.496e+06
9.613e-09 -8.017  5 52 28Si 29      s32-->he4+si28 0.000e+00 6.852e+05 1.419e+06 1.496e+06
9.613e-09 -8.017  6 53  32S 28      he4+si28-->s32 0.000e+00 0.000e+00 1.419e+06 1.496e+06
9.613e-09 -8.017  6 54  32S 31      ar36-->he4+s32 1.421e+06 1.421e+06 1.419e+06 1.496e+06
9.613e-09 -8.017  7 55 36Ar 30      he4+s32-->ar36 1.492e+06 1.492e+06 1.421e+06 1.496e+06

FminusSum:
9.613e-09 -8.017  0 14  4He 28      he4+si28-->s32 4.526e+05 1.454e+06 1.421e+06 1.496e+06
9.613e-09 -8.017  0 15  4He 30      he4+s32-->ar36 3.766e+01 2.946e+06 1.421e+06 1.496e+06
9.613e-09 -8.017  5 52 28Si 28      he4+si28-->s32 4.526e+05 4.221e+05 1.421e+06 1.496e+06
9.613e-09 -8.017  6 53  32S 29      s32-->he4+si28 9.173e+04 0.000e+00 1.421e+06 1.496e+06
9.613e-09 -8.017  6 54  32S 30      he4+s32-->ar36 3.766e+01 1.492e+06 1.421e+06 1.496e+06
9.613e-09 -8.017  7 55 36Ar 31      ar36-->he4+s32 6.882e+03 1.421e+06 1.421e+06 1.492e+06

t=9.6131e-09  Equil: RG[9]=1 RG[10]=0 sumF+(s32)=1.4208e+06 sumF-(s32)=1.4924e+06 dF(s32)=-7.1516e+04
dtMode=2 t=1.009e-08 AsyEuler: FplusSum(s32)=1.4240e+06 FminusSum(s32)=1.4908e+06 delF(s32)=-6.6814e+04
After int: t=1.057e-08 FplusSum(s32)=1.4240e+06 FminusSum(s32)=1.4908e+06 delF(s32)=-6.6814e+04
Y(s32)=6.5156e-03 Y0(s32)=6.5477e-03


FplusSum:
1.057e-08 -7.976  0 14  4He 29      s32-->he4+si28 0.000e+00 1.841e+06 1.424e+06 1.491e+06
1.057e-08 -7.976  0 15  4He 31      ar36-->he4+s32 1.425e+06 3.266e+06 1.424e+06 1.491e+06
1.057e-08 -7.976  5 52 28Si 29      s32-->he4+si28 0.000e+00 6.521e+05 1.424e+06 1.491e+06
1.057e-08 -7.976  6 53  32S 28      he4+si28-->s32 0.000e+00 0.000e+00 1.424e+06 1.491e+06
1.057e-08 -7.976  6 54  32S 31      ar36-->he4+s32 1.425e+06 1.425e+06 1.424e+06 1.491e+06
1.057e-08 -7.976  7 55 36Ar 30      he4+s32-->ar36 1.485e+06 1.485e+06 1.425e+06 1.491e+06

FminusSum:
1.057e-08 -7.976  0 14  4He 28      he4+si28-->s32 3.675e+05 1.308e+06 1.425e+06 1.491e+06
1.057e-08 -7.976  0 15  4He 30      he4+s32-->ar36 2.941e+01 2.793e+06 1.425e+06 1.491e+06
1.057e-08 -7.976  5 52 28Si 28      he4+si28-->s32 3.675e+05 4.284e+05 1.425e+06 1.491e+06
1.057e-08 -7.976  6 53  32S 29      s32-->he4+si28 6.854e+04 0.000e+00 1.425e+06 1.491e+06
1.057e-08 -7.976  6 54  32S 30      he4+s32-->ar36 2.941e+01 1.485e+06 1.425e+06 1.491e+06
1.057e-08 -7.976  7 55 36Ar 31      ar36-->he4+s32 5.706e+03 1.425e+06 1.425e+06 1.485e+06

t=1.0574e-08  Equil: RG[9]=1 RG[10]=0 sumF+(s32)=1.4246e+06 sumF-(s32)=1.4854e+06 dF(s32)=-6.0817e+04
dtMode=2 t=1.094e-08 AsyEuler: FplusSum(s32)=1.4254e+06 FminusSum(s32)=1.4841e+06 delF(s32)=-5.8671e+04
After int: t=1.131e-08 FplusSum(s32)=1.4254e+06 FminusSum(s32)=1.4841e+06 delF(s32)=-5.8671e+04
Y(s32)=6.4629e-03 Y0(s32)=6.4846e-03


FplusSum:
1.131e-08 -7.946  0 14  4He 29      s32-->he4+si28 0.000e+00 1.660e+06 1.425e+06 1.484e+06
1.131e-08 -7.946  0 15  4He 31      ar36-->he4+s32 1.425e+06 3.085e+06 1.425e+06 1.484e+06
1.131e-08 -7.946  5 52 28Si 29      s32-->he4+si28 0.000e+00 6.041e+05 1.425e+06 1.484e+06
1.131e-08 -7.946  6 53  32S 28      he4+si28-->s32 0.000e+00 0.000e+00 1.425e+06 1.484e+06
1.131e-08 -7.946  6 54  32S 31      ar36-->he4+s32 1.425e+06 1.425e+06 1.425e+06 1.484e+06
1.131e-08 -7.946  7 55 36Ar 30      he4+s32-->ar36 1.480e+06 1.480e+06 1.425e+06 1.484e+06

FminusSum:
1.131e-08 -7.946  0 14  4He 28      he4+si28-->s32 3.300e+05 1.182e+06 1.425e+06 1.484e+06
1.131e-08 -7.946  0 15  4He 30      he4+s32-->ar36 2.385e+01 2.663e+06 1.425e+06 1.484e+06
1.131e-08 -7.946  5 52 28Si 28      he4+si28-->s32 3.300e+05 4.324e+05 1.425e+06 1.484e+06
1.131e-08 -7.946  6 53  32S 29      s32-->he4+si28 5.677e+04 0.000e+00 1.425e+06 1.484e+06
1.131e-08 -7.946  6 54  32S 30      he4+s32-->ar36 2.385e+01 1.480e+06 1.425e+06 1.484e+06
1.131e-08 -7.946  7 55 36Ar 31      ar36-->he4+s32 4.988e+03 1.425e+06 1.425e+06 1.480e+06

t=1.1315e-08  Equil: RG[9]=1 RG[10]=0 sumF+(s32)=1.4251e+06 sumF-(s32)=1.4803e+06 dF(s32)=-5.5229e+04
dtMode=2 t=1.187e-08 AsyEuler: FplusSum(s32)=1.4256e+06 FminusSum(s32)=1.4784e+06 delF(s32)=-5.2728e+04
After int: t=1.243e-08 FplusSum(s32)=1.4256e+06 FminusSum(s32)=1.4784e+06 delF(s32)=-5.2728e+04
Y(s32)=6.3974e-03 Y0(s32)=6.4269e-03


FplusSum:
1.243e-08 -7.905  0 14  4He 29      s32-->he4+si28 0.000e+00 1.462e+06 1.426e+06 1.478e+06
1.243e-08 -7.905  0 15  4He 31      ar36-->he4+s32 1.425e+06 2.887e+06 1.426e+06 1.478e+06
1.243e-08 -7.905  5 52 28Si 29      s32-->he4+si28 0.000e+00 5.821e+05 1.426e+06 1.478e+06
1.243e-08 -7.905  6 53  32S 28      he4+si28-->s32 0.000e+00 0.000e+00 1.426e+06 1.478e+06
1.243e-08 -7.905  6 54  32S 31      ar36-->he4+s32 1.425e+06 1.425e+06 1.426e+06 1.478e+06
1.243e-08 -7.905  7 55 36Ar 30      he4+s32-->ar36 1.473e+06 1.473e+06 1.425e+06 1.478e+06

FminusSum:
1.243e-08 -7.905  0 14  4He 28      he4+si28-->s32 2.636e+05 1.070e+06 1.425e+06 1.478e+06
1.243e-08 -7.905  0 15  4He 30      he4+s32-->ar36 1.831e+01 2.543e+06 1.425e+06 1.478e+06
1.243e-08 -7.905  5 52 28Si 28      he4+si28-->s32 2.636e+05 4.371e+05 1.425e+06 1.478e+06
1.243e-08 -7.905  6 53  32S 29      s32-->he4+si28 4.169e+04 0.000e+00 1.425e+06 1.478e+06
1.243e-08 -7.905  6 54  32S 30      he4+s32-->ar36 1.831e+01 1.473e+06 1.425e+06 1.478e+06
1.243e-08 -7.905  7 55 36Ar 31      ar36-->he4+s32 4.098e+03 1.425e+06 1.425e+06 1.473e+06

t=1.2433e-08  Equil: RG[9]=1 RG[10]=0 sumF+(s32)=1.4248e+06 sumF-(s32)=1.4730e+06 dF(s32)=-4.8226e+04
dtMode=2 t=1.305e-08 AsyEuler: FplusSum(s32)=1.4247e+06 FminusSum(s32)=1.4706e+06 delF(s32)=-4.5868e+04
After int: t=1.368e-08 FplusSum(s32)=1.4247e+06 FminusSum(s32)=1.4706e+06 delF(s32)=-4.5868e+04
Y(s32)=6.3320e-03 Y0(s32)=6.3605e-03


FplusSum:
1.368e-08 -7.864  0 14  4He 29      s32-->he4+si28 0.000e+00 1.289e+06 1.425e+06 1.471e+06
1.368e-08 -7.864  0 15  4He 31      ar36-->he4+s32 1.423e+06 2.712e+06 1.425e+06 1.471e+06
1.368e-08 -7.864  5 52 28Si 29      s32-->he4+si28 0.000e+00 5.539e+05 1.425e+06 1.471e+06
1.368e-08 -7.864  6 53  32S 28      he4+si28-->s32 0.000e+00 0.000e+00 1.425e+06 1.471e+06
1.368e-08 -7.864  6 54  32S 31      ar36-->he4+s32 1.423e+06 1.423e+06 1.425e+06 1.471e+06
1.368e-08 -7.864  7 55 36Ar 30      he4+s32-->ar36 1.464e+06 1.464e+06 1.423e+06 1.471e+06

FminusSum:
1.368e-08 -7.864  0 14  4He 28      he4+si28-->s32 2.158e+05 9.623e+05 1.423e+06 1.471e+06
1.368e-08 -7.864  0 15  4He 30      he4+s32-->ar36 1.376e+01 2.427e+06 1.423e+06 1.471e+06
1.368e-08 -7.864  5 52 28Si 28      he4+si28-->s32 2.158e+05 4.413e+05 1.423e+06 1.471e+06
1.368e-08 -7.864  6 53  32S 29      s32-->he4+si28 3.089e+04 0.000e+00 1.423e+06 1.471e+06
1.368e-08 -7.864  6 54  32S 30      he4+s32-->ar36 1.376e+01 1.464e+06 1.423e+06 1.471e+06
1.368e-08 -7.864  7 55 36Ar 31      ar36-->he4+s32 3.356e+03 1.423e+06 1.423e+06 1.464e+06

t=1.3677e-08  Equil: RG[9]=1 RG[10]=0 sumF+(s32)=1.4230e+06 sumF-(s32)=1.4643e+06 dF(s32)=-4.1325e+04
dtMode=2 t=1.436e-08 AsyEuler: FplusSum(s32)=1.4224e+06 FminusSum(s32)=1.4618e+06 delF(s32)=-3.9316e+04
After int: t=1.504e-08 FplusSum(s32)=1.4224e+06 FminusSum(s32)=1.4618e+06 delF(s32)=-3.9316e+04
Y(s32)=6.2689e-03 Y0(s32)=6.2958e-03


FplusSum:
1.504e-08 -7.823  0 14  4He 29      s32-->he4+si28 0.000e+00 1.143e+06 1.422e+06 1.462e+06
1.504e-08 -7.823  0 15  4He 31      ar36-->he4+s32 1.420e+06 2.564e+06 1.422e+06 1.462e+06
1.504e-08 -7.823  5 52 28Si 29      s32-->he4+si28 0.000e+00 5.294e+05 1.422e+06 1.462e+06
1.504e-08 -7.823  6 53  32S 28      he4+si28-->s32 0.000e+00 0.000e+00 1.422e+06 1.462e+06
1.504e-08 -7.823  6 54  32S 31      ar36-->he4+s32 1.420e+06 1.420e+06 1.422e+06 1.462e+06
1.504e-08 -7.823  7 55 36Ar 30      he4+s32-->ar36 1.456e+06 1.456e+06 1.420e+06 1.462e+06

FminusSum:
1.504e-08 -7.823  0 14  4He 28      he4+si28-->s32 1.745e+05 8.698e+05 1.420e+06 1.462e+06
1.504e-08 -7.823  0 15  4He 30      he4+s32-->ar36 1.025e+01 2.326e+06 1.420e+06 1.462e+06
1.504e-08 -7.823  5 52 28Si 28      he4+si28-->s32 1.745e+05 4.448e+05 1.420e+06 1.462e+06
1.504e-08 -7.823  6 53  32S 29      s32-->he4+si28 2.267e+04 0.000e+00 1.420e+06 1.462e+06
1.504e-08 -7.823  6 54  32S 30      he4+s32-->ar36 1.025e+01 1.456e+06 1.420e+06 1.462e+06
1.504e-08 -7.823  7 55 36Ar 31      ar36-->he4+s32 2.739e+03 1.420e+06 1.420e+06 1.456e+06

t=1.5044e-08  Equil: RG[9]=1 RG[10]=0 sumF+(s32)=1.4203e+06 sumF-(s32)=1.4558e+06 dF(s32)=-3.5462e+04
dtMode=2 t=1.580e-08 AsyEuler: FplusSum(s32)=1.4195e+06 FminusSum(s32)=1.4531e+06 delF(s32)=-3.3601e+04
After int: t=1.655e-08 FplusSum(s32)=1.4195e+06 FminusSum(s32)=1.4531e+06 delF(s32)=-3.3601e+04
Y(s32)=6.2097e-03 Y0(s32)=6.2350e-03


FplusSum:
1.655e-08 -7.781  0 14  4He 29      s32-->he4+si28 0.000e+00 1.024e+06 1.420e+06 1.453e+06
1.655e-08 -7.781  0 15  4He 31      ar36-->he4+s32 1.417e+06 2.441e+06 1.420e+06 1.453e+06
1.655e-08 -7.781  5 52 28Si 29      s32-->he4+si28 0.000e+00 5.097e+05 1.420e+06 1.453e+06
1.655e-08 -7.781  6 53  32S 28      he4+si28-->s32 0.000e+00 0.000e+00 1.420e+06 1.453e+06
1.655e-08 -7.781  6 54  32S 31      ar36-->he4+s32 1.417e+06 1.417e+06 1.420e+06 1.453e+06
1.655e-08 -7.781  7 55 36Ar 30      he4+s32-->ar36 1.448e+06 1.448e+06 1.417e+06 1.453e+06

FminusSum:
1.655e-08 -7.781  0 14  4He 28      he4+si28-->s32 1.404e+05 7.929e+05 1.417e+06 1.453e+06
1.655e-08 -7.781  0 15  4He 30      he4+s32-->ar36 7.607e+00 2.240e+06 1.417e+06 1.453e+06
1.655e-08 -7.781  5 52 28Si 28      he4+si28-->s32 1.404e+05 4.476e+05 1.417e+06 1.453e+06
1.655e-08 -7.781  6 53  32S 29      s32-->he4+si28 1.656e+04 0.000e+00 1.417e+06 1.453e+06
1.655e-08 -7.781  6 54  32S 30      he4+s32-->ar36 7.607e+00 1.448e+06 1.417e+06 1.453e+06
1.655e-08 -7.781  7 55 36Ar 31      ar36-->he4+s32 2.231e+03 1.417e+06 1.417e+06 1.448e+06

t=1.6549e-08  Equil: RG[9]=1 RG[10]=0 sumF+(s32)=1.4173e+06 sumF-(s32)=1.4476e+06 dF(s32)=-3.0300e+04
dtMode=2 t=1.738e-08 AsyEuler: FplusSum(s32)=1.4165e+06 FminusSum(s32)=1.4450e+06 delF(s32)=-2.8531e+04
After int: t=1.820e-08 FplusSum(s32)=1.4165e+06 FminusSum(s32)=1.4450e+06 delF(s32)=-2.8531e+04
Y(s32)=6.1548e-03 Y0(s32)=6.1784e-03


FplusSum:
1.820e-08 -7.740  0 14  4He 29      s32-->he4+si28 0.000e+00 9.265e+05 1.416e+06 1.445e+06
1.820e-08 -7.740  0 15  4He 31      ar36-->he4+s32 1.414e+06 2.341e+06 1.416e+06 1.445e+06
1.820e-08 -7.740  5 52 28Si 29      s32-->he4+si28 0.000e+00 4.941e+05 1.416e+06 1.445e+06
1.820e-08 -7.740  6 53  32S 28      he4+si28-->s32 0.000e+00 0.000e+00 1.416e+06 1.445e+06
1.820e-08 -7.740  6 54  32S 31      ar36-->he4+s32 1.414e+06 1.414e+06 1.416e+06 1.445e+06
1.820e-08 -7.740  7 55 36Ar 30      he4+s32-->ar36 1.440e+06 1.440e+06 1.414e+06 1.445e+06

FminusSum:
1.820e-08 -7.740  0 14  4He 28      he4+si28-->s32 1.125e+05 7.300e+05 1.414e+06 1.445e+06
1.820e-08 -7.740  0 15  4He 30      he4+s32-->ar36 5.642e+00 2.170e+06 1.414e+06 1.445e+06
1.820e-08 -7.740  5 52 28Si 28      he4+si28-->s32 1.125e+05 4.499e+05 1.414e+06 1.445e+06
1.820e-08 -7.740  6 53  32S 29      s32-->he4+si28 1.209e+04 0.000e+00 1.414e+06 1.445e+06
1.820e-08 -7.740  6 54  32S 30      he4+s32-->ar36 5.642e+00 1.440e+06 1.414e+06 1.445e+06
1.820e-08 -7.740  7 55 36Ar 31      ar36-->he4+s32 1.819e+03 1.414e+06 1.414e+06 1.440e+06

t=1.8203e-08  Equil: RG[9]=1 RG[10]=0 sumF+(s32)=1.4143e+06 sumF-(s32)=1.4400e+06 dF(s32)=-2.5721e+04
dtMode=2 t=1.911e-08 AsyEuler: FplusSum(s32)=1.4135e+06 FminusSum(s32)=1.4375e+06 delF(s32)=-2.4048e+04
After int: t=2.002e-08 FplusSum(s32)=1.4135e+06 FminusSum(s32)=1.4375e+06 delF(s32)=-2.4048e+04
Y(s32)=6.1043e-03 Y0(s32)=6.1262e-03


FplusSum:
2.002e-08 -7.698  0 14  4He 29      s32-->he4+si28 0.000e+00 8.483e+05 1.413e+06 1.438e+06
2.002e-08 -7.698  0 15  4He 31      ar36-->he4+s32 1.411e+06 2.260e+06 1.413e+06 1.438e+06
2.002e-08 -7.698  5 52 28Si 29      s32-->he4+si28 0.000e+00 4.820e+05 1.413e+06 1.438e+06
2.002e-08 -7.698  6 53  32S 28      he4+si28-->s32 0.000e+00 0.000e+00 1.413e+06 1.438e+06
2.002e-08 -7.698  6 54  32S 31      ar36-->he4+s32 1.411e+06 1.411e+06 1.413e+06 1.438e+06
2.002e-08 -7.698  7 55 36Ar 30      he4+s32-->ar36 1.433e+06 1.433e+06 1.411e+06 1.438e+06

FminusSum:
2.002e-08 -7.698  0 14  4He 28      he4+si28-->s32 9.007e+04 6.792e+05 1.411e+06 1.438e+06
2.002e-08 -7.698  0 15  4He 30      he4+s32-->ar36 4.201e+00 2.112e+06 1.411e+06 1.438e+06
2.002e-08 -7.698  5 52 28Si 28      he4+si28-->s32 9.007e+04 4.517e+05 1.411e+06 1.438e+06
2.002e-08 -7.698  6 53  32S 29      s32-->he4+si28 8.848e+03 0.000e+00 1.411e+06 1.438e+06
2.002e-08 -7.698  6 54  32S 30      he4+s32-->ar36 4.201e+00 1.433e+06 1.411e+06 1.438e+06
2.002e-08 -7.698  7 55 36Ar 31      ar36-->he4+s32 1.488e+03 1.411e+06 1.411e+06 1.433e+06

t=2.0024e-08  Equil: RG[9]=1 RG[10]=0 sumF+(s32)=1.4115e+06 sumF-(s32)=1.4331e+06 dF(s32)=-2.1690e+04
dtMode=2 t=2.102e-08 AsyEuler: FplusSum(s32)=1.4107e+06 FminusSum(s32)=1.4309e+06 delF(s32)=-2.0138e+04
After int: t=2.203e-08 FplusSum(s32)=1.4107e+06 FminusSum(s32)=1.4309e+06 delF(s32)=-2.0138e+04
Y(s32)=6.0581e-03 Y0(s32)=6.0783e-03


FplusSum:
2.203e-08 -7.657  0 14  4He 29      s32-->he4+si28 0.000e+00 7.861e+05 1.411e+06 1.431e+06
2.203e-08 -7.657  0 15  4He 31      ar36-->he4+s32 1.409e+06 2.195e+06 1.411e+06 1.431e+06
2.203e-08 -7.657  5 52 28Si 29      s32-->he4+si28 0.000e+00 4.726e+05 1.411e+06 1.431e+06
2.203e-08 -7.657  6 53  32S 28      he4+si28-->s32 0.000e+00 0.000e+00 1.411e+06 1.431e+06
2.203e-08 -7.657  6 54  32S 31      ar36-->he4+s32 1.409e+06 1.409e+06 1.411e+06 1.431e+06
2.203e-08 -7.657  7 55 36Ar 30      he4+s32-->ar36 1.427e+06 1.427e+06 1.409e+06 1.431e+06

FminusSum:
2.203e-08 -7.657  0 14  4He 28      he4+si28-->s32 7.228e+04 6.387e+05 1.409e+06 1.431e+06
2.203e-08 -7.657  0 15  4He 30      he4+s32-->ar36 3.157e+00 2.066e+06 1.409e+06 1.431e+06
2.203e-08 -7.657  5 52 28Si 28      he4+si28-->s32 7.228e+04 4.529e+05 1.409e+06 1.431e+06
2.203e-08 -7.657  6 53  32S 29      s32-->he4+si28 6.530e+03 0.000e+00 1.409e+06 1.431e+06
2.203e-08 -7.657  6 54  32S 30      he4+s32-->ar36 3.157e+00 1.427e+06 1.409e+06 1.431e+06
2.203e-08 -7.657  7 55 36Ar 31      ar36-->he4+s32 1.226e+03 1.409e+06 1.409e+06 1.427e+06

t=2.2026e-08  Equil: RG[9]=1 RG[10]=0 sumF+(s32)=1.4090e+06 sumF-(s32)=1.4272e+06 dF(s32)=-1.8188e+04
dtMode=2 t=2.313e-08 AsyEuler: FplusSum(s32)=1.4084e+06 FminusSum(s32)=1.4252e+06 delF(s32)=-1.6790e+04
After int: t=2.423e-08 FplusSum(s32)=1.4084e+06 FminusSum(s32)=1.4252e+06 delF(s32)=-1.6790e+04
Y(s32)=6.0162e-03 Y0(s32)=6.0347e-03


FplusSum:
2.423e-08 -7.616  0 14  4He 29      s32-->he4+si28 0.000e+00 7.431e+05 1.408e+06 1.425e+06
2.423e-08 -7.616  0 15  4He 31      ar36-->he4+s32 0.000e+00 7.431e+05 1.408e+06 1.425e+06
2.423e-08 -7.616  5 52 28Si 29      s32-->he4+si28 0.000e+00 4.654e+05 1.408e+06 1.425e+06
2.423e-08 -7.616  6 53  32S 28      he4+si28-->s32 0.000e+00 0.000e+00 1.408e+06 1.425e+06
2.423e-08 -7.616  6 54  32S 31      ar36-->he4+s32 0.000e+00 0.000e+00 1.408e+06 1.425e+06
2.423e-08 -7.616  7 55 36Ar 30      he4+s32-->ar36 0.000e+00 0.000e+00 0.000e+00 1.425e+06

FminusSum:
2.423e-08 -7.616  0 14  4He 28      he4+si28-->s32 6.158e+04 6.094e+05 0.000e+00 1.425e+06
2.423e-08 -7.616  0 15  4He 30      he4+s32-->ar36 2.518e+00 6.094e+05 0.000e+00 1.425e+06
2.423e-08 -7.616  5 52 28Si 28      he4+si28-->s32 6.158e+04 4.538e+05 0.000e+00 1.425e+06
2.423e-08 -7.616  6 53  32S 29      s32-->he4+si28 5.106e+03 0.000e+00 0.000e+00 1.425e+06
2.423e-08 -7.616  6 54  32S 30      he4+s32-->ar36 2.518e+00 0.000e+00 0.000e+00 1.425e+06
2.423e-08 -7.616  7 55 36Ar 31      ar36-->he4+s32 1.038e+03 0.000e+00 0.000e+00 0.000e+00

t=2.4229e-08  Equil: RG[9]=1 RG[10]=1 sumF+(s32)=0.0000e+00 sumF-(s32)=0.0000e+00 dF(s32)=0.0000e+00
dtMode=2 t=2.544e-08 AsyEuler: FplusSum(s32)=0.0000e+00 FminusSum(s32)=0.0000e+00 delF(s32)=0.0000e+00
After int: t=2.665e-08 FplusSum(s32)=0.0000e+00 FminusSum(s32)=0.0000e+00 delF(s32)=0.0000e+00
Y(s32)=6.0127e-03 Y0(s32)=6.0127e-03


FplusSum:
2.665e-08 -7.574  0 14  4He 29      s32-->he4+si28 0.000e+00 7.078e+05 0.000e+00 0.000e+00
2.665e-08 -7.574  0 15  4He 31      ar36-->he4+s32 0.000e+00 7.078e+05 0.000e+00 0.000e+00
2.665e-08 -7.574  5 52 28Si 29      s32-->he4+si28 0.000e+00 4.608e+05 0.000e+00 0.000e+00
2.665e-08 -7.574  6 53  32S 28      he4+si28-->s32 0.000e+00 0.000e+00 0.000e+00 0.000e+00
2.665e-08 -7.574  6 54  32S 31      ar36-->he4+s32 0.000e+00 0.000e+00 0.000e+00 0.000e+00
2.665e-08 -7.574  7 55 36Ar 30      he4+s32-->ar36 0.000e+00 0.000e+00 0.000e+00 0.000e+00

FminusSum:
2.665e-08 -7.574  0 14  4He 28      he4+si28-->s32 5.117e+04 5.870e+05 0.000e+00 0.000e+00
2.665e-08 -7.574  0 15  4He 30      he4+s32-->ar36 2.008e+00 5.870e+05 0.000e+00 0.000e+00
2.665e-08 -7.574  5 52 28Si 28      he4+si28-->s32 5.117e+04 4.543e+05 0.000e+00 0.000e+00
2.665e-08 -7.574  6 53  32S 29      s32-->he4+si28 3.997e+03 0.000e+00 0.000e+00 0.000e+00
2.665e-08 -7.574  6 54  32S 30      he4+s32-->ar36 2.008e+00 0.000e+00 0.000e+00 0.000e+00
2.665e-08 -7.574  7 55 36Ar 31      ar36-->he4+s32 8.919e+02 0.000e+00 0.000e+00 0.000e+00

t=2.6652e-08  Equil: RG[9]=1 RG[10]=1 sumF+(s32)=0.0000e+00 sumF-(s32)=0.0000e+00 dF(s32)=0.0000e+00
dtMode=2 t=2.798e-08 AsyEuler: FplusSum(s32)=0.0000e+00 FminusSum(s32)=0.0000e+00 delF(s32)=0.0000e+00
After int: t=2.932e-08 FplusSum(s32)=0.0000e+00 FminusSum(s32)=0.0000e+00 delF(s32)=0.0000e+00
Y(s32)=6.0108e-03 Y0(s32)=6.0108e-03


FplusSum:
2.932e-08 -7.533  0 14  4He 29      s32-->he4+si28 0.000e+00 2.251e+05 0.000e+00 0.000e+00
2.932e-08 -7.533  0 15  4He 31      ar36-->he4+s32 0.000e+00 2.251e+05 0.000e+00 0.000e+00
2.932e-08 -7.533  5 52 28Si 29      s32-->he4+si28 0.000e+00 2.046e+02 0.000e+00 0.000e+00
2.932e-08 -7.533  6 53  32S 28      he4+si28-->s32 0.000e+00 0.000e+00 0.000e+00 0.000e+00
2.932e-08 -7.533  6 54  32S 31      ar36-->he4+s32 0.000e+00 0.000e+00 0.000e+00 0.000e+00
2.932e-08 -7.533  7 55 36Ar 30      he4+s32-->ar36 0.000e+00 0.000e+00 0.000e+00 0.000e+00

FminusSum:
2.932e-08 -7.533  0 14  4He 28      he4+si28-->s32 4.318e+04 1.120e+05 0.000e+00 0.000e+00
2.932e-08 -7.533  0 15  4He 30      he4+s32-->ar36 1.633e+00 1.120e+05 0.000e+00 0.000e+00
2.932e-08 -7.533  5 52 28Si 28      he4+si28-->s32 4.318e+04 1.106e+00 0.000e+00 0.000e+00
2.932e-08 -7.533  6 53  32S 29      s32-->he4+si28 3.191e+03 0.000e+00 0.000e+00 0.000e+00
2.932e-08 -7.533  6 54  32S 30      he4+s32-->ar36 1.633e+00 0.000e+00 0.000e+00 0.000e+00
2.932e-08 -7.533  7 55 36Ar 31      ar36-->he4+s32 7.750e+02 0.000e+00 0.000e+00 0.000e+00

t=2.9317e-08  Equil: RG[9]=1 RG[10]=1 sumF+(s32)=0.0000e+00 sumF-(s32)=0.0000e+00 dF(s32)=0.0000e+00
dtMode=2 t=6.041e-09 AsyEuler: FplusSum(s32)=1.6473e+07 FminusSum(s32)=1.6146e+07 delF(s32)=3.2653e+05
After int: t=6.265e-09 FplusSum(s32)=1.6473e+07 FminusSum(s32)=1.6146e+07 delF(s32)=3.2653e+05
Y(s32)=6.6245e-03 Y0(s32)=6.5512e-03


FplusSum:
6.265e-09 -8.203  0 14  4He 29      s32-->he4+si28 1.486e+07 1.882e+07 1.647e+07 1.615e+07
6.265e-09 -8.203  0 15  4He 31      ar36-->he4+s32 1.265e+06 2.009e+07 1.647e+07 1.615e+07
6.265e-09 -8.203  5 52 28Si 29      s32-->he4+si28 1.486e+07 1.597e+07 1.647e+07 1.615e+07
6.265e-09 -8.203  6 53  32S 28      he4+si28-->s32 1.532e+07 1.532e+07 1.647e+07 1.615e+07
6.265e-09 -8.203  6 54  32S 31      ar36-->he4+s32 1.265e+06 1.659e+07 1.647e+07 1.615e+07
6.265e-09 -8.203  7 55 36Ar 30      he4+s32-->ar36 1.474e+06 1.474e+06 1.659e+07 1.615e+07

FminusSum:
6.265e-09 -8.203  0 14  4He 28      he4+si28-->s32 9.171e+05 1.794e+07 1.659e+07 1.615e+07
6.265e-09 -8.203  0 15  4He 30      he4+s32-->ar36 1.094e+02 1.941e+07 1.659e+07 1.615e+07
6.265e-09 -8.203  5 52 28Si 28      he4+si28-->s32 9.171e+05 1.572e+07 1.659e+07 1.615e+07
6.265e-09 -8.203  6 53  32S 29      s32-->he4+si28 2.775e+05 1.486e+07 1.659e+07 1.615e+07
6.265e-09 -8.203  6 54  32S 30      he4+s32-->ar36 1.094e+02 1.633e+07 1.659e+07 1.615e+07
6.265e-09 -8.203  7 55 36Ar 31      ar36-->he4+s32 1.462e+04 1.265e+06 1.659e+07 1.633e+07

t=6.2653e-09  Equil: RG[9]=0 RG[10]=0 sumF+(s32)=1.6588e+07 sumF-(s32)=1.6330e+07 dF(s32)=2.5728e+05
dtMode=2 t=6.411e-09 AsyEuler: FplusSum(s32)=1.6665e+07 FminusSum(s32)=1.6425e+07 delF(s32)=2.3980e+05
After int: t=6.557e-09 FplusSum(s32)=1.6665e+07 FminusSum(s32)=1.6425e+07 delF(s32)=2.3980e+05
Y(s32)=6.6969e-03 Y0(s32)=6.6620e-03


FplusSum:
6.557e-09 -8.183  0 14  4He 29      s32-->he4+si28 1.502e+07 1.871e+07 1.666e+07 1.643e+07
6.557e-09 -8.183  0 15  4He 31      ar36-->he4+s32 1.296e+06 2.001e+07 1.666e+07 1.643e+07
6.557e-09 -8.183  5 52 28Si 29      s32-->he4+si28 1.502e+07 1.607e+07 1.666e+07 1.643e+07
6.557e-09 -8.183  6 53  32S 28      he4+si28-->s32 1.544e+07 1.544e+07 1.666e+07 1.643e+07
6.557e-09 -8.183  6 54  32S 31      ar36-->he4+s32 1.296e+06 1.674e+07 1.666e+07 1.643e+07
6.557e-09 -8.183  7 55 36Ar 30      he4+s32-->ar36 1.495e+06 1.495e+06 1.674e+07 1.643e+07

FminusSum:
6.557e-09 -8.183  0 14  4He 28      he4+si28-->s32 8.612e+05 1.790e+07 1.674e+07 1.643e+07
6.557e-09 -8.183  0 15  4He 30      he4+s32-->ar36 9.696e+01 1.939e+07 1.674e+07 1.643e+07
6.557e-09 -8.183  5 52 28Si 28      he4+si28-->s32 8.612e+05 1.585e+07 1.674e+07 1.643e+07
6.557e-09 -8.183  6 53  32S 29      s32-->he4+si28 2.506e+05 1.502e+07 1.674e+07 1.643e+07
6.557e-09 -8.183  6 54  32S 30      he4+s32-->ar36 9.696e+01 1.651e+07 1.674e+07 1.643e+07
6.557e-09 -8.183  7 55 36Ar 31      ar36-->he4+s32 1.363e+04 1.296e+06 1.674e+07 1.651e+07

t=6.5567e-09  Equil: RG[9]=0 RG[10]=0 sumF+(s32)=1.6739e+07 sumF-(s32)=1.6513e+07 dF(s32)=2.2525e+05
dtMode=2 t=6.848e-09 AsyEuler: FplusSum(s32)=1.6879e+07 FminusSum(s32)=1.6612e+07 delF(s32)=2.6770e+05
After int: t=7.140e-09 FplusSum(s32)=1.6879e+07 FminusSum(s32)=1.6612e+07 delF(s32)=2.6770e+05
Y(s32)=6.8131e-03 Y0(s32)=6.7351e-03


FplusSum:
7.140e-09 -8.146  0 14  4He 29      s32-->he4+si28 1.528e+07 1.858e+07 1.688e+07 1.661e+07
7.140e-09 -8.146  0 15  4He 31      ar36-->he4+s32 1.350e+06 1.993e+07 1.688e+07 1.661e+07
7.140e-09 -8.146  5 52 28Si 29      s32-->he4+si28 1.528e+07 1.623e+07 1.688e+07 1.661e+07
7.140e-09 -8.146  6 53  32S 28      he4+si28-->s32 1.564e+07 1.564e+07 1.688e+07 1.661e+07
7.140e-09 -8.146  6 54  32S 31      ar36-->he4+s32 1.350e+06 1.699e+07 1.688e+07 1.661e+07
7.140e-09 -8.146  7 55 36Ar 30      he4+s32-->ar36 1.529e+06 1.529e+06 1.699e+07 1.661e+07

FminusSum:
7.140e-09 -8.146  0 14  4He 28      he4+si28-->s32 7.507e+05 1.785e+07 1.699e+07 1.661e+07
7.140e-09 -8.146  0 15  4He 30      he4+s32-->ar36 8.224e+01 1.938e+07 1.699e+07 1.661e+07
7.140e-09 -8.146  5 52 28Si 28      he4+si28-->s32 7.507e+05 1.605e+07 1.699e+07 1.661e+07
7.140e-09 -8.146  6 53  32S 29      s32-->he4+si28 2.033e+05 1.528e+07 1.699e+07 1.661e+07
7.140e-09 -8.146  6 54  32S 30      he4+s32-->ar36 8.224e+01 1.681e+07 1.699e+07 1.661e+07
7.140e-09 -8.146  7 55 36Ar 31      ar36-->he4+s32 1.184e+04 1.350e+06 1.699e+07 1.681e+07

t=7.1395e-09  Equil: RG[9]=0 RG[10]=0 sumF+(s32)=1.6990e+07 sumF-(s32)=1.6808e+07 dF(s32)=1.8232e+05
dtMode=2 t=7.386e-09 AsyEuler: FplusSum(s32)=1.7092e+07 FminusSum(s32)=1.6880e+07 delF(s32)=2.1215e+05
After int: t=7.633e-09 FplusSum(s32)=1.7092e+07 FminusSum(s32)=1.6880e+07 delF(s32)=2.1215e+05
Y(s32)=6.8934e-03 Y0(s32)=6.8411e-03


FplusSum:
7.633e-09 -8.117  0 14  4He 29      s32-->he4+si28 0.000e+00 2.941e+06 1.709e+07 1.688e+07
7.633e-09 -8.117  0 15  4He 31      ar36-->he4+s32 1.371e+06 4.312e+06 1.709e+07 1.688e+07
7.633e-09 -8.117  5 52 28Si 29      s32-->he4+si28 0.000e+00 8.586e+05 1.709e+07 1.688e+07
7.633e-09 -8.117  6 53  32S 28      he4+si28-->s32 0.000e+00 0.000e+00 1.709e+07 1.688e+07
7.633e-09 -8.117  6 54  32S 31      ar36-->he4+s32 1.371e+06 1.371e+06 1.709e+07 1.688e+07
7.633e-09 -8.117  7 55 36Ar 30      he4+s32-->ar36 1.513e+06 1.513e+06 1.371e+06 1.688e+07

FminusSum:
7.633e-09 -8.117  0 14  4He 28      he4+si28-->s32 6.650e+05 1.964e+06 1.371e+06 1.688e+07
7.633e-09 -8.117  0 15  4He 30      he4+s32-->ar36 6.772e+01 3.477e+06 1.371e+06 1.688e+07
7.633e-09 -8.117  5 52 28Si 28      he4+si28-->s32 6.650e+05 4.029e+05 1.371e+06 1.688e+07
7.633e-09 -8.117  6 53  32S 29      s32-->he4+si28 1.689e+05 0.000e+00 1.371e+06 1.688e+07
7.633e-09 -8.117  6 54  32S 30      he4+s32-->ar36 6.772e+01 1.513e+06 1.371e+06 1.688e+07
7.633e-09 -8.117  7 55 36Ar 31      ar36-->he4+s32 1.045e+04 1.371e+06 1.371e+06 1.513e+06

t=7.6332e-09  Equil: RG[9]=1 RG[10]=0 sumF+(s32)=1.3711e+06 sumF-(s32)=1.5129e+06 dF(s32)=-1.4178e+05
dtMode=2 t=7.900e-09 AsyEuler: FplusSum(s32)=1.3861e+06 FminusSum(s32)=1.5099e+06 delF(s32)=-1.2379e+05
After int: t=8.167e-09 FplusSum(s32)=1.3861e+06 FminusSum(s32)=1.5099e+06 delF(s32)=-1.2379e+05
Y(s32)=6.7339e-03 Y0(s32)=6.7670e-03


FplusSum:
8.167e-09 -8.088  0 14  4He 29      s32-->he4+si28 0.000e+00 2.667e+06 1.386e+06 1.510e+06
8.167e-09 -8.088  0 15  4He 31      ar36-->he4+s32 1.396e+06 4.063e+06 1.386e+06 1.510e+06
8.167e-09 -8.088  5 52 28Si 29      s32-->he4+si28 0.000e+00 7.994e+05 1.386e+06 1.510e+06
8.167e-09 -8.088  6 53  32S 28      he4+si28-->s32 0.000e+00 0.000e+00 1.386e+06 1.510e+06
8.167e-09 -8.088  6 54  32S 31      ar36-->he4+s32 1.396e+06 1.396e+06 1.386e+06 1.510e+06
8.167e-09 -8.088  7 55 36Ar 30      he4+s32-->ar36 1.505e+06 1.505e+06 1.396e+06 1.510e+06

FminusSum:
8.167e-09 -8.088  0 14  4He 28      he4+si28-->s32 6.032e+05 1.797e+06 1.396e+06 1.510e+06
8.167e-09 -8.088  0 15  4He 30      he4+s32-->ar36 5.745e+01 3.302e+06 1.396e+06 1.510e+06
8.167e-09 -8.088  5 52 28Si 28      he4+si28-->s32 6.032e+05 4.091e+05 1.396e+06 1.510e+06
8.167e-09 -8.088  6 53  32S 29      s32-->he4+si28 1.430e+05 0.000e+00 1.396e+06 1.510e+06
8.167e-09 -8.088  6 54  32S 30      he4+s32-->ar36 5.745e+01 1.505e+06 1.396e+06 1.510e+06
8.167e-09 -8.088  7 55 36Ar 31      ar36-->he4+s32 9.290e+03 1.396e+06 1.396e+06 1.505e+06

t=8.1675e-09  Equil: RG[9]=1 RG[10]=0 sumF+(s32)=1.3962e+06 sumF-(s32)=1.5051e+06 dF(s32)=-1.0891e+05
dtMode=2 t=8.576e-09 AsyEuler: FplusSum(s32)=1.4088e+06 FminusSum(s32)=1.5025e+06 delF(s32)=-9.3679e+04
After int: t=8.984e-09 FplusSum(s32)=1.4088e+06 FminusSum(s32)=1.5025e+06 delF(s32)=-9.3679e+04
Y(s32)=6.6457e-03 Y0(s32)=6.6839e-03


FplusSum:
8.984e-09 -8.047  0 14  4He 29      s32-->he4+si28 0.000e+00 2.334e+06 1.409e+06 1.502e+06
8.984e-09 -8.047  0 15  4He 31      ar36-->he4+s32 1.415e+06 3.750e+06 1.409e+06 1.502e+06
8.984e-09 -8.047  5 52 28Si 29      s32-->he4+si28 0.000e+00 7.292e+05 1.409e+06 1.502e+06
8.984e-09 -8.047  6 53  32S 28      he4+si28-->s32 0.000e+00 0.000e+00 1.409e+06 1.502e+06
8.984e-09 -8.047  6 54  32S 31      ar36-->he4+s32 1.415e+06 1.415e+06 1.409e+06 1.502e+06
8.984e-09 -8.047  7 55 36Ar 30      he4+s32-->ar36 1.497e+06 1.497e+06 1.415e+06 1.502e+06

FminusSum:
8.984e-09 -8.047  0 14  4He 28      he4+si28-->s32 5.004e+05 1.592e+06 1.415e+06 1.502e+06
8.984e-09 -8.047  0 15  4He 30      he4+s32-->ar36 4.581e+01 3.089e+06 1.415e+06 1.502e+06
8.984e-09 -8.047  5 52 28Si 28      he4+si28-->s32 5.004e+05 4.172e+05 1.415e+06 1.502e+06
8.984e-09 -8.047  6 53  32S 29      s32-->he4+si28 1.094e+05 0.000e+00 1.415e+06 1.502e+06
8.984e-09 -8.047  6 54  32S 30      he4+s32-->ar36 4.581e+01 1.497e+06 1.415e+06 1.502e+06
8.984e-09 -8.047  7 55 36Ar 31      ar36-->he4+s32 7.805e+03 1.415e+06 1.415e+06 1.497e+06

t=8.9842e-09  Equil: RG[9]=1 RG[10]=0 sumF+(s32)=1.4152e+06 sumF-(s32)=1.4969e+06 dF(s32)=-8.1729e+04
dtMode=2 t=9.299e-09 AsyEuler: FplusSum(s32)=1.4190e+06 FminusSum(s32)=1.4959e+06 delF(s32)=-7.6922e+04
After int: t=9.613e-09 FplusSum(s32)=1.4190e+06 FminusSum(s32)=1.4959e+06 delF(s32)=-7.6922e+04
Y(s32)=6.5875e-03 Y0(s32)=6.6117e-03


FplusSum:
9.613e-09 -8.017  0 14  4He 29      s32-->he4+si28 0.000e+00 2.102e+06 1.419e+06 1.496e+06
9.613e-09 -8.017  0 15  4He 31      ar36-->he4+s32 1.421e+06 3.523e+06 1.419e+06 1.496e+06
9.613e-09 -8.017  5 52 28Si 29      s32-->he4+si28 0.000e+00 6.852e+05 1.419e+06 1.496e+06
9.613e-09 -8.017  6 53  32S 28      he4+si28-->s32 0.000e+00 0.000e+00 1.419e+06 1.496e+06
9.613e-09 -8.017  6 54  32S 31      ar36-->he4+s32 1.421e+06 1.421e+06 1.419e+06 1.496e+06
9.613e-09 -8.017  7 55 36Ar 30      he4+s32-->ar36 1.492e+06 1.492e+06 1.421e+06 1.496e+06

FminusSum:
9.613e-09 -8.017  0 14  4He 28      he4+si28-->s32 4.526e+05 1.454e+06 1.421e+06 1.496e+06
9.613e-09 -8.017  0 15  4He 30      he4+s32-->ar36 3.766e+01 2.946e+06 1.421e+06 1.496e+06
9.613e-09 -8.017  5 52 28Si 28      he4+si28-->s32 4.526e+05 4.221e+05 1.421e+06 1.496e+06
9.613e-09 -8.017  6 53  32S 29      s32-->he4+si28 9.173e+04 0.000e+00 1.421e+06 1.496e+06
9.613e-09 -8.017  6 54  32S 30      he4+s32-->ar36 3.766e+01 1.492e+06 1.421e+06 1.496e+06
9.613e-09 -8.017  7 55 36Ar 31      ar36-->he4+s32 6.882e+03 1.421e+06 1.421e+06 1.492e+06

t=9.6131e-09  Equil: RG[9]=1 RG[10]=0 sumF+(s32)=1.4208e+06 sumF-(s32)=1.4924e+06 dF(s32)=-7.1516e+04
dtMode=2 t=1.009e-08 AsyEuler: FplusSum(s32)=1.4240e+06 FminusSum(s32)=1.4908e+06 delF(s32)=-6.6814e+04
After int: t=1.057e-08 FplusSum(s32)=1.4240e+06 FminusSum(s32)=1.4908e+06 delF(s32)=-6.6814e+04
Y(s32)=6.5156e-03 Y0(s32)=6.5477e-03


FplusSum:
1.057e-08 -7.976  0 14  4He 29      s32-->he4+si28 0.000e+00 1.841e+06 1.424e+06 1.491e+06
1.057e-08 -7.976  0 15  4He 31      ar36-->he4+s32 1.425e+06 3.266e+06 1.424e+06 1.491e+06
1.057e-08 -7.976  5 52 28Si 29      s32-->he4+si28 0.000e+00 6.521e+05 1.424e+06 1.491e+06
1.057e-08 -7.976  6 53  32S 28      he4+si28-->s32 0.000e+00 0.000e+00 1.424e+06 1.491e+06
1.057e-08 -7.976  6 54  32S 31      ar36-->he4+s32 1.425e+06 1.425e+06 1.424e+06 1.491e+06
1.057e-08 -7.976  7 55 36Ar 30      he4+s32-->ar36 1.485e+06 1.485e+06 1.425e+06 1.491e+06

FminusSum:
1.057e-08 -7.976  0 14  4He 28      he4+si28-->s32 3.675e+05 1.308e+06 1.425e+06 1.491e+06
1.057e-08 -7.976  0 15  4He 30      he4+s32-->ar36 2.941e+01 2.793e+06 1.425e+06 1.491e+06
1.057e-08 -7.976  5 52 28Si 28      he4+si28-->s32 3.675e+05 4.284e+05 1.425e+06 1.491e+06
1.057e-08 -7.976  6 53  32S 29      s32-->he4+si28 6.854e+04 0.000e+00 1.425e+06 1.491e+06
1.057e-08 -7.976  6 54  32S 30      he4+s32-->ar36 2.941e+01 1.485e+06 1.425e+06 1.491e+06
1.057e-08 -7.976  7 55 36Ar 31      ar36-->he4+s32 5.706e+03 1.425e+06 1.425e+06 1.485e+06

t=1.0574e-08  Equil: RG[9]=1 RG[10]=0 sumF+(s32)=1.4246e+06 sumF-(s32)=1.4854e+06 dF(s32)=-6.0817e+04
dtMode=2 t=1.094e-08 AsyEuler: FplusSum(s32)=1.4254e+06 FminusSum(s32)=1.4841e+06 delF(s32)=-5.8671e+04
After int: t=1.131e-08 FplusSum(s32)=1.4254e+06 FminusSum(s32)=1.4841e+06 delF(s32)=-5.8671e+04
Y(s32)=6.4629e-03 Y0(s32)=6.4846e-03


FplusSum:
1.131e-08 -7.946  0 14  4He 29      s32-->he4+si28 0.000e+00 1.660e+06 1.425e+06 1.484e+06
1.131e-08 -7.946  0 15  4He 31      ar36-->he4+s32 1.425e+06 3.085e+06 1.425e+06 1.484e+06
1.131e-08 -7.946  5 52 28Si 29      s32-->he4+si28 0.000e+00 6.041e+05 1.425e+06 1.484e+06
1.131e-08 -7.946  6 53  32S 28      he4+si28-->s32 0.000e+00 0.000e+00 1.425e+06 1.484e+06
1.131e-08 -7.946  6 54  32S 31      ar36-->he4+s32 1.425e+06 1.425e+06 1.425e+06 1.484e+06
1.131e-08 -7.946  7 55 36Ar 30      he4+s32-->ar36 1.480e+06 1.480e+06 1.425e+06 1.484e+06

FminusSum:
1.131e-08 -7.946  0 14  4He 28      he4+si28-->s32 3.300e+05 1.182e+06 1.425e+06 1.484e+06
1.131e-08 -7.946  0 15  4He 30      he4+s32-->ar36 2.385e+01 2.663e+06 1.425e+06 1.484e+06
1.131e-08 -7.946  5 52 28Si 28      he4+si28-->s32 3.300e+05 4.324e+05 1.425e+06 1.484e+06
1.131e-08 -7.946  6 53  32S 29      s32-->he4+si28 5.677e+04 0.000e+00 1.425e+06 1.484e+06
1.131e-08 -7.946  6 54  32S 30      he4+s32-->ar36 2.385e+01 1.480e+06 1.425e+06 1.484e+06
1.131e-08 -7.946  7 55 36Ar 31      ar36-->he4+s32 4.988e+03 1.425e+06 1.425e+06 1.480e+06

t=1.1315e-08  Equil: RG[9]=1 RG[10]=0 sumF+(s32)=1.4251e+06 sumF-(s32)=1.4803e+06 dF(s32)=-5.5229e+04
dtMode=2 t=1.187e-08 AsyEuler: FplusSum(s32)=1.4256e+06 FminusSum(s32)=1.4784e+06 delF(s32)=-5.2728e+04
After int: t=1.243e-08 FplusSum(s32)=1.4256e+06 FminusSum(s32)=1.4784e+06 delF(s32)=-5.2728e+04
Y(s32)=6.3974e-03 Y0(s32)=6.4269e-03


FplusSum:
1.243e-08 -7.905  0 14  4He 29      s32-->he4+si28 0.000e+00 1.462e+06 1.426e+06 1.478e+06
1.243e-08 -7.905  0 15  4He 31      ar36-->he4+s32 1.425e+06 2.887e+06 1.426e+06 1.478e+06
1.243e-08 -7.905  5 52 28Si 29      s32-->he4+si28 0.000e+00 5.821e+05 1.426e+06 1.478e+06
1.243e-08 -7.905  6 53  32S 28      he4+si28-->s32 0.000e+00 0.000e+00 1.426e+06 1.478e+06
1.243e-08 -7.905  6 54  32S 31      ar36-->he4+s32 1.425e+06 1.425e+06 1.426e+06 1.478e+06
1.243e-08 -7.905  7 55 36Ar 30      he4+s32-->ar36 1.473e+06 1.473e+06 1.425e+06 1.478e+06

FminusSum:
1.243e-08 -7.905  0 14  4He 28      he4+si28-->s32 2.636e+05 1.070e+06 1.425e+06 1.478e+06
1.243e-08 -7.905  0 15  4He 30      he4+s32-->ar36 1.831e+01 2.543e+06 1.425e+06 1.478e+06
1.243e-08 -7.905  5 52 28Si 28      he4+si28-->s32 2.636e+05 4.371e+05 1.425e+06 1.478e+06
1.243e-08 -7.905  6 53  32S 29      s32-->he4+si28 4.169e+04 0.000e+00 1.425e+06 1.478e+06
1.243e-08 -7.905  6 54  32S 30      he4+s32-->ar36 1.831e+01 1.473e+06 1.425e+06 1.478e+06
1.243e-08 -7.905  7 55 36Ar 31      ar36-->he4+s32 4.098e+03 1.425e+06 1.425e+06 1.473e+06

t=1.2433e-08  Equil: RG[9]=1 RG[10]=0 sumF+(s32)=1.4248e+06 sumF-(s32)=1.4730e+06 dF(s32)=-4.8226e+04
dtMode=2 t=1.305e-08 AsyEuler: FplusSum(s32)=1.4247e+06 FminusSum(s32)=1.4706e+06 delF(s32)=-4.5868e+04
After int: t=1.368e-08 FplusSum(s32)=1.4247e+06 FminusSum(s32)=1.4706e+06 delF(s32)=-4.5868e+04
Y(s32)=6.3320e-03 Y0(s32)=6.3605e-03


FplusSum:
1.368e-08 -7.864  0 14  4He 29      s32-->he4+si28 0.000e+00 1.289e+06 1.425e+06 1.471e+06
1.368e-08 -7.864  0 15  4He 31      ar36-->he4+s32 1.423e+06 2.712e+06 1.425e+06 1.471e+06
1.368e-08 -7.864  5 52 28Si 29      s32-->he4+si28 0.000e+00 5.539e+05 1.425e+06 1.471e+06
1.368e-08 -7.864  6 53  32S 28      he4+si28-->s32 0.000e+00 0.000e+00 1.425e+06 1.471e+06
1.368e-08 -7.864  6 54  32S 31      ar36-->he4+s32 1.423e+06 1.423e+06 1.425e+06 1.471e+06
1.368e-08 -7.864  7 55 36Ar 30      he4+s32-->ar36 1.464e+06 1.464e+06 1.423e+06 1.471e+06

FminusSum:
1.368e-08 -7.864  0 14  4He 28      he4+si28-->s32 2.158e+05 9.623e+05 1.423e+06 1.471e+06
1.368e-08 -7.864  0 15  4He 30      he4+s32-->ar36 1.376e+01 2.427e+06 1.423e+06 1.471e+06
1.368e-08 -7.864  5 52 28Si 28      he4+si28-->s32 2.158e+05 4.413e+05 1.423e+06 1.471e+06
1.368e-08 -7.864  6 53  32S 29      s32-->he4+si28 3.089e+04 0.000e+00 1.423e+06 1.471e+06
1.368e-08 -7.864  6 54  32S 30      he4+s32-->ar36 1.376e+01 1.464e+06 1.423e+06 1.471e+06
1.368e-08 -7.864  7 55 36Ar 31      ar36-->he4+s32 3.356e+03 1.423e+06 1.423e+06 1.464e+06

t=1.3677e-08  Equil: RG[9]=1 RG[10]=0 sumF+(s32)=1.4230e+06 sumF-(s32)=1.4643e+06 dF(s32)=-4.1325e+04
dtMode=2 t=1.436e-08 AsyEuler: FplusSum(s32)=1.4224e+06 FminusSum(s32)=1.4618e+06 delF(s32)=-3.9316e+04
After int: t=1.504e-08 FplusSum(s32)=1.4224e+06 FminusSum(s32)=1.4618e+06 delF(s32)=-3.9316e+04
Y(s32)=6.2689e-03 Y0(s32)=6.2958e-03


FplusSum:
1.504e-08 -7.823  0 14  4He 29      s32-->he4+si28 0.000e+00 1.143e+06 1.422e+06 1.462e+06
1.504e-08 -7.823  0 15  4He 31      ar36-->he4+s32 1.420e+06 2.564e+06 1.422e+06 1.462e+06
1.504e-08 -7.823  5 52 28Si 29      s32-->he4+si28 0.000e+00 5.294e+05 1.422e+06 1.462e+06
1.504e-08 -7.823  6 53  32S 28      he4+si28-->s32 0.000e+00 0.000e+00 1.422e+06 1.462e+06
1.504e-08 -7.823  6 54  32S 31      ar36-->he4+s32 1.420e+06 1.420e+06 1.422e+06 1.462e+06
1.504e-08 -7.823  7 55 36Ar 30      he4+s32-->ar36 1.456e+06 1.456e+06 1.420e+06 1.462e+06

FminusSum:
1.504e-08 -7.823  0 14  4He 28      he4+si28-->s32 1.745e+05 8.698e+05 1.420e+06 1.462e+06
1.504e-08 -7.823  0 15  4He 30      he4+s32-->ar36 1.025e+01 2.326e+06 1.420e+06 1.462e+06
1.504e-08 -7.823  5 52 28Si 28      he4+si28-->s32 1.745e+05 4.448e+05 1.420e+06 1.462e+06
1.504e-08 -7.823  6 53  32S 29      s32-->he4+si28 2.267e+04 0.000e+00 1.420e+06 1.462e+06
1.504e-08 -7.823  6 54  32S 30      he4+s32-->ar36 1.025e+01 1.456e+06 1.420e+06 1.462e+06
1.504e-08 -7.823  7 55 36Ar 31      ar36-->he4+s32 2.739e+03 1.420e+06 1.420e+06 1.456e+06

t=1.5044e-08  Equil: RG[9]=1 RG[10]=0 sumF+(s32)=1.4203e+06 sumF-(s32)=1.4558e+06 dF(s32)=-3.5462e+04
dtMode=2 t=1.580e-08 AsyEuler: FplusSum(s32)=1.4195e+06 FminusSum(s32)=1.4531e+06 delF(s32)=-3.3601e+04
After int: t=1.655e-08 FplusSum(s32)=1.4195e+06 FminusSum(s32)=1.4531e+06 delF(s32)=-3.3601e+04
Y(s32)=6.2097e-03 Y0(s32)=6.2350e-03


FplusSum:
1.655e-08 -7.781  0 14  4He 29      s32-->he4+si28 0.000e+00 1.024e+06 1.420e+06 1.453e+06
1.655e-08 -7.781  0 15  4He 31      ar36-->he4+s32 1.417e+06 2.441e+06 1.420e+06 1.453e+06
1.655e-08 -7.781  5 52 28Si 29      s32-->he4+si28 0.000e+00 5.097e+05 1.420e+06 1.453e+06
1.655e-08 -7.781  6 53  32S 28      he4+si28-->s32 0.000e+00 0.000e+00 1.420e+06 1.453e+06
1.655e-08 -7.781  6 54  32S 31      ar36-->he4+s32 1.417e+06 1.417e+06 1.420e+06 1.453e+06
1.655e-08 -7.781  7 55 36Ar 30      he4+s32-->ar36 1.448e+06 1.448e+06 1.417e+06 1.453e+06

FminusSum:
1.655e-08 -7.781  0 14  4He 28      he4+si28-->s32 1.404e+05 7.929e+05 1.417e+06 1.453e+06
1.655e-08 -7.781  0 15  4He 30      he4+s32-->ar36 7.607e+00 2.240e+06 1.417e+06 1.453e+06
1.655e-08 -7.781  5 52 28Si 28      he4+si28-->s32 1.404e+05 4.476e+05 1.417e+06 1.453e+06
1.655e-08 -7.781  6 53  32S 29      s32-->he4+si28 1.656e+04 0.000e+00 1.417e+06 1.453e+06
1.655e-08 -7.781  6 54  32S 30      he4+s32-->ar36 7.607e+00 1.448e+06 1.417e+06 1.453e+06
1.655e-08 -7.781  7 55 36Ar 31      ar36-->he4+s32 2.231e+03 1.417e+06 1.417e+06 1.448e+06

t=1.6549e-08  Equil: RG[9]=1 RG[10]=0 sumF+(s32)=1.4173e+06 sumF-(s32)=1.4476e+06 dF(s32)=-3.0300e+04
dtMode=2 t=1.738e-08 AsyEuler: FplusSum(s32)=1.4165e+06 FminusSum(s32)=1.4450e+06 delF(s32)=-2.8531e+04
After int: t=1.820e-08 FplusSum(s32)=1.4165e+06 FminusSum(s32)=1.4450e+06 delF(s32)=-2.8531e+04
Y(s32)=6.1548e-03 Y0(s32)=6.1784e-03


FplusSum:
1.820e-08 -7.740  0 14  4He 29      s32-->he4+si28 0.000e+00 9.265e+05 1.416e+06 1.445e+06
1.820e-08 -7.740  0 15  4He 31      ar36-->he4+s32 1.414e+06 2.341e+06 1.416e+06 1.445e+06
1.820e-08 -7.740  5 52 28Si 29      s32-->he4+si28 0.000e+00 4.941e+05 1.416e+06 1.445e+06
1.820e-08 -7.740  6 53  32S 28      he4+si28-->s32 0.000e+00 0.000e+00 1.416e+06 1.445e+06
1.820e-08 -7.740  6 54  32S 31      ar36-->he4+s32 1.414e+06 1.414e+06 1.416e+06 1.445e+06
1.820e-08 -7.740  7 55 36Ar 30      he4+s32-->ar36 1.440e+06 1.440e+06 1.414e+06 1.445e+06

FminusSum:
1.820e-08 -7.740  0 14  4He 28      he4+si28-->s32 1.125e+05 7.300e+05 1.414e+06 1.445e+06
1.820e-08 -7.740  0 15  4He 30      he4+s32-->ar36 5.642e+00 2.170e+06 1.414e+06 1.445e+06
1.820e-08 -7.740  5 52 28Si 28      he4+si28-->s32 1.125e+05 4.499e+05 1.414e+06 1.445e+06
1.820e-08 -7.740  6 53  32S 29      s32-->he4+si28 1.209e+04 0.000e+00 1.414e+06 1.445e+06
1.820e-08 -7.740  6 54  32S 30      he4+s32-->ar36 5.642e+00 1.440e+06 1.414e+06 1.445e+06
1.820e-08 -7.740  7 55 36Ar 31      ar36-->he4+s32 1.819e+03 1.414e+06 1.414e+06 1.440e+06

t=1.8203e-08  Equil: RG[9]=1 RG[10]=0 sumF+(s32)=1.4143e+06 sumF-(s32)=1.4400e+06 dF(s32)=-2.5721e+04
dtMode=2 t=1.911e-08 AsyEuler: FplusSum(s32)=1.4135e+06 FminusSum(s32)=1.4375e+06 delF(s32)=-2.4048e+04
After int: t=2.002e-08 FplusSum(s32)=1.4135e+06 FminusSum(s32)=1.4375e+06 delF(s32)=-2.4048e+04
Y(s32)=6.1043e-03 Y0(s32)=6.1262e-03


FplusSum:
2.002e-08 -7.698  0 14  4He 29      s32-->he4+si28 0.000e+00 8.483e+05 1.413e+06 1.438e+06
2.002e-08 -7.698  0 15  4He 31      ar36-->he4+s32 1.411e+06 2.260e+06 1.413e+06 1.438e+06
2.002e-08 -7.698  5 52 28Si 29      s32-->he4+si28 0.000e+00 4.820e+05 1.413e+06 1.438e+06
2.002e-08 -7.698  6 53  32S 28      he4+si28-->s32 0.000e+00 0.000e+00 1.413e+06 1.438e+06
2.002e-08 -7.698  6 54  32S 31      ar36-->he4+s32 1.411e+06 1.411e+06 1.413e+06 1.438e+06
2.002e-08 -7.698  7 55 36Ar 30      he4+s32-->ar36 1.433e+06 1.433e+06 1.411e+06 1.438e+06

FminusSum:
2.002e-08 -7.698  0 14  4He 28      he4+si28-->s32 9.007e+04 6.792e+05 1.411e+06 1.438e+06
2.002e-08 -7.698  0 15  4He 30      he4+s32-->ar36 4.201e+00 2.112e+06 1.411e+06 1.438e+06
2.002e-08 -7.698  5 52 28Si 28      he4+si28-->s32 9.007e+04 4.517e+05 1.411e+06 1.438e+06
2.002e-08 -7.698  6 53  32S 29      s32-->he4+si28 8.848e+03 0.000e+00 1.411e+06 1.438e+06
2.002e-08 -7.698  6 54  32S 30      he4+s32-->ar36 4.201e+00 1.433e+06 1.411e+06 1.438e+06
2.002e-08 -7.698  7 55 36Ar 31      ar36-->he4+s32 1.488e+03 1.411e+06 1.411e+06 1.433e+06

t=2.0024e-08  Equil: RG[9]=1 RG[10]=0 sumF+(s32)=1.4115e+06 sumF-(s32)=1.4331e+06 dF(s32)=-2.1690e+04
dtMode=2 t=2.102e-08 AsyEuler: FplusSum(s32)=1.4107e+06 FminusSum(s32)=1.4309e+06 delF(s32)=-2.0138e+04
After int: t=2.203e-08 FplusSum(s32)=1.4107e+06 FminusSum(s32)=1.4309e+06 delF(s32)=-2.0138e+04
Y(s32)=6.0581e-03 Y0(s32)=6.0783e-03


FplusSum:
2.203e-08 -7.657  0 14  4He 29      s32-->he4+si28 0.000e+00 7.861e+05 1.411e+06 1.431e+06
2.203e-08 -7.657  0 15  4He 31      ar36-->he4+s32 1.409e+06 2.195e+06 1.411e+06 1.431e+06
2.203e-08 -7.657  5 52 28Si 29      s32-->he4+si28 0.000e+00 4.726e+05 1.411e+06 1.431e+06
2.203e-08 -7.657  6 53  32S 28      he4+si28-->s32 0.000e+00 0.000e+00 1.411e+06 1.431e+06
2.203e-08 -7.657  6 54  32S 31      ar36-->he4+s32 1.409e+06 1.409e+06 1.411e+06 1.431e+06
2.203e-08 -7.657  7 55 36Ar 30      he4+s32-->ar36 1.427e+06 1.427e+06 1.409e+06 1.431e+06

FminusSum:
2.203e-08 -7.657  0 14  4He 28      he4+si28-->s32 7.228e+04 6.387e+05 1.409e+06 1.431e+06
2.203e-08 -7.657  0 15  4He 30      he4+s32-->ar36 3.157e+00 2.066e+06 1.409e+06 1.431e+06
2.203e-08 -7.657  5 52 28Si 28      he4+si28-->s32 7.228e+04 4.529e+05 1.409e+06 1.431e+06
2.203e-08 -7.657  6 53  32S 29      s32-->he4+si28 6.530e+03 0.000e+00 1.409e+06 1.431e+06
2.203e-08 -7.657  6 54  32S 30      he4+s32-->ar36 3.157e+00 1.427e+06 1.409e+06 1.431e+06
2.203e-08 -7.657  7 55 36Ar 31      ar36-->he4+s32 1.226e+03 1.409e+06 1.409e+06 1.427e+06

t=2.2026e-08  Equil: RG[9]=1 RG[10]=0 sumF+(s32)=1.4090e+06 sumF-(s32)=1.4272e+06 dF(s32)=-1.8188e+04
dtMode=2 t=2.313e-08 AsyEuler: FplusSum(s32)=1.4084e+06 FminusSum(s32)=1.4252e+06 delF(s32)=-1.6790e+04
After int: t=2.423e-08 FplusSum(s32)=1.4084e+06 FminusSum(s32)=1.4252e+06 delF(s32)=-1.6790e+04
Y(s32)=6.0162e-03 Y0(s32)=6.0347e-03


FplusSum:
2.423e-08 -7.616  0 14  4He 29      s32-->he4+si28 0.000e+00 7.431e+05 1.408e+06 1.425e+06
2.423e-08 -7.616  0 15  4He 31      ar36-->he4+s32 0.000e+00 7.431e+05 1.408e+06 1.425e+06
2.423e-08 -7.616  5 52 28Si 29      s32-->he4+si28 0.000e+00 4.654e+05 1.408e+06 1.425e+06
2.423e-08 -7.616  6 53  32S 28      he4+si28-->s32 0.000e+00 0.000e+00 1.408e+06 1.425e+06
2.423e-08 -7.616  6 54  32S 31      ar36-->he4+s32 0.000e+00 0.000e+00 1.408e+06 1.425e+06
2.423e-08 -7.616  7 55 36Ar 30      he4+s32-->ar36 0.000e+00 0.000e+00 0.000e+00 1.425e+06

FminusSum:
2.423e-08 -7.616  0 14  4He 28      he4+si28-->s32 6.158e+04 6.094e+05 0.000e+00 1.425e+06
2.423e-08 -7.616  0 15  4He 30      he4+s32-->ar36 2.518e+00 6.094e+05 0.000e+00 1.425e+06
2.423e-08 -7.616  5 52 28Si 28      he4+si28-->s32 6.158e+04 4.538e+05 0.000e+00 1.425e+06
2.423e-08 -7.616  6 53  32S 29      s32-->he4+si28 5.106e+03 0.000e+00 0.000e+00 1.425e+06
2.423e-08 -7.616  6 54  32S 30      he4+s32-->ar36 2.518e+00 0.000e+00 0.000e+00 1.425e+06
2.423e-08 -7.616  7 55 36Ar 31      ar36-->he4+s32 1.038e+03 0.000e+00 0.000e+00 0.000e+00

t=2.4229e-08  Equil: RG[9]=1 RG[10]=1 sumF+(s32)=0.0000e+00 sumF-(s32)=0.0000e+00 dF(s32)=0.0000e+00
dtMode=2 t=2.544e-08 AsyEuler: FplusSum(s32)=0.0000e+00 FminusSum(s32)=0.0000e+00 delF(s32)=0.0000e+00
After int: t=2.665e-08 FplusSum(s32)=0.0000e+00 FminusSum(s32)=0.0000e+00 delF(s32)=0.0000e+00
Y(s32)=6.0127e-03 Y0(s32)=6.0127e-03


FplusSum:
2.665e-08 -7.574  0 14  4He 29      s32-->he4+si28 0.000e+00 7.078e+05 0.000e+00 0.000e+00
2.665e-08 -7.574  0 15  4He 31      ar36-->he4+s32 0.000e+00 7.078e+05 0.000e+00 0.000e+00
2.665e-08 -7.574  5 52 28Si 29      s32-->he4+si28 0.000e+00 4.608e+05 0.000e+00 0.000e+00
2.665e-08 -7.574  6 53  32S 28      he4+si28-->s32 0.000e+00 0.000e+00 0.000e+00 0.000e+00
2.665e-08 -7.574  6 54  32S 31      ar36-->he4+s32 0.000e+00 0.000e+00 0.000e+00 0.000e+00
2.665e-08 -7.574  7 55 36Ar 30      he4+s32-->ar36 0.000e+00 0.000e+00 0.000e+00 0.000e+00

FminusSum:
2.665e-08 -7.574  0 14  4He 28      he4+si28-->s32 5.117e+04 5.870e+05 0.000e+00 0.000e+00
2.665e-08 -7.574  0 15  4He 30      he4+s32-->ar36 2.008e+00 5.870e+05 0.000e+00 0.000e+00
2.665e-08 -7.574  5 52 28Si 28      he4+si28-->s32 5.117e+04 4.543e+05 0.000e+00 0.000e+00
2.665e-08 -7.574  6 53  32S 29      s32-->he4+si28 3.997e+03 0.000e+00 0.000e+00 0.000e+00
2.665e-08 -7.574  6 54  32S 30      he4+s32-->ar36 2.008e+00 0.000e+00 0.000e+00 0.000e+00
2.665e-08 -7.574  7 55 36Ar 31      ar36-->he4+s32 8.919e+02 0.000e+00 0.000e+00 0.000e+00

t=2.6652e-08  Equil: RG[9]=1 RG[10]=1 sumF+(s32)=0.0000e+00 sumF-(s32)=0.0000e+00 dF(s32)=0.0000e+00
dtMode=2 t=2.798e-08 AsyEuler: FplusSum(s32)=0.0000e+00 FminusSum(s32)=0.0000e+00 delF(s32)=0.0000e+00
After int: t=2.932e-08 FplusSum(s32)=0.0000e+00 FminusSum(s32)=0.0000e+00 delF(s32)=0.0000e+00
Y(s32)=6.0108e-03 Y0(s32)=6.0108e-03


FplusSum:
2.932e-08 -7.533  0 14  4He 29      s32-->he4+si28 0.000e+00 2.251e+05 0.000e+00 0.000e+00
2.932e-08 -7.533  0 15  4He 31      ar36-->he4+s32 0.000e+00 2.251e+05 0.000e+00 0.000e+00
2.932e-08 -7.533  5 52 28Si 29      s32-->he4+si28 0.000e+00 2.046e+02 0.000e+00 0.000e+00
2.932e-08 -7.533  6 53  32S 28      he4+si28-->s32 0.000e+00 0.000e+00 0.000e+00 0.000e+00
2.932e-08 -7.533  6 54  32S 31      ar36-->he4+s32 0.000e+00 0.000e+00 0.000e+00 0.000e+00
2.932e-08 -7.533  7 55 36Ar 30      he4+s32-->ar36 0.000e+00 0.000e+00 0.000e+00 0.000e+00

FminusSum:
2.932e-08 -7.533  0 14  4He 28      he4+si28-->s32 4.318e+04 1.120e+05 0.000e+00 0.000e+00
2.932e-08 -7.533  0 15  4He 30      he4+s32-->ar36 1.633e+00 1.120e+05 0.000e+00 0.000e+00
2.932e-08 -7.533  5 52 28Si 28      he4+si28-->s32 4.318e+04 1.106e+00 0.000e+00 0.000e+00
2.932e-08 -7.533  6 53  32S 29      s32-->he4+si28 3.191e+03 0.000e+00 0.000e+00 0.000e+00
2.932e-08 -7.533  6 54  32S 30      he4+s32-->ar36 1.633e+00 0.000e+00 0.000e+00 0.000e+00
2.932e-08 -7.533  7 55 36Ar 31      ar36-->he4+s32 7.750e+02 0.000e+00 0.000e+00 0.000e+00

t=2.9317e-08  Equil: RG[9]=1 RG[10]=1 sumF+(s32)=0.0000e+00 sumF-(s32)=0.0000e+00 dF(s32)=0.0000e+00
