
3514(begin int): step=440 dtMode=-1 equil=0 t=8.3062e-09 logt=-8.0806 dt=9.1474e-11 Y0[6]=6.8606e-03 logY0[6]=-2.1636 Y6=6.8606e-03 logY6=-2.1636
3551(full): step=440 dtMode=0 equil=0 t=8.3062e-09 logt=-8.0806 dt=4.4822e-11 Y0[6]=6.8606e-03 logY0[6]=-2.1636 Y6=6.8659e-03 logY6=-2.1633
3576(half1): step=440 dtMode=1 equil=0 t=8.3286e-09 logt=-8.0794 dt=2.2411e-11 Y0[6]=6.8606e-03 logY0[6]=-2.1636 Y6=6.8632e-03 logY6=-2.1635
3598(half2): step=440 dtMode=2 equil=0 t=8.3286e-09 logt=-8.0794 dt=2.2411e-11 Y0[6]=6.8632e-03 logY0[6]=-2.1635 Y6=6.8659e-03 logY6=-2.1633
3656(end int): step=440 dtMode=-1 equil=0 t=8.3510e-09 logt=-8.0783 dt=8.9644e-11 Y0[6]=6.8632e-03 logY0[6]=-2.1635 Y6=6.8659e-03 logY6=-2.1633
4448(final): step=440 dtMode=-1 equil=1 t=8.3510e-09 logt=-8.0783 dt=8.9644e-11 Y0[6]=6.8632e-03 logY0[6]=-2.1635 Y6=6.8659e-03 logY6=-2.1633

3514(begin int): step=441 dtMode=-1 equil=1 t=8.3510e-09 logt=-8.0783 dt=8.9644e-11 Y0[6]=6.8659e-03 logY0[6]=-2.1633 Y6=6.8659e-03 logY6=-2.1633
3551(full): step=441 dtMode=0 equil=1 t=8.3510e-09 logt=-8.0783 dt=8.9644e-11 Y0[6]=6.8659e-03 logY0[6]=-2.1633 Y6=6.8532e-03 logY6=-2.1641
3576(half1): step=441 dtMode=1 equil=1 t=8.3958e-09 logt=-8.0759 dt=4.4822e-11 Y0[6]=6.8659e-03 logY0[6]=-2.1633 Y6=6.8595e-03 logY6=-2.1637
3598(half2): step=441 dtMode=2 equil=1 t=8.3958e-09 logt=-8.0759 dt=4.4822e-11 Y0[6]=6.8595e-03 logY0[6]=-2.1637 Y6=6.8534e-03 logY6=-2.1641
3656(end int): step=441 dtMode=-1 equil=1 t=8.4407e-09 logt=-8.0736 dt=1.7929e-10 Y0[6]=6.8595e-03 logY0[6]=-2.1637 Y6=6.8534e-03 logY6=-2.1641
4448(final): step=441 dtMode=-1 equil=2 t=8.4407e-09 logt=-8.0736 dt=1.7929e-10 Y0[6]=6.8595e-03 logY0[6]=-2.1637 Y6=6.8533e-03 logY6=-2.1641

3514(begin int): step=442 dtMode=-1 equil=2 t=8.4407e-09 logt=-8.0736 dt=1.7929e-10 Y0[6]=6.8533e-03 logY0[6]=-2.1641 Y6=6.8533e-03 logY6=-2.1641
3551(full): step=442 dtMode=0 equil=2 t=8.4407e-09 logt=-8.0736 dt=1.7929e-10 Y0[6]=6.8533e-03 logY0[6]=-2.1641 Y6=6.8292e-03 logY6=-2.1656
3576(half1): step=442 dtMode=1 equil=2 t=8.5303e-09 logt=-8.0690 dt=8.9644e-11 Y0[6]=6.8533e-03 logY0[6]=-2.1641 Y6=6.8413e-03 logY6=-2.1649
3598(half2): step=442 dtMode=2 equil=2 t=8.5303e-09 logt=-8.0690 dt=8.9644e-11 Y0[6]=6.8413e-03 logY0[6]=-2.1649 Y6=6.8298e-03 logY6=-2.1656
3656(end int): step=442 dtMode=-1 equil=2 t=8.6199e-09 logt=-8.0645 dt=3.5858e-10 Y0[6]=6.8413e-03 logY0[6]=-2.1649 Y6=6.8298e-03 logY6=-2.1656
4448(final): step=442 dtMode=-1 equil=2 t=8.6199e-09 logt=-8.0645 dt=3.5858e-10 Y0[6]=6.8413e-03 logY0[6]=-2.1649 Y6=6.8295e-03 logY6=-2.1656

3514(begin int): step=443 dtMode=-1 equil=2 t=8.6199e-09 logt=-8.0645 dt=3.5858e-10 Y0[6]=6.8295e-03 logY0[6]=-2.1656 Y6=6.8295e-03 logY6=-2.1656
3551(full): step=443 dtMode=0 equil=2 t=8.6199e-09 logt=-8.0645 dt=3.5858e-10 Y0[6]=6.8295e-03 logY0[6]=-2.1656 Y6=6.7854e-03 logY6=-2.1684
3576(half1): step=443 dtMode=1 equil=2 t=8.7992e-09 logt=-8.0556 dt=1.7929e-10 Y0[6]=6.8295e-03 logY0[6]=-2.1656 Y6=6.8075e-03 logY6=-2.1670
3598(half2): step=443 dtMode=2 equil=2 t=8.7992e-09 logt=-8.0556 dt=1.7929e-10 Y0[6]=6.8075e-03 logY0[6]=-2.1670 Y6=6.7872e-03 logY6=-2.1683
3656(end int): step=443 dtMode=-1 equil=2 t=8.9785e-09 logt=-8.0468 dt=7.1715e-10 Y0[6]=6.8075e-03 logY0[6]=-2.1670 Y6=6.7872e-03 logY6=-2.1683
4448(final): step=443 dtMode=-1 equil=2 t=8.9785e-09 logt=-8.0468 dt=7.1715e-10 Y0[6]=6.8075e-03 logY0[6]=-2.1670 Y6=6.7860e-03 logY6=-2.1684

3514(begin int): step=444 dtMode=-1 equil=2 t=8.9785e-09 logt=-8.0468 dt=7.1715e-10 Y0[6]=6.7860e-03 logY0[6]=-2.1684 Y6=6.7860e-03 logY6=-2.1684
3551(full): step=444 dtMode=0 equil=2 t=8.9785e-09 logt=-8.0468 dt=7.1715e-10 Y0[6]=6.7860e-03 logY0[6]=-2.1684 Y6=6.7114e-03 logY6=-2.1732
3576(half1): step=444 dtMode=1 equil=2 t=9.3371e-09 logt=-8.0298 dt=3.5858e-10 Y0[6]=6.7860e-03 logY0[6]=-2.1684 Y6=6.7487e-03 logY6=-2.1708
3598(half2): step=444 dtMode=2 equil=2 t=9.3371e-09 logt=-8.0298 dt=3.5858e-10 Y0[6]=6.7487e-03 logY0[6]=-2.1708 Y6=6.7164e-03 logY6=-2.1729
3656(end int): step=444 dtMode=-1 equil=2 t=9.6957e-09 logt=-8.0134 dt=9.6957e-10 Y0[6]=6.7487e-03 logY0[6]=-2.1708 Y6=6.7164e-03 logY6=-2.1729
4448(final): step=444 dtMode=-1 equil=2 t=9.6957e-09 logt=-8.0134 dt=9.6957e-10 Y0[6]=6.7487e-03 logY0[6]=-2.1708 Y6=6.7109e-03 logY6=-2.1732


3551(full): step=445 dtMode=0 equil=2 t=9.6957e-09 logt=-8.0134 dt=9.6957e-10 Y0[6]=6.7109e-03 logY0[6]=-2.1732 Y6=6.6343e-03 logY6=-2.1782
3576(half1): step=445 dtMode=1 equil=2 t=1.0180e-08 logt=-7.9922 dt=4.8478e-10 Y0[6]=6.7109e-03 logY0[6]=-2.1732 Y6=6.6726e-03 logY6=-2.1757
3598(half2): step=445 dtMode=2 equil=2 t=1.0180e-08 logt=-7.9922 dt=4.8478e-10 Y0[6]=6.6726e-03 logY0[6]=-2.1757 Y6=6.6386e-03 logY6=-2.1779
3656(end int): step=445 dtMode=-1 equil=2 t=1.0665e-08 logt=-7.9720 dt=1.0665e-09 Y0[6]=6.6726e-03 logY0[6]=-2.1757 Y6=6.6386e-03 logY6=-2.1779
4448(final): step=445 dtMode=-1 equil=2 t=1.0665e-08 logt=-7.9720 dt=1.0665e-09 Y0[6]=6.6726e-03 logY0[6]=-2.1757 Y6=6.6279e-03 logY6=-2.1786

3551(full): step=446 dtMode=0 equil=2 t=1.0665e-08 logt=-7.9720 dt=1.0665e-09 Y0[6]=6.6279e-03 logY0[6]=-2.1786 Y6=6.5623e-03 logY6=-2.1829
3576(half1): step=446 dtMode=1 equil=2 t=1.1199e-08 logt=-7.9508 dt=5.3326e-10 Y0[6]=6.6279e-03 logY0[6]=-2.1786 Y6=6.5951e-03 logY6=-2.1808
3598(half2): step=446 dtMode=2 equil=2 t=1.1199e-08 logt=-7.9508 dt=5.3326e-10 Y0[6]=6.5951e-03 logY0[6]=-2.1808 Y6=6.5645e-03 logY6=-2.1828
3656(end int): step=446 dtMode=-1 equil=2 t=1.1732e-08 logt=-7.9306 dt=1.1732e-09 Y0[6]=6.5951e-03 logY0[6]=-2.1808 Y6=6.5645e-03 logY6=-2.1828
4448(final): step=446 dtMode=-1 equil=1 t=1.1732e-08 logt=-7.9306 dt=1.1732e-09 Y0[6]=6.5951e-03 logY0[6]=-2.1808 Y6=6.5525e-03 logY6=-2.1836

3551(full): step=447 dtMode=0 equil=1 t=1.1732e-08 logt=-7.9306 dt=1.1732e-09 Y0[6]=6.5525e-03 logY0[6]=-2.1836 Y6=6.4927e-03 logY6=-2.1876
3576(half1): step=447 dtMode=1 equil=1 t=1.2318e-08 logt=-7.9094 dt=5.8659e-10 Y0[6]=6.5525e-03 logY0[6]=-2.1836 Y6=6.5226e-03 logY6=-2.1856
3598(half2): step=447 dtMode=2 equil=1 t=1.2318e-08 logt=-7.9094 dt=5.8659e-10 Y0[6]=6.5226e-03 logY0[6]=-2.1856 Y6=6.4945e-03 logY6=-2.1875
3656(end int): step=447 dtMode=-1 equil=1 t=1.2905e-08 logt=-7.8892 dt=1.2905e-09 Y0[6]=6.5226e-03 logY0[6]=-2.1856 Y6=6.4945e-03 logY6=-2.1875
4448(final): step=447 dtMode=-1 equil=1 t=1.2905e-08 logt=-7.8892 dt=1.2905e-09 Y0[6]=6.5226e-03 logY0[6]=-2.1856 Y6=6.4932e-03 logY6=-2.1875

3514(begin int): step=448 dtMode=-1 equil=1 t=1.2905e-08 logt=-7.8892 dt=1.2905e-09 Y0[6]=6.4932e-03 logY0[6]=-2.1875 Y6=6.4932e-03 logY6=-2.1875
3551(full): step=448 dtMode=0 equil=1 t=1.2905e-08 logt=-7.8892 dt=1.2905e-09 Y0[6]=6.4932e-03 logY0[6]=-2.1875 Y6=6.4324e-03 logY6=-2.1916
3576(half1): step=448 dtMode=1 equil=1 t=1.3550e-08 logt=-7.8681 dt=6.4525e-10 Y0[6]=6.4932e-03 logY0[6]=-2.1875 Y6=6.4628e-03 logY6=-2.1896
3598(half2): step=448 dtMode=2 equil=1 t=1.3550e-08 logt=-7.8681 dt=6.4525e-10 Y0[6]=6.4628e-03 logY0[6]=-2.1896 Y6=6.4340e-03 logY6=-2.1915
3656(end int): step=448 dtMode=-1 equil=1 t=1.4195e-08 logt=-7.8479 dt=1.4195e-09 Y0[6]=6.4628e-03 logY0[6]=-2.1896 Y6=6.4340e-03 logY6=-2.1915
4448(final): step=448 dtMode=-1 equil=1 t=1.4195e-08 logt=-7.8479 dt=1.4195e-09 Y0[6]=6.4628e-03 logY0[6]=-2.1896 Y6=6.4262e-03 logY6=-2.1920

3551(full): step=449 dtMode=0 equil=1 t=1.4195e-08 logt=-7.8479 dt=1.4195e-09 Y0[6]=6.4262e-03 logY0[6]=-2.1920 Y6=6.3689e-03 logY6=-2.1959
3576(half1): step=449 dtMode=1 equil=1 t=1.4905e-08 logt=-7.8267 dt=7.0977e-10 Y0[6]=6.4262e-03 logY0[6]=-2.1920 Y6=6.3976e-03 logY6=-2.1940
3598(half2): step=449 dtMode=2 equil=1 t=1.4905e-08 logt=-7.8267 dt=7.0977e-10 Y0[6]=6.3976e-03 logY0[6]=-2.1940 Y6=6.3704e-03 logY6=-2.1958
3656(end int): step=449 dtMode=-1 equil=1 t=1.5615e-08 logt=-7.8065 dt=1.5615e-09 Y0[6]=6.3976e-03 logY0[6]=-2.1940 Y6=6.3704e-03 logY6=-2.1958
4448(final): step=449 dtMode=-1 equil=1 t=1.5615e-08 logt=-7.8065 dt=1.5615e-09 Y0[6]=6.3976e-03 logY0[6]=-2.1940 Y6=6.3636e-03 logY6=-2.1963

3551(full): step=450 dtMode=0 equil=1 t=1.5615e-08 logt=-7.8065 dt=1.5615e-09 Y0[6]=6.3636e-03 logY0[6]=-2.1963 Y6=6.3097e-03 logY6=-2.2000
3576(half1): step=450 dtMode=1 equil=1 t=1.6396e-08 logt=-7.7853 dt=7.8075e-10 Y0[6]=6.3636e-03 logY0[6]=-2.1963 Y6=6.3366e-03 logY6=-2.1981
3598(half2): step=450 dtMode=2 equil=1 t=1.6396e-08 logt=-7.7853 dt=7.8075e-10 Y0[6]=6.3366e-03 logY0[6]=-2.1981 Y6=6.3112e-03 logY6=-2.1999
3656(end int): step=450 dtMode=-1 equil=1 t=1.7176e-08 logt=-7.7651 dt=1.7176e-09 Y0[6]=6.3366e-03 logY0[6]=-2.1981 Y6=6.3112e-03 logY6=-2.1999
4448(final): step=450 dtMode=-1 equil=1 t=1.7176e-08 logt=-7.7651 dt=1.7176e-09 Y0[6]=6.3366e-03 logY0[6]=-2.1981 Y6=6.3054e-03 logY6=-2.2003
