
3514(begin int): step=440 dtMode=-1 equil=0 t=8.3062e-09 logt=-8.0806 dt=9.1474e-11 Y0[6]=6.8606e-03 logY0[6]=-2.1636 Y6=6.8606e-03 logY6=-2.1636
3551(full): step=440 dtMode=0 equil=0 t=8.3062e-09 logt=-8.0806 dt=4.4822e-11 Y0[6]=6.8606e-03 logY0[6]=-2.1636 Y6=6.8659e-03 logY6=-2.1633
3576(half1): step=440 dtMode=1 equil=0 t=8.3286e-09 logt=-8.0794 dt=2.2411e-11 Y0[6]=6.8606e-03 logY0[6]=-2.1636 Y6=6.8632e-03 logY6=-2.1635
3598(half2): step=440 dtMode=2 equil=0 t=8.3286e-09 logt=-8.0794 dt=2.2411e-11 Y0[6]=6.8632e-03 logY0[6]=-2.1635 Y6=6.8659e-03 logY6=-2.1633
3656(end int): step=440 dtMode=-1 equil=0 t=8.3510e-09 logt=-8.0783 dt=8.9644e-11 Y0[6]=6.8632e-03 logY0[6]=-2.1635 Y6=6.8659e-03 logY6=-2.1633
4448(final): step=440 dtMode=-1 equil=1 t=8.3510e-09 logt=-8.0783 dt=8.9644e-11 Y0[6]=6.8632e-03 logY0[6]=-2.1635 Y6=6.8659e-03 logY6=-2.1633

3514(begin int): step=441 dtMode=-1 equil=1 t=8.3510e-09 logt=-8.0783 dt=8.9644e-11 Y0[6]=6.8659e-03 logY0[6]=-2.1633 Y6=6.8659e-03 logY6=-2.1633
3551(full): step=441 dtMode=0 equil=1 t=8.3510e-09 logt=-8.0783 dt=4.3926e-11 Y0[6]=6.8659e-03 logY0[6]=-2.1633 Y6=6.8709e-03 logY6=-2.1630
3576(half1): step=441 dtMode=1 equil=1 t=8.3730e-09 logt=-8.0771 dt=2.1963e-11 Y0[6]=6.8659e-03 logY0[6]=-2.1633 Y6=6.8684e-03 logY6=-2.1631
3598(half2): step=441 dtMode=2 equil=1 t=8.3730e-09 logt=-8.0771 dt=2.1963e-11 Y0[6]=6.8684e-03 logY0[6]=-2.1631 Y6=6.8709e-03 logY6=-2.1630
3656(end int): step=441 dtMode=-1 equil=1 t=8.3949e-09 logt=-8.0760 dt=8.7851e-11 Y0[6]=6.8684e-03 logY0[6]=-2.1631 Y6=6.8709e-03 logY6=-2.1630
4448(final): step=441 dtMode=-1 equil=1 t=8.3949e-09 logt=-8.0760 dt=8.7851e-11 Y0[6]=6.8684e-03 logY0[6]=-2.1631 Y6=6.8709e-03 logY6=-2.1630

3514(begin int): step=442 dtMode=-1 equil=1 t=8.3949e-09 logt=-8.0760 dt=8.7851e-11 Y0[6]=6.8709e-03 logY0[6]=-2.1630 Y6=6.8709e-03 logY6=-2.1630
3551(full): step=442 dtMode=0 equil=1 t=8.3949e-09 logt=-8.0760 dt=4.3047e-11 Y0[6]=6.8709e-03 logY0[6]=-2.1630 Y6=6.8758e-03 logY6=-2.1627
3576(half1): step=442 dtMode=1 equil=1 t=8.4165e-09 logt=-8.0749 dt=2.1524e-11 Y0[6]=6.8709e-03 logY0[6]=-2.1630 Y6=6.8734e-03 logY6=-2.1628
3598(half2): step=442 dtMode=2 equil=1 t=8.4165e-09 logt=-8.0749 dt=2.1524e-11 Y0[6]=6.8734e-03 logY0[6]=-2.1628 Y6=6.8758e-03 logY6=-2.1627
3656(end int): step=442 dtMode=-1 equil=1 t=8.4380e-09 logt=-8.0738 dt=8.6094e-11 Y0[6]=6.8734e-03 logY0[6]=-2.1628 Y6=6.8758e-03 logY6=-2.1627
4448(final): step=442 dtMode=-1 equil=1 t=8.4380e-09 logt=-8.0738 dt=8.6094e-11 Y0[6]=6.8734e-03 logY0[6]=-2.1628 Y6=6.8758e-03 logY6=-2.1627

3514(begin int): step=443 dtMode=-1 equil=1 t=8.4380e-09 logt=-8.0738 dt=8.6094e-11 Y0[6]=6.8758e-03 logY0[6]=-2.1627 Y6=6.8758e-03 logY6=-2.1627
3551(full): step=443 dtMode=0 equil=1 t=8.4380e-09 logt=-8.0738 dt=4.2186e-11 Y0[6]=6.8758e-03 logY0[6]=-2.1627 Y6=6.8805e-03 logY6=-2.1624
3576(half1): step=443 dtMode=1 equil=1 t=8.4591e-09 logt=-8.0727 dt=2.1093e-11 Y0[6]=6.8758e-03 logY0[6]=-2.1627 Y6=6.8782e-03 logY6=-2.1625
3598(half2): step=443 dtMode=2 equil=1 t=8.4591e-09 logt=-8.0727 dt=2.1093e-11 Y0[6]=6.8782e-03 logY0[6]=-2.1625 Y6=6.8805e-03 logY6=-2.1624
3656(end int): step=443 dtMode=-1 equil=1 t=8.4802e-09 logt=-8.0716 dt=8.4372e-11 Y0[6]=6.8782e-03 logY0[6]=-2.1625 Y6=6.8805e-03 logY6=-2.1624
4448(final): step=443 dtMode=-1 equil=1 t=8.4802e-09 logt=-8.0716 dt=8.4372e-11 Y0[6]=6.8782e-03 logY0[6]=-2.1625 Y6=6.8805e-03 logY6=-2.1624

3514(begin int): step=444 dtMode=-1 equil=1 t=8.4802e-09 logt=-8.0716 dt=8.4372e-11 Y0[6]=6.8805e-03 logY0[6]=-2.1624 Y6=6.8805e-03 logY6=-2.1624
3551(full): step=444 dtMode=0 equil=1 t=8.4802e-09 logt=-8.0716 dt=4.1342e-11 Y0[6]=6.8805e-03 logY0[6]=-2.1624 Y6=6.8851e-03 logY6=-2.1621
3576(half1): step=444 dtMode=1 equil=1 t=8.5008e-09 logt=-8.0705 dt=2.0671e-11 Y0[6]=6.8805e-03 logY0[6]=-2.1624 Y6=6.8828e-03 logY6=-2.1622
3598(half2): step=444 dtMode=2 equil=1 t=8.5008e-09 logt=-8.0705 dt=2.0671e-11 Y0[6]=6.8828e-03 logY0[6]=-2.1622 Y6=6.8851e-03 logY6=-2.1621
3656(end int): step=444 dtMode=-1 equil=1 t=8.5215e-09 logt=-8.0695 dt=8.2685e-11 Y0[6]=6.8828e-03 logY0[6]=-2.1622 Y6=6.8851e-03 logY6=-2.1621
4448(final): step=444 dtMode=-1 equil=1 t=8.5215e-09 logt=-8.0695 dt=8.2685e-11 Y0[6]=6.8828e-03 logY0[6]=-2.1622 Y6=6.8851e-03 logY6=-2.1621

3514(begin int): step=445 dtMode=-1 equil=1 t=8.5215e-09 logt=-8.0695 dt=8.2685e-11 Y0[6]=6.8851e-03 logY0[6]=-2.1621 Y6=6.8851e-03 logY6=-2.1621
3551(full): step=445 dtMode=0 equil=1 t=8.5215e-09 logt=-8.0695 dt=4.0516e-11 Y0[6]=6.8851e-03 logY0[6]=-2.1621 Y6=6.8895e-03 logY6=-2.1618
3576(half1): step=445 dtMode=1 equil=1 t=8.5418e-09 logt=-8.0685 dt=2.0258e-11 Y0[6]=6.8851e-03 logY0[6]=-2.1621 Y6=6.8873e-03 logY6=-2.1620
3598(half2): step=445 dtMode=2 equil=1 t=8.5418e-09 logt=-8.0685 dt=2.0258e-11 Y0[6]=6.8873e-03 logY0[6]=-2.1620 Y6=6.8895e-03 logY6=-2.1618
3656(end int): step=445 dtMode=-1 equil=1 t=8.5620e-09 logt=-8.0674 dt=8.1031e-11 Y0[6]=6.8873e-03 logY0[6]=-2.1620 Y6=6.8895e-03 logY6=-2.1618
4448(final): step=445 dtMode=-1 equil=1 t=8.5620e-09 logt=-8.0674 dt=8.1031e-11 Y0[6]=6.8873e-03 logY0[6]=-2.1620 Y6=6.8895e-03 logY6=-2.1618

3514(begin int): step=446 dtMode=-1 equil=1 t=8.5620e-09 logt=-8.0674 dt=8.1031e-11 Y0[6]=6.8895e-03 logY0[6]=-2.1618 Y6=6.8895e-03 logY6=-2.1618
3551(full): step=446 dtMode=0 equil=1 t=8.5620e-09 logt=-8.0674 dt=3.9705e-11 Y0[6]=6.8895e-03 logY0[6]=-2.1618 Y6=6.8938e-03 logY6=-2.1615
3576(half1): step=446 dtMode=1 equil=1 t=8.5819e-09 logt=-8.0664 dt=1.9853e-11 Y0[6]=6.8895e-03 logY0[6]=-2.1618 Y6=6.8916e-03 logY6=-2.1617
3598(half2): step=446 dtMode=2 equil=1 t=8.5819e-09 logt=-8.0664 dt=1.9853e-11 Y0[6]=6.8916e-03 logY0[6]=-2.1617 Y6=6.8938e-03 logY6=-2.1615
3656(end int): step=446 dtMode=-1 equil=1 t=8.6017e-09 logt=-8.0654 dt=7.9410e-11 Y0[6]=6.8916e-03 logY0[6]=-2.1617 Y6=6.8938e-03 logY6=-2.1615
4448(final): step=446 dtMode=-1 equil=1 t=8.6017e-09 logt=-8.0654 dt=7.9410e-11 Y0[6]=6.8916e-03 logY0[6]=-2.1617 Y6=6.8938e-03 logY6=-2.1615

3514(begin int): step=447 dtMode=-1 equil=1 t=8.6017e-09 logt=-8.0654 dt=7.9410e-11 Y0[6]=6.8938e-03 logY0[6]=-2.1615 Y6=6.8938e-03 logY6=-2.1615
3551(full): step=447 dtMode=0 equil=1 t=8.6017e-09 logt=-8.0654 dt=3.8911e-11 Y0[6]=6.8938e-03 logY0[6]=-2.1615 Y6=6.8979e-03 logY6=-2.1613
3576(half1): step=447 dtMode=1 equil=1 t=8.6212e-09 logt=-8.0644 dt=1.9456e-11 Y0[6]=6.8938e-03 logY0[6]=-2.1615 Y6=6.8958e-03 logY6=-2.1614
3598(half2): step=447 dtMode=2 equil=1 t=8.6212e-09 logt=-8.0644 dt=1.9456e-11 Y0[6]=6.8958e-03 logY0[6]=-2.1614 Y6=6.8979e-03 logY6=-2.1613
3656(end int): step=447 dtMode=-1 equil=1 t=8.6406e-09 logt=-8.0635 dt=7.7822e-11 Y0[6]=6.8958e-03 logY0[6]=-2.1614 Y6=6.8979e-03 logY6=-2.1613
4448(final): step=447 dtMode=-1 equil=1 t=8.6406e-09 logt=-8.0635 dt=7.7822e-11 Y0[6]=6.8958e-03 logY0[6]=-2.1614 Y6=6.8979e-03 logY6=-2.1613

3514(begin int): step=448 dtMode=-1 equil=1 t=8.6406e-09 logt=-8.0635 dt=7.7822e-11 Y0[6]=6.8979e-03 logY0[6]=-2.1613 Y6=6.8979e-03 logY6=-2.1613
3551(full): step=448 dtMode=0 equil=1 t=8.6406e-09 logt=-8.0635 dt=3.8133e-11 Y0[6]=6.8979e-03 logY0[6]=-2.1613 Y6=6.9019e-03 logY6=-2.1610
3576(half1): step=448 dtMode=1 equil=1 t=8.6597e-09 logt=-8.0625 dt=1.9066e-11 Y0[6]=6.8979e-03 logY0[6]=-2.1613 Y6=6.8999e-03 logY6=-2.1612
3598(half2): step=448 dtMode=2 equil=1 t=8.6597e-09 logt=-8.0625 dt=1.9066e-11 Y0[6]=6.8999e-03 logY0[6]=-2.1612 Y6=6.9019e-03 logY6=-2.1610
3656(end int): step=448 dtMode=-1 equil=1 t=8.6788e-09 logt=-8.0615 dt=7.6266e-11 Y0[6]=6.8999e-03 logY0[6]=-2.1612 Y6=6.9019e-03 logY6=-2.1610
4448(final): step=448 dtMode=-1 equil=1 t=8.6788e-09 logt=-8.0615 dt=7.6266e-11 Y0[6]=6.8999e-03 logY0[6]=-2.1612 Y6=6.9019e-03 logY6=-2.1610

3514(begin int): step=449 dtMode=-1 equil=1 t=8.6788e-09 logt=-8.0615 dt=7.6266e-11 Y0[6]=6.9019e-03 logY0[6]=-2.1610 Y6=6.9019e-03 logY6=-2.1610
3551(full): step=449 dtMode=0 equil=1 t=8.6788e-09 logt=-8.0615 dt=3.7370e-11 Y0[6]=6.9019e-03 logY0[6]=-2.1610 Y6=6.9058e-03 logY6=-2.1608
3576(half1): step=449 dtMode=1 equil=1 t=8.6975e-09 logt=-8.0606 dt=1.8685e-11 Y0[6]=6.9019e-03 logY0[6]=-2.1610 Y6=6.9038e-03 logY6=-2.1609
3598(half2): step=449 dtMode=2 equil=1 t=8.6975e-09 logt=-8.0606 dt=1.8685e-11 Y0[6]=6.9038e-03 logY0[6]=-2.1609 Y6=6.9058e-03 logY6=-2.1608
3656(end int): step=449 dtMode=-1 equil=1 t=8.7161e-09 logt=-8.0597 dt=7.4741e-11 Y0[6]=6.9038e-03 logY0[6]=-2.1609 Y6=6.9058e-03 logY6=-2.1608
4448(final): step=449 dtMode=-1 equil=1 t=8.7161e-09 logt=-8.0597 dt=7.4741e-11 Y0[6]=6.9038e-03 logY0[6]=-2.1609 Y6=6.9058e-03 logY6=-2.1608

3514(begin int): step=450 dtMode=-1 equil=1 t=8.7161e-09 logt=-8.0597 dt=7.4741e-11 Y0[6]=6.9058e-03 logY0[6]=-2.1608 Y6=6.9058e-03 logY6=-2.1608
3551(full): step=450 dtMode=0 equil=1 t=8.7161e-09 logt=-8.0597 dt=3.6623e-11 Y0[6]=6.9058e-03 logY0[6]=-2.1608 Y6=6.9095e-03 logY6=-2.1606
3576(half1): step=450 dtMode=1 equil=1 t=8.7345e-09 logt=-8.0588 dt=1.8311e-11 Y0[6]=6.9058e-03 logY0[6]=-2.1608 Y6=6.9076e-03 logY6=-2.1607
3598(half2): step=450 dtMode=2 equil=1 t=8.7345e-09 logt=-8.0588 dt=1.8311e-11 Y0[6]=6.9076e-03 logY0[6]=-2.1607 Y6=6.9095e-03 logY6=-2.1606
3656(end int): step=450 dtMode=-1 equil=1 t=8.7528e-09 logt=-8.0579 dt=7.3246e-11 Y0[6]=6.9076e-03 logY0[6]=-2.1607 Y6=6.9095e-03 logY6=-2.1606
4448(final): step=450 dtMode=-1 equil=1 t=8.7528e-09 logt=-8.0579 dt=7.3246e-11 Y0[6]=6.9076e-03 logY0[6]=-2.1607 Y6=6.9095e-03 logY6=-2.1606
