# Evaluated in explicitUpdate() of Java code, asy+PE
#
#        t        logt     dt      logY0[6] logY[6] logF+ logF-       dF    equil
  420 1.0324e-09 -8.9862 3.2397e-11 -2.7523 -2.7341 6.8214 6.6330 2.3337e+06  0
  420 1.0324e-09 -8.9862 3.3369e-11 -2.7523 -2.7335 6.8214 6.6330 2.3337e+06  0
  421 1.0658e-09 -8.9723 3.3369e-11 -2.7335 -2.7157 6.8326 6.6518 2.3166e+06  0
  421 1.0658e-09 -8.9723 3.4370e-11 -2.7335 -2.7152 6.8326 6.6518 2.3166e+06  0
  422 1.1001e-09 -8.9586 3.4370e-11 -2.7152 -2.6978 6.8437 6.6703 2.2968e+06  0
  422 1.1001e-09 -8.9586 3.5401e-11 -2.7152 -2.6973 6.8437 6.6703 2.2968e+06  0
  423 1.1355e-09 -8.9448 3.5401e-11 -2.6973 -2.6802 6.8545 6.6883 2.2745e+06  0
  423 1.1355e-09 -8.9448 3.6463e-11 -2.6973 -2.6797 6.8545 6.6883 2.2745e+06  0
  424 1.1720e-09 -8.9311 3.6463e-11 -2.6797 -2.6630 6.8652 6.7060 2.2496e+06  0
  424 1.1720e-09 -8.9311 3.7557e-11 -2.6797 -2.6625 6.8652 6.7060 2.2496e+06  0
  425 1.2096e-09 -8.9174 3.7557e-11 -2.6625 -2.6461 6.8757 6.7234 2.2223e+06  0
  425 1.2096e-09 -8.9174 3.8684e-11 -2.6625 -2.6456 6.8757 6.7234 2.2223e+06  0
  426 1.2482e-09 -8.9037 3.8684e-11 -2.6456 -2.6297 6.8860 6.7403 2.1926e+06  0
  426 1.2482e-09 -8.9037 3.9844e-11 -2.6456 -2.6292 6.8860 6.7403 2.1926e+06  0
  427 1.2881e-09 -8.8901 3.9844e-11 -2.6292 -2.6136 6.8962 6.7569 2.1608e+06  0
  427 1.2881e-09 -8.8901 4.1040e-11 -2.6292 -2.6131 6.8962 6.7569 2.1608e+06  0
  428 1.3291e-09 -8.8764 4.1040e-11 -2.6131 -2.5978 6.9062 6.7731 2.1267e+06  0
  428 1.3291e-09 -8.8764 4.2271e-11 -2.6131 -2.5974 6.9062 6.7731 2.1267e+06  0
  429 1.3714e-09 -8.8628 4.2271e-11 -2.5974 -2.5824 6.9160 6.7890 2.0907e+06  0
  429 1.3714e-09 -8.8628 4.3539e-11 -2.5974 -2.5820 6.9160 6.7890 2.0907e+06  0
  429 1.3714e-09 -8.8628 4.1142e-11 -2.5974 -2.5828 6.9160 6.7890 2.0907e+06  0
  430 1.4125e-09 -8.8500 4.3539e-11 -2.5828 -2.5682 6.9252 6.8036 2.0549e+06  0
  430 1.4125e-09 -8.8500 4.4845e-11 -2.5828 -2.5678 6.9252 6.8036 2.0549e+06  0
  431 1.4574e-09 -8.8364 4.4845e-11 -2.5678 -2.5535 6.9347 6.8188 2.0152e+06  0
  431 1.4574e-09 -8.8364 4.6190e-11 -2.5678 -2.5531 6.9347 6.8188 2.0152e+06  0
  432 1.5036e-09 -8.8229 4.6190e-11 -2.5531 -2.5392 6.9440 6.8336 1.9740e+06  0
  432 1.5036e-09 -8.8229 4.7576e-11 -2.5531 -2.5387 6.9440 6.8336 1.9740e+06  0
  433 1.5511e-09 -8.8093 4.7576e-11 -2.5387 -2.5252 6.9532 6.8481 1.9312e+06  0
  433 1.5511e-09 -8.8093 4.9003e-11 -2.5387 -2.5248 6.9532 6.8481 1.9312e+06  0
  434 1.6002e-09 -8.7958 4.9003e-11 -2.5248 -2.5115 6.9623 6.8622 1.8872e+06  0
  434 1.6002e-09 -8.7958 5.0473e-11 -2.5248 -2.5111 6.9623 6.8622 1.8872e+06  0
  435 1.6506e-09 -8.7824 5.0473e-11 -2.5111 -2.4982 6.9711 6.8759 1.8419e+06  0
  435 1.6506e-09 -8.7824 5.1988e-11 -2.5111 -2.4978 6.9711 6.8759 1.8419e+06  0
  436 1.7026e-09 -8.7689 5.1988e-11 -2.4978 -2.4853 6.9798 6.8893 1.7956e+06  0
  436 1.7026e-09 -8.7689 5.3547e-11 -2.4978 -2.4849 6.9798 6.8893 1.7956e+06  0
  437 1.7562e-09 -8.7554 5.3547e-11 -2.4849 -2.4727 6.9884 6.9024 1.7484e+06  0
  437 1.7562e-09 -8.7554 5.5154e-11 -2.4849 -2.4723 6.9884 6.9024 1.7484e+06  0
  438 1.8113e-09 -8.7420 5.5154e-11 -2.4723 -2.4604 6.9968 6.9151 1.7012e+06  0
  438 1.8113e-09 -8.7420 5.6808e-11 -2.4723 -2.4600 6.9968 6.9151 1.7012e+06  0
  439 1.8681e-09 -8.7286 5.6808e-11 -2.4600 -2.4484 7.0050 6.9275 1.6534e+06  0
  439 1.8681e-09 -8.7286 5.8513e-11 -2.4600 -2.4481 7.0050 6.9275 1.6534e+06  0
  440 1.9266e-09 -8.7152 5.8513e-11 -2.4481 -2.4368 7.0131 6.9396 1.6053e+06  0
  440 1.9266e-09 -8.7152 6.0268e-11 -2.4481 -2.4364 7.0131 6.9396 1.6053e+06  0
  441 1.9869e-09 -8.7018 6.0268e-11 -2.4364 -2.4254 7.0211 6.9513 1.5568e+06  0
  441 1.9869e-09 -8.7018 6.2076e-11 -2.4364 -2.4251 7.0211 6.9513 1.5568e+06  0
  441 1.9869e-09 -8.7018 8.3591e-12 -2.4364 -2.4349 7.0211 6.9513 1.5568e+06  0
  442 1.9953e-09 -8.7000 6.2076e-11 -2.4349 -2.4237 7.0221 6.9529 1.5502e+06  0
  442 1.9953e-09 -8.7000 6.3938e-11 -2.4349 -2.4233 7.0221 6.9529 1.5502e+06  0
  443 2.0592e-09 -8.6863 6.3938e-11 -2.4233 -2.4124 7.0301 6.9646 1.5003e+06  0
  443 2.0592e-09 -8.6863 6.5856e-11 -2.4233 -2.4121 7.0301 6.9646 1.5003e+06  0
  444 2.1251e-09 -8.6726 6.5856e-11 -2.4121 -2.4015 7.0379 6.9759 1.4500e+06  0
  444 2.1251e-09 -8.6726 6.7832e-11 -2.4121 -2.4012 7.0379 6.9759 1.4500e+06  0
  445 2.1929e-09 -8.6590 6.7832e-11 -2.4012 -2.3909 7.0455 6.9869 1.4004e+06  0
  445 2.1929e-09 -8.6590 6.9867e-11 -2.4012 -2.3906 7.0455 6.9869 1.4004e+06  0
  446 2.2628e-09 -8.6454 6.9867e-11 -2.3906 -2.3807 7.0530 6.9976 1.3512e+06  0
  446 2.2628e-09 -8.6454 7.1963e-11 -2.3906 -2.3804 7.0530 6.9976 1.3512e+06  0
  447 2.3347e-09 -8.6318 7.1963e-11 -2.3804 -2.3707 7.0603 7.0080 1.3024e+06  0
  447 2.3347e-09 -8.6318 7.4122e-11 -2.3804 -2.3704 7.0603 7.0080 1.3024e+06  0
  448 2.4088e-09 -8.6182 7.4122e-11 -2.3704 -2.3611 7.0674 7.0181 1.2541e+06  0
  448 2.4088e-09 -8.6182 7.6346e-11 -2.3704 -2.3608 7.0674 7.0181 1.2541e+06  0
  449 2.4852e-09 -8.6046 7.6346e-11 -2.3608 -2.3517 7.0744 7.0279 1.2064e+06  0
  449 2.4852e-09 -8.6046 7.8636e-11 -2.3608 -2.3514 7.0744 7.0279 1.2064e+06  0
  450 2.5638e-09 -8.5911 7.8636e-11 -2.3514 -2.3426 7.0812 7.0373 1.1595e+06  0
  450 2.5638e-09 -8.5911 8.0995e-11 -2.3514 -2.3424 7.0812 7.0373 1.1595e+06  0
  451 2.6448e-09 -8.5776 8.0995e-11 -2.3424 -2.3338 7.0879 7.0465 1.1133e+06  0
  451 2.6448e-09 -8.5776 8.3425e-11 -2.3424 -2.3336 7.0879 7.0465 1.1133e+06  0
  452 2.7282e-09 -8.5641 8.3425e-11 -2.3336 -2.3253 7.0944 7.0554 1.0680e+06  0
  452 2.7282e-09 -8.5641 8.5928e-11 -2.3336 -2.3251 7.0944 7.0554 1.0680e+06  0
  453 2.8142e-09 -8.5506 8.5928e-11 -2.3251 -2.3171 7.1008 7.0640 1.0236e+06  0
  453 2.8142e-09 -8.5506 8.8506e-11 -2.3251 -2.3168 7.1008 7.0640 1.0236e+06  0
  453 2.8142e-09 -8.5506 4.2125e-12 -2.3251 -2.3247 7.1008 7.0640 1.0236e+06  0
  454 2.8184e-09 -8.5500 8.8506e-11 -2.3247 -2.3165 7.1011 7.0644 1.0216e+06  0
  454 2.8184e-09 -8.5500 9.1161e-11 -2.3247 -2.3162 7.1011 7.0644 1.0216e+06  0
  455 2.9095e-09 -8.5362 9.1161e-11 -2.3162 -2.3083 7.1075 7.0730 9.7687e+05  0
  455 2.9095e-09 -8.5362 9.3895e-11 -2.3162 -2.3080 7.1075 7.0730 9.7687e+05  0
  456 3.0034e-09 -8.5224 9.3895e-11 -2.3080 -2.3004 7.1137 7.0813 9.3269e+05  0
  456 3.0034e-09 -8.5224 9.6712e-11 -2.3080 -2.3001 7.1137 7.0813 9.3269e+05  0
  457 3.1002e-09 -8.5086 9.6712e-11 -2.3001 -2.2927 7.1197 7.0893 8.9048e+05  0
  457 3.1002e-09 -8.5086 9.9614e-11 -2.3001 -2.2925 7.1197 7.0893 8.9048e+05  0
  458 3.1998e-09 -8.4949 9.9614e-11 -2.2925 -2.2854 7.1256 7.0970 8.4945e+05  0
  458 3.1998e-09 -8.4949 1.0260e-10 -2.2925 -2.2852 7.1256 7.0970 8.4945e+05  0
  459 3.3024e-09 -8.4812 1.0260e-10 -2.2852 -2.2783 7.1313 7.1045 8.0964e+05  0
  459 3.3024e-09 -8.4812 1.0568e-10 -2.2852 -2.2781 7.1313 7.1045 8.0964e+05  0
  460 3.4080e-09 -8.4675 1.0568e-10 -2.2781 -2.2714 7.1369 7.1117 7.7105e+05  0
  460 3.4080e-09 -8.4675 1.0885e-10 -2.2781 -2.2712 7.1369 7.1117 7.7105e+05  0
  461 3.5169e-09 -8.4538 1.0885e-10 -2.2712 -2.2648 7.1423 7.1187 7.3368e+05  0
  461 3.5169e-09 -8.4538 1.1212e-10 -2.2712 -2.2646 7.1423 7.1187 7.3368e+05  0
  462 3.6290e-09 -8.4402 1.1212e-10 -2.2646 -2.2584 7.1476 7.1254 6.9755e+05  0
  462 3.6290e-09 -8.4402 1.1548e-10 -2.2646 -2.2582 7.1476 7.1254 6.9755e+05  0
  463 3.7445e-09 -8.4266 1.1548e-10 -2.2582 -2.2522 7.1527 7.1319 6.6264e+05  0
  463 3.7445e-09 -8.4266 1.1894e-10 -2.2582 -2.2520 7.1527 7.1319 6.6264e+05  0
  464 3.8634e-09 -8.4130 1.1894e-10 -2.2520 -2.2463 7.1576 7.1382 6.2895e+05  0
  464 3.8634e-09 -8.4130 1.2251e-10 -2.2520 -2.2461 7.1576 7.1382 6.2895e+05  0
  464 3.8634e-09 -8.4130 1.1763e-10 -2.2520 -2.2463 7.1576 7.1382 6.2895e+05  0
  465 3.9811e-09 -8.4000 1.2251e-10 -2.2463 -2.2408 7.1623 7.1440 5.9775e+05  0
  465 3.9811e-09 -8.4000 1.2619e-10 -2.2463 -2.2406 7.1623 7.1440 5.9775e+05  0
  466 4.1073e-09 -8.3864 1.2619e-10 -2.2406 -2.2352 7.1669 7.1499 5.6634e+05  0
  466 4.1073e-09 -8.3864 1.2997e-10 -2.2406 -2.2351 7.1669 7.1499 5.6634e+05  0
  467 4.2372e-09 -8.3729 1.2997e-10 -2.2351 -2.2299 7.1715 7.1555 5.3612e+05  0
  467 4.2372e-09 -8.3729 1.3387e-10 -2.2351 -2.2297 7.1715 7.1555 5.3612e+05  0
  468 4.3711e-09 -8.3594 1.3387e-10 -2.2297 -2.2248 7.1759 7.1609 5.0710e+05  0
  468 4.3711e-09 -8.3594 1.3789e-10 -2.2297 -2.2246 7.1759 7.1609 5.0710e+05  0
  469 4.5090e-09 -8.3459 1.3789e-10 -2.2246 -2.2198 7.1801 7.1661 4.7922e+05  0
  469 4.5090e-09 -8.3459 1.4203e-10 -2.2246 -2.2197 7.1801 7.1661 4.7922e+05  0
  470 4.6510e-09 -8.3325 1.4203e-10 -2.2197 -2.2151 7.1842 7.1712 4.5246e+05  0
  470 4.6510e-09 -8.3325 1.4629e-10 -2.2197 -2.2149 7.1842 7.1712 4.5246e+05  0
  471 4.7973e-09 -8.3190 1.4629e-10 -2.2149 -2.2105 7.1882 7.1760 4.2679e+05  0
  471 4.7973e-09 -8.3190 1.5067e-10 -2.2149 -2.2104 7.1882 7.1760 4.2679e+05  0
  472 4.9480e-09 -8.3056 1.5067e-10 -2.2104 -2.2061 7.1920 7.1807 4.0219e+05  0
  472 4.9480e-09 -8.3056 1.5519e-10 -2.2104 -2.2060 7.1920 7.1807 4.0219e+05  0
  473 5.1032e-09 -8.2922 1.5519e-10 -2.2060 -2.2019 7.1957 7.1851 3.7863e+05  0
  473 5.1032e-09 -8.2922 1.5985e-10 -2.2060 -2.2018 7.1957 7.1851 3.7863e+05  0
  474 5.2630e-09 -8.2788 1.5985e-10 -2.2018 -2.1979 7.1993 7.1894 3.5609e+05  0
  474 5.2630e-09 -8.2788 1.6465e-10 -2.2018 -2.1978 7.1993 7.1894 3.5609e+05  0
  475 5.4277e-09 -8.2654 1.6465e-10 -2.1978 -2.1940 7.2028 7.1936 3.3454e+05  0
  475 5.4277e-09 -8.2654 1.6959e-10 -2.1978 -2.1939 7.2028 7.1936 3.3454e+05  0
  476 5.5973e-09 -8.2520 1.6959e-10 -2.1939 -2.1903 7.2061 7.1975 3.1394e+05  0
  476 5.5973e-09 -8.2520 1.7467e-10 -2.1939 -2.1902 7.2061 7.1975 3.1394e+05  0
  476 5.5973e-09 -8.2520 2.6155e-11 -2.1939 -2.1933 7.2061 7.1975 3.1394e+05  0
  477 5.6234e-09 -8.2500 1.7467e-10 -2.1933 -2.1897 7.2066 7.1981 3.1099e+05  0
  477 5.6234e-09 -8.2500 1.7991e-10 -2.1933 -2.1896 7.2066 7.1981 3.1099e+05  0
  478 5.8033e-09 -8.2363 1.7991e-10 -2.1896 -2.1861 7.2098 7.2020 2.8990e+05  0
  478 5.8033e-09 -8.2363 1.8531e-10 -2.1896 -2.1860 7.2098 7.2020 2.8990e+05  0
  479 5.9886e-09 -8.2227 1.8531e-10 -2.1860 -2.1826 7.2129 7.2056 2.7061e+05  0
  479 5.9886e-09 -8.2227 1.9087e-10 -2.1860 -2.1825 7.2129 7.2056 2.7061e+05  0
  480 6.1795e-09 -8.2090 1.9087e-10 -2.1825 -2.1794 7.2159 7.2092 2.5284e+05  0
  480 6.1795e-09 -8.2090 1.9660e-10 -2.1825 -2.1793 7.2159 7.2092 2.5284e+05  0
  481 6.3761e-09 -8.1954 1.9660e-10 -2.1793 -2.1762 7.2188 7.2125 2.3591e+05  0
  481 6.3761e-09 -8.1954 2.0249e-10 -2.1793 -2.1762 7.2188 7.2125 2.3591e+05  0
  482 6.5786e-09 -8.1819 2.0249e-10 -2.1762 -2.1733 7.2215 7.2157 2.1978e+05  0
  482 6.5786e-09 -8.1819 2.0857e-10 -2.1762 -2.1732 7.2215 7.2157 2.1978e+05  0
  483 6.7872e-09 -8.1683 2.0857e-10 -2.1732 -2.1704 7.2241 7.2188 2.0442e+05  0
  483 6.7872e-09 -8.1683 2.1483e-10 -2.1732 -2.1703 7.2241 7.2188 2.0442e+05  0
  484 7.0020e-09 -8.1548 2.1483e-10 -2.1703 -2.1677 7.2266 7.2217 1.8983e+05  0
  484 7.0020e-09 -8.1548 2.2127e-10 -2.1703 -2.1677 7.2266 7.2217 1.8983e+05  0
  485 7.2233e-09 -8.1413 2.2127e-10 -2.1677 -2.1652 7.2290 7.2245 1.7600e+05  0
  485 7.2233e-09 -8.1413 2.2791e-10 -2.1677 -2.1651 7.2290 7.2245 1.7600e+05  0
  #        t        logt     dt      logY0[6] logY[6] logF+ logF-       dF    equil
  486 7.4512e-09 -8.1278 2.2791e-10 -2.1651 -2.1675 6.1352 6.1859 -1.6896e+05  2
  486 7.4512e-09 -8.1278 2.3475e-10 -2.1651 -2.1676 6.1352 6.1859 -1.6896e+05  2
  487 7.6859e-09 -8.1143 2.3475e-10 -2.1615 -2.1640 6.1366 6.1852 -1.6237e+05  2
  487 7.6859e-09 -8.1143 2.4179e-10 -2.1615 -2.1640 6.1366 6.1852 -1.6237e+05  2
  488 7.9277e-09 -8.1009 2.4179e-10 -2.1625 -2.1647 6.1420 6.1853 -1.4547e+05  2
  488 7.9277e-09 -8.1009 2.4904e-10 -2.1625 -2.1648 6.1420 6.1853 -1.4547e+05  2
  488 7.9277e-09 -8.1009 1.5574e-11 -2.1625 -2.1626 6.1420 6.1853 -1.4547e+05  2
  489 7.9433e-09 -8.1000 2.4904e-10 -2.1624 -2.1647 6.1423 6.1854 -1.4488e+05  2
  489 7.9433e-09 -8.1000 2.5651e-10 -2.1624 -2.1648 6.1423 6.1854 -1.4488e+05  2
  490 8.1998e-09 -8.0862 2.5651e-10 -2.1606 -2.1628 6.1469 6.1880 -1.3913e+05  2
  490 8.1998e-09 -8.0862 2.6421e-10 -2.1606 -2.1629 6.1469 6.1880 -1.3913e+05  2
  491 8.4640e-09 -8.0724 2.6421e-10 -2.1589 -2.1611 6.1513 6.1904 -1.3337e+05  2
  491 8.4640e-09 -8.0724 2.7214e-10 -2.1589 -2.1612 6.1513 6.1904 -1.3337e+05  2
  492 8.7361e-09 -8.0587 2.7214e-10 -2.1574 -2.1595 6.1555 6.1926 -1.2779e+05  2
  492 8.7361e-09 -8.0587 2.8030e-10 -2.1574 -2.1596 6.1555 6.1926 -1.2779e+05  2
  493 9.0164e-09 -8.0450 2.8030e-10 -2.1559 -2.1580 6.1594 6.1947 -1.2242e+05  2
  493 9.0164e-09 -8.0450 2.8871e-10 -2.1559 -2.1581 6.1594 6.1947 -1.2242e+05  2
  494 9.3051e-09 -8.0313 2.8871e-10 -2.1545 -2.1567 6.1631 6.1967 -1.1727e+05  2
  494 9.3051e-09 -8.0313 2.9737e-10 -2.1545 -2.1567 6.1631 6.1967 -1.1727e+05  2
  495 9.6025e-09 -8.0176 2.9737e-10 -2.1533 -2.1553 6.1665 6.1986 -1.1234e+05  2
  495 9.6025e-09 -8.0176 3.0629e-10 -2.1533 -2.1554 6.1665 6.1986 -1.1234e+05  2
  496 9.9088e-09 -8.0040 3.0629e-10 -2.1521 -2.1541 6.1698 6.2003 -1.0759e+05  2
  496 9.9088e-09 -8.0040 3.1548e-10 -2.1521 -2.1542 6.1698 6.2003 -1.0759e+05  2
  497 1.0224e-08 -7.9904 3.1548e-10 -2.1510 -2.1530 6.1729 6.2020 -1.0302e+05  2
  497 1.0224e-08 -7.9904 3.2494e-10 -2.1510 -2.1531 6.1729 6.2020 -1.0302e+05  2
  498 1.0549e-08 -7.9768 3.2494e-10 -2.1500 -2.1520 6.1758 6.2035 -9.8613e+04  2
  498 1.0549e-08 -7.9768 3.3469e-10 -2.1500 -2.1520 6.1758 6.2035 -9.8613e+04  2
  499 1.0884e-08 -7.9632 3.3469e-10 -2.1491 -2.1510 6.1786 6.2049 -9.4364e+04  2
  499 1.0884e-08 -7.9632 3.4473e-10 -2.1491 -2.1511 6.1786 6.2049 -9.4364e+04  2
  499 1.0884e-08 -7.9632 3.3626e-10 -2.1491 -2.1510 6.1786 6.2049 -9.4364e+04  2
  500 1.1220e-08 -7.9500 3.4473e-10 -2.1482 -2.1501 6.1811 6.2062 -9.0360e+04  2
  500 1.1220e-08 -7.9500 3.5507e-10 -2.1482 -2.1502 6.1811 6.2062 -9.0360e+04  2
  501 1.1575e-08 -7.9365 3.5507e-10 -2.1474 -2.1493 6.1836 6.2075 -8.6399e+04  2
  501 1.1575e-08 -7.9365 3.6573e-10 -2.1474 -2.1494 6.1836 6.2075 -8.6399e+04  2
  502 1.1941e-08 -7.9230 3.6573e-10 -2.1467 -2.1486 6.1859 6.2086 -8.2567e+04  2
  502 1.1941e-08 -7.9230 3.7670e-10 -2.1467 -2.1486 6.1859 6.2086 -8.2567e+04  2
  503 1.2318e-08 -7.9095 3.7670e-10 -2.1461 -2.1479 6.1880 6.2097 -7.8861e+04  2
  503 1.2318e-08 -7.9095 3.8800e-10 -2.1461 -2.1479 6.1880 6.2097 -7.8861e+04  2
  504 1.2706e-08 -7.8960 3.8800e-10 -2.1455 -2.1472 6.1901 6.2107 -7.5280e+04  2
  504 1.2706e-08 -7.8960 3.9964e-10 -2.1455 -2.1473 6.1901 6.2107 -7.5280e+04  2
  505 1.3105e-08 -7.8826 3.9964e-10 -2.1449 -2.1467 6.1920 6.2116 -7.1821e+04  2
  505 1.3105e-08 -7.8826 4.1163e-10 -2.1449 -2.1467 6.1920 6.2116 -7.1821e+04  2
  506 1.3517e-08 -7.8691 4.1163e-10 -2.1445 -2.1462 6.1938 6.2124 -6.8479e+04  2
  506 1.3517e-08 -7.8691 4.2398e-10 -2.1445 -2.1462 6.1938 6.2124 -6.8479e+04  2
  507 1.3941e-08 -7.8557 4.2398e-10 -2.1440 -2.1457 6.1955 6.2132 -6.5251e+04  2
  507 1.3941e-08 -7.8557 4.3670e-10 -2.1440 -2.1458 6.1955 6.2132 -6.5251e+04  2
  508 1.4378e-08 -7.8423 4.3670e-10 -2.1437 -2.1453 6.1971 6.2139 -6.2134e+04  2
  508 1.4378e-08 -7.8423 4.4980e-10 -2.1437 -2.1454 6.1971 6.2139 -6.2134e+04  2
  509 1.4827e-08 -7.8289 4.4980e-10 -2.1434 -2.1450 6.1986 6.2145 -5.8979e+04  2
  509 1.4827e-08 -7.8289 4.6329e-10 -2.1434 -2.1450 6.1986 6.2145 -5.8979e+04  2
  510 1.5291e-08 -7.8156 4.6329e-10 -2.1431 -2.1447 6.2000 6.2150 -5.5987e+04  2
  510 1.5291e-08 -7.8156 4.7719e-10 -2.1431 -2.1447 6.2000 6.2150 -5.5987e+04  2
  511 1.5768e-08 -7.8022 4.7719e-10 -2.1429 -2.1444 6.2012 6.2155 -5.3139e+04  2
  511 1.5768e-08 -7.8022 4.9151e-10 -2.1429 -2.1444 6.2012 6.2155 -5.3139e+04  2
  511 1.5768e-08 -7.8022 8.1022e-11 -2.1429 -2.1431 6.2012 6.2155 -5.3139e+04  2
  512 1.5849e-08 -7.8000 4.9151e-10 -2.1429 -2.1444 6.2014 6.2156 -5.2590e+04  2
  512 1.5849e-08 -7.8000 5.0625e-10 -2.1429 -2.1445 6.2014 6.2156 -5.2590e+04  2
  513 1.6355e-08 -7.7863 5.0625e-10 -2.1426 -2.1441 6.2027 6.2161 -5.0076e+04  2
  513 1.6355e-08 -7.7863 5.2144e-10 -2.1426 -2.1442 6.2027 6.2161 -5.0076e+04  2
  514 1.6877e-08 -7.7727 5.2144e-10 -2.1424 -2.1439 6.2038 6.2165 -4.7381e+04  2
  514 1.6877e-08 -7.7727 5.3708e-10 -2.1424 -2.1440 6.2038 6.2165 -4.7381e+04  2
  515 1.7414e-08 -7.7591 5.3708e-10 -2.1423 -2.1438 6.2049 6.2169 -4.4749e+04  2
  515 1.7414e-08 -7.7591 5.5319e-10 -2.1423 -2.1438 6.2049 6.2169 -4.4749e+04  2
  516 1.7967e-08 -7.7455 5.5319e-10 -2.1422 -2.1436 6.2059 6.2172 -4.2274e+04  2
  516 1.7967e-08 -7.7455 5.6979e-10 -2.1422 -2.1437 6.2059 6.2172 -4.2274e+04  2
  517 1.8537e-08 -7.7320 5.6979e-10 -2.1421 -2.1435 6.2069 6.2175 -3.9926e+04  2
  517 1.8537e-08 -7.7320 5.8688e-10 -2.1421 -2.1435 6.2069 6.2175 -3.9926e+04  2
  518 1.9124e-08 -7.7184 5.8688e-10 -2.1421 -2.1434 6.2078 6.2178 -3.7693e+04  2
  518 1.9124e-08 -7.7184 6.0449e-10 -2.1421 -2.1434 6.2078 6.2178 -3.7693e+04  2
  519 1.9728e-08 -7.7049 6.0449e-10 -2.1420 -2.1433 6.2086 6.2181 -3.5564e+04  2
  519 1.9728e-08 -7.7049 6.2263e-10 -2.1420 -2.1434 6.2086 6.2181 -3.5564e+04  2
  520 2.0351e-08 -7.6914 6.2263e-10 -2.1420 -2.1433 6.2094 6.2183 -3.3535e+04  2
  520 2.0351e-08 -7.6914 6.4130e-10 -2.1420 -2.1433 6.2094 6.2183 -3.3535e+04  2
  521 2.0992e-08 -7.6779 6.4130e-10 -2.1420 -2.1433 6.2102 6.2186 -3.1601e+04  2
  521 2.0992e-08 -7.6779 6.6054e-10 -2.1420 -2.1433 6.2102 6.2186 -3.1601e+04  2
  522 2.1653e-08 -7.6645 6.6054e-10 -2.1420 -2.1432 6.2109 6.2188 -2.9761e+04  2
  522 2.1653e-08 -7.6645 6.8036e-10 -2.1420 -2.1433 6.2109 6.2188 -2.9761e+04  2
  523 2.2333e-08 -7.6511 6.8036e-10 -2.1421 -2.1432 6.2116 6.2190 -2.8013e+04  2
  523 2.2333e-08 -7.6511 7.0077e-10 -2.1421 -2.1433 6.2116 6.2190 -2.8013e+04  2
  523 2.2333e-08 -7.6511 5.4311e-11 -2.1421 -2.1422 6.2116 6.2190 -2.8013e+04  2
  524 2.2387e-08 -7.6500 7.0077e-10 -2.1421 -2.1433 6.2116 6.2190 -2.7838e+04  4
  524 2.2387e-08 -7.6500 7.2179e-10 -2.1421 -2.1433 6.2116 6.2190 -2.7838e+04  4
  525 2.3109e-08 -7.6362 7.2179e-10 -2.1422 -2.1433 6.2123 6.2192 -2.6404e+04  4
  525 2.3109e-08 -7.6362 7.4345e-10 -2.1422 -2.1434 6.2123 6.2192 -2.6404e+04  4
  526 2.3852e-08 -7.6225 7.4345e-10 -2.1423 -2.1434 6.2129 6.2194 -2.4673e+04  8
  526 2.3852e-08 -7.6225 7.6575e-10 -2.1423 -2.1434 6.2129 6.2194 -2.4673e+04  8
  527 2.4618e-08 -7.6087 7.6575e-10 -2.1435 -2.1435 -Infinity -Infinity 0.0000e+00 10
  527 2.4618e-08 -7.6087 7.8872e-10 -2.1435 -2.1435 -Infinity -Infinity 0.0000e+00 10
  528 2.5407e-08 -7.5950 7.8872e-10 -2.1436 -2.1436 -Infinity -Infinity 0.0000e+00 10
  528 2.5407e-08 -7.5950 8.1239e-10 -2.1436 -2.1436 -Infinity -Infinity 0.0000e+00 10
  529 2.6219e-08 -7.5814 8.1239e-10 -2.1437 -2.1437 -Infinity -Infinity 0.0000e+00 10
  529 2.6219e-08 -7.5814 8.3676e-10 -2.1437 -2.1437 -Infinity -Infinity 0.0000e+00 10
  530 2.7056e-08 -7.5677 8.3676e-10 -2.1439 -2.1439 -Infinity -Infinity 0.0000e+00 10
  530 2.7056e-08 -7.5677 8.6186e-10 -2.1439 -2.1439 -Infinity -Infinity 0.0000e+00 10
  531 2.7918e-08 -7.5541 8.6186e-10 -2.1441 -2.1441 -Infinity -Infinity 0.0000e+00 14
  531 2.7918e-08 -7.5541 8.8772e-10 -2.1441 -2.1441 -Infinity -Infinity 0.0000e+00 14
  532 2.8806e-08 -7.5405 8.8772e-10 -2.1443 -2.1443 -Infinity -Infinity 0.0000e+00 14
  532 2.8806e-08 -7.5405 9.1435e-10 -2.1443 -2.1443 -Infinity -Infinity 0.0000e+00 14
  533 2.9720e-08 -7.5270 9.1435e-10 -2.1445 -2.1445 -Infinity -Infinity 0.0000e+00 14
  533 2.9720e-08 -7.5270 9.4178e-10 -2.1445 -2.1445 -Infinity -Infinity 0.0000e+00 14
  534 3.0662e-08 -7.5134 9.4178e-10 -2.1447 -2.1447 -Infinity -Infinity 0.0000e+00 14
  534 3.0662e-08 -7.5134 9.7003e-10 -2.1447 -2.1447 -Infinity -Infinity 0.0000e+00 14
  534 3.0662e-08 -7.5134 9.6101e-10 -2.1447 -2.1447 -Infinity -Infinity 0.0000e+00 14
  535 3.1623e-08 -7.5000 9.7003e-10 -2.1448 -2.1448 -Infinity -Infinity 0.0000e+00 14
  535 3.1623e-08 -7.5000 9.9913e-10 -2.1448 -2.1448 -Infinity -Infinity 0.0000e+00 14
  536 3.2622e-08 -7.4865 9.9913e-10 -2.1450 -2.1450 -Infinity -Infinity 0.0000e+00 14
  536 3.2622e-08 -7.4865 1.0291e-09 -2.1450 -2.1450 -Infinity -Infinity 0.0000e+00 14
  537 3.3651e-08 -7.4730 1.0291e-09 -2.1451 -2.1451 -Infinity -Infinity 0.0000e+00 14
  537 3.3651e-08 -7.4730 1.0600e-09 -2.1451 -2.1451 -Infinity -Infinity 0.0000e+00 14
  538 3.4711e-08 -7.4595 1.0600e-09 -2.1452 -2.1452 -Infinity -Infinity 0.0000e+00 14
  538 3.4711e-08 -7.4595 1.0918e-09 -2.1452 -2.1452 -Infinity -Infinity 0.0000e+00 14
  539 3.5803e-08 -7.4461 1.0918e-09 -2.1453 -2.1453 -Infinity -Infinity 0.0000e+00 14
  539 3.5803e-08 -7.4461 1.1245e-09 -2.1453 -2.1453 -Infinity -Infinity 0.0000e+00 14
  540 3.6927e-08 -7.4327 1.1245e-09 -2.1454 -2.1454 -Infinity -Infinity 0.0000e+00 14
  540 3.6927e-08 -7.4327 1.1583e-09 -2.1454 -2.1454 -Infinity -Infinity 0.0000e+00 14
  541 3.8086e-08 -7.4192 1.1583e-09 -2.1455 -2.1455 -Infinity -Infinity 0.0000e+00 14
  541 3.8086e-08 -7.4192 1.1930e-09 -2.1455 -2.1455 -Infinity -Infinity 0.0000e+00 14
  542 3.9279e-08 -7.4058 1.1930e-09 -2.1455 -2.1455 -Infinity -Infinity 0.0000e+00 14
  542 3.9279e-08 -7.4058 1.2288e-09 -2.1455 -2.1455 -Infinity -Infinity 0.0000e+00 14
  543 4.0507e-08 -7.3925 1.2288e-09 -2.1456 -2.1456 -Infinity -Infinity 0.0000e+00 14
  543 4.0507e-08 -7.3925 1.2657e-09 -2.1456 -2.1456 -Infinity -Infinity 0.0000e+00 14
  544 4.1773e-08 -7.3791 1.2657e-09 -2.1456 -2.1456 -Infinity -Infinity 0.0000e+00 14
  544 4.1773e-08 -7.3791 1.3036e-09 -2.1456 -2.1456 -Infinity -Infinity 0.0000e+00 14
  545 4.3077e-08 -7.3658 1.3036e-09 -2.1457 -2.1457 -Infinity -Infinity 0.0000e+00 14
  545 4.3077e-08 -7.3658 1.3427e-09 -2.1457 -2.1457 -Infinity -Infinity 0.0000e+00 14
  546 4.4419e-08 -7.3524 1.3427e-09 -2.1457 -2.1457 -Infinity -Infinity 0.0000e+00 14
  546 4.4419e-08 -7.3524 1.3830e-09 -2.1457 -2.1457 -Infinity -Infinity 0.0000e+00 14
  546 4.4419e-08 -7.3524 2.4891e-10 -2.1457 -2.1457 -Infinity -Infinity 0.0000e+00 14
  547 4.4668e-08 -7.3500 1.3830e-09 -2.1455 -2.1455 -Infinity -Infinity 0.0000e+00 14
  547 4.4668e-08 -7.3500 1.4245e-09 -2.1455 -2.1455 -Infinity -Infinity 0.0000e+00 14
  548 4.6093e-08 -7.3364 1.4245e-09 -2.1456 -2.1456 -Infinity -Infinity 0.0000e+00 14
  548 4.6093e-08 -7.3364 1.4673e-09 -2.1456 -2.1456 -Infinity -Infinity 0.0000e+00 14
  549 4.7560e-08 -7.3228 1.4673e-09 -2.1457 -2.1457 -Infinity -Infinity 0.0000e+00 14
  549 4.7560e-08 -7.3228 1.5113e-09 -2.1457 -2.1457 -Infinity -Infinity 0.0000e+00 14
  550 4.9071e-08 -7.3092 1.5113e-09 -2.1458 -2.1458 -Infinity -Infinity 0.0000e+00 14
  550 4.9071e-08 -7.3092 1.5566e-09 -2.1458 -2.1458 -Infinity -Infinity 0.0000e+00 14
  551 5.0628e-08 -7.2956 1.5566e-09 -2.1459 -2.1459 -Infinity -Infinity 0.0000e+00 14
  551 5.0628e-08 -7.2956 1.6033e-09 -2.1459 -2.1459 -Infinity -Infinity 0.0000e+00 14
  552 5.2231e-08 -7.2821 1.6033e-09 -2.1459 -2.1459 -Infinity -Infinity 0.0000e+00 14
  552 5.2231e-08 -7.2821 1.6514e-09 -2.1459 -2.1459 -Infinity -Infinity 0.0000e+00 14
  553 5.3883e-08 -7.2686 1.6514e-09 -2.1460 -2.1460 -Infinity -Infinity 0.0000e+00 14
  553 5.3883e-08 -7.2686 1.7010e-09 -2.1460 -2.1460 -Infinity -Infinity 0.0000e+00 14
  554 5.5584e-08 -7.2551 1.7010e-09 -2.1460 -2.1460 -Infinity -Infinity 0.0000e+00 14
  554 5.5584e-08 -7.2551 1.7520e-09 -2.1460 -2.1460 -Infinity -Infinity 0.0000e+00 14
  555 5.7336e-08 -7.2416 1.7520e-09 -2.1460 -2.1460 -Infinity -Infinity 0.0000e+00 14
  555 5.7336e-08 -7.2416 1.8045e-09 -2.1460 -2.1460 -Infinity -Infinity 0.0000e+00 14
  556 5.9140e-08 -7.2281 1.8045e-09 -2.1460 -2.1460 -Infinity -Infinity 0.0000e+00 16
  556 5.9140e-08 -7.2281 1.8587e-09 -2.1460 -2.1460 -Infinity -Infinity 0.0000e+00 16
  557 6.0999e-08 -7.2147 1.8587e-09 -2.1461 -2.1461 -Infinity -Infinity 0.0000e+00 16
  557 6.0999e-08 -7.2147 1.9144e-09 -2.1461 -2.1461 -Infinity -Infinity 0.0000e+00 16
  558 6.2913e-08 -7.2013 1.9144e-09 -2.1461 -2.1461 -Infinity -Infinity 0.0000e+00 16
  558 6.2913e-08 -7.2013 1.9719e-09 -2.1461 -2.1461 -Infinity -Infinity 0.0000e+00 16
  558 6.2913e-08 -7.2013 1.8238e-10 -2.1461 -2.1461 -Infinity -Infinity 0.0000e+00 16
  559 6.3096e-08 -7.2000 1.9719e-09 -2.1460 -2.1460 -Infinity -Infinity 0.0000e+00 16
  559 6.3096e-08 -7.2000 2.0310e-09 -2.1460 -2.1460 -Infinity -Infinity 0.0000e+00 16
  560 6.5127e-08 -7.1862 2.0310e-09 -2.1461 -2.1461 -Infinity -Infinity 0.0000e+00 16
  560 6.5127e-08 -7.1862 2.0920e-09 -2.1461 -2.1461 -Infinity -Infinity 0.0000e+00 16
  561 6.7219e-08 -7.1725 2.0920e-09 -2.1461 -2.1461 -Infinity -Infinity 0.0000e+00 16
  561 6.7219e-08 -7.1725 2.1547e-09 -2.1461 -2.1461 -Infinity -Infinity 0.0000e+00 16
  562 6.9373e-08 -7.1588 2.1547e-09 -2.1462 -2.1462 -Infinity -Infinity 0.0000e+00 16
  562 6.9373e-08 -7.1588 2.2194e-09 -2.1462 -2.1462 -Infinity -Infinity 0.0000e+00 16
  563 7.1593e-08 -7.1451 2.2194e-09 -2.1462 -2.1462 -Infinity -Infinity 0.0000e+00 16
  563 7.1593e-08 -7.1451 2.2859e-09 -2.1462 -2.1462 -Infinity -Infinity 0.0000e+00 16
  564 7.3879e-08 -7.1315 2.2859e-09 -2.1463 -2.1463 -Infinity -Infinity 0.0000e+00 16
  564 7.3879e-08 -7.1315 2.3545e-09 -2.1463 -2.1463 -Infinity -Infinity 0.0000e+00 16
  565 7.6233e-08 -7.1179 2.3545e-09 -2.1463 -2.1463 -Infinity -Infinity 0.0000e+00 16
  565 7.6233e-08 -7.1179 2.4252e-09 -2.1463 -2.1463 -Infinity -Infinity 0.0000e+00 16
  566 7.8658e-08 -7.1043 2.4252e-09 -2.1464 -2.1464 -Infinity -Infinity 0.0000e+00 16
  566 7.8658e-08 -7.1043 2.4979e-09 -2.1464 -2.1464 -Infinity -Infinity 0.0000e+00 16
  567 8.1156e-08 -7.0907 2.4979e-09 -2.1464 -2.1464 -Infinity -Infinity 0.0000e+00 16
  567 8.1156e-08 -7.0907 2.5728e-09 -2.1464 -2.1464 -Infinity -Infinity 0.0000e+00 16
  568 8.3729e-08 -7.0771 2.5728e-09 -2.1464 -2.1464 -Infinity -Infinity 0.0000e+00 16
  568 8.3729e-08 -7.0771 2.6500e-09 -2.1464 -2.1464 -Infinity -Infinity 0.0000e+00 16
  569 8.6379e-08 -7.0636 2.6500e-09 -2.1465 -2.1465 -Infinity -Infinity 0.0000e+00 16
  569 8.6379e-08 -7.0636 2.7295e-09 -2.1465 -2.1465 -Infinity -Infinity 0.0000e+00 16
  570 8.9109e-08 -7.0501 2.7295e-09 -2.1465 -2.1465 -Infinity -Infinity 0.0000e+00 16
  570 8.9109e-08 -7.0501 2.8114e-09 -2.1465 -2.1465 -Infinity -Infinity 0.0000e+00 16
  570 8.9109e-08 -7.0501 1.6357e-11 -2.1465 -2.1465 -Infinity -Infinity 0.0000e+00 16
  571 8.9125e-08 -7.0500 2.8114e-09 -2.1464 -2.1464 -Infinity -Infinity 0.0000e+00 16
  571 8.9125e-08 -7.0500 2.8958e-09 -2.1464 -2.1464 -Infinity -Infinity 0.0000e+00 16
  572 9.2021e-08 -7.0361 2.8958e-09 -2.1465 -2.1465 -Infinity -Infinity 0.0000e+00 16
  572 9.2021e-08 -7.0361 2.9826e-09 -2.1465 -2.1465 -Infinity -Infinity 0.0000e+00 16
  573 9.5003e-08 -7.0223 2.9826e-09 -2.1466 -2.1466 -Infinity -Infinity 0.0000e+00 16
  573 9.5003e-08 -7.0223 3.0721e-09 -2.1466 -2.1466 -Infinity -Infinity 0.0000e+00 16
  574 9.8076e-08 -7.0084 3.0721e-09 -2.1467 -2.1467 -Infinity -Infinity 0.0000e+00 16
  574 9.8076e-08 -7.0084 3.1643e-09 -2.1467 -2.1467 -Infinity -Infinity 0.0000e+00 16
