#     Steps     t        logt       dt     logY0[6] logY[6] logF+  logF-     dF    log|dF| sumXtr  asy eq   it
3774:  394 6.33089e-09 -8.1985 1.94696e-11 -2.1856 -2.1856 7.2123 7.2059 2.3623e+05 5.3733 1.0000   0   0 2/249
3774:  395 6.36906e-09 -8.1959 1.90802e-11 -2.1850 -2.1850 7.2128 7.2065 2.3294e+05 5.3672 1.0000   0   0 2/251
3774:  396 6.40645e-09 -8.1934 1.86986e-11 -2.1845 -2.1845 7.2133 7.2071 2.2977e+05 5.3613 1.0000   0   0 2/253
3774:  397 6.44310e-09 -8.1909 1.83246e-11 -2.1839 -2.1839 7.2138 7.2077 2.2670e+05 5.3555 1.0000   0   0 2/255
3774:  398 6.49441e-09 -8.1875 2.56544e-11 -2.1832 -2.1832 7.2144 7.2084 2.2312e+05 5.3485 1.0000   0   0 1/256
3774:  399 6.54469e-09 -8.1841 2.51413e-11 -2.1825 -2.1825 7.2150 7.2092 2.1906e+05 5.3406 1.0000   0   0 2/258
3774:  400 6.59397e-09 -8.1809 2.46385e-11 -2.1818 -2.1818 7.2156 7.2099 2.1516e+05 5.3328 1.0000   0   0 2/260
3774:  401 6.64226e-09 -8.1777 2.41457e-11 -2.1811 -2.1811 7.2162 7.2106 2.1141e+05 5.3251 1.0000   0   0 2/262
3774:  402 6.68959e-09 -8.1746 2.36628e-11 -2.1804 -2.1804 7.2168 7.2113 2.0782e+05 5.3177 1.0000   0   0 2/264
3774:  403 6.73597e-09 -8.1716 2.31896e-11 -2.1798 -2.1798 7.2174 7.2119 2.0436e+05 5.3104 1.0000   0   0 2/266
3774:  404 6.78142e-09 -8.1687 2.27258e-11 -2.1792 -2.1792 7.2179 7.2126 2.0103e+05 5.3033 1.0000   0   0 2/268
3774:  405 6.82596e-09 -8.1658 2.22713e-11 -2.1786 -2.1786 7.2184 7.2132 1.9783e+05 5.2963 1.0000   0   0 2/270
3774:  406 6.86961e-09 -8.1631 2.18258e-11 -2.1780 -2.1780 7.2189 7.2138 1.9475e+05 5.2895 1.0000   0   0 2/272
3774:  407 6.91239e-09 -8.1604 2.13893e-11 -2.1775 -2.1775 7.2194 7.2143 1.9179e+05 5.2828 1.0000   0   0 2/274
3774:  408 6.95431e-09 -8.1577 2.09615e-11 -2.1769 -2.1769 7.2198 7.2149 1.8893e+05 5.2763 1.0000   0   0 2/276
3774:  409 6.99540e-09 -8.1552 2.05423e-11 -2.1764 -2.1764 7.2203 7.2154 1.8617e+05 5.2699 1.0000   0   0 2/278
3774:  410 7.03566e-09 -8.1527 2.01315e-11 -2.1759 -2.1759 7.2207 7.2159 1.8352e+05 5.2637 1.0000   0   0 2/280
3774:  411 7.07512e-09 -8.1503 1.97288e-11 -2.1755 -2.1755 7.2211 7.2164 1.8096e+05 5.2576 1.0000   0   0 2/282
3774:  412 7.11379e-09 -8.1479 1.93343e-11 -2.1750 -2.1750 7.2215 7.2169 1.7849e+05 5.2516 1.0000   0   0 2/284
3774:  413 7.15168e-09 -8.1456 1.89476e-11 -2.1746 -2.1746 7.2219 7.2173 1.7610e+05 5.2458 1.0000   0   0 2/286
3774:  414 7.18882e-09 -8.1433 1.85686e-11 -2.1741 -2.1741 7.2223 7.2177 1.7380e+05 5.2400 1.0000   0   0 2/288
3774:  415 7.22521e-09 -8.1411 1.81972e-11 -2.1737 -2.1737 7.2227 7.2182 1.7157e+05 5.2344 1.0000   0   0 2/290
3774:  416 7.27617e-09 -8.1381 2.54761e-11 -2.1732 -2.1732 7.2231 7.2187 1.6897e+05 5.2278 1.0000   0   0 1/291
3774:  417 7.32610e-09 -8.1351 2.49666e-11 -2.1727 -2.1727 7.2236 7.2192 1.6601e+05 5.2201 1.0000   0   0 2/293
3774:  418 7.37503e-09 -8.1322 2.44673e-11 -2.1722 -2.1722 7.2240 7.2198 1.6317e+05 5.2126 1.0000   0   0 2/295
3774:  419 7.42299e-09 -8.1294 2.39779e-11 -2.1717 -2.1717 7.2245 7.2203 1.6044e+05 5.2053 1.0000   0   0 2/297
3774:  420 7.46999e-09 -8.1267 2.34984e-11 -2.1712 -2.1712 7.2249 7.2208 1.5781e+05 5.1981 1.0000   0   0 2/299
3774:  421 7.51604e-09 -8.1240 2.30284e-11 -2.1707 -2.1707 7.2253 7.2213 1.5528e+05 5.1911 1.0000   0   0 2/301
3774:  422 7.56118e-09 -8.1214 2.25678e-11 -2.1702 -2.1702 7.2257 7.2218 1.5285e+05 5.1843 1.0000   0   0 2/303
3774:  423 7.60541e-09 -8.1189 2.21165e-11 -2.1698 -2.1698 7.2261 7.2222 1.5050e+05 5.1775 1.0000   0   0 2/305
3774:  424 7.64876e-09 -8.1164 2.16742e-11 -2.1694 -2.1694 7.2265 7.2226 1.4824e+05 5.1710 1.0000   0   0 2/307
3774:  425 7.69124e-09 -8.1140 2.12407e-11 -2.1690 -2.1690 7.2268 7.2231 1.4606e+05 5.1645 1.0000   0   0 2/309
3774:  426 7.73287e-09 -8.1117 2.08159e-11 -2.1686 -2.1686 7.2272 7.2235 1.4396e+05 5.1582 1.0000   0   0 2/311
3774:  427 7.77367e-09 -8.1094 2.03995e-11 -2.1682 -2.1682 7.2275 7.2238 1.4193e+05 5.1521 1.0000   0   0 2/313
3774:  428 7.81366e-09 -8.1071 1.99916e-11 -2.1678 -2.1678 7.2278 7.2242 1.3998e+05 5.1461 1.0000   0   0 2/315
3774:  429 7.85284e-09 -8.1050 1.95917e-11 -2.1675 -2.1675 7.2281 7.2246 1.3809e+05 5.1402 1.0000   0   0 2/317
3774:  430 7.89124e-09 -8.1029 1.91999e-11 -2.1671 -2.1671 7.2284 7.2249 1.3626e+05 5.1344 1.0000   0   0 2/319
3774:  431 7.92887e-09 -8.1008 1.88159e-11 -2.1668 -2.1668 7.2287 7.2253 1.3450e+05 5.1287 1.0000   0   0 2/321
3774:  432 7.96575e-09 -8.0988 1.84396e-11 -2.1665 -2.1665 7.2290 7.2256 1.3280e+05 5.1232 1.0000   0   0 2/323
3774:  433 8.01738e-09 -8.0960 2.58154e-11 -2.1661 -2.1661 7.2294 7.2260 1.3080e+05 5.1166 1.0000   0   0 1/324
3774:  434 8.06798e-09 -8.0932 2.52991e-11 -2.1657 -2.1657 7.2297 7.2264 1.2854e+05 5.1090 1.0000   0   0 2/326
3774:  435 8.11757e-09 -8.0906 2.47931e-11 -2.1653 -2.1653 7.2301 7.2268 1.2636e+05 5.1016 1.0000   0   0 2/328
3774:  436 8.16616e-09 -8.0880 2.42973e-11 -2.1649 -2.1649 7.2304 7.2272 1.2427e+05 5.0943 1.0000   0   0 2/330
3774:  437 8.21378e-09 -8.0855 2.38113e-11 -2.1645 -2.1645 7.2308 7.2276 1.2225e+05 5.0872 1.0000   0   0 2/332
3774:  438 8.26045e-09 -8.0830 2.33351e-11 -2.1642 -2.1642 7.2311 7.2280 1.2030e+05 5.0803 1.0000   0   0 2/334
3774:  439 8.30619e-09 -8.0806 2.28684e-11 -2.1638 -2.1638 7.2314 7.2284 1.1843e+05 5.0735 1.0000   0   0 2/336
3774:  440 8.35101e-09 -8.0783 2.24110e-11 -2.1635 -2.1635 7.2317 7.2287 1.1663e+05 5.0668 1.0000   0   0 2/338
3774:  441 8.44066e-09 -8.0736 4.48220e-11 -2.1637 -2.1637 6.1472 6.1879 -1.3772e+05 5.1390 1.0000   0   1 0/338
3774:  442 8.61994e-09 -8.0645 8.96440e-11 -2.1649 -2.1649 6.1495 6.1873 -1.2847e+05 5.1088 1.0000   0   2 0/338
3774:  443 8.97852e-09 -8.0468 1.79288e-10 -2.1670 -2.1670 6.1532 6.1863 -1.1272e+05 5.0520 1.0000   1   2 0/338
3774:  444 9.69567e-09 -8.0134 3.58576e-10 -2.1708 -2.1708 6.1584 6.1847 -8.9911e+04 4.9538 1.0002   1   2 0/338
3774:  445 1.06652e-08 -7.9720 4.84784e-10 -2.1757 -2.1757 6.1622 6.1827 -7.0126e+04 4.8459 1.0008   1   2 0/338
3774:  446 1.17318e-08 -7.9306 5.33262e-10 -2.1808 -2.1808 6.1633 6.1801 -5.7457e+04 4.7593 1.0016   3   2 0/338
3774:  447 1.29049e-08 -7.8892 5.86588e-10 -2.1856 -2.1856 6.1631 6.1771 -4.7858e+04 4.6800 1.0018   3   1 0/338
3774:  448 1.41954e-08 -7.8479 6.45247e-10 -2.1896 -2.1896 6.1624 6.1755 -4.4645e+04 4.6498 1.0002   4   1 0/338
3774:  449 1.56150e-08 -7.8065 7.09772e-10 -2.1940 -2.1940 6.1615 6.1728 -3.8202e+04 4.5821 1.0012   4   1 0/338
3774:  450 1.71765e-08 -7.7651 7.80749e-10 -2.1981 -2.1981 6.1605 6.1701 -3.2553e+04 4.5126 1.0011   4   1 0/338
3774:  451 1.88941e-08 -7.7237 8.58824e-10 -2.2020 -2.2020 6.1595 6.1677 -2.7534e+04 4.4399 1.0009   4   1 0/338
3774:  452 2.07835e-08 -7.6823 9.44706e-10 -2.2056 -2.2056 6.1585 6.1655 -2.3114e+04 4.3639 1.0008   4   1 0/338
