#   Steps      t       XcorrFac      XsumXtrue
gnu: 465 8.228123e-09 9.996941e-01 1.000306e+00
gnu: 466 8.511380e-09 9.997409e-01 1.000259e+00
gnu: 467 8.813568e-09 9.996997e-01 1.000300e+00
gnu: 468 9.120108e-09 9.997097e-01 1.000290e+00
gnu: 469 9.440699e-09 9.997180e-01 1.000282e+00
gnu: 470 9.770907e-09 9.997256e-01 1.000274e+00
gnu: 471 9.772372e-09 1.000000e+00 1.000000e+00
gnu: 472 1.012269e-08 9.997381e-01 1.000262e+00
gnu: 473 1.047129e-08 9.997719e-01 1.000228e+00
gnu: 474 1.084294e-08 9.997499e-01 1.000250e+00
gnu: 475 1.122018e-08 9.997616e-01 1.000238e+00
gnu: 476 1.161447e-08 9.997735e-01 1.000227e+00
gnu: 477 1.202059e-08 9.997838e-01 1.000216e+00
gnu: 478 1.202264e-08 1.000000e+00 1.000000e+00
gnu: 479 1.245349e-08 9.997998e-01 1.000200e+00
gnu: 480 1.288250e-08 9.998220e-01 1.000178e+00
gnu: 481 1.333958e-08 9.997038e-01 1.000296e+00
gnu: 482 1.380384e-08 9.997143e-01 1.000286e+00
gnu: 483 1.428876e-08 9.997282e-01 1.000272e+00
gnu: 484 1.478823e-08 9.997441e-01 1.000256e+00
gnu: 485 1.479108e-08 1.000000e+00 1.000000e+00
gnu: 486 1.532097e-08 9.998337e-01 1.000166e+00
gnu: 487 1.584893e-08 9.997912e-01 1.000209e+00
gnu: 488 1.641109e-08 9.997969e-01 1.000203e+00
gnu: 489 1.698244e-08 9.998091e-01 1.000191e+00
gnu: 490 1.757883e-08 9.998241e-01 1.000176e+00
gnu: 491 1.819311e-08 9.998402e-01 1.000160e+00
gnu: 492 1.819701e-08 1.000000e+00 1.000000e+00
gnu: 493 1.884870e-08 9.998933e-01 1.000107e+00
gnu: 494 1.949845e-08 9.998836e-01 1.000116e+00
gnu: 495 2.018983e-08 9.998867e-01 1.000113e+00
gnu: 496 2.089296e-08 9.998977e-01 1.000102e+00
gnu: 497 2.162645e-08 9.999102e-01 1.000090e+00
gnu: 498 2.238194e-08 9.999234e-01 1.000077e+00
gnu: 499 2.238721e-08 1.000000e+00 1.000000e+00
gnu: 500 2.318871e-08 9.999545e-01 1.000045e+00
gnu: 501 2.398833e-08 9.999158e-01 1.000084e+00
gnu: 502 2.483864e-08 9.999217e-01 1.000078e+00
gnu: 503 2.570396e-08 9.998123e-01 1.000188e+00
gnu: 504 2.660606e-08 9.997600e-01 1.000240e+00
gnu: 505 2.753522e-08 9.997056e-01 1.000294e+00
gnu: 506 2.754229e-08 9.999090e-01 1.000091e+00
gnu: 507 2.852803e-08 9.993677e-01 1.000633e+00
gnu: 508 2.951209e-08 9.993213e-01 1.000679e+00
gnu: 509 3.055787e-08 9.992643e-01 1.000736e+00
gnu: 510 3.162278e-08 9.992382e-01 1.000762e+00
gnu: 511 3.273224e-08 9.990524e-01 1.000948e+00
gnu: 512 3.387499e-08 9.990490e-01 1.000952e+00
gnu: 513 3.388442e-08 9.999219e-01 1.000078e+00
gnu: 514 3.509676e-08 9.990723e-01 1.000929e+00
gnu: 515 3.630781e-08 9.990582e-01 1.000943e+00
gnu: 516 3.759398e-08 9.990078e-01 1.000993e+00
gnu: 517 3.890451e-08 9.990027e-01 1.000998e+00
gnu: 518 4.026902e-08 9.989785e-01 1.001023e+00
gnu: 519 4.167446e-08 9.989636e-01 1.001037e+00
gnu: 520 4.168694e-08 9.999260e-01 1.000074e+00
gnu: 521 4.317797e-08 9.989863e-01 1.001015e+00
gnu: 522 4.466836e-08 9.989502e-01 1.001051e+00
gnu: 523 4.625019e-08 9.988855e-01 1.001116e+00
gnu: 524 4.786301e-08 9.988644e-01 1.001137e+00
gnu: 525 4.954118e-08 9.988341e-01 1.001167e+00
gnu: 526 5.126969e-08 9.988122e-01 1.001189e+00
gnu: 527 5.128614e-08 9.999198e-01 1.000080e+00
gnu: 528 5.311992e-08 9.988478e-01 1.001154e+00
gnu: 529 5.495409e-08 9.987606e-01 1.001241e+00
gnu: 530 5.689954e-08 9.989184e-01 1.001083e+00
gnu: 531 5.888437e-08 9.988886e-01 1.001113e+00
gnu: 532 6.094830e-08 9.988440e-01 1.001157e+00
gnu: 533 6.307415e-08 9.988052e-01 1.001196e+00
gnu: 534 6.309573e-08 9.999202e-01 1.000080e+00
gnu: 535 6.535105e-08 9.988116e-01 1.001190e+00
gnu: 536 6.760830e-08 9.988407e-01 1.001161e+00
gnu: 537 7.000096e-08 9.986768e-01 1.001325e+00
gnu: 538 7.244360e-08 9.986761e-01 1.001326e+00
gnu: 539 7.498198e-08 9.986307e-01 1.001371e+00
gnu: 540 7.759651e-08 9.986048e-01 1.001397e+00
gnu: 541 7.762471e-08 9.999004e-01 1.000100e+00
gnu: 542 8.039847e-08 9.986287e-01 1.001373e+00
gnu: 543 8.317638e-08 9.986254e-01 1.001376e+00
gnu: 544 8.611905e-08 9.984606e-01 1.001542e+00
gnu: 545 8.912509e-08 9.984534e-01 1.001549e+00
gnu: 546 9.224698e-08 9.984066e-01 1.001596e+00
gnu: 547 9.546252e-08 9.983755e-01 1.001627e+00
gnu: 548 9.549926e-08 9.998831e-01 1.000117e+00
gnu: 549 9.891063e-08 9.984301e-01 1.001572e+00
gnu: 550 1.023293e-07 9.983921e-01 1.001610e+00
gnu: 551 1.059484e-07 9.982258e-01 1.001777e+00
gnu: 552 1.096478e-07 9.982127e-01 1.001790e+00
gnu: 553 1.134873e-07 9.981636e-01 1.001840e+00
gnu: 554 1.174421e-07 9.981273e-01 1.001876e+00
gnu: 555 1.174898e-07 9.998654e-01 1.000135e+00
gnu: 556 1.216853e-07 9.982188e-01 1.001784e+00
gnu: 557 1.258925e-07 9.981413e-01 1.001862e+00
gnu: 558 1.303436e-07 9.979744e-01 1.002030e+00
gnu: 559 1.348963e-07 9.979559e-01 1.002048e+00
gnu: 560 1.396184e-07 9.979029e-01 1.002101e+00
gnu: 561 1.444822e-07 9.978623e-01 1.002142e+00
gnu: 562 1.445440e-07 9.998470e-01 1.000153e+00
gnu: 563 1.497040e-07 9.979977e-01 1.002006e+00
gnu: 564 1.548817e-07 9.978765e-01 1.002128e+00
gnu: 565 1.603559e-07 9.977097e-01 1.002296e+00
gnu: 566 1.659587e-07 9.976857e-01 1.002320e+00
gnu: 567 1.717663e-07 9.976279e-01 1.002378e+00
gnu: 568 1.777482e-07 9.975839e-01 1.002422e+00
gnu: 569 1.778279e-07 9.998248e-01 1.000175e+00
gnu: 570 1.841741e-07 9.977637e-01 1.002241e+00
gnu: 571 1.905461e-07 9.975997e-01 1.002406e+00
gnu: 572 1.972787e-07 9.974356e-01 1.002571e+00
gnu: 573 2.041738e-07 9.974050e-01 1.002602e+00
gnu: 574 2.113164e-07 9.973425e-01 1.002665e+00
gnu: 575 2.186734e-07 9.972958e-01 1.002712e+00
gnu: 576 2.187762e-07 9.998019e-01 1.000198e+00
gnu: 577 2.265811e-07 9.975256e-01 1.002481e+00
gnu: 578 2.344229e-07 9.973179e-01 1.002689e+00
gnu: 579 2.427032e-07 9.971561e-01 1.002852e+00
gnu: 580 2.511886e-07 9.971181e-01 1.002890e+00
gnu: 581 2.599732e-07 9.970515e-01 1.002957e+00
gnu: 582 2.690213e-07 9.970024e-01 1.003007e+00
gnu: 583 2.691535e-07 9.997791e-01 1.000221e+00
gnu: 584 2.787526e-07 9.972893e-01 1.002718e+00
gnu: 585 2.884032e-07 9.970355e-01 1.002973e+00
gnu: 586 2.985869e-07 9.968757e-01 1.003134e+00
gnu: 587 3.090295e-07 9.968296e-01 1.003181e+00
gnu: 588 3.198334e-07 9.967595e-01 1.003251e+00
gnu: 589 3.309615e-07 9.967081e-01 1.003303e+00
gnu: 590 3.311311e-07 9.997568e-01 1.000243e+00
gnu: 591 3.429368e-07 9.970605e-01 1.002948e+00
gnu: 592 3.548134e-07 9.967566e-01 1.003254e+00
gnu: 593 3.673381e-07 9.965981e-01 1.003413e+00
gnu: 594 3.801894e-07 9.965434e-01 1.003469e+00
gnu: 595 3.934768e-07 9.964703e-01 1.003542e+00
gnu: 596 4.071629e-07 9.964164e-01 1.003596e+00
gnu: 597 4.073803e-07 9.997355e-01 1.000265e+00
gnu: 598 4.218998e-07 9.968446e-01 1.003165e+00
gnu: 599 4.365158e-07 9.964841e-01 1.003528e+00
gnu: 600 4.519196e-07 9.963263e-01 1.003687e+00
gnu: 601 4.677351e-07 9.962630e-01 1.003751e+00
gnu: 602 4.840770e-07 9.961868e-01 1.003828e+00
gnu: 603 5.009091e-07 9.961303e-01 1.003885e+00
gnu: 604 5.011872e-07 9.997155e-01 1.000285e+00
gnu: 605 5.190444e-07 9.966464e-01 1.003365e+00
gnu: 606 5.370318e-07 9.962198e-01 1.003795e+00
gnu: 607 5.559765e-07 9.960616e-01 1.003954e+00
gnu: 608 5.754399e-07 9.959905e-01 1.004026e+00
gnu: 609 5.955384e-07 9.959104e-01 1.004106e+00
gnu: 610 6.162398e-07 9.958514e-01 1.004166e+00
gnu: 611 6.165950e-07 9.996971e-01 1.000303e+00
gnu: 612 6.385571e-07 9.964697e-01 1.003543e+00
gnu: 613 6.606934e-07 9.959641e-01 1.004052e+00
gnu: 614 6.839930e-07 9.958042e-01 1.004213e+00
gnu: 615 7.079458e-07 9.957266e-01 1.004292e+00
gnu: 616 7.326643e-07 9.956410e-01 1.004378e+00
gnu: 617 7.581244e-07 9.955797e-01 1.004440e+00
gnu: 618 7.585776e-07 9.996802e-01 1.000320e+00
gnu: 619 7.855882e-07 9.963181e-01 1.003695e+00
gnu: 620 8.128305e-07 9.957156e-01 1.004303e+00
gnu: 621 8.414861e-07 9.955526e-01 1.004467e+00
gnu: 622 8.709636e-07 9.954706e-01 1.004550e+00
gnu: 623 9.004788e-07 9.955038e-01 1.004517e+00
gnu: 624 9.299940e-07 9.955927e-01 1.004427e+00
gnu: 625 9.332543e-07 9.992983e-01 1.000702e+00
gnu: 626 9.636550e-07 9.964549e-01 1.003558e+00
gnu: 627 9.940557e-07 9.959401e-01 1.004076e+00
gnu: 628 1.000000e-06 9.990317e-01 1.000969e+00
