#    Steps      t           XcorrFac     sumXtrue
gnu:  458  1.007059e-08   9.998796e-01   1.000120e+00
gnu:  459  1.011296e-08   1.000000e+00   1.000000e+00
gnu:  460  1.017228e-08   9.999978e-01   1.000002e+00
gnu:  461  1.025532e-08   9.999969e-01   1.000003e+00
gnu:  462  1.034955e-08   9.999966e-01   1.000003e+00
gnu:  463  1.045143e-08   9.999964e-01   1.000004e+00
gnu:  464  1.055862e-08   9.999909e-01   1.000009e+00
gnu:  465  1.061009e-08   1.000000e+00   1.000000e+00
gnu:  466  1.068215e-08   9.999977e-01   1.000002e+00
gnu:  467  1.078304e-08   9.999965e-01   1.000004e+00
gnu:  468  1.089090e-08   9.999914e-01   1.000009e+00
gnu:  469  1.096489e-08   9.999967e-01   1.000003e+00
gnu:  470  1.104170e-08   9.999977e-01   1.000002e+00
gnu:  471  1.114923e-08   9.999915e-01   1.000008e+00
gnu:  472  1.121328e-08   9.999975e-01   1.000003e+00
gnu:  473  1.129796e-08   9.999973e-01   1.000003e+00
gnu:  474  1.140994e-08   9.999915e-01   1.000009e+00
gnu:  475  1.148675e-08   9.999968e-01   1.000003e+00
gnu:  476  1.156971e-08   9.999977e-01   1.000002e+00
gnu:  477  1.168585e-08   9.999915e-01   1.000009e+00
gnu:  478  1.176553e-08   9.999967e-01   1.000003e+00
gnu:  479  1.188777e-08   9.999906e-01   1.000009e+00
gnu:  480  1.197162e-08   9.999965e-01   1.000004e+00
gnu:  481  1.209267e-08   9.999913e-01   1.000009e+00
gnu:  482  1.217571e-08   9.999967e-01   1.000003e+00
gnu:  483  1.230392e-08   9.999908e-01   1.000009e+00
gnu:  484  1.239188e-08   9.999964e-01   1.000004e+00
gnu:  485  1.251961e-08   9.999914e-01   1.000009e+00
gnu:  486  1.260723e-08   9.999966e-01   1.000003e+00
gnu:  487  1.274216e-08   9.999910e-01   1.000009e+00
gnu:  488  1.283473e-08   9.999964e-01   1.000004e+00
gnu:  489  1.296969e-08   9.999916e-01   1.000008e+00
gnu:  490  1.306228e-08   9.999966e-01   1.000003e+00
gnu:  491  1.320465e-08   9.999912e-01   1.000009e+00
gnu:  492  1.330232e-08   9.999964e-01   1.000004e+00
gnu:  493  1.344517e-08   9.999918e-01   1.000008e+00
gnu:  494  1.354316e-08   9.999965e-01   1.000003e+00
gnu:  495  1.369378e-08   9.999914e-01   1.000009e+00
gnu:  496  1.378183e-08   9.999971e-01   1.000003e+00
gnu:  497  1.393954e-08   9.999907e-01   1.000009e+00
gnu:  498  1.403836e-08   9.999966e-01   1.000003e+00
gnu:  499  1.419370e-08   9.999919e-01   1.000008e+00
gnu:  500  1.425368e-08   9.999986e-01   1.000001e+00
gnu:  501  1.431246e-08   9.999991e-01   1.000001e+00
gnu:  502  1.437006e-08   9.999993e-01   1.000001e+00
gnu:  503  1.448527e-08   1.000001e+00   9.999995e-01
gnu:  504  1.459834e-08   9.999938e-01   1.000006e+00
gnu:  505  1.470915e-08   9.999938e-01   1.000006e+00
gnu:  506  1.481774e-08   9.999941e-01   1.000006e+00
gnu:  507  1.492416e-08   9.999945e-01   1.000006e+00
gnu:  508  1.502845e-08   9.999948e-01   1.000005e+00
gnu:  509  1.513066e-08   9.999975e-01   1.000002e+00
gnu:  510  1.533507e-08   9.999895e-01   1.000011e+00
gnu:  511  1.543323e-08   9.999970e-01   1.000003e+00
gnu:  512  1.560768e-08   9.999924e-01   1.000008e+00
gnu:  513  1.572736e-08   9.999935e-01   1.000007e+00
gnu:  514  1.584464e-08   9.999943e-01   1.000006e+00
gnu:  515  1.595958e-08   9.999947e-01   1.000005e+00
gnu:  516  1.607221e-08   9.999951e-01   1.000005e+00
gnu:  517  1.622991e-08   9.999918e-01   1.000008e+00
gnu:  518  1.633808e-08   9.999951e-01   1.000005e+00
gnu:  519  1.648953e-08   9.999926e-01   1.000007e+00
gnu:  520  1.663795e-08   9.999925e-01   1.000008e+00
gnu:  521  1.678340e-08   9.999929e-01   1.000007e+00
gnu:  522  1.692594e-08   9.999933e-01   1.000007e+00
gnu:  523  1.706563e-08   9.999938e-01   1.000006e+00
gnu:  524  1.720253e-08   9.999942e-01   1.000006e+00
gnu:  525  1.733669e-08   9.999946e-01   1.000005e+00
gnu:  526  1.746816e-08   9.999949e-01   1.000005e+00
gnu:  527  1.765223e-08   9.999916e-01   1.000008e+00
gnu:  528  1.777850e-08   9.999949e-01   1.000005e+00
gnu:  529  1.795527e-08   9.999925e-01   1.000008e+00
gnu:  530  1.812851e-08   9.999923e-01   1.000008e+00
gnu:  531  1.829829e-08   9.999928e-01   1.000007e+00
gnu:  532  1.846467e-08   9.999933e-01   1.000007e+00
gnu:  533  1.862772e-08   9.999937e-01   1.000006e+00
gnu:  534  1.878752e-08   9.999941e-01   1.000006e+00
gnu:  535  1.894411e-08   9.999945e-01   1.000005e+00
gnu:  536  1.916335e-08   9.999910e-01   1.000009e+00
gnu:  537  1.933354e-08   9.999934e-01   1.000007e+00
gnu:  538  1.950032e-08   9.999943e-01   1.000006e+00
gnu:  539  1.966377e-08   9.999948e-01   1.000005e+00
gnu:  540  1.989260e-08   9.999915e-01   1.000009e+00
gnu:  541  2.008185e-08   9.999931e-01   1.000007e+00
gnu:  542  2.026732e-08   9.999939e-01   1.000006e+00
gnu:  543  2.044908e-08   9.999944e-01   1.000006e+00
gnu:  544  2.070354e-08   9.999909e-01   1.000009e+00
gnu:  545  2.086227e-08   9.999952e-01   1.000005e+00
gnu:  546  2.108450e-08   9.999933e-01   1.000007e+00
gnu:  547  2.127060e-08   9.999946e-01   1.000005e+00
gnu:  548  2.153114e-08   9.999917e-01   1.000008e+00
gnu:  549  2.177397e-08   9.999920e-01   1.000008e+00
gnu:  550  2.201194e-08   9.999927e-01   1.000007e+00
gnu:  551  2.224515e-08   9.999933e-01   1.000007e+00
gnu:  552  2.247369e-08   9.999938e-01   1.000006e+00
gnu:  553  2.279366e-08   9.999910e-01   1.000009e+00
gnu:  554  2.301316e-08   9.999941e-01   1.000006e+00
gnu:  555  2.332045e-08   9.999915e-01   1.000008e+00
gnu:  556  2.357766e-08   9.999931e-01   1.000007e+00
gnu:  557  2.382973e-08   9.999939e-01   1.000006e+00
gnu:  558  2.407675e-08   9.999943e-01   1.000006e+00
gnu:  559  2.442258e-08   9.999907e-01   1.000009e+00
gnu:  560  2.465983e-08   9.999943e-01   1.000006e+00
gnu:  561  2.499197e-08   9.999919e-01   1.000008e+00
gnu:  562  2.530071e-08   9.999922e-01   1.000008e+00
gnu:  563  2.560329e-08   9.999929e-01   1.000007e+00
gnu:  564  2.589981e-08   9.999934e-01   1.000007e+00
gnu:  565  2.619040e-08   9.999938e-01   1.000006e+00
gnu:  566  2.647518e-08   9.999943e-01   1.000006e+00
gnu:  567  2.687387e-08   9.999907e-01   1.000009e+00
gnu:  568  2.714737e-08   9.999942e-01   1.000006e+00
gnu:  569  2.753027e-08   9.999919e-01   1.000008e+00
gnu:  570  2.790552e-08   9.999915e-01   1.000008e+00
gnu:  571  2.827326e-08   9.999921e-01   1.000008e+00
gnu:  572  2.863364e-08   9.999927e-01   1.000007e+00
gnu:  573  2.898682e-08   9.999933e-01   1.000007e+00
gnu:  574  2.933293e-08   9.999938e-01   1.000006e+00
gnu:  575  2.967213e-08   9.999942e-01   1.000006e+00
gnu:  576  2.972799e-08   1.000003e+00   9.999970e-01
gnu:  577  2.981489e-08   1.000002e+00   9.999983e-01
gnu:  578  2.998869e-08   9.999999e-01   1.000000e+00
gnu:  579  3.033628e-08   9.999972e-01   1.000003e+00
gnu:  580  3.103147e-08   9.999886e-01   1.000011e+00
gnu:  581  3.136529e-08   9.999951e-01   1.000005e+00
gnu:  582  3.203295e-08   9.999901e-01   1.000010e+00
gnu:  583  3.249096e-08   9.999929e-01   1.000007e+00
gnu:  584  3.313218e-08   9.999901e-01   1.000010e+00
gnu:  585  3.320611e-08   9.999997e-01   1.000000e+00
gnu:  586  3.327856e-08   9.999999e-01   1.000000e+00
gnu:  587  3.334956e-08   9.999999e-01   1.000000e+00
gnu:  588  3.349157e-08   9.999996e-01   1.000000e+00
gnu:  589  3.377557e-08   9.999983e-01   1.000002e+00
gnu:  590  3.434359e-08   9.999933e-01   1.000007e+00
gnu:  591  3.490025e-08   9.999917e-01   1.000008e+00
gnu:  592  3.538745e-08   9.999933e-01   1.000007e+00
gnu:  593  3.592902e-08   9.999927e-01   1.000007e+00
gnu:  594  3.645976e-08   9.999927e-01   1.000007e+00
gnu:  595  3.694348e-08   9.999938e-01   1.000006e+00
gnu:  596  3.753117e-08   9.999922e-01   1.000008e+00
gnu:  597  3.810710e-08   9.999919e-01   1.000008e+00
gnu:  598  3.861806e-08   9.999934e-01   1.000007e+00
gnu:  599  3.920378e-08   9.999924e-01   1.000008e+00
gnu:  600  3.977778e-08   9.999924e-01   1.000008e+00
gnu:  601  4.030124e-08   9.999936e-01   1.000006e+00
gnu:  602  4.093531e-08   9.999919e-01   1.000008e+00
gnu:  603  4.155671e-08   9.999917e-01   1.000008e+00
gnu:  604  4.211226e-08   9.999932e-01   1.000007e+00
gnu:  605  4.275516e-08   9.999920e-01   1.000008e+00
gnu:  606  4.338520e-08   9.999920e-01   1.000008e+00
gnu:  607  4.396195e-08   9.999932e-01   1.000007e+00
gnu:  608  4.466203e-08   9.999914e-01   1.000009e+00
gnu:  609  4.534812e-08   9.999912e-01   1.000009e+00
gnu:  610  4.596455e-08   9.999928e-01   1.000007e+00
gnu:  611  4.667912e-08   9.999916e-01   1.000008e+00
gnu:  612  4.737940e-08   9.999915e-01   1.000008e+00
gnu:  613  4.802452e-08   9.999928e-01   1.000007e+00
gnu:  614  4.881298e-08   9.999908e-01   1.000009e+00
gnu:  615  4.935387e-08   9.999944e-01   1.000006e+00
gnu:  616  5.011111e-08   9.999923e-01   1.000008e+00
gnu:  617  5.085320e-08   9.999917e-01   1.000008e+00
gnu:  618  5.119801e-08   1.000012e+00   9.999881e-01
gnu:  619  5.133686e-08   1.000005e+00   9.999947e-01
gnu:  620  5.161457e-08   1.000007e+00   9.999935e-01
gnu:  621  5.200337e-08   1.000007e+00   9.999931e-01
gnu:  622  5.238439e-08   1.000004e+00   9.999961e-01
gnu:  623  5.275779e-08   1.000002e+00   9.999977e-01
gnu:  624  5.350459e-08   1.000007e+00   9.999931e-01
gnu:  625  5.499818e-08   1.000009e+00   9.999906e-01
gnu:  626  5.646191e-08   1.000005e+00   9.999954e-01
gnu:  627  5.851112e-08   1.000001e+00   9.999990e-01
gnu:  628  6.025418e-08   9.999935e-01   1.000006e+00
gnu:  629  6.144991e-08   9.999943e-01   1.000006e+00
gnu:  630  6.384138e-08   9.999850e-01   1.000015e+00
gnu:  631  6.467840e-08   9.999940e-01   1.000006e+00
gnu:  632  6.549867e-08   9.999951e-01   1.000005e+00
gnu:  633  6.630254e-08   9.999984e-01   1.000002e+00
gnu:  634  6.786800e-08   9.999910e-01   1.000009e+00
gnu:  635  6.861973e-08   9.999976e-01   1.000002e+00
gnu:  636  6.991096e-08   9.999924e-01   1.000008e+00
gnu:  637  7.075913e-08   9.999937e-01   1.000006e+00
gnu:  638  7.159033e-08   9.999941e-01   1.000006e+00
gnu:  639  7.240491e-08   9.999944e-01   1.000006e+00
gnu:  640  7.320320e-08   9.999973e-01   1.000003e+00
gnu:  641  7.475965e-08   9.999881e-01   1.000012e+00
gnu:  642  7.550706e-08   9.999965e-01   1.000004e+00
gnu:  643  7.669582e-08   9.999921e-01   1.000008e+00
gnu:  644  7.751131e-08   9.999935e-01   1.000007e+00
gnu:  645  7.831049e-08   9.999968e-01   1.000003e+00
gnu:  646  7.982092e-08   9.999880e-01   1.000012e+00
gnu:  647  8.054623e-08   9.999964e-01   1.000004e+00
gnu:  648  8.174927e-08   9.999915e-01   1.000009e+00
gnu:  649  8.257455e-08   9.999931e-01   1.000007e+00
gnu:  650  8.338332e-08   9.999937e-01   1.000006e+00
gnu:  651  8.417592e-08   9.999968e-01   1.000003e+00
gnu:  652  8.527024e-08   9.999931e-01   1.000007e+00
gnu:  653  8.602094e-08   9.999968e-01   1.000003e+00
gnu:  654  8.752191e-08   9.999876e-01   1.000012e+00
gnu:  655  8.824267e-08   9.999963e-01   1.000004e+00
gnu:  656  8.945740e-08   9.999912e-01   1.000009e+00
gnu:  657  9.028876e-08   9.999929e-01   1.000007e+00
gnu:  658  9.110348e-08   9.999937e-01   1.000006e+00
gnu:  659  9.190191e-08   9.999940e-01   1.000006e+00
gnu:  660  9.268438e-08   9.999968e-01   1.000003e+00
gnu:  661  9.424931e-08   9.999870e-01   1.000013e+00
gnu:  662  9.500078e-08   9.999960e-01   1.000004e+00
gnu:  663  9.619162e-08   9.999918e-01   1.000008e+00
gnu:  664  9.698673e-08   9.999936e-01   1.000006e+00
gnu:  665  9.776593e-08   9.999968e-01   1.000003e+00
gnu:  666  9.932434e-08   9.999872e-01   1.000013e+00
gnu:  667  1.000727e-07   9.999960e-01   1.000004e+00
gnu:  668  1.012881e-07   9.999916e-01   1.000008e+00
gnu:  669  1.020342e-07   9.999967e-01   1.000003e+00
gnu:  670  1.034967e-07   9.999886e-01   1.000011e+00
gnu:  671  1.041990e-07   9.999966e-01   1.000003e+00
gnu:  672  1.055065e-07   9.999904e-01   1.000010e+00
gnu:  673  1.061343e-07   9.999973e-01   1.000003e+00
gnu:  674  1.073900e-07   9.999909e-01   1.000009e+00
gnu:  675  1.082331e-07   9.999930e-01   1.000007e+00
gnu:  676  1.090594e-07   9.999938e-01   1.000006e+00
gnu:  677  1.098692e-07   9.999942e-01   1.000006e+00
gnu:  678  1.106627e-07   9.999944e-01   1.000006e+00
gnu:  679  1.114404e-07   9.999947e-01   1.000005e+00
gnu:  680  1.122025e-07   9.999972e-01   1.000003e+00
gnu:  681  1.137267e-07   9.999883e-01   1.000012e+00
gnu:  682  1.144587e-07   9.999964e-01   1.000004e+00
gnu:  683  1.157659e-07   9.999910e-01   1.000009e+00
gnu:  684  1.163936e-07   9.999974e-01   1.000003e+00
gnu:  685  1.176491e-07   9.999913e-01   1.000009e+00
gnu:  686  1.184741e-07   9.999935e-01   1.000007e+00
gnu:  687  1.192826e-07   9.999943e-01   1.000006e+00
gnu:  688  1.200750e-07   9.999946e-01   1.000005e+00
gnu:  689  1.208515e-07   9.999949e-01   1.000005e+00
gnu:  690  1.216124e-07   9.999973e-01   1.000003e+00
gnu:  691  1.231344e-07   9.999888e-01   1.000011e+00
gnu:  692  1.238652e-07   9.999965e-01   1.000003e+00
gnu:  693  1.252201e-07   9.999907e-01   1.000009e+00
gnu:  694  1.252967e-07   1.000000e+00   1.000000e+00
gnu:  695  1.253717e-07   1.000000e+00   1.000000e+00
gnu:  696  1.254452e-07   1.000000e+00   1.000000e+00
gnu:  697  1.255922e-07   1.000000e+00   1.000000e+00
gnu:  698  1.258863e-07   9.999999e-01   1.000000e+00
gnu:  699  1.264744e-07   9.999989e-01   1.000001e+00
gnu:  700  1.276506e-07   9.999930e-01   1.000007e+00
gnu:  701  1.283970e-07   9.999970e-01   1.000003e+00
gnu:  702  1.298897e-07   9.999894e-01   1.000011e+00
gnu:  703  1.306065e-07   9.999967e-01   1.000003e+00
gnu:  704  1.320207e-07   9.999902e-01   1.000010e+00
gnu:  705  1.326998e-07   9.999971e-01   1.000003e+00
gnu:  706  1.340580e-07   9.999908e-01   1.000009e+00
gnu:  707  1.347102e-07   9.999974e-01   1.000003e+00
gnu:  708  1.360146e-07   9.999914e-01   1.000009e+00
gnu:  709  1.367282e-07   9.999971e-01   1.000003e+00
gnu:  710  1.381553e-07   9.999903e-01   1.000010e+00
gnu:  711  1.388406e-07   9.999971e-01   1.000003e+00
gnu:  712  1.402112e-07   9.999909e-01   1.000009e+00
gnu:  713  1.408694e-07   9.999974e-01   1.000003e+00
gnu:  714  1.421857e-07   9.999915e-01   1.000008e+00
gnu:  715  1.430887e-07   9.999929e-01   1.000007e+00
gnu:  716  1.439736e-07   9.999938e-01   1.000006e+00
gnu:  717  1.448408e-07   9.999941e-01   1.000006e+00
gnu:  718  1.456907e-07   9.999944e-01   1.000006e+00
gnu:  719  1.465236e-07   9.999946e-01   1.000005e+00
gnu:  720  1.473398e-07   9.999948e-01   1.000005e+00
gnu:  721  1.481398e-07   9.999951e-01   1.000005e+00
gnu:  722  1.492596e-07   9.999917e-01   1.000008e+00
gnu:  723  1.500279e-07   9.999949e-01   1.000005e+00
gnu:  724  1.511034e-07   9.999921e-01   1.000008e+00
gnu:  725  1.518412e-07   9.999973e-01   1.000003e+00
gnu:  726  1.533168e-07   9.999904e-01   1.000010e+00
gnu:  727  1.540254e-07   9.999971e-01   1.000003e+00
gnu:  728  1.554426e-07   9.999910e-01   1.000009e+00
gnu:  729  1.561231e-07   9.999973e-01   1.000003e+00
gnu:  730  1.574842e-07   9.999916e-01   1.000008e+00
gnu:  731  1.584179e-07   9.999928e-01   1.000007e+00
gnu:  732  1.593329e-07   9.999937e-01   1.000006e+00
gnu:  733  1.602296e-07   9.999940e-01   1.000006e+00
gnu:  734  1.611084e-07   9.999943e-01   1.000006e+00
gnu:  735  1.619696e-07   9.999945e-01   1.000005e+00
gnu:  736  1.628136e-07   9.999948e-01   1.000005e+00
gnu:  737  1.636407e-07   9.999950e-01   1.000005e+00
gnu:  738  1.647986e-07   9.999915e-01   1.000008e+00
gnu:  739  1.655930e-07   9.999948e-01   1.000005e+00
gnu:  740  1.667051e-07   9.999920e-01   1.000008e+00
gnu:  741  1.674680e-07   9.999952e-01   1.000005e+00
gnu:  742  1.685360e-07   9.999927e-01   1.000007e+00
gnu:  743  1.695827e-07   9.999923e-01   1.000008e+00
gnu:  744  1.706085e-07   9.999925e-01   1.000007e+00
gnu:  745  1.716137e-07   9.999928e-01   1.000007e+00
gnu:  746  1.725989e-07   9.999931e-01   1.000007e+00
gnu:  747  1.735643e-07   9.999934e-01   1.000007e+00
gnu:  748  1.745104e-07   9.999937e-01   1.000006e+00
gnu:  749  1.754376e-07   9.999940e-01   1.000006e+00
gnu:  750  1.763463e-07   9.999942e-01   1.000006e+00
gnu:  751  1.772368e-07   9.999945e-01   1.000006e+00
gnu:  752  1.781094e-07   9.999947e-01   1.000005e+00
gnu:  753  1.789647e-07   9.999949e-01   1.000005e+00
gnu:  754  1.801620e-07   9.999914e-01   1.000009e+00
gnu:  755  1.809833e-07   9.999947e-01   1.000005e+00
gnu:  756  1.821332e-07   9.999919e-01   1.000008e+00
gnu:  757  1.829221e-07   9.999951e-01   1.000005e+00
gnu:  758  1.840264e-07   9.999925e-01   1.000007e+00
gnu:  759  1.851087e-07   9.999922e-01   1.000008e+00
gnu:  760  1.861693e-07   9.999924e-01   1.000008e+00
gnu:  761  1.872087e-07   9.999927e-01   1.000007e+00
gnu:  762  1.882274e-07   9.999930e-01   1.000007e+00
gnu:  763  1.892256e-07   9.999933e-01   1.000007e+00
gnu:  764  1.902039e-07   9.999936e-01   1.000006e+00
gnu:  765  1.911626e-07   9.999939e-01   1.000006e+00
gnu:  766  1.921022e-07   9.999941e-01   1.000006e+00
gnu:  767  1.930229e-07   9.999944e-01   1.000006e+00
gnu:  768  1.939253e-07   9.999946e-01   1.000005e+00
gnu:  769  1.948096e-07   9.999948e-01   1.000005e+00
gnu:  770  1.960476e-07   9.999913e-01   1.000009e+00
gnu:  771  1.968969e-07   9.999946e-01   1.000005e+00
gnu:  772  1.980859e-07   9.999918e-01   1.000008e+00
gnu:  773  1.989015e-07   9.999950e-01   1.000005e+00
gnu:  774  2.000434e-07   9.999924e-01   1.000008e+00
gnu:  775  2.011625e-07   9.999920e-01   1.000008e+00
gnu:  776  2.022592e-07   9.999923e-01   1.000008e+00
gnu:  777  2.033339e-07   9.999926e-01   1.000007e+00
gnu:  778  2.043872e-07   9.999929e-01   1.000007e+00
gnu:  779  2.054194e-07   9.999932e-01   1.000007e+00
gnu:  780  2.064309e-07   9.999935e-01   1.000007e+00
gnu:  781  2.074222e-07   9.999937e-01   1.000006e+00
gnu:  782  2.083937e-07   9.999940e-01   1.000006e+00
gnu:  783  2.093458e-07   9.999943e-01   1.000006e+00
gnu:  784  2.102788e-07   9.999945e-01   1.000006e+00
gnu:  785  2.111932e-07   9.999947e-01   1.000005e+00
gnu:  786  2.124733e-07   9.999911e-01   1.000009e+00
gnu:  787  2.133514e-07   9.999944e-01   1.000006e+00
gnu:  788  2.145808e-07   9.999916e-01   1.000008e+00
gnu:  789  2.154242e-07   9.999949e-01   1.000005e+00
gnu:  790  2.166050e-07   9.999923e-01   1.000008e+00
gnu:  791  2.177621e-07   9.999919e-01   1.000008e+00
gnu:  792  2.188960e-07   9.999921e-01   1.000008e+00
gnu:  793  2.200073e-07   9.999925e-01   1.000008e+00
gnu:  794  2.210964e-07   9.999928e-01   1.000007e+00
gnu:  795  2.221637e-07   9.999931e-01   1.000007e+00
gnu:  796  2.232096e-07   9.999934e-01   1.000007e+00
gnu:  797  2.242346e-07   9.999936e-01   1.000006e+00
gnu:  798  2.252392e-07   9.999939e-01   1.000006e+00
gnu:  799  2.262236e-07   9.999942e-01   1.000006e+00
gnu:  800  2.271883e-07   9.999944e-01   1.000006e+00
gnu:  801  2.281338e-07   9.999946e-01   1.000005e+00
gnu:  802  2.282101e-07   1.000000e+00   1.000000e+00
gnu:  803  2.282849e-07   1.000000e+00   1.000000e+00
gnu:  804  2.283581e-07   1.000000e+00   1.000000e+00
gnu:  805  2.285047e-07   1.000000e+00   1.000000e+00
gnu:  806  2.287978e-07   1.000000e+00   1.000000e+00
gnu:  807  2.293841e-07   9.999993e-01   1.000001e+00
gnu:  808  2.303269e-07   9.999966e-01   1.000003e+00
gnu:  809  2.316468e-07   9.999916e-01   1.000008e+00
gnu:  810  2.325523e-07   9.999945e-01   1.000006e+00
gnu:  811  2.338200e-07   9.999916e-01   1.000008e+00
gnu:  812  2.346896e-07   9.999949e-01   1.000005e+00
gnu:  813  2.359071e-07   9.999923e-01   1.000008e+00
gnu:  814  2.371002e-07   9.999919e-01   1.000008e+00
gnu:  815  2.382695e-07   9.999921e-01   1.000008e+00
gnu:  816  2.394154e-07   9.999924e-01   1.000008e+00
gnu:  817  2.405383e-07   9.999927e-01   1.000007e+00
gnu:  818  2.416388e-07   9.999930e-01   1.000007e+00
gnu:  819  2.427173e-07   9.999933e-01   1.000007e+00
gnu:  820  2.437742e-07   9.999936e-01   1.000006e+00
gnu:  821  2.448100e-07   9.999939e-01   1.000006e+00
gnu:  822  2.458251e-07   9.999941e-01   1.000006e+00
gnu:  823  2.468198e-07   9.999944e-01   1.000006e+00
gnu:  824  2.477947e-07   9.999946e-01   1.000005e+00
gnu:  825  2.491595e-07   9.999909e-01   1.000009e+00
gnu:  826  2.502654e-07   9.999927e-01   1.000007e+00
gnu:  827  2.513491e-07   9.999934e-01   1.000007e+00
gnu:  828  2.524112e-07   9.999937e-01   1.000006e+00
gnu:  829  2.534520e-07   9.999940e-01   1.000006e+00
gnu:  830  2.544721e-07   9.999942e-01   1.000006e+00
gnu:  831  2.554717e-07   9.999944e-01   1.000006e+00
gnu:  832  2.564513e-07   9.999947e-01   1.000005e+00
gnu:  833  2.578228e-07   9.999911e-01   1.000009e+00
gnu:  834  2.589524e-07   9.999926e-01   1.000007e+00
gnu:  835  2.600595e-07   9.999932e-01   1.000007e+00
gnu:  836  2.611444e-07   9.999936e-01   1.000006e+00
gnu:  837  2.622076e-07   9.999938e-01   1.000006e+00
gnu:  838  2.632496e-07   9.999941e-01   1.000006e+00
gnu:  839  2.642707e-07   9.999943e-01   1.000006e+00
gnu:  840  2.652714e-07   9.999946e-01   1.000005e+00
gnu:  841  2.666724e-07   9.999909e-01   1.000009e+00
gnu:  842  2.678461e-07   9.999922e-01   1.000008e+00
gnu:  843  2.689963e-07   9.999929e-01   1.000007e+00
gnu:  844  2.701236e-07   9.999932e-01   1.000007e+00
gnu:  845  2.712282e-07   9.999935e-01   1.000006e+00
gnu:  846  2.723108e-07   9.999938e-01   1.000006e+00
gnu:  847  2.733718e-07   9.999940e-01   1.000006e+00
gnu:  848  2.744115e-07   9.999943e-01   1.000006e+00
gnu:  849  2.754304e-07   9.999945e-01   1.000005e+00
gnu:  850  2.764290e-07   9.999947e-01   1.000005e+00
gnu:  851  2.778270e-07   9.999912e-01   1.000009e+00
gnu:  852  2.790223e-07   9.999922e-01   1.000008e+00
gnu:  853  2.801937e-07   9.999928e-01   1.000007e+00
gnu:  854  2.813416e-07   9.999932e-01   1.000007e+00
gnu:  855  2.824666e-07   9.999935e-01   1.000007e+00
gnu:  856  2.835692e-07   9.999937e-01   1.000006e+00
gnu:  857  2.846496e-07   9.999940e-01   1.000006e+00
gnu:  858  2.857085e-07   9.999942e-01   1.000006e+00
gnu:  859  2.867461e-07   9.999945e-01   1.000006e+00
gnu:  860  2.877631e-07   9.999947e-01   1.000005e+00
gnu:  861  2.891867e-07   9.999911e-01   1.000009e+00
gnu:  862  2.904309e-07   9.999919e-01   1.000008e+00
gnu:  863  2.916502e-07   9.999925e-01   1.000008e+00
gnu:  864  2.928451e-07   9.999928e-01   1.000007e+00
gnu:  865  2.940161e-07   9.999931e-01   1.000007e+00
gnu:  866  2.951637e-07   9.999934e-01   1.000007e+00
gnu:  867  2.962883e-07   9.999937e-01   1.000006e+00
gnu:  868  2.973905e-07   9.999939e-01   1.000006e+00
gnu:  869  2.984706e-07   9.999942e-01   1.000006e+00
gnu:  870  2.995291e-07   9.999944e-01   1.000006e+00
gnu:  871  3.005664e-07   9.999947e-01   1.000005e+00
gnu:  872  3.020187e-07   9.999911e-01   1.000009e+00
gnu:  873  3.029298e-07   9.999951e-01   1.000005e+00
gnu:  874  3.042053e-07   9.999929e-01   1.000007e+00
gnu:  875  3.052370e-07   9.999944e-01   1.000006e+00
gnu:  876  3.066814e-07   9.999912e-01   1.000009e+00
gnu:  877  3.079310e-07   9.999921e-01   1.000008e+00
gnu:  878  3.091557e-07   9.999927e-01   1.000007e+00
gnu:  879  3.103558e-07   9.999931e-01   1.000007e+00
gnu:  880  3.115320e-07   9.999934e-01   1.000007e+00
gnu:  881  3.138843e-07   9.999756e-01   1.000024e+00
gnu:  882  3.144606e-07   9.999938e-01   1.000006e+00
gnu:  883  3.156132e-07   9.999900e-01   1.000010e+00
gnu:  884  3.164039e-07   9.999927e-01   1.000007e+00
gnu:  885  3.175109e-07   9.999895e-01   1.000011e+00
gnu:  886  3.182703e-07   9.999932e-01   1.000007e+00
gnu:  887  3.193334e-07   9.999903e-01   1.000010e+00
gnu:  888  3.201665e-07   9.999924e-01   1.000008e+00
gnu:  889  3.209828e-07   9.999934e-01   1.000007e+00
gnu:  890  3.221258e-07   9.999892e-01   1.000011e+00
gnu:  891  3.229098e-07   9.999931e-01   1.000007e+00
gnu:  892  3.240075e-07   9.999903e-01   1.000010e+00
gnu:  893  3.248761e-07   9.999925e-01   1.000008e+00
gnu:  894  3.257274e-07   9.999935e-01   1.000007e+00
gnu:  895  3.269193e-07   9.999894e-01   1.000011e+00
gnu:  896  3.277369e-07   9.999933e-01   1.000007e+00
gnu:  897  3.288815e-07   9.999907e-01   1.000009e+00
gnu:  898  3.297973e-07   9.999926e-01   1.000007e+00
gnu:  899  3.310794e-07   9.999890e-01   1.000011e+00
gnu:  900  3.319590e-07   9.999931e-01   1.000007e+00
gnu:  901  3.331903e-07   9.999904e-01   1.000010e+00
gnu:  902  3.341456e-07   9.999928e-01   1.000007e+00
gnu:  903  3.354829e-07   9.999894e-01   1.000011e+00
gnu:  904  3.364003e-07   9.999934e-01   1.000007e+00
gnu:  905  3.367087e-07   1.000009e+00   9.999913e-01
gnu:  906  3.368944e-07   1.000006e+00   9.999939e-01
gnu:  907  3.371545e-07   1.000004e+00   9.999958e-01
gnu:  908  3.374093e-07   1.000002e+00   9.999976e-01
gnu:  909  3.377277e-07   1.000002e+00   9.999980e-01
gnu:  910  3.381734e-07   1.000005e+00   9.999949e-01
gnu:  911  3.389957e-07   1.000008e+00   9.999925e-01
gnu:  912  3.399998e-07   1.000008e+00   9.999918e-01
gnu:  913  3.409838e-07   1.000007e+00   9.999931e-01
gnu:  914  3.423615e-07   1.000009e+00   9.999910e-01
gnu:  915  3.439643e-07   1.000009e+00   9.999905e-01
gnu:  916  3.455350e-07   1.000007e+00   9.999934e-01
gnu:  917  3.455971e-07   1.000000e+00   9.999999e-01
gnu:  918  3.456580e-07   1.000000e+00   1.000000e+00
gnu:  919  3.457176e-07   1.000000e+00   1.000000e+00
gnu:  920  3.457761e-07   1.000000e+00   1.000000e+00
gnu:  921  3.458930e-07   1.000000e+00   1.000000e+00
gnu:  922  3.461269e-07   1.000000e+00   9.999998e-01
gnu:  923  3.465946e-07   1.000001e+00   9.999995e-01
gnu:  924  3.475300e-07   1.000001e+00   9.999991e-01
gnu:  925  3.494008e-07   1.000000e+00   9.999996e-01
gnu:  926  3.508572e-07   9.999986e-01   1.000001e+00
gnu:  927  3.527378e-07   9.999960e-01   1.000004e+00
gnu:  928  3.561399e-07   9.999851e-01   1.000015e+00
gnu:  929  3.573306e-07   9.999942e-01   1.000006e+00
gnu:  930  3.597120e-07   9.999885e-01   1.000011e+00
gnu:  931  3.624874e-07   9.999751e-01   1.000025e+00
gnu:  932  3.629634e-07   9.999953e-01   1.000005e+00
gnu:  933  3.639153e-07   9.999937e-01   1.000006e+00
gnu:  934  3.648482e-07   9.999922e-01   1.000008e+00
gnu:  935  3.657625e-07   9.999924e-01   1.000008e+00
gnu:  936  3.666585e-07   9.999927e-01   1.000007e+00
gnu:  937  3.675365e-07   9.999930e-01   1.000007e+00
gnu:  938  3.683970e-07   9.999933e-01   1.000007e+00
gnu:  939  3.696017e-07   9.999889e-01   1.000011e+00
gnu:  940  3.704281e-07   9.999929e-01   1.000007e+00
gnu:  941  3.715851e-07   9.999900e-01   1.000010e+00
gnu:  942  3.723788e-07   9.999937e-01   1.000006e+00
gnu:  943  3.734899e-07   9.999911e-01   1.000009e+00
gnu:  944  3.744023e-07   9.999927e-01   1.000007e+00
gnu:  945  3.756796e-07   9.999889e-01   1.000011e+00
gnu:  946  3.765559e-07   9.999930e-01   1.000007e+00
gnu:  947  3.777826e-07   9.999902e-01   1.000010e+00
gnu:  948  3.786242e-07   9.999938e-01   1.000006e+00
gnu:  949  3.798023e-07   9.999914e-01   1.000009e+00
gnu:  950  3.807770e-07   9.999929e-01   1.000007e+00
gnu:  951  3.818787e-07   9.999923e-01   1.000008e+00
gnu:  952  3.829583e-07   9.999924e-01   1.000008e+00
gnu:  953  3.840163e-07   9.999929e-01   1.000007e+00
gnu:  954  3.850532e-07   9.999933e-01   1.000007e+00
gnu:  955  3.852971e-07   1.000005e+00   9.999952e-01
gnu:  956  3.854711e-07   1.000005e+00   9.999947e-01
gnu:  957  3.857147e-07   1.000005e+00   9.999955e-01
gnu:  958  3.859533e-07   1.000003e+00   9.999974e-01
gnu:  959  3.862314e-07   1.000002e+00   9.999981e-01
gnu:  960  3.865040e-07   1.000001e+00   9.999987e-01
gnu:  961  3.870491e-07   1.000005e+00   9.999948e-01
gnu:  962  3.881392e-07   1.000009e+00   9.999906e-01
gnu:  963  3.890748e-07   1.000007e+00   9.999926e-01
gnu:  964  3.901878e-07   1.000007e+00   9.999926e-01
gnu:  965  3.917459e-07   1.000010e+00   9.999899e-01
gnu:  966  3.934779e-07   1.000010e+00   9.999904e-01
gnu:  967  3.951752e-07   1.000006e+00   9.999938e-01
gnu:  968  3.968386e-07   1.000003e+00   9.999969e-01
gnu:  969  3.984688e-07   1.000001e+00   9.999993e-01
gnu:  970  4.000663e-07   9.999989e-01   1.000001e+00
gnu:  971  4.023028e-07   9.999978e-01   1.000002e+00
gnu:  972  4.037606e-07   9.999962e-01   1.000004e+00
gnu:  973  4.047524e-07   9.999928e-01   1.000007e+00
gnu:  974  4.057243e-07   9.999932e-01   1.000007e+00
gnu:  975  4.066768e-07   9.999931e-01   1.000007e+00
gnu:  976  4.076102e-07   9.999931e-01   1.000007e+00
gnu:  977  4.085250e-07   9.999932e-01   1.000007e+00
gnu:  978  4.094215e-07   9.999934e-01   1.000007e+00
gnu:  979  4.106765e-07   9.999889e-01   1.000011e+00
gnu:  980  4.115375e-07   9.999929e-01   1.000007e+00
gnu:  981  4.127429e-07   9.999898e-01   1.000010e+00
gnu:  982  4.135698e-07   9.999935e-01   1.000006e+00
gnu:  983  4.147274e-07   9.999908e-01   1.000009e+00
gnu:  984  4.156473e-07   9.999928e-01   1.000007e+00
gnu:  985  4.169353e-07   9.999892e-01   1.000011e+00
gnu:  986  4.178188e-07   9.999932e-01   1.000007e+00
gnu:  987  4.190557e-07   9.999904e-01   1.000010e+00
gnu:  988  4.199042e-07   9.999939e-01   1.000006e+00
gnu:  989  4.210922e-07   9.999915e-01   1.000008e+00
gnu:  990  4.220772e-07   9.999930e-01   1.000007e+00
gnu:  991  4.232045e-07   9.999922e-01   1.000008e+00
gnu:  992  4.243093e-07   9.999923e-01   1.000008e+00
gnu:  993  4.253919e-07   9.999927e-01   1.000007e+00
gnu:  994  4.264529e-07   9.999932e-01   1.000007e+00
gnu:  995  4.279383e-07   9.999890e-01   1.000011e+00
gnu:  996  4.289573e-07   9.999931e-01   1.000007e+00
gnu:  997  4.291971e-07   1.000005e+00   9.999953e-01
gnu:  998  4.293758e-07   1.000006e+00   9.999945e-01
gnu:  999  4.296261e-07   1.000005e+00   9.999953e-01
gnu:  1000  4.298713e-07   1.000003e+00   9.999973e-01
gnu:  1001  4.301541e-07   1.000002e+00   9.999981e-01
gnu:  1002  4.304313e-07   1.000001e+00   9.999987e-01
gnu:  1003  4.309856e-07   1.000005e+00   9.999950e-01
gnu:  1004  4.320943e-07   1.000010e+00   9.999903e-01
gnu:  1005  4.328548e-07   1.000006e+00   9.999942e-01
gnu:  1006  4.343759e-07   1.000012e+00   9.999884e-01
gnu:  1007  4.354193e-07   1.000007e+00   9.999930e-01
gnu:  1008  4.368802e-07   1.000008e+00   9.999925e-01
gnu:  1009  4.378191e-07   1.000013e+00   9.999875e-01
gnu:  1010  4.381668e-07   1.000003e+00   9.999973e-01
gnu:  1011  4.388621e-07   1.000006e+00   9.999936e-01
gnu:  1012  4.395436e-07   1.000006e+00   9.999945e-01
gnu:  1013  4.396221e-07   1.000000e+00   9.999999e-01
gnu:  1014  4.396991e-07   1.000000e+00   1.000000e+00
gnu:  1015  4.397746e-07   1.000000e+00   1.000000e+00
gnu:  1016  4.399255e-07   1.000000e+00   9.999999e-01
gnu:  1017  4.402273e-07   1.000000e+00   9.999997e-01
gnu:  1018  4.408310e-07   1.000002e+00   9.999984e-01
gnu:  1019  4.416761e-07   1.000004e+00   9.999964e-01
gnu:  1020  4.425043e-07   1.000004e+00   9.999960e-01
gnu:  1021  4.435748e-07   1.000005e+00   9.999949e-01
gnu:  1022  4.446239e-07   1.000004e+00   9.999957e-01
gnu:  1023  4.459390e-07   1.000004e+00   9.999963e-01
gnu:  1024  4.477803e-07   1.000001e+00   9.999987e-01
gnu:  1025  4.503581e-07   9.999984e-01   1.000002e+00
gnu:  1026  4.519796e-07   9.999942e-01   1.000006e+00
gnu:  1027  4.529108e-07   9.999928e-01   1.000007e+00
gnu:  1028  4.542145e-07   9.999893e-01   1.000011e+00
gnu:  1029  4.551089e-07   9.999927e-01   1.000007e+00
gnu:  1030  4.563609e-07   9.999892e-01   1.000011e+00
gnu:  1031  4.572198e-07   9.999929e-01   1.000007e+00
gnu:  1032  4.584223e-07   9.999898e-01   1.000010e+00
gnu:  1033  4.592472e-07   9.999934e-01   1.000007e+00
gnu:  1034  4.604021e-07   9.999906e-01   1.000009e+00
gnu:  1035  4.613040e-07   9.999928e-01   1.000007e+00
gnu:  1036  4.625667e-07   9.999892e-01   1.000011e+00
gnu:  1037  4.634329e-07   9.999931e-01   1.000007e+00
gnu:  1038  4.646456e-07   9.999903e-01   1.000010e+00
gnu:  1039  4.654775e-07   9.999939e-01   1.000006e+00
gnu:  1040  4.655446e-07   9.999999e-01   1.000000e+00
gnu:  1041  4.656104e-07   1.000000e+00   1.000000e+00
gnu:  1042  4.656749e-07   1.000000e+00   1.000000e+00
gnu:  1043  4.658039e-07   9.999999e-01   1.000000e+00
gnu:  1044  4.660618e-07   9.999996e-01   1.000000e+00
gnu:  1045  4.665776e-07   9.999985e-01   1.000002e+00
gnu:  1046  4.676094e-07   9.999941e-01   1.000006e+00
gnu:  1047  4.686204e-07   9.999930e-01   1.000007e+00
gnu:  1048  4.696113e-07   9.999934e-01   1.000007e+00
gnu:  1049  4.709985e-07   9.999892e-01   1.000011e+00
gnu:  1050  4.719501e-07   9.999933e-01   1.000007e+00
gnu:  1051  4.732823e-07   9.999905e-01   1.000009e+00
gnu:  1052  4.741963e-07   9.999941e-01   1.000006e+00
gnu:  1053  4.754758e-07   9.999917e-01   1.000008e+00
gnu:  1054  4.765324e-07   9.999932e-01   1.000007e+00
gnu:  1055  4.768280e-07   1.000007e+00   9.999925e-01
gnu:  1056  4.770323e-07   1.000006e+00   9.999936e-01
gnu:  1057  4.773183e-07   1.000005e+00   9.999955e-01
gnu:  1058  4.775987e-07   1.000002e+00   9.999975e-01
gnu:  1059  4.778412e-07   1.000001e+00   9.999988e-01
gnu:  1060  4.783263e-07   1.000005e+00   9.999949e-01
gnu:  1061  4.792794e-07   1.000009e+00   9.999915e-01
gnu:  1062  4.802135e-07   1.000008e+00   9.999925e-01
gnu:  1063  4.814784e-07   1.000010e+00   9.999905e-01
gnu:  1064  4.827180e-07   1.000008e+00   9.999916e-01
gnu:  1065  4.844534e-07   1.000010e+00   9.999897e-01
gnu:  1066  4.858390e-07   1.000006e+00   9.999939e-01
gnu:  1067  4.871969e-07   1.000004e+00   9.999963e-01
gnu:  1068  4.885277e-07   1.000002e+00   9.999979e-01
gnu:  1069  4.898318e-07   1.000001e+00   9.999992e-01
gnu:  1070  4.916575e-07   9.999994e-01   1.000001e+00
gnu:  1071  4.934468e-07   9.999945e-01   1.000006e+00
gnu:  1072  4.943874e-07   9.999933e-01   1.000007e+00
gnu:  1073  4.957043e-07   9.999901e-01   1.000010e+00
gnu:  1074  4.966077e-07   9.999932e-01   1.000007e+00
gnu:  1075  4.978724e-07   9.999898e-01   1.000010e+00
gnu:  1076  4.987400e-07   9.999933e-01   1.000007e+00
gnu:  1077  4.999546e-07   9.999903e-01   1.000010e+00
gnu:  1078  5.007879e-07   9.999937e-01   1.000006e+00
gnu:  1079  5.019544e-07   9.999911e-01   1.000009e+00
gnu:  1080  5.028847e-07   9.999929e-01   1.000007e+00
gnu:  1081  5.041870e-07   9.999893e-01   1.000011e+00
gnu:  1082  5.050803e-07   9.999932e-01   1.000007e+00
gnu:  1083  5.063311e-07   9.999904e-01   1.000010e+00
gnu:  1084  5.071891e-07   9.999939e-01   1.000006e+00
gnu:  1085  5.083903e-07   9.999915e-01   1.000009e+00
gnu:  1086  5.093784e-07   9.999930e-01   1.000007e+00
gnu:  1087  5.105017e-07   9.999923e-01   1.000008e+00
gnu:  1088  5.116025e-07   9.999924e-01   1.000008e+00
gnu:  1089  5.126813e-07   9.999929e-01   1.000007e+00
gnu:  1090  5.137385e-07   9.999933e-01   1.000007e+00
gnu:  1091  5.152186e-07   9.999891e-01   1.000011e+00
gnu:  1092  5.162340e-07   9.999932e-01   1.000007e+00
gnu:  1093  5.176555e-07   9.999905e-01   1.000010e+00
gnu:  1094  5.186306e-07   9.999941e-01   1.000006e+00
gnu:  1095  5.188600e-07   1.000004e+00   9.999959e-01
gnu:  1096  5.190564e-07   1.000006e+00   9.999940e-01
gnu:  1097  5.193313e-07   1.000005e+00   9.999948e-01
gnu:  1098  5.196007e-07   1.000003e+00   9.999972e-01
gnu:  1099  5.199019e-07   1.000002e+00   9.999981e-01
gnu:  1100  5.203235e-07   1.000005e+00   9.999955e-01
gnu:  1101  5.211659e-07   1.000008e+00   9.999923e-01
gnu:  1102  5.222491e-07   1.000009e+00   9.999906e-01
gnu:  1103  5.233107e-07   1.000008e+00   9.999918e-01
gnu:  1104  5.247969e-07   1.000011e+00   9.999893e-01
gnu:  1105  5.260857e-07   1.000008e+00   9.999922e-01
gnu:  1106  5.277692e-07   1.000008e+00   9.999920e-01
gnu:  1107  5.294191e-07   1.000006e+00   9.999943e-01
gnu:  1108  5.310359e-07   1.000003e+00   9.999968e-01
gnu:  1109  5.326204e-07   1.000001e+00   9.999989e-01
gnu:  1110  5.341733e-07   9.999971e-01   1.000003e+00
gnu:  1111  5.352812e-07   9.999928e-01   1.000007e+00
gnu:  1112  5.366389e-07   9.999900e-01   1.000010e+00
gnu:  1113  5.374605e-07   9.999944e-01   1.000006e+00
gnu:  1114  5.386107e-07   9.999921e-01   1.000008e+00
gnu:  1115  5.395524e-07   9.999933e-01   1.000007e+00
gnu:  1116  5.406723e-07   9.999918e-01   1.000008e+00
gnu:  1117  5.417699e-07   9.999915e-01   1.000009e+00
gnu:  1118  5.428455e-07   9.999918e-01   1.000008e+00
gnu:  1119  5.438995e-07   9.999922e-01   1.000008e+00
gnu:  1120  5.449325e-07   9.999926e-01   1.000007e+00
gnu:  1121  5.459449e-07   9.999929e-01   1.000007e+00
gnu:  1122  5.469369e-07   9.999933e-01   1.000007e+00
gnu:  1123  5.483259e-07   9.999891e-01   1.000011e+00
gnu:  1124  5.492787e-07   9.999931e-01   1.000007e+00
gnu:  1125  5.506126e-07   9.999903e-01   1.000010e+00
gnu:  1126  5.515276e-07   9.999939e-01   1.000006e+00
gnu:  1127  5.528087e-07   9.999915e-01   1.000009e+00
gnu:  1128  5.538482e-07   9.999932e-01   1.000007e+00
gnu:  1129  5.550295e-07   9.999925e-01   1.000007e+00
gnu:  1130  5.561871e-07   9.999926e-01   1.000007e+00
gnu:  1131  5.573216e-07   9.999931e-01   1.000007e+00
gnu:  1132  5.589099e-07   9.999888e-01   1.000011e+00
gnu:  1133  5.599994e-07   9.999931e-01   1.000007e+00
gnu:  1134  5.602558e-07   1.000005e+00   9.999948e-01
gnu:  1135  5.604300e-07   1.000005e+00   9.999950e-01
gnu:  1136  5.606738e-07   1.000004e+00   9.999961e-01
gnu:  1137  5.609127e-07   1.000002e+00   9.999978e-01
gnu:  1138  5.612142e-07   1.000002e+00   9.999981e-01
gnu:  1139  5.615096e-07   1.000001e+00   9.999986e-01
gnu:  1140  5.621005e-07   1.000005e+00   9.999954e-01
gnu:  1141  5.632822e-07   1.000010e+00   9.999901e-01
gnu:  1142  5.640929e-07   1.000006e+00   9.999938e-01
gnu:  1143  5.657142e-07   1.000012e+00   9.999878e-01
gnu:  1144  5.668265e-07   1.000007e+00   9.999927e-01
gnu:  1145  5.683836e-07   1.000008e+00   9.999921e-01
gnu:  1146  5.698899e-07   1.000006e+00   9.999939e-01
gnu:  1147  5.713661e-07   1.000004e+00   9.999961e-01
gnu:  1148  5.728127e-07   9.999992e-01   1.000001e+00
gnu:  1149  5.744825e-07   9.999889e-01   1.000011e+00
gnu:  1150  5.756280e-07   9.999917e-01   1.000008e+00
gnu:  1151  5.767506e-07   9.999924e-01   1.000008e+00
gnu:  1152  5.778508e-07   9.999923e-01   1.000008e+00
gnu:  1153  5.789289e-07   9.999924e-01   1.000008e+00
gnu:  1154  5.799855e-07   9.999926e-01   1.000007e+00
gnu:  1155  5.810209e-07   9.999928e-01   1.000007e+00
gnu:  1156  5.820356e-07   9.999931e-01   1.000007e+00
gnu:  1157  5.830301e-07   9.999934e-01   1.000007e+00
gnu:  1158  5.844223e-07   9.999892e-01   1.000011e+00
gnu:  1159  5.845009e-07   9.999998e-01   1.000000e+00
gnu:  1160  5.845780e-07   1.000000e+00   1.000000e+00
gnu:  1161  5.846535e-07   1.000000e+00   1.000000e+00
gnu:  1162  5.848046e-07   9.999999e-01   1.000000e+00
gnu:  1163  5.851068e-07   9.999995e-01   1.000000e+00
gnu:  1164  5.857111e-07   9.999981e-01   1.000002e+00
gnu:  1165  5.869197e-07   9.999929e-01   1.000007e+00
gnu:  1166  5.881041e-07   9.999916e-01   1.000008e+00
gnu:  1167  5.892649e-07   9.999921e-01   1.000008e+00
gnu:  1168  5.904024e-07   9.999925e-01   1.000007e+00
gnu:  1169  5.915172e-07   9.999930e-01   1.000007e+00
gnu:  1170  5.926097e-07   9.999934e-01   1.000007e+00
gnu:  1171  5.941392e-07   9.999893e-01   1.000011e+00
gnu:  1172  5.951884e-07   9.999933e-01   1.000007e+00
gnu:  1173  5.966573e-07   9.999906e-01   1.000009e+00
gnu:  1174  5.976650e-07   9.999941e-01   1.000006e+00
gnu:  1175  5.990757e-07   9.999917e-01   1.000008e+00
gnu:  1176  5.993505e-07   1.000006e+00   9.999940e-01
gnu:  1177  5.995100e-07   1.000004e+00   9.999956e-01
gnu:  1178  5.997333e-07   1.000003e+00   9.999968e-01
gnu:  1179  5.999858e-07   1.000002e+00   9.999977e-01
gnu:  1180  6.002247e-07   1.000001e+00   9.999987e-01
gnu:  1181  6.005590e-07   1.000004e+00   9.999960e-01
gnu:  1182  6.011381e-07   1.000005e+00   9.999949e-01
gnu:  1183  6.022962e-07   1.000010e+00   9.999902e-01
gnu:  1184  6.030907e-07   1.000006e+00   9.999939e-01
gnu:  1185  6.046796e-07   1.000012e+00   9.999879e-01
gnu:  1186  6.057696e-07   1.000007e+00   9.999927e-01
gnu:  1187  6.072957e-07   1.000008e+00   9.999920e-01
gnu:  1188  6.087912e-07   1.000006e+00   9.999935e-01
gnu:  1189  6.102567e-07   1.000004e+00   9.999956e-01
gnu:  1190  6.116930e-07   9.999996e-01   1.000000e+00
gnu:  1191  6.134223e-07   9.999891e-01   1.000011e+00
gnu:  1192  6.146086e-07   9.999916e-01   1.000008e+00
gnu:  1193  6.157712e-07   9.999922e-01   1.000008e+00
gnu:  1194  6.169105e-07   9.999921e-01   1.000008e+00
gnu:  1195  6.180270e-07   9.999922e-01   1.000008e+00
gnu:  1196  6.191212e-07   9.999924e-01   1.000008e+00
gnu:  1197  6.201935e-07   9.999927e-01   1.000007e+00
gnu:  1198  6.212444e-07   9.999930e-01   1.000007e+00
gnu:  1199  6.222743e-07   9.999933e-01   1.000007e+00
gnu:  1200  6.237161e-07   9.999889e-01   1.000011e+00
gnu:  1201  6.247051e-07   9.999930e-01   1.000007e+00
gnu:  1202  6.260898e-07   9.999901e-01   1.000010e+00
gnu:  1203  6.270397e-07   9.999938e-01   1.000006e+00
gnu:  1204  6.283696e-07   9.999912e-01   1.000009e+00
gnu:  1205  6.294145e-07   9.999933e-01   1.000007e+00
gnu:  1206  6.308774e-07   9.999900e-01   1.000010e+00
gnu:  1207  6.318809e-07   9.999937e-01   1.000006e+00
gnu:  1208  6.332858e-07   9.999912e-01   1.000009e+00
gnu:  1209  6.343873e-07   9.999933e-01   1.000007e+00
gnu:  1210  6.359295e-07   9.999900e-01   1.000010e+00
gnu:  1211  6.369874e-07   9.999938e-01   1.000006e+00
gnu:  1212  6.384684e-07   9.999913e-01   1.000009e+00
gnu:  1213  6.396284e-07   9.999935e-01   1.000007e+00
gnu:  1214  6.399386e-07   1.000008e+00   9.999917e-01
gnu:  1215  6.401395e-07   1.000006e+00   9.999941e-01
gnu:  1216  6.404206e-07   1.000004e+00   9.999962e-01
gnu:  1217  6.406961e-07   1.000002e+00   9.999979e-01
gnu:  1218  6.409591e-07   1.000001e+00   9.999988e-01
gnu:  1219  6.414850e-07   1.000005e+00   9.999953e-01
gnu:  1220  6.425369e-07   1.000009e+00   9.999909e-01
gnu:  1221  6.433970e-07   1.000007e+00   9.999930e-01
gnu:  1222  6.446012e-07   1.000009e+00   9.999911e-01
gnu:  1223  6.457812e-07   1.000008e+00   9.999919e-01
gnu:  1224  6.474333e-07   1.000011e+00   9.999894e-01
gnu:  1225  6.488986e-07   1.000008e+00   9.999924e-01
gnu:  1226  6.502964e-07   1.000001e+00   9.999986e-01
gnu:  1227  6.519876e-07   9.999914e-01   1.000009e+00
gnu:  1228  6.531478e-07   9.999929e-01   1.000007e+00
gnu:  1229  6.547720e-07   9.999884e-01   1.000012e+00
gnu:  1230  6.558863e-07   9.999920e-01   1.000008e+00
gnu:  1231  6.569782e-07   9.999930e-01   1.000007e+00
gnu:  1232  6.580483e-07   9.999932e-01   1.000007e+00
gnu:  1233  6.590970e-07   9.999934e-01   1.000007e+00
gnu:  1234  6.605652e-07   9.999891e-01   1.000011e+00
gnu:  1235  6.615724e-07   9.999930e-01   1.000007e+00
gnu:  1236  6.629825e-07   9.999900e-01   1.000010e+00
gnu:  1237  6.639498e-07   9.999937e-01   1.000006e+00
gnu:  1238  6.653040e-07   9.999911e-01   1.000009e+00
gnu:  1239  6.663597e-07   9.999933e-01   1.000007e+00
gnu:  1240  6.678376e-07   9.999899e-01   1.000010e+00
gnu:  1241  6.688515e-07   9.999937e-01   1.000006e+00
gnu:  1242  6.702709e-07   9.999911e-01   1.000009e+00
gnu:  1243  6.713760e-07   9.999934e-01   1.000007e+00
gnu:  1244  6.729231e-07   9.999901e-01   1.000010e+00
gnu:  1245  6.739845e-07   9.999938e-01   1.000006e+00
gnu:  1246  6.754703e-07   9.999913e-01   1.000009e+00
gnu:  1247  6.766337e-07   9.999935e-01   1.000007e+00
gnu:  1248  6.779322e-07   9.999931e-01   1.000007e+00
gnu:  1249  6.782378e-07   1.000008e+00   9.999922e-01
gnu:  1250  6.784447e-07   1.000006e+00   9.999940e-01
gnu:  1251  6.787343e-07   1.000004e+00   9.999961e-01
gnu:  1252  6.790181e-07   1.000002e+00   9.999979e-01
gnu:  1253  6.792885e-07   1.000001e+00   9.999988e-01
gnu:  1254  6.798291e-07   1.000004e+00   9.999955e-01
gnu:  1255  6.809103e-07   1.000009e+00   9.999909e-01
gnu:  1256  6.819699e-07   1.000009e+00   9.999908e-01
gnu:  1257  6.829289e-07   1.000007e+00   9.999933e-01
gnu:  1258  6.841714e-07   1.000008e+00   9.999922e-01
gnu:  1259  6.853891e-07   1.000007e+00   9.999931e-01
gnu:  1260  6.870938e-07   1.000009e+00   9.999913e-01
gnu:  1261  6.882112e-07   1.000002e+00   9.999979e-01
gnu:  1262  6.899876e-07   9.999922e-01   1.000008e+00
gnu:  1263  6.912061e-07   9.999928e-01   1.000007e+00
gnu:  1264  6.924004e-07   9.999930e-01   1.000007e+00
gnu:  1265  6.935707e-07   9.999928e-01   1.000007e+00
gnu:  1266  6.947176e-07   9.999928e-01   1.000007e+00
gnu:  1267  6.958416e-07   9.999929e-01   1.000007e+00
gnu:  1268  6.969430e-07   9.999931e-01   1.000007e+00
gnu:  1269  6.980225e-07   9.999933e-01   1.000007e+00
gnu:  1270  6.995338e-07   9.999889e-01   1.000011e+00
gnu:  1271  7.005705e-07   9.999930e-01   1.000007e+00
gnu:  1272  7.020219e-07   9.999899e-01   1.000010e+00
gnu:  1273  7.030175e-07   9.999937e-01   1.000006e+00
gnu:  1274  7.044115e-07   9.999910e-01   1.000009e+00
gnu:  1275  7.057775e-07   9.999905e-01   1.000009e+00
gnu:  1276  7.071163e-07   9.999911e-01   1.000009e+00
gnu:  1277  7.084282e-07   9.999916e-01   1.000008e+00
gnu:  1278  7.097139e-07   9.999921e-01   1.000008e+00
gnu:  1279  7.109739e-07   9.999926e-01   1.000007e+00
gnu:  1280  7.122087e-07   9.999931e-01   1.000007e+00
gnu:  1281  7.139374e-07   9.999888e-01   1.000011e+00
gnu:  1282  7.151234e-07   9.999931e-01   1.000007e+00
gnu:  1283  7.167836e-07   9.999902e-01   1.000010e+00
gnu:  1284  7.179226e-07   9.999939e-01   1.000006e+00
gnu:  1285  7.181905e-07   1.000006e+00   9.999942e-01
gnu:  1286  7.183603e-07   1.000005e+00   9.999954e-01
gnu:  1287  7.185980e-07   1.000003e+00   9.999966e-01
gnu:  1288  7.188638e-07   1.000002e+00   9.999976e-01
gnu:  1289  7.191120e-07   1.000001e+00   9.999987e-01
gnu:  1290  7.194596e-07   1.000003e+00   9.999966e-01
gnu:  1291  7.201546e-07   1.000007e+00   9.999935e-01
gnu:  1292  7.211278e-07   1.000008e+00   9.999916e-01
gnu:  1293  7.212063e-07   1.000000e+00   9.999998e-01
gnu:  1294  7.212833e-07   1.000000e+00   1.000000e+00
gnu:  1295  7.213587e-07   1.000000e+00   1.000000e+00
gnu:  1296  7.215095e-07   1.000000e+00   9.999999e-01
gnu:  1297  7.218113e-07   1.000001e+00   9.999994e-01
gnu:  1298  7.224147e-07   1.000002e+00   9.999978e-01
gnu:  1299  7.236215e-07   1.000007e+00   9.999931e-01
gnu:  1300  7.248042e-07   1.000007e+00   9.999928e-01
gnu:  1301  7.264600e-07   1.000009e+00   9.999906e-01
gnu:  1302  7.275378e-07   1.000002e+00   9.999975e-01
gnu:  1303  7.293469e-07   9.999953e-01   1.000005e+00
gnu:  1304  7.309133e-07   9.999907e-01   1.000009e+00
gnu:  1305  7.319879e-07   9.999938e-01   1.000006e+00
gnu:  1306  7.334923e-07   9.999902e-01   1.000010e+00
gnu:  1307  7.345243e-07   9.999935e-01   1.000007e+00
gnu:  1308  7.359691e-07   9.999903e-01   1.000010e+00
gnu:  1309  7.369603e-07   9.999937e-01   1.000006e+00
gnu:  1310  7.383479e-07   9.999909e-01   1.000009e+00
gnu:  1311  7.392998e-07   9.999942e-01   1.000006e+00
gnu:  1312  7.406324e-07   9.999917e-01   1.000008e+00
gnu:  1313  7.417071e-07   9.999934e-01   1.000007e+00
gnu:  1314  7.429548e-07   9.999925e-01   1.000008e+00
gnu:  1315  7.441776e-07   9.999925e-01   1.000008e+00
gnu:  1316  7.453759e-07   9.999929e-01   1.000007e+00
gnu:  1317  7.465503e-07   9.999933e-01   1.000007e+00
gnu:  1318  7.481944e-07   9.999891e-01   1.000011e+00
gnu:  1319  7.493222e-07   9.999933e-01   1.000007e+00
gnu:  1320  7.509013e-07   9.999904e-01   1.000010e+00
gnu:  1321  7.519844e-07   9.999941e-01   1.000006e+00
gnu:  1322  7.535009e-07   9.999916e-01   1.000008e+00
gnu:  1323  7.547040e-07   9.999936e-01   1.000006e+00
gnu:  1324  7.560928e-07   9.999928e-01   1.000007e+00
gnu:  1325  7.574538e-07   9.999929e-01   1.000007e+00
gnu:  1326  7.576780e-07   1.000004e+00   9.999963e-01
gnu:  1327  7.578884e-07   1.000006e+00   9.999938e-01
gnu:  1328  7.581831e-07   1.000005e+00   9.999948e-01
gnu:  1329  7.584718e-07   1.000003e+00   9.999974e-01
gnu:  1330  7.587064e-07   1.000001e+00   9.999989e-01
gnu:  1331  7.591757e-07   1.000004e+00   9.999956e-01
gnu:  1332  7.601142e-07   1.000008e+00   9.999919e-01
gnu:  1333  7.610339e-07   1.000008e+00   9.999923e-01
gnu:  1334  7.622124e-07   1.000009e+00   9.999908e-01
gnu:  1335  7.633673e-07   1.000008e+00   9.999917e-01
gnu:  1336  7.644991e-07   1.000007e+00   9.999933e-01
gnu:  1337  7.656082e-07   1.000002e+00   9.999976e-01
gnu:  1338  7.671443e-07   9.999958e-01   1.000004e+00
gnu:  1339  7.702164e-07   9.999801e-01   1.000020e+00
gnu:  1340  7.709691e-07   9.999950e-01   1.000005e+00
gnu:  1341  7.724744e-07   9.999912e-01   1.000009e+00
gnu:  1342  7.735071e-07   9.999937e-01   1.000006e+00
gnu:  1343  7.749528e-07   9.999907e-01   1.000009e+00
gnu:  1344  7.759445e-07   9.999940e-01   1.000006e+00
gnu:  1345  7.773330e-07   9.999914e-01   1.000009e+00
gnu:  1346  7.784154e-07   9.999934e-01   1.000007e+00
gnu:  1347  7.801378e-07   9.999878e-01   1.000012e+00
gnu:  1348  7.813194e-07   9.999922e-01   1.000008e+00
gnu:  1349  7.829737e-07   9.999887e-01   1.000011e+00
gnu:  1350  7.841085e-07   9.999930e-01   1.000007e+00
gnu:  1351  7.856972e-07   9.999900e-01   1.000010e+00
gnu:  1352  7.867871e-07   9.999938e-01   1.000006e+00
gnu:  1353  7.883129e-07   9.999912e-01   1.000009e+00
gnu:  1354  7.894980e-07   9.999935e-01   1.000006e+00
gnu:  1355  7.908184e-07   9.999932e-01   1.000007e+00
gnu:  1356  7.921124e-07   9.999934e-01   1.000007e+00
gnu:  1357  7.933805e-07   9.999938e-01   1.000006e+00
gnu:  1358  7.951558e-07   9.999899e-01   1.000010e+00
gnu:  1359  7.954482e-07   1.000007e+00   9.999932e-01
gnu:  1360  7.956680e-07   1.000006e+00   9.999937e-01
gnu:  1361  7.958833e-07   1.000002e+00   9.999975e-01
gnu:  1362  7.961251e-07   1.000002e+00   9.999984e-01
gnu:  1363  7.963620e-07   1.000001e+00   9.999990e-01
gnu:  1364  7.968359e-07   1.000005e+00   9.999951e-01
gnu:  1365  7.977827e-07   1.000008e+00   9.999917e-01
gnu:  1366  7.987106e-07   1.000008e+00   9.999922e-01
gnu:  1367  7.998741e-07   1.000009e+00   9.999910e-01
gnu:  1368  8.010143e-07   1.000008e+00   9.999920e-01
gnu:  1369  8.026106e-07   1.000011e+00   9.999894e-01
gnu:  1370  8.036853e-07   1.000003e+00   9.999969e-01
gnu:  1371  8.055116e-07   9.999971e-01   1.000003e+00
gnu:  1372  8.069334e-07   9.999932e-01   1.000007e+00
gnu:  1373  8.083269e-07   9.999923e-01   1.000008e+00
gnu:  1374  8.096924e-07   9.999918e-01   1.000008e+00
gnu:  1375  8.110307e-07   9.999916e-01   1.000008e+00
gnu:  1376  8.123421e-07   9.999917e-01   1.000008e+00
gnu:  1377  8.136274e-07   9.999919e-01   1.000008e+00
gnu:  1378  8.148869e-07   9.999922e-01   1.000008e+00
gnu:  1379  8.161213e-07   9.999925e-01   1.000008e+00
gnu:  1380  8.173310e-07   9.999929e-01   1.000007e+00
gnu:  1381  8.185164e-07   9.999932e-01   1.000007e+00
gnu:  1382  8.201761e-07   9.999889e-01   1.000011e+00
gnu:  1383  8.213146e-07   9.999931e-01   1.000007e+00
gnu:  1384  8.229086e-07   9.999901e-01   1.000010e+00
gnu:  1385  8.240020e-07   9.999939e-01   1.000006e+00
gnu:  1386  8.255329e-07   9.999913e-01   1.000009e+00
gnu:  1387  8.267210e-07   9.999935e-01   1.000006e+00
gnu:  1388  8.280470e-07   9.999932e-01   1.000007e+00
gnu:  1389  8.293465e-07   9.999933e-01   1.000007e+00
gnu:  1390  8.306200e-07   9.999937e-01   1.000006e+00
gnu:  1391  8.318681e-07   9.999941e-01   1.000006e+00
gnu:  1392  8.336153e-07   9.999905e-01   1.000010e+00
gnu:  1393  8.348139e-07   9.999941e-01   1.000006e+00
gnu:  1394  8.350959e-07   1.000006e+00   9.999935e-01
gnu:  1395  8.353309e-07   1.000007e+00   9.999931e-01
gnu:  1396  8.355611e-07   1.000003e+00   9.999972e-01
gnu:  1397  8.357867e-07   1.000001e+00   9.999986e-01
gnu:  1398  8.360077e-07   1.000001e+00   9.999991e-01
gnu:  1399  8.364499e-07   1.000004e+00   9.999955e-01
gnu:  1400  8.373343e-07   1.000008e+00   9.999922e-01
gnu:  1401  8.382009e-07   1.000007e+00   9.999929e-01
gnu:  1402  8.392850e-07   1.000008e+00   9.999917e-01
gnu:  1403  8.403474e-07   1.000007e+00   9.999926e-01
gnu:  1404  8.418347e-07   1.000010e+00   9.999899e-01
gnu:  1405  8.428550e-07   1.000003e+00   9.999969e-01
gnu:  1406  8.442054e-07   9.999973e-01   1.000003e+00
gnu:  1407  8.466808e-07   9.999898e-01   1.000010e+00
gnu:  1408  8.476574e-07   9.999946e-01   1.000005e+00
gnu:  1409  8.490246e-07   9.999929e-01   1.000007e+00
gnu:  1410  8.506238e-07   9.999895e-01   1.000010e+00
gnu:  1411  8.517209e-07   9.999934e-01   1.000007e+00
gnu:  1412  8.532567e-07   9.999903e-01   1.000010e+00
gnu:  1413  8.543104e-07   9.999938e-01   1.000006e+00
gnu:  1414  8.557854e-07   9.999910e-01   1.000009e+00
gnu:  1415  8.572310e-07   9.999905e-01   1.000010e+00
gnu:  1416  8.586476e-07   9.999910e-01   1.000009e+00
gnu:  1417  8.600359e-07   9.999914e-01   1.000009e+00
gnu:  1418  8.613965e-07   9.999919e-01   1.000008e+00
gnu:  1419  8.627298e-07   9.999924e-01   1.000008e+00
gnu:  1420  8.640365e-07   9.999929e-01   1.000007e+00
gnu:  1421  8.653170e-07   9.999933e-01   1.000007e+00
gnu:  1422  8.665719e-07   9.999937e-01   1.000006e+00
gnu:  1423  8.683288e-07   9.999898e-01   1.000010e+00
gnu:  1424  8.695340e-07   9.999937e-01   1.000006e+00
gnu:  1425  8.712213e-07   9.999910e-01   1.000009e+00
gnu:  1426  8.728749e-07   9.999907e-01   1.000009e+00
gnu:  1427  8.729403e-07   9.999999e-01   1.000000e+00
gnu:  1428  8.730044e-07   1.000000e+00   1.000000e+00
gnu:  1429  8.730672e-07   1.000000e+00   1.000000e+00
gnu:  1430  8.731928e-07   1.000000e+00   1.000000e+00
gnu:  1431  8.734440e-07   9.999998e-01   1.000000e+00
gnu:  1432  8.739464e-07   9.999993e-01   1.000001e+00
gnu:  1433  8.741877e-07   1.000005e+00   9.999954e-01
gnu:  1434  8.743974e-07   1.000006e+00   9.999941e-01
gnu:  1435  8.746910e-07   1.000005e+00   9.999954e-01
gnu:  1436  8.749787e-07   1.000002e+00   9.999977e-01
gnu:  1437  8.752296e-07   1.000001e+00   9.999989e-01
gnu:  1438  8.757315e-07   1.000004e+00   9.999959e-01
gnu:  1439  8.767353e-07   1.000008e+00   9.999918e-01
gnu:  1440  8.776002e-07   1.000007e+00   9.999930e-01
gnu:  1441  8.785775e-07   1.000007e+00   9.999932e-01
gnu:  1442  8.799456e-07   1.000010e+00   9.999902e-01
gnu:  1443  8.808842e-07   1.000003e+00   9.999968e-01
gnu:  1444  8.821982e-07   9.999982e-01   1.000002e+00
gnu:  1445  8.840071e-07   9.999950e-01   1.000005e+00
gnu:  1446  8.862375e-07   9.999870e-01   1.000013e+00
gnu:  1447  8.871842e-07   9.999946e-01   1.000005e+00
gnu:  1448  8.885095e-07   9.999933e-01   1.000007e+00
gnu:  1449  8.901474e-07   9.999895e-01   1.000011e+00
gnu:  1450  8.915447e-07   9.999909e-01   1.000009e+00
gnu:  1451  8.927009e-07   9.999934e-01   1.000007e+00
gnu:  1452  8.941119e-07   9.999918e-01   1.000008e+00
gnu:  1453  8.954946e-07   9.999916e-01   1.000008e+00
gnu:  1454  8.968497e-07   9.999920e-01   1.000008e+00
gnu:  1455  8.981777e-07   9.999925e-01   1.000008e+00
gnu:  1456  8.994791e-07   9.999929e-01   1.000007e+00
gnu:  1457  9.007545e-07   9.999933e-01   1.000007e+00
gnu:  1458  9.020044e-07   9.999937e-01   1.000006e+00
gnu:  1459  9.037542e-07   9.999898e-01   1.000010e+00
gnu:  1460  9.049546e-07   9.999937e-01   1.000006e+00
gnu:  1461  9.066352e-07   9.999909e-01   1.000009e+00
gnu:  1462  9.082821e-07   9.999906e-01   1.000009e+00
gnu:  1463  9.098961e-07   9.999912e-01   1.000009e+00
gnu:  1464  9.114778e-07   9.999917e-01   1.000008e+00
gnu:  1465  9.130279e-07   9.999923e-01   1.000008e+00
gnu:  1466  9.132832e-07   1.000005e+00   9.999950e-01
gnu:  1467  9.134685e-07   1.000005e+00   9.999951e-01
gnu:  1468  9.137279e-07   1.000004e+00   9.999963e-01
gnu:  1469  9.139822e-07   1.000002e+00   9.999980e-01
gnu:  1470  9.142214e-07   1.000001e+00   9.999989e-01
gnu:  1471  9.147000e-07   1.000005e+00   9.999952e-01
gnu:  1472  9.156570e-07   1.000008e+00   9.999917e-01
gnu:  1473  9.165950e-07   1.000008e+00   9.999920e-01
gnu:  1474  9.177550e-07   1.000009e+00   9.999909e-01
gnu:  1475  9.188919e-07   1.000008e+00   9.999919e-01
gnu:  1476  9.199955e-07   1.000003e+00   9.999967e-01
gnu:  1477  9.215404e-07   9.999975e-01   1.000002e+00
gnu:  1478  9.240068e-07   9.999915e-01   1.000009e+00
gnu:  1479  9.254080e-07   9.999920e-01   1.000008e+00
gnu:  1480  9.267812e-07   9.999926e-01   1.000007e+00
gnu:  1481  9.281270e-07   9.999925e-01   1.000007e+00
gnu:  1482  9.294458e-07   9.999926e-01   1.000007e+00
gnu:  1483  9.307383e-07   9.999928e-01   1.000007e+00
gnu:  1484  9.320049e-07   9.999930e-01   1.000007e+00
gnu:  1485  9.332462e-07   9.999933e-01   1.000007e+00
gnu:  1486  9.349840e-07   9.999889e-01   1.000011e+00
gnu:  1487  9.361761e-07   9.999931e-01   1.000007e+00
gnu:  1488  9.378451e-07   9.999900e-01   1.000010e+00
gnu:  1489  9.389900e-07   9.999938e-01   1.000006e+00
gnu:  1490  9.405929e-07   9.999912e-01   1.000009e+00
gnu:  1491  9.421637e-07   9.999908e-01   1.000009e+00
gnu:  1492  9.437031e-07   9.999913e-01   1.000009e+00
gnu:  1493  9.452117e-07   9.999919e-01   1.000008e+00
gnu:  1494  9.466902e-07   9.999924e-01   1.000008e+00
gnu:  1495  9.481391e-07   9.999929e-01   1.000007e+00
gnu:  1496  9.495590e-07   9.999933e-01   1.000007e+00
gnu:  1497  9.509505e-07   9.999937e-01   1.000006e+00
gnu:  1498  9.523141e-07   9.999941e-01   1.000006e+00
gnu:  1499  9.525387e-07   1.000004e+00   9.999963e-01
gnu:  1500  9.527589e-07   1.000006e+00   9.999938e-01
gnu:  1501  9.529746e-07   1.000003e+00   9.999970e-01
gnu:  1502  9.531860e-07   1.000002e+00   9.999985e-01
gnu:  1503  9.533931e-07   1.000001e+00   9.999991e-01
gnu:  1504  9.536832e-07   1.000001e+00   9.999989e-01
gnu:  1505  9.542633e-07   1.000005e+00   9.999953e-01
gnu:  1506  9.554234e-07   1.000010e+00   9.999902e-01
gnu:  1507  9.562193e-07   1.000006e+00   9.999936e-01
gnu:  1508  9.573335e-07   1.000008e+00   9.999923e-01
gnu:  1509  9.584255e-07   1.000004e+00   9.999962e-01
gnu:  1510  9.599542e-07   9.999983e-01   1.000002e+00
gnu:  1511  9.617579e-07   9.999955e-01   1.000004e+00
gnu:  1512  9.641515e-07   9.999871e-01   1.000013e+00
gnu:  1513  9.653046e-07   9.999934e-01   1.000007e+00
gnu:  1514  9.669188e-07   9.999910e-01   1.000009e+00
gnu:  1515  9.680262e-07   9.999941e-01   1.000006e+00
gnu:  1516  9.695765e-07   9.999913e-01   1.000009e+00
gnu:  1517  9.710959e-07   9.999907e-01   1.000009e+00
gnu:  1518  9.725848e-07   9.999910e-01   1.000009e+00
gnu:  1519  9.740440e-07   9.999915e-01   1.000009e+00
gnu:  1520  9.754739e-07   9.999919e-01   1.000008e+00
gnu:  1521  9.768753e-07   9.999923e-01   1.000008e+00
gnu:  1522  9.782487e-07   9.999928e-01   1.000007e+00
gnu:  1523  9.795945e-07   9.999932e-01   1.000007e+00
gnu:  1524  9.809135e-07   9.999936e-01   1.000006e+00
gnu:  1525  9.822061e-07   9.999940e-01   1.000006e+00
gnu:  1526  9.834728e-07   9.999944e-01   1.000006e+00
gnu:  1527  9.847142e-07   9.999947e-01   1.000005e+00
gnu:  1528  9.864522e-07   9.999914e-01   1.000009e+00
gnu:  1529  9.881554e-07   9.999910e-01   1.000009e+00
gnu:  1530  9.898245e-07   9.999915e-01   1.000008e+00
gnu:  1531  9.914602e-07   9.999921e-01   1.000008e+00
gnu:  1532  9.917297e-07   1.000006e+00   9.999944e-01
gnu:  1533  9.919052e-07   1.000004e+00   9.999955e-01
gnu:  1534  9.921510e-07   1.000003e+00   9.999968e-01
gnu:  1535  9.924365e-07   1.000002e+00   9.999977e-01
gnu:  1536  9.927164e-07   1.000001e+00   9.999986e-01
gnu:  1537  9.932760e-07   1.000005e+00   9.999950e-01
gnu:  1538  9.943953e-07   1.000010e+00   9.999903e-01
gnu:  1539  9.951631e-07   1.000006e+00   9.999938e-01
gnu:  1540  9.962381e-07   1.000008e+00   9.999925e-01
gnu:  1541  9.972916e-07   1.000004e+00   9.999962e-01
gnu:  1542  9.987664e-07   9.999989e-01   1.000001e+00
gnu:  1543  1.000655e-06   9.999962e-01   1.000004e+00
