  time     log t    Y(0)     Y(5)      Y(6)    RG Equil     reac(0)        reac(1)     flux(0)   flux(1)  sumFluxRG
  
7.244e-09 -8.140 5.695e-02 1.460e-02 6.829e-03  9 false he4+si28-->s32 s32-->he4+si28 1.555e+07 1.517e+07 3.804e+05
7.244e-09 -8.140 5.695e-02 1.460e-02 6.829e-03 10 false he4+s32-->ar36 ar36-->he4+s32 1.515e+06 1.329e+06 1.859e+05

7.583e-09 -8.120 5.710e-02 1.466e-02 6.888e-03  9 false he4+si28-->s32 s32-->he4+si28 1.567e+07 1.532e+07 3.500e+05
7.583e-09 -8.120 5.710e-02 1.466e-02 6.888e-03 10 false he4+s32-->ar36 ar36-->he4+s32 1.534e+06 1.358e+06 1.756e+05

7.586e-09 -8.120 5.710e-02 1.466e-02 6.889e-03  9 false he4+si28-->s32 s32-->he4+si28 1.577e+07 1.545e+07 3.212e+05
7.586e-09 -8.120 5.710e-02 1.466e-02 6.889e-03 10 false he4+s32-->ar36 ar36-->he4+s32 1.551e+06 1.385e+06 1.657e+05

7.943e-09 -8.100 5.725e-02 1.471e-02 6.944e-03  9 false he4+si28-->s32 s32-->he4+si28 1.577e+07 1.545e+07 3.210e+05
7.943e-09 -8.100 5.725e-02 1.471e-02 6.944e-03 10 false he4+s32-->ar36 ar36-->he4+s32 1.551e+06 1.386e+06 1.656e+05

8.313e-09 -8.080 5.750e-02 1.487e-02 6.886e-03  9  true he4+si28-->s32 s32-->he4+si28 1.587e+07 1.557e+07 2.942e+05
8.313e-09 -8.080 5.750e-02 1.487e-02 6.886e-03 10 false he4+s32-->ar36 ar36-->he4+s32 1.568e+06 1.412e+06 1.562e+05

8.318e-09 -8.080 5.657e-02 1.449e-02 6.977e-03  9  true he4+si28-->s32 s32-->he4+si28 1.544e+07 1.565e+07 -2.047e+05
8.318e-09 -8.080 5.657e-02 1.449e-02 6.977e-03 10 false he4+s32-->ar36 ar36-->he4+s32 1.557e+06 1.417e+06 1.393e+05

8.710e-09 -8.060 5.688e-02 1.469e-02 6.871e-03  9  true he4+si28-->s32 s32-->he4+si28 1.552e+07 1.552e+07 -4.132e-08
8.710e-09 -8.060 5.688e-02 1.469e-02 6.871e-03 10 false he4+s32-->ar36 ar36-->he4+s32 1.545e+06 1.417e+06 1.280e+05

9.114e-09 -8.040 5.699e-02 1.472e-02 6.910e-03  9  true he4+si28-->s32 s32-->he4+si28 1.560e+07 1.561e+07 -8.885e+03
9.114e-09 -8.040 5.699e-02 1.472e-02 6.910e-03 10 false he4+s32-->ar36 ar36-->he4+s32 1.558e+06 1.435e+06 1.230e+05

9.120e-09 -8.040 5.688e-02 1.463e-02 6.993e-03  9  true he4+si28-->s32 s32-->he4+si28 1.568e+07 1.568e+07 -6.435e+03
9.120e-09 -8.040 5.688e-02 1.463e-02 6.993e-03 10 false he4+s32-->ar36 ar36-->he4+s32 1.569e+06 1.451e+06 1.172e+05

9.549e-09 -8.020 5.711e-02 1.476e-02 6.942e-03  9  true he4+si28-->s32 s32-->he4+si28 1.568e+07 1.568e+07 0.000e+00
9.549e-09 -8.020 5.711e-02 1.476e-02 6.942e-03 10 false he4+s32-->ar36 ar36-->he4+s32 1.568e+06 1.452e+06 1.168e+05

9.550e-09 -8.020 5.700e-02 1.467e-02 7.025e-03  9  true he4+si28-->s32 s32-->he4+si28 1.575e+07 1.575e+07 -7.041e+03
9.550e-09 -8.020 5.700e-02 1.467e-02 7.025e-03 10 false he4+s32-->ar36 ar36-->he4+s32 1.579e+06 1.468e+06 1.112e+05

1.000e-08 -8.000 5.721e-02 1.478e-02 6.973e-03  9  true he4+si28-->s32 s32-->he4+si28 1.575e+07 1.575e+07 1.653e-08
1.000e-08 -8.000 5.721e-02 1.478e-02 6.973e-03 10 false he4+s32-->ar36 ar36-->he4+s32 1.579e+06 1.468e+06 1.108e+05

1.047e-08 -7.980 5.731e-02 1.480e-02 7.004e-03  9  true he4+si28-->s32 s32-->he4+si28 1.581e+07 1.582e+07 -6.782e+03
1.047e-08 -7.980 5.731e-02 1.480e-02 7.004e-03 10 false he4+s32-->ar36 ar36-->he4+s32 1.588e+06 1.483e+06 1.051e+05

1.047e-08 -7.980 5.719e-02 1.472e-02 7.076e-03  9  true he4+si28-->s32 s32-->he4+si28 1.586e+07 1.587e+07 -1.091e+04
1.047e-08 -7.980 5.719e-02 1.472e-02 7.076e-03 10 false he4+s32-->ar36 ar36-->he4+s32 1.596e+06 1.498e+06 9.841e+04

1.096e-08 -7.960 5.738e-02 1.483e-02 7.025e-03  9  true he4+si28-->s32 s32-->he4+si28 1.586e+07 1.586e+07 1.653e-08
1.096e-08 -7.960 5.738e-02 1.483e-02 7.025e-03 10 false he4+s32-->ar36 ar36-->he4+s32 1.595e+06 1.498e+06 9.779e+04

1.148e-08 -7.940 5.745e-02 1.484e-02 7.052e-03  9  true he4+si28-->s32 s32-->he4+si28 1.591e+07 1.592e+07 -7.421e+03
1.148e-08 -7.940 5.745e-02 1.484e-02 7.052e-03 10 false he4+s32-->ar36 ar36-->he4+s32 1.604e+06 1.511e+06 9.272e+04

1.148e-08 -7.940 5.735e-02 1.477e-02 7.117e-03  9  true he4+si28-->s32 s32-->he4+si28 1.595e+07 1.596e+07 -9.965e+03
1.148e-08 -7.940 5.735e-02 1.477e-02 7.117e-03 10 false he4+s32-->ar36 ar36-->he4+s32 1.610e+06 1.523e+06 8.658e+04

1.202e-08 -7.920 5.751e-02 1.487e-02 7.069e-03  9  true he4+si28-->s32 s32-->he4+si28 1.596e+07 1.596e+07 -1.377e-08
1.202e-08 -7.920 5.751e-02 1.487e-02 7.069e-03 10 false he4+s32-->ar36 ar36-->he4+s32 1.609e+06 1.523e+06 8.599e+04

1.258e-08 -7.900 5.757e-02 1.487e-02 7.091e-03  9  true he4+si28-->s32 s32-->he4+si28 1.600e+07 1.600e+07 -7.041e+03
1.258e-08 -7.900 5.757e-02 1.487e-02 7.091e-03 10 false he4+s32-->ar36 ar36-->he4+s32 1.616e+06 1.534e+06 8.133e+04

1.259e-08 -7.900 5.748e-02 1.480e-02 7.149e-03  9  true he4+si28-->s32 s32-->he4+si28 1.603e+07 1.603e+07 -8.754e+03
1.259e-08 -7.900 5.748e-02 1.480e-02 7.149e-03 10 false he4+s32-->ar36 ar36-->he4+s32 1.621e+06 1.545e+06 7.577e+04

1.318e-08 -7.880 5.763e-02 1.488e-02 7.103e-03  9  true he4+si28-->s32 s32-->he4+si28 1.603e+07 1.603e+07 1.102e-08
1.318e-08 -7.880 5.763e-02 1.488e-02 7.103e-03 10 false he4+s32-->ar36 ar36-->he4+s32 1.620e+06 1.545e+06 7.524e+04

1.379e-08 -7.860 5.768e-02 1.488e-02 7.121e-03  9  true he4+si28-->s32 s32-->he4+si28 1.606e+07 1.607e+07 -6.374e+03
1.379e-08 -7.860 5.768e-02 1.488e-02 7.121e-03 10 false he4+s32-->ar36 ar36-->he4+s32 1.626e+06 1.555e+06 7.096e+04

1.380e-08 -7.860 5.760e-02 1.482e-02 7.173e-03  9  true he4+si28-->s32 s32-->he4+si28 1.608e+07 1.609e+07 -7.540e+03
1.380e-08 -7.860 5.760e-02 1.482e-02 7.173e-03 10 false he4+s32-->ar36 ar36-->he4+s32 1.629e+06 1.563e+06 6.593e+04

1.445e-08 -7.840 5.773e-02 1.489e-02 7.129e-03  9  true he4+si28-->s32 s32-->he4+si28 1.608e+07 1.608e+07 3.306e-08
1.445e-08 -7.840 5.773e-02 1.489e-02 7.129e-03 10 false he4+s32-->ar36 ar36-->he4+s32 1.629e+06 1.564e+06 6.547e+04

1.445e-08 -7.840 5.765e-02 1.483e-02 7.184e-03  9  true he4+si28-->s32 s32-->he4+si28 1.611e+07 1.611e+07 -5.487e+03
1.445e-08 -7.840 5.765e-02 1.483e-02 7.184e-03 10 false he4+s32-->ar36 ar36-->he4+s32 1.633e+06 1.572e+06 6.156e+04

1.514e-08 -7.820 5.778e-02 1.489e-02 7.141e-03  9  true he4+si28-->s32 s32-->he4+si28 1.611e+07 1.611e+07 -3.030e-08
1.514e-08 -7.820 5.778e-02 1.489e-02 7.141e-03 10 false he4+s32-->ar36 ar36-->he4+s32 1.633e+06 1.572e+06 6.125e+04

1.584e-08 -7.800 5.782e-02 1.488e-02 7.151e-03  9  true he4+si28-->s32 s32-->he4+si28 1.612e+07 1.613e+07 -5.092e+03
1.584e-08 -7.800 5.782e-02 1.488e-02 7.151e-03 10 false he4+s32-->ar36 ar36-->he4+s32 1.637e+06 1.579e+06 5.726e+04

1.585e-08 -7.800 5.775e-02 1.483e-02 7.197e-03  9  true he4+si28-->s32 s32-->he4+si28 1.613e+07 1.614e+07 -5.818e+03
1.585e-08 -7.800 5.775e-02 1.483e-02 7.197e-03 10 false he4+s32-->ar36 ar36-->he4+s32 1.639e+06 1.586e+06 5.284e+04

1.660e-08 -7.780 5.786e-02 1.488e-02 7.156e-03  9  true he4+si28-->s32 s32-->he4+si28 1.614e+07 1.614e+07 -8.264e-09
1.660e-08 -7.780 5.786e-02 1.488e-02 7.156e-03 10 false he4+s32-->ar36 ar36-->he4+s32 1.639e+06 1.586e+06 5.250e+04

1.737e-08 -7.760 5.791e-02 1.487e-02 7.164e-03  9  true he4+si28-->s32 s32-->he4+si28 1.615e+07 1.615e+07 -4.709e+03
1.737e-08 -7.760 5.791e-02 1.487e-02 7.164e-03 10 false he4+s32-->ar36 ar36-->he4+s32 1.642e+06 1.593e+06 4.913e+04

1.738e-08 -7.760 5.785e-02 1.482e-02 7.205e-03  9  true he4+si28-->s32 s32-->he4+si28 1.615e+07 1.616e+07 -4.784e+03
1.738e-08 -7.760 5.785e-02 1.482e-02 7.205e-03 10 false he4+s32-->ar36 ar36-->he4+s32 1.644e+06 1.598e+06 4.524e+04

1.820e-08 -7.740 5.795e-02 1.486e-02 7.167e-03  9  true he4+si28-->s32 s32-->he4+si28 1.616e+07 1.616e+07 2.479e-08
1.820e-08 -7.740 5.795e-02 1.486e-02 7.167e-03 10 false he4+s32-->ar36 ar36-->he4+s32 1.643e+06 1.598e+06 4.495e+04

1.904e-08 -7.720 5.799e-02 1.485e-02 7.173e-03  9  true he4+si28-->s32 s32-->he4+si28 1.616e+07 1.617e+07 -3.669e+03
1.904e-08 -7.720 5.799e-02 1.485e-02 7.173e-03 10 false he4+s32-->ar36 ar36-->he4+s32 1.646e+06 1.604e+06 4.194e+04

1.905e-08 -7.720 5.794e-02 1.481e-02 7.209e-03  9  true he4+si28-->s32 s32-->he4+si28 1.616e+07 1.617e+07 -3.686e+03
1.905e-08 -7.720 5.794e-02 1.481e-02 7.209e-03 10 false he4+s32-->ar36 ar36-->he4+s32 1.647e+06 1.609e+06 3.850e+04

1.995e-08 -7.700 5.803e-02 1.484e-02 7.174e-03  9  true he4+si28-->s32 s32-->he4+si28 1.617e+07 1.617e+07 1.928e-08
1.995e-08 -7.700 5.803e-02 1.484e-02 7.174e-03 10 false he4+s32-->ar36 ar36-->he4+s32 1.647e+06 1.609e+06 3.826e+04

1.995e-08 -7.700 5.798e-02 1.480e-02 7.211e-03  9  true he4+si28-->s32 s32-->he4+si28 1.617e+07 1.617e+07 -2.695e+03
1.995e-08 -7.700 5.798e-02 1.480e-02 7.211e-03 10 false he4+s32-->ar36 ar36-->he4+s32 1.649e+06 1.613e+06 3.556e+04

2.089e-08 -7.680 5.807e-02 1.483e-02 7.177e-03  9  true he4+si28-->s32 s32-->he4+si28 1.617e+07 1.617e+07 0.000e+00
2.089e-08 -7.680 5.807e-02 1.483e-02 7.177e-03 10 false he4+s32-->ar36 ar36-->he4+s32 1.649e+06 1.613e+06 3.541e+04

2.187e-08 -7.660 5.812e-02 1.481e-02 7.179e-03  9  true he4+si28-->s32 s32-->he4+si28 1.617e+07 1.617e+07 -2.286e+03
2.187e-08 -7.660 5.812e-02 1.481e-02 7.179e-03 10 false he4+s32-->ar36 ar36-->he4+s32 1.650e+06 1.618e+06 3.266e+04

2.188e-08 -7.660 5.808e-02 1.478e-02 7.210e-03  9  true he4+si28-->s32 s32-->he4+si28 1.617e+07 1.617e+07 -2.293e+03
2.188e-08 -7.660 5.808e-02 1.478e-02 7.210e-03 10 false he4+s32-->ar36 ar36-->he4+s32 1.651e+06 1.622e+06 2.982e+04

2.291e-08 -7.640 5.816e-02 1.480e-02 7.179e-03  9  true he4+si28-->s32 s32-->he4+si28 1.617e+07 1.617e+07 -8.264e-09
2.291e-08 -7.640 5.816e-02 1.480e-02 7.179e-03 10 false he4+s32-->ar36 ar36-->he4+s32 1.651e+06 1.622e+06 2.968e+04

2.398e-08 -7.620 5.821e-02 1.478e-02 7.181e-03  9  true he4+si28-->s32 s32-->he4+si28 1.617e+07 1.617e+07 -1.709e+03
2.398e-08 -7.620 5.821e-02 1.478e-02 7.181e-03 10 false he4+s32-->ar36 ar36-->he4+s32 1.653e+06 1.625e+06 2.748e+04

2.399e-08 -7.620 5.818e-02 1.475e-02 7.209e-03  9  true he4+si28-->s32 s32-->he4+si28 1.617e+07 1.617e+07 -1.501e+03
2.399e-08 -7.620 5.818e-02 1.475e-02 7.209e-03 10 false he4+s32-->ar36 ar36-->he4+s32 1.654e+06 1.629e+06 2.506e+04

2.512e-08 -7.600 5.827e-02 1.476e-02 7.180e-03  9  true he4+si28-->s32 s32-->he4+si28 1.617e+07 1.617e+07 -5.509e-09
2.512e-08 -7.600 5.827e-02 1.476e-02 7.180e-03 10 false he4+s32-->ar36 ar36-->he4+s32 1.654e+06 1.629e+06 2.496e+04

2.629e-08 -7.580 5.836e-02 1.474e-02 7.186e-03  9  true he4+si28-->s32 s32-->he4+si28 1.617e+07 1.612e+07 5.212e+04
2.629e-08 -7.580 5.836e-02 1.474e-02 7.186e-03 10  true he4+s32-->ar36 ar36-->he4+s32 1.651e+06 1.646e+06 5.011e+03

2.630e-08 -7.580 5.832e-02 1.471e-02 7.185e-03  9  true he4+si28-->s32 s32-->he4+si28 1.617e+07 1.611e+07 5.526e+04
2.630e-08 -7.580 5.832e-02 1.471e-02 7.185e-03 10  true he4+s32-->ar36 ar36-->he4+s32 1.653e+06 1.647e+06 5.680e+03

2.754e-08 -7.560 5.843e-02 1.471e-02 7.191e-03  9  true he4+si28-->s32 s32-->he4+si28 1.615e+07 1.613e+07 2.671e+04
2.754e-08 -7.560 5.843e-02 1.471e-02 7.191e-03 10  true he4+s32-->ar36 ar36-->he4+s32 1.654e+06 1.651e+06 2.460e+03

2.882e-08 -7.540 5.851e-02 1.469e-02 7.185e-03  9  true he4+si28-->s32 s32-->he4+si28 1.616e+07 1.611e+07 5.059e+04
2.882e-08 -7.540 5.851e-02 1.469e-02 7.185e-03 10  true he4+s32-->ar36 ar36-->he4+s32 1.655e+06 1.650e+06 4.262e+03

2.884e-08 -7.540 5.847e-02 1.468e-02 7.182e-03  9  true he4+si28-->s32 s32-->he4+si28 1.617e+07 1.611e+07 6.031e+04
2.884e-08 -7.540 5.847e-02 1.468e-02 7.182e-03 10  true he4+s32-->ar36 ar36-->he4+s32 1.656e+06 1.651e+06 4.950e+03

3.020e-08 -7.520 5.857e-02 1.467e-02 7.187e-03  9  true he4+si28-->s32 s32-->he4+si28 1.615e+07 1.612e+07 3.452e+04
3.020e-08 -7.520 5.857e-02 1.467e-02 7.187e-03 10  true he4+s32-->ar36 ar36-->he4+s32 1.657e+06 1.655e+06 2.264e+03

3.020e-08 -7.520 5.854e-02 1.465e-02 7.183e-03  9  true he4+si28-->s32 s32-->he4+si28 1.616e+07 1.611e+07 4.880e+04
3.020e-08 -7.520 5.854e-02 1.465e-02 7.183e-03 10  true he4+s32-->ar36 ar36-->he4+s32 1.658e+06 1.654e+06 4.257e+03

3.162e-08 -7.500 5.864e-02 1.464e-02 7.187e-03  9  true he4+si28-->s32 s32-->he4+si28 1.615e+07 1.612e+07 2.780e+04
3.162e-08 -7.500 5.864e-02 1.464e-02 7.187e-03 10  true he4+s32-->ar36 ar36-->he4+s32 1.659e+06 1.657e+06 1.830e+03

3.311e-08 -7.480 5.873e-02 1.463e-02 7.183e-03  9  true he4+si28-->s32 s32-->he4+si28 1.615e+07 1.611e+07 4.368e+04
3.311e-08 -7.480 5.873e-02 1.463e-02 7.183e-03 10  true he4+s32-->ar36 ar36-->he4+s32 1.660e+06 1.657e+06 3.956e+03

3.311e-08 -7.480 5.870e-02 1.461e-02 7.181e-03  9  true he4+si28-->s32 s32-->he4+si28 1.615e+07 1.610e+07 5.097e+04
3.311e-08 -7.480 5.870e-02 1.461e-02 7.181e-03 10  true he4+s32-->ar36 ar36-->he4+s32 1.662e+06 1.658e+06 4.494e+03

3.467e-08 -7.460 5.880e-02 1.460e-02 7.185e-03  9  true he4+si28-->s32 s32-->he4+si28 1.614e+07 1.611e+07 2.912e+04
3.467e-08 -7.460 5.880e-02 1.460e-02 7.185e-03 10  true he4+s32-->ar36 ar36-->he4+s32 1.663e+06 1.661e+06 1.928e+03

3.630e-08 -7.440 5.889e-02 1.458e-02 7.182e-03  9  true he4+si28-->s32 s32-->he4+si28 1.615e+07 1.611e+07 4.115e+04
3.630e-08 -7.440 5.889e-02 1.458e-02 7.182e-03 10  true he4+s32-->ar36 ar36-->he4+s32 1.665e+06 1.661e+06 3.872e+03

3.631e-08 -7.440 5.886e-02 1.456e-02 7.179e-03  9  true he4+si28-->s32 s32-->he4+si28 1.615e+07 1.610e+07 4.696e+04
3.631e-08 -7.440 5.886e-02 1.456e-02 7.179e-03 10  true he4+s32-->ar36 ar36-->he4+s32 1.667e+06 1.662e+06 4.311e+03

3.802e-08 -7.420 5.898e-02 1.455e-02 7.183e-03  9  true he4+si28-->s32 s32-->he4+si28 1.614e+07 1.611e+07 2.726e+04
3.802e-08 -7.420 5.898e-02 1.455e-02 7.183e-03 10  true he4+s32-->ar36 ar36-->he4+s32 1.667e+06 1.665e+06 1.833e+03

3.979e-08 -7.400 5.907e-02 1.453e-02 7.179e-03  9  true he4+si28-->s32 s32-->he4+si28 1.613e+07 1.610e+07 3.512e+04
3.979e-08 -7.400 5.907e-02 1.453e-02 7.179e-03 10  true he4+s32-->ar36 ar36-->he4+s32 1.669e+06 1.665e+06 3.432e+03

3.981e-08 -7.400 5.903e-02 1.450e-02 7.175e-03  9  true he4+si28-->s32 s32-->he4+si28 1.613e+07 1.609e+07 3.766e+04
3.981e-08 -7.400 5.903e-02 1.450e-02 7.175e-03 10  true he4+s32-->ar36 ar36-->he4+s32 1.670e+06 1.667e+06 3.567e+03

4.169e-08 -7.380 5.916e-02 1.450e-02 7.178e-03  9  true he4+si28-->s32 s32-->he4+si28 1.612e+07 1.610e+07 2.197e+04
4.169e-08 -7.380 5.916e-02 1.450e-02 7.178e-03 10  true he4+s32-->ar36 ar36-->he4+s32 1.671e+06 1.669e+06 1.496e+03

4.362e-08 -7.360 5.926e-02 1.447e-02 7.175e-03  9  true he4+si28-->s32 s32-->he4+si28 1.612e+07 1.609e+07 2.990e+04
4.362e-08 -7.360 5.926e-02 1.447e-02 7.175e-03 10  true he4+s32-->ar36 ar36-->he4+s32 1.673e+06 1.670e+06 3.075e+03

4.365e-08 -7.360 5.922e-02 1.445e-02 7.173e-03  9  true he4+si28-->s32 s32-->he4+si28 1.612e+07 1.609e+07 3.261e+04
4.365e-08 -7.360 5.922e-02 1.445e-02 7.173e-03 10  true he4+s32-->ar36 ar36-->he4+s32 1.675e+06 1.672e+06 3.223e+03

4.565e-08 -7.341 5.936e-02 1.444e-02 7.175e-03  9  true he4+si28-->s32 s32-->he4+si28 1.611e+07 1.609e+07 1.927e+04
4.565e-08 -7.341 5.936e-02 1.444e-02 7.175e-03 10  true he4+s32-->ar36 ar36-->he4+s32 1.676e+06 1.674e+06 1.333e+03

4.571e-08 -7.340 5.933e-02 1.442e-02 7.173e-03  9  true he4+si28-->s32 s32-->he4+si28 1.611e+07 1.609e+07 2.596e+04
4.571e-08 -7.340 5.933e-02 1.442e-02 7.173e-03 10  true he4+s32-->ar36 ar36-->he4+s32 1.678e+06 1.675e+06 2.807e+03

4.776e-08 -7.321 5.947e-02 1.441e-02 7.175e-03  9  true he4+si28-->s32 s32-->he4+si28 1.611e+07 1.609e+07 1.573e+04
4.776e-08 -7.321 5.947e-02 1.441e-02 7.175e-03 10  true he4+s32-->ar36 ar36-->he4+s32 1.679e+06 1.677e+06 1.122e+03

4.786e-08 -7.320 5.944e-02 1.439e-02 7.173e-03  9  true he4+si28-->s32 s32-->he4+si28 1.611e+07 1.609e+07 2.262e+04
4.786e-08 -7.320 5.944e-02 1.439e-02 7.173e-03 10  true he4+s32-->ar36 ar36-->he4+s32 1.681e+06 1.679e+06 2.552e+03

4.998e-08 -7.301 5.958e-02 1.438e-02 7.174e-03  9  true he4+si28-->s32 s32-->he4+si28 1.610e+07 1.609e+07 1.401e+04
4.998e-08 -7.301 5.958e-02 1.438e-02 7.174e-03 10  true he4+s32-->ar36 ar36-->he4+s32 1.682e+06 1.680e+06 1.029e+03

5.012e-08 -7.300 5.956e-02 1.436e-02 7.173e-03  9  true he4+si28-->s32 s32-->he4+si28 1.611e+07 1.609e+07 2.116e+04
5.012e-08 -7.300 5.956e-02 1.436e-02 7.173e-03 10  true he4+s32-->ar36 ar36-->he4+s32 1.684e+06 1.682e+06 2.493e+03

5.236e-08 -7.281 5.970e-02 1.435e-02 7.174e-03  9  true he4+si28-->s32 s32-->he4+si28 1.610e+07 1.609e+07 1.340e+04
5.236e-08 -7.281 5.970e-02 1.435e-02 7.174e-03 10  true he4+s32-->ar36 ar36-->he4+s32 1.685e+06 1.684e+06 1.011e+03

5.248e-08 -7.280 5.969e-02 1.433e-02 7.173e-03  9  true he4+si28-->s32 s32-->he4+si28 1.611e+07 1.609e+07 2.256e+04
5.248e-08 -7.280 5.969e-02 1.433e-02 7.173e-03 10  true he4+s32-->ar36 ar36-->he4+s32 1.688e+06 1.676e+06 1.193e+04

5.479e-08 -7.261 5.984e-02 1.432e-02 7.171e-03  9  true he4+si28-->s32 s32-->he4+si28 1.610e+07 1.608e+07 2.335e+04
5.479e-08 -7.261 5.984e-02 1.432e-02 7.171e-03 10  true he4+s32-->ar36 ar36-->he4+s32 1.688e+06 1.678e+06 1.004e+04

5.495e-08 -7.260 5.983e-02 1.430e-02 7.171e-03  9  true he4+si28-->s32 s32-->he4+si28 1.611e+07 1.608e+07 3.189e+04
5.495e-08 -7.260 5.983e-02 1.430e-02 7.171e-03 10  true he4+s32-->ar36 ar36-->he4+s32 1.692e+06 1.679e+06 1.224e+04

5.734e-08 -7.242 5.999e-02 1.429e-02 7.169e-03  9  true he4+si28-->s32 s32-->he4+si28 1.611e+07 1.608e+07 2.880e+04
5.734e-08 -7.242 5.999e-02 1.429e-02 7.169e-03 10  true he4+s32-->ar36 ar36-->he4+s32 1.691e+06 1.681e+06 9.941e+03

5.754e-08 -7.240 5.998e-02 1.426e-02 7.170e-03  9  true he4+si28-->s32 s32-->he4+si28 1.611e+07 1.608e+07 3.462e+04
5.754e-08 -7.240 5.998e-02 1.426e-02 7.170e-03 10  true he4+s32-->ar36 ar36-->he4+s32 1.695e+06 1.683e+06 1.215e+04

6.007e-08 -7.221 6.014e-02 1.426e-02 7.169e-03  9  true he4+si28-->s32 s32-->he4+si28 1.611e+07 1.608e+07 3.031e+04
6.007e-08 -7.221 6.014e-02 1.426e-02 7.169e-03 10  true he4+s32-->ar36 ar36-->he4+s32 1.695e+06 1.685e+06 9.918e+03

6.026e-08 -7.220 6.013e-02 1.423e-02 7.170e-03  9  true he4+si28-->s32 s32-->he4+si28 1.611e+07 1.608e+07 3.546e+04
6.026e-08 -7.220 6.013e-02 1.423e-02 7.170e-03 10  true he4+s32-->ar36 ar36-->he4+s32 1.700e+06 1.687e+06 1.231e+04

6.286e-08 -7.202 6.030e-02 1.422e-02 7.169e-03  9  true he4+si28-->s32 s32-->he4+si28 1.611e+07 1.608e+07 3.077e+04
6.286e-08 -7.202 6.030e-02 1.422e-02 7.169e-03 10  true he4+s32-->ar36 ar36-->he4+s32 1.700e+06 1.690e+06 9.980e+03

6.310e-08 -7.200 6.029e-02 1.419e-02 7.170e-03  9  true he4+si28-->s32 s32-->he4+si28 1.611e+07 1.608e+07 3.584e+04
6.310e-08 -7.200 6.029e-02 1.419e-02 7.170e-03 10  true he4+s32-->ar36 ar36-->he4+s32 1.704e+06 1.692e+06 1.245e+04

6.578e-08 -7.182 6.046e-02 1.418e-02 7.169e-03  9  true he4+si28-->s32 s32-->he4+si28 1.611e+07 1.608e+07 3.127e+04
6.578e-08 -7.182 6.046e-02 1.418e-02 7.169e-03 10  true he4+s32-->ar36 ar36-->he4+s32 1.704e+06 1.694e+06 1.017e+04

6.607e-08 -7.180 6.045e-02 1.415e-02 7.170e-03  9  true he4+si28-->s32 s32-->he4+si28 1.612e+07 1.608e+07 3.615e+04
6.607e-08 -7.180 6.045e-02 1.415e-02 7.170e-03 10  true he4+s32-->ar36 ar36-->he4+s32 1.709e+06 1.696e+06 1.267e+04

6.883e-08 -7.162 6.063e-02 1.414e-02 7.168e-03  9  true he4+si28-->s32 s32-->he4+si28 1.611e+07 1.608e+07 3.182e+04
6.883e-08 -7.162 6.063e-02 1.414e-02 7.168e-03 10  true he4+s32-->ar36 ar36-->he4+s32 1.709e+06 1.698e+06 1.043e+04

6.918e-08 -7.160 6.062e-02 1.411e-02 7.169e-03  9  true he4+si28-->s32 s32-->he4+si28 1.612e+07 1.608e+07 3.671e+04
6.918e-08 -7.160 6.062e-02 1.411e-02 7.169e-03 10  true he4+s32-->ar36 ar36-->he4+s32 1.713e+06 1.700e+06 1.297e+04

7.203e-08 -7.143 6.080e-02 1.411e-02 7.168e-03  9  true he4+si28-->s32 s32-->he4+si28 1.611e+07 1.608e+07 3.257e+04
7.203e-08 -7.143 6.080e-02 1.411e-02 7.168e-03 10  true he4+s32-->ar36 ar36-->he4+s32 1.714e+06 1.703e+06 1.075e+04

7.244e-08 -7.140 6.080e-02 1.407e-02 7.169e-03  9  true he4+si28-->s32 s32-->he4+si28 1.612e+07 1.608e+07 3.735e+04
7.244e-08 -7.140 6.080e-02 1.407e-02 7.169e-03 10  true he4+s32-->ar36 ar36-->he4+s32 1.718e+06 1.705e+06 1.330e+04

7.537e-08 -7.123 6.098e-02 1.406e-02 7.168e-03  9  true he4+si28-->s32 s32-->he4+si28 1.611e+07 1.608e+07 3.340e+04
7.537e-08 -7.123 6.098e-02 1.406e-02 7.168e-03 10  true he4+s32-->ar36 ar36-->he4+s32 1.718e+06 1.707e+06 1.111e+04

7.586e-08 -7.120 6.098e-02 1.403e-02 7.169e-03  9  true he4+si28-->s32 s32-->he4+si28 1.612e+07 1.608e+07 3.814e+04
7.586e-08 -7.120 6.098e-02 1.403e-02 7.169e-03 10  true he4+s32-->ar36 ar36-->he4+s32 1.723e+06 1.710e+06 1.368e+04

7.887e-08 -7.103 6.117e-02 1.402e-02 7.168e-03  9  true he4+si28-->s32 s32-->he4+si28 1.611e+07 1.607e+07 3.435e+04
7.887e-08 -7.103 6.117e-02 1.402e-02 7.168e-03 10  true he4+s32-->ar36 ar36-->he4+s32 1.724e+06 1.712e+06 1.151e+04

7.943e-08 -7.100 6.117e-02 1.399e-02 7.169e-03  9  true he4+si28-->s32 s32-->he4+si28 1.612e+07 1.608e+07 3.899e+04
7.943e-08 -7.100 6.117e-02 1.399e-02 7.169e-03 10  true he4+s32-->ar36 ar36-->he4+s32 1.728e+06 1.714e+06 1.408e+04

8.254e-08 -7.083 6.136e-02 1.398e-02 7.167e-03  9  true he4+si28-->s32 s32-->he4+si28 1.611e+07 1.607e+07 3.537e+04
8.254e-08 -7.083 6.136e-02 1.398e-02 7.167e-03 10  true he4+s32-->ar36 ar36-->he4+s32 1.729e+06 1.717e+06 1.193e+04

8.318e-08 -7.080 6.137e-02 1.395e-02 7.168e-03  9  true he4+si28-->s32 s32-->he4+si28 1.612e+07 1.608e+07 3.992e+04
8.318e-08 -7.080 6.137e-02 1.395e-02 7.168e-03 10  true he4+s32-->ar36 ar36-->he4+s32 1.734e+06 1.719e+06 1.451e+04

8.638e-08 -7.064 6.156e-02 1.393e-02 7.167e-03  9  true he4+si28-->s32 s32-->he4+si28 1.611e+07 1.607e+07 3.645e+04
8.638e-08 -7.064 6.156e-02 1.393e-02 7.167e-03 10  true he4+s32-->ar36 ar36-->he4+s32 1.734e+06 1.722e+06 1.238e+04

8.710e-08 -7.060 6.157e-02 1.390e-02 7.168e-03  9  true he4+si28-->s32 s32-->he4+si28 1.612e+07 1.607e+07 4.089e+04
8.710e-08 -7.060 6.157e-02 1.390e-02 7.168e-03 10  true he4+s32-->ar36 ar36-->he4+s32 1.739e+06 1.724e+06 1.496e+04

9.039e-08 -7.044 6.177e-02 1.389e-02 7.166e-03  9  true he4+si28-->s32 s32-->he4+si28 1.611e+07 1.607e+07 3.758e+04
9.039e-08 -7.044 6.177e-02 1.389e-02 7.166e-03 10  true he4+s32-->ar36 ar36-->he4+s32 1.740e+06 1.727e+06 1.286e+04

9.120e-08 -7.040 6.179e-02 1.385e-02 7.167e-03  9  true he4+si28-->s32 s32-->he4+si28 1.611e+07 1.607e+07 4.191e+04
9.120e-08 -7.040 6.179e-02 1.385e-02 7.167e-03 10  true he4+s32-->ar36 ar36-->he4+s32 1.745e+06 1.729e+06 1.542e+04

9.460e-08 -7.024 6.198e-02 1.384e-02 7.165e-03  9  true he4+si28-->s32 s32-->he4+si28 1.611e+07 1.607e+07 3.875e+04
9.460e-08 -7.024 6.198e-02 1.384e-02 7.165e-03 10  true he4+s32-->ar36 ar36-->he4+s32 1.746e+06 1.732e+06 1.335e+04

9.550e-08 -7.020 6.200e-02 1.381e-02 7.166e-03  9  true he4+si28-->s32 s32-->he4+si28 1.611e+07 1.607e+07 4.296e+04
9.550e-08 -7.020 6.200e-02 1.381e-02 7.166e-03 10  true he4+s32-->ar36 ar36-->he4+s32 1.751e+06 1.735e+06 1.590e+04

9.900e-08 -7.004 6.220e-02 1.379e-02 7.164e-03  9  true he4+si28-->s32 s32-->he4+si28 1.611e+07 1.607e+07 3.995e+04
9.900e-08 -7.004 6.220e-02 1.379e-02 7.164e-03 10  true he4+s32-->ar36 ar36-->he4+s32 1.751e+06 1.738e+06 1.386e+04

1.000e-07 -7.000 6.223e-02 1.376e-02 7.165e-03  9  true he4+si28-->s32 s32-->he4+si28 1.611e+07 1.607e+07 4.403e+04
1.000e-07 -7.000 6.223e-02 1.376e-02 7.165e-03 10  true he4+s32-->ar36 ar36-->he4+s32 1.757e+06 1.740e+06 1.640e+04
