#  time          T          rho
1.0000e-25  1.7000e+09  1.0000e+09
1.0000e-16  1.7000e+09  1.0000e+09
1.1000e-15  1.7000e+09  1.0000e+09
1.1100e-14  1.7000e+09  1.0000e+09
1.1100e-13  1.7000e+09  1.0000e+09
1.1100e-12  1.7000e+09  1.0000e+09
1.1100e-11  1.7000e+09  1.0000e+09
6.1300e-11  1.7000e+09  1.0000e+09
4.9300e-10  1.7000e+09  1.0000e+09
1.2400e-09  1.7000e+09  1.0000e+09
1.9400e-09  1.7000e+09  1.0000e+09
3.5700e-09  1.7000e+09  1.0000e+09
5.5700e-09  1.7000e+09  1.0000e+09
1.2400e-08  1.7000e+09  1.0000e+09
1.7500e-08  1.7000e+09  1.0000e+09
3.3500e-08  1.7000e+09  1.0000e+09
7.6100e-08  1.7000e+09  1.0000e+09
1.9300e-07  1.7100e+09  1.0000e+09
4.4300e-07  1.7200e+09  1.0000e+09
1.2600e-06  1.7800e+09  1.0000e+09
1.5200e-06  1.8200e+09  1.0000e+09
1.6700e-06  1.8400e+09  1.0000e+09
1.8100e-06  1.8700e+09  1.0000e+09
1.9700e-06  1.9300e+09  1.0000e+09
2.0600e-06  1.9800e+09  1.0000e+09
2.0700e-06  1.9900e+09  1.0000e+09
2.0800e-06  2.0000e+09  1.0000e+09
2.0900e-06  2.0100e+09  1.0000e+09
2.1100e-06  2.0300e+09  1.0000e+09
2.1500e-06  2.0900e+09  1.0000e+09
2.1900e-06  2.2100e+09  1.0000e+09
2.2000e-06  2.2400e+09  1.0000e+09
2.2100e-06  2.4000e+09  1.0000e+09
2.2210e-06  2.5600e+09  1.0000e+09
2.2220e-06  2.8000e+09  1.0000e+09
2.2230e-06  2.9900e+09  1.0000e+09
2.2240e-06  3.0000e+09  1.0000e+09
2.2250e-06  3.0100e+09  1.0000e+09
2.2260e-06  3.5900e+09  1.0000e+09
2.2270e-06  4.6600e+09  1.0000e+09
2.2280e-06  5.7400e+09  1.0000e+09
2.2290e-06  6.8800e+09  1.0000e+09
2.2295e-06  8.2500e+09  1.0000e+09
2.2300e-06  8.6000e+09  1.0000e+09
2.2400e-06  8.4700e+09  1.0000e+09
2.2500e-06  8.4600e+09  1.0000e+09
2.2600e-06  8.4500e+09  1.0000e+09
2.2700e-06  8.4500e+09  1.0000e+09
2.2800e-06  8.4500e+09  1.0000e+09
2.3100e-06  8.4500e+09  1.0000e+09
2.4600e-06  8.4500e+09  1.0000e+09
2.8300e-06  8.4500e+09  1.0000e+09
6.2100e-06  8.4500e+09  1.0000e+09
4.0000e-05  8.4500e+09  1.0000e+09
1.0000e-04  8.4500e+09  1.0000e+09
1.0000e-03  8.4500e+09  1.0000e+09
1.0000e+01  8.4500e+09  1.0000e+09